<?xml version="1.0" encoding="UTF-8"?>
<testsuite xmlns:xsi="http://www.w3.org/2001/XMLSchema-instance" xsi:noNamespaceSchemaLocation="https://maven.apache.org/surefire/maven-failsafe-plugin/xsd/failsafe-test-report-3.0.xsd" version="3.0" name="starter.CucumberTestSuite" time="248.903" tests="24" errors="1" skipped="0" failures="0">
  <properties>
    <property name="java.specification.version" value="17"/>
    <property name="webdriver.chrome.driver" value="C:\Users\Rev\.cache\selenium\chromedriver\win32\103.0.5060.134\chromedriver.exe"/>
    <property name="sun.cpu.isalist" value="amd64"/>
    <property name="sun.jnu.encoding" value="Cp1252"/>
    <property name="java.class.path" value="D:\capstone projek\web testing\target\test-classes;C:\Users\Rev\.m2\repository\net\serenity-bdd\serenity-core\3.2.1\serenity-core-3.2.1.jar;C:\Users\Rev\.m2\repository\net\serenity-bdd\serenity-model\3.2.1\serenity-model-3.2.1.jar;C:\Users\Rev\.m2\repository\org\apache\commons\commons-text\1.9\commons-text-1.9.jar;C:\Users\Rev\.m2\repository\commons-net\commons-net\3.8.0\commons-net-3.8.0.jar;C:\Users\Rev\.m2\repository\com\google\guava\guava\31.1-jre\guava-31.1-jre.jar;C:\Users\Rev\.m2\repository\com\google\guava\failureaccess\1.0.1\failureaccess-1.0.1.jar;C:\Users\Rev\.m2\repository\com\google\guava\listenablefuture\9999.0-empty-to-avoid-conflict-with-guava\listenablefuture-9999.0-empty-to-avoid-conflict-with-guava.jar;C:\Users\Rev\.m2\repository\com\google\code\findbugs\jsr305\3.0.2\jsr305-3.0.2.jar;C:\Users\Rev\.m2\repository\org\checkerframework\checker-qual\3.12.0\checker-qual-3.12.0.jar;C:\Users\Rev\.m2\repository\com\google\errorprone\error_prone_annotations\2.11.0\error_prone_annotations-2.11.0.jar;C:\Users\Rev\.m2\repository\com\google\j2objc\j2objc-annotations\1.3\j2objc-annotations-1.3.jar;C:\Users\Rev\.m2\repository\com\google\inject\guice\5.1.0\guice-5.1.0.jar;C:\Users\Rev\.m2\repository\javax\inject\javax.inject\1\javax.inject-1.jar;C:\Users\Rev\.m2\repository\aopalliance\aopalliance\1.0\aopalliance-1.0.jar;C:\Users\Rev\.m2\repository\org\jsoup\jsoup\1.14.3\jsoup-1.14.3.jar;C:\Users\Rev\.m2\repository\com\thoughtworks\xstream\xstream\1.4.19\xstream-1.4.19.jar;C:\Users\Rev\.m2\repository\io\github\x-stream\mxparser\1.2.2\mxparser-1.2.2.jar;C:\Users\Rev\.m2\repository\xmlpull\xmlpull\1.1.3.1\xmlpull-1.1.3.1.jar;C:\Users\Rev\.m2\repository\io\cucumber\cucumber-java\7.2.3\cucumber-java-7.2.3.jar;C:\Users\Rev\.m2\repository\com\typesafe\config\1.4.2\config-1.4.2.jar;C:\Users\Rev\.m2\repository\org\imgscalr\imgscalr-lib\4.2\imgscalr-lib-4.2.jar;C:\Users\Rev\.m2\repository\org\awaitility\awaitility\4.2.0\awaitility-4.2.0.jar;C:\Users\Rev\.m2\repository\org\freemarker\freemarker\2.3.31\freemarker-2.3.31.jar;C:\Users\Rev\.m2\repository\io\github\classgraph\classgraph\4.8.138\classgraph-4.8.138.jar;C:\Users\Rev\.m2\repository\net\sourceforge\jexcelapi\jxl\2.6.12\jxl-2.6.12.jar;C:\Users\Rev\.m2\repository\net\bytebuddy\byte-buddy\1.12.8\byte-buddy-1.12.8.jar;C:\Users\Rev\.m2\repository\net\bytebuddy\byte-buddy-agent\1.12.8\byte-buddy-agent-1.12.8.jar;C:\Users\Rev\.m2\repository\org\objenesis\objenesis\3.1\objenesis-3.1.jar;C:\Users\Rev\.m2\repository\net\serenity-bdd\serenity-reports\3.2.1\serenity-reports-3.2.1.jar;C:\Users\Rev\.m2\repository\net\serenity-bdd\serenity-stats\3.2.1\serenity-stats-3.2.1.jar;C:\Users\Rev\.m2\repository\net\serenity-bdd\serenity-reports-configuration\3.2.1\serenity-reports-configuration-3.2.1.jar;C:\Users\Rev\.m2\repository\com\vladsch\flexmark\flexmark-all\0.34.30\flexmark-all-0.34.30.jar;C:\Users\Rev\.m2\repository\com\vladsch\flexmark\flexmark\0.34.30\flexmark-0.34.30.jar;C:\Users\Rev\.m2\repository\com\vladsch\flexmark\flexmark-ext-abbreviation\0.34.30\flexmark-ext-abbreviation-0.34.30.jar;C:\Users\Rev\.m2\repository\com\vladsch\flexmark\flexmark-ext-admonition\0.34.30\flexmark-ext-admonition-0.34.30.jar;C:\Users\Rev\.m2\repository\com\vladsch\flexmark\flexmark-ext-anchorlink\0.34.30\flexmark-ext-anchorlink-0.34.30.jar;C:\Users\Rev\.m2\repository\com\vladsch\flexmark\flexmark-ext-aside\0.34.30\flexmark-ext-aside-0.34.30.jar;C:\Users\Rev\.m2\repository\com\vladsch\flexmark\flexmark-ext-attributes\0.34.30\flexmark-ext-attributes-0.34.30.jar;C:\Users\Rev\.m2\repository\com\vladsch\flexmark\flexmark-ext-autolink\0.34.30\flexmark-ext-autolink-0.34.30.jar;C:\Users\Rev\.m2\repository\org\nibor\autolink\autolink\0.6.0\autolink-0.6.0.jar;C:\Users\Rev\.m2\repository\com\vladsch\flexmark\flexmark-ext-definition\0.34.30\flexmark-ext-definition-0.34.30.jar;C:\Users\Rev\.m2\repository\com\vladsch\flexmark\flexmark-ext-emoji\0.34.30\flexmark-ext-emoji-0.34.30.jar;C:\Users\Rev\.m2\repository\com\vladsch\flexmark\flexmark-ext-enumerated-reference\0.34.30\flexmark-ext-enumerated-reference-0.34.30.jar;C:\Users\Rev\.m2\repository\com\vladsch\flexmark\flexmark-ext-escaped-character\0.34.30\flexmark-ext-escaped-character-0.34.30.jar;C:\Users\Rev\.m2\repository\com\vladsch\flexmark\flexmark-ext-footnotes\0.34.30\flexmark-ext-footnotes-0.34.30.jar;C:\Users\Rev\.m2\repository\com\vladsch\flexmark\flexmark-ext-gfm-issues\0.34.30\flexmark-ext-gfm-issues-0.34.30.jar;C:\Users\Rev\.m2\repository\com\vladsch\flexmark\flexmark-ext-gfm-strikethrough\0.34.30\flexmark-ext-gfm-strikethrough-0.34.30.jar;C:\Users\Rev\.m2\repository\com\vladsch\flexmark\flexmark-ext-gfm-tables\0.34.30\flexmark-ext-gfm-tables-0.34.30.jar;C:\Users\Rev\.m2\repository\com\vladsch\flexmark\flexmark-ext-gfm-tasklist\0.34.30\flexmark-ext-gfm-tasklist-0.34.30.jar;C:\Users\Rev\.m2\repository\com\vladsch\flexmark\flexmark-ext-gfm-users\0.34.30\flexmark-ext-gfm-users-0.34.30.jar;C:\Users\Rev\.m2\repository\com\vladsch\flexmark\flexmark-ext-gitlab\0.34.30\flexmark-ext-gitlab-0.34.30.jar;C:\Users\Rev\.m2\repository\com\vladsch\flexmark\flexmark-ext-jekyll-front-matter\0.34.30\flexmark-ext-jekyll-front-matter-0.34.30.jar;C:\Users\Rev\.m2\repository\com\vladsch\flexmark\flexmark-ext-jekyll-tag\0.34.30\flexmark-ext-jekyll-tag-0.34.30.jar;C:\Users\Rev\.m2\repository\com\vladsch\flexmark\flexmark-ext-media-tags\0.34.30\flexmark-ext-media-tags-0.34.30.jar;C:\Users\Rev\.m2\repository\com\vladsch\flexmark\flexmark-test-util\0.34.30\flexmark-test-util-0.34.30.jar;C:\Users\Rev\.m2\repository\com\vladsch\flexmark\flexmark-ext-ins\0.34.30\flexmark-ext-ins-0.34.30.jar;C:\Users\Rev\.m2\repository\com\vladsch\flexmark\flexmark-ext-xwiki-macros\0.34.30\flexmark-ext-xwiki-macros-0.34.30.jar;C:\Users\Rev\.m2\repository\com\vladsch\flexmark\flexmark-ext-superscript\0.34.30\flexmark-ext-superscript-0.34.30.jar;C:\Users\Rev\.m2\repository\com\vladsch\flexmark\flexmark-ext-tables\0.34.30\flexmark-ext-tables-0.34.30.jar;C:\Users\Rev\.m2\repository\com\vladsch\flexmark\flexmark-ext-toc\0.34.30\flexmark-ext-toc-0.34.30.jar;C:\Users\Rev\.m2\repository\com\vladsch\flexmark\flexmark-ext-typographic\0.34.30\flexmark-ext-typographic-0.34.30.jar;C:\Users\Rev\.m2\repository\com\vladsch\flexmark\flexmark-ext-wikilink\0.34.30\flexmark-ext-wikilink-0.34.30.jar;C:\Users\Rev\.m2\repository\com\vladsch\flexmark\flexmark-ext-yaml-front-matter\0.34.30\flexmark-ext-yaml-front-matter-0.34.30.jar;C:\Users\Rev\.m2\repository\com\vladsch\flexmark\flexmark-ext-youtube-embedded\0.34.30\flexmark-ext-youtube-embedded-0.34.30.jar;C:\Users\Rev\.m2\repository\com\vladsch\flexmark\flexmark-formatter\0.34.30\flexmark-formatter-0.34.30.jar;C:\Users\Rev\.m2\repository\com\vladsch\flexmark\flexmark-html-parser\0.34.30\flexmark-html-parser-0.34.30.jar;C:\Users\Rev\.m2\repository\com\vladsch\flexmark\flexmark-jira-converter\0.34.30\flexmark-jira-converter-0.34.30.jar;C:\Users\Rev\.m2\repository\com\vladsch\flexmark\flexmark-pdf-converter\0.34.30\flexmark-pdf-converter-0.34.30.jar;C:\Users\Rev\.m2\repository\com\openhtmltopdf\openhtmltopdf-core\0.0.1-RC13\openhtmltopdf-core-0.0.1-RC13.jar;C:\Users\Rev\.m2\repository\com\openhtmltopdf\openhtmltopdf-pdfbox\0.0.1-RC13\openhtmltopdf-pdfbox-0.0.1-RC13.jar;C:\Users\Rev\.m2\repository\org\apache\pdfbox\pdfbox\2.0.8\pdfbox-2.0.8.jar;C:\Users\Rev\.m2\repository\org\apache\pdfbox\fontbox\2.0.8\fontbox-2.0.8.jar;C:\Users\Rev\.m2\repository\commons-logging\commons-logging\1.2\commons-logging-1.2.jar;C:\Users\Rev\.m2\repository\org\apache\pdfbox\xmpbox\2.0.8\xmpbox-2.0.8.jar;C:\Users\Rev\.m2\repository\de\rototor\pdfbox\graphics2d\0.12\graphics2d-0.12.jar;C:\Users\Rev\.m2\repository\com\openhtmltopdf\openhtmltopdf-rtl-support\0.0.1-RC13\openhtmltopdf-rtl-support-0.0.1-RC13.jar;C:\Users\Rev\.m2\repository\com\ibm\icu\icu4j\59.1\icu4j-59.1.jar;C:\Users\Rev\.m2\repository\com\openhtmltopdf\openhtmltopdf-jsoup-dom-converter\0.0.1-RC13\openhtmltopdf-jsoup-dom-converter-0.0.1-RC13.jar;C:\Users\Rev\.m2\repository\com\vladsch\flexmark\flexmark-profile-pegdown\0.34.30\flexmark-profile-pegdown-0.34.30.jar;C:\Users\Rev\.m2\repository\com\vladsch\flexmark\flexmark-util\0.34.30\flexmark-util-0.34.30.jar;C:\Users\Rev\.m2\repository\com\vladsch\flexmark\flexmark-youtrack-converter\0.34.30\flexmark-youtrack-converter-0.34.30.jar;C:\Users\Rev\.m2\repository\es\nitaur\markdown\txtmark\0.16\txtmark-0.16.jar;C:\Users\Rev\.m2\repository\net\serenity-bdd\serenity-report-resources\3.2.1\serenity-report-resources-3.2.1.jar;C:\Users\Rev\.m2\repository\com\google\code\gson\gson\2.9.0\gson-2.9.0.jar;C:\Users\Rev\.m2\repository\com\fasterxml\jackson\core\jackson-core\2.13.2\jackson-core-2.13.2.jar;C:\Users\Rev\.m2\repository\com\fasterxml\jackson\core\jackson-databind\2.13.2\jackson-databind-2.13.2.jar;C:\Users\Rev\.m2\repository\com\fasterxml\jackson\core\jackson-annotations\2.13.2\jackson-annotations-2.13.2.jar;C:\Users\Rev\.m2\repository\commons-codec\commons-codec\1.15\commons-codec-1.15.jar;C:\Users\Rev\.m2\repository\commons-io\commons-io\2.11.0\commons-io-2.11.0.jar;C:\Users\Rev\.m2\repository\org\seleniumhq\selenium\selenium-java\4.1.2\selenium-java-4.1.2.jar;C:\Users\Rev\.m2\repository\org\seleniumhq\selenium\selenium-devtools-v85\4.1.2\selenium-devtools-v85-4.1.2.jar;C:\Users\Rev\.m2\repository\org\seleniumhq\selenium\selenium-devtools-v95\4.1.2\selenium-devtools-v95-4.1.2.jar;C:\Users\Rev\.m2\repository\org\seleniumhq\selenium\selenium-devtools-v96\4.1.2\selenium-devtools-v96-4.1.2.jar;C:\Users\Rev\.m2\repository\org\seleniumhq\selenium\selenium-devtools-v97\4.1.2\selenium-devtools-v97-4.1.2.jar;C:\Users\Rev\.m2\repository\org\seleniumhq\selenium\selenium-firefox-xpi-driver\4.1.2\selenium-firefox-xpi-driver-4.1.2.jar;C:\Users\Rev\.m2\repository\org\seleniumhq\selenium\selenium-opera-driver\4.1.2\selenium-opera-driver-4.1.2.jar;C:\Users\Rev\.m2\repository\org\seleniumhq\selenium\selenium-remote-driver\4.1.2\selenium-remote-driver-4.1.2.jar;C:\Users\Rev\.m2\repository\com\beust\jcommander\1.82\jcommander-1.82.jar;C:\Users\Rev\.m2\repository\io\netty\netty-buffer\4.1.73.Final\netty-buffer-4.1.73.Final.jar;C:\Users\Rev\.m2\repository\io\netty\netty-codec-http\4.1.73.Final\netty-codec-http-4.1.73.Final.jar;C:\Users\Rev\.m2\repository\io\netty\netty-codec\4.1.73.Final\netty-codec-4.1.73.Final.jar;C:\Users\Rev\.m2\repository\io\netty\netty-handler\4.1.73.Final\netty-handler-4.1.73.Final.jar;C:\Users\Rev\.m2\repository\io\netty\netty-tcnative-classes\2.0.46.Final\netty-tcnative-classes-2.0.46.Final.jar;C:\Users\Rev\.m2\repository\io\netty\netty-common\4.1.73.Final\netty-common-4.1.73.Final.jar;C:\Users\Rev\.m2\repository\io\netty\netty-transport-classes-epoll\4.1.73.Final\netty-transport-classes-epoll-4.1.73.Final.jar;C:\Users\Rev\.m2\repository\io\netty\netty-transport-classes-kqueue\4.1.73.Final\netty-transport-classes-kqueue-4.1.73.Final.jar;C:\Users\Rev\.m2\repository\io\netty\netty-transport-native-epoll\4.1.73.Final\netty-transport-native-epoll-4.1.73.Final.jar;C:\Users\Rev\.m2\repository\io\netty\netty-transport-native-kqueue\4.1.73.Final\netty-transport-native-kqueue-4.1.73.Final.jar;C:\Users\Rev\.m2\repository\io\netty\netty-transport-native-unix-common\4.1.73.Final\netty-transport-native-unix-common-4.1.73.Final.jar;C:\Users\Rev\.m2\repository\io\netty\netty-transport\4.1.73.Final\netty-transport-4.1.73.Final.jar;C:\Users\Rev\.m2\repository\io\netty\netty-resolver\4.1.73.Final\netty-resolver-4.1.73.Final.jar;C:\Users\Rev\.m2\repository\io\opentelemetry\opentelemetry-api\1.10.1\opentelemetry-api-1.10.1.jar;C:\Users\Rev\.m2\repository\io\opentelemetry\opentelemetry-context\1.10.1\opentelemetry-context-1.10.1.jar;C:\Users\Rev\.m2\repository\io\opentelemetry\opentelemetry-exporter-logging\1.10.1\opentelemetry-exporter-logging-1.10.1.jar;C:\Users\Rev\.m2\repository\io\opentelemetry\opentelemetry-sdk-metrics\1.10.1-alpha\opentelemetry-sdk-metrics-1.10.1-alpha.jar;C:\Users\Rev\.m2\repository\io\opentelemetry\opentelemetry-sdk-logs\1.10.1-alpha\opentelemetry-sdk-logs-1.10.1-alpha.jar;C:\Users\Rev\.m2\repository\io\opentelemetry\opentelemetry-sdk-common\1.10.1\opentelemetry-sdk-common-1.10.1.jar;C:\Users\Rev\.m2\repository\io\opentelemetry\opentelemetry-sdk-extension-autoconfigure-spi\1.10.1\opentelemetry-sdk-extension-autoconfigure-spi-1.10.1.jar;C:\Users\Rev\.m2\repository\io\opentelemetry\opentelemetry-sdk-extension-autoconfigure\1.10.1-alpha\opentelemetry-sdk-extension-autoconfigure-1.10.1-alpha.jar;C:\Users\Rev\.m2\repository\io\opentelemetry\opentelemetry-sdk-trace\1.10.1\opentelemetry-sdk-trace-1.10.1.jar;C:\Users\Rev\.m2\repository\io\opentelemetry\opentelemetry-sdk\1.10.1\opentelemetry-sdk-1.10.1.jar;C:\Users\Rev\.m2\repository\io\opentelemetry\opentelemetry-semconv\1.10.1-alpha\opentelemetry-semconv-1.10.1-alpha.jar;C:\Users\Rev\.m2\repository\io\ous\jtoml\2.0.0\jtoml-2.0.0.jar;C:\Users\Rev\.m2\repository\org\apache\commons\commons-exec\1.3\commons-exec-1.3.jar;C:\Users\Rev\.m2\repository\org\asynchttpclient\async-http-client\2.12.3\async-http-client-2.12.3.jar;C:\Users\Rev\.m2\repository\org\asynchttpclient\async-http-client-netty-utils\2.12.3\async-http-client-netty-utils-2.12.3.jar;C:\Users\Rev\.m2\repository\io\netty\netty-codec-socks\4.1.60.Final\netty-codec-socks-4.1.60.Final.jar;C:\Users\Rev\.m2\repository\io\netty\netty-handler-proxy\4.1.60.Final\netty-handler-proxy-4.1.60.Final.jar;C:\Users\Rev\.m2\repository\io\netty\netty-transport-native-epoll\4.1.60.Final\netty-transport-native-epoll-4.1.60.Final-linux-x86_64.jar;C:\Users\Rev\.m2\repository\io\netty\netty-transport-native-kqueue\4.1.60.Final\netty-transport-native-kqueue-4.1.60.Final-osx-x86_64.jar;C:\Users\Rev\.m2\repository\org\reactivestreams\reactive-streams\1.0.3\reactive-streams-1.0.3.jar;C:\Users\Rev\.m2\repository\com\typesafe\netty\netty-reactive-streams\2.0.4\netty-reactive-streams-2.0.4.jar;C:\Users\Rev\.m2\repository\org\seleniumhq\selenium\selenium-http\4.1.2\selenium-http-4.1.2.jar;C:\Users\Rev\.m2\repository\net\jodah\failsafe\2.4.4\failsafe-2.4.4.jar;C:\Users\Rev\.m2\repository\org\seleniumhq\selenium\selenium-safari-driver\4.1.2\selenium-safari-driver-4.1.2.jar;C:\Users\Rev\.m2\repository\org\seleniumhq\selenium\selenium-api\4.1.2\selenium-api-4.1.2.jar;C:\Users\Rev\.m2\repository\org\seleniumhq\selenium\selenium-support\4.1.2\selenium-support-4.1.2.jar;C:\Users\Rev\.m2\repository\com\google\auto\service\auto-service-annotations\1.0.1\auto-service-annotations-1.0.1.jar;C:\Users\Rev\.m2\repository\com\google\auto\service\auto-service\1.0.1\auto-service-1.0.1.jar;C:\Users\Rev\.m2\repository\com\google\auto\auto-common\1.2\auto-common-1.2.jar;C:\Users\Rev\.m2\repository\org\seleniumhq\selenium\selenium-json\4.1.2\selenium-json-4.1.2.jar;C:\Users\Rev\.m2\repository\org\seleniumhq\selenium\selenium-chrome-driver\4.1.2\selenium-chrome-driver-4.1.2.jar;C:\Users\Rev\.m2\repository\org\seleniumhq\selenium\selenium-chromium-driver\4.1.2\selenium-chromium-driver-4.1.2.jar;C:\Users\Rev\.m2\repository\org\seleniumhq\selenium\selenium-firefox-driver\4.1.2\selenium-firefox-driver-4.1.2.jar;C:\Users\Rev\.m2\repository\org\seleniumhq\selenium\selenium-edge-driver\4.1.2\selenium-edge-driver-4.1.2.jar;C:\Users\Rev\.m2\repository\org\seleniumhq\selenium\selenium-ie-driver\4.1.2\selenium-ie-driver-4.1.2.jar;C:\Users\Rev\.m2\repository\org\projectlombok\lombok\1.18.20\lombok-1.18.20.jar;C:\Users\Rev\.m2\repository\io\appium\java-client\8.0.0\java-client-8.0.0.jar;C:\Users\Rev\.m2\repository\commons-validator\commons-validator\1.7\commons-validator-1.7.jar;C:\Users\Rev\.m2\repository\commons-digester\commons-digester\2.1\commons-digester-2.1.jar;C:\Users\Rev\.m2\repository\org\aspectj\aspectjweaver\1.9.8\aspectjweaver-1.9.8.jar;C:\Users\Rev\.m2\repository\org\codehaus\groovy\groovy\3.0.10\groovy-3.0.10.jar;C:\Users\Rev\.m2\repository\net\sf\opencsv\opencsv\2.0\opencsv-2.0.jar;C:\Users\Rev\.m2\repository\commons-beanutils\commons-beanutils\1.9.4\commons-beanutils-1.9.4.jar;C:\Users\Rev\.m2\repository\org\apache\commons\commons-lang3\3.12.0\commons-lang3-3.12.0.jar;C:\Users\Rev\.m2\repository\commons-collections\commons-collections\3.2.2\commons-collections-3.2.2.jar;C:\Users\Rev\.m2\repository\org\fluentlenium\fluentlenium-core\0.10.2\fluentlenium-core-0.10.2.jar;C:\Users\Rev\.m2\repository\io\github\bonigarcia\webdrivermanager\5.1.0\webdrivermanager-5.1.0.jar;C:\Users\Rev\.m2\repository\com\github\docker-java\docker-java\3.2.13\docker-java-3.2.13.jar;C:\Users\Rev\.m2\repository\com\github\docker-java\docker-java-core\3.2.13\docker-java-core-3.2.13.jar;C:\Users\Rev\.m2\repository\com\github\docker-java\docker-java-api\3.2.13\docker-java-api-3.2.13.jar;C:\Users\Rev\.m2\repository\org\apache\commons\commons-compress\1.21\commons-compress-1.21.jar;C:\Users\Rev\.m2\repository\org\bouncycastle\bcpkix-jdk15on\1.64\bcpkix-jdk15on-1.64.jar;C:\Users\Rev\.m2\repository\org\bouncycastle\bcprov-jdk15on\1.64\bcprov-jdk15on-1.64.jar;C:\Users\Rev\.m2\repository\org\slf4j\jcl-over-slf4j\1.7.30\jcl-over-slf4j-1.7.30.jar;C:\Users\Rev\.m2\repository\com\github\docker-java\docker-java-transport-httpclient5\3.2.13\docker-java-transport-httpclient5-3.2.13.jar;C:\Users\Rev\.m2\repository\com\github\docker-java\docker-java-transport\3.2.13\docker-java-transport-3.2.13.jar;C:\Users\Rev\.m2\repository\org\apache\httpcomponents\client5\httpclient5\5.0.3\httpclient5-5.0.3.jar;C:\Users\Rev\.m2\repository\org\apache\httpcomponents\core5\httpcore5\5.0.2\httpcore5-5.0.2.jar;C:\Users\Rev\.m2\repository\net\java\dev\jna\jna\5.8.0\jna-5.8.0.jar;C:\Users\Rev\.m2\repository\org\brotli\dec\0.1.2\dec-0.1.2.jar;C:\Users\Rev\.m2\repository\com\jhlabs\filters\2.0.235\filters-2.0.235.jar;C:\Users\Rev\.m2\repository\com\paulhammant\ngwebdriver\1.1.6\ngwebdriver-1.1.6.jar;C:\Users\Rev\.m2\repository\joda-time\joda-time\2.8.2\joda-time-2.8.2.jar;C:\Users\Rev\.m2\repository\org\hamcrest\hamcrest\2.2\hamcrest-2.2.jar;C:\Users\Rev\.m2\repository\com\google\jimfs\jimfs\1.2\jimfs-1.2.jar;C:\Users\Rev\.m2\repository\org\mockito\mockito-core\3.3.3\mockito-core-3.3.3.jar;C:\Users\Rev\.m2\repository\javax\xml\bind\jaxb-api\2.3.1\jaxb-api-2.3.1.jar;C:\Users\Rev\.m2\repository\javax\activation\javax.activation-api\1.2.0\javax.activation-api-1.2.0.jar;C:\Users\Rev\.m2\repository\com\sun\xml\bind\jaxb-core\2.3.0.1\jaxb-core-2.3.0.1.jar;C:\Users\Rev\.m2\repository\com\sun\xml\bind\jaxb-impl\2.3.3\jaxb-impl-2.3.3.jar;C:\Users\Rev\.m2\repository\jakarta\xml\bind\jakarta.xml.bind-api\2.3.3\jakarta.xml.bind-api-2.3.3.jar;C:\Users\Rev\.m2\repository\com\sun\activation\jakarta.activation\1.2.2\jakarta.activation-1.2.2.jar;C:\Users\Rev\.m2\repository\javax\activation\activation\1.1.1\activation-1.1.1.jar;C:\Users\Rev\.m2\repository\net\serenity-bdd\serenity-cucumber\3.2.1\serenity-cucumber-3.2.1.jar;C:\Users\Rev\.m2\repository\io\cucumber\cucumber-core\7.2.3\cucumber-core-7.2.3.jar;C:\Users\Rev\.m2\repository\io\cucumber\cucumber-gherkin\7.2.3\cucumber-gherkin-7.2.3.jar;C:\Users\Rev\.m2\repository\io\cucumber\cucumber-gherkin-messages\7.2.3\cucumber-gherkin-messages-7.2.3.jar;C:\Users\Rev\.m2\repository\io\cucumber\messages\17.1.1\messages-17.1.1.jar;C:\Users\Rev\.m2\repository\io\cucumber\tag-expressions\4.1.0\tag-expressions-4.1.0.jar;C:\Users\Rev\.m2\repository\io\cucumber\cucumber-expressions\15.0.1\cucumber-expressions-15.0.1.jar;C:\Users\Rev\.m2\repository\io\cucumber\datatable\7.2.3\datatable-7.2.3.jar;C:\Users\Rev\.m2\repository\io\cucumber\cucumber-plugin\7.2.3\cucumber-plugin-7.2.3.jar;C:\Users\Rev\.m2\repository\io\cucumber\docstring\7.2.3\docstring-7.2.3.jar;C:\Users\Rev\.m2\repository\io\cucumber\html-formatter\17.0.0\html-formatter-17.0.0.jar;C:\Users\Rev\.m2\repository\io\cucumber\ci-environment\8.1.0\ci-environment-8.1.0.jar;C:\Users\Rev\.m2\repository\io\cucumber\cucumber-junit\7.2.3\cucumber-junit-7.2.3.jar;C:\Users\Rev\.m2\repository\org\apache\commons\commons-csv\1.5\commons-csv-1.5.jar;C:\Users\Rev\.m2\repository\net\serenity-bdd\serenity-screenplay\3.2.1\serenity-screenplay-3.2.1.jar;C:\Users\Rev\.m2\repository\net\serenity-bdd\serenity-screenplay-webdriver\3.2.1\serenity-screenplay-webdriver-3.2.1.jar;C:\Users\Rev\.m2\repository\net\serenity-bdd\serenity-ensure\3.2.1\serenity-ensure-3.2.1.jar;C:\Users\Rev\.m2\repository\net\serenity-bdd\serenity-junit\3.2.1\serenity-junit-3.2.1.jar;C:\Users\Rev\.m2\repository\org\jetbrains\kotlin\kotlin-stdlib\1.6.0\kotlin-stdlib-1.6.0.jar;C:\Users\Rev\.m2\repository\org\jetbrains\annotations\13.0\annotations-13.0.jar;C:\Users\Rev\.m2\repository\org\jetbrains\kotlin\kotlin-stdlib-common\1.6.0\kotlin-stdlib-common-1.6.0.jar;C:\Users\Rev\.m2\repository\org\junit\platform\junit-platform-launcher\1.8.1\junit-platform-launcher-1.8.1.jar;C:\Users\Rev\.m2\repository\org\junit\platform\junit-platform-engine\1.8.1\junit-platform-engine-1.8.1.jar;C:\Users\Rev\.m2\repository\org\opentest4j\opentest4j\1.2.0\opentest4j-1.2.0.jar;C:\Users\Rev\.m2\repository\org\junit\platform\junit-platform-commons\1.8.1\junit-platform-commons-1.8.1.jar;C:\Users\Rev\.m2\repository\org\apiguardian\apiguardian-api\1.1.2\apiguardian-api-1.1.2.jar;C:\Users\Rev\.m2\repository\org\junit\jupiter\junit-jupiter-engine\5.8.2\junit-jupiter-engine-5.8.2.jar;C:\Users\Rev\.m2\repository\org\junit\jupiter\junit-jupiter-api\5.8.2\junit-jupiter-api-5.8.2.jar;C:\Users\Rev\.m2\repository\org\junit\vintage\junit-vintage-engine\5.8.2\junit-vintage-engine-5.8.2.jar;C:\Users\Rev\.m2\repository\junit\junit\4.13.2\junit-4.13.2.jar;C:\Users\Rev\.m2\repository\org\hamcrest\hamcrest-core\1.3\hamcrest-core-1.3.jar;C:\Users\Rev\.m2\repository\ch\qos\logback\logback-classic\1.2.10\logback-classic-1.2.10.jar;C:\Users\Rev\.m2\repository\ch\qos\logback\logback-core\1.2.10\logback-core-1.2.10.jar;C:\Users\Rev\.m2\repository\org\slf4j\slf4j-api\1.7.32\slf4j-api-1.7.32.jar;C:\Users\Rev\.m2\repository\org\assertj\assertj-core\3.6.2\assertj-core-3.6.2.jar;"/>
    <property name="java.vm.vendor" value="Oracle Corporation"/>
    <property name="sun.arch.data.model" value="64"/>
    <property name="user.variant" value=""/>
    <property name="java.vendor.url" value="https://java.oracle.com/"/>
    <property name="user.timezone" value="Asia/Makassar"/>
    <property name="log4j2.formatMsgNoLookups" value="true"/>
    <property name="os.name" value="Windows 10"/>
    <property name="java.vm.specification.version" value="17"/>
    <property name="sun.java.launcher" value="SUN_STANDARD"/>
    <property name="user.country" value="US"/>
    <property name="sun.boot.library.path" value="C:\Program Files\Java\jdk-17.0.2\bin"/>
    <property name="sun.java.command" value="org.apache.maven.surefire.booter.ForkedBooter C:\Users\Rev\AppData\Local\Temp\surefire2720717905857583841 2022-07-22T00-45-25_199-jvmRun1 surefire5028854989118830397tmp surefire_01549917294236932768tmp"/>
    <property name="jdk.debug" value="release"/>
    <property name="surefire.test.class.path" value="D:\capstone projek\web testing\target\test-classes;C:\Users\Rev\.m2\repository\net\serenity-bdd\serenity-core\3.2.1\serenity-core-3.2.1.jar;C:\Users\Rev\.m2\repository\net\serenity-bdd\serenity-model\3.2.1\serenity-model-3.2.1.jar;C:\Users\Rev\.m2\repository\org\apache\commons\commons-text\1.9\commons-text-1.9.jar;C:\Users\Rev\.m2\repository\commons-net\commons-net\3.8.0\commons-net-3.8.0.jar;C:\Users\Rev\.m2\repository\com\google\guava\guava\31.1-jre\guava-31.1-jre.jar;C:\Users\Rev\.m2\repository\com\google\guava\failureaccess\1.0.1\failureaccess-1.0.1.jar;C:\Users\Rev\.m2\repository\com\google\guava\listenablefuture\9999.0-empty-to-avoid-conflict-with-guava\listenablefuture-9999.0-empty-to-avoid-conflict-with-guava.jar;C:\Users\Rev\.m2\repository\com\google\code\findbugs\jsr305\3.0.2\jsr305-3.0.2.jar;C:\Users\Rev\.m2\repository\org\checkerframework\checker-qual\3.12.0\checker-qual-3.12.0.jar;C:\Users\Rev\.m2\repository\com\google\errorprone\error_prone_annotations\2.11.0\error_prone_annotations-2.11.0.jar;C:\Users\Rev\.m2\repository\com\google\j2objc\j2objc-annotations\1.3\j2objc-annotations-1.3.jar;C:\Users\Rev\.m2\repository\com\google\inject\guice\5.1.0\guice-5.1.0.jar;C:\Users\Rev\.m2\repository\javax\inject\javax.inject\1\javax.inject-1.jar;C:\Users\Rev\.m2\repository\aopalliance\aopalliance\1.0\aopalliance-1.0.jar;C:\Users\Rev\.m2\repository\org\jsoup\jsoup\1.14.3\jsoup-1.14.3.jar;C:\Users\Rev\.m2\repository\com\thoughtworks\xstream\xstream\1.4.19\xstream-1.4.19.jar;C:\Users\Rev\.m2\repository\io\github\x-stream\mxparser\1.2.2\mxparser-1.2.2.jar;C:\Users\Rev\.m2\repository\xmlpull\xmlpull\1.1.3.1\xmlpull-1.1.3.1.jar;C:\Users\Rev\.m2\repository\io\cucumber\cucumber-java\7.2.3\cucumber-java-7.2.3.jar;C:\Users\Rev\.m2\repository\com\typesafe\config\1.4.2\config-1.4.2.jar;C:\Users\Rev\.m2\repository\org\imgscalr\imgscalr-lib\4.2\imgscalr-lib-4.2.jar;C:\Users\Rev\.m2\repository\org\awaitility\awaitility\4.2.0\awaitility-4.2.0.jar;C:\Users\Rev\.m2\repository\org\freemarker\freemarker\2.3.31\freemarker-2.3.31.jar;C:\Users\Rev\.m2\repository\io\github\classgraph\classgraph\4.8.138\classgraph-4.8.138.jar;C:\Users\Rev\.m2\repository\net\sourceforge\jexcelapi\jxl\2.6.12\jxl-2.6.12.jar;C:\Users\Rev\.m2\repository\net\bytebuddy\byte-buddy\1.12.8\byte-buddy-1.12.8.jar;C:\Users\Rev\.m2\repository\net\bytebuddy\byte-buddy-agent\1.12.8\byte-buddy-agent-1.12.8.jar;C:\Users\Rev\.m2\repository\org\objenesis\objenesis\3.1\objenesis-3.1.jar;C:\Users\Rev\.m2\repository\net\serenity-bdd\serenity-reports\3.2.1\serenity-reports-3.2.1.jar;C:\Users\Rev\.m2\repository\net\serenity-bdd\serenity-stats\3.2.1\serenity-stats-3.2.1.jar;C:\Users\Rev\.m2\repository\net\serenity-bdd\serenity-reports-configuration\3.2.1\serenity-reports-configuration-3.2.1.jar;C:\Users\Rev\.m2\repository\com\vladsch\flexmark\flexmark-all\0.34.30\flexmark-all-0.34.30.jar;C:\Users\Rev\.m2\repository\com\vladsch\flexmark\flexmark\0.34.30\flexmark-0.34.30.jar;C:\Users\Rev\.m2\repository\com\vladsch\flexmark\flexmark-ext-abbreviation\0.34.30\flexmark-ext-abbreviation-0.34.30.jar;C:\Users\Rev\.m2\repository\com\vladsch\flexmark\flexmark-ext-admonition\0.34.30\flexmark-ext-admonition-0.34.30.jar;C:\Users\Rev\.m2\repository\com\vladsch\flexmark\flexmark-ext-anchorlink\0.34.30\flexmark-ext-anchorlink-0.34.30.jar;C:\Users\Rev\.m2\repository\com\vladsch\flexmark\flexmark-ext-aside\0.34.30\flexmark-ext-aside-0.34.30.jar;C:\Users\Rev\.m2\repository\com\vladsch\flexmark\flexmark-ext-attributes\0.34.30\flexmark-ext-attributes-0.34.30.jar;C:\Users\Rev\.m2\repository\com\vladsch\flexmark\flexmark-ext-autolink\0.34.30\flexmark-ext-autolink-0.34.30.jar;C:\Users\Rev\.m2\repository\org\nibor\autolink\autolink\0.6.0\autolink-0.6.0.jar;C:\Users\Rev\.m2\repository\com\vladsch\flexmark\flexmark-ext-definition\0.34.30\flexmark-ext-definition-0.34.30.jar;C:\Users\Rev\.m2\repository\com\vladsch\flexmark\flexmark-ext-emoji\0.34.30\flexmark-ext-emoji-0.34.30.jar;C:\Users\Rev\.m2\repository\com\vladsch\flexmark\flexmark-ext-enumerated-reference\0.34.30\flexmark-ext-enumerated-reference-0.34.30.jar;C:\Users\Rev\.m2\repository\com\vladsch\flexmark\flexmark-ext-escaped-character\0.34.30\flexmark-ext-escaped-character-0.34.30.jar;C:\Users\Rev\.m2\repository\com\vladsch\flexmark\flexmark-ext-footnotes\0.34.30\flexmark-ext-footnotes-0.34.30.jar;C:\Users\Rev\.m2\repository\com\vladsch\flexmark\flexmark-ext-gfm-issues\0.34.30\flexmark-ext-gfm-issues-0.34.30.jar;C:\Users\Rev\.m2\repository\com\vladsch\flexmark\flexmark-ext-gfm-strikethrough\0.34.30\flexmark-ext-gfm-strikethrough-0.34.30.jar;C:\Users\Rev\.m2\repository\com\vladsch\flexmark\flexmark-ext-gfm-tables\0.34.30\flexmark-ext-gfm-tables-0.34.30.jar;C:\Users\Rev\.m2\repository\com\vladsch\flexmark\flexmark-ext-gfm-tasklist\0.34.30\flexmark-ext-gfm-tasklist-0.34.30.jar;C:\Users\Rev\.m2\repository\com\vladsch\flexmark\flexmark-ext-gfm-users\0.34.30\flexmark-ext-gfm-users-0.34.30.jar;C:\Users\Rev\.m2\repository\com\vladsch\flexmark\flexmark-ext-gitlab\0.34.30\flexmark-ext-gitlab-0.34.30.jar;C:\Users\Rev\.m2\repository\com\vladsch\flexmark\flexmark-ext-jekyll-front-matter\0.34.30\flexmark-ext-jekyll-front-matter-0.34.30.jar;C:\Users\Rev\.m2\repository\com\vladsch\flexmark\flexmark-ext-jekyll-tag\0.34.30\flexmark-ext-jekyll-tag-0.34.30.jar;C:\Users\Rev\.m2\repository\com\vladsch\flexmark\flexmark-ext-media-tags\0.34.30\flexmark-ext-media-tags-0.34.30.jar;C:\Users\Rev\.m2\repository\com\vladsch\flexmark\flexmark-test-util\0.34.30\flexmark-test-util-0.34.30.jar;C:\Users\Rev\.m2\repository\com\vladsch\flexmark\flexmark-ext-ins\0.34.30\flexmark-ext-ins-0.34.30.jar;C:\Users\Rev\.m2\repository\com\vladsch\flexmark\flexmark-ext-xwiki-macros\0.34.30\flexmark-ext-xwiki-macros-0.34.30.jar;C:\Users\Rev\.m2\repository\com\vladsch\flexmark\flexmark-ext-superscript\0.34.30\flexmark-ext-superscript-0.34.30.jar;C:\Users\Rev\.m2\repository\com\vladsch\flexmark\flexmark-ext-tables\0.34.30\flexmark-ext-tables-0.34.30.jar;C:\Users\Rev\.m2\repository\com\vladsch\flexmark\flexmark-ext-toc\0.34.30\flexmark-ext-toc-0.34.30.jar;C:\Users\Rev\.m2\repository\com\vladsch\flexmark\flexmark-ext-typographic\0.34.30\flexmark-ext-typographic-0.34.30.jar;C:\Users\Rev\.m2\repository\com\vladsch\flexmark\flexmark-ext-wikilink\0.34.30\flexmark-ext-wikilink-0.34.30.jar;C:\Users\Rev\.m2\repository\com\vladsch\flexmark\flexmark-ext-yaml-front-matter\0.34.30\flexmark-ext-yaml-front-matter-0.34.30.jar;C:\Users\Rev\.m2\repository\com\vladsch\flexmark\flexmark-ext-youtube-embedded\0.34.30\flexmark-ext-youtube-embedded-0.34.30.jar;C:\Users\Rev\.m2\repository\com\vladsch\flexmark\flexmark-formatter\0.34.30\flexmark-formatter-0.34.30.jar;C:\Users\Rev\.m2\repository\com\vladsch\flexmark\flexmark-html-parser\0.34.30\flexmark-html-parser-0.34.30.jar;C:\Users\Rev\.m2\repository\com\vladsch\flexmark\flexmark-jira-converter\0.34.30\flexmark-jira-converter-0.34.30.jar;C:\Users\Rev\.m2\repository\com\vladsch\flexmark\flexmark-pdf-converter\0.34.30\flexmark-pdf-converter-0.34.30.jar;C:\Users\Rev\.m2\repository\com\openhtmltopdf\openhtmltopdf-core\0.0.1-RC13\openhtmltopdf-core-0.0.1-RC13.jar;C:\Users\Rev\.m2\repository\com\openhtmltopdf\openhtmltopdf-pdfbox\0.0.1-RC13\openhtmltopdf-pdfbox-0.0.1-RC13.jar;C:\Users\Rev\.m2\repository\org\apache\pdfbox\pdfbox\2.0.8\pdfbox-2.0.8.jar;C:\Users\Rev\.m2\repository\org\apache\pdfbox\fontbox\2.0.8\fontbox-2.0.8.jar;C:\Users\Rev\.m2\repository\commons-logging\commons-logging\1.2\commons-logging-1.2.jar;C:\Users\Rev\.m2\repository\org\apache\pdfbox\xmpbox\2.0.8\xmpbox-2.0.8.jar;C:\Users\Rev\.m2\repository\de\rototor\pdfbox\graphics2d\0.12\graphics2d-0.12.jar;C:\Users\Rev\.m2\repository\com\openhtmltopdf\openhtmltopdf-rtl-support\0.0.1-RC13\openhtmltopdf-rtl-support-0.0.1-RC13.jar;C:\Users\Rev\.m2\repository\com\ibm\icu\icu4j\59.1\icu4j-59.1.jar;C:\Users\Rev\.m2\repository\com\openhtmltopdf\openhtmltopdf-jsoup-dom-converter\0.0.1-RC13\openhtmltopdf-jsoup-dom-converter-0.0.1-RC13.jar;C:\Users\Rev\.m2\repository\com\vladsch\flexmark\flexmark-profile-pegdown\0.34.30\flexmark-profile-pegdown-0.34.30.jar;C:\Users\Rev\.m2\repository\com\vladsch\flexmark\flexmark-util\0.34.30\flexmark-util-0.34.30.jar;C:\Users\Rev\.m2\repository\com\vladsch\flexmark\flexmark-youtrack-converter\0.34.30\flexmark-youtrack-converter-0.34.30.jar;C:\Users\Rev\.m2\repository\es\nitaur\markdown\txtmark\0.16\txtmark-0.16.jar;C:\Users\Rev\.m2\repository\net\serenity-bdd\serenity-report-resources\3.2.1\serenity-report-resources-3.2.1.jar;C:\Users\Rev\.m2\repository\com\google\code\gson\gson\2.9.0\gson-2.9.0.jar;C:\Users\Rev\.m2\repository\com\fasterxml\jackson\core\jackson-core\2.13.2\jackson-core-2.13.2.jar;C:\Users\Rev\.m2\repository\com\fasterxml\jackson\core\jackson-databind\2.13.2\jackson-databind-2.13.2.jar;C:\Users\Rev\.m2\repository\com\fasterxml\jackson\core\jackson-annotations\2.13.2\jackson-annotations-2.13.2.jar;C:\Users\Rev\.m2\repository\commons-codec\commons-codec\1.15\commons-codec-1.15.jar;C:\Users\Rev\.m2\repository\commons-io\commons-io\2.11.0\commons-io-2.11.0.jar;C:\Users\Rev\.m2\repository\org\seleniumhq\selenium\selenium-java\4.1.2\selenium-java-4.1.2.jar;C:\Users\Rev\.m2\repository\org\seleniumhq\selenium\selenium-devtools-v85\4.1.2\selenium-devtools-v85-4.1.2.jar;C:\Users\Rev\.m2\repository\org\seleniumhq\selenium\selenium-devtools-v95\4.1.2\selenium-devtools-v95-4.1.2.jar;C:\Users\Rev\.m2\repository\org\seleniumhq\selenium\selenium-devtools-v96\4.1.2\selenium-devtools-v96-4.1.2.jar;C:\Users\Rev\.m2\repository\org\seleniumhq\selenium\selenium-devtools-v97\4.1.2\selenium-devtools-v97-4.1.2.jar;C:\Users\Rev\.m2\repository\org\seleniumhq\selenium\selenium-firefox-xpi-driver\4.1.2\selenium-firefox-xpi-driver-4.1.2.jar;C:\Users\Rev\.m2\repository\org\seleniumhq\selenium\selenium-opera-driver\4.1.2\selenium-opera-driver-4.1.2.jar;C:\Users\Rev\.m2\repository\org\seleniumhq\selenium\selenium-remote-driver\4.1.2\selenium-remote-driver-4.1.2.jar;C:\Users\Rev\.m2\repository\com\beust\jcommander\1.82\jcommander-1.82.jar;C:\Users\Rev\.m2\repository\io\netty\netty-buffer\4.1.73.Final\netty-buffer-4.1.73.Final.jar;C:\Users\Rev\.m2\repository\io\netty\netty-codec-http\4.1.73.Final\netty-codec-http-4.1.73.Final.jar;C:\Users\Rev\.m2\repository\io\netty\netty-codec\4.1.73.Final\netty-codec-4.1.73.Final.jar;C:\Users\Rev\.m2\repository\io\netty\netty-handler\4.1.73.Final\netty-handler-4.1.73.Final.jar;C:\Users\Rev\.m2\repository\io\netty\netty-tcnative-classes\2.0.46.Final\netty-tcnative-classes-2.0.46.Final.jar;C:\Users\Rev\.m2\repository\io\netty\netty-common\4.1.73.Final\netty-common-4.1.73.Final.jar;C:\Users\Rev\.m2\repository\io\netty\netty-transport-classes-epoll\4.1.73.Final\netty-transport-classes-epoll-4.1.73.Final.jar;C:\Users\Rev\.m2\repository\io\netty\netty-transport-classes-kqueue\4.1.73.Final\netty-transport-classes-kqueue-4.1.73.Final.jar;C:\Users\Rev\.m2\repository\io\netty\netty-transport-native-epoll\4.1.73.Final\netty-transport-native-epoll-4.1.73.Final.jar;C:\Users\Rev\.m2\repository\io\netty\netty-transport-native-kqueue\4.1.73.Final\netty-transport-native-kqueue-4.1.73.Final.jar;C:\Users\Rev\.m2\repository\io\netty\netty-transport-native-unix-common\4.1.73.Final\netty-transport-native-unix-common-4.1.73.Final.jar;C:\Users\Rev\.m2\repository\io\netty\netty-transport\4.1.73.Final\netty-transport-4.1.73.Final.jar;C:\Users\Rev\.m2\repository\io\netty\netty-resolver\4.1.73.Final\netty-resolver-4.1.73.Final.jar;C:\Users\Rev\.m2\repository\io\opentelemetry\opentelemetry-api\1.10.1\opentelemetry-api-1.10.1.jar;C:\Users\Rev\.m2\repository\io\opentelemetry\opentelemetry-context\1.10.1\opentelemetry-context-1.10.1.jar;C:\Users\Rev\.m2\repository\io\opentelemetry\opentelemetry-exporter-logging\1.10.1\opentelemetry-exporter-logging-1.10.1.jar;C:\Users\Rev\.m2\repository\io\opentelemetry\opentelemetry-sdk-metrics\1.10.1-alpha\opentelemetry-sdk-metrics-1.10.1-alpha.jar;C:\Users\Rev\.m2\repository\io\opentelemetry\opentelemetry-sdk-logs\1.10.1-alpha\opentelemetry-sdk-logs-1.10.1-alpha.jar;C:\Users\Rev\.m2\repository\io\opentelemetry\opentelemetry-sdk-common\1.10.1\opentelemetry-sdk-common-1.10.1.jar;C:\Users\Rev\.m2\repository\io\opentelemetry\opentelemetry-sdk-extension-autoconfigure-spi\1.10.1\opentelemetry-sdk-extension-autoconfigure-spi-1.10.1.jar;C:\Users\Rev\.m2\repository\io\opentelemetry\opentelemetry-sdk-extension-autoconfigure\1.10.1-alpha\opentelemetry-sdk-extension-autoconfigure-1.10.1-alpha.jar;C:\Users\Rev\.m2\repository\io\opentelemetry\opentelemetry-sdk-trace\1.10.1\opentelemetry-sdk-trace-1.10.1.jar;C:\Users\Rev\.m2\repository\io\opentelemetry\opentelemetry-sdk\1.10.1\opentelemetry-sdk-1.10.1.jar;C:\Users\Rev\.m2\repository\io\opentelemetry\opentelemetry-semconv\1.10.1-alpha\opentelemetry-semconv-1.10.1-alpha.jar;C:\Users\Rev\.m2\repository\io\ous\jtoml\2.0.0\jtoml-2.0.0.jar;C:\Users\Rev\.m2\repository\org\apache\commons\commons-exec\1.3\commons-exec-1.3.jar;C:\Users\Rev\.m2\repository\org\asynchttpclient\async-http-client\2.12.3\async-http-client-2.12.3.jar;C:\Users\Rev\.m2\repository\org\asynchttpclient\async-http-client-netty-utils\2.12.3\async-http-client-netty-utils-2.12.3.jar;C:\Users\Rev\.m2\repository\io\netty\netty-codec-socks\4.1.60.Final\netty-codec-socks-4.1.60.Final.jar;C:\Users\Rev\.m2\repository\io\netty\netty-handler-proxy\4.1.60.Final\netty-handler-proxy-4.1.60.Final.jar;C:\Users\Rev\.m2\repository\io\netty\netty-transport-native-epoll\4.1.60.Final\netty-transport-native-epoll-4.1.60.Final-linux-x86_64.jar;C:\Users\Rev\.m2\repository\io\netty\netty-transport-native-kqueue\4.1.60.Final\netty-transport-native-kqueue-4.1.60.Final-osx-x86_64.jar;C:\Users\Rev\.m2\repository\org\reactivestreams\reactive-streams\1.0.3\reactive-streams-1.0.3.jar;C:\Users\Rev\.m2\repository\com\typesafe\netty\netty-reactive-streams\2.0.4\netty-reactive-streams-2.0.4.jar;C:\Users\Rev\.m2\repository\org\seleniumhq\selenium\selenium-http\4.1.2\selenium-http-4.1.2.jar;C:\Users\Rev\.m2\repository\net\jodah\failsafe\2.4.4\failsafe-2.4.4.jar;C:\Users\Rev\.m2\repository\org\seleniumhq\selenium\selenium-safari-driver\4.1.2\selenium-safari-driver-4.1.2.jar;C:\Users\Rev\.m2\repository\org\seleniumhq\selenium\selenium-api\4.1.2\selenium-api-4.1.2.jar;C:\Users\Rev\.m2\repository\org\seleniumhq\selenium\selenium-support\4.1.2\selenium-support-4.1.2.jar;C:\Users\Rev\.m2\repository\com\google\auto\service\auto-service-annotations\1.0.1\auto-service-annotations-1.0.1.jar;C:\Users\Rev\.m2\repository\com\google\auto\service\auto-service\1.0.1\auto-service-1.0.1.jar;C:\Users\Rev\.m2\repository\com\google\auto\auto-common\1.2\auto-common-1.2.jar;C:\Users\Rev\.m2\repository\org\seleniumhq\selenium\selenium-json\4.1.2\selenium-json-4.1.2.jar;C:\Users\Rev\.m2\repository\org\seleniumhq\selenium\selenium-chrome-driver\4.1.2\selenium-chrome-driver-4.1.2.jar;C:\Users\Rev\.m2\repository\org\seleniumhq\selenium\selenium-chromium-driver\4.1.2\selenium-chromium-driver-4.1.2.jar;C:\Users\Rev\.m2\repository\org\seleniumhq\selenium\selenium-firefox-driver\4.1.2\selenium-firefox-driver-4.1.2.jar;C:\Users\Rev\.m2\repository\org\seleniumhq\selenium\selenium-edge-driver\4.1.2\selenium-edge-driver-4.1.2.jar;C:\Users\Rev\.m2\repository\org\seleniumhq\selenium\selenium-ie-driver\4.1.2\selenium-ie-driver-4.1.2.jar;C:\Users\Rev\.m2\repository\org\projectlombok\lombok\1.18.20\lombok-1.18.20.jar;C:\Users\Rev\.m2\repository\io\appium\java-client\8.0.0\java-client-8.0.0.jar;C:\Users\Rev\.m2\repository\commons-validator\commons-validator\1.7\commons-validator-1.7.jar;C:\Users\Rev\.m2\repository\commons-digester\commons-digester\2.1\commons-digester-2.1.jar;C:\Users\Rev\.m2\repository\org\aspectj\aspectjweaver\1.9.8\aspectjweaver-1.9.8.jar;C:\Users\Rev\.m2\repository\org\codehaus\groovy\groovy\3.0.10\groovy-3.0.10.jar;C:\Users\Rev\.m2\repository\net\sf\opencsv\opencsv\2.0\opencsv-2.0.jar;C:\Users\Rev\.m2\repository\commons-beanutils\commons-beanutils\1.9.4\commons-beanutils-1.9.4.jar;C:\Users\Rev\.m2\repository\org\apache\commons\commons-lang3\3.12.0\commons-lang3-3.12.0.jar;C:\Users\Rev\.m2\repository\commons-collections\commons-collections\3.2.2\commons-collections-3.2.2.jar;C:\Users\Rev\.m2\repository\org\fluentlenium\fluentlenium-core\0.10.2\fluentlenium-core-0.10.2.jar;C:\Users\Rev\.m2\repository\io\github\bonigarcia\webdrivermanager\5.1.0\webdrivermanager-5.1.0.jar;C:\Users\Rev\.m2\repository\com\github\docker-java\docker-java\3.2.13\docker-java-3.2.13.jar;C:\Users\Rev\.m2\repository\com\github\docker-java\docker-java-core\3.2.13\docker-java-core-3.2.13.jar;C:\Users\Rev\.m2\repository\com\github\docker-java\docker-java-api\3.2.13\docker-java-api-3.2.13.jar;C:\Users\Rev\.m2\repository\org\apache\commons\commons-compress\1.21\commons-compress-1.21.jar;C:\Users\Rev\.m2\repository\org\bouncycastle\bcpkix-jdk15on\1.64\bcpkix-jdk15on-1.64.jar;C:\Users\Rev\.m2\repository\org\bouncycastle\bcprov-jdk15on\1.64\bcprov-jdk15on-1.64.jar;C:\Users\Rev\.m2\repository\org\slf4j\jcl-over-slf4j\1.7.30\jcl-over-slf4j-1.7.30.jar;C:\Users\Rev\.m2\repository\com\github\docker-java\docker-java-transport-httpclient5\3.2.13\docker-java-transport-httpclient5-3.2.13.jar;C:\Users\Rev\.m2\repository\com\github\docker-java\docker-java-transport\3.2.13\docker-java-transport-3.2.13.jar;C:\Users\Rev\.m2\repository\org\apache\httpcomponents\client5\httpclient5\5.0.3\httpclient5-5.0.3.jar;C:\Users\Rev\.m2\repository\org\apache\httpcomponents\core5\httpcore5\5.0.2\httpcore5-5.0.2.jar;C:\Users\Rev\.m2\repository\net\java\dev\jna\jna\5.8.0\jna-5.8.0.jar;C:\Users\Rev\.m2\repository\org\brotli\dec\0.1.2\dec-0.1.2.jar;C:\Users\Rev\.m2\repository\com\jhlabs\filters\2.0.235\filters-2.0.235.jar;C:\Users\Rev\.m2\repository\com\paulhammant\ngwebdriver\1.1.6\ngwebdriver-1.1.6.jar;C:\Users\Rev\.m2\repository\joda-time\joda-time\2.8.2\joda-time-2.8.2.jar;C:\Users\Rev\.m2\repository\org\hamcrest\hamcrest\2.2\hamcrest-2.2.jar;C:\Users\Rev\.m2\repository\com\google\jimfs\jimfs\1.2\jimfs-1.2.jar;C:\Users\Rev\.m2\repository\org\mockito\mockito-core\3.3.3\mockito-core-3.3.3.jar;C:\Users\Rev\.m2\repository\javax\xml\bind\jaxb-api\2.3.1\jaxb-api-2.3.1.jar;C:\Users\Rev\.m2\repository\javax\activation\javax.activation-api\1.2.0\javax.activation-api-1.2.0.jar;C:\Users\Rev\.m2\repository\com\sun\xml\bind\jaxb-core\2.3.0.1\jaxb-core-2.3.0.1.jar;C:\Users\Rev\.m2\repository\com\sun\xml\bind\jaxb-impl\2.3.3\jaxb-impl-2.3.3.jar;C:\Users\Rev\.m2\repository\jakarta\xml\bind\jakarta.xml.bind-api\2.3.3\jakarta.xml.bind-api-2.3.3.jar;C:\Users\Rev\.m2\repository\com\sun\activation\jakarta.activation\1.2.2\jakarta.activation-1.2.2.jar;C:\Users\Rev\.m2\repository\javax\activation\activation\1.1.1\activation-1.1.1.jar;C:\Users\Rev\.m2\repository\net\serenity-bdd\serenity-cucumber\3.2.1\serenity-cucumber-3.2.1.jar;C:\Users\Rev\.m2\repository\io\cucumber\cucumber-core\7.2.3\cucumber-core-7.2.3.jar;C:\Users\Rev\.m2\repository\io\cucumber\cucumber-gherkin\7.2.3\cucumber-gherkin-7.2.3.jar;C:\Users\Rev\.m2\repository\io\cucumber\cucumber-gherkin-messages\7.2.3\cucumber-gherkin-messages-7.2.3.jar;C:\Users\Rev\.m2\repository\io\cucumber\messages\17.1.1\messages-17.1.1.jar;C:\Users\Rev\.m2\repository\io\cucumber\tag-expressions\4.1.0\tag-expressions-4.1.0.jar;C:\Users\Rev\.m2\repository\io\cucumber\cucumber-expressions\15.0.1\cucumber-expressions-15.0.1.jar;C:\Users\Rev\.m2\repository\io\cucumber\datatable\7.2.3\datatable-7.2.3.jar;C:\Users\Rev\.m2\repository\io\cucumber\cucumber-plugin\7.2.3\cucumber-plugin-7.2.3.jar;C:\Users\Rev\.m2\repository\io\cucumber\docstring\7.2.3\docstring-7.2.3.jar;C:\Users\Rev\.m2\repository\io\cucumber\html-formatter\17.0.0\html-formatter-17.0.0.jar;C:\Users\Rev\.m2\repository\io\cucumber\ci-environment\8.1.0\ci-environment-8.1.0.jar;C:\Users\Rev\.m2\repository\io\cucumber\cucumber-junit\7.2.3\cucumber-junit-7.2.3.jar;C:\Users\Rev\.m2\repository\org\apache\commons\commons-csv\1.5\commons-csv-1.5.jar;C:\Users\Rev\.m2\repository\net\serenity-bdd\serenity-screenplay\3.2.1\serenity-screenplay-3.2.1.jar;C:\Users\Rev\.m2\repository\net\serenity-bdd\serenity-screenplay-webdriver\3.2.1\serenity-screenplay-webdriver-3.2.1.jar;C:\Users\Rev\.m2\repository\net\serenity-bdd\serenity-ensure\3.2.1\serenity-ensure-3.2.1.jar;C:\Users\Rev\.m2\repository\net\serenity-bdd\serenity-junit\3.2.1\serenity-junit-3.2.1.jar;C:\Users\Rev\.m2\repository\org\jetbrains\kotlin\kotlin-stdlib\1.6.0\kotlin-stdlib-1.6.0.jar;C:\Users\Rev\.m2\repository\org\jetbrains\annotations\13.0\annotations-13.0.jar;C:\Users\Rev\.m2\repository\org\jetbrains\kotlin\kotlin-stdlib-common\1.6.0\kotlin-stdlib-common-1.6.0.jar;C:\Users\Rev\.m2\repository\org\junit\platform\junit-platform-launcher\1.8.1\junit-platform-launcher-1.8.1.jar;C:\Users\Rev\.m2\repository\org\junit\platform\junit-platform-engine\1.8.1\junit-platform-engine-1.8.1.jar;C:\Users\Rev\.m2\repository\org\opentest4j\opentest4j\1.2.0\opentest4j-1.2.0.jar;C:\Users\Rev\.m2\repository\org\junit\platform\junit-platform-commons\1.8.1\junit-platform-commons-1.8.1.jar;C:\Users\Rev\.m2\repository\org\apiguardian\apiguardian-api\1.1.2\apiguardian-api-1.1.2.jar;C:\Users\Rev\.m2\repository\org\junit\jupiter\junit-jupiter-engine\5.8.2\junit-jupiter-engine-5.8.2.jar;C:\Users\Rev\.m2\repository\org\junit\jupiter\junit-jupiter-api\5.8.2\junit-jupiter-api-5.8.2.jar;C:\Users\Rev\.m2\repository\org\junit\vintage\junit-vintage-engine\5.8.2\junit-vintage-engine-5.8.2.jar;C:\Users\Rev\.m2\repository\junit\junit\4.13.2\junit-4.13.2.jar;C:\Users\Rev\.m2\repository\org\hamcrest\hamcrest-core\1.3\hamcrest-core-1.3.jar;C:\Users\Rev\.m2\repository\ch\qos\logback\logback-classic\1.2.10\logback-classic-1.2.10.jar;C:\Users\Rev\.m2\repository\ch\qos\logback\logback-core\1.2.10\logback-core-1.2.10.jar;C:\Users\Rev\.m2\repository\org\slf4j\slf4j-api\1.7.32\slf4j-api-1.7.32.jar;C:\Users\Rev\.m2\repository\org\assertj\assertj-core\3.6.2\assertj-core-3.6.2.jar;"/>
    <property name="sun.cpu.endian" value="little"/>
    <property name="user.home" value="C:\Users\Rev"/>
    <property name="user.language" value="en"/>
    <property name="java.specification.vendor" value="Oracle Corporation"/>
    <property name="jdk.module.path" value="D:\capstone projek\web testing\target\example-1.0-SNAPSHOT.jar"/>
    <property name="java.version.date" value="2022-01-18"/>
    <property name="java.home" value="C:\Program Files\Java\jdk-17.0.2"/>
    <property name="file.separator" value="\"/>
    <property name="basedir" value="D:\capstone projek\web testing"/>
    <property name="java.vm.compressedOopsMode" value="Zero based"/>
    <property name="line.separator" value="&#10;"/>
    <property name="java.vm.specification.vendor" value="Oracle Corporation"/>
    <property name="java.specification.name" value="Java Platform API Specification"/>
    <property name="surefire.real.class.path" value="C:\Users\Rev\.m2\repository\org\apache\maven\surefire\surefire-booter\3.0.0-M5\surefire-booter-3.0.0-M5.jar;C:\Users\Rev\.m2\repository\org\apache\maven\surefire\surefire-api\3.0.0-M5\surefire-api-3.0.0-M5.jar;C:\Users\Rev\.m2\repository\org\apache\maven\surefire\surefire-logger-api\3.0.0-M5\surefire-logger-api-3.0.0-M5.jar;C:\Users\Rev\.m2\repository\org\apache\maven\surefire\surefire-shared-utils\3.0.0-M4\surefire-shared-utils-3.0.0-M4.jar;C:\Users\Rev\.m2\repository\org\apache\maven\surefire\surefire-extensions-spi\3.0.0-M5\surefire-extensions-spi-3.0.0-M5.jar;D:\capstone projek\web testing\target\test-classes;C:\Users\Rev\.m2\repository\net\serenity-bdd\serenity-core\3.2.1\serenity-core-3.2.1.jar;C:\Users\Rev\.m2\repository\net\serenity-bdd\serenity-model\3.2.1\serenity-model-3.2.1.jar;C:\Users\Rev\.m2\repository\org\apache\commons\commons-text\1.9\commons-text-1.9.jar;C:\Users\Rev\.m2\repository\commons-net\commons-net\3.8.0\commons-net-3.8.0.jar;C:\Users\Rev\.m2\repository\com\google\guava\guava\31.1-jre\guava-31.1-jre.jar;C:\Users\Rev\.m2\repository\com\google\guava\failureaccess\1.0.1\failureaccess-1.0.1.jar;C:\Users\Rev\.m2\repository\com\google\guava\listenablefuture\9999.0-empty-to-avoid-conflict-with-guava\listenablefuture-9999.0-empty-to-avoid-conflict-with-guava.jar;C:\Users\Rev\.m2\repository\com\google\code\findbugs\jsr305\3.0.2\jsr305-3.0.2.jar;C:\Users\Rev\.m2\repository\org\checkerframework\checker-qual\3.12.0\checker-qual-3.12.0.jar;C:\Users\Rev\.m2\repository\com\google\errorprone\error_prone_annotations\2.11.0\error_prone_annotations-2.11.0.jar;C:\Users\Rev\.m2\repository\com\google\j2objc\j2objc-annotations\1.3\j2objc-annotations-1.3.jar;C:\Users\Rev\.m2\repository\com\google\inject\guice\5.1.0\guice-5.1.0.jar;C:\Users\Rev\.m2\repository\javax\inject\javax.inject\1\javax.inject-1.jar;C:\Users\Rev\.m2\repository\aopalliance\aopalliance\1.0\aopalliance-1.0.jar;C:\Users\Rev\.m2\repository\org\jsoup\jsoup\1.14.3\jsoup-1.14.3.jar;C:\Users\Rev\.m2\repository\com\thoughtworks\xstream\xstream\1.4.19\xstream-1.4.19.jar;C:\Users\Rev\.m2\repository\io\github\x-stream\mxparser\1.2.2\mxparser-1.2.2.jar;C:\Users\Rev\.m2\repository\xmlpull\xmlpull\1.1.3.1\xmlpull-1.1.3.1.jar;C:\Users\Rev\.m2\repository\io\cucumber\cucumber-java\7.2.3\cucumber-java-7.2.3.jar;C:\Users\Rev\.m2\repository\com\typesafe\config\1.4.2\config-1.4.2.jar;C:\Users\Rev\.m2\repository\org\imgscalr\imgscalr-lib\4.2\imgscalr-lib-4.2.jar;C:\Users\Rev\.m2\repository\org\awaitility\awaitility\4.2.0\awaitility-4.2.0.jar;C:\Users\Rev\.m2\repository\org\freemarker\freemarker\2.3.31\freemarker-2.3.31.jar;C:\Users\Rev\.m2\repository\io\github\classgraph\classgraph\4.8.138\classgraph-4.8.138.jar;C:\Users\Rev\.m2\repository\net\sourceforge\jexcelapi\jxl\2.6.12\jxl-2.6.12.jar;C:\Users\Rev\.m2\repository\net\bytebuddy\byte-buddy\1.12.8\byte-buddy-1.12.8.jar;C:\Users\Rev\.m2\repository\net\bytebuddy\byte-buddy-agent\1.12.8\byte-buddy-agent-1.12.8.jar;C:\Users\Rev\.m2\repository\org\objenesis\objenesis\3.1\objenesis-3.1.jar;C:\Users\Rev\.m2\repository\net\serenity-bdd\serenity-reports\3.2.1\serenity-reports-3.2.1.jar;C:\Users\Rev\.m2\repository\net\serenity-bdd\serenity-stats\3.2.1\serenity-stats-3.2.1.jar;C:\Users\Rev\.m2\repository\net\serenity-bdd\serenity-reports-configuration\3.2.1\serenity-reports-configuration-3.2.1.jar;C:\Users\Rev\.m2\repository\com\vladsch\flexmark\flexmark-all\0.34.30\flexmark-all-0.34.30.jar;C:\Users\Rev\.m2\repository\com\vladsch\flexmark\flexmark\0.34.30\flexmark-0.34.30.jar;C:\Users\Rev\.m2\repository\com\vladsch\flexmark\flexmark-ext-abbreviation\0.34.30\flexmark-ext-abbreviation-0.34.30.jar;C:\Users\Rev\.m2\repository\com\vladsch\flexmark\flexmark-ext-admonition\0.34.30\flexmark-ext-admonition-0.34.30.jar;C:\Users\Rev\.m2\repository\com\vladsch\flexmark\flexmark-ext-anchorlink\0.34.30\flexmark-ext-anchorlink-0.34.30.jar;C:\Users\Rev\.m2\repository\com\vladsch\flexmark\flexmark-ext-aside\0.34.30\flexmark-ext-aside-0.34.30.jar;C:\Users\Rev\.m2\repository\com\vladsch\flexmark\flexmark-ext-attributes\0.34.30\flexmark-ext-attributes-0.34.30.jar;C:\Users\Rev\.m2\repository\com\vladsch\flexmark\flexmark-ext-autolink\0.34.30\flexmark-ext-autolink-0.34.30.jar;C:\Users\Rev\.m2\repository\org\nibor\autolink\autolink\0.6.0\autolink-0.6.0.jar;C:\Users\Rev\.m2\repository\com\vladsch\flexmark\flexmark-ext-definition\0.34.30\flexmark-ext-definition-0.34.30.jar;C:\Users\Rev\.m2\repository\com\vladsch\flexmark\flexmark-ext-emoji\0.34.30\flexmark-ext-emoji-0.34.30.jar;C:\Users\Rev\.m2\repository\com\vladsch\flexmark\flexmark-ext-enumerated-reference\0.34.30\flexmark-ext-enumerated-reference-0.34.30.jar;C:\Users\Rev\.m2\repository\com\vladsch\flexmark\flexmark-ext-escaped-character\0.34.30\flexmark-ext-escaped-character-0.34.30.jar;C:\Users\Rev\.m2\repository\com\vladsch\flexmark\flexmark-ext-footnotes\0.34.30\flexmark-ext-footnotes-0.34.30.jar;C:\Users\Rev\.m2\repository\com\vladsch\flexmark\flexmark-ext-gfm-issues\0.34.30\flexmark-ext-gfm-issues-0.34.30.jar;C:\Users\Rev\.m2\repository\com\vladsch\flexmark\flexmark-ext-gfm-strikethrough\0.34.30\flexmark-ext-gfm-strikethrough-0.34.30.jar;C:\Users\Rev\.m2\repository\com\vladsch\flexmark\flexmark-ext-gfm-tables\0.34.30\flexmark-ext-gfm-tables-0.34.30.jar;C:\Users\Rev\.m2\repository\com\vladsch\flexmark\flexmark-ext-gfm-tasklist\0.34.30\flexmark-ext-gfm-tasklist-0.34.30.jar;C:\Users\Rev\.m2\repository\com\vladsch\flexmark\flexmark-ext-gfm-users\0.34.30\flexmark-ext-gfm-users-0.34.30.jar;C:\Users\Rev\.m2\repository\com\vladsch\flexmark\flexmark-ext-gitlab\0.34.30\flexmark-ext-gitlab-0.34.30.jar;C:\Users\Rev\.m2\repository\com\vladsch\flexmark\flexmark-ext-jekyll-front-matter\0.34.30\flexmark-ext-jekyll-front-matter-0.34.30.jar;C:\Users\Rev\.m2\repository\com\vladsch\flexmark\flexmark-ext-jekyll-tag\0.34.30\flexmark-ext-jekyll-tag-0.34.30.jar;C:\Users\Rev\.m2\repository\com\vladsch\flexmark\flexmark-ext-media-tags\0.34.30\flexmark-ext-media-tags-0.34.30.jar;C:\Users\Rev\.m2\repository\com\vladsch\flexmark\flexmark-test-util\0.34.30\flexmark-test-util-0.34.30.jar;C:\Users\Rev\.m2\repository\com\vladsch\flexmark\flexmark-ext-ins\0.34.30\flexmark-ext-ins-0.34.30.jar;C:\Users\Rev\.m2\repository\com\vladsch\flexmark\flexmark-ext-xwiki-macros\0.34.30\flexmark-ext-xwiki-macros-0.34.30.jar;C:\Users\Rev\.m2\repository\com\vladsch\flexmark\flexmark-ext-superscript\0.34.30\flexmark-ext-superscript-0.34.30.jar;C:\Users\Rev\.m2\repository\com\vladsch\flexmark\flexmark-ext-tables\0.34.30\flexmark-ext-tables-0.34.30.jar;C:\Users\Rev\.m2\repository\com\vladsch\flexmark\flexmark-ext-toc\0.34.30\flexmark-ext-toc-0.34.30.jar;C:\Users\Rev\.m2\repository\com\vladsch\flexmark\flexmark-ext-typographic\0.34.30\flexmark-ext-typographic-0.34.30.jar;C:\Users\Rev\.m2\repository\com\vladsch\flexmark\flexmark-ext-wikilink\0.34.30\flexmark-ext-wikilink-0.34.30.jar;C:\Users\Rev\.m2\repository\com\vladsch\flexmark\flexmark-ext-yaml-front-matter\0.34.30\flexmark-ext-yaml-front-matter-0.34.30.jar;C:\Users\Rev\.m2\repository\com\vladsch\flexmark\flexmark-ext-youtube-embedded\0.34.30\flexmark-ext-youtube-embedded-0.34.30.jar;C:\Users\Rev\.m2\repository\com\vladsch\flexmark\flexmark-formatter\0.34.30\flexmark-formatter-0.34.30.jar;C:\Users\Rev\.m2\repository\com\vladsch\flexmark\flexmark-html-parser\0.34.30\flexmark-html-parser-0.34.30.jar;C:\Users\Rev\.m2\repository\com\vladsch\flexmark\flexmark-jira-converter\0.34.30\flexmark-jira-converter-0.34.30.jar;C:\Users\Rev\.m2\repository\com\vladsch\flexmark\flexmark-pdf-converter\0.34.30\flexmark-pdf-converter-0.34.30.jar;C:\Users\Rev\.m2\repository\com\openhtmltopdf\openhtmltopdf-core\0.0.1-RC13\openhtmltopdf-core-0.0.1-RC13.jar;C:\Users\Rev\.m2\repository\com\openhtmltopdf\openhtmltopdf-pdfbox\0.0.1-RC13\openhtmltopdf-pdfbox-0.0.1-RC13.jar;C:\Users\Rev\.m2\repository\org\apache\pdfbox\pdfbox\2.0.8\pdfbox-2.0.8.jar;C:\Users\Rev\.m2\repository\org\apache\pdfbox\fontbox\2.0.8\fontbox-2.0.8.jar;C:\Users\Rev\.m2\repository\commons-logging\commons-logging\1.2\commons-logging-1.2.jar;C:\Users\Rev\.m2\repository\org\apache\pdfbox\xmpbox\2.0.8\xmpbox-2.0.8.jar;C:\Users\Rev\.m2\repository\de\rototor\pdfbox\graphics2d\0.12\graphics2d-0.12.jar;C:\Users\Rev\.m2\repository\com\openhtmltopdf\openhtmltopdf-rtl-support\0.0.1-RC13\openhtmltopdf-rtl-support-0.0.1-RC13.jar;C:\Users\Rev\.m2\repository\com\ibm\icu\icu4j\59.1\icu4j-59.1.jar;C:\Users\Rev\.m2\repository\com\openhtmltopdf\openhtmltopdf-jsoup-dom-converter\0.0.1-RC13\openhtmltopdf-jsoup-dom-converter-0.0.1-RC13.jar;C:\Users\Rev\.m2\repository\com\vladsch\flexmark\flexmark-profile-pegdown\0.34.30\flexmark-profile-pegdown-0.34.30.jar;C:\Users\Rev\.m2\repository\com\vladsch\flexmark\flexmark-util\0.34.30\flexmark-util-0.34.30.jar;C:\Users\Rev\.m2\repository\com\vladsch\flexmark\flexmark-youtrack-converter\0.34.30\flexmark-youtrack-converter-0.34.30.jar;C:\Users\Rev\.m2\repository\es\nitaur\markdown\txtmark\0.16\txtmark-0.16.jar;C:\Users\Rev\.m2\repository\net\serenity-bdd\serenity-report-resources\3.2.1\serenity-report-resources-3.2.1.jar;C:\Users\Rev\.m2\repository\com\google\code\gson\gson\2.9.0\gson-2.9.0.jar;C:\Users\Rev\.m2\repository\com\fasterxml\jackson\core\jackson-core\2.13.2\jackson-core-2.13.2.jar;C:\Users\Rev\.m2\repository\com\fasterxml\jackson\core\jackson-databind\2.13.2\jackson-databind-2.13.2.jar;C:\Users\Rev\.m2\repository\com\fasterxml\jackson\core\jackson-annotations\2.13.2\jackson-annotations-2.13.2.jar;C:\Users\Rev\.m2\repository\commons-codec\commons-codec\1.15\commons-codec-1.15.jar;C:\Users\Rev\.m2\repository\commons-io\commons-io\2.11.0\commons-io-2.11.0.jar;C:\Users\Rev\.m2\repository\org\seleniumhq\selenium\selenium-java\4.1.2\selenium-java-4.1.2.jar;C:\Users\Rev\.m2\repository\org\seleniumhq\selenium\selenium-devtools-v85\4.1.2\selenium-devtools-v85-4.1.2.jar;C:\Users\Rev\.m2\repository\org\seleniumhq\selenium\selenium-devtools-v95\4.1.2\selenium-devtools-v95-4.1.2.jar;C:\Users\Rev\.m2\repository\org\seleniumhq\selenium\selenium-devtools-v96\4.1.2\selenium-devtools-v96-4.1.2.jar;C:\Users\Rev\.m2\repository\org\seleniumhq\selenium\selenium-devtools-v97\4.1.2\selenium-devtools-v97-4.1.2.jar;C:\Users\Rev\.m2\repository\org\seleniumhq\selenium\selenium-firefox-xpi-driver\4.1.2\selenium-firefox-xpi-driver-4.1.2.jar;C:\Users\Rev\.m2\repository\org\seleniumhq\selenium\selenium-opera-driver\4.1.2\selenium-opera-driver-4.1.2.jar;C:\Users\Rev\.m2\repository\org\seleniumhq\selenium\selenium-remote-driver\4.1.2\selenium-remote-driver-4.1.2.jar;C:\Users\Rev\.m2\repository\com\beust\jcommander\1.82\jcommander-1.82.jar;C:\Users\Rev\.m2\repository\io\netty\netty-buffer\4.1.73.Final\netty-buffer-4.1.73.Final.jar;C:\Users\Rev\.m2\repository\io\netty\netty-codec-http\4.1.73.Final\netty-codec-http-4.1.73.Final.jar;C:\Users\Rev\.m2\repository\io\netty\netty-codec\4.1.73.Final\netty-codec-4.1.73.Final.jar;C:\Users\Rev\.m2\repository\io\netty\netty-handler\4.1.73.Final\netty-handler-4.1.73.Final.jar;C:\Users\Rev\.m2\repository\io\netty\netty-tcnative-classes\2.0.46.Final\netty-tcnative-classes-2.0.46.Final.jar;C:\Users\Rev\.m2\repository\io\netty\netty-common\4.1.73.Final\netty-common-4.1.73.Final.jar;C:\Users\Rev\.m2\repository\io\netty\netty-transport-classes-epoll\4.1.73.Final\netty-transport-classes-epoll-4.1.73.Final.jar;C:\Users\Rev\.m2\repository\io\netty\netty-transport-classes-kqueue\4.1.73.Final\netty-transport-classes-kqueue-4.1.73.Final.jar;C:\Users\Rev\.m2\repository\io\netty\netty-transport-native-epoll\4.1.73.Final\netty-transport-native-epoll-4.1.73.Final.jar;C:\Users\Rev\.m2\repository\io\netty\netty-transport-native-kqueue\4.1.73.Final\netty-transport-native-kqueue-4.1.73.Final.jar;C:\Users\Rev\.m2\repository\io\netty\netty-transport-native-unix-common\4.1.73.Final\netty-transport-native-unix-common-4.1.73.Final.jar;C:\Users\Rev\.m2\repository\io\netty\netty-transport\4.1.73.Final\netty-transport-4.1.73.Final.jar;C:\Users\Rev\.m2\repository\io\netty\netty-resolver\4.1.73.Final\netty-resolver-4.1.73.Final.jar;C:\Users\Rev\.m2\repository\io\opentelemetry\opentelemetry-api\1.10.1\opentelemetry-api-1.10.1.jar;C:\Users\Rev\.m2\repository\io\opentelemetry\opentelemetry-context\1.10.1\opentelemetry-context-1.10.1.jar;C:\Users\Rev\.m2\repository\io\opentelemetry\opentelemetry-exporter-logging\1.10.1\opentelemetry-exporter-logging-1.10.1.jar;C:\Users\Rev\.m2\repository\io\opentelemetry\opentelemetry-sdk-metrics\1.10.1-alpha\opentelemetry-sdk-metrics-1.10.1-alpha.jar;C:\Users\Rev\.m2\repository\io\opentelemetry\opentelemetry-sdk-logs\1.10.1-alpha\opentelemetry-sdk-logs-1.10.1-alpha.jar;C:\Users\Rev\.m2\repository\io\opentelemetry\opentelemetry-sdk-common\1.10.1\opentelemetry-sdk-common-1.10.1.jar;C:\Users\Rev\.m2\repository\io\opentelemetry\opentelemetry-sdk-extension-autoconfigure-spi\1.10.1\opentelemetry-sdk-extension-autoconfigure-spi-1.10.1.jar;C:\Users\Rev\.m2\repository\io\opentelemetry\opentelemetry-sdk-extension-autoconfigure\1.10.1-alpha\opentelemetry-sdk-extension-autoconfigure-1.10.1-alpha.jar;C:\Users\Rev\.m2\repository\io\opentelemetry\opentelemetry-sdk-trace\1.10.1\opentelemetry-sdk-trace-1.10.1.jar;C:\Users\Rev\.m2\repository\io\opentelemetry\opentelemetry-sdk\1.10.1\opentelemetry-sdk-1.10.1.jar;C:\Users\Rev\.m2\repository\io\opentelemetry\opentelemetry-semconv\1.10.1-alpha\opentelemetry-semconv-1.10.1-alpha.jar;C:\Users\Rev\.m2\repository\io\ous\jtoml\2.0.0\jtoml-2.0.0.jar;C:\Users\Rev\.m2\repository\org\apache\commons\commons-exec\1.3\commons-exec-1.3.jar;C:\Users\Rev\.m2\repository\org\asynchttpclient\async-http-client\2.12.3\async-http-client-2.12.3.jar;C:\Users\Rev\.m2\repository\org\asynchttpclient\async-http-client-netty-utils\2.12.3\async-http-client-netty-utils-2.12.3.jar;C:\Users\Rev\.m2\repository\io\netty\netty-codec-socks\4.1.60.Final\netty-codec-socks-4.1.60.Final.jar;C:\Users\Rev\.m2\repository\io\netty\netty-handler-proxy\4.1.60.Final\netty-handler-proxy-4.1.60.Final.jar;C:\Users\Rev\.m2\repository\io\netty\netty-transport-native-epoll\4.1.60.Final\netty-transport-native-epoll-4.1.60.Final-linux-x86_64.jar;C:\Users\Rev\.m2\repository\io\netty\netty-transport-native-kqueue\4.1.60.Final\netty-transport-native-kqueue-4.1.60.Final-osx-x86_64.jar;C:\Users\Rev\.m2\repository\org\reactivestreams\reactive-streams\1.0.3\reactive-streams-1.0.3.jar;C:\Users\Rev\.m2\repository\com\typesafe\netty\netty-reactive-streams\2.0.4\netty-reactive-streams-2.0.4.jar;C:\Users\Rev\.m2\repository\org\seleniumhq\selenium\selenium-http\4.1.2\selenium-http-4.1.2.jar;C:\Users\Rev\.m2\repository\net\jodah\failsafe\2.4.4\failsafe-2.4.4.jar;C:\Users\Rev\.m2\repository\org\seleniumhq\selenium\selenium-safari-driver\4.1.2\selenium-safari-driver-4.1.2.jar;C:\Users\Rev\.m2\repository\org\seleniumhq\selenium\selenium-api\4.1.2\selenium-api-4.1.2.jar;C:\Users\Rev\.m2\repository\org\seleniumhq\selenium\selenium-support\4.1.2\selenium-support-4.1.2.jar;C:\Users\Rev\.m2\repository\com\google\auto\service\auto-service-annotations\1.0.1\auto-service-annotations-1.0.1.jar;C:\Users\Rev\.m2\repository\com\google\auto\service\auto-service\1.0.1\auto-service-1.0.1.jar;C:\Users\Rev\.m2\repository\com\google\auto\auto-common\1.2\auto-common-1.2.jar;C:\Users\Rev\.m2\repository\org\seleniumhq\selenium\selenium-json\4.1.2\selenium-json-4.1.2.jar;C:\Users\Rev\.m2\repository\org\seleniumhq\selenium\selenium-chrome-driver\4.1.2\selenium-chrome-driver-4.1.2.jar;C:\Users\Rev\.m2\repository\org\seleniumhq\selenium\selenium-chromium-driver\4.1.2\selenium-chromium-driver-4.1.2.jar;C:\Users\Rev\.m2\repository\org\seleniumhq\selenium\selenium-firefox-driver\4.1.2\selenium-firefox-driver-4.1.2.jar;C:\Users\Rev\.m2\repository\org\seleniumhq\selenium\selenium-edge-driver\4.1.2\selenium-edge-driver-4.1.2.jar;C:\Users\Rev\.m2\repository\org\seleniumhq\selenium\selenium-ie-driver\4.1.2\selenium-ie-driver-4.1.2.jar;C:\Users\Rev\.m2\repository\org\projectlombok\lombok\1.18.20\lombok-1.18.20.jar;C:\Users\Rev\.m2\repository\io\appium\java-client\8.0.0\java-client-8.0.0.jar;C:\Users\Rev\.m2\repository\commons-validator\commons-validator\1.7\commons-validator-1.7.jar;C:\Users\Rev\.m2\repository\commons-digester\commons-digester\2.1\commons-digester-2.1.jar;C:\Users\Rev\.m2\repository\org\aspectj\aspectjweaver\1.9.8\aspectjweaver-1.9.8.jar;C:\Users\Rev\.m2\repository\org\codehaus\groovy\groovy\3.0.10\groovy-3.0.10.jar;C:\Users\Rev\.m2\repository\net\sf\opencsv\opencsv\2.0\opencsv-2.0.jar;C:\Users\Rev\.m2\repository\commons-beanutils\commons-beanutils\1.9.4\commons-beanutils-1.9.4.jar;C:\Users\Rev\.m2\repository\org\apache\commons\commons-lang3\3.12.0\commons-lang3-3.12.0.jar;C:\Users\Rev\.m2\repository\commons-collections\commons-collections\3.2.2\commons-collections-3.2.2.jar;C:\Users\Rev\.m2\repository\org\fluentlenium\fluentlenium-core\0.10.2\fluentlenium-core-0.10.2.jar;C:\Users\Rev\.m2\repository\io\github\bonigarcia\webdrivermanager\5.1.0\webdrivermanager-5.1.0.jar;C:\Users\Rev\.m2\repository\com\github\docker-java\docker-java\3.2.13\docker-java-3.2.13.jar;C:\Users\Rev\.m2\repository\com\github\docker-java\docker-java-core\3.2.13\docker-java-core-3.2.13.jar;C:\Users\Rev\.m2\repository\com\github\docker-java\docker-java-api\3.2.13\docker-java-api-3.2.13.jar;C:\Users\Rev\.m2\repository\org\apache\commons\commons-compress\1.21\commons-compress-1.21.jar;C:\Users\Rev\.m2\repository\org\bouncycastle\bcpkix-jdk15on\1.64\bcpkix-jdk15on-1.64.jar;C:\Users\Rev\.m2\repository\org\bouncycastle\bcprov-jdk15on\1.64\bcprov-jdk15on-1.64.jar;C:\Users\Rev\.m2\repository\org\slf4j\jcl-over-slf4j\1.7.30\jcl-over-slf4j-1.7.30.jar;C:\Users\Rev\.m2\repository\com\github\docker-java\docker-java-transport-httpclient5\3.2.13\docker-java-transport-httpclient5-3.2.13.jar;C:\Users\Rev\.m2\repository\com\github\docker-java\docker-java-transport\3.2.13\docker-java-transport-3.2.13.jar;C:\Users\Rev\.m2\repository\org\apache\httpcomponents\client5\httpclient5\5.0.3\httpclient5-5.0.3.jar;C:\Users\Rev\.m2\repository\org\apache\httpcomponents\core5\httpcore5\5.0.2\httpcore5-5.0.2.jar;C:\Users\Rev\.m2\repository\net\java\dev\jna\jna\5.8.0\jna-5.8.0.jar;C:\Users\Rev\.m2\repository\org\brotli\dec\0.1.2\dec-0.1.2.jar;C:\Users\Rev\.m2\repository\com\jhlabs\filters\2.0.235\filters-2.0.235.jar;C:\Users\Rev\.m2\repository\com\paulhammant\ngwebdriver\1.1.6\ngwebdriver-1.1.6.jar;C:\Users\Rev\.m2\repository\joda-time\joda-time\2.8.2\joda-time-2.8.2.jar;C:\Users\Rev\.m2\repository\org\hamcrest\hamcrest\2.2\hamcrest-2.2.jar;C:\Users\Rev\.m2\repository\com\google\jimfs\jimfs\1.2\jimfs-1.2.jar;C:\Users\Rev\.m2\repository\org\mockito\mockito-core\3.3.3\mockito-core-3.3.3.jar;C:\Users\Rev\.m2\repository\javax\xml\bind\jaxb-api\2.3.1\jaxb-api-2.3.1.jar;C:\Users\Rev\.m2\repository\javax\activation\javax.activation-api\1.2.0\javax.activation-api-1.2.0.jar;C:\Users\Rev\.m2\repository\com\sun\xml\bind\jaxb-core\2.3.0.1\jaxb-core-2.3.0.1.jar;C:\Users\Rev\.m2\repository\com\sun\xml\bind\jaxb-impl\2.3.3\jaxb-impl-2.3.3.jar;C:\Users\Rev\.m2\repository\jakarta\xml\bind\jakarta.xml.bind-api\2.3.3\jakarta.xml.bind-api-2.3.3.jar;C:\Users\Rev\.m2\repository\com\sun\activation\jakarta.activation\1.2.2\jakarta.activation-1.2.2.jar;C:\Users\Rev\.m2\repository\javax\activation\activation\1.1.1\activation-1.1.1.jar;C:\Users\Rev\.m2\repository\net\serenity-bdd\serenity-cucumber\3.2.1\serenity-cucumber-3.2.1.jar;C:\Users\Rev\.m2\repository\io\cucumber\cucumber-core\7.2.3\cucumber-core-7.2.3.jar;C:\Users\Rev\.m2\repository\io\cucumber\cucumber-gherkin\7.2.3\cucumber-gherkin-7.2.3.jar;C:\Users\Rev\.m2\repository\io\cucumber\cucumber-gherkin-messages\7.2.3\cucumber-gherkin-messages-7.2.3.jar;C:\Users\Rev\.m2\repository\io\cucumber\messages\17.1.1\messages-17.1.1.jar;C:\Users\Rev\.m2\repository\io\cucumber\tag-expressions\4.1.0\tag-expressions-4.1.0.jar;C:\Users\Rev\.m2\repository\io\cucumber\cucumber-expressions\15.0.1\cucumber-expressions-15.0.1.jar;C:\Users\Rev\.m2\repository\io\cucumber\datatable\7.2.3\datatable-7.2.3.jar;C:\Users\Rev\.m2\repository\io\cucumber\cucumber-plugin\7.2.3\cucumber-plugin-7.2.3.jar;C:\Users\Rev\.m2\repository\io\cucumber\docstring\7.2.3\docstring-7.2.3.jar;C:\Users\Rev\.m2\repository\io\cucumber\html-formatter\17.0.0\html-formatter-17.0.0.jar;C:\Users\Rev\.m2\repository\io\cucumber\ci-environment\8.1.0\ci-environment-8.1.0.jar;C:\Users\Rev\.m2\repository\io\cucumber\cucumber-junit\7.2.3\cucumber-junit-7.2.3.jar;C:\Users\Rev\.m2\repository\org\apache\commons\commons-csv\1.5\commons-csv-1.5.jar;C:\Users\Rev\.m2\repository\net\serenity-bdd\serenity-screenplay\3.2.1\serenity-screenplay-3.2.1.jar;C:\Users\Rev\.m2\repository\net\serenity-bdd\serenity-screenplay-webdriver\3.2.1\serenity-screenplay-webdriver-3.2.1.jar;C:\Users\Rev\.m2\repository\net\serenity-bdd\serenity-ensure\3.2.1\serenity-ensure-3.2.1.jar;C:\Users\Rev\.m2\repository\net\serenity-bdd\serenity-junit\3.2.1\serenity-junit-3.2.1.jar;C:\Users\Rev\.m2\repository\org\jetbrains\kotlin\kotlin-stdlib\1.6.0\kotlin-stdlib-1.6.0.jar;C:\Users\Rev\.m2\repository\org\jetbrains\annotations\13.0\annotations-13.0.jar;C:\Users\Rev\.m2\repository\org\jetbrains\kotlin\kotlin-stdlib-common\1.6.0\kotlin-stdlib-common-1.6.0.jar;C:\Users\Rev\.m2\repository\org\junit\platform\junit-platform-launcher\1.8.1\junit-platform-launcher-1.8.1.jar;C:\Users\Rev\.m2\repository\org\junit\platform\junit-platform-engine\1.8.1\junit-platform-engine-1.8.1.jar;C:\Users\Rev\.m2\repository\org\opentest4j\opentest4j\1.2.0\opentest4j-1.2.0.jar;C:\Users\Rev\.m2\repository\org\junit\platform\junit-platform-commons\1.8.1\junit-platform-commons-1.8.1.jar;C:\Users\Rev\.m2\repository\org\apiguardian\apiguardian-api\1.1.2\apiguardian-api-1.1.2.jar;C:\Users\Rev\.m2\repository\org\junit\jupiter\junit-jupiter-engine\5.8.2\junit-jupiter-engine-5.8.2.jar;C:\Users\Rev\.m2\repository\org\junit\jupiter\junit-jupiter-api\5.8.2\junit-jupiter-api-5.8.2.jar;C:\Users\Rev\.m2\repository\org\junit\vintage\junit-vintage-engine\5.8.2\junit-vintage-engine-5.8.2.jar;C:\Users\Rev\.m2\repository\junit\junit\4.13.2\junit-4.13.2.jar;C:\Users\Rev\.m2\repository\org\hamcrest\hamcrest-core\1.3\hamcrest-core-1.3.jar;C:\Users\Rev\.m2\repository\ch\qos\logback\logback-classic\1.2.10\logback-classic-1.2.10.jar;C:\Users\Rev\.m2\repository\ch\qos\logback\logback-core\1.2.10\logback-core-1.2.10.jar;C:\Users\Rev\.m2\repository\org\slf4j\slf4j-api\1.7.32\slf4j-api-1.7.32.jar;C:\Users\Rev\.m2\repository\org\assertj\assertj-core\3.6.2\assertj-core-3.6.2.jar;C:\Users\Rev\.m2\repository\org\apache\maven\surefire\surefire-junit-platform\3.0.0-M5\surefire-junit-platform-3.0.0-M5.jar;C:\Users\Rev\.m2\repository\org\apache\maven\surefire\common-java5\3.0.0-M5\common-java5-3.0.0-M5.jar"/>
    <property name="user.script" value=""/>
    <property name="java.protocol.handler.pkgs" value="com.google.common"/>
    <property name="sun.management.compiler" value="HotSpot 64-Bit Tiered Compilers"/>
    <property name="java.runtime.version" value="17.0.2+8-LTS-86"/>
    <property name="user.name" value="Rev"/>
    <property name="path.separator" value=";"/>
    <property name="os.version" value="10.0"/>
    <property name="java.runtime.name" value="Java(TM) SE Runtime Environment"/>
    <property name="file.encoding" value="Cp1252"/>
    <property name="webdriver.base.url" value=""/>
    <property name="java.vm.name" value="Java HotSpot(TM) 64-Bit Server VM"/>
    <property name="localRepository" value="C:\Users\Rev\.m2\repository"/>
    <property name="java.vendor.url.bug" value="https://bugreport.java.com/bugreport/"/>
    <property name="java.io.tmpdir" value="C:\Users\Rev\AppData\Local\Temp\"/>
    <property name="java.version" value="17.0.2"/>
    <property name="user.dir" value="D:\capstone projek\web testing"/>
    <property name="os.arch" value="amd64"/>
    <property name="java.vm.specification.name" value="Java Virtual Machine Specification"/>
    <property name="sun.os.patch.level" value=""/>
    <property name="native.encoding" value="Cp1252"/>
    <property name="java.library.path" value="C:\Program Files\Java\jdk-17.0.2\bin;C:\Windows\Sun\Java\bin;C:\Windows\system32;C:\Windows;C:\Program Files\Common Files\Oracle\Java\javapath;C:\Windows\system32;C:\Windows;C:\Windows\System32\Wbem;C:\Windows\System32\WindowsPowerShell\v1.0\;C:\Windows\System32\OpenSSH\;C:\Program Files (x86)\dotnet\;C:\Program Files\NVIDIA Corporation\NVIDIA NvDLISR;C:\Program Files\MATLAB\R2017a\runtime\win64;C:\Program Files\MATLAB\R2017a\bin;C:\Program Files (x86)\NVIDIA Corporation\PhysX\Common;C:\Program Files\Git\cmd;C:\Program Files\apache-maven-3.8.5\bin;C:\Program Files\nodejs\;C:\Users\Rev\AppData\Local\Android\Sdk\platform-tools;C:\Program Files\Microsoft SQL Server\110\Tools\Binn\;C:\Users\Rev\AppData\Local\Microsoft\WindowsApps;;C:\IntelliJ IDEA Community Edition 2021.3.2\bin;;C:\Users\Rev\AppData\Roaming\npm;."/>
    <property name="java.vm.info" value="mixed mode"/>
    <property name="java.vendor" value="Oracle Corporation"/>
    <property name="java.vm.version" value="17.0.2+8-LTS-86"/>
    <property name="sun.io.unicode.encoding" value="UnicodeLittle"/>
    <property name="java.class.version" value="61.0"/>
  </properties>
  <testcase name="As a user, i able to login successfully" classname="As a admin, I want to see home page" time="12.366">
    <system-out><![CDATA[00:45:27.335 [main] INFO io.cucumber.core.plugin.SerenityReporter - Running feature from file:///D:/capstone%20projek/web%20testing/src/test/resources/features/Login.feature
00:45:27.478 [main] INFO  - 

-------------------------------------------------------------------------------------
     _______. _______ .______       _______ .__   __.  __  .___________.____    ____ 
    /       ||   ____||   _  \     |   ____||  \ |  | |  | |           |\   \  /   / 
   |   (----`|  |__   |  |_)  |    |  |__   |   \|  | |  | `---|  |----` \   \/   /  
    \   \    |   __|  |      /     |   __|  |  . `  | |  |     |  |       \_    _/   
.----)   |   |  |____ |  |\  \----.|  |____ |  |\   | |  |     |  |         |  |     
|_______/    |_______|| _| `._____||_______||__| \__| |__|     |__|         |__|    
                                                                                     
 News and tutorials at http://www.serenity-bdd.info                                  
 Documentation at https://wakaleo.gitbooks.io/the-serenity-book/content/             
 Join the Serenity Community on Gitter: https://gitter.im/serenity-bdd/serenity-core 
 Serenity BDD Support and Training at http://serenity-bdd.info/#/trainingandsupport  
-------------------------------------------------------------------------------------

00:45:27.479 [main] DEBUG net.thucydides.core.steps.StepEventBus - Test suite started for story net.thucydides.core.model.Story@9b3c88cf
00:45:27.482 [main] INFO  - Test Suite Started: As a admin, I want to see home page
00:45:27.492 [main] INFO io.cucumber.core.plugin.SerenityReporter - Running feature from file:///D:/capstone%20projek/web%20testing/src/test/resources/features/booking.feature
00:45:27.495 [main] DEBUG net.thucydides.core.steps.StepEventBus - Test suite started for story net.thucydides.core.model.Story@13ccf0ba
00:45:27.496 [main] INFO  - Test Suite Started: admin see detail booking page
00:45:27.496 [main] INFO io.cucumber.core.plugin.SerenityReporter - Running feature from file:///D:/capstone%20projek/web%20testing/src/test/resources/features/class.feature
00:45:27.499 [main] DEBUG net.thucydides.core.steps.StepEventBus - Test suite started for story net.thucydides.core.model.Story@509f8330
00:45:27.500 [main] INFO  - Test Suite Started: admin on the class page
00:45:27.500 [main] INFO io.cucumber.core.plugin.SerenityReporter - Running feature from file:///D:/capstone%20projek/web%20testing/src/test/resources/features/content.feature
00:45:27.503 [main] DEBUG net.thucydides.core.steps.StepEventBus - Test suite started for story net.thucydides.core.model.Story@1e597557
00:45:27.503 [main] INFO  - Test Suite Started: admin can see detail content page
00:45:27.504 [main] INFO io.cucumber.core.plugin.SerenityReporter - Running feature from file:///D:/capstone%20projek/web%20testing/src/test/resources/features/dashboard.feature
00:45:27.507 [main] DEBUG net.thucydides.core.steps.StepEventBus - Test suite started for story net.thucydides.core.model.Story@2155b0f2
00:45:27.507 [main] INFO  - Test Suite Started: see detail about dashboard page
00:45:27.507 [main] INFO io.cucumber.core.plugin.SerenityReporter - Running feature from file:///D:/capstone%20projek/web%20testing/src/test/resources/features/manageadmin.feature
00:45:27.510 [main] DEBUG net.thucydides.core.steps.StepEventBus - Test suite started for story net.thucydides.core.model.Story@27d4725c
00:45:27.511 [main] INFO  - Test Suite Started: admin see detail manageadmin page
00:45:27.511 [main] INFO io.cucumber.core.plugin.SerenityReporter - Running feature from file:///D:/capstone%20projek/web%20testing/src/test/resources/features/membeship.feature
00:45:27.513 [main] DEBUG net.thucydides.core.steps.StepEventBus - Test suite started for story net.thucydides.core.model.Story@9cec83d
00:45:27.514 [main] INFO  - Test Suite Started: admin can see detail membership page
00:45:27.514 [main] INFO io.cucumber.core.plugin.SerenityReporter - Running feature from file:///D:/capstone%20projek/web%20testing/src/test/resources/features/newsletter.feature
00:45:27.518 [main] DEBUG net.thucydides.core.steps.StepEventBus - Test suite started for story net.thucydides.core.model.Story@ff4c3d02
00:45:27.518 [main] INFO  - Test Suite Started: admin see detail newsletter page
00:45:27.518 [main] INFO io.cucumber.core.plugin.SerenityReporter - Running feature from file:///D:/capstone%20projek/web%20testing/src/test/resources/features/user.feature
00:45:27.521 [main] DEBUG net.thucydides.core.steps.StepEventBus - Test suite started for story net.thucydides.core.model.Story@c294d6a6
00:45:27.521 [main] INFO  - Test Suite Started: admin see detail user page
00:45:27.522 [main] INFO io.cucumber.core.plugin.SerenityReporter - Running feature from file:///D:/capstone%20projek/web%20testing/src/test/resources/features/Login.feature
00:45:27.523 [main] DEBUG net.thucydides.core.steps.StepEventBus - Test suite started for story net.thucydides.core.model.Story@9b3c88cf
00:45:27.523 [main] INFO  - Test Suite Started: As a admin, I want to see home page

@logins
Scenario: As a user, i able to login successfully &amp#27;[90m# src/test/resources/features/Login.feature:4&amp#27;[0m
00:45:27.594 [main] INFO io.cucumber.core.plugin.SerenityReporter - Running feature from file:///D:/capstone%20projek/web%20testing/src/test/resources/features/Login.feature
00:45:27.660 [main] INFO  - 
  _____   ___   ___   _____     ___   _____     _     ___   _____   ___   ___  
 |_   _| | __| / __| |_   _|   / __| |_   _|   /_\   | _ \ |_   _| | __| |   \ 
   | |   | _|  \__ \   | |     \__ \   | |    / _ \  |   /   | |   | _|  | |) |
   |_|   |___| |___/   |_|     |___/   |_|   /_/ \_\ |_|_\   |_|   |___| |___/ 

As a user, i able to login successfully(as-a-admin--i-want-to-see-home-page;as-a-user--i-able-to-login-successfully)
--------------------------------------------------------------------------------
00:45:28.115 [main] DEBUG net.thucydides.core.steps.StepInterceptor - STARTING STEP: LoginSteps.adminOnLoginPage - openPage
00:45:28.149 [main] INFO net.serenitybdd.core.webdriver.driverproviders.ChromeDriverProvider - Using automatically driver download
00:45:28.588 [main] DEBUG io.github.bonigarcia.wdm.cache.ResolutionCache - Resolution chrome=103 in cache (valid until 01:32:20 22/07/2022 WITA)
00:45:28.591 [main] DEBUG io.github.bonigarcia.wdm.cache.ResolutionCache - Resolution chrome103=103.0.5060.134 in cache (valid until 21:05:58 22/07/2022 WITA)
00:45:28.593 [main] INFO io.github.bonigarcia.wdm.WebDriverManager - Using chromedriver 103.0.5060.134 (resolved driver for Chrome 103)
00:45:28.605 [main] DEBUG io.github.bonigarcia.wdm.WebDriverManager - Driver chromedriver 103.0.5060.134 found in cache
00:45:28.611 [main] INFO io.github.bonigarcia.wdm.WebDriverManager - Exporting webdriver.chrome.driver as C:\Users\Rev\.cache\selenium\chromedriver\win32\103.0.5060.134\chromedriver.exe
00:45:29.062 [main] DEBUG net.thucydides.core.reflection.ClassFinder - Could not load class .starter.CucumberTestSuite
00:45:29.063 [main] DEBUG net.thucydides.core.reflection.ClassFinder - Could not load class .starter.definitions.BookingSteps
00:45:29.063 [main] DEBUG net.thucydides.core.reflection.ClassFinder - Could not load class .starter.definitions.ClassSteps
00:45:29.063 [main] DEBUG net.thucydides.core.reflection.ClassFinder - Could not load class .starter.definitions.ContentSteps
00:45:29.063 [main] DEBUG net.thucydides.core.reflection.ClassFinder - Could not load class .starter.definitions.DashboardSteps
00:45:29.063 [main] DEBUG net.thucydides.core.reflection.ClassFinder - Could not load class .starter.definitions.LoginSteps
00:45:29.063 [main] DEBUG net.thucydides.core.reflection.ClassFinder - Could not load class .starter.definitions.ManageadminSteps
00:45:29.063 [main] DEBUG net.thucydides.core.reflection.ClassFinder - Could not load class .starter.definitions.MembershipSteps
00:45:29.063 [main] DEBUG net.thucydides.core.reflection.ClassFinder - Could not load class .starter.definitions.NewsletterSteps
00:45:29.063 [main] DEBUG net.thucydides.core.reflection.ClassFinder - Could not load class .starter.definitions.UserSteps
00:45:29.063 [main] DEBUG net.thucydides.core.reflection.ClassFinder - Could not load class .starter.pages.BookingPage
00:45:29.063 [main] DEBUG net.thucydides.core.reflection.ClassFinder - Could not load class .starter.pages.ClassPage
00:45:29.063 [main] DEBUG net.thucydides.core.reflection.ClassFinder - Could not load class .starter.pages.ContentPage
00:45:29.063 [main] DEBUG net.thucydides.core.reflection.ClassFinder - Could not load class .starter.pages.DashboardPage
00:45:29.063 [main] DEBUG net.thucydides.core.reflection.ClassFinder - Could not load class .starter.pages.HomePage
00:45:29.063 [main] DEBUG net.thucydides.core.reflection.ClassFinder - Could not load class .starter.pages.LoginPage
00:45:29.064 [main] DEBUG net.thucydides.core.reflection.ClassFinder - Could not load class .starter.pages.ManageadminPage
00:45:29.064 [main] DEBUG net.thucydides.core.reflection.ClassFinder - Could not load class .starter.pages.MembershipPage
00:45:29.064 [main] DEBUG net.thucydides.core.reflection.ClassFinder - Could not load class .starter.pages.NewsletterPage
00:45:29.064 [main] DEBUG net.thucydides.core.reflection.ClassFinder - Could not load class .starter.pages.UserPage
00:45:29.064 [main] DEBUG net.thucydides.core.reflection.ClassFinder - Could not load class META-INF.versions.9.com.sun.istack.logging.StackHelper
00:45:29.065 [main] DEBUG net.thucydides.core.reflection.ClassFinder - Could not load class META-INF.versions.9.com.sun.xml.bind.v2.runtime.reflect.opt.AccessorInjector
00:45:29.065 [main] DEBUG net.thucydides.core.reflection.ClassFinder - Could not load class META-INF.versions.9.com.sun.xml.bind.v2.runtime.reflect.opt.Injector
00:45:29.065 [main] DEBUG net.thucydides.core.reflection.ClassFinder - Could not load class META-INF.versions.9.com.sun.xml.bind.v2.runtime.reflect.opt.OptimizedAccessorFactory
00:45:29.065 [main] DEBUG net.thucydides.core.reflection.ClassFinder - Could not load class META-INF.versions.9.com.sun.xml.bind.v2.runtime.reflect.opt.OptimizedTransducedAccessorFactory
00:45:29.066 [main] DEBUG net.thucydides.core.reflection.ClassFinder - Could not load class META-INF.versions.9.io.opentelemetry.sdk.internal.CurrentJavaVersionSpecific
00:45:29.066 [main] DEBUG net.thucydides.core.reflection.ClassFinder - Could not load class META-INF.versions.9.io.opentelemetry.sdk.internal.Java9VersionSpecific
00:45:29.066 [main] DEBUG net.thucydides.core.reflection.ClassFinder - Could not load class META-INF.versions.9.javax.xml.bind.ModuleUtil
00:45:29.066 [main] DEBUG net.thucydides.core.reflection.ClassFinder - Could not load class META-INF.versions.9.module-info
00:45:29.067 [main] DEBUG net.thucydides.core.reflection.ClassFinder - Could not load class META-INF.versions.9.org.junit.platform.commons.util.ModuleUtils
00:45:29.285 [main] DEBUG net.thucydides.core.reflection.ClassFinder - Could not load class com.google.gson.internal.
00:45:29.396 [main] DEBUG net.thucydides.core.reflection.ClassFinder - Could not load class com.sun.xml.bind.v2.runtime.output.FastInfosetStreamWriterOutput
00:45:29.681 [main] DEBUG net.thucydides.core.reflection.ClassFinder - Could not load class module-info
00:45:31.753 [main] DEBUG io.netty.util.internal.logging.InternalLoggerFactory - Using SLF4J as the default logging framework
00:45:31.755 [main] DEBUG io.netty.util.ResourceLeakDetector - -Dio.netty.leakDetection.level: simple
00:45:31.755 [main] DEBUG io.netty.util.ResourceLeakDetector - -Dio.netty.leakDetection.targetRecords: 4
00:45:31.757 [main] DEBUG io.netty.util.ResourceLeakDetectorFactory - Loaded default ResourceLeakDetector: io.netty.util.ResourceLeakDetector@5e7026b9
00:45:31.770 [main] DEBUG io.netty.util.internal.PlatformDependent0 - -Dio.netty.noUnsafe: false
00:45:31.770 [main] DEBUG io.netty.util.internal.PlatformDependent0 - Java version: 17
00:45:31.771 [main] DEBUG io.netty.util.internal.PlatformDependent0 - sun.misc.Unsafe.theUnsafe: available
00:45:31.771 [main] DEBUG io.netty.util.internal.PlatformDependent0 - sun.misc.Unsafe.copyMemory: available
00:45:31.772 [main] DEBUG io.netty.util.internal.PlatformDependent0 - java.nio.Buffer.address: available
00:45:31.772 [main] DEBUG io.netty.util.internal.PlatformDependent0 - direct buffer constructor: unavailable: Reflective setAccessible(true) disabled
00:45:31.772 [main] DEBUG io.netty.util.internal.PlatformDependent0 - java.nio.Bits.unaligned: available, true
00:45:31.773 [main] DEBUG io.netty.util.internal.PlatformDependent0 - jdk.internal.misc.Unsafe.allocateUninitializedArray(int): unavailable: class io.netty.util.internal.PlatformDependent0$6 cannot access class jdk.internal.misc.Unsafe (in module java.base) because module java.base does not export jdk.internal.misc to unnamed module @346d61be
00:45:31.774 [main] DEBUG io.netty.util.internal.PlatformDependent0 - java.nio.DirectByteBuffer.<init>(long, int): unavailable
00:45:31.774 [main] DEBUG io.netty.util.internal.PlatformDependent - sun.misc.Unsafe: available
00:45:31.775 [main] DEBUG io.netty.util.internal.PlatformDependent - maxDirectMemory: 4276092928 bytes (maybe)
00:45:31.775 [main] DEBUG io.netty.util.internal.PlatformDependent - -Dio.netty.tmpdir: C:\Users\Rev\AppData\Local\Temp (java.io.tmpdir)
00:45:31.775 [main] DEBUG io.netty.util.internal.PlatformDependent - -Dio.netty.bitMode: 64 (sun.arch.data.model)
00:45:31.776 [main] DEBUG io.netty.util.internal.PlatformDependent - Platform: Windows
00:45:31.776 [main] DEBUG io.netty.util.internal.PlatformDependent - -Dio.netty.maxDirectMemory: -1 bytes
00:45:31.776 [main] DEBUG io.netty.util.internal.PlatformDependent - -Dio.netty.uninitializedArrayAllocationThreshold: -1
00:45:31.777 [main] DEBUG io.netty.util.internal.CleanerJava9 - java.nio.ByteBuffer.cleaner(): available
00:45:31.777 [main] DEBUG io.netty.util.internal.PlatformDependent - -Dio.netty.noPreferDirect: false
00:45:31.782 [main] DEBUG io.netty.util.internal.PlatformDependent - org.jctools-core.MpscChunkedArrayQueue: available
00:45:31.795 [main] DEBUG io.netty.util.internal.InternalThreadLocalMap - -Dio.netty.threadLocalMap.stringBuilder.initialSize: 1024
00:45:31.795 [main] DEBUG io.netty.util.internal.InternalThreadLocalMap - -Dio.netty.threadLocalMap.stringBuilder.maxSize: 4096
00:45:31.826 [main] DEBUG io.netty.handler.ssl.JdkSslContext - Default protocols (JDK): [TLSv1.3, TLSv1.2] 
00:45:31.826 [main] DEBUG io.netty.handler.ssl.JdkSslContext - Default cipher suites (JDK): [TLS_ECDHE_ECDSA_WITH_AES_256_GCM_SHA384, TLS_ECDHE_ECDSA_WITH_AES_128_GCM_SHA256, TLS_ECDHE_RSA_WITH_AES_128_GCM_SHA256, TLS_ECDHE_RSA_WITH_AES_256_GCM_SHA384, TLS_ECDHE_RSA_WITH_AES_128_CBC_SHA, TLS_ECDHE_RSA_WITH_AES_256_CBC_SHA, TLS_RSA_WITH_AES_128_GCM_SHA256, TLS_RSA_WITH_AES_128_CBC_SHA, TLS_RSA_WITH_AES_256_CBC_SHA, TLS_AES_128_GCM_SHA256, TLS_AES_256_GCM_SHA384]
00:45:31.845 [main] DEBUG io.netty.channel.MultithreadEventLoopGroup - -Dio.netty.eventLoopThreads: 24
00:45:31.851 [main] DEBUG io.netty.channel.nio.NioEventLoop - -Dio.netty.noKeySetOptimization: false
00:45:31.852 [main] DEBUG io.netty.channel.nio.NioEventLoop - -Dio.netty.selectorAutoRebuildThreshold: 512
00:45:31.901 [main] DEBUG io.netty.buffer.PooledByteBufAllocator - -Dio.netty.allocator.numHeapArenas: 24
00:45:31.901 [main] DEBUG io.netty.buffer.PooledByteBufAllocator - -Dio.netty.allocator.numDirectArenas: 24
00:45:31.901 [main] DEBUG io.netty.buffer.PooledByteBufAllocator - -Dio.netty.allocator.pageSize: 8192
00:45:31.901 [main] DEBUG io.netty.buffer.PooledByteBufAllocator - -Dio.netty.allocator.maxOrder: 11
00:45:31.901 [main] DEBUG io.netty.buffer.PooledByteBufAllocator - -Dio.netty.allocator.chunkSize: 16777216
00:45:31.901 [main] DEBUG io.netty.buffer.PooledByteBufAllocator - -Dio.netty.allocator.smallCacheSize: 256
00:45:31.901 [main] DEBUG io.netty.buffer.PooledByteBufAllocator - -Dio.netty.allocator.normalCacheSize: 64
00:45:31.901 [main] DEBUG io.netty.buffer.PooledByteBufAllocator - -Dio.netty.allocator.maxCachedBufferCapacity: 32768
00:45:31.901 [main] DEBUG io.netty.buffer.PooledByteBufAllocator - -Dio.netty.allocator.cacheTrimInterval: 8192
00:45:31.901 [main] DEBUG io.netty.buffer.PooledByteBufAllocator - -Dio.netty.allocator.cacheTrimIntervalMillis: 0
00:45:31.901 [main] DEBUG io.netty.buffer.PooledByteBufAllocator - -Dio.netty.allocator.useCacheForAllThreads: true
00:45:31.901 [main] DEBUG io.netty.buffer.PooledByteBufAllocator - -Dio.netty.allocator.maxCachedByteBuffersPerChunk: 1023
00:45:31.911 [main] DEBUG io.netty.buffer.ByteBufUtil - -Dio.netty.allocator.type: pooled
00:45:31.911 [main] DEBUG io.netty.buffer.ByteBufUtil - -Dio.netty.threadLocalDirectBufferSize: 0
00:45:31.911 [main] DEBUG io.netty.buffer.ByteBufUtil - -Dio.netty.maxThreadLocalCharBufferSize: 16384
00:45:32.052 [main] DEBUG net.serenitybdd.core.webdriver.driverproviders.ProvideNewDriver - Instantiating driver
00:45:32.052 [main] DEBUG net.serenitybdd.core.webdriver.driverproviders.ProvideNewDriver - Driver capabilities: Capabilities {acceptInsecureCerts: false, base.url: https://sportly.rafdev.my.id/, browserName: chrome, chrome.driver: webdriver/chromedriver.exe, driver: chrome, goog:chromeOptions: {args: [], extensions: []}}
00:45:32.360 [Forwarding newSession on session null to remote] DEBUG io.netty.channel.DefaultChannelId - -Dio.netty.processId: 7312 (auto-detected)
00:45:32.361 [Forwarding newSession on session null to remote] DEBUG io.netty.util.NetUtil - -Djava.net.preferIPv4Stack: false
00:45:32.361 [Forwarding newSession on session null to remote] DEBUG io.netty.util.NetUtil - -Djava.net.preferIPv6Addresses: false
00:45:32.364 [Forwarding newSession on session null to remote] DEBUG io.netty.util.NetUtilInitializations - Loopback interface: lo (Software Loopback Interface 1, 127.0.0.1)
00:45:32.365 [Forwarding newSession on session null to remote] DEBUG io.netty.util.NetUtil - Failed to get SOMAXCONN from sysctl and file \proc\sys\net\core\somaxconn. Default: 200
00:45:32.370 [Forwarding newSession on session null to remote] DEBUG io.netty.channel.DefaultChannelId - -Dio.netty.machineId: a8:a1:59:ff:fe:85:ba:89 (auto-detected)
00:45:32.402 [AsyncHttpClient-1-2] DEBUG io.netty.buffer.AbstractByteBuf - -Dio.netty.buffer.checkAccessible: true
00:45:32.402 [AsyncHttpClient-1-2] DEBUG io.netty.buffer.AbstractByteBuf - -Dio.netty.buffer.checkBounds: true
00:45:32.402 [AsyncHttpClient-1-2] DEBUG io.netty.util.ResourceLeakDetectorFactory - Loaded default ResourceLeakDetector: io.netty.util.ResourceLeakDetector@47ee9914
00:45:32.410 [AsyncHttpClient-1-2] DEBUG org.asynchttpclient.netty.channel.NettyConnectListener - Using new Channel '[id: 0x4c7d4384, L:/127.0.0.1:49424 - R:localhost/127.0.0.1:54609]' for 'POST' to '/session'
00:45:32.422 [AsyncHttpClient-1-2] DEBUG io.netty.util.Recycler - -Dio.netty.recycler.maxCapacityPerThread: 4096
00:45:32.422 [AsyncHttpClient-1-2] DEBUG io.netty.util.Recycler - -Dio.netty.recycler.ratio: 8
00:45:32.422 [AsyncHttpClient-1-2] DEBUG io.netty.util.Recycler - -Dio.netty.recycler.chunkSize: 32
00:45:32.422 [AsyncHttpClient-1-2] DEBUG io.netty.util.Recycler - -Dio.netty.recycler.blocking: false
00:45:32.959 [AsyncHttpClient-1-2] DEBUG io.netty.handler.codec.compression.Brotli - brotli4j not in the classpath; Brotli support will be unavailable.
00:45:32.959 [AsyncHttpClient-1-2] DEBUG org.asynchttpclient.netty.handler.HttpHandler - 

Request DefaultHttpRequest(decodeResult: success, version: HTTP/1.1)
POST /session HTTP/1.1
User-Agent: selenium/4.1.2 (java windows)
Content-Length: 581
Content-Type: application/json; charset=utf-8
host: localhost:54609
accept: */*

Response DefaultHttpResponse(decodeResult: success, version: HTTP/1.1)
HTTP/1.1 200 OK
Content-Type: application/json; charset=utf-8
cache-control: no-cache
content-length: 790

00:45:32.963 [AsyncHttpClient-1-2] DEBUG org.asynchttpclient.netty.channel.ChannelManager - Adding key: http://localhost:54609 for channel [id: 0x4c7d4384, L:/127.0.0.1:49424 - R:localhost/127.0.0.1:54609]
00:45:32.995 [AsyncHttpClient-1-3] DEBUG org.asynchttpclient.netty.channel.NettyConnectListener - Using new Channel '[id: 0x5df796b9, L:/127.0.0.1:49431 - R:localhost/127.0.0.1:49425]' for 'GET' to '/json/version'
00:45:32.999 [AsyncHttpClient-1-3] DEBUG org.asynchttpclient.netty.handler.HttpHandler - 

Request DefaultFullHttpRequest(decodeResult: success, version: HTTP/1.1, content: EmptyByteBufBE)
GET /json/version HTTP/1.1
User-Agent: selenium/4.1.2 (java windows)
host: localhost:49425
accept: */*

Response DefaultHttpResponse(decodeResult: success, version: HTTP/1.1)
HTTP/1.1 200 OK
Content-Type: application/json; charset=UTF-8
content-length: 429

00:45:32.999 [AsyncHttpClient-1-3] DEBUG org.asynchttpclient.netty.channel.ChannelManager - Adding key: http://localhost:49425 for channel [id: 0x5df796b9, L:/127.0.0.1:49431 - R:localhost/127.0.0.1:49425]
00:45:33.003 [main] DEBUG io.netty.util.internal.ThreadLocalRandom - -Dio.netty.initialSeedUniquifier: 0x9d820a9cc5e2ec90
00:45:33.006 [AsyncHttpClient-1-4] DEBUG org.asynchttpclient.netty.channel.NettyConnectListener - Using new Channel '[id: 0xf307ffd4, L:/127.0.0.1:49432 - R:localhost/127.0.0.1:49425]' for 'GET' to '/devtools/browser/5f9c1b9a-0e49-4029-aef6-4a1925525b9e'
00:45:33.009 [AsyncHttpClient-1-4] DEBUG org.asynchttpclient.netty.handler.WebSocketHandler - 

Request DefaultFullHttpRequest(decodeResult: success, version: HTTP/1.1, content: EmptyByteBufBE)
GET /devtools/browser/5f9c1b9a-0e49-4029-aef6-4a1925525b9e HTTP/1.1
upgrade: websocket
connection: upgrade
sec-websocket-key: K6lcME884CArvv0HwcsfQQ==
sec-websocket-version: 13
origin: http://localhost:49425
host: localhost:49425
accept: */*
user-agent: AHC/2.1

Response DefaultHttpResponse(decodeResult: success, version: HTTP/1.1)
HTTP/1.1 101 WebSocket Protocol Handshake
Upgrade: WebSocket
Connection: Upgrade
Sec-WebSocket-Accept: EdFFbg5RR7YiMtpNQUT7DN9x5kY=

00:45:33.027 [Forwarding setCurrentWindowSize on session 0a9310e18f4117617ac31f238c9af385 to remote] DEBUG org.asynchttpclient.netty.request.NettyRequestSender - Using pooled Channel '[id: 0x4c7d4384, L:/127.0.0.1:49424 - R:localhost/127.0.0.1:54609]' for 'POST' to 'http://localhost:54609/session/0a9310e18f4117617ac31f238c9af385/window/rect'
00:45:33.027 [Forwarding setCurrentWindowSize on session 0a9310e18f4117617ac31f238c9af385 to remote] DEBUG org.asynchttpclient.netty.request.NettyRequestSender - Using open Channel [id: 0x4c7d4384, L:/127.0.0.1:49424 - R:localhost/127.0.0.1:54609] for POST '/session/0a9310e18f4117617ac31f238c9af385/window/rect'
00:45:33.148 [AsyncHttpClient-1-2] DEBUG org.asynchttpclient.netty.handler.HttpHandler - 

Request DefaultHttpRequest(decodeResult: success, version: HTTP/1.1)
POST /session/0a9310e18f4117617ac31f238c9af385/window/rect HTTP/1.1
User-Agent: selenium/4.1.2 (java windows)
Content-Length: 37
Content-Type: application/json; charset=utf-8
host: localhost:54609
accept: */*

Response DefaultHttpResponse(decodeResult: success, version: HTTP/1.1)
HTTP/1.1 200 OK
Content-Type: application/json; charset=utf-8
cache-control: no-cache
content-length: 52

00:45:33.148 [AsyncHttpClient-1-2] DEBUG org.asynchttpclient.netty.channel.ChannelManager - Adding key: http://localhost:54609 for channel [id: 0x4c7d4384, L:/127.0.0.1:49424 - R:localhost/127.0.0.1:54609]
00:45:33.149 [Forwarding setWindowPosition on session 0a9310e18f4117617ac31f238c9af385 to remote] DEBUG org.asynchttpclient.netty.request.NettyRequestSender - Using pooled Channel '[id: 0x4c7d4384, L:/127.0.0.1:49424 - R:localhost/127.0.0.1:54609]' for 'POST' to 'http://localhost:54609/session/0a9310e18f4117617ac31f238c9af385/window/rect'
00:45:33.150 [Forwarding setWindowPosition on session 0a9310e18f4117617ac31f238c9af385 to remote] DEBUG org.asynchttpclient.netty.request.NettyRequestSender - Using open Channel [id: 0x4c7d4384, L:/127.0.0.1:49424 - R:localhost/127.0.0.1:54609] for POST '/session/0a9310e18f4117617ac31f238c9af385/window/rect'
00:45:33.258 [AsyncHttpClient-1-2] DEBUG org.asynchttpclient.netty.handler.HttpHandler - 

Request DefaultHttpRequest(decodeResult: success, version: HTTP/1.1)
POST /session/0a9310e18f4117617ac31f238c9af385/window/rect HTTP/1.1
User-Agent: selenium/4.1.2 (java windows)
Content-Length: 22
Content-Type: application/json; charset=utf-8
host: localhost:54609
accept: */*

Response DefaultHttpResponse(decodeResult: success, version: HTTP/1.1)
HTTP/1.1 200 OK
Content-Type: application/json; charset=utf-8
cache-control: no-cache
content-length: 50

00:45:33.259 [AsyncHttpClient-1-2] DEBUG org.asynchttpclient.netty.channel.ChannelManager - Adding key: http://localhost:54609 for channel [id: 0x4c7d4384, L:/127.0.0.1:49424 - R:localhost/127.0.0.1:54609]
00:45:33.739 [main] DEBUG net.thucydides.core.reflection.ClassFinder - Could not load class .starter.CucumberTestSuite
00:45:33.739 [main] DEBUG net.thucydides.core.reflection.ClassFinder - Could not load class .starter.definitions.BookingSteps
00:45:33.740 [main] DEBUG net.thucydides.core.reflection.ClassFinder - Could not load class .starter.definitions.ClassSteps
00:45:33.740 [main] DEBUG net.thucydides.core.reflection.ClassFinder - Could not load class .starter.definitions.ContentSteps
00:45:33.740 [main] DEBUG net.thucydides.core.reflection.ClassFinder - Could not load class .starter.definitions.DashboardSteps
00:45:33.740 [main] DEBUG net.thucydides.core.reflection.ClassFinder - Could not load class .starter.definitions.LoginSteps
00:45:33.740 [main] DEBUG net.thucydides.core.reflection.ClassFinder - Could not load class .starter.definitions.ManageadminSteps
00:45:33.740 [main] DEBUG net.thucydides.core.reflection.ClassFinder - Could not load class .starter.definitions.MembershipSteps
00:45:33.740 [main] DEBUG net.thucydides.core.reflection.ClassFinder - Could not load class .starter.definitions.NewsletterSteps
00:45:33.740 [main] DEBUG net.thucydides.core.reflection.ClassFinder - Could not load class .starter.definitions.UserSteps
00:45:33.740 [main] DEBUG net.thucydides.core.reflection.ClassFinder - Could not load class .starter.pages.BookingPage
00:45:33.740 [main] DEBUG net.thucydides.core.reflection.ClassFinder - Could not load class .starter.pages.ClassPage
00:45:33.740 [main] DEBUG net.thucydides.core.reflection.ClassFinder - Could not load class .starter.pages.ContentPage
00:45:33.740 [main] DEBUG net.thucydides.core.reflection.ClassFinder - Could not load class .starter.pages.DashboardPage
00:45:33.740 [main] DEBUG net.thucydides.core.reflection.ClassFinder - Could not load class .starter.pages.HomePage
00:45:33.740 [main] DEBUG net.thucydides.core.reflection.ClassFinder - Could not load class .starter.pages.LoginPage
00:45:33.740 [main] DEBUG net.thucydides.core.reflection.ClassFinder - Could not load class .starter.pages.ManageadminPage
00:45:33.740 [main] DEBUG net.thucydides.core.reflection.ClassFinder - Could not load class .starter.pages.MembershipPage
00:45:33.740 [main] DEBUG net.thucydides.core.reflection.ClassFinder - Could not load class .starter.pages.NewsletterPage
00:45:33.740 [main] DEBUG net.thucydides.core.reflection.ClassFinder - Could not load class .starter.pages.UserPage
00:45:33.740 [main] DEBUG net.thucydides.core.reflection.ClassFinder - Could not load class META-INF.versions.9.com.sun.istack.logging.StackHelper
00:45:33.741 [main] DEBUG net.thucydides.core.reflection.ClassFinder - Could not load class META-INF.versions.9.com.sun.xml.bind.v2.runtime.reflect.opt.AccessorInjector
00:45:33.741 [main] DEBUG net.thucydides.core.reflection.ClassFinder - Could not load class META-INF.versions.9.com.sun.xml.bind.v2.runtime.reflect.opt.Injector
00:45:33.741 [main] DEBUG net.thucydides.core.reflection.ClassFinder - Could not load class META-INF.versions.9.com.sun.xml.bind.v2.runtime.reflect.opt.OptimizedAccessorFactory
00:45:33.741 [main] DEBUG net.thucydides.core.reflection.ClassFinder - Could not load class META-INF.versions.9.com.sun.xml.bind.v2.runtime.reflect.opt.OptimizedTransducedAccessorFactory
00:45:33.741 [main] DEBUG net.thucydides.core.reflection.ClassFinder - Could not load class META-INF.versions.9.io.opentelemetry.sdk.internal.CurrentJavaVersionSpecific
00:45:33.741 [main] DEBUG net.thucydides.core.reflection.ClassFinder - Could not load class META-INF.versions.9.io.opentelemetry.sdk.internal.Java9VersionSpecific
00:45:33.742 [main] DEBUG net.thucydides.core.reflection.ClassFinder - Could not load class META-INF.versions.9.javax.xml.bind.ModuleUtil
00:45:33.742 [main] DEBUG net.thucydides.core.reflection.ClassFinder - Could not load class META-INF.versions.9.module-info
00:45:33.742 [main] DEBUG net.thucydides.core.reflection.ClassFinder - Could not load class META-INF.versions.9.org.junit.platform.commons.util.ModuleUtils
00:45:33.744 [main] DEBUG net.thucydides.core.reflection.ClassFinder - Could not load class com.google.gson.internal.
00:45:33.744 [main] DEBUG net.thucydides.core.reflection.ClassFinder - Could not load class com.sun.xml.bind.v2.runtime.output.FastInfosetStreamWriterOutput
00:45:33.746 [main] DEBUG net.thucydides.core.reflection.ClassFinder - Could not load class module-info
00:45:33.760 [Forwarding get on session 0a9310e18f4117617ac31f238c9af385 to remote] DEBUG org.asynchttpclient.netty.request.NettyRequestSender - Using pooled Channel '[id: 0x4c7d4384, L:/127.0.0.1:49424 - R:localhost/127.0.0.1:54609]' for 'POST' to 'http://localhost:54609/session/0a9310e18f4117617ac31f238c9af385/url'
00:45:33.760 [Forwarding get on session 0a9310e18f4117617ac31f238c9af385 to remote] DEBUG org.asynchttpclient.netty.request.NettyRequestSender - Using open Channel [id: 0x4c7d4384, L:/127.0.0.1:49424 - R:localhost/127.0.0.1:54609] for POST '/session/0a9310e18f4117617ac31f238c9af385/url'
00:45:33.988 [AsyncHttpClient-1-1] DEBUG org.asynchttpclient.netty.channel.DefaultChannelPool - Entry count for : http://localhost:49425 : 1
00:45:35.086 [AsyncHttpClient-1-1] DEBUG org.asynchttpclient.netty.channel.DefaultChannelPool - Entry count for : http://localhost:49425 : 1
00:45:36.186 [AsyncHttpClient-1-1] DEBUG org.asynchttpclient.netty.channel.DefaultChannelPool - Entry count for : http://localhost:49425 : 1
00:45:37.206 [AsyncHttpClient-1-2] DEBUG org.asynchttpclient.netty.handler.HttpHandler - 

Request DefaultHttpRequest(decodeResult: success, version: HTTP/1.1)
POST /session/0a9310e18f4117617ac31f238c9af385/url HTTP/1.1
User-Agent: selenium/4.1.2 (java windows)
Content-Length: 59
Content-Type: application/json; charset=utf-8
host: localhost:54609
accept: */*

Response DefaultHttpResponse(decodeResult: success, version: HTTP/1.1)
HTTP/1.1 200 OK
Content-Type: application/json; charset=utf-8
cache-control: no-cache
content-length: 14

00:45:37.206 [AsyncHttpClient-1-2] DEBUG org.asynchttpclient.netty.channel.ChannelManager - Adding key: http://localhost:54609 for channel [id: 0x4c7d4384, L:/127.0.0.1:49424 - R:localhost/127.0.0.1:54609]
00:45:37.209 [Forwarding setTimeout on session 0a9310e18f4117617ac31f238c9af385 to remote] DEBUG org.asynchttpclient.netty.request.NettyRequestSender - Using pooled Channel '[id: 0x4c7d4384, L:/127.0.0.1:49424 - R:localhost/127.0.0.1:54609]' for 'POST' to 'http://localhost:54609/session/0a9310e18f4117617ac31f238c9af385/timeouts'
00:45:37.209 [Forwarding setTimeout on session 0a9310e18f4117617ac31f238c9af385 to remote] DEBUG org.asynchttpclient.netty.request.NettyRequestSender - Using open Channel [id: 0x4c7d4384, L:/127.0.0.1:49424 - R:localhost/127.0.0.1:54609] for POST '/session/0a9310e18f4117617ac31f238c9af385/timeouts'
00:45:37.210 [AsyncHttpClient-1-2] DEBUG org.asynchttpclient.netty.handler.HttpHandler - 

Request DefaultHttpRequest(decodeResult: success, version: HTTP/1.1)
POST /session/0a9310e18f4117617ac31f238c9af385/timeouts HTTP/1.1
User-Agent: selenium/4.1.2 (java windows)
Content-Length: 22
Content-Type: application/json; charset=utf-8
host: localhost:54609
accept: */*

Response DefaultHttpResponse(decodeResult: success, version: HTTP/1.1)
HTTP/1.1 200 OK
Content-Type: application/json; charset=utf-8
cache-control: no-cache
content-length: 14

00:45:37.210 [AsyncHttpClient-1-2] DEBUG org.asynchttpclient.netty.channel.ChannelManager - Adding key: http://localhost:54609 for channel [id: 0x4c7d4384, L:/127.0.0.1:49424 - R:localhost/127.0.0.1:54609]
00:45:37.216 [Forwarding getCurrentUrl on session 0a9310e18f4117617ac31f238c9af385 to remote] DEBUG org.asynchttpclient.netty.request.NettyRequestSender - Using pooled Channel '[id: 0x4c7d4384, L:/127.0.0.1:49424 - R:localhost/127.0.0.1:54609]' for 'GET' to 'http://localhost:54609/session/0a9310e18f4117617ac31f238c9af385/url'
00:45:37.216 [Forwarding getCurrentUrl on session 0a9310e18f4117617ac31f238c9af385 to remote] DEBUG org.asynchttpclient.netty.request.NettyRequestSender - Using open Channel [id: 0x4c7d4384, L:/127.0.0.1:49424 - R:localhost/127.0.0.1:54609] for GET '/session/0a9310e18f4117617ac31f238c9af385/url'
00:45:37.235 [AsyncHttpClient-1-2] DEBUG org.asynchttpclient.netty.handler.HttpHandler - 

Request DefaultFullHttpRequest(decodeResult: success, version: HTTP/1.1, content: EmptyByteBufBE)
GET /session/0a9310e18f4117617ac31f238c9af385/url HTTP/1.1
User-Agent: selenium/4.1.2 (java windows)
Cache-Control: no-cache
Content-Type: application/json; charset=utf-8
host: localhost:54609
accept: */*

Response DefaultHttpResponse(decodeResult: success, version: HTTP/1.1)
HTTP/1.1 200 OK
Content-Type: application/json; charset=utf-8
cache-control: no-cache
content-length: 46

00:45:37.235 [AsyncHttpClient-1-2] DEBUG org.asynchttpclient.netty.channel.ChannelManager - Adding key: http://localhost:54609 for channel [id: 0x4c7d4384, L:/127.0.0.1:49424 - R:localhost/127.0.0.1:54609]
00:45:37.240 [Forwarding getCurrentUrl on session 0a9310e18f4117617ac31f238c9af385 to remote] DEBUG org.asynchttpclient.netty.request.NettyRequestSender - Using pooled Channel '[id: 0x4c7d4384, L:/127.0.0.1:49424 - R:localhost/127.0.0.1:54609]' for 'GET' to 'http://localhost:54609/session/0a9310e18f4117617ac31f238c9af385/url'
00:45:37.240 [Forwarding getCurrentUrl on session 0a9310e18f4117617ac31f238c9af385 to remote] DEBUG org.asynchttpclient.netty.request.NettyRequestSender - Using open Channel [id: 0x4c7d4384, L:/127.0.0.1:49424 - R:localhost/127.0.0.1:54609] for GET '/session/0a9310e18f4117617ac31f238c9af385/url'
00:45:37.244 [AsyncHttpClient-1-2] DEBUG org.asynchttpclient.netty.handler.HttpHandler - 

Request DefaultFullHttpRequest(decodeResult: success, version: HTTP/1.1, content: EmptyByteBufBE)
GET /session/0a9310e18f4117617ac31f238c9af385/url HTTP/1.1
User-Agent: selenium/4.1.2 (java windows)
Cache-Control: no-cache
Content-Type: application/json; charset=utf-8
host: localhost:54609
accept: */*

Response DefaultHttpResponse(decodeResult: success, version: HTTP/1.1)
HTTP/1.1 200 OK
Content-Type: application/json; charset=utf-8
cache-control: no-cache
content-length: 46

00:45:37.244 [AsyncHttpClient-1-2] DEBUG org.asynchttpclient.netty.channel.ChannelManager - Adding key: http://localhost:54609 for channel [id: 0x4c7d4384, L:/127.0.0.1:49424 - R:localhost/127.0.0.1:54609]
00:45:37.260 [main] DEBUG net.serenitybdd.core.photography.Darkroom - Opening darkroom
00:45:37.261 [Darkroom Processing Line] DEBUG net.serenitybdd.core.photography.DarkroomProcessingLine - Darkroom processing line starting up
00:45:37.261 [Forwarding screenshot on session 0a9310e18f4117617ac31f238c9af385 to remote] DEBUG org.asynchttpclient.netty.request.NettyRequestSender - Using pooled Channel '[id: 0x4c7d4384, L:/127.0.0.1:49424 - R:localhost/127.0.0.1:54609]' for 'GET' to 'http://localhost:54609/session/0a9310e18f4117617ac31f238c9af385/screenshot'
00:45:37.261 [Forwarding screenshot on session 0a9310e18f4117617ac31f238c9af385 to remote] DEBUG org.asynchttpclient.netty.request.NettyRequestSender - Using open Channel [id: 0x4c7d4384, L:/127.0.0.1:49424 - R:localhost/127.0.0.1:54609] for GET '/session/0a9310e18f4117617ac31f238c9af385/screenshot'
00:45:37.290 [AsyncHttpClient-1-1] DEBUG org.asynchttpclient.netty.channel.DefaultChannelPool - Entry count for : http://localhost:49425 : 1
00:45:37.586 [AsyncHttpClient-1-2] DEBUG org.asynchttpclient.netty.handler.HttpHandler - 

Request DefaultFullHttpRequest(decodeResult: success, version: HTTP/1.1, content: EmptyByteBufBE)
GET /session/0a9310e18f4117617ac31f238c9af385/screenshot HTTP/1.1
User-Agent: selenium/4.1.2 (java windows)
Cache-Control: no-cache
Content-Type: application/json; charset=utf-8
host: localhost:54609
accept: */*

Response DefaultHttpResponse(decodeResult: success, version: HTTP/1.1)
HTTP/1.1 200 OK
Content-Type: application/json; charset=utf-8
cache-control: no-cache
content-length: 575004

00:45:37.590 [AsyncHttpClient-1-2] DEBUG org.asynchttpclient.netty.channel.ChannelManager - Adding key: http://localhost:54609 for channel [id: 0x4c7d4384, L:/127.0.0.1:49424 - R:localhost/127.0.0.1:54609]
00:45:37.667 [main] DEBUG net.serenitybdd.core.photography.Darkroom - Send negative for processing for target\site\serenity\bdfb3257a55b5f729af578dfc1dc3a5762c89839bea5dc19984e34dd6640fee1.png
00:45:37.667 [Darkroom Processing Line] DEBUG net.serenitybdd.core.photography.DarkroomProcessingLine - Processing screenshot image in /var/screenshots/screenshot-16558741133684873813
00:45:37.667 [Darkroom Processing Line] DEBUG net.serenitybdd.core.photography.DarkroomProcessingLine - Saving screenshot to target\site\serenity\bdfb3257a55b5f729af578dfc1dc3a5762c89839bea5dc19984e34dd6640fee1.png
00:45:37.669 [main] DEBUG net.thucydides.core.steps.StepInterceptor - STEP DONE: openPage
00:45:37.675 [main] DEBUG net.thucydides.core.steps.StepInterceptor - STARTING STEP: LoginSteps.adminOnLoginPage - validateonLoginPage
00:45:37.677 [Forwarding findElement on session 0a9310e18f4117617ac31f238c9af385 to remote] DEBUG org.asynchttpclient.netty.request.NettyRequestSender - Using pooled Channel '[id: 0x4c7d4384, L:/127.0.0.1:49424 - R:localhost/127.0.0.1:54609]' for 'POST' to 'http://localhost:54609/session/0a9310e18f4117617ac31f238c9af385/element'
00:45:37.677 [Forwarding findElement on session 0a9310e18f4117617ac31f238c9af385 to remote] DEBUG org.asynchttpclient.netty.request.NettyRequestSender - Using open Channel [id: 0x4c7d4384, L:/127.0.0.1:49424 - R:localhost/127.0.0.1:54609] for POST '/session/0a9310e18f4117617ac31f238c9af385/element'
00:45:37.685 [AsyncHttpClient-1-2] DEBUG org.asynchttpclient.netty.handler.HttpHandler - 

Request DefaultHttpRequest(decodeResult: success, version: HTTP/1.1)
POST /session/0a9310e18f4117617ac31f238c9af385/element HTTP/1.1
User-Agent: selenium/4.1.2 (java windows)
Content-Length: 71
Content-Type: application/json; charset=utf-8
host: localhost:54609
accept: */*

Response DefaultHttpResponse(decodeResult: success, version: HTTP/1.1)
HTTP/1.1 200 OK
Content-Type: application/json; charset=utf-8
cache-control: no-cache
content-length: 88

00:45:37.685 [AsyncHttpClient-1-2] DEBUG org.asynchttpclient.netty.channel.ChannelManager - Adding key: http://localhost:54609 for channel [id: 0x4c7d4384, L:/127.0.0.1:49424 - R:localhost/127.0.0.1:54609]
00:45:37.691 [Forwarding isElementDisplayed on session 0a9310e18f4117617ac31f238c9af385 to remote] DEBUG org.asynchttpclient.netty.request.NettyRequestSender - Using pooled Channel '[id: 0x4c7d4384, L:/127.0.0.1:49424 - R:localhost/127.0.0.1:54609]' for 'POST' to 'http://localhost:54609/session/0a9310e18f4117617ac31f238c9af385/execute/sync'
00:45:37.691 [Forwarding isElementDisplayed on session 0a9310e18f4117617ac31f238c9af385 to remote] DEBUG org.asynchttpclient.netty.request.NettyRequestSender - Using open Channel [id: 0x4c7d4384, L:/127.0.0.1:49424 - R:localhost/127.0.0.1:54609] for POST '/session/0a9310e18f4117617ac31f238c9af385/execute/sync'
00:45:37.700 [AsyncHttpClient-1-2] DEBUG org.asynchttpclient.netty.handler.HttpHandler - 

Request DefaultHttpRequest(decodeResult: success, version: HTTP/1.1)
POST /session/0a9310e18f4117617ac31f238c9af385/execute/sync HTTP/1.1
User-Agent: selenium/4.1.2 (java windows)
Content-Length: 48780
Content-Type: application/json; charset=utf-8
host: localhost:54609
accept: */*

Response DefaultHttpResponse(decodeResult: success, version: HTTP/1.1)
HTTP/1.1 200 OK
Content-Type: application/json; charset=utf-8
cache-control: no-cache
content-length: 14

00:45:37.701 [AsyncHttpClient-1-2] DEBUG org.asynchttpclient.netty.channel.ChannelManager - Adding key: http://localhost:54609 for channel [id: 0x4c7d4384, L:/127.0.0.1:49424 - R:localhost/127.0.0.1:54609]
00:45:37.704 [main] DEBUG net.thucydides.core.steps.StepInterceptor - STEP DONE: validateonLoginPage
  &amp#27;[32mGiven &amp#27;[0m&amp#27;[32madmin on login page&amp#27;[0m                       &amp#27;[90m# starter.definitions.LoginSteps.adminOnLoginPage()&amp#27;[0m
00:45:37.718 [Forwarding screenshot on session 0a9310e18f4117617ac31f238c9af385 to remote] DEBUG org.asynchttpclient.netty.request.NettyRequestSender - Using pooled Channel '[id: 0x4c7d4384, L:/127.0.0.1:49424 - R:localhost/127.0.0.1:54609]' for 'GET' to 'http://localhost:54609/session/0a9310e18f4117617ac31f238c9af385/screenshot'
00:45:37.719 [Forwarding screenshot on session 0a9310e18f4117617ac31f238c9af385 to remote] DEBUG org.asynchttpclient.netty.request.NettyRequestSender - Using open Channel [id: 0x4c7d4384, L:/127.0.0.1:49424 - R:localhost/127.0.0.1:54609] for GET '/session/0a9310e18f4117617ac31f238c9af385/screenshot'
00:45:37.964 [AsyncHttpClient-1-2] DEBUG org.asynchttpclient.netty.handler.HttpHandler - 

Request DefaultFullHttpRequest(decodeResult: success, version: HTTP/1.1, content: EmptyByteBufBE)
GET /session/0a9310e18f4117617ac31f238c9af385/screenshot HTTP/1.1
User-Agent: selenium/4.1.2 (java windows)
Cache-Control: no-cache
Content-Type: application/json; charset=utf-8
host: localhost:54609
accept: */*

Response DefaultHttpResponse(decodeResult: success, version: HTTP/1.1)
HTTP/1.1 200 OK
Content-Type: application/json; charset=utf-8
cache-control: no-cache
content-length: 575004

00:45:37.967 [AsyncHttpClient-1-2] DEBUG org.asynchttpclient.netty.channel.ChannelManager - Adding key: http://localhost:54609 for channel [id: 0x4c7d4384, L:/127.0.0.1:49424 - R:localhost/127.0.0.1:54609]
00:45:37.979 [main] DEBUG net.serenitybdd.core.photography.Darkroom - Send negative for processing for target\site\serenity\bdfb3257a55b5f729af578dfc1dc3a5762c89839bea5dc19984e34dd6640fee1.png
00:45:37.980 [main] DEBUG net.thucydides.core.steps.StepInterceptor - STARTING STEP: LoginSteps.adminInputValidUssername - inputusername
00:45:37.983 [Forwarding findElement on session 0a9310e18f4117617ac31f238c9af385 to remote] DEBUG org.asynchttpclient.netty.request.NettyRequestSender - Using pooled Channel '[id: 0x4c7d4384, L:/127.0.0.1:49424 - R:localhost/127.0.0.1:54609]' for 'POST' to 'http://localhost:54609/session/0a9310e18f4117617ac31f238c9af385/element'
00:45:37.983 [Forwarding findElement on session 0a9310e18f4117617ac31f238c9af385 to remote] DEBUG org.asynchttpclient.netty.request.NettyRequestSender - Using open Channel [id: 0x4c7d4384, L:/127.0.0.1:49424 - R:localhost/127.0.0.1:54609] for POST '/session/0a9310e18f4117617ac31f238c9af385/element'
00:45:37.991 [AsyncHttpClient-1-2] DEBUG org.asynchttpclient.netty.handler.HttpHandler - 

Request DefaultHttpRequest(decodeResult: success, version: HTTP/1.1)
POST /session/0a9310e18f4117617ac31f238c9af385/element HTTP/1.1
User-Agent: selenium/4.1.2 (java windows)
Content-Length: 92
Content-Type: application/json; charset=utf-8
host: localhost:54609
accept: */*

Response DefaultHttpResponse(decodeResult: success, version: HTTP/1.1)
HTTP/1.1 200 OK
Content-Type: application/json; charset=utf-8
cache-control: no-cache
content-length: 88

00:45:37.991 [AsyncHttpClient-1-2] DEBUG org.asynchttpclient.netty.channel.ChannelManager - Adding key: http://localhost:54609 for channel [id: 0x4c7d4384, L:/127.0.0.1:49424 - R:localhost/127.0.0.1:54609]
00:45:37.993 [Forwarding clearElement on session 0a9310e18f4117617ac31f238c9af385 to remote] DEBUG org.asynchttpclient.netty.request.NettyRequestSender - Using pooled Channel '[id: 0x4c7d4384, L:/127.0.0.1:49424 - R:localhost/127.0.0.1:54609]' for 'POST' to 'http://localhost:54609/session/0a9310e18f4117617ac31f238c9af385/element/041033cc-6b24-4760-a41c-405731a9bc39/clear'
00:45:37.993 [Forwarding clearElement on session 0a9310e18f4117617ac31f238c9af385 to remote] DEBUG org.asynchttpclient.netty.request.NettyRequestSender - Using open Channel [id: 0x4c7d4384, L:/127.0.0.1:49424 - R:localhost/127.0.0.1:54609] for POST '/session/0a9310e18f4117617ac31f238c9af385/element/041033cc-6b24-4760-a41c-405731a9bc39/clear'
00:45:38.014 [AsyncHttpClient-1-2] DEBUG org.asynchttpclient.netty.handler.HttpHandler - 

Request DefaultHttpRequest(decodeResult: success, version: HTTP/1.1)
POST /session/0a9310e18f4117617ac31f238c9af385/element/041033cc-6b24-4760-a41c-405731a9bc39/clear HTTP/1.1
User-Agent: selenium/4.1.2 (java windows)
Content-Length: 50
Content-Type: application/json; charset=utf-8
host: localhost:54609
accept: */*

Response DefaultHttpResponse(decodeResult: success, version: HTTP/1.1)
HTTP/1.1 200 OK
Content-Type: application/json; charset=utf-8
cache-control: no-cache
content-length: 14

00:45:38.014 [AsyncHttpClient-1-2] DEBUG org.asynchttpclient.netty.channel.ChannelManager - Adding key: http://localhost:54609 for channel [id: 0x4c7d4384, L:/127.0.0.1:49424 - R:localhost/127.0.0.1:54609]
00:45:38.017 [Forwarding sendKeysToElement on session 0a9310e18f4117617ac31f238c9af385 to remote] DEBUG org.asynchttpclient.netty.request.NettyRequestSender - Using pooled Channel '[id: 0x4c7d4384, L:/127.0.0.1:49424 - R:localhost/127.0.0.1:54609]' for 'POST' to 'http://localhost:54609/session/0a9310e18f4117617ac31f238c9af385/element/041033cc-6b24-4760-a41c-405731a9bc39/value'
00:45:38.017 [Forwarding sendKeysToElement on session 0a9310e18f4117617ac31f238c9af385 to remote] DEBUG org.asynchttpclient.netty.request.NettyRequestSender - Using open Channel [id: 0x4c7d4384, L:/127.0.0.1:49424 - R:localhost/127.0.0.1:54609] for POST '/session/0a9310e18f4117617ac31f238c9af385/element/041033cc-6b24-4760-a41c-405731a9bc39/value'
00:45:38.052 [AsyncHttpClient-1-2] DEBUG org.asynchttpclient.netty.handler.HttpHandler - 

Request DefaultHttpRequest(decodeResult: success, version: HTTP/1.1)
POST /session/0a9310e18f4117617ac31f238c9af385/element/041033cc-6b24-4760-a41c-405731a9bc39/value HTTP/1.1
User-Agent: selenium/4.1.2 (java windows)
Content-Length: 151
Content-Type: application/json; charset=utf-8
host: localhost:54609
accept: */*

Response DefaultHttpResponse(decodeResult: success, version: HTTP/1.1)
HTTP/1.1 200 OK
Content-Type: application/json; charset=utf-8
cache-control: no-cache
content-length: 14

00:45:38.052 [AsyncHttpClient-1-2] DEBUG org.asynchttpclient.netty.channel.ChannelManager - Adding key: http://localhost:54609 for channel [id: 0x4c7d4384, L:/127.0.0.1:49424 - R:localhost/127.0.0.1:54609]
00:45:38.059 [Forwarding screenshot on session 0a9310e18f4117617ac31f238c9af385 to remote] DEBUG org.asynchttpclient.netty.request.NettyRequestSender - Using pooled Channel '[id: 0x4c7d4384, L:/127.0.0.1:49424 - R:localhost/127.0.0.1:54609]' for 'GET' to 'http://localhost:54609/session/0a9310e18f4117617ac31f238c9af385/screenshot'
00:45:38.059 [Forwarding screenshot on session 0a9310e18f4117617ac31f238c9af385 to remote] DEBUG org.asynchttpclient.netty.request.NettyRequestSender - Using open Channel [id: 0x4c7d4384, L:/127.0.0.1:49424 - R:localhost/127.0.0.1:54609] for GET '/session/0a9310e18f4117617ac31f238c9af385/screenshot'
00:45:38.300 [AsyncHttpClient-1-2] DEBUG org.asynchttpclient.netty.handler.HttpHandler - 

Request DefaultFullHttpRequest(decodeResult: success, version: HTTP/1.1, content: EmptyByteBufBE)
GET /session/0a9310e18f4117617ac31f238c9af385/screenshot HTTP/1.1
User-Agent: selenium/4.1.2 (java windows)
Cache-Control: no-cache
Content-Type: application/json; charset=utf-8
host: localhost:54609
accept: */*

Response DefaultHttpResponse(decodeResult: success, version: HTTP/1.1)
HTTP/1.1 200 OK
Content-Type: application/json; charset=utf-8
cache-control: no-cache
content-length: 573184

00:45:38.302 [AsyncHttpClient-1-2] DEBUG org.asynchttpclient.netty.channel.ChannelManager - Adding key: http://localhost:54609 for channel [id: 0x4c7d4384, L:/127.0.0.1:49424 - R:localhost/127.0.0.1:54609]
00:45:38.315 [main] DEBUG net.serenitybdd.core.photography.Darkroom - Send negative for processing for target\site\serenity\f77c054aa6a666f419ab49e776fdfb7fc10c7c59289c58aa7b77a3e2461e450a.png
00:45:38.315 [main] DEBUG net.thucydides.core.steps.StepInterceptor - STEP DONE: inputusername
  &amp#27;[32mWhen &amp#27;[0m&amp#27;[32madmin input valid ussername&amp#27;[0m                &amp#27;[90m# starter.definitions.LoginSteps.adminInputValidUssername()&amp#27;[0m
00:45:38.315 [Darkroom Processing Line] DEBUG net.serenitybdd.core.photography.DarkroomProcessingLine - Processing screenshot image in /var/screenshots/screenshot-14948965338740721065
00:45:38.315 [Darkroom Processing Line] DEBUG net.serenitybdd.core.photography.DarkroomProcessingLine - Saving screenshot to target\site\serenity\f77c054aa6a666f419ab49e776fdfb7fc10c7c59289c58aa7b77a3e2461e450a.png
00:45:38.331 [main] DEBUG net.thucydides.core.steps.StepInterceptor - STARTING STEP: LoginSteps.adminInputValidPassword - inputPassword
00:45:38.333 [Forwarding findElement on session 0a9310e18f4117617ac31f238c9af385 to remote] DEBUG org.asynchttpclient.netty.request.NettyRequestSender - Using pooled Channel '[id: 0x4c7d4384, L:/127.0.0.1:49424 - R:localhost/127.0.0.1:54609]' for 'POST' to 'http://localhost:54609/session/0a9310e18f4117617ac31f238c9af385/element'
00:45:38.333 [Forwarding findElement on session 0a9310e18f4117617ac31f238c9af385 to remote] DEBUG org.asynchttpclient.netty.request.NettyRequestSender - Using open Channel [id: 0x4c7d4384, L:/127.0.0.1:49424 - R:localhost/127.0.0.1:54609] for POST '/session/0a9310e18f4117617ac31f238c9af385/element'
00:45:38.341 [AsyncHttpClient-1-2] DEBUG org.asynchttpclient.netty.handler.HttpHandler - 

Request DefaultHttpRequest(decodeResult: success, version: HTTP/1.1)
POST /session/0a9310e18f4117617ac31f238c9af385/element HTTP/1.1
User-Agent: selenium/4.1.2 (java windows)
Content-Length: 92
Content-Type: application/json; charset=utf-8
host: localhost:54609
accept: */*

Response DefaultHttpResponse(decodeResult: success, version: HTTP/1.1)
HTTP/1.1 200 OK
Content-Type: application/json; charset=utf-8
cache-control: no-cache
content-length: 88

00:45:38.341 [AsyncHttpClient-1-2] DEBUG org.asynchttpclient.netty.channel.ChannelManager - Adding key: http://localhost:54609 for channel [id: 0x4c7d4384, L:/127.0.0.1:49424 - R:localhost/127.0.0.1:54609]
00:45:38.342 [Forwarding clearElement on session 0a9310e18f4117617ac31f238c9af385 to remote] DEBUG org.asynchttpclient.netty.request.NettyRequestSender - Using pooled Channel '[id: 0x4c7d4384, L:/127.0.0.1:49424 - R:localhost/127.0.0.1:54609]' for 'POST' to 'http://localhost:54609/session/0a9310e18f4117617ac31f238c9af385/element/38c2db36-d0b1-41ba-97b0-58d14ae71a13/clear'
00:45:38.342 [Forwarding clearElement on session 0a9310e18f4117617ac31f238c9af385 to remote] DEBUG org.asynchttpclient.netty.request.NettyRequestSender - Using open Channel [id: 0x4c7d4384, L:/127.0.0.1:49424 - R:localhost/127.0.0.1:54609] for POST '/session/0a9310e18f4117617ac31f238c9af385/element/38c2db36-d0b1-41ba-97b0-58d14ae71a13/clear'
00:45:38.361 [AsyncHttpClient-1-2] DEBUG org.asynchttpclient.netty.handler.HttpHandler - 

Request DefaultHttpRequest(decodeResult: success, version: HTTP/1.1)
POST /session/0a9310e18f4117617ac31f238c9af385/element/38c2db36-d0b1-41ba-97b0-58d14ae71a13/clear HTTP/1.1
User-Agent: selenium/4.1.2 (java windows)
Content-Length: 50
Content-Type: application/json; charset=utf-8
host: localhost:54609
accept: */*

Response DefaultHttpResponse(decodeResult: success, version: HTTP/1.1)
HTTP/1.1 200 OK
Content-Type: application/json; charset=utf-8
cache-control: no-cache
content-length: 14

00:45:38.361 [AsyncHttpClient-1-2] DEBUG org.asynchttpclient.netty.channel.ChannelManager - Adding key: http://localhost:54609 for channel [id: 0x4c7d4384, L:/127.0.0.1:49424 - R:localhost/127.0.0.1:54609]
00:45:38.363 [Forwarding sendKeysToElement on session 0a9310e18f4117617ac31f238c9af385 to remote] DEBUG org.asynchttpclient.netty.request.NettyRequestSender - Using pooled Channel '[id: 0x4c7d4384, L:/127.0.0.1:49424 - R:localhost/127.0.0.1:54609]' for 'POST' to 'http://localhost:54609/session/0a9310e18f4117617ac31f238c9af385/element/38c2db36-d0b1-41ba-97b0-58d14ae71a13/value'
00:45:38.363 [Forwarding sendKeysToElement on session 0a9310e18f4117617ac31f238c9af385 to remote] DEBUG org.asynchttpclient.netty.request.NettyRequestSender - Using open Channel [id: 0x4c7d4384, L:/127.0.0.1:49424 - R:localhost/127.0.0.1:54609] for POST '/session/0a9310e18f4117617ac31f238c9af385/element/38c2db36-d0b1-41ba-97b0-58d14ae71a13/value'
00:45:38.386 [AsyncHttpClient-1-1] DEBUG org.asynchttpclient.netty.channel.DefaultChannelPool - Entry count for : http://localhost:49425 : 1
00:45:38.415 [AsyncHttpClient-1-2] DEBUG org.asynchttpclient.netty.handler.HttpHandler - 

Request DefaultHttpRequest(decodeResult: success, version: HTTP/1.1)
POST /session/0a9310e18f4117617ac31f238c9af385/element/38c2db36-d0b1-41ba-97b0-58d14ae71a13/value HTTP/1.1
User-Agent: selenium/4.1.2 (java windows)
Content-Length: 291
Content-Type: application/json; charset=utf-8
host: localhost:54609
accept: */*

Response DefaultHttpResponse(decodeResult: success, version: HTTP/1.1)
HTTP/1.1 200 OK
Content-Type: application/json; charset=utf-8
cache-control: no-cache
content-length: 14

00:45:38.415 [AsyncHttpClient-1-2] DEBUG org.asynchttpclient.netty.channel.ChannelManager - Adding key: http://localhost:54609 for channel [id: 0x4c7d4384, L:/127.0.0.1:49424 - R:localhost/127.0.0.1:54609]
00:45:38.419 [Forwarding screenshot on session 0a9310e18f4117617ac31f238c9af385 to remote] DEBUG org.asynchttpclient.netty.request.NettyRequestSender - Using pooled Channel '[id: 0x4c7d4384, L:/127.0.0.1:49424 - R:localhost/127.0.0.1:54609]' for 'GET' to 'http://localhost:54609/session/0a9310e18f4117617ac31f238c9af385/screenshot'
00:45:38.419 [Forwarding screenshot on session 0a9310e18f4117617ac31f238c9af385 to remote] DEBUG org.asynchttpclient.netty.request.NettyRequestSender - Using open Channel [id: 0x4c7d4384, L:/127.0.0.1:49424 - R:localhost/127.0.0.1:54609] for GET '/session/0a9310e18f4117617ac31f238c9af385/screenshot'
00:45:38.649 [AsyncHttpClient-1-2] DEBUG org.asynchttpclient.netty.handler.HttpHandler - 

Request DefaultFullHttpRequest(decodeResult: success, version: HTTP/1.1, content: EmptyByteBufBE)
GET /session/0a9310e18f4117617ac31f238c9af385/screenshot HTTP/1.1
User-Agent: selenium/4.1.2 (java windows)
Cache-Control: no-cache
Content-Type: application/json; charset=utf-8
host: localhost:54609
accept: */*

Response DefaultHttpResponse(decodeResult: success, version: HTTP/1.1)
HTTP/1.1 200 OK
Content-Type: application/json; charset=utf-8
cache-control: no-cache
content-length: 569460

00:45:38.651 [AsyncHttpClient-1-2] DEBUG org.asynchttpclient.netty.channel.ChannelManager - Adding key: http://localhost:54609 for channel [id: 0x4c7d4384, L:/127.0.0.1:49424 - R:localhost/127.0.0.1:54609]
00:45:38.673 [main] DEBUG net.serenitybdd.core.photography.Darkroom - Send negative for processing for target\site\serenity\7121c7966e51ed0bee580053fa8354e56400a63fd65cbfa41529dc1e051e1e6a.png
00:45:38.673 [main] DEBUG net.thucydides.core.steps.StepInterceptor - STEP DONE: inputPassword
  &amp#27;[32mAnd &amp#27;[0m&amp#27;[32madmin input valid password&amp#27;[0m                  &amp#27;[90m# starter.definitions.LoginSteps.adminInputValidPassword()&amp#27;[0m
00:45:38.674 [Darkroom Processing Line] DEBUG net.serenitybdd.core.photography.DarkroomProcessingLine - Processing screenshot image in /var/screenshots/screenshot-18397710470117356270
00:45:38.674 [Darkroom Processing Line] DEBUG net.serenitybdd.core.photography.DarkroomProcessingLine - Saving screenshot to target\site\serenity\7121c7966e51ed0bee580053fa8354e56400a63fd65cbfa41529dc1e051e1e6a.png
00:45:38.683 [main] DEBUG net.thucydides.core.steps.StepInterceptor - STARTING STEP: LoginSteps.clickLoginButton - clickloginButton
00:45:38.686 [Forwarding findElement on session 0a9310e18f4117617ac31f238c9af385 to remote] DEBUG org.asynchttpclient.netty.request.NettyRequestSender - Using pooled Channel '[id: 0x4c7d4384, L:/127.0.0.1:49424 - R:localhost/127.0.0.1:54609]' for 'POST' to 'http://localhost:54609/session/0a9310e18f4117617ac31f238c9af385/element'
00:45:38.686 [Forwarding findElement on session 0a9310e18f4117617ac31f238c9af385 to remote] DEBUG org.asynchttpclient.netty.request.NettyRequestSender - Using open Channel [id: 0x4c7d4384, L:/127.0.0.1:49424 - R:localhost/127.0.0.1:54609] for POST '/session/0a9310e18f4117617ac31f238c9af385/element'
00:45:38.691 [AsyncHttpClient-1-2] DEBUG org.asynchttpclient.netty.handler.HttpHandler - 

Request DefaultHttpRequest(decodeResult: success, version: HTTP/1.1)
POST /session/0a9310e18f4117617ac31f238c9af385/element HTTP/1.1
User-Agent: selenium/4.1.2 (java windows)
Content-Length: 71
Content-Type: application/json; charset=utf-8
host: localhost:54609
accept: */*

Response DefaultHttpResponse(decodeResult: success, version: HTTP/1.1)
HTTP/1.1 200 OK
Content-Type: application/json; charset=utf-8
cache-control: no-cache
content-length: 88

00:45:38.691 [AsyncHttpClient-1-2] DEBUG org.asynchttpclient.netty.channel.ChannelManager - Adding key: http://localhost:54609 for channel [id: 0x4c7d4384, L:/127.0.0.1:49424 - R:localhost/127.0.0.1:54609]
00:45:38.693 [Forwarding getElementTagName on session 0a9310e18f4117617ac31f238c9af385 to remote] DEBUG org.asynchttpclient.netty.request.NettyRequestSender - Using pooled Channel '[id: 0x4c7d4384, L:/127.0.0.1:49424 - R:localhost/127.0.0.1:54609]' for 'GET' to 'http://localhost:54609/session/0a9310e18f4117617ac31f238c9af385/element/c4254ddb-275b-4b85-9b9c-362541adc590/name'
00:45:38.693 [Forwarding getElementTagName on session 0a9310e18f4117617ac31f238c9af385 to remote] DEBUG org.asynchttpclient.netty.request.NettyRequestSender - Using open Channel [id: 0x4c7d4384, L:/127.0.0.1:49424 - R:localhost/127.0.0.1:54609] for GET '/session/0a9310e18f4117617ac31f238c9af385/element/c4254ddb-275b-4b85-9b9c-362541adc590/name'
00:45:38.695 [AsyncHttpClient-1-2] DEBUG org.asynchttpclient.netty.handler.HttpHandler - 

Request DefaultFullHttpRequest(decodeResult: success, version: HTTP/1.1, content: EmptyByteBufBE)
GET /session/0a9310e18f4117617ac31f238c9af385/element/c4254ddb-275b-4b85-9b9c-362541adc590/name HTTP/1.1
User-Agent: selenium/4.1.2 (java windows)
Cache-Control: no-cache
Content-Type: application/json; charset=utf-8
host: localhost:54609
accept: */*

Response DefaultHttpResponse(decodeResult: success, version: HTTP/1.1)
HTTP/1.1 200 OK
Content-Type: application/json; charset=utf-8
cache-control: no-cache
content-length: 18

00:45:38.695 [AsyncHttpClient-1-2] DEBUG org.asynchttpclient.netty.channel.ChannelManager - Adding key: http://localhost:54609 for channel [id: 0x4c7d4384, L:/127.0.0.1:49424 - R:localhost/127.0.0.1:54609]
00:45:38.696 [Forwarding getElementTagName on session 0a9310e18f4117617ac31f238c9af385 to remote] DEBUG org.asynchttpclient.netty.request.NettyRequestSender - Using pooled Channel '[id: 0x4c7d4384, L:/127.0.0.1:49424 - R:localhost/127.0.0.1:54609]' for 'GET' to 'http://localhost:54609/session/0a9310e18f4117617ac31f238c9af385/element/c4254ddb-275b-4b85-9b9c-362541adc590/name'
00:45:38.696 [Forwarding getElementTagName on session 0a9310e18f4117617ac31f238c9af385 to remote] DEBUG org.asynchttpclient.netty.request.NettyRequestSender - Using open Channel [id: 0x4c7d4384, L:/127.0.0.1:49424 - R:localhost/127.0.0.1:54609] for GET '/session/0a9310e18f4117617ac31f238c9af385/element/c4254ddb-275b-4b85-9b9c-362541adc590/name'
00:45:38.698 [AsyncHttpClient-1-2] DEBUG org.asynchttpclient.netty.handler.HttpHandler - 

Request DefaultFullHttpRequest(decodeResult: success, version: HTTP/1.1, content: EmptyByteBufBE)
GET /session/0a9310e18f4117617ac31f238c9af385/element/c4254ddb-275b-4b85-9b9c-362541adc590/name HTTP/1.1
User-Agent: selenium/4.1.2 (java windows)
Cache-Control: no-cache
Content-Type: application/json; charset=utf-8
host: localhost:54609
accept: */*

Response DefaultHttpResponse(decodeResult: success, version: HTTP/1.1)
HTTP/1.1 200 OK
Content-Type: application/json; charset=utf-8
cache-control: no-cache
content-length: 18

00:45:38.699 [AsyncHttpClient-1-2] DEBUG org.asynchttpclient.netty.channel.ChannelManager - Adding key: http://localhost:54609 for channel [id: 0x4c7d4384, L:/127.0.0.1:49424 - R:localhost/127.0.0.1:54609]
00:45:38.701 [Forwarding isElementEnabled on session 0a9310e18f4117617ac31f238c9af385 to remote] DEBUG org.asynchttpclient.netty.request.NettyRequestSender - Using pooled Channel '[id: 0x4c7d4384, L:/127.0.0.1:49424 - R:localhost/127.0.0.1:54609]' for 'GET' to 'http://localhost:54609/session/0a9310e18f4117617ac31f238c9af385/element/c4254ddb-275b-4b85-9b9c-362541adc590/enabled'
00:45:38.701 [Forwarding isElementEnabled on session 0a9310e18f4117617ac31f238c9af385 to remote] DEBUG org.asynchttpclient.netty.request.NettyRequestSender - Using open Channel [id: 0x4c7d4384, L:/127.0.0.1:49424 - R:localhost/127.0.0.1:54609] for GET '/session/0a9310e18f4117617ac31f238c9af385/element/c4254ddb-275b-4b85-9b9c-362541adc590/enabled'
00:45:38.706 [AsyncHttpClient-1-2] DEBUG org.asynchttpclient.netty.handler.HttpHandler - 

Request DefaultFullHttpRequest(decodeResult: success, version: HTTP/1.1, content: EmptyByteBufBE)
GET /session/0a9310e18f4117617ac31f238c9af385/element/c4254ddb-275b-4b85-9b9c-362541adc590/enabled HTTP/1.1
User-Agent: selenium/4.1.2 (java windows)
Cache-Control: no-cache
Content-Type: application/json; charset=utf-8
host: localhost:54609
accept: */*

Response DefaultHttpResponse(decodeResult: success, version: HTTP/1.1)
HTTP/1.1 200 OK
Content-Type: application/json; charset=utf-8
cache-control: no-cache
content-length: 14

00:45:38.706 [AsyncHttpClient-1-2] DEBUG org.asynchttpclient.netty.channel.ChannelManager - Adding key: http://localhost:54609 for channel [id: 0x4c7d4384, L:/127.0.0.1:49424 - R:localhost/127.0.0.1:54609]
00:45:38.708 [Forwarding isElementEnabled on session 0a9310e18f4117617ac31f238c9af385 to remote] DEBUG org.asynchttpclient.netty.request.NettyRequestSender - Using pooled Channel '[id: 0x4c7d4384, L:/127.0.0.1:49424 - R:localhost/127.0.0.1:54609]' for 'GET' to 'http://localhost:54609/session/0a9310e18f4117617ac31f238c9af385/element/c4254ddb-275b-4b85-9b9c-362541adc590/enabled'
00:45:38.708 [Forwarding isElementEnabled on session 0a9310e18f4117617ac31f238c9af385 to remote] DEBUG org.asynchttpclient.netty.request.NettyRequestSender - Using open Channel [id: 0x4c7d4384, L:/127.0.0.1:49424 - R:localhost/127.0.0.1:54609] for GET '/session/0a9310e18f4117617ac31f238c9af385/element/c4254ddb-275b-4b85-9b9c-362541adc590/enabled'
00:45:38.711 [AsyncHttpClient-1-2] DEBUG org.asynchttpclient.netty.handler.HttpHandler - 

Request DefaultFullHttpRequest(decodeResult: success, version: HTTP/1.1, content: EmptyByteBufBE)
GET /session/0a9310e18f4117617ac31f238c9af385/element/c4254ddb-275b-4b85-9b9c-362541adc590/enabled HTTP/1.1
User-Agent: selenium/4.1.2 (java windows)
Cache-Control: no-cache
Content-Type: application/json; charset=utf-8
host: localhost:54609
accept: */*

Response DefaultHttpResponse(decodeResult: success, version: HTTP/1.1)
HTTP/1.1 200 OK
Content-Type: application/json; charset=utf-8
cache-control: no-cache
content-length: 14

00:45:38.711 [AsyncHttpClient-1-2] DEBUG org.asynchttpclient.netty.channel.ChannelManager - Adding key: http://localhost:54609 for channel [id: 0x4c7d4384, L:/127.0.0.1:49424 - R:localhost/127.0.0.1:54609]
00:45:38.712 [Forwarding findElement on session 0a9310e18f4117617ac31f238c9af385 to remote] DEBUG org.asynchttpclient.netty.request.NettyRequestSender - Using pooled Channel '[id: 0x4c7d4384, L:/127.0.0.1:49424 - R:localhost/127.0.0.1:54609]' for 'POST' to 'http://localhost:54609/session/0a9310e18f4117617ac31f238c9af385/element'
00:45:38.712 [Forwarding findElement on session 0a9310e18f4117617ac31f238c9af385 to remote] DEBUG org.asynchttpclient.netty.request.NettyRequestSender - Using open Channel [id: 0x4c7d4384, L:/127.0.0.1:49424 - R:localhost/127.0.0.1:54609] for POST '/session/0a9310e18f4117617ac31f238c9af385/element'
00:45:38.716 [AsyncHttpClient-1-2] DEBUG org.asynchttpclient.netty.handler.HttpHandler - 

Request DefaultHttpRequest(decodeResult: success, version: HTTP/1.1)
POST /session/0a9310e18f4117617ac31f238c9af385/element HTTP/1.1
User-Agent: selenium/4.1.2 (java windows)
Content-Length: 71
Content-Type: application/json; charset=utf-8
host: localhost:54609
accept: */*

Response DefaultHttpResponse(decodeResult: success, version: HTTP/1.1)
HTTP/1.1 200 OK
Content-Type: application/json; charset=utf-8
cache-control: no-cache
content-length: 88

00:45:38.716 [AsyncHttpClient-1-2] DEBUG org.asynchttpclient.netty.channel.ChannelManager - Adding key: http://localhost:54609 for channel [id: 0x4c7d4384, L:/127.0.0.1:49424 - R:localhost/127.0.0.1:54609]
00:45:38.717 [Forwarding clickElement on session 0a9310e18f4117617ac31f238c9af385 to remote] DEBUG org.asynchttpclient.netty.request.NettyRequestSender - Using pooled Channel '[id: 0x4c7d4384, L:/127.0.0.1:49424 - R:localhost/127.0.0.1:54609]' for 'POST' to 'http://localhost:54609/session/0a9310e18f4117617ac31f238c9af385/element/c4254ddb-275b-4b85-9b9c-362541adc590/click'
00:45:38.717 [Forwarding clickElement on session 0a9310e18f4117617ac31f238c9af385 to remote] DEBUG org.asynchttpclient.netty.request.NettyRequestSender - Using open Channel [id: 0x4c7d4384, L:/127.0.0.1:49424 - R:localhost/127.0.0.1:54609] for POST '/session/0a9310e18f4117617ac31f238c9af385/element/c4254ddb-275b-4b85-9b9c-362541adc590/click'
00:45:38.740 [AsyncHttpClient-1-2] DEBUG org.asynchttpclient.netty.handler.HttpHandler - 

Request DefaultHttpRequest(decodeResult: success, version: HTTP/1.1)
POST /session/0a9310e18f4117617ac31f238c9af385/element/c4254ddb-275b-4b85-9b9c-362541adc590/click HTTP/1.1
User-Agent: selenium/4.1.2 (java windows)
Content-Length: 50
Content-Type: application/json; charset=utf-8
host: localhost:54609
accept: */*

Response DefaultHttpResponse(decodeResult: success, version: HTTP/1.1)
HTTP/1.1 200 OK
Content-Type: application/json; charset=utf-8
cache-control: no-cache
content-length: 14

00:45:38.741 [AsyncHttpClient-1-2] DEBUG org.asynchttpclient.netty.channel.ChannelManager - Adding key: http://localhost:54609 for channel [id: 0x4c7d4384, L:/127.0.0.1:49424 - R:localhost/127.0.0.1:54609]
00:45:38.747 [Forwarding screenshot on session 0a9310e18f4117617ac31f238c9af385 to remote] DEBUG org.asynchttpclient.netty.request.NettyRequestSender - Using pooled Channel '[id: 0x4c7d4384, L:/127.0.0.1:49424 - R:localhost/127.0.0.1:54609]' for 'GET' to 'http://localhost:54609/session/0a9310e18f4117617ac31f238c9af385/screenshot'
00:45:38.747 [Forwarding screenshot on session 0a9310e18f4117617ac31f238c9af385 to remote] DEBUG org.asynchttpclient.netty.request.NettyRequestSender - Using open Channel [id: 0x4c7d4384, L:/127.0.0.1:49424 - R:localhost/127.0.0.1:54609] for GET '/session/0a9310e18f4117617ac31f238c9af385/screenshot'
00:45:38.978 [AsyncHttpClient-1-2] DEBUG org.asynchttpclient.netty.handler.HttpHandler - 

Request DefaultFullHttpRequest(decodeResult: success, version: HTTP/1.1, content: EmptyByteBufBE)
GET /session/0a9310e18f4117617ac31f238c9af385/screenshot HTTP/1.1
User-Agent: selenium/4.1.2 (java windows)
Cache-Control: no-cache
Content-Type: application/json; charset=utf-8
host: localhost:54609
accept: */*

Response DefaultHttpResponse(decodeResult: success, version: HTTP/1.1)
HTTP/1.1 200 OK
Content-Type: application/json; charset=utf-8
cache-control: no-cache
content-length: 575004

00:45:38.979 [AsyncHttpClient-1-2] DEBUG org.asynchttpclient.netty.channel.ChannelManager - Adding key: http://localhost:54609 for channel [id: 0x4c7d4384, L:/127.0.0.1:49424 - R:localhost/127.0.0.1:54609]
00:45:38.990 [main] DEBUG net.serenitybdd.core.photography.Darkroom - Send negative for processing for target\site\serenity\bdfb3257a55b5f729af578dfc1dc3a5762c89839bea5dc19984e34dd6640fee1.png
00:45:38.990 [main] DEBUG net.thucydides.core.steps.StepInterceptor - STEP DONE: clickloginButton
  &amp#27;[32mAnd &amp#27;[0m&amp#27;[32mclick login button&amp#27;[0m                          &amp#27;[90m# starter.definitions.LoginSteps.clickLoginButton()&amp#27;[0m
00:45:39.002 [main] DEBUG net.thucydides.core.steps.StepInterceptor - STARTING STEP: LoginSteps.clickSucsessLogin - sucseslogin
00:45:39.005 [Forwarding findElement on session 0a9310e18f4117617ac31f238c9af385 to remote] DEBUG org.asynchttpclient.netty.request.NettyRequestSender - Using pooled Channel '[id: 0x4c7d4384, L:/127.0.0.1:49424 - R:localhost/127.0.0.1:54609]' for 'POST' to 'http://localhost:54609/session/0a9310e18f4117617ac31f238c9af385/element'
00:45:39.005 [Forwarding findElement on session 0a9310e18f4117617ac31f238c9af385 to remote] DEBUG org.asynchttpclient.netty.request.NettyRequestSender - Using open Channel [id: 0x4c7d4384, L:/127.0.0.1:49424 - R:localhost/127.0.0.1:54609] for POST '/session/0a9310e18f4117617ac31f238c9af385/element'
00:45:39.375 [AsyncHttpClient-1-2] DEBUG org.asynchttpclient.netty.handler.HttpHandler - 

Request DefaultHttpRequest(decodeResult: success, version: HTTP/1.1)
POST /session/0a9310e18f4117617ac31f238c9af385/element HTTP/1.1
User-Agent: selenium/4.1.2 (java windows)
Content-Length: 79
Content-Type: application/json; charset=utf-8
host: localhost:54609
accept: */*

Response DefaultHttpResponse(decodeResult: success, version: HTTP/1.1)
HTTP/1.1 200 OK
Content-Type: application/json; charset=utf-8
cache-control: no-cache
content-length: 88

00:45:39.375 [AsyncHttpClient-1-2] DEBUG org.asynchttpclient.netty.channel.ChannelManager - Adding key: http://localhost:54609 for channel [id: 0x4c7d4384, L:/127.0.0.1:49424 - R:localhost/127.0.0.1:54609]
00:45:39.377 [Forwarding getElementTagName on session 0a9310e18f4117617ac31f238c9af385 to remote] DEBUG org.asynchttpclient.netty.request.NettyRequestSender - Using pooled Channel '[id: 0x4c7d4384, L:/127.0.0.1:49424 - R:localhost/127.0.0.1:54609]' for 'GET' to 'http://localhost:54609/session/0a9310e18f4117617ac31f238c9af385/element/a53e166b-4835-4565-8d5d-090170cf36df/name'
00:45:39.377 [Forwarding getElementTagName on session 0a9310e18f4117617ac31f238c9af385 to remote] DEBUG org.asynchttpclient.netty.request.NettyRequestSender - Using open Channel [id: 0x4c7d4384, L:/127.0.0.1:49424 - R:localhost/127.0.0.1:54609] for GET '/session/0a9310e18f4117617ac31f238c9af385/element/a53e166b-4835-4565-8d5d-090170cf36df/name'
00:45:39.379 [AsyncHttpClient-1-2] DEBUG org.asynchttpclient.netty.handler.HttpHandler - 

Request DefaultFullHttpRequest(decodeResult: success, version: HTTP/1.1, content: EmptyByteBufBE)
GET /session/0a9310e18f4117617ac31f238c9af385/element/a53e166b-4835-4565-8d5d-090170cf36df/name HTTP/1.1
User-Agent: selenium/4.1.2 (java windows)
Cache-Control: no-cache
Content-Type: application/json; charset=utf-8
host: localhost:54609
accept: */*

Response DefaultHttpResponse(decodeResult: success, version: HTTP/1.1)
HTTP/1.1 200 OK
Content-Type: application/json; charset=utf-8
cache-control: no-cache
content-length: 18

00:45:39.379 [AsyncHttpClient-1-2] DEBUG org.asynchttpclient.netty.channel.ChannelManager - Adding key: http://localhost:54609 for channel [id: 0x4c7d4384, L:/127.0.0.1:49424 - R:localhost/127.0.0.1:54609]
00:45:39.380 [Forwarding getElementTagName on session 0a9310e18f4117617ac31f238c9af385 to remote] DEBUG org.asynchttpclient.netty.request.NettyRequestSender - Using pooled Channel '[id: 0x4c7d4384, L:/127.0.0.1:49424 - R:localhost/127.0.0.1:54609]' for 'GET' to 'http://localhost:54609/session/0a9310e18f4117617ac31f238c9af385/element/a53e166b-4835-4565-8d5d-090170cf36df/name'
00:45:39.381 [Forwarding getElementTagName on session 0a9310e18f4117617ac31f238c9af385 to remote] DEBUG org.asynchttpclient.netty.request.NettyRequestSender - Using open Channel [id: 0x4c7d4384, L:/127.0.0.1:49424 - R:localhost/127.0.0.1:54609] for GET '/session/0a9310e18f4117617ac31f238c9af385/element/a53e166b-4835-4565-8d5d-090170cf36df/name'
00:45:39.382 [AsyncHttpClient-1-2] DEBUG org.asynchttpclient.netty.handler.HttpHandler - 

Request DefaultFullHttpRequest(decodeResult: success, version: HTTP/1.1, content: EmptyByteBufBE)
GET /session/0a9310e18f4117617ac31f238c9af385/element/a53e166b-4835-4565-8d5d-090170cf36df/name HTTP/1.1
User-Agent: selenium/4.1.2 (java windows)
Cache-Control: no-cache
Content-Type: application/json; charset=utf-8
host: localhost:54609
accept: */*

Response DefaultHttpResponse(decodeResult: success, version: HTTP/1.1)
HTTP/1.1 200 OK
Content-Type: application/json; charset=utf-8
cache-control: no-cache
content-length: 18

00:45:39.382 [AsyncHttpClient-1-2] DEBUG org.asynchttpclient.netty.channel.ChannelManager - Adding key: http://localhost:54609 for channel [id: 0x4c7d4384, L:/127.0.0.1:49424 - R:localhost/127.0.0.1:54609]
00:45:39.384 [Forwarding isElementEnabled on session 0a9310e18f4117617ac31f238c9af385 to remote] DEBUG org.asynchttpclient.netty.request.NettyRequestSender - Using pooled Channel '[id: 0x4c7d4384, L:/127.0.0.1:49424 - R:localhost/127.0.0.1:54609]' for 'GET' to 'http://localhost:54609/session/0a9310e18f4117617ac31f238c9af385/element/a53e166b-4835-4565-8d5d-090170cf36df/enabled'
00:45:39.384 [Forwarding isElementEnabled on session 0a9310e18f4117617ac31f238c9af385 to remote] DEBUG org.asynchttpclient.netty.request.NettyRequestSender - Using open Channel [id: 0x4c7d4384, L:/127.0.0.1:49424 - R:localhost/127.0.0.1:54609] for GET '/session/0a9310e18f4117617ac31f238c9af385/element/a53e166b-4835-4565-8d5d-090170cf36df/enabled'
00:45:39.391 [AsyncHttpClient-1-2] DEBUG org.asynchttpclient.netty.handler.HttpHandler - 

Request DefaultFullHttpRequest(decodeResult: success, version: HTTP/1.1, content: EmptyByteBufBE)
GET /session/0a9310e18f4117617ac31f238c9af385/element/a53e166b-4835-4565-8d5d-090170cf36df/enabled HTTP/1.1
User-Agent: selenium/4.1.2 (java windows)
Cache-Control: no-cache
Content-Type: application/json; charset=utf-8
host: localhost:54609
accept: */*

Response DefaultHttpResponse(decodeResult: success, version: HTTP/1.1)
HTTP/1.1 200 OK
Content-Type: application/json; charset=utf-8
cache-control: no-cache
content-length: 14

00:45:39.391 [AsyncHttpClient-1-2] DEBUG org.asynchttpclient.netty.channel.ChannelManager - Adding key: http://localhost:54609 for channel [id: 0x4c7d4384, L:/127.0.0.1:49424 - R:localhost/127.0.0.1:54609]
00:45:39.392 [Forwarding isElementEnabled on session 0a9310e18f4117617ac31f238c9af385 to remote] DEBUG org.asynchttpclient.netty.request.NettyRequestSender - Using pooled Channel '[id: 0x4c7d4384, L:/127.0.0.1:49424 - R:localhost/127.0.0.1:54609]' for 'GET' to 'http://localhost:54609/session/0a9310e18f4117617ac31f238c9af385/element/a53e166b-4835-4565-8d5d-090170cf36df/enabled'
00:45:39.392 [Forwarding isElementEnabled on session 0a9310e18f4117617ac31f238c9af385 to remote] DEBUG org.asynchttpclient.netty.request.NettyRequestSender - Using open Channel [id: 0x4c7d4384, L:/127.0.0.1:49424 - R:localhost/127.0.0.1:54609] for GET '/session/0a9310e18f4117617ac31f238c9af385/element/a53e166b-4835-4565-8d5d-090170cf36df/enabled'
00:45:39.396 [AsyncHttpClient-1-2] DEBUG org.asynchttpclient.netty.handler.HttpHandler - 

Request DefaultFullHttpRequest(decodeResult: success, version: HTTP/1.1, content: EmptyByteBufBE)
GET /session/0a9310e18f4117617ac31f238c9af385/element/a53e166b-4835-4565-8d5d-090170cf36df/enabled HTTP/1.1
User-Agent: selenium/4.1.2 (java windows)
Cache-Control: no-cache
Content-Type: application/json; charset=utf-8
host: localhost:54609
accept: */*

Response DefaultHttpResponse(decodeResult: success, version: HTTP/1.1)
HTTP/1.1 200 OK
Content-Type: application/json; charset=utf-8
cache-control: no-cache
content-length: 14

00:45:39.397 [AsyncHttpClient-1-2] DEBUG org.asynchttpclient.netty.channel.ChannelManager - Adding key: http://localhost:54609 for channel [id: 0x4c7d4384, L:/127.0.0.1:49424 - R:localhost/127.0.0.1:54609]
00:45:39.398 [Forwarding findElement on session 0a9310e18f4117617ac31f238c9af385 to remote] DEBUG org.asynchttpclient.netty.request.NettyRequestSender - Using pooled Channel '[id: 0x4c7d4384, L:/127.0.0.1:49424 - R:localhost/127.0.0.1:54609]' for 'POST' to 'http://localhost:54609/session/0a9310e18f4117617ac31f238c9af385/element'
00:45:39.399 [Forwarding findElement on session 0a9310e18f4117617ac31f238c9af385 to remote] DEBUG org.asynchttpclient.netty.request.NettyRequestSender - Using open Channel [id: 0x4c7d4384, L:/127.0.0.1:49424 - R:localhost/127.0.0.1:54609] for POST '/session/0a9310e18f4117617ac31f238c9af385/element'
00:45:39.404 [AsyncHttpClient-1-2] DEBUG org.asynchttpclient.netty.handler.HttpHandler - 

Request DefaultHttpRequest(decodeResult: success, version: HTTP/1.1)
POST /session/0a9310e18f4117617ac31f238c9af385/element HTTP/1.1
User-Agent: selenium/4.1.2 (java windows)
Content-Length: 79
Content-Type: application/json; charset=utf-8
host: localhost:54609
accept: */*

Response DefaultHttpResponse(decodeResult: success, version: HTTP/1.1)
HTTP/1.1 200 OK
Content-Type: application/json; charset=utf-8
cache-control: no-cache
content-length: 88

00:45:39.405 [AsyncHttpClient-1-2] DEBUG org.asynchttpclient.netty.channel.ChannelManager - Adding key: http://localhost:54609 for channel [id: 0x4c7d4384, L:/127.0.0.1:49424 - R:localhost/127.0.0.1:54609]
00:45:39.406 [Forwarding clickElement on session 0a9310e18f4117617ac31f238c9af385 to remote] DEBUG org.asynchttpclient.netty.request.NettyRequestSender - Using pooled Channel '[id: 0x4c7d4384, L:/127.0.0.1:49424 - R:localhost/127.0.0.1:54609]' for 'POST' to 'http://localhost:54609/session/0a9310e18f4117617ac31f238c9af385/element/a53e166b-4835-4565-8d5d-090170cf36df/click'
00:45:39.406 [Forwarding clickElement on session 0a9310e18f4117617ac31f238c9af385 to remote] DEBUG org.asynchttpclient.netty.request.NettyRequestSender - Using open Channel [id: 0x4c7d4384, L:/127.0.0.1:49424 - R:localhost/127.0.0.1:54609] for POST '/session/0a9310e18f4117617ac31f238c9af385/element/a53e166b-4835-4565-8d5d-090170cf36df/click'
00:45:39.428 [AsyncHttpClient-1-2] DEBUG org.asynchttpclient.netty.handler.HttpHandler - 

Request DefaultHttpRequest(decodeResult: success, version: HTTP/1.1)
POST /session/0a9310e18f4117617ac31f238c9af385/element/a53e166b-4835-4565-8d5d-090170cf36df/click HTTP/1.1
User-Agent: selenium/4.1.2 (java windows)
Content-Length: 50
Content-Type: application/json; charset=utf-8
host: localhost:54609
accept: */*

Response DefaultHttpResponse(decodeResult: success, version: HTTP/1.1)
HTTP/1.1 200 OK
Content-Type: application/json; charset=utf-8
cache-control: no-cache
content-length: 14

00:45:39.429 [AsyncHttpClient-1-2] DEBUG org.asynchttpclient.netty.channel.ChannelManager - Adding key: http://localhost:54609 for channel [id: 0x4c7d4384, L:/127.0.0.1:49424 - R:localhost/127.0.0.1:54609]
00:45:39.434 [Forwarding screenshot on session 0a9310e18f4117617ac31f238c9af385 to remote] DEBUG org.asynchttpclient.netty.request.NettyRequestSender - Using pooled Channel '[id: 0x4c7d4384, L:/127.0.0.1:49424 - R:localhost/127.0.0.1:54609]' for 'GET' to 'http://localhost:54609/session/0a9310e18f4117617ac31f238c9af385/screenshot'
00:45:39.434 [Forwarding screenshot on session 0a9310e18f4117617ac31f238c9af385 to remote] DEBUG org.asynchttpclient.netty.request.NettyRequestSender - Using open Channel [id: 0x4c7d4384, L:/127.0.0.1:49424 - R:localhost/127.0.0.1:54609] for GET '/session/0a9310e18f4117617ac31f238c9af385/screenshot'
00:45:39.488 [AsyncHttpClient-1-1] DEBUG org.asynchttpclient.netty.channel.DefaultChannelPool - Entry count for : http://localhost:49425 : 1
00:45:39.632 [AsyncHttpClient-1-2] DEBUG org.asynchttpclient.netty.handler.HttpHandler - 

Request DefaultFullHttpRequest(decodeResult: success, version: HTTP/1.1, content: EmptyByteBufBE)
GET /session/0a9310e18f4117617ac31f238c9af385/screenshot HTTP/1.1
User-Agent: selenium/4.1.2 (java windows)
Cache-Control: no-cache
Content-Type: application/json; charset=utf-8
host: localhost:54609
accept: */*

Response DefaultHttpResponse(decodeResult: success, version: HTTP/1.1)
HTTP/1.1 200 OK
Content-Type: application/json; charset=utf-8
cache-control: no-cache
content-length: 100428

00:45:39.632 [AsyncHttpClient-1-2] DEBUG org.asynchttpclient.netty.channel.ChannelManager - Adding key: http://localhost:54609 for channel [id: 0x4c7d4384, L:/127.0.0.1:49424 - R:localhost/127.0.0.1:54609]
00:45:39.635 [main] DEBUG net.serenitybdd.core.photography.Darkroom - Send negative for processing for target\site\serenity\d31e5e71b78cd40e6ca0b0afbd830a31152b4fe246c5b3acc612dbe0eab07f48.png
00:45:39.635 [main] DEBUG net.thucydides.core.steps.StepInterceptor - STEP DONE: sucseslogin
  &amp#27;[32mAnd &amp#27;[0m&amp#27;[32mclick sucsess login&amp#27;[0m                         &amp#27;[90m# starter.definitions.LoginSteps.clickSucsessLogin()&amp#27;[0m
00:45:39.635 [Darkroom Processing Line] DEBUG net.serenitybdd.core.photography.DarkroomProcessingLine - Processing screenshot image in /var/screenshots/screenshot-337031134659835806
00:45:39.635 [Darkroom Processing Line] DEBUG net.serenitybdd.core.photography.DarkroomProcessingLine - Saving screenshot to target\site\serenity\d31e5e71b78cd40e6ca0b0afbd830a31152b4fe246c5b3acc612dbe0eab07f48.png
00:45:39.648 [main] DEBUG net.thucydides.core.steps.StepInterceptor - STARTING STEP: LoginSteps.iAmOnTheHomePages - validatehomepage
00:45:39.649 [Forwarding findElement on session 0a9310e18f4117617ac31f238c9af385 to remote] DEBUG org.asynchttpclient.netty.request.NettyRequestSender - Using pooled Channel '[id: 0x4c7d4384, L:/127.0.0.1:49424 - R:localhost/127.0.0.1:54609]' for 'POST' to 'http://localhost:54609/session/0a9310e18f4117617ac31f238c9af385/element'
00:45:39.649 [Forwarding findElement on session 0a9310e18f4117617ac31f238c9af385 to remote] DEBUG org.asynchttpclient.netty.request.NettyRequestSender - Using open Channel [id: 0x4c7d4384, L:/127.0.0.1:49424 - R:localhost/127.0.0.1:54609] for POST '/session/0a9310e18f4117617ac31f238c9af385/element'
00:45:39.663 [AsyncHttpClient-1-2] DEBUG org.asynchttpclient.netty.handler.HttpHandler - 

Request DefaultHttpRequest(decodeResult: success, version: HTTP/1.1)
POST /session/0a9310e18f4117617ac31f238c9af385/element HTTP/1.1
User-Agent: selenium/4.1.2 (java windows)
Content-Length: 82
Content-Type: application/json; charset=utf-8
host: localhost:54609
accept: */*

Response DefaultHttpResponse(decodeResult: success, version: HTTP/1.1)
HTTP/1.1 200 OK
Content-Type: application/json; charset=utf-8
cache-control: no-cache
content-length: 88

00:45:39.663 [AsyncHttpClient-1-2] DEBUG org.asynchttpclient.netty.channel.ChannelManager - Adding key: http://localhost:54609 for channel [id: 0x4c7d4384, L:/127.0.0.1:49424 - R:localhost/127.0.0.1:54609]
00:45:39.665 [Forwarding isElementDisplayed on session 0a9310e18f4117617ac31f238c9af385 to remote] DEBUG org.asynchttpclient.netty.request.NettyRequestSender - Using pooled Channel '[id: 0x4c7d4384, L:/127.0.0.1:49424 - R:localhost/127.0.0.1:54609]' for 'POST' to 'http://localhost:54609/session/0a9310e18f4117617ac31f238c9af385/execute/sync'
00:45:39.665 [Forwarding isElementDisplayed on session 0a9310e18f4117617ac31f238c9af385 to remote] DEBUG org.asynchttpclient.netty.request.NettyRequestSender - Using open Channel [id: 0x4c7d4384, L:/127.0.0.1:49424 - R:localhost/127.0.0.1:54609] for POST '/session/0a9310e18f4117617ac31f238c9af385/execute/sync'
00:45:39.676 [AsyncHttpClient-1-2] DEBUG org.asynchttpclient.netty.handler.HttpHandler - 

Request DefaultHttpRequest(decodeResult: success, version: HTTP/1.1)
POST /session/0a9310e18f4117617ac31f238c9af385/execute/sync HTTP/1.1
User-Agent: selenium/4.1.2 (java windows)
Content-Length: 48780
Content-Type: application/json; charset=utf-8
host: localhost:54609
accept: */*

Response DefaultHttpResponse(decodeResult: success, version: HTTP/1.1)
HTTP/1.1 200 OK
Content-Type: application/json; charset=utf-8
cache-control: no-cache
content-length: 14

00:45:39.676 [AsyncHttpClient-1-2] DEBUG org.asynchttpclient.netty.channel.ChannelManager - Adding key: http://localhost:54609 for channel [id: 0x4c7d4384, L:/127.0.0.1:49424 - R:localhost/127.0.0.1:54609]
00:45:39.679 [main] DEBUG net.thucydides.core.steps.StepInterceptor - STEP DONE: validatehomepage
  &amp#27;[32mThen &amp#27;[0m&amp#27;[32mI am on the home pages&amp#27;[0m                     &amp#27;[90m# starter.definitions.LoginSteps.iAmOnTheHomePages()&amp#27;[0m
00:45:39.684 [main] INFO  - 
  _____   ___   ___   _____     ___     _     ___   ___   ___   ___  
 |_   _| | __| / __| |_   _|   | _ \   /_\   / __| / __| | __| |   \ 
   | |   | _|  \__ \   | |     |  _/  / _ \  \__ \ \__ \ | _|  | |) |
   |_|   |___| |___/   |_|     |_|   /_/ \_\ |___/ |___/ |___| |___/ 

As a user, i able to login successfully
----------------------------------------------------------------------
00:45:39.759 [Driver Command Executor] DEBUG org.asynchttpclient.netty.request.NettyRequestSender - Using pooled Channel '[id: 0x4c7d4384, L:/127.0.0.1:49424 - R:localhost/127.0.0.1:54609]' for 'DELETE' to 'http://localhost:54609/session/0a9310e18f4117617ac31f238c9af385'
00:45:39.760 [Driver Command Executor] DEBUG org.asynchttpclient.netty.request.NettyRequestSender - Using open Channel [id: 0x4c7d4384, L:/127.0.0.1:49424 - R:localhost/127.0.0.1:54609] for DELETE '/session/0a9310e18f4117617ac31f238c9af385'
00:45:39.760 [AsyncHttpClient-1-4] DEBUG org.asynchttpclient.netty.handler.WebSocketHandler - Channel Closed: [id: 0xf307ffd4, L:/127.0.0.1:49432 ! R:localhost/127.0.0.1:49425] with attribute NettyResponseFuture{currentRetry=5,
	isDone=1,
	isCancelled=0,
	asyncHandler=org.asynchttpclient.ws.WebSocketUpgradeHandler@59d5ea24,
	nettyRequest=org.asynchttpclient.netty.request.NettyRequest@3274ae68,
	future=java.util.concurrent.CompletableFuture@42cdfb82[Completed normally],
	uri=ws://localhost:49425/devtools/browser/5f9c1b9a-0e49-4029-aef6-4a1925525b9e,
	keepAlive=true,
	redirectCount=0,
	timeoutsHolder=null,
	inAuth=0,
	touch=1658421933016}
00:45:39.761 [AsyncHttpClient-1-4] DEBUG org.asynchttpclient.netty.channel.ChannelManager - Closing Channel [id: 0xf307ffd4, L:/127.0.0.1:49432 ! R:localhost/127.0.0.1:49425] 
00:45:39.779 [AsyncHttpClient-1-3] DEBUG org.asynchttpclient.netty.handler.HttpHandler - Unexpected I/O exception on channel [id: 0x5df796b9, L:/127.0.0.1:49431 - R:localhost/127.0.0.1:49425]
java.net.SocketException: Connection reset
	at java.base/sun.nio.ch.SocketChannelImpl.throwConnectionReset(SocketChannelImpl.java:394)
	at java.base/sun.nio.ch.SocketChannelImpl.read(SocketChannelImpl.java:426)
	at io.netty.buffer.PooledByteBuf.setBytes(PooledByteBuf.java:258)
	at io.netty.buffer.AbstractByteBuf.writeBytes(AbstractByteBuf.java:1132)
	at io.netty.channel.socket.nio.NioSocketChannel.doReadBytes(NioSocketChannel.java:350)
	at io.netty.channel.nio.AbstractNioByteChannel$NioByteUnsafe.read(AbstractNioByteChannel.java:151)
	at io.netty.channel.nio.NioEventLoop.processSelectedKey(NioEventLoop.java:722)
	at io.netty.channel.nio.NioEventLoop.processSelectedKeysOptimized(NioEventLoop.java:658)
	at io.netty.channel.nio.NioEventLoop.processSelectedKeys(NioEventLoop.java:584)
	at io.netty.channel.nio.NioEventLoop.run(NioEventLoop.java:496)
	at io.netty.util.concurrent.SingleThreadEventExecutor$4.run(SingleThreadEventExecutor.java:986)
	at io.netty.util.internal.ThreadExecutorMap$2.run(ThreadExecutorMap.java:74)
	at io.netty.util.concurrent.FastThreadLocalRunnable.run(FastThreadLocalRunnable.java:30)
	at java.base/java.lang.Thread.run(Thread.java:833)
00:45:39.779 [AsyncHttpClient-1-3] DEBUG org.asynchttpclient.netty.channel.ChannelManager - Closing Channel [id: 0x5df796b9, L:/127.0.0.1:49431 - R:localhost/127.0.0.1:49425] 
00:45:39.779 [AsyncHttpClient-1-3] DEBUG org.asynchttpclient.netty.handler.HttpHandler - Channel Closed: [id: 0x5df796b9, L:/127.0.0.1:49431 ! R:localhost/127.0.0.1:49425] with attribute DISCARD
00:45:39.785 [AsyncHttpClient-1-2] DEBUG org.asynchttpclient.netty.handler.HttpHandler - 

Request DefaultFullHttpRequest(decodeResult: success, version: HTTP/1.1, content: EmptyByteBufBE)
DELETE /session/0a9310e18f4117617ac31f238c9af385 HTTP/1.1
User-Agent: selenium/4.1.2 (java windows)
Content-Type: application/json; charset=utf-8
host: localhost:54609
accept: */*

Response DefaultHttpResponse(decodeResult: success, version: HTTP/1.1)
HTTP/1.1 200 OK
Content-Type: application/json; charset=utf-8
cache-control: no-cache
content-length: 14

00:45:39.785 [AsyncHttpClient-1-2] DEBUG org.asynchttpclient.netty.channel.ChannelManager - Adding key: http://localhost:54609 for channel [id: 0x4c7d4384, L:/127.0.0.1:49424 - R:localhost/127.0.0.1:54609]
00:45:39.828 [AsyncHttpClient-1-2] DEBUG org.asynchttpclient.netty.handler.HttpHandler - Channel Closed: [id: 0x4c7d4384, L:/127.0.0.1:49424 ! R:localhost/127.0.0.1:54609] with attribute DISCARD
]]></system-out>
    <system-err><![CDATA[Starting ChromeDriver 103.0.5060.134 (8ec6fce403b3feb0869b0732eda8bd95011d333c-refs/branch-heads/5060@{#1262}) on port 54609
Only local connections are allowed.
Please see https://chromedriver.chromium.org/security-considerations for suggestions on keeping ChromeDriver safe.
ChromeDriver was started successfully.
Jul 22, 2022 12:45:32 AM org.openqa.selenium.remote.ProtocolHandshake createSession
INFO: Detected dialect: W3C
Jul 22, 2022 12:45:33 AM org.openqa.selenium.devtools.CdpVersionFinder findNearestMatch
WARNING: Unable to find an exact match for CDP version 103, so returning the closest version found: a no-op implementation
Jul 22, 2022 12:45:33 AM org.openqa.selenium.devtools.CdpVersionFinder findNearestMatch
INFO: Unable to find CDP implementation matching 103.
Jul 22, 2022 12:45:33 AM org.openqa.selenium.chromium.ChromiumDriver lambda$new$3
WARNING: Unable to find version of CDP to use for . You may need to include a dependency on a specific version of the CDP using something similar to `org.seleniumhq.selenium:selenium-devtools-v86:4.1.2` where the version ("v86") matches the version of the chromium-based browser you're using and the version number of the artifact is the same as Selenium's.
]]></system-err>
  </testcase>
  <testcase name="admin click booking page on dashboard page" classname="admin see detail booking page" time="7.64">
    <system-out><![CDATA[00:45:39.893 [main] INFO io.cucumber.core.plugin.SerenityReporter - Running feature from file:///D:/capstone%20projek/web%20testing/src/test/resources/features/booking.feature
00:45:39.894 [main] DEBUG net.thucydides.core.steps.StepEventBus - Test suite started for story net.thucydides.core.model.Story@13ccf0ba
00:45:39.894 [main] INFO  - Test Suite Started: admin see detail booking page

@booking
Scenario: admin click booking page on dashboard page &amp#27;[90m# src/test/resources/features/booking.feature:11&amp#27;[0m
00:45:39.904 [main] INFO io.cucumber.core.plugin.SerenityReporter - Running feature from file:///D:/capstone%20projek/web%20testing/src/test/resources/features/booking.feature
00:45:39.905 [main] INFO  - 
  _____   ___   ___   _____     ___   _____     _     ___   _____   ___   ___  
 |_   _| | __| / __| |_   _|   / __| |_   _|   /_\   | _ \ |_   _| | __| |   \ 
   | |   | _|  \__ \   | |     \__ \   | |    / _ \  |   /   | |   | _|  | |) |
   |_|   |___| |___/   |_|     |___/   |_|   /_/ \_\ |_|_\   |_|   |___| |___/ 

admin click booking page on dashboard page(admin-see-detail-booking-page;admin-click-booking-page-on-dashboard-page)
--------------------------------------------------------------------------------
00:45:39.913 [main] DEBUG net.thucydides.core.steps.StepInterceptor - STARTING STEP: LoginSteps.adminOnLoginPage - openPage
00:45:39.914 [main] INFO net.serenitybdd.core.webdriver.driverproviders.ChromeDriverProvider - Using automatically driver download
00:45:39.987 [main] DEBUG io.github.bonigarcia.wdm.cache.ResolutionCache - Resolution chrome=103 in cache (valid until 01:32:20 22/07/2022 WITA)
00:45:39.989 [main] DEBUG io.github.bonigarcia.wdm.cache.ResolutionCache - Resolution chrome103=103.0.5060.134 in cache (valid until 21:05:58 22/07/2022 WITA)
00:45:39.991 [main] INFO io.github.bonigarcia.wdm.WebDriverManager - Using chromedriver 103.0.5060.134 (resolved driver for Chrome 103)
00:45:40.001 [main] DEBUG io.github.bonigarcia.wdm.WebDriverManager - Driver chromedriver 103.0.5060.134 found in cache
00:45:40.001 [main] INFO io.github.bonigarcia.wdm.WebDriverManager - Exporting webdriver.chrome.driver as C:\Users\Rev\.cache\selenium\chromedriver\win32\103.0.5060.134\chromedriver.exe
00:45:40.079 [main] DEBUG net.serenitybdd.core.webdriver.driverproviders.ProvideNewDriver - Instantiating driver
00:45:40.079 [main] DEBUG net.serenitybdd.core.webdriver.driverproviders.ProvideNewDriver - Driver capabilities: Capabilities {acceptInsecureCerts: false, base.url: https://sportly.rafdev.my.id/, browserName: chrome, chrome.driver: webdriver/chromedriver.exe, driver: chrome, goog:chromeOptions: {args: [], extensions: []}}
00:45:40.274 [AsyncHttpClient-1-5] DEBUG org.asynchttpclient.netty.channel.NettyConnectListener - Using new Channel '[id: 0x03e7c42f, L:/127.0.0.1:49460 - R:localhost/127.0.0.1:56049]' for 'POST' to '/session'
00:45:40.585 [AsyncHttpClient-1-1] DEBUG org.asynchttpclient.netty.channel.DefaultChannelPool - Entry count for : http://localhost:54609 : 1
00:45:40.585 [AsyncHttpClient-1-1] DEBUG org.asynchttpclient.netty.channel.DefaultChannelPool - Entry count for : http://localhost:49425 : 1
00:45:40.585 [AsyncHttpClient-1-1] DEBUG org.asynchttpclient.netty.channel.DefaultChannelPool - Adding Candidate expired Channel [id: 0x4c7d4384, L:/127.0.0.1:49424 ! R:localhost/127.0.0.1:54609] isIdleTimeoutExpired=false isRemotelyClosed=true isTtlExpired=false
00:45:40.585 [AsyncHttpClient-1-1] DEBUG org.asynchttpclient.netty.channel.DefaultChannelPool - Closing Idle Channel [id: 0x4c7d4384, L:/127.0.0.1:49424 ! R:localhost/127.0.0.1:54609]
00:45:40.586 [AsyncHttpClient-1-1] DEBUG org.asynchttpclient.netty.channel.DefaultChannelPool - Adding Candidate expired Channel [id: 0x5df796b9, L:/127.0.0.1:49431 ! R:localhost/127.0.0.1:49425] isIdleTimeoutExpired=false isRemotelyClosed=true isTtlExpired=false
00:45:40.586 [AsyncHttpClient-1-1] DEBUG org.asynchttpclient.netty.channel.DefaultChannelPool - Closing Idle Channel [id: 0x5df796b9, L:/127.0.0.1:49431 ! R:localhost/127.0.0.1:49425]
00:45:40.586 [AsyncHttpClient-1-1] DEBUG org.asynchttpclient.netty.channel.DefaultChannelPool - Closed 2 connections out of 2 in 1 ms
00:45:40.740 [AsyncHttpClient-1-5] DEBUG org.asynchttpclient.netty.handler.HttpHandler - 

Request DefaultHttpRequest(decodeResult: success, version: HTTP/1.1)
POST /session HTTP/1.1
User-Agent: selenium/4.1.2 (java windows)
Content-Length: 581
Content-Type: application/json; charset=utf-8
host: localhost:56049
accept: */*

Response DefaultHttpResponse(decodeResult: success, version: HTTP/1.1)
HTTP/1.1 200 OK
Content-Type: application/json; charset=utf-8
cache-control: no-cache
content-length: 789

00:45:40.740 [AsyncHttpClient-1-5] DEBUG org.asynchttpclient.netty.channel.ChannelManager - Adding key: http://localhost:56049 for channel [id: 0x03e7c42f, L:/127.0.0.1:49460 - R:localhost/127.0.0.1:56049]
00:45:40.744 [AsyncHttpClient-1-6] DEBUG org.asynchttpclient.netty.channel.NettyConnectListener - Using new Channel '[id: 0xb5026914, L:/127.0.0.1:49467 - R:localhost/127.0.0.1:49461]' for 'GET' to '/json/version'
00:45:40.747 [AsyncHttpClient-1-6] DEBUG org.asynchttpclient.netty.handler.HttpHandler - 

Request DefaultFullHttpRequest(decodeResult: success, version: HTTP/1.1, content: EmptyByteBufBE)
GET /json/version HTTP/1.1
User-Agent: selenium/4.1.2 (java windows)
host: localhost:49461
accept: */*

Response DefaultHttpResponse(decodeResult: success, version: HTTP/1.1)
HTTP/1.1 200 OK
Content-Type: application/json; charset=UTF-8
content-length: 429

00:45:40.747 [AsyncHttpClient-1-6] DEBUG org.asynchttpclient.netty.channel.ChannelManager - Adding key: http://localhost:49461 for channel [id: 0xb5026914, L:/127.0.0.1:49467 - R:localhost/127.0.0.1:49461]
00:45:40.749 [AsyncHttpClient-1-7] DEBUG org.asynchttpclient.netty.channel.NettyConnectListener - Using new Channel '[id: 0x30c9c096, L:/127.0.0.1:49468 - R:localhost/127.0.0.1:49461]' for 'GET' to '/devtools/browser/0207a6dc-337e-4198-a8b6-f580c326f6b3'
00:45:40.752 [AsyncHttpClient-1-7] DEBUG org.asynchttpclient.netty.handler.WebSocketHandler - 

Request DefaultFullHttpRequest(decodeResult: success, version: HTTP/1.1, content: EmptyByteBufBE)
GET /devtools/browser/0207a6dc-337e-4198-a8b6-f580c326f6b3 HTTP/1.1
upgrade: websocket
connection: upgrade
sec-websocket-key: e3k7VHs1/396P2Zzn5mkww==
sec-websocket-version: 13
origin: http://localhost:49461
host: localhost:49461
accept: */*
user-agent: AHC/2.1

Response DefaultHttpResponse(decodeResult: success, version: HTTP/1.1)
HTTP/1.1 101 WebSocket Protocol Handshake
Upgrade: WebSocket
Connection: Upgrade
Sec-WebSocket-Accept: yFPPVJo4c0L0s9ZpPSJLQTIrQjA=

00:45:40.756 [Forwarding setCurrentWindowSize on session 9670a06a9db6c410287fd93f01642c35 to remote] DEBUG org.asynchttpclient.netty.request.NettyRequestSender - Using pooled Channel '[id: 0x03e7c42f, L:/127.0.0.1:49460 - R:localhost/127.0.0.1:56049]' for 'POST' to 'http://localhost:56049/session/9670a06a9db6c410287fd93f01642c35/window/rect'
00:45:40.756 [Forwarding setCurrentWindowSize on session 9670a06a9db6c410287fd93f01642c35 to remote] DEBUG org.asynchttpclient.netty.request.NettyRequestSender - Using open Channel [id: 0x03e7c42f, L:/127.0.0.1:49460 - R:localhost/127.0.0.1:56049] for POST '/session/9670a06a9db6c410287fd93f01642c35/window/rect'
00:45:40.874 [AsyncHttpClient-1-5] DEBUG org.asynchttpclient.netty.handler.HttpHandler - 

Request DefaultHttpRequest(decodeResult: success, version: HTTP/1.1)
POST /session/9670a06a9db6c410287fd93f01642c35/window/rect HTTP/1.1
User-Agent: selenium/4.1.2 (java windows)
Content-Length: 37
Content-Type: application/json; charset=utf-8
host: localhost:56049
accept: */*

Response DefaultHttpResponse(decodeResult: success, version: HTTP/1.1)
HTTP/1.1 200 OK
Content-Type: application/json; charset=utf-8
cache-control: no-cache
content-length: 52

00:45:40.874 [AsyncHttpClient-1-5] DEBUG org.asynchttpclient.netty.channel.ChannelManager - Adding key: http://localhost:56049 for channel [id: 0x03e7c42f, L:/127.0.0.1:49460 - R:localhost/127.0.0.1:56049]
00:45:40.877 [Forwarding setWindowPosition on session 9670a06a9db6c410287fd93f01642c35 to remote] DEBUG org.asynchttpclient.netty.request.NettyRequestSender - Using pooled Channel '[id: 0x03e7c42f, L:/127.0.0.1:49460 - R:localhost/127.0.0.1:56049]' for 'POST' to 'http://localhost:56049/session/9670a06a9db6c410287fd93f01642c35/window/rect'
00:45:40.877 [Forwarding setWindowPosition on session 9670a06a9db6c410287fd93f01642c35 to remote] DEBUG org.asynchttpclient.netty.request.NettyRequestSender - Using open Channel [id: 0x03e7c42f, L:/127.0.0.1:49460 - R:localhost/127.0.0.1:56049] for POST '/session/9670a06a9db6c410287fd93f01642c35/window/rect'
00:45:40.985 [AsyncHttpClient-1-5] DEBUG org.asynchttpclient.netty.handler.HttpHandler - 

Request DefaultHttpRequest(decodeResult: success, version: HTTP/1.1)
POST /session/9670a06a9db6c410287fd93f01642c35/window/rect HTTP/1.1
User-Agent: selenium/4.1.2 (java windows)
Content-Length: 22
Content-Type: application/json; charset=utf-8
host: localhost:56049
accept: */*

Response DefaultHttpResponse(decodeResult: success, version: HTTP/1.1)
HTTP/1.1 200 OK
Content-Type: application/json; charset=utf-8
cache-control: no-cache
content-length: 50

00:45:40.985 [AsyncHttpClient-1-5] DEBUG org.asynchttpclient.netty.channel.ChannelManager - Adding key: http://localhost:56049 for channel [id: 0x03e7c42f, L:/127.0.0.1:49460 - R:localhost/127.0.0.1:56049]
00:45:40.986 [Forwarding get on session 9670a06a9db6c410287fd93f01642c35 to remote] DEBUG org.asynchttpclient.netty.request.NettyRequestSender - Using pooled Channel '[id: 0x03e7c42f, L:/127.0.0.1:49460 - R:localhost/127.0.0.1:56049]' for 'POST' to 'http://localhost:56049/session/9670a06a9db6c410287fd93f01642c35/url'
00:45:40.986 [Forwarding get on session 9670a06a9db6c410287fd93f01642c35 to remote] DEBUG org.asynchttpclient.netty.request.NettyRequestSender - Using open Channel [id: 0x03e7c42f, L:/127.0.0.1:49460 - R:localhost/127.0.0.1:56049] for POST '/session/9670a06a9db6c410287fd93f01642c35/url'
00:45:41.687 [AsyncHttpClient-1-1] DEBUG org.asynchttpclient.netty.channel.DefaultChannelPool - Entry count for : http://localhost:49461 : 1
00:45:42.794 [AsyncHttpClient-1-1] DEBUG org.asynchttpclient.netty.channel.DefaultChannelPool - Entry count for : http://localhost:49461 : 1
00:45:43.061 [AsyncHttpClient-1-5] DEBUG org.asynchttpclient.netty.handler.HttpHandler - 

Request DefaultHttpRequest(decodeResult: success, version: HTTP/1.1)
POST /session/9670a06a9db6c410287fd93f01642c35/url HTTP/1.1
User-Agent: selenium/4.1.2 (java windows)
Content-Length: 59
Content-Type: application/json; charset=utf-8
host: localhost:56049
accept: */*

Response DefaultHttpResponse(decodeResult: success, version: HTTP/1.1)
HTTP/1.1 200 OK
Content-Type: application/json; charset=utf-8
cache-control: no-cache
content-length: 14

00:45:43.061 [AsyncHttpClient-1-5] DEBUG org.asynchttpclient.netty.channel.ChannelManager - Adding key: http://localhost:56049 for channel [id: 0x03e7c42f, L:/127.0.0.1:49460 - R:localhost/127.0.0.1:56049]
00:45:43.062 [Forwarding setTimeout on session 9670a06a9db6c410287fd93f01642c35 to remote] DEBUG org.asynchttpclient.netty.request.NettyRequestSender - Using pooled Channel '[id: 0x03e7c42f, L:/127.0.0.1:49460 - R:localhost/127.0.0.1:56049]' for 'POST' to 'http://localhost:56049/session/9670a06a9db6c410287fd93f01642c35/timeouts'
00:45:43.062 [Forwarding setTimeout on session 9670a06a9db6c410287fd93f01642c35 to remote] DEBUG org.asynchttpclient.netty.request.NettyRequestSender - Using open Channel [id: 0x03e7c42f, L:/127.0.0.1:49460 - R:localhost/127.0.0.1:56049] for POST '/session/9670a06a9db6c410287fd93f01642c35/timeouts'
00:45:43.063 [AsyncHttpClient-1-5] DEBUG org.asynchttpclient.netty.handler.HttpHandler - 

Request DefaultHttpRequest(decodeResult: success, version: HTTP/1.1)
POST /session/9670a06a9db6c410287fd93f01642c35/timeouts HTTP/1.1
User-Agent: selenium/4.1.2 (java windows)
Content-Length: 22
Content-Type: application/json; charset=utf-8
host: localhost:56049
accept: */*

Response DefaultHttpResponse(decodeResult: success, version: HTTP/1.1)
HTTP/1.1 200 OK
Content-Type: application/json; charset=utf-8
cache-control: no-cache
content-length: 14

00:45:43.063 [AsyncHttpClient-1-5] DEBUG org.asynchttpclient.netty.channel.ChannelManager - Adding key: http://localhost:56049 for channel [id: 0x03e7c42f, L:/127.0.0.1:49460 - R:localhost/127.0.0.1:56049]
00:45:43.066 [Forwarding getCurrentUrl on session 9670a06a9db6c410287fd93f01642c35 to remote] DEBUG org.asynchttpclient.netty.request.NettyRequestSender - Using pooled Channel '[id: 0x03e7c42f, L:/127.0.0.1:49460 - R:localhost/127.0.0.1:56049]' for 'GET' to 'http://localhost:56049/session/9670a06a9db6c410287fd93f01642c35/url'
00:45:43.066 [Forwarding getCurrentUrl on session 9670a06a9db6c410287fd93f01642c35 to remote] DEBUG org.asynchttpclient.netty.request.NettyRequestSender - Using open Channel [id: 0x03e7c42f, L:/127.0.0.1:49460 - R:localhost/127.0.0.1:56049] for GET '/session/9670a06a9db6c410287fd93f01642c35/url'
00:45:43.084 [AsyncHttpClient-1-5] DEBUG org.asynchttpclient.netty.handler.HttpHandler - 

Request DefaultFullHttpRequest(decodeResult: success, version: HTTP/1.1, content: EmptyByteBufBE)
GET /session/9670a06a9db6c410287fd93f01642c35/url HTTP/1.1
User-Agent: selenium/4.1.2 (java windows)
Cache-Control: no-cache
Content-Type: application/json; charset=utf-8
host: localhost:56049
accept: */*

Response DefaultHttpResponse(decodeResult: success, version: HTTP/1.1)
HTTP/1.1 200 OK
Content-Type: application/json; charset=utf-8
cache-control: no-cache
content-length: 46

00:45:43.084 [AsyncHttpClient-1-5] DEBUG org.asynchttpclient.netty.channel.ChannelManager - Adding key: http://localhost:56049 for channel [id: 0x03e7c42f, L:/127.0.0.1:49460 - R:localhost/127.0.0.1:56049]
00:45:43.086 [Forwarding getCurrentUrl on session 9670a06a9db6c410287fd93f01642c35 to remote] DEBUG org.asynchttpclient.netty.request.NettyRequestSender - Using pooled Channel '[id: 0x03e7c42f, L:/127.0.0.1:49460 - R:localhost/127.0.0.1:56049]' for 'GET' to 'http://localhost:56049/session/9670a06a9db6c410287fd93f01642c35/url'
00:45:43.086 [Forwarding getCurrentUrl on session 9670a06a9db6c410287fd93f01642c35 to remote] DEBUG org.asynchttpclient.netty.request.NettyRequestSender - Using open Channel [id: 0x03e7c42f, L:/127.0.0.1:49460 - R:localhost/127.0.0.1:56049] for GET '/session/9670a06a9db6c410287fd93f01642c35/url'
00:45:43.089 [AsyncHttpClient-1-5] DEBUG org.asynchttpclient.netty.handler.HttpHandler - 

Request DefaultFullHttpRequest(decodeResult: success, version: HTTP/1.1, content: EmptyByteBufBE)
GET /session/9670a06a9db6c410287fd93f01642c35/url HTTP/1.1
User-Agent: selenium/4.1.2 (java windows)
Cache-Control: no-cache
Content-Type: application/json; charset=utf-8
host: localhost:56049
accept: */*

Response DefaultHttpResponse(decodeResult: success, version: HTTP/1.1)
HTTP/1.1 200 OK
Content-Type: application/json; charset=utf-8
cache-control: no-cache
content-length: 46

00:45:43.089 [AsyncHttpClient-1-5] DEBUG org.asynchttpclient.netty.channel.ChannelManager - Adding key: http://localhost:56049 for channel [id: 0x03e7c42f, L:/127.0.0.1:49460 - R:localhost/127.0.0.1:56049]
00:45:43.092 [main] DEBUG net.serenitybdd.core.photography.Darkroom - Opening darkroom
00:45:43.093 [Darkroom Processing Line] DEBUG net.serenitybdd.core.photography.DarkroomProcessingLine - Darkroom processing line starting up
00:45:43.093 [Forwarding screenshot on session 9670a06a9db6c410287fd93f01642c35 to remote] DEBUG org.asynchttpclient.netty.request.NettyRequestSender - Using pooled Channel '[id: 0x03e7c42f, L:/127.0.0.1:49460 - R:localhost/127.0.0.1:56049]' for 'GET' to 'http://localhost:56049/session/9670a06a9db6c410287fd93f01642c35/screenshot'
00:45:43.093 [Forwarding screenshot on session 9670a06a9db6c410287fd93f01642c35 to remote] DEBUG org.asynchttpclient.netty.request.NettyRequestSender - Using open Channel [id: 0x03e7c42f, L:/127.0.0.1:49460 - R:localhost/127.0.0.1:56049] for GET '/session/9670a06a9db6c410287fd93f01642c35/screenshot'
00:45:43.287 [AsyncHttpClient-1-5] DEBUG org.asynchttpclient.netty.handler.HttpHandler - 

Request DefaultFullHttpRequest(decodeResult: success, version: HTTP/1.1, content: EmptyByteBufBE)
GET /session/9670a06a9db6c410287fd93f01642c35/screenshot HTTP/1.1
User-Agent: selenium/4.1.2 (java windows)
Cache-Control: no-cache
Content-Type: application/json; charset=utf-8
host: localhost:56049
accept: */*

Response DefaultHttpResponse(decodeResult: success, version: HTTP/1.1)
HTTP/1.1 200 OK
Content-Type: application/json; charset=utf-8
cache-control: no-cache
content-length: 90552

00:45:43.288 [AsyncHttpClient-1-5] DEBUG org.asynchttpclient.netty.channel.ChannelManager - Adding key: http://localhost:56049 for channel [id: 0x03e7c42f, L:/127.0.0.1:49460 - R:localhost/127.0.0.1:56049]
00:45:43.290 [main] DEBUG net.serenitybdd.core.photography.Darkroom - Send negative for processing for target\site\serenity\e76827e1de7992c9e23819841158b136bd86fe2ebf09b5cd295a03583751b7d7.png
00:45:43.290 [main] DEBUG net.thucydides.core.steps.StepInterceptor - STEP DONE: openPage
00:45:43.290 [Darkroom Processing Line] DEBUG net.serenitybdd.core.photography.DarkroomProcessingLine - Processing screenshot image in /var/screenshots/screenshot-11944369061779281169
00:45:43.290 [Darkroom Processing Line] DEBUG net.serenitybdd.core.photography.DarkroomProcessingLine - Saving screenshot to target\site\serenity\e76827e1de7992c9e23819841158b136bd86fe2ebf09b5cd295a03583751b7d7.png
00:45:43.293 [main] DEBUG net.thucydides.core.steps.StepInterceptor - STARTING STEP: LoginSteps.adminOnLoginPage - validateonLoginPage
00:45:43.294 [Forwarding findElement on session 9670a06a9db6c410287fd93f01642c35 to remote] DEBUG org.asynchttpclient.netty.request.NettyRequestSender - Using pooled Channel '[id: 0x03e7c42f, L:/127.0.0.1:49460 - R:localhost/127.0.0.1:56049]' for 'POST' to 'http://localhost:56049/session/9670a06a9db6c410287fd93f01642c35/element'
00:45:43.294 [Forwarding findElement on session 9670a06a9db6c410287fd93f01642c35 to remote] DEBUG org.asynchttpclient.netty.request.NettyRequestSender - Using open Channel [id: 0x03e7c42f, L:/127.0.0.1:49460 - R:localhost/127.0.0.1:56049] for POST '/session/9670a06a9db6c410287fd93f01642c35/element'
00:45:43.303 [AsyncHttpClient-1-5] DEBUG org.asynchttpclient.netty.handler.HttpHandler - 

Request DefaultHttpRequest(decodeResult: success, version: HTTP/1.1)
POST /session/9670a06a9db6c410287fd93f01642c35/element HTTP/1.1
User-Agent: selenium/4.1.2 (java windows)
Content-Length: 71
Content-Type: application/json; charset=utf-8
host: localhost:56049
accept: */*

Response DefaultHttpResponse(decodeResult: success, version: HTTP/1.1)
HTTP/1.1 200 OK
Content-Type: application/json; charset=utf-8
cache-control: no-cache
content-length: 88

00:45:43.303 [AsyncHttpClient-1-5] DEBUG org.asynchttpclient.netty.channel.ChannelManager - Adding key: http://localhost:56049 for channel [id: 0x03e7c42f, L:/127.0.0.1:49460 - R:localhost/127.0.0.1:56049]
00:45:43.306 [Forwarding isElementDisplayed on session 9670a06a9db6c410287fd93f01642c35 to remote] DEBUG org.asynchttpclient.netty.request.NettyRequestSender - Using pooled Channel '[id: 0x03e7c42f, L:/127.0.0.1:49460 - R:localhost/127.0.0.1:56049]' for 'POST' to 'http://localhost:56049/session/9670a06a9db6c410287fd93f01642c35/execute/sync'
00:45:43.306 [Forwarding isElementDisplayed on session 9670a06a9db6c410287fd93f01642c35 to remote] DEBUG org.asynchttpclient.netty.request.NettyRequestSender - Using open Channel [id: 0x03e7c42f, L:/127.0.0.1:49460 - R:localhost/127.0.0.1:56049] for POST '/session/9670a06a9db6c410287fd93f01642c35/execute/sync'
00:45:43.314 [AsyncHttpClient-1-5] DEBUG org.asynchttpclient.netty.handler.HttpHandler - 

Request DefaultHttpRequest(decodeResult: success, version: HTTP/1.1)
POST /session/9670a06a9db6c410287fd93f01642c35/execute/sync HTTP/1.1
User-Agent: selenium/4.1.2 (java windows)
Content-Length: 48780
Content-Type: application/json; charset=utf-8
host: localhost:56049
accept: */*

Response DefaultHttpResponse(decodeResult: success, version: HTTP/1.1)
HTTP/1.1 200 OK
Content-Type: application/json; charset=utf-8
cache-control: no-cache
content-length: 14

00:45:43.314 [AsyncHttpClient-1-5] DEBUG org.asynchttpclient.netty.channel.ChannelManager - Adding key: http://localhost:56049 for channel [id: 0x03e7c42f, L:/127.0.0.1:49460 - R:localhost/127.0.0.1:56049]
00:45:43.318 [main] DEBUG net.thucydides.core.steps.StepInterceptor - STEP DONE: validateonLoginPage
  &amp#27;[32mGiven &amp#27;[0m&amp#27;[32madmin on login page&amp#27;[0m                          &amp#27;[90m# starter.definitions.LoginSteps.adminOnLoginPage()&amp#27;[0m
00:45:43.327 [main] DEBUG net.thucydides.core.steps.StepInterceptor - STARTING STEP: LoginSteps.adminInputValidUssername - inputusername
00:45:43.328 [Forwarding findElement on session 9670a06a9db6c410287fd93f01642c35 to remote] DEBUG org.asynchttpclient.netty.request.NettyRequestSender - Using pooled Channel '[id: 0x03e7c42f, L:/127.0.0.1:49460 - R:localhost/127.0.0.1:56049]' for 'POST' to 'http://localhost:56049/session/9670a06a9db6c410287fd93f01642c35/element'
00:45:43.328 [Forwarding findElement on session 9670a06a9db6c410287fd93f01642c35 to remote] DEBUG org.asynchttpclient.netty.request.NettyRequestSender - Using open Channel [id: 0x03e7c42f, L:/127.0.0.1:49460 - R:localhost/127.0.0.1:56049] for POST '/session/9670a06a9db6c410287fd93f01642c35/element'
00:45:43.335 [AsyncHttpClient-1-5] DEBUG org.asynchttpclient.netty.handler.HttpHandler - 

Request DefaultHttpRequest(decodeResult: success, version: HTTP/1.1)
POST /session/9670a06a9db6c410287fd93f01642c35/element HTTP/1.1
User-Agent: selenium/4.1.2 (java windows)
Content-Length: 92
Content-Type: application/json; charset=utf-8
host: localhost:56049
accept: */*

Response DefaultHttpResponse(decodeResult: success, version: HTTP/1.1)
HTTP/1.1 200 OK
Content-Type: application/json; charset=utf-8
cache-control: no-cache
content-length: 88

00:45:43.335 [AsyncHttpClient-1-5] DEBUG org.asynchttpclient.netty.channel.ChannelManager - Adding key: http://localhost:56049 for channel [id: 0x03e7c42f, L:/127.0.0.1:49460 - R:localhost/127.0.0.1:56049]
00:45:43.336 [Forwarding clearElement on session 9670a06a9db6c410287fd93f01642c35 to remote] DEBUG org.asynchttpclient.netty.request.NettyRequestSender - Using pooled Channel '[id: 0x03e7c42f, L:/127.0.0.1:49460 - R:localhost/127.0.0.1:56049]' for 'POST' to 'http://localhost:56049/session/9670a06a9db6c410287fd93f01642c35/element/69d8e961-e548-48ff-8bdb-30824ef82694/clear'
00:45:43.337 [Forwarding clearElement on session 9670a06a9db6c410287fd93f01642c35 to remote] DEBUG org.asynchttpclient.netty.request.NettyRequestSender - Using open Channel [id: 0x03e7c42f, L:/127.0.0.1:49460 - R:localhost/127.0.0.1:56049] for POST '/session/9670a06a9db6c410287fd93f01642c35/element/69d8e961-e548-48ff-8bdb-30824ef82694/clear'
00:45:43.353 [AsyncHttpClient-1-5] DEBUG org.asynchttpclient.netty.handler.HttpHandler - 

Request DefaultHttpRequest(decodeResult: success, version: HTTP/1.1)
POST /session/9670a06a9db6c410287fd93f01642c35/element/69d8e961-e548-48ff-8bdb-30824ef82694/clear HTTP/1.1
User-Agent: selenium/4.1.2 (java windows)
Content-Length: 50
Content-Type: application/json; charset=utf-8
host: localhost:56049
accept: */*

Response DefaultHttpResponse(decodeResult: success, version: HTTP/1.1)
HTTP/1.1 200 OK
Content-Type: application/json; charset=utf-8
cache-control: no-cache
content-length: 14

00:45:43.353 [AsyncHttpClient-1-5] DEBUG org.asynchttpclient.netty.channel.ChannelManager - Adding key: http://localhost:56049 for channel [id: 0x03e7c42f, L:/127.0.0.1:49460 - R:localhost/127.0.0.1:56049]
00:45:43.353 [Forwarding sendKeysToElement on session 9670a06a9db6c410287fd93f01642c35 to remote] DEBUG org.asynchttpclient.netty.request.NettyRequestSender - Using pooled Channel '[id: 0x03e7c42f, L:/127.0.0.1:49460 - R:localhost/127.0.0.1:56049]' for 'POST' to 'http://localhost:56049/session/9670a06a9db6c410287fd93f01642c35/element/69d8e961-e548-48ff-8bdb-30824ef82694/value'
00:45:43.353 [Forwarding sendKeysToElement on session 9670a06a9db6c410287fd93f01642c35 to remote] DEBUG org.asynchttpclient.netty.request.NettyRequestSender - Using open Channel [id: 0x03e7c42f, L:/127.0.0.1:49460 - R:localhost/127.0.0.1:56049] for POST '/session/9670a06a9db6c410287fd93f01642c35/element/69d8e961-e548-48ff-8bdb-30824ef82694/value'
00:45:43.391 [AsyncHttpClient-1-5] DEBUG org.asynchttpclient.netty.handler.HttpHandler - 

Request DefaultHttpRequest(decodeResult: success, version: HTTP/1.1)
POST /session/9670a06a9db6c410287fd93f01642c35/element/69d8e961-e548-48ff-8bdb-30824ef82694/value HTTP/1.1
User-Agent: selenium/4.1.2 (java windows)
Content-Length: 151
Content-Type: application/json; charset=utf-8
host: localhost:56049
accept: */*

Response DefaultHttpResponse(decodeResult: success, version: HTTP/1.1)
HTTP/1.1 200 OK
Content-Type: application/json; charset=utf-8
cache-control: no-cache
content-length: 14

00:45:43.391 [AsyncHttpClient-1-5] DEBUG org.asynchttpclient.netty.channel.ChannelManager - Adding key: http://localhost:56049 for channel [id: 0x03e7c42f, L:/127.0.0.1:49460 - R:localhost/127.0.0.1:56049]
00:45:43.395 [Forwarding screenshot on session 9670a06a9db6c410287fd93f01642c35 to remote] DEBUG org.asynchttpclient.netty.request.NettyRequestSender - Using pooled Channel '[id: 0x03e7c42f, L:/127.0.0.1:49460 - R:localhost/127.0.0.1:56049]' for 'GET' to 'http://localhost:56049/session/9670a06a9db6c410287fd93f01642c35/screenshot'
00:45:43.395 [Forwarding screenshot on session 9670a06a9db6c410287fd93f01642c35 to remote] DEBUG org.asynchttpclient.netty.request.NettyRequestSender - Using open Channel [id: 0x03e7c42f, L:/127.0.0.1:49460 - R:localhost/127.0.0.1:56049] for GET '/session/9670a06a9db6c410287fd93f01642c35/screenshot'
00:45:43.625 [AsyncHttpClient-1-5] DEBUG org.asynchttpclient.netty.handler.HttpHandler - 

Request DefaultFullHttpRequest(decodeResult: success, version: HTTP/1.1, content: EmptyByteBufBE)
GET /session/9670a06a9db6c410287fd93f01642c35/screenshot HTTP/1.1
User-Agent: selenium/4.1.2 (java windows)
Cache-Control: no-cache
Content-Type: application/json; charset=utf-8
host: localhost:56049
accept: */*

Response DefaultHttpResponse(decodeResult: success, version: HTTP/1.1)
HTTP/1.1 200 OK
Content-Type: application/json; charset=utf-8
cache-control: no-cache
content-length: 573184

00:45:43.627 [AsyncHttpClient-1-5] DEBUG org.asynchttpclient.netty.channel.ChannelManager - Adding key: http://localhost:56049 for channel [id: 0x03e7c42f, L:/127.0.0.1:49460 - R:localhost/127.0.0.1:56049]
00:45:43.638 [main] DEBUG net.serenitybdd.core.photography.Darkroom - Send negative for processing for target\site\serenity\f77c054aa6a666f419ab49e776fdfb7fc10c7c59289c58aa7b77a3e2461e450a.png
00:45:43.638 [main] DEBUG net.thucydides.core.steps.StepInterceptor - STEP DONE: inputusername
  &amp#27;[32mWhen &amp#27;[0m&amp#27;[32madmin input valid ussername&amp#27;[0m                   &amp#27;[90m# starter.definitions.LoginSteps.adminInputValidUssername()&amp#27;[0m
00:45:43.649 [main] DEBUG net.thucydides.core.steps.StepInterceptor - STARTING STEP: LoginSteps.adminInputValidPassword - inputPassword
00:45:43.651 [Forwarding findElement on session 9670a06a9db6c410287fd93f01642c35 to remote] DEBUG org.asynchttpclient.netty.request.NettyRequestSender - Using pooled Channel '[id: 0x03e7c42f, L:/127.0.0.1:49460 - R:localhost/127.0.0.1:56049]' for 'POST' to 'http://localhost:56049/session/9670a06a9db6c410287fd93f01642c35/element'
00:45:43.651 [Forwarding findElement on session 9670a06a9db6c410287fd93f01642c35 to remote] DEBUG org.asynchttpclient.netty.request.NettyRequestSender - Using open Channel [id: 0x03e7c42f, L:/127.0.0.1:49460 - R:localhost/127.0.0.1:56049] for POST '/session/9670a06a9db6c410287fd93f01642c35/element'
00:45:43.658 [AsyncHttpClient-1-5] DEBUG org.asynchttpclient.netty.handler.HttpHandler - 

Request DefaultHttpRequest(decodeResult: success, version: HTTP/1.1)
POST /session/9670a06a9db6c410287fd93f01642c35/element HTTP/1.1
User-Agent: selenium/4.1.2 (java windows)
Content-Length: 92
Content-Type: application/json; charset=utf-8
host: localhost:56049
accept: */*

Response DefaultHttpResponse(decodeResult: success, version: HTTP/1.1)
HTTP/1.1 200 OK
Content-Type: application/json; charset=utf-8
cache-control: no-cache
content-length: 88

00:45:43.659 [AsyncHttpClient-1-5] DEBUG org.asynchttpclient.netty.channel.ChannelManager - Adding key: http://localhost:56049 for channel [id: 0x03e7c42f, L:/127.0.0.1:49460 - R:localhost/127.0.0.1:56049]
00:45:43.660 [Forwarding clearElement on session 9670a06a9db6c410287fd93f01642c35 to remote] DEBUG org.asynchttpclient.netty.request.NettyRequestSender - Using pooled Channel '[id: 0x03e7c42f, L:/127.0.0.1:49460 - R:localhost/127.0.0.1:56049]' for 'POST' to 'http://localhost:56049/session/9670a06a9db6c410287fd93f01642c35/element/d3a74ff9-9301-4c34-9af5-1f464674fec1/clear'
00:45:43.660 [Forwarding clearElement on session 9670a06a9db6c410287fd93f01642c35 to remote] DEBUG org.asynchttpclient.netty.request.NettyRequestSender - Using open Channel [id: 0x03e7c42f, L:/127.0.0.1:49460 - R:localhost/127.0.0.1:56049] for POST '/session/9670a06a9db6c410287fd93f01642c35/element/d3a74ff9-9301-4c34-9af5-1f464674fec1/clear'
00:45:43.685 [AsyncHttpClient-1-5] DEBUG org.asynchttpclient.netty.handler.HttpHandler - 

Request DefaultHttpRequest(decodeResult: success, version: HTTP/1.1)
POST /session/9670a06a9db6c410287fd93f01642c35/element/d3a74ff9-9301-4c34-9af5-1f464674fec1/clear HTTP/1.1
User-Agent: selenium/4.1.2 (java windows)
Content-Length: 50
Content-Type: application/json; charset=utf-8
host: localhost:56049
accept: */*

Response DefaultHttpResponse(decodeResult: success, version: HTTP/1.1)
HTTP/1.1 200 OK
Content-Type: application/json; charset=utf-8
cache-control: no-cache
content-length: 14

00:45:43.685 [AsyncHttpClient-1-5] DEBUG org.asynchttpclient.netty.channel.ChannelManager - Adding key: http://localhost:56049 for channel [id: 0x03e7c42f, L:/127.0.0.1:49460 - R:localhost/127.0.0.1:56049]
00:45:43.687 [Forwarding sendKeysToElement on session 9670a06a9db6c410287fd93f01642c35 to remote] DEBUG org.asynchttpclient.netty.request.NettyRequestSender - Using pooled Channel '[id: 0x03e7c42f, L:/127.0.0.1:49460 - R:localhost/127.0.0.1:56049]' for 'POST' to 'http://localhost:56049/session/9670a06a9db6c410287fd93f01642c35/element/d3a74ff9-9301-4c34-9af5-1f464674fec1/value'
00:45:43.687 [Forwarding sendKeysToElement on session 9670a06a9db6c410287fd93f01642c35 to remote] DEBUG org.asynchttpclient.netty.request.NettyRequestSender - Using open Channel [id: 0x03e7c42f, L:/127.0.0.1:49460 - R:localhost/127.0.0.1:56049] for POST '/session/9670a06a9db6c410287fd93f01642c35/element/d3a74ff9-9301-4c34-9af5-1f464674fec1/value'
00:45:43.738 [AsyncHttpClient-1-5] DEBUG org.asynchttpclient.netty.handler.HttpHandler - 

Request DefaultHttpRequest(decodeResult: success, version: HTTP/1.1)
POST /session/9670a06a9db6c410287fd93f01642c35/element/d3a74ff9-9301-4c34-9af5-1f464674fec1/value HTTP/1.1
User-Agent: selenium/4.1.2 (java windows)
Content-Length: 291
Content-Type: application/json; charset=utf-8
host: localhost:56049
accept: */*

Response DefaultHttpResponse(decodeResult: success, version: HTTP/1.1)
HTTP/1.1 200 OK
Content-Type: application/json; charset=utf-8
cache-control: no-cache
content-length: 14

00:45:43.738 [AsyncHttpClient-1-5] DEBUG org.asynchttpclient.netty.channel.ChannelManager - Adding key: http://localhost:56049 for channel [id: 0x03e7c42f, L:/127.0.0.1:49460 - R:localhost/127.0.0.1:56049]
00:45:43.743 [Forwarding screenshot on session 9670a06a9db6c410287fd93f01642c35 to remote] DEBUG org.asynchttpclient.netty.request.NettyRequestSender - Using pooled Channel '[id: 0x03e7c42f, L:/127.0.0.1:49460 - R:localhost/127.0.0.1:56049]' for 'GET' to 'http://localhost:56049/session/9670a06a9db6c410287fd93f01642c35/screenshot'
00:45:43.743 [Forwarding screenshot on session 9670a06a9db6c410287fd93f01642c35 to remote] DEBUG org.asynchttpclient.netty.request.NettyRequestSender - Using open Channel [id: 0x03e7c42f, L:/127.0.0.1:49460 - R:localhost/127.0.0.1:56049] for GET '/session/9670a06a9db6c410287fd93f01642c35/screenshot'
00:45:43.886 [AsyncHttpClient-1-1] DEBUG org.asynchttpclient.netty.channel.DefaultChannelPool - Entry count for : http://localhost:49461 : 1
00:45:43.981 [AsyncHttpClient-1-5] DEBUG org.asynchttpclient.netty.handler.HttpHandler - 

Request DefaultFullHttpRequest(decodeResult: success, version: HTTP/1.1, content: EmptyByteBufBE)
GET /session/9670a06a9db6c410287fd93f01642c35/screenshot HTTP/1.1
User-Agent: selenium/4.1.2 (java windows)
Cache-Control: no-cache
Content-Type: application/json; charset=utf-8
host: localhost:56049
accept: */*

Response DefaultHttpResponse(decodeResult: success, version: HTTP/1.1)
HTTP/1.1 200 OK
Content-Type: application/json; charset=utf-8
cache-control: no-cache
content-length: 569460

00:45:43.982 [AsyncHttpClient-1-5] DEBUG org.asynchttpclient.netty.channel.ChannelManager - Adding key: http://localhost:56049 for channel [id: 0x03e7c42f, L:/127.0.0.1:49460 - R:localhost/127.0.0.1:56049]
00:45:43.993 [main] DEBUG net.serenitybdd.core.photography.Darkroom - Send negative for processing for target\site\serenity\7121c7966e51ed0bee580053fa8354e56400a63fd65cbfa41529dc1e051e1e6a.png
00:45:43.993 [main] DEBUG net.thucydides.core.steps.StepInterceptor - STEP DONE: inputPassword
  &amp#27;[32mAnd &amp#27;[0m&amp#27;[32madmin input valid password&amp#27;[0m                     &amp#27;[90m# starter.definitions.LoginSteps.adminInputValidPassword()&amp#27;[0m
00:45:44.005 [main] DEBUG net.thucydides.core.steps.StepInterceptor - STARTING STEP: LoginSteps.clickLoginButton - clickloginButton
00:45:44.008 [Forwarding findElement on session 9670a06a9db6c410287fd93f01642c35 to remote] DEBUG org.asynchttpclient.netty.request.NettyRequestSender - Using pooled Channel '[id: 0x03e7c42f, L:/127.0.0.1:49460 - R:localhost/127.0.0.1:56049]' for 'POST' to 'http://localhost:56049/session/9670a06a9db6c410287fd93f01642c35/element'
00:45:44.008 [Forwarding findElement on session 9670a06a9db6c410287fd93f01642c35 to remote] DEBUG org.asynchttpclient.netty.request.NettyRequestSender - Using open Channel [id: 0x03e7c42f, L:/127.0.0.1:49460 - R:localhost/127.0.0.1:56049] for POST '/session/9670a06a9db6c410287fd93f01642c35/element'
00:45:44.013 [AsyncHttpClient-1-5] DEBUG org.asynchttpclient.netty.handler.HttpHandler - 

Request DefaultHttpRequest(decodeResult: success, version: HTTP/1.1)
POST /session/9670a06a9db6c410287fd93f01642c35/element HTTP/1.1
User-Agent: selenium/4.1.2 (java windows)
Content-Length: 71
Content-Type: application/json; charset=utf-8
host: localhost:56049
accept: */*

Response DefaultHttpResponse(decodeResult: success, version: HTTP/1.1)
HTTP/1.1 200 OK
Content-Type: application/json; charset=utf-8
cache-control: no-cache
content-length: 88

00:45:44.013 [AsyncHttpClient-1-5] DEBUG org.asynchttpclient.netty.channel.ChannelManager - Adding key: http://localhost:56049 for channel [id: 0x03e7c42f, L:/127.0.0.1:49460 - R:localhost/127.0.0.1:56049]
00:45:44.014 [Forwarding getElementTagName on session 9670a06a9db6c410287fd93f01642c35 to remote] DEBUG org.asynchttpclient.netty.request.NettyRequestSender - Using pooled Channel '[id: 0x03e7c42f, L:/127.0.0.1:49460 - R:localhost/127.0.0.1:56049]' for 'GET' to 'http://localhost:56049/session/9670a06a9db6c410287fd93f01642c35/element/28ef8952-47a1-4c83-87d7-49c751f6f914/name'
00:45:44.014 [Forwarding getElementTagName on session 9670a06a9db6c410287fd93f01642c35 to remote] DEBUG org.asynchttpclient.netty.request.NettyRequestSender - Using open Channel [id: 0x03e7c42f, L:/127.0.0.1:49460 - R:localhost/127.0.0.1:56049] for GET '/session/9670a06a9db6c410287fd93f01642c35/element/28ef8952-47a1-4c83-87d7-49c751f6f914/name'
00:45:44.017 [AsyncHttpClient-1-5] DEBUG org.asynchttpclient.netty.handler.HttpHandler - 

Request DefaultFullHttpRequest(decodeResult: success, version: HTTP/1.1, content: EmptyByteBufBE)
GET /session/9670a06a9db6c410287fd93f01642c35/element/28ef8952-47a1-4c83-87d7-49c751f6f914/name HTTP/1.1
User-Agent: selenium/4.1.2 (java windows)
Cache-Control: no-cache
Content-Type: application/json; charset=utf-8
host: localhost:56049
accept: */*

Response DefaultHttpResponse(decodeResult: success, version: HTTP/1.1)
HTTP/1.1 200 OK
Content-Type: application/json; charset=utf-8
cache-control: no-cache
content-length: 18

00:45:44.017 [AsyncHttpClient-1-5] DEBUG org.asynchttpclient.netty.channel.ChannelManager - Adding key: http://localhost:56049 for channel [id: 0x03e7c42f, L:/127.0.0.1:49460 - R:localhost/127.0.0.1:56049]
00:45:44.018 [Forwarding getElementTagName on session 9670a06a9db6c410287fd93f01642c35 to remote] DEBUG org.asynchttpclient.netty.request.NettyRequestSender - Using pooled Channel '[id: 0x03e7c42f, L:/127.0.0.1:49460 - R:localhost/127.0.0.1:56049]' for 'GET' to 'http://localhost:56049/session/9670a06a9db6c410287fd93f01642c35/element/28ef8952-47a1-4c83-87d7-49c751f6f914/name'
00:45:44.018 [Forwarding getElementTagName on session 9670a06a9db6c410287fd93f01642c35 to remote] DEBUG org.asynchttpclient.netty.request.NettyRequestSender - Using open Channel [id: 0x03e7c42f, L:/127.0.0.1:49460 - R:localhost/127.0.0.1:56049] for GET '/session/9670a06a9db6c410287fd93f01642c35/element/28ef8952-47a1-4c83-87d7-49c751f6f914/name'
00:45:44.023 [AsyncHttpClient-1-5] DEBUG org.asynchttpclient.netty.handler.HttpHandler - 

Request DefaultFullHttpRequest(decodeResult: success, version: HTTP/1.1, content: EmptyByteBufBE)
GET /session/9670a06a9db6c410287fd93f01642c35/element/28ef8952-47a1-4c83-87d7-49c751f6f914/name HTTP/1.1
User-Agent: selenium/4.1.2 (java windows)
Cache-Control: no-cache
Content-Type: application/json; charset=utf-8
host: localhost:56049
accept: */*

Response DefaultHttpResponse(decodeResult: success, version: HTTP/1.1)
HTTP/1.1 200 OK
Content-Type: application/json; charset=utf-8
cache-control: no-cache
content-length: 18

00:45:44.023 [AsyncHttpClient-1-5] DEBUG org.asynchttpclient.netty.channel.ChannelManager - Adding key: http://localhost:56049 for channel [id: 0x03e7c42f, L:/127.0.0.1:49460 - R:localhost/127.0.0.1:56049]
00:45:44.025 [Forwarding isElementEnabled on session 9670a06a9db6c410287fd93f01642c35 to remote] DEBUG org.asynchttpclient.netty.request.NettyRequestSender - Using pooled Channel '[id: 0x03e7c42f, L:/127.0.0.1:49460 - R:localhost/127.0.0.1:56049]' for 'GET' to 'http://localhost:56049/session/9670a06a9db6c410287fd93f01642c35/element/28ef8952-47a1-4c83-87d7-49c751f6f914/enabled'
00:45:44.025 [Forwarding isElementEnabled on session 9670a06a9db6c410287fd93f01642c35 to remote] DEBUG org.asynchttpclient.netty.request.NettyRequestSender - Using open Channel [id: 0x03e7c42f, L:/127.0.0.1:49460 - R:localhost/127.0.0.1:56049] for GET '/session/9670a06a9db6c410287fd93f01642c35/element/28ef8952-47a1-4c83-87d7-49c751f6f914/enabled'
00:45:44.032 [AsyncHttpClient-1-5] DEBUG org.asynchttpclient.netty.handler.HttpHandler - 

Request DefaultFullHttpRequest(decodeResult: success, version: HTTP/1.1, content: EmptyByteBufBE)
GET /session/9670a06a9db6c410287fd93f01642c35/element/28ef8952-47a1-4c83-87d7-49c751f6f914/enabled HTTP/1.1
User-Agent: selenium/4.1.2 (java windows)
Cache-Control: no-cache
Content-Type: application/json; charset=utf-8
host: localhost:56049
accept: */*

Response DefaultHttpResponse(decodeResult: success, version: HTTP/1.1)
HTTP/1.1 200 OK
Content-Type: application/json; charset=utf-8
cache-control: no-cache
content-length: 14

00:45:44.032 [AsyncHttpClient-1-5] DEBUG org.asynchttpclient.netty.channel.ChannelManager - Adding key: http://localhost:56049 for channel [id: 0x03e7c42f, L:/127.0.0.1:49460 - R:localhost/127.0.0.1:56049]
00:45:44.033 [Forwarding isElementEnabled on session 9670a06a9db6c410287fd93f01642c35 to remote] DEBUG org.asynchttpclient.netty.request.NettyRequestSender - Using pooled Channel '[id: 0x03e7c42f, L:/127.0.0.1:49460 - R:localhost/127.0.0.1:56049]' for 'GET' to 'http://localhost:56049/session/9670a06a9db6c410287fd93f01642c35/element/28ef8952-47a1-4c83-87d7-49c751f6f914/enabled'
00:45:44.034 [Forwarding isElementEnabled on session 9670a06a9db6c410287fd93f01642c35 to remote] DEBUG org.asynchttpclient.netty.request.NettyRequestSender - Using open Channel [id: 0x03e7c42f, L:/127.0.0.1:49460 - R:localhost/127.0.0.1:56049] for GET '/session/9670a06a9db6c410287fd93f01642c35/element/28ef8952-47a1-4c83-87d7-49c751f6f914/enabled'
00:45:44.037 [AsyncHttpClient-1-5] DEBUG org.asynchttpclient.netty.handler.HttpHandler - 

Request DefaultFullHttpRequest(decodeResult: success, version: HTTP/1.1, content: EmptyByteBufBE)
GET /session/9670a06a9db6c410287fd93f01642c35/element/28ef8952-47a1-4c83-87d7-49c751f6f914/enabled HTTP/1.1
User-Agent: selenium/4.1.2 (java windows)
Cache-Control: no-cache
Content-Type: application/json; charset=utf-8
host: localhost:56049
accept: */*

Response DefaultHttpResponse(decodeResult: success, version: HTTP/1.1)
HTTP/1.1 200 OK
Content-Type: application/json; charset=utf-8
cache-control: no-cache
content-length: 14

00:45:44.038 [AsyncHttpClient-1-5] DEBUG org.asynchttpclient.netty.channel.ChannelManager - Adding key: http://localhost:56049 for channel [id: 0x03e7c42f, L:/127.0.0.1:49460 - R:localhost/127.0.0.1:56049]
00:45:44.039 [Forwarding findElement on session 9670a06a9db6c410287fd93f01642c35 to remote] DEBUG org.asynchttpclient.netty.request.NettyRequestSender - Using pooled Channel '[id: 0x03e7c42f, L:/127.0.0.1:49460 - R:localhost/127.0.0.1:56049]' for 'POST' to 'http://localhost:56049/session/9670a06a9db6c410287fd93f01642c35/element'
00:45:44.039 [Forwarding findElement on session 9670a06a9db6c410287fd93f01642c35 to remote] DEBUG org.asynchttpclient.netty.request.NettyRequestSender - Using open Channel [id: 0x03e7c42f, L:/127.0.0.1:49460 - R:localhost/127.0.0.1:56049] for POST '/session/9670a06a9db6c410287fd93f01642c35/element'
00:45:44.044 [AsyncHttpClient-1-5] DEBUG org.asynchttpclient.netty.handler.HttpHandler - 

Request DefaultHttpRequest(decodeResult: success, version: HTTP/1.1)
POST /session/9670a06a9db6c410287fd93f01642c35/element HTTP/1.1
User-Agent: selenium/4.1.2 (java windows)
Content-Length: 71
Content-Type: application/json; charset=utf-8
host: localhost:56049
accept: */*

Response DefaultHttpResponse(decodeResult: success, version: HTTP/1.1)
HTTP/1.1 200 OK
Content-Type: application/json; charset=utf-8
cache-control: no-cache
content-length: 88

00:45:44.044 [AsyncHttpClient-1-5] DEBUG org.asynchttpclient.netty.channel.ChannelManager - Adding key: http://localhost:56049 for channel [id: 0x03e7c42f, L:/127.0.0.1:49460 - R:localhost/127.0.0.1:56049]
00:45:44.045 [Forwarding clickElement on session 9670a06a9db6c410287fd93f01642c35 to remote] DEBUG org.asynchttpclient.netty.request.NettyRequestSender - Using pooled Channel '[id: 0x03e7c42f, L:/127.0.0.1:49460 - R:localhost/127.0.0.1:56049]' for 'POST' to 'http://localhost:56049/session/9670a06a9db6c410287fd93f01642c35/element/28ef8952-47a1-4c83-87d7-49c751f6f914/click'
00:45:44.045 [Forwarding clickElement on session 9670a06a9db6c410287fd93f01642c35 to remote] DEBUG org.asynchttpclient.netty.request.NettyRequestSender - Using open Channel [id: 0x03e7c42f, L:/127.0.0.1:49460 - R:localhost/127.0.0.1:56049] for POST '/session/9670a06a9db6c410287fd93f01642c35/element/28ef8952-47a1-4c83-87d7-49c751f6f914/click'
00:45:44.069 [AsyncHttpClient-1-5] DEBUG org.asynchttpclient.netty.handler.HttpHandler - 

Request DefaultHttpRequest(decodeResult: success, version: HTTP/1.1)
POST /session/9670a06a9db6c410287fd93f01642c35/element/28ef8952-47a1-4c83-87d7-49c751f6f914/click HTTP/1.1
User-Agent: selenium/4.1.2 (java windows)
Content-Length: 50
Content-Type: application/json; charset=utf-8
host: localhost:56049
accept: */*

Response DefaultHttpResponse(decodeResult: success, version: HTTP/1.1)
HTTP/1.1 200 OK
Content-Type: application/json; charset=utf-8
cache-control: no-cache
content-length: 14

00:45:44.069 [AsyncHttpClient-1-5] DEBUG org.asynchttpclient.netty.channel.ChannelManager - Adding key: http://localhost:56049 for channel [id: 0x03e7c42f, L:/127.0.0.1:49460 - R:localhost/127.0.0.1:56049]
00:45:44.078 [Forwarding screenshot on session 9670a06a9db6c410287fd93f01642c35 to remote] DEBUG org.asynchttpclient.netty.request.NettyRequestSender - Using pooled Channel '[id: 0x03e7c42f, L:/127.0.0.1:49460 - R:localhost/127.0.0.1:56049]' for 'GET' to 'http://localhost:56049/session/9670a06a9db6c410287fd93f01642c35/screenshot'
00:45:44.078 [Forwarding screenshot on session 9670a06a9db6c410287fd93f01642c35 to remote] DEBUG org.asynchttpclient.netty.request.NettyRequestSender - Using open Channel [id: 0x03e7c42f, L:/127.0.0.1:49460 - R:localhost/127.0.0.1:56049] for GET '/session/9670a06a9db6c410287fd93f01642c35/screenshot'
00:45:44.316 [AsyncHttpClient-1-5] DEBUG org.asynchttpclient.netty.handler.HttpHandler - 

Request DefaultFullHttpRequest(decodeResult: success, version: HTTP/1.1, content: EmptyByteBufBE)
GET /session/9670a06a9db6c410287fd93f01642c35/screenshot HTTP/1.1
User-Agent: selenium/4.1.2 (java windows)
Cache-Control: no-cache
Content-Type: application/json; charset=utf-8
host: localhost:56049
accept: */*

Response DefaultHttpResponse(decodeResult: success, version: HTTP/1.1)
HTTP/1.1 200 OK
Content-Type: application/json; charset=utf-8
cache-control: no-cache
content-length: 575004

00:45:44.317 [AsyncHttpClient-1-5] DEBUG org.asynchttpclient.netty.channel.ChannelManager - Adding key: http://localhost:56049 for channel [id: 0x03e7c42f, L:/127.0.0.1:49460 - R:localhost/127.0.0.1:56049]
00:45:44.330 [main] DEBUG net.serenitybdd.core.photography.Darkroom - Send negative for processing for target\site\serenity\bdfb3257a55b5f729af578dfc1dc3a5762c89839bea5dc19984e34dd6640fee1.png
00:45:44.330 [main] DEBUG net.thucydides.core.steps.StepInterceptor - STEP DONE: clickloginButton
  &amp#27;[32mAnd &amp#27;[0m&amp#27;[32mclick login button&amp#27;[0m                             &amp#27;[90m# starter.definitions.LoginSteps.clickLoginButton()&amp#27;[0m
00:45:44.350 [main] DEBUG net.thucydides.core.steps.StepInterceptor - STARTING STEP: LoginSteps.clickSucsessLogin - sucseslogin
00:45:44.357 [Forwarding findElement on session 9670a06a9db6c410287fd93f01642c35 to remote] DEBUG org.asynchttpclient.netty.request.NettyRequestSender - Using pooled Channel '[id: 0x03e7c42f, L:/127.0.0.1:49460 - R:localhost/127.0.0.1:56049]' for 'POST' to 'http://localhost:56049/session/9670a06a9db6c410287fd93f01642c35/element'
00:45:44.357 [Forwarding findElement on session 9670a06a9db6c410287fd93f01642c35 to remote] DEBUG org.asynchttpclient.netty.request.NettyRequestSender - Using open Channel [id: 0x03e7c42f, L:/127.0.0.1:49460 - R:localhost/127.0.0.1:56049] for POST '/session/9670a06a9db6c410287fd93f01642c35/element'
00:45:44.526 [AsyncHttpClient-1-5] DEBUG org.asynchttpclient.netty.handler.HttpHandler - 

Request DefaultHttpRequest(decodeResult: success, version: HTTP/1.1)
POST /session/9670a06a9db6c410287fd93f01642c35/element HTTP/1.1
User-Agent: selenium/4.1.2 (java windows)
Content-Length: 79
Content-Type: application/json; charset=utf-8
host: localhost:56049
accept: */*

Response DefaultHttpResponse(decodeResult: success, version: HTTP/1.1)
HTTP/1.1 200 OK
Content-Type: application/json; charset=utf-8
cache-control: no-cache
content-length: 88

00:45:44.526 [AsyncHttpClient-1-5] DEBUG org.asynchttpclient.netty.channel.ChannelManager - Adding key: http://localhost:56049 for channel [id: 0x03e7c42f, L:/127.0.0.1:49460 - R:localhost/127.0.0.1:56049]
00:45:44.527 [Forwarding getElementTagName on session 9670a06a9db6c410287fd93f01642c35 to remote] DEBUG org.asynchttpclient.netty.request.NettyRequestSender - Using pooled Channel '[id: 0x03e7c42f, L:/127.0.0.1:49460 - R:localhost/127.0.0.1:56049]' for 'GET' to 'http://localhost:56049/session/9670a06a9db6c410287fd93f01642c35/element/8f2b6601-968f-413d-b7a1-4c040e2aa0a2/name'
00:45:44.528 [Forwarding getElementTagName on session 9670a06a9db6c410287fd93f01642c35 to remote] DEBUG org.asynchttpclient.netty.request.NettyRequestSender - Using open Channel [id: 0x03e7c42f, L:/127.0.0.1:49460 - R:localhost/127.0.0.1:56049] for GET '/session/9670a06a9db6c410287fd93f01642c35/element/8f2b6601-968f-413d-b7a1-4c040e2aa0a2/name'
00:45:44.531 [AsyncHttpClient-1-5] DEBUG org.asynchttpclient.netty.handler.HttpHandler - 

Request DefaultFullHttpRequest(decodeResult: success, version: HTTP/1.1, content: EmptyByteBufBE)
GET /session/9670a06a9db6c410287fd93f01642c35/element/8f2b6601-968f-413d-b7a1-4c040e2aa0a2/name HTTP/1.1
User-Agent: selenium/4.1.2 (java windows)
Cache-Control: no-cache
Content-Type: application/json; charset=utf-8
host: localhost:56049
accept: */*

Response DefaultHttpResponse(decodeResult: success, version: HTTP/1.1)
HTTP/1.1 200 OK
Content-Type: application/json; charset=utf-8
cache-control: no-cache
content-length: 18

00:45:44.531 [AsyncHttpClient-1-5] DEBUG org.asynchttpclient.netty.channel.ChannelManager - Adding key: http://localhost:56049 for channel [id: 0x03e7c42f, L:/127.0.0.1:49460 - R:localhost/127.0.0.1:56049]
00:45:44.532 [Forwarding getElementTagName on session 9670a06a9db6c410287fd93f01642c35 to remote] DEBUG org.asynchttpclient.netty.request.NettyRequestSender - Using pooled Channel '[id: 0x03e7c42f, L:/127.0.0.1:49460 - R:localhost/127.0.0.1:56049]' for 'GET' to 'http://localhost:56049/session/9670a06a9db6c410287fd93f01642c35/element/8f2b6601-968f-413d-b7a1-4c040e2aa0a2/name'
00:45:44.532 [Forwarding getElementTagName on session 9670a06a9db6c410287fd93f01642c35 to remote] DEBUG org.asynchttpclient.netty.request.NettyRequestSender - Using open Channel [id: 0x03e7c42f, L:/127.0.0.1:49460 - R:localhost/127.0.0.1:56049] for GET '/session/9670a06a9db6c410287fd93f01642c35/element/8f2b6601-968f-413d-b7a1-4c040e2aa0a2/name'
00:45:44.534 [AsyncHttpClient-1-5] DEBUG org.asynchttpclient.netty.handler.HttpHandler - 

Request DefaultFullHttpRequest(decodeResult: success, version: HTTP/1.1, content: EmptyByteBufBE)
GET /session/9670a06a9db6c410287fd93f01642c35/element/8f2b6601-968f-413d-b7a1-4c040e2aa0a2/name HTTP/1.1
User-Agent: selenium/4.1.2 (java windows)
Cache-Control: no-cache
Content-Type: application/json; charset=utf-8
host: localhost:56049
accept: */*

Response DefaultHttpResponse(decodeResult: success, version: HTTP/1.1)
HTTP/1.1 200 OK
Content-Type: application/json; charset=utf-8
cache-control: no-cache
content-length: 18

00:45:44.535 [AsyncHttpClient-1-5] DEBUG org.asynchttpclient.netty.channel.ChannelManager - Adding key: http://localhost:56049 for channel [id: 0x03e7c42f, L:/127.0.0.1:49460 - R:localhost/127.0.0.1:56049]
00:45:44.537 [Forwarding isElementEnabled on session 9670a06a9db6c410287fd93f01642c35 to remote] DEBUG org.asynchttpclient.netty.request.NettyRequestSender - Using pooled Channel '[id: 0x03e7c42f, L:/127.0.0.1:49460 - R:localhost/127.0.0.1:56049]' for 'GET' to 'http://localhost:56049/session/9670a06a9db6c410287fd93f01642c35/element/8f2b6601-968f-413d-b7a1-4c040e2aa0a2/enabled'
00:45:44.537 [Forwarding isElementEnabled on session 9670a06a9db6c410287fd93f01642c35 to remote] DEBUG org.asynchttpclient.netty.request.NettyRequestSender - Using open Channel [id: 0x03e7c42f, L:/127.0.0.1:49460 - R:localhost/127.0.0.1:56049] for GET '/session/9670a06a9db6c410287fd93f01642c35/element/8f2b6601-968f-413d-b7a1-4c040e2aa0a2/enabled'
00:45:44.544 [AsyncHttpClient-1-5] DEBUG org.asynchttpclient.netty.handler.HttpHandler - 

Request DefaultFullHttpRequest(decodeResult: success, version: HTTP/1.1, content: EmptyByteBufBE)
GET /session/9670a06a9db6c410287fd93f01642c35/element/8f2b6601-968f-413d-b7a1-4c040e2aa0a2/enabled HTTP/1.1
User-Agent: selenium/4.1.2 (java windows)
Cache-Control: no-cache
Content-Type: application/json; charset=utf-8
host: localhost:56049
accept: */*

Response DefaultHttpResponse(decodeResult: success, version: HTTP/1.1)
HTTP/1.1 200 OK
Content-Type: application/json; charset=utf-8
cache-control: no-cache
content-length: 14

00:45:44.544 [AsyncHttpClient-1-5] DEBUG org.asynchttpclient.netty.channel.ChannelManager - Adding key: http://localhost:56049 for channel [id: 0x03e7c42f, L:/127.0.0.1:49460 - R:localhost/127.0.0.1:56049]
00:45:44.545 [Forwarding isElementEnabled on session 9670a06a9db6c410287fd93f01642c35 to remote] DEBUG org.asynchttpclient.netty.request.NettyRequestSender - Using pooled Channel '[id: 0x03e7c42f, L:/127.0.0.1:49460 - R:localhost/127.0.0.1:56049]' for 'GET' to 'http://localhost:56049/session/9670a06a9db6c410287fd93f01642c35/element/8f2b6601-968f-413d-b7a1-4c040e2aa0a2/enabled'
00:45:44.545 [Forwarding isElementEnabled on session 9670a06a9db6c410287fd93f01642c35 to remote] DEBUG org.asynchttpclient.netty.request.NettyRequestSender - Using open Channel [id: 0x03e7c42f, L:/127.0.0.1:49460 - R:localhost/127.0.0.1:56049] for GET '/session/9670a06a9db6c410287fd93f01642c35/element/8f2b6601-968f-413d-b7a1-4c040e2aa0a2/enabled'
00:45:44.548 [AsyncHttpClient-1-5] DEBUG org.asynchttpclient.netty.handler.HttpHandler - 

Request DefaultFullHttpRequest(decodeResult: success, version: HTTP/1.1, content: EmptyByteBufBE)
GET /session/9670a06a9db6c410287fd93f01642c35/element/8f2b6601-968f-413d-b7a1-4c040e2aa0a2/enabled HTTP/1.1
User-Agent: selenium/4.1.2 (java windows)
Cache-Control: no-cache
Content-Type: application/json; charset=utf-8
host: localhost:56049
accept: */*

Response DefaultHttpResponse(decodeResult: success, version: HTTP/1.1)
HTTP/1.1 200 OK
Content-Type: application/json; charset=utf-8
cache-control: no-cache
content-length: 14

00:45:44.549 [AsyncHttpClient-1-5] DEBUG org.asynchttpclient.netty.channel.ChannelManager - Adding key: http://localhost:56049 for channel [id: 0x03e7c42f, L:/127.0.0.1:49460 - R:localhost/127.0.0.1:56049]
00:45:44.550 [Forwarding findElement on session 9670a06a9db6c410287fd93f01642c35 to remote] DEBUG org.asynchttpclient.netty.request.NettyRequestSender - Using pooled Channel '[id: 0x03e7c42f, L:/127.0.0.1:49460 - R:localhost/127.0.0.1:56049]' for 'POST' to 'http://localhost:56049/session/9670a06a9db6c410287fd93f01642c35/element'
00:45:44.550 [Forwarding findElement on session 9670a06a9db6c410287fd93f01642c35 to remote] DEBUG org.asynchttpclient.netty.request.NettyRequestSender - Using open Channel [id: 0x03e7c42f, L:/127.0.0.1:49460 - R:localhost/127.0.0.1:56049] for POST '/session/9670a06a9db6c410287fd93f01642c35/element'
00:45:44.556 [AsyncHttpClient-1-5] DEBUG org.asynchttpclient.netty.handler.HttpHandler - 

Request DefaultHttpRequest(decodeResult: success, version: HTTP/1.1)
POST /session/9670a06a9db6c410287fd93f01642c35/element HTTP/1.1
User-Agent: selenium/4.1.2 (java windows)
Content-Length: 79
Content-Type: application/json; charset=utf-8
host: localhost:56049
accept: */*

Response DefaultHttpResponse(decodeResult: success, version: HTTP/1.1)
HTTP/1.1 200 OK
Content-Type: application/json; charset=utf-8
cache-control: no-cache
content-length: 88

00:45:44.556 [AsyncHttpClient-1-5] DEBUG org.asynchttpclient.netty.channel.ChannelManager - Adding key: http://localhost:56049 for channel [id: 0x03e7c42f, L:/127.0.0.1:49460 - R:localhost/127.0.0.1:56049]
00:45:44.557 [Forwarding clickElement on session 9670a06a9db6c410287fd93f01642c35 to remote] DEBUG org.asynchttpclient.netty.request.NettyRequestSender - Using pooled Channel '[id: 0x03e7c42f, L:/127.0.0.1:49460 - R:localhost/127.0.0.1:56049]' for 'POST' to 'http://localhost:56049/session/9670a06a9db6c410287fd93f01642c35/element/8f2b6601-968f-413d-b7a1-4c040e2aa0a2/click'
00:45:44.557 [Forwarding clickElement on session 9670a06a9db6c410287fd93f01642c35 to remote] DEBUG org.asynchttpclient.netty.request.NettyRequestSender - Using open Channel [id: 0x03e7c42f, L:/127.0.0.1:49460 - R:localhost/127.0.0.1:56049] for POST '/session/9670a06a9db6c410287fd93f01642c35/element/8f2b6601-968f-413d-b7a1-4c040e2aa0a2/click'
00:45:44.579 [AsyncHttpClient-1-5] DEBUG org.asynchttpclient.netty.handler.HttpHandler - 

Request DefaultHttpRequest(decodeResult: success, version: HTTP/1.1)
POST /session/9670a06a9db6c410287fd93f01642c35/element/8f2b6601-968f-413d-b7a1-4c040e2aa0a2/click HTTP/1.1
User-Agent: selenium/4.1.2 (java windows)
Content-Length: 50
Content-Type: application/json; charset=utf-8
host: localhost:56049
accept: */*

Response DefaultHttpResponse(decodeResult: success, version: HTTP/1.1)
HTTP/1.1 200 OK
Content-Type: application/json; charset=utf-8
cache-control: no-cache
content-length: 14

00:45:44.579 [AsyncHttpClient-1-5] DEBUG org.asynchttpclient.netty.channel.ChannelManager - Adding key: http://localhost:56049 for channel [id: 0x03e7c42f, L:/127.0.0.1:49460 - R:localhost/127.0.0.1:56049]
00:45:44.583 [Forwarding screenshot on session 9670a06a9db6c410287fd93f01642c35 to remote] DEBUG org.asynchttpclient.netty.request.NettyRequestSender - Using pooled Channel '[id: 0x03e7c42f, L:/127.0.0.1:49460 - R:localhost/127.0.0.1:56049]' for 'GET' to 'http://localhost:56049/session/9670a06a9db6c410287fd93f01642c35/screenshot'
00:45:44.583 [Forwarding screenshot on session 9670a06a9db6c410287fd93f01642c35 to remote] DEBUG org.asynchttpclient.netty.request.NettyRequestSender - Using open Channel [id: 0x03e7c42f, L:/127.0.0.1:49460 - R:localhost/127.0.0.1:56049] for GET '/session/9670a06a9db6c410287fd93f01642c35/screenshot'
00:45:44.782 [AsyncHttpClient-1-5] DEBUG org.asynchttpclient.netty.handler.HttpHandler - 

Request DefaultFullHttpRequest(decodeResult: success, version: HTTP/1.1, content: EmptyByteBufBE)
GET /session/9670a06a9db6c410287fd93f01642c35/screenshot HTTP/1.1
User-Agent: selenium/4.1.2 (java windows)
Cache-Control: no-cache
Content-Type: application/json; charset=utf-8
host: localhost:56049
accept: */*

Response DefaultHttpResponse(decodeResult: success, version: HTTP/1.1)
HTTP/1.1 200 OK
Content-Type: application/json; charset=utf-8
cache-control: no-cache
content-length: 100372

00:45:44.782 [AsyncHttpClient-1-5] DEBUG org.asynchttpclient.netty.channel.ChannelManager - Adding key: http://localhost:56049 for channel [id: 0x03e7c42f, L:/127.0.0.1:49460 - R:localhost/127.0.0.1:56049]
00:45:44.784 [main] DEBUG net.serenitybdd.core.photography.Darkroom - Send negative for processing for target\site\serenity\44aaa5106b622ff849c20a96702e5fd23bf1824e7612abeea903ee40b00886a0.png
00:45:44.784 [main] DEBUG net.thucydides.core.steps.StepInterceptor - STEP DONE: sucseslogin
  &amp#27;[32mAnd &amp#27;[0m&amp#27;[32mclick sucsess login&amp#27;[0m                            &amp#27;[90m# starter.definitions.LoginSteps.clickSucsessLogin()&amp#27;[0m
00:45:44.785 [Darkroom Processing Line] DEBUG net.serenitybdd.core.photography.DarkroomProcessingLine - Processing screenshot image in /var/screenshots/screenshot-43124373732322272
00:45:44.785 [Darkroom Processing Line] DEBUG net.serenitybdd.core.photography.DarkroomProcessingLine - Saving screenshot to target\site\serenity\44aaa5106b622ff849c20a96702e5fd23bf1824e7612abeea903ee40b00886a0.png
00:45:44.862 [Forwarding screenshot on session 9670a06a9db6c410287fd93f01642c35 to remote] DEBUG org.asynchttpclient.netty.request.NettyRequestSender - Using pooled Channel '[id: 0x03e7c42f, L:/127.0.0.1:49460 - R:localhost/127.0.0.1:56049]' for 'GET' to 'http://localhost:56049/session/9670a06a9db6c410287fd93f01642c35/screenshot'
00:45:44.862 [Forwarding screenshot on session 9670a06a9db6c410287fd93f01642c35 to remote] DEBUG org.asynchttpclient.netty.request.NettyRequestSender - Using open Channel [id: 0x03e7c42f, L:/127.0.0.1:49460 - R:localhost/127.0.0.1:56049] for GET '/session/9670a06a9db6c410287fd93f01642c35/screenshot'
00:45:44.985 [AsyncHttpClient-1-1] DEBUG org.asynchttpclient.netty.channel.DefaultChannelPool - Entry count for : http://localhost:49461 : 1
00:45:45.036 [AsyncHttpClient-1-5] DEBUG org.asynchttpclient.netty.handler.HttpHandler - 

Request DefaultFullHttpRequest(decodeResult: success, version: HTTP/1.1, content: EmptyByteBufBE)
GET /session/9670a06a9db6c410287fd93f01642c35/screenshot HTTP/1.1
User-Agent: selenium/4.1.2 (java windows)
Cache-Control: no-cache
Content-Type: application/json; charset=utf-8
host: localhost:56049
accept: */*

Response DefaultHttpResponse(decodeResult: success, version: HTTP/1.1)
HTTP/1.1 200 OK
Content-Type: application/json; charset=utf-8
cache-control: no-cache
content-length: 117724

00:45:45.036 [AsyncHttpClient-1-5] DEBUG org.asynchttpclient.netty.channel.ChannelManager - Adding key: http://localhost:56049 for channel [id: 0x03e7c42f, L:/127.0.0.1:49460 - R:localhost/127.0.0.1:56049]
00:45:45.039 [main] DEBUG net.serenitybdd.core.photography.Darkroom - Send negative for processing for target\site\serenity\b672676c2599d021ee0bc930f7a662aca8e8395e1ef138bc3a9b42d02ee34775.png
00:45:45.039 [main] DEBUG net.thucydides.core.steps.StepInterceptor - STARTING STEP: BookingSteps.adminOnTheDashboardPage - dashboardpage
00:45:45.040 [Darkroom Processing Line] DEBUG net.serenitybdd.core.photography.DarkroomProcessingLine - Processing screenshot image in /var/screenshots/screenshot-17391577150825916467
00:45:45.040 [Darkroom Processing Line] DEBUG net.serenitybdd.core.photography.DarkroomProcessingLine - Saving screenshot to target\site\serenity\b672676c2599d021ee0bc930f7a662aca8e8395e1ef138bc3a9b42d02ee34775.png
00:45:45.041 [Forwarding findElement on session 9670a06a9db6c410287fd93f01642c35 to remote] DEBUG org.asynchttpclient.netty.request.NettyRequestSender - Using pooled Channel '[id: 0x03e7c42f, L:/127.0.0.1:49460 - R:localhost/127.0.0.1:56049]' for 'POST' to 'http://localhost:56049/session/9670a06a9db6c410287fd93f01642c35/element'
00:45:45.041 [Forwarding findElement on session 9670a06a9db6c410287fd93f01642c35 to remote] DEBUG org.asynchttpclient.netty.request.NettyRequestSender - Using open Channel [id: 0x03e7c42f, L:/127.0.0.1:49460 - R:localhost/127.0.0.1:56049] for POST '/session/9670a06a9db6c410287fd93f01642c35/element'
00:45:45.048 [AsyncHttpClient-1-5] DEBUG org.asynchttpclient.netty.handler.HttpHandler - 

Request DefaultHttpRequest(decodeResult: success, version: HTTP/1.1)
POST /session/9670a06a9db6c410287fd93f01642c35/element HTTP/1.1
User-Agent: selenium/4.1.2 (java windows)
Content-Length: 82
Content-Type: application/json; charset=utf-8
host: localhost:56049
accept: */*

Response DefaultHttpResponse(decodeResult: success, version: HTTP/1.1)
HTTP/1.1 200 OK
Content-Type: application/json; charset=utf-8
cache-control: no-cache
content-length: 88

00:45:45.048 [AsyncHttpClient-1-5] DEBUG org.asynchttpclient.netty.channel.ChannelManager - Adding key: http://localhost:56049 for channel [id: 0x03e7c42f, L:/127.0.0.1:49460 - R:localhost/127.0.0.1:56049]
00:45:45.050 [Forwarding isElementDisplayed on session 9670a06a9db6c410287fd93f01642c35 to remote] DEBUG org.asynchttpclient.netty.request.NettyRequestSender - Using pooled Channel '[id: 0x03e7c42f, L:/127.0.0.1:49460 - R:localhost/127.0.0.1:56049]' for 'POST' to 'http://localhost:56049/session/9670a06a9db6c410287fd93f01642c35/execute/sync'
00:45:45.050 [Forwarding isElementDisplayed on session 9670a06a9db6c410287fd93f01642c35 to remote] DEBUG org.asynchttpclient.netty.request.NettyRequestSender - Using open Channel [id: 0x03e7c42f, L:/127.0.0.1:49460 - R:localhost/127.0.0.1:56049] for POST '/session/9670a06a9db6c410287fd93f01642c35/execute/sync'
00:45:45.059 [AsyncHttpClient-1-5] DEBUG org.asynchttpclient.netty.handler.HttpHandler - 

Request DefaultHttpRequest(decodeResult: success, version: HTTP/1.1)
POST /session/9670a06a9db6c410287fd93f01642c35/execute/sync HTTP/1.1
User-Agent: selenium/4.1.2 (java windows)
Content-Length: 48780
Content-Type: application/json; charset=utf-8
host: localhost:56049
accept: */*

Response DefaultHttpResponse(decodeResult: success, version: HTTP/1.1)
HTTP/1.1 200 OK
Content-Type: application/json; charset=utf-8
cache-control: no-cache
content-length: 14

00:45:45.059 [AsyncHttpClient-1-5] DEBUG org.asynchttpclient.netty.channel.ChannelManager - Adding key: http://localhost:56049 for channel [id: 0x03e7c42f, L:/127.0.0.1:49460 - R:localhost/127.0.0.1:56049]
00:45:45.062 [main] DEBUG net.thucydides.core.steps.StepInterceptor - STEP DONE: dashboardpage
  &amp#27;[32mGiven &amp#27;[0m&amp#27;[32madmin on the dashboard page&amp#27;[0m                  &amp#27;[90m# starter.definitions.BookingSteps.adminOnTheDashboardPage()&amp#27;[0m
00:45:45.069 [main] DEBUG net.thucydides.core.steps.StepInterceptor - STARTING STEP: BookingSteps.whenAdminClickBookingPage - bookingpage
00:45:45.072 [Forwarding findElement on session 9670a06a9db6c410287fd93f01642c35 to remote] DEBUG org.asynchttpclient.netty.request.NettyRequestSender - Using pooled Channel '[id: 0x03e7c42f, L:/127.0.0.1:49460 - R:localhost/127.0.0.1:56049]' for 'POST' to 'http://localhost:56049/session/9670a06a9db6c410287fd93f01642c35/element'
00:45:45.072 [Forwarding findElement on session 9670a06a9db6c410287fd93f01642c35 to remote] DEBUG org.asynchttpclient.netty.request.NettyRequestSender - Using open Channel [id: 0x03e7c42f, L:/127.0.0.1:49460 - R:localhost/127.0.0.1:56049] for POST '/session/9670a06a9db6c410287fd93f01642c35/element'
00:45:46.086 [AsyncHttpClient-1-1] DEBUG org.asynchttpclient.netty.channel.DefaultChannelPool - Entry count for : http://localhost:49461 : 1
00:45:47.081 [AsyncHttpClient-1-5] DEBUG org.asynchttpclient.netty.handler.HttpHandler - 

Request DefaultHttpRequest(decodeResult: success, version: HTTP/1.1)
POST /session/9670a06a9db6c410287fd93f01642c35/element HTTP/1.1
User-Agent: selenium/4.1.2 (java windows)
Content-Length: 119
Content-Type: application/json; charset=utf-8
host: localhost:56049
accept: */*

Response DefaultHttpResponse(decodeResult: success, version: HTTP/1.1)
HTTP/1.1 404 Not Found
Content-Type: application/json; charset=utf-8
cache-control: no-cache
content-length: 1077

00:45:47.081 [AsyncHttpClient-1-5] DEBUG org.asynchttpclient.netty.channel.ChannelManager - Adding key: http://localhost:56049 for channel [id: 0x03e7c42f, L:/127.0.0.1:49460 - R:localhost/127.0.0.1:56049]
00:45:47.186 [AsyncHttpClient-1-1] DEBUG org.asynchttpclient.netty.channel.DefaultChannelPool - Entry count for : http://localhost:49461 : 1
00:45:47.186 [AsyncHttpClient-1-1] DEBUG org.asynchttpclient.netty.channel.DefaultChannelPool - Entry count for : http://localhost:56049 : 1
00:45:47.187 [Forwarding findElement on session 9670a06a9db6c410287fd93f01642c35 to remote] DEBUG org.asynchttpclient.netty.request.NettyRequestSender - Using pooled Channel '[id: 0x03e7c42f, L:/127.0.0.1:49460 - R:localhost/127.0.0.1:56049]' for 'POST' to 'http://localhost:56049/session/9670a06a9db6c410287fd93f01642c35/element'
00:45:47.187 [Forwarding findElement on session 9670a06a9db6c410287fd93f01642c35 to remote] DEBUG org.asynchttpclient.netty.request.NettyRequestSender - Using open Channel [id: 0x03e7c42f, L:/127.0.0.1:49460 - R:localhost/127.0.0.1:56049] for POST '/session/9670a06a9db6c410287fd93f01642c35/element'
00:45:47.191 [AsyncHttpClient-1-5] DEBUG org.asynchttpclient.netty.handler.HttpHandler - 

Request DefaultHttpRequest(decodeResult: success, version: HTTP/1.1)
POST /session/9670a06a9db6c410287fd93f01642c35/element HTTP/1.1
User-Agent: selenium/4.1.2 (java windows)
Content-Length: 119
Content-Type: application/json; charset=utf-8
host: localhost:56049
accept: */*

Response DefaultHttpResponse(decodeResult: success, version: HTTP/1.1)
HTTP/1.1 200 OK
Content-Type: application/json; charset=utf-8
cache-control: no-cache
content-length: 88

00:45:47.191 [AsyncHttpClient-1-5] DEBUG org.asynchttpclient.netty.channel.ChannelManager - Adding key: http://localhost:56049 for channel [id: 0x03e7c42f, L:/127.0.0.1:49460 - R:localhost/127.0.0.1:56049]
00:45:47.192 [Forwarding getElementTagName on session 9670a06a9db6c410287fd93f01642c35 to remote] DEBUG org.asynchttpclient.netty.request.NettyRequestSender - Using pooled Channel '[id: 0x03e7c42f, L:/127.0.0.1:49460 - R:localhost/127.0.0.1:56049]' for 'GET' to 'http://localhost:56049/session/9670a06a9db6c410287fd93f01642c35/element/3944477c-2375-4be7-90c9-ec275d283115/name'
00:45:47.192 [Forwarding getElementTagName on session 9670a06a9db6c410287fd93f01642c35 to remote] DEBUG org.asynchttpclient.netty.request.NettyRequestSender - Using open Channel [id: 0x03e7c42f, L:/127.0.0.1:49460 - R:localhost/127.0.0.1:56049] for GET '/session/9670a06a9db6c410287fd93f01642c35/element/3944477c-2375-4be7-90c9-ec275d283115/name'
00:45:47.194 [AsyncHttpClient-1-5] DEBUG org.asynchttpclient.netty.handler.HttpHandler - 

Request DefaultFullHttpRequest(decodeResult: success, version: HTTP/1.1, content: EmptyByteBufBE)
GET /session/9670a06a9db6c410287fd93f01642c35/element/3944477c-2375-4be7-90c9-ec275d283115/name HTTP/1.1
User-Agent: selenium/4.1.2 (java windows)
Cache-Control: no-cache
Content-Type: application/json; charset=utf-8
host: localhost:56049
accept: */*

Response DefaultHttpResponse(decodeResult: success, version: HTTP/1.1)
HTTP/1.1 200 OK
Content-Type: application/json; charset=utf-8
cache-control: no-cache
content-length: 15

00:45:47.194 [AsyncHttpClient-1-5] DEBUG org.asynchttpclient.netty.channel.ChannelManager - Adding key: http://localhost:56049 for channel [id: 0x03e7c42f, L:/127.0.0.1:49460 - R:localhost/127.0.0.1:56049]
00:45:47.195 [Forwarding getElementTagName on session 9670a06a9db6c410287fd93f01642c35 to remote] DEBUG org.asynchttpclient.netty.request.NettyRequestSender - Using pooled Channel '[id: 0x03e7c42f, L:/127.0.0.1:49460 - R:localhost/127.0.0.1:56049]' for 'GET' to 'http://localhost:56049/session/9670a06a9db6c410287fd93f01642c35/element/3944477c-2375-4be7-90c9-ec275d283115/name'
00:45:47.195 [Forwarding getElementTagName on session 9670a06a9db6c410287fd93f01642c35 to remote] DEBUG org.asynchttpclient.netty.request.NettyRequestSender - Using open Channel [id: 0x03e7c42f, L:/127.0.0.1:49460 - R:localhost/127.0.0.1:56049] for GET '/session/9670a06a9db6c410287fd93f01642c35/element/3944477c-2375-4be7-90c9-ec275d283115/name'
00:45:47.196 [AsyncHttpClient-1-5] DEBUG org.asynchttpclient.netty.handler.HttpHandler - 

Request DefaultFullHttpRequest(decodeResult: success, version: HTTP/1.1, content: EmptyByteBufBE)
GET /session/9670a06a9db6c410287fd93f01642c35/element/3944477c-2375-4be7-90c9-ec275d283115/name HTTP/1.1
User-Agent: selenium/4.1.2 (java windows)
Cache-Control: no-cache
Content-Type: application/json; charset=utf-8
host: localhost:56049
accept: */*

Response DefaultHttpResponse(decodeResult: success, version: HTTP/1.1)
HTTP/1.1 200 OK
Content-Type: application/json; charset=utf-8
cache-control: no-cache
content-length: 15

00:45:47.196 [AsyncHttpClient-1-5] DEBUG org.asynchttpclient.netty.channel.ChannelManager - Adding key: http://localhost:56049 for channel [id: 0x03e7c42f, L:/127.0.0.1:49460 - R:localhost/127.0.0.1:56049]
00:45:47.198 [Forwarding findElement on session 9670a06a9db6c410287fd93f01642c35 to remote] DEBUG org.asynchttpclient.netty.request.NettyRequestSender - Using pooled Channel '[id: 0x03e7c42f, L:/127.0.0.1:49460 - R:localhost/127.0.0.1:56049]' for 'POST' to 'http://localhost:56049/session/9670a06a9db6c410287fd93f01642c35/element'
00:45:47.198 [Forwarding findElement on session 9670a06a9db6c410287fd93f01642c35 to remote] DEBUG org.asynchttpclient.netty.request.NettyRequestSender - Using open Channel [id: 0x03e7c42f, L:/127.0.0.1:49460 - R:localhost/127.0.0.1:56049] for POST '/session/9670a06a9db6c410287fd93f01642c35/element'
00:45:47.201 [AsyncHttpClient-1-5] DEBUG org.asynchttpclient.netty.handler.HttpHandler - 

Request DefaultHttpRequest(decodeResult: success, version: HTTP/1.1)
POST /session/9670a06a9db6c410287fd93f01642c35/element HTTP/1.1
User-Agent: selenium/4.1.2 (java windows)
Content-Length: 119
Content-Type: application/json; charset=utf-8
host: localhost:56049
accept: */*

Response DefaultHttpResponse(decodeResult: success, version: HTTP/1.1)
HTTP/1.1 200 OK
Content-Type: application/json; charset=utf-8
cache-control: no-cache
content-length: 88

00:45:47.201 [AsyncHttpClient-1-5] DEBUG org.asynchttpclient.netty.channel.ChannelManager - Adding key: http://localhost:56049 for channel [id: 0x03e7c42f, L:/127.0.0.1:49460 - R:localhost/127.0.0.1:56049]
00:45:47.202 [Forwarding clickElement on session 9670a06a9db6c410287fd93f01642c35 to remote] DEBUG org.asynchttpclient.netty.request.NettyRequestSender - Using pooled Channel '[id: 0x03e7c42f, L:/127.0.0.1:49460 - R:localhost/127.0.0.1:56049]' for 'POST' to 'http://localhost:56049/session/9670a06a9db6c410287fd93f01642c35/element/3944477c-2375-4be7-90c9-ec275d283115/click'
00:45:47.203 [Forwarding clickElement on session 9670a06a9db6c410287fd93f01642c35 to remote] DEBUG org.asynchttpclient.netty.request.NettyRequestSender - Using open Channel [id: 0x03e7c42f, L:/127.0.0.1:49460 - R:localhost/127.0.0.1:56049] for POST '/session/9670a06a9db6c410287fd93f01642c35/element/3944477c-2375-4be7-90c9-ec275d283115/click'
00:45:47.252 [AsyncHttpClient-1-5] DEBUG org.asynchttpclient.netty.handler.HttpHandler - 

Request DefaultHttpRequest(decodeResult: success, version: HTTP/1.1)
POST /session/9670a06a9db6c410287fd93f01642c35/element/3944477c-2375-4be7-90c9-ec275d283115/click HTTP/1.1
User-Agent: selenium/4.1.2 (java windows)
Content-Length: 50
Content-Type: application/json; charset=utf-8
host: localhost:56049
accept: */*

Response DefaultHttpResponse(decodeResult: success, version: HTTP/1.1)
HTTP/1.1 200 OK
Content-Type: application/json; charset=utf-8
cache-control: no-cache
content-length: 14

00:45:47.252 [AsyncHttpClient-1-5] DEBUG org.asynchttpclient.netty.channel.ChannelManager - Adding key: http://localhost:56049 for channel [id: 0x03e7c42f, L:/127.0.0.1:49460 - R:localhost/127.0.0.1:56049]
00:45:47.256 [Forwarding screenshot on session 9670a06a9db6c410287fd93f01642c35 to remote] DEBUG org.asynchttpclient.netty.request.NettyRequestSender - Using pooled Channel '[id: 0x03e7c42f, L:/127.0.0.1:49460 - R:localhost/127.0.0.1:56049]' for 'GET' to 'http://localhost:56049/session/9670a06a9db6c410287fd93f01642c35/screenshot'
00:45:47.256 [Forwarding screenshot on session 9670a06a9db6c410287fd93f01642c35 to remote] DEBUG org.asynchttpclient.netty.request.NettyRequestSender - Using open Channel [id: 0x03e7c42f, L:/127.0.0.1:49460 - R:localhost/127.0.0.1:56049] for GET '/session/9670a06a9db6c410287fd93f01642c35/screenshot'
00:45:47.367 [AsyncHttpClient-1-5] DEBUG org.asynchttpclient.netty.handler.HttpHandler - 

Request DefaultFullHttpRequest(decodeResult: success, version: HTTP/1.1, content: EmptyByteBufBE)
GET /session/9670a06a9db6c410287fd93f01642c35/screenshot HTTP/1.1
User-Agent: selenium/4.1.2 (java windows)
Cache-Control: no-cache
Content-Type: application/json; charset=utf-8
host: localhost:56049
accept: */*

Response DefaultHttpResponse(decodeResult: success, version: HTTP/1.1)
HTTP/1.1 200 OK
Content-Type: application/json; charset=utf-8
cache-control: no-cache
content-length: 80008

00:45:47.367 [AsyncHttpClient-1-5] DEBUG org.asynchttpclient.netty.channel.ChannelManager - Adding key: http://localhost:56049 for channel [id: 0x03e7c42f, L:/127.0.0.1:49460 - R:localhost/127.0.0.1:56049]
00:45:47.369 [main] DEBUG net.serenitybdd.core.photography.Darkroom - Send negative for processing for target\site\serenity\86ffa893ad1f28e2594e4517fb3c667a2e49a365c676cd73dc3a144a8da73aef.png
00:45:47.369 [main] DEBUG net.thucydides.core.steps.StepInterceptor - STEP DONE: bookingpage
  &amp#27;[32mWhen &amp#27;[0m&amp#27;[32mwhen admin click booking page&amp#27;[0m                 &amp#27;[90m# starter.definitions.BookingSteps.whenAdminClickBookingPage()&amp#27;[0m
00:45:47.369 [Darkroom Processing Line] DEBUG net.serenitybdd.core.photography.DarkroomProcessingLine - Processing screenshot image in /var/screenshots/screenshot-326827979172699600
00:45:47.369 [Darkroom Processing Line] DEBUG net.serenitybdd.core.photography.DarkroomProcessingLine - Saving screenshot to target\site\serenity\86ffa893ad1f28e2594e4517fb3c667a2e49a365c676cd73dc3a144a8da73aef.png
00:45:47.378 [main] DEBUG net.thucydides.core.steps.StepInterceptor - STARTING STEP: BookingSteps.adminSucsessLookDetailBookingPage - detailbooking
00:45:47.379 [Forwarding findElement on session 9670a06a9db6c410287fd93f01642c35 to remote] DEBUG org.asynchttpclient.netty.request.NettyRequestSender - Using pooled Channel '[id: 0x03e7c42f, L:/127.0.0.1:49460 - R:localhost/127.0.0.1:56049]' for 'POST' to 'http://localhost:56049/session/9670a06a9db6c410287fd93f01642c35/element'
00:45:47.379 [Forwarding findElement on session 9670a06a9db6c410287fd93f01642c35 to remote] DEBUG org.asynchttpclient.netty.request.NettyRequestSender - Using open Channel [id: 0x03e7c42f, L:/127.0.0.1:49460 - R:localhost/127.0.0.1:56049] for POST '/session/9670a06a9db6c410287fd93f01642c35/element'
00:45:47.388 [AsyncHttpClient-1-5] DEBUG org.asynchttpclient.netty.handler.HttpHandler - 

Request DefaultHttpRequest(decodeResult: success, version: HTTP/1.1)
POST /session/9670a06a9db6c410287fd93f01642c35/element HTTP/1.1
User-Agent: selenium/4.1.2 (java windows)
Content-Length: 107
Content-Type: application/json; charset=utf-8
host: localhost:56049
accept: */*

Response DefaultHttpResponse(decodeResult: success, version: HTTP/1.1)
HTTP/1.1 200 OK
Content-Type: application/json; charset=utf-8
cache-control: no-cache
content-length: 88

00:45:47.388 [AsyncHttpClient-1-5] DEBUG org.asynchttpclient.netty.channel.ChannelManager - Adding key: http://localhost:56049 for channel [id: 0x03e7c42f, L:/127.0.0.1:49460 - R:localhost/127.0.0.1:56049]
00:45:47.390 [Forwarding isElementDisplayed on session 9670a06a9db6c410287fd93f01642c35 to remote] DEBUG org.asynchttpclient.netty.request.NettyRequestSender - Using pooled Channel '[id: 0x03e7c42f, L:/127.0.0.1:49460 - R:localhost/127.0.0.1:56049]' for 'POST' to 'http://localhost:56049/session/9670a06a9db6c410287fd93f01642c35/execute/sync'
00:45:47.390 [Forwarding isElementDisplayed on session 9670a06a9db6c410287fd93f01642c35 to remote] DEBUG org.asynchttpclient.netty.request.NettyRequestSender - Using open Channel [id: 0x03e7c42f, L:/127.0.0.1:49460 - R:localhost/127.0.0.1:56049] for POST '/session/9670a06a9db6c410287fd93f01642c35/execute/sync'
00:45:47.397 [AsyncHttpClient-1-5] DEBUG org.asynchttpclient.netty.handler.HttpHandler - 

Request DefaultHttpRequest(decodeResult: success, version: HTTP/1.1)
POST /session/9670a06a9db6c410287fd93f01642c35/execute/sync HTTP/1.1
User-Agent: selenium/4.1.2 (java windows)
Content-Length: 48780
Content-Type: application/json; charset=utf-8
host: localhost:56049
accept: */*

Response DefaultHttpResponse(decodeResult: success, version: HTTP/1.1)
HTTP/1.1 200 OK
Content-Type: application/json; charset=utf-8
cache-control: no-cache
content-length: 14

00:45:47.397 [AsyncHttpClient-1-5] DEBUG org.asynchttpclient.netty.channel.ChannelManager - Adding key: http://localhost:56049 for channel [id: 0x03e7c42f, L:/127.0.0.1:49460 - R:localhost/127.0.0.1:56049]
00:45:47.400 [main] DEBUG net.thucydides.core.steps.StepInterceptor - STEP DONE: detailbooking
  &amp#27;[32mThen &amp#27;[0m&amp#27;[32madmin sucsess look detail booking page&amp#27;[0m        &amp#27;[90m# starter.definitions.BookingSteps.adminSucsessLookDetailBookingPage()&amp#27;[0m
00:45:47.403 [main] INFO  - 
  _____   ___   ___   _____     ___     _     ___   ___   ___   ___  
 |_   _| | __| / __| |_   _|   | _ \   /_\   / __| / __| | __| |   \ 
   | |   | _|  \__ \   | |     |  _/  / _ \  \__ \ \__ \ | _|  | |) |
   |_|   |___| |___/   |_|     |_|   /_/ \_\ |___/ |___/ |___| |___/ 

admin click booking page on dashboard page
----------------------------------------------------------------------
00:45:47.404 [AsyncHttpClient-1-7] DEBUG org.asynchttpclient.netty.handler.WebSocketHandler - Channel Closed: [id: 0x30c9c096, L:/127.0.0.1:49468 ! R:localhost/127.0.0.1:49461] with attribute NettyResponseFuture{currentRetry=5,
	isDone=1,
	isCancelled=0,
	asyncHandler=org.asynchttpclient.ws.WebSocketUpgradeHandler@47d46002,
	nettyRequest=org.asynchttpclient.netty.request.NettyRequest@2d6f69c,
	future=java.util.concurrent.CompletableFuture@2f8c0a2f[Completed normally],
	uri=ws://localhost:49461/devtools/browser/0207a6dc-337e-4198-a8b6-f580c326f6b3,
	keepAlive=true,
	redirectCount=0,
	timeoutsHolder=null,
	inAuth=0,
	touch=1658421940752}
00:45:47.404 [AsyncHttpClient-1-7] DEBUG org.asynchttpclient.netty.channel.ChannelManager - Closing Channel [id: 0x30c9c096, L:/127.0.0.1:49468 ! R:localhost/127.0.0.1:49461] 
00:45:47.404 [Driver Command Executor] DEBUG org.asynchttpclient.netty.request.NettyRequestSender - Using pooled Channel '[id: 0x03e7c42f, L:/127.0.0.1:49460 - R:localhost/127.0.0.1:56049]' for 'DELETE' to 'http://localhost:56049/session/9670a06a9db6c410287fd93f01642c35'
00:45:47.404 [Driver Command Executor] DEBUG org.asynchttpclient.netty.request.NettyRequestSender - Using open Channel [id: 0x03e7c42f, L:/127.0.0.1:49460 - R:localhost/127.0.0.1:56049] for DELETE '/session/9670a06a9db6c410287fd93f01642c35'
00:45:47.419 [AsyncHttpClient-1-6] DEBUG org.asynchttpclient.netty.handler.HttpHandler - Unexpected I/O exception on channel [id: 0xb5026914, L:/127.0.0.1:49467 - R:localhost/127.0.0.1:49461]
java.net.SocketException: Connection reset
	at java.base/sun.nio.ch.SocketChannelImpl.throwConnectionReset(SocketChannelImpl.java:394)
	at java.base/sun.nio.ch.SocketChannelImpl.read(SocketChannelImpl.java:426)
	at io.netty.buffer.PooledByteBuf.setBytes(PooledByteBuf.java:258)
	at io.netty.buffer.AbstractByteBuf.writeBytes(AbstractByteBuf.java:1132)
	at io.netty.channel.socket.nio.NioSocketChannel.doReadBytes(NioSocketChannel.java:350)
	at io.netty.channel.nio.AbstractNioByteChannel$NioByteUnsafe.read(AbstractNioByteChannel.java:151)
	at io.netty.channel.nio.NioEventLoop.processSelectedKey(NioEventLoop.java:722)
	at io.netty.channel.nio.NioEventLoop.processSelectedKeysOptimized(NioEventLoop.java:658)
	at io.netty.channel.nio.NioEventLoop.processSelectedKeys(NioEventLoop.java:584)
	at io.netty.channel.nio.NioEventLoop.run(NioEventLoop.java:496)
	at io.netty.util.concurrent.SingleThreadEventExecutor$4.run(SingleThreadEventExecutor.java:986)
	at io.netty.util.internal.ThreadExecutorMap$2.run(ThreadExecutorMap.java:74)
	at io.netty.util.concurrent.FastThreadLocalRunnable.run(FastThreadLocalRunnable.java:30)
	at java.base/java.lang.Thread.run(Thread.java:833)
00:45:47.419 [AsyncHttpClient-1-6] DEBUG org.asynchttpclient.netty.channel.ChannelManager - Closing Channel [id: 0xb5026914, L:/127.0.0.1:49467 - R:localhost/127.0.0.1:49461] 
00:45:47.419 [AsyncHttpClient-1-6] DEBUG org.asynchttpclient.netty.handler.HttpHandler - Channel Closed: [id: 0xb5026914, L:/127.0.0.1:49467 ! R:localhost/127.0.0.1:49461] with attribute DISCARD
00:45:47.427 [AsyncHttpClient-1-5] DEBUG org.asynchttpclient.netty.handler.HttpHandler - 

Request DefaultFullHttpRequest(decodeResult: success, version: HTTP/1.1, content: EmptyByteBufBE)
DELETE /session/9670a06a9db6c410287fd93f01642c35 HTTP/1.1
User-Agent: selenium/4.1.2 (java windows)
Content-Type: application/json; charset=utf-8
host: localhost:56049
accept: */*

Response DefaultHttpResponse(decodeResult: success, version: HTTP/1.1)
HTTP/1.1 200 OK
Content-Type: application/json; charset=utf-8
cache-control: no-cache
content-length: 14

00:45:47.427 [AsyncHttpClient-1-5] DEBUG org.asynchttpclient.netty.channel.ChannelManager - Adding key: http://localhost:56049 for channel [id: 0x03e7c42f, L:/127.0.0.1:49460 - R:localhost/127.0.0.1:56049]
00:45:47.470 [AsyncHttpClient-1-5] DEBUG org.asynchttpclient.netty.handler.HttpHandler - Channel Closed: [id: 0x03e7c42f, L:/127.0.0.1:49460 ! R:localhost/127.0.0.1:56049] with attribute DISCARD
]]></system-out>
    <system-err><![CDATA[Starting ChromeDriver 103.0.5060.134 (8ec6fce403b3feb0869b0732eda8bd95011d333c-refs/branch-heads/5060@{#1262}) on port 56049
Only local connections are allowed.
Please see https://chromedriver.chromium.org/security-considerations for suggestions on keeping ChromeDriver safe.
ChromeDriver was started successfully.
Jul 22, 2022 12:45:40 AM org.openqa.selenium.remote.ProtocolHandshake createSession
INFO: Detected dialect: W3C
Jul 22, 2022 12:45:40 AM org.openqa.selenium.devtools.CdpVersionFinder findNearestMatch
WARNING: Unable to find an exact match for CDP version 103, so returning the closest version found: a no-op implementation
Jul 22, 2022 12:45:40 AM org.openqa.selenium.devtools.CdpVersionFinder findNearestMatch
INFO: Unable to find CDP implementation matching 103.
Jul 22, 2022 12:45:40 AM org.openqa.selenium.chromium.ChromiumDriver lambda$new$3
WARNING: Unable to find version of CDP to use for . You may need to include a dependency on a specific version of the CDP using something similar to `org.seleniumhq.selenium:selenium-devtools-v86:4.1.2` where the version ("v86") matches the version of the chromium-based browser you're using and the version number of the artifact is the same as Selenium's.
]]></system-err>
  </testcase>
  <testcase name="create new booking" classname="admin see detail booking page" time="8.432">
    <system-out><![CDATA[
@booking @new
Scenario: create new booking            &amp#27;[90m# src/test/resources/features/booking.feature:17&amp#27;[0m
00:45:47.543 [main] INFO io.cucumber.core.plugin.SerenityReporter - Running feature from file:///D:/capstone%20projek/web%20testing/src/test/resources/features/booking.feature
00:45:47.544 [main] INFO  - 
  _____   ___   ___   _____     ___   _____     _     ___   _____   ___   ___  
 |_   _| | __| / __| |_   _|   / __| |_   _|   /_\   | _ \ |_   _| | __| |   \ 
   | |   | _|  \__ \   | |     \__ \   | |    / _ \  |   /   | |   | _|  | |) |
   |_|   |___| |___/   |_|     |___/   |_|   /_/ \_\ |_|_\   |_|   |___| |___/ 

create new booking(admin-see-detail-booking-page;create-new-booking)
--------------------------------------------------------------------------------
00:45:47.551 [main] DEBUG net.thucydides.core.steps.StepInterceptor - STARTING STEP: LoginSteps.adminOnLoginPage - openPage
00:45:47.551 [main] INFO net.serenitybdd.core.webdriver.driverproviders.ChromeDriverProvider - Using automatically driver download
00:45:47.626 [main] DEBUG io.github.bonigarcia.wdm.cache.ResolutionCache - Resolution chrome=103 in cache (valid until 01:32:20 22/07/2022 WITA)
00:45:47.628 [main] DEBUG io.github.bonigarcia.wdm.cache.ResolutionCache - Resolution chrome103=103.0.5060.134 in cache (valid until 21:05:58 22/07/2022 WITA)
00:45:47.629 [main] INFO io.github.bonigarcia.wdm.WebDriverManager - Using chromedriver 103.0.5060.134 (resolved driver for Chrome 103)
00:45:47.636 [main] DEBUG io.github.bonigarcia.wdm.WebDriverManager - Driver chromedriver 103.0.5060.134 found in cache
00:45:47.636 [main] INFO io.github.bonigarcia.wdm.WebDriverManager - Exporting webdriver.chrome.driver as C:\Users\Rev\.cache\selenium\chromedriver\win32\103.0.5060.134\chromedriver.exe
00:45:47.711 [main] DEBUG net.serenitybdd.core.webdriver.driverproviders.ProvideNewDriver - Instantiating driver
00:45:47.711 [main] DEBUG net.serenitybdd.core.webdriver.driverproviders.ProvideNewDriver - Driver capabilities: Capabilities {acceptInsecureCerts: false, base.url: https://sportly.rafdev.my.id/, browserName: chrome, chrome.driver: webdriver/chromedriver.exe, driver: chrome, goog:chromeOptions: {args: [], extensions: []}}
00:45:47.823 [AsyncHttpClient-1-8] DEBUG org.asynchttpclient.netty.channel.NettyConnectListener - Using new Channel '[id: 0x383161e0, L:/127.0.0.1:49497 - R:localhost/127.0.0.1:57507]' for 'POST' to '/session'
00:45:48.287 [AsyncHttpClient-1-1] DEBUG org.asynchttpclient.netty.channel.DefaultChannelPool - Entry count for : http://localhost:49461 : 1
00:45:48.287 [AsyncHttpClient-1-1] DEBUG org.asynchttpclient.netty.channel.DefaultChannelPool - Entry count for : http://localhost:56049 : 1
00:45:48.287 [AsyncHttpClient-1-1] DEBUG org.asynchttpclient.netty.channel.DefaultChannelPool - Adding Candidate expired Channel [id: 0xb5026914, L:/127.0.0.1:49467 ! R:localhost/127.0.0.1:49461] isIdleTimeoutExpired=false isRemotelyClosed=true isTtlExpired=false
00:45:48.287 [AsyncHttpClient-1-1] DEBUG org.asynchttpclient.netty.channel.DefaultChannelPool - Closing Idle Channel [id: 0xb5026914, L:/127.0.0.1:49467 ! R:localhost/127.0.0.1:49461]
00:45:48.287 [AsyncHttpClient-1-1] DEBUG org.asynchttpclient.netty.channel.DefaultChannelPool - Adding Candidate expired Channel [id: 0x03e7c42f, L:/127.0.0.1:49460 ! R:localhost/127.0.0.1:56049] isIdleTimeoutExpired=false isRemotelyClosed=true isTtlExpired=false
00:45:48.287 [AsyncHttpClient-1-1] DEBUG org.asynchttpclient.netty.channel.DefaultChannelPool - Closing Idle Channel [id: 0x03e7c42f, L:/127.0.0.1:49460 ! R:localhost/127.0.0.1:56049]
00:45:48.287 [AsyncHttpClient-1-1] DEBUG org.asynchttpclient.netty.channel.DefaultChannelPool - Closed 2 connections out of 2 in 0 ms
00:45:48.294 [AsyncHttpClient-1-8] DEBUG org.asynchttpclient.netty.handler.HttpHandler - 

Request DefaultHttpRequest(decodeResult: success, version: HTTP/1.1)
POST /session HTTP/1.1
User-Agent: selenium/4.1.2 (java windows)
Content-Length: 581
Content-Type: application/json; charset=utf-8
host: localhost:57507
accept: */*

Response DefaultHttpResponse(decodeResult: success, version: HTTP/1.1)
HTTP/1.1 200 OK
Content-Type: application/json; charset=utf-8
cache-control: no-cache
content-length: 791

00:45:48.294 [AsyncHttpClient-1-8] DEBUG org.asynchttpclient.netty.channel.ChannelManager - Adding key: http://localhost:57507 for channel [id: 0x383161e0, L:/127.0.0.1:49497 - R:localhost/127.0.0.1:57507]
00:45:48.298 [AsyncHttpClient-1-9] DEBUG org.asynchttpclient.netty.channel.NettyConnectListener - Using new Channel '[id: 0x5292f29f, L:/127.0.0.1:49504 - R:localhost/127.0.0.1:49498]' for 'GET' to '/json/version'
00:45:48.301 [AsyncHttpClient-1-9] DEBUG org.asynchttpclient.netty.handler.HttpHandler - 

Request DefaultFullHttpRequest(decodeResult: success, version: HTTP/1.1, content: EmptyByteBufBE)
GET /json/version HTTP/1.1
User-Agent: selenium/4.1.2 (java windows)
host: localhost:49498
accept: */*

Response DefaultHttpResponse(decodeResult: success, version: HTTP/1.1)
HTTP/1.1 200 OK
Content-Type: application/json; charset=UTF-8
content-length: 429

00:45:48.301 [AsyncHttpClient-1-9] DEBUG org.asynchttpclient.netty.channel.ChannelManager - Adding key: http://localhost:49498 for channel [id: 0x5292f29f, L:/127.0.0.1:49504 - R:localhost/127.0.0.1:49498]
00:45:48.303 [AsyncHttpClient-1-10] DEBUG org.asynchttpclient.netty.channel.NettyConnectListener - Using new Channel '[id: 0x26c2ad12, L:/127.0.0.1:49505 - R:localhost/127.0.0.1:49498]' for 'GET' to '/devtools/browser/7b4903c4-d2ba-4c58-ac62-f6c05f25c375'
00:45:48.307 [AsyncHttpClient-1-10] DEBUG org.asynchttpclient.netty.handler.WebSocketHandler - 

Request DefaultFullHttpRequest(decodeResult: success, version: HTTP/1.1, content: EmptyByteBufBE)
GET /devtools/browser/7b4903c4-d2ba-4c58-ac62-f6c05f25c375 HTTP/1.1
upgrade: websocket
connection: upgrade
sec-websocket-key: Mb5whMoAHI0crbFA2Mby/A==
sec-websocket-version: 13
origin: http://localhost:49498
host: localhost:49498
accept: */*
user-agent: AHC/2.1

Response DefaultHttpResponse(decodeResult: success, version: HTTP/1.1)
HTTP/1.1 101 WebSocket Protocol Handshake
Upgrade: WebSocket
Connection: Upgrade
Sec-WebSocket-Accept: iP9BN+oSYzTkgRStuZE5GLIu844=

00:45:48.310 [Forwarding setCurrentWindowSize on session 7c067a9b44f3500cb4a9fa3b2d5052ca to remote] DEBUG org.asynchttpclient.netty.request.NettyRequestSender - Using pooled Channel '[id: 0x383161e0, L:/127.0.0.1:49497 - R:localhost/127.0.0.1:57507]' for 'POST' to 'http://localhost:57507/session/7c067a9b44f3500cb4a9fa3b2d5052ca/window/rect'
00:45:48.310 [Forwarding setCurrentWindowSize on session 7c067a9b44f3500cb4a9fa3b2d5052ca to remote] DEBUG org.asynchttpclient.netty.request.NettyRequestSender - Using open Channel [id: 0x383161e0, L:/127.0.0.1:49497 - R:localhost/127.0.0.1:57507] for POST '/session/7c067a9b44f3500cb4a9fa3b2d5052ca/window/rect'
00:45:48.425 [AsyncHttpClient-1-8] DEBUG org.asynchttpclient.netty.handler.HttpHandler - 

Request DefaultHttpRequest(decodeResult: success, version: HTTP/1.1)
POST /session/7c067a9b44f3500cb4a9fa3b2d5052ca/window/rect HTTP/1.1
User-Agent: selenium/4.1.2 (java windows)
Content-Length: 37
Content-Type: application/json; charset=utf-8
host: localhost:57507
accept: */*

Response DefaultHttpResponse(decodeResult: success, version: HTTP/1.1)
HTTP/1.1 200 OK
Content-Type: application/json; charset=utf-8
cache-control: no-cache
content-length: 52

00:45:48.425 [AsyncHttpClient-1-8] DEBUG org.asynchttpclient.netty.channel.ChannelManager - Adding key: http://localhost:57507 for channel [id: 0x383161e0, L:/127.0.0.1:49497 - R:localhost/127.0.0.1:57507]
00:45:48.426 [Forwarding setWindowPosition on session 7c067a9b44f3500cb4a9fa3b2d5052ca to remote] DEBUG org.asynchttpclient.netty.request.NettyRequestSender - Using pooled Channel '[id: 0x383161e0, L:/127.0.0.1:49497 - R:localhost/127.0.0.1:57507]' for 'POST' to 'http://localhost:57507/session/7c067a9b44f3500cb4a9fa3b2d5052ca/window/rect'
00:45:48.426 [Forwarding setWindowPosition on session 7c067a9b44f3500cb4a9fa3b2d5052ca to remote] DEBUG org.asynchttpclient.netty.request.NettyRequestSender - Using open Channel [id: 0x383161e0, L:/127.0.0.1:49497 - R:localhost/127.0.0.1:57507] for POST '/session/7c067a9b44f3500cb4a9fa3b2d5052ca/window/rect'
00:45:48.536 [AsyncHttpClient-1-8] DEBUG org.asynchttpclient.netty.handler.HttpHandler - 

Request DefaultHttpRequest(decodeResult: success, version: HTTP/1.1)
POST /session/7c067a9b44f3500cb4a9fa3b2d5052ca/window/rect HTTP/1.1
User-Agent: selenium/4.1.2 (java windows)
Content-Length: 22
Content-Type: application/json; charset=utf-8
host: localhost:57507
accept: */*

Response DefaultHttpResponse(decodeResult: success, version: HTTP/1.1)
HTTP/1.1 200 OK
Content-Type: application/json; charset=utf-8
cache-control: no-cache
content-length: 50

00:45:48.536 [AsyncHttpClient-1-8] DEBUG org.asynchttpclient.netty.channel.ChannelManager - Adding key: http://localhost:57507 for channel [id: 0x383161e0, L:/127.0.0.1:49497 - R:localhost/127.0.0.1:57507]
00:45:48.537 [Forwarding get on session 7c067a9b44f3500cb4a9fa3b2d5052ca to remote] DEBUG org.asynchttpclient.netty.request.NettyRequestSender - Using pooled Channel '[id: 0x383161e0, L:/127.0.0.1:49497 - R:localhost/127.0.0.1:57507]' for 'POST' to 'http://localhost:57507/session/7c067a9b44f3500cb4a9fa3b2d5052ca/url'
00:45:48.538 [Forwarding get on session 7c067a9b44f3500cb4a9fa3b2d5052ca to remote] DEBUG org.asynchttpclient.netty.request.NettyRequestSender - Using open Channel [id: 0x383161e0, L:/127.0.0.1:49497 - R:localhost/127.0.0.1:57507] for POST '/session/7c067a9b44f3500cb4a9fa3b2d5052ca/url'
00:45:49.389 [AsyncHttpClient-1-1] DEBUG org.asynchttpclient.netty.channel.DefaultChannelPool - Entry count for : http://localhost:49498 : 1
00:45:50.437 [AsyncHttpClient-1-8] DEBUG org.asynchttpclient.netty.handler.HttpHandler - 

Request DefaultHttpRequest(decodeResult: success, version: HTTP/1.1)
POST /session/7c067a9b44f3500cb4a9fa3b2d5052ca/url HTTP/1.1
User-Agent: selenium/4.1.2 (java windows)
Content-Length: 59
Content-Type: application/json; charset=utf-8
host: localhost:57507
accept: */*

Response DefaultHttpResponse(decodeResult: success, version: HTTP/1.1)
HTTP/1.1 200 OK
Content-Type: application/json; charset=utf-8
cache-control: no-cache
content-length: 14

00:45:50.437 [AsyncHttpClient-1-8] DEBUG org.asynchttpclient.netty.channel.ChannelManager - Adding key: http://localhost:57507 for channel [id: 0x383161e0, L:/127.0.0.1:49497 - R:localhost/127.0.0.1:57507]
00:45:50.438 [Forwarding setTimeout on session 7c067a9b44f3500cb4a9fa3b2d5052ca to remote] DEBUG org.asynchttpclient.netty.request.NettyRequestSender - Using pooled Channel '[id: 0x383161e0, L:/127.0.0.1:49497 - R:localhost/127.0.0.1:57507]' for 'POST' to 'http://localhost:57507/session/7c067a9b44f3500cb4a9fa3b2d5052ca/timeouts'
00:45:50.439 [Forwarding setTimeout on session 7c067a9b44f3500cb4a9fa3b2d5052ca to remote] DEBUG org.asynchttpclient.netty.request.NettyRequestSender - Using open Channel [id: 0x383161e0, L:/127.0.0.1:49497 - R:localhost/127.0.0.1:57507] for POST '/session/7c067a9b44f3500cb4a9fa3b2d5052ca/timeouts'
00:45:50.439 [AsyncHttpClient-1-8] DEBUG org.asynchttpclient.netty.handler.HttpHandler - 

Request DefaultHttpRequest(decodeResult: success, version: HTTP/1.1)
POST /session/7c067a9b44f3500cb4a9fa3b2d5052ca/timeouts HTTP/1.1
User-Agent: selenium/4.1.2 (java windows)
Content-Length: 22
Content-Type: application/json; charset=utf-8
host: localhost:57507
accept: */*

Response DefaultHttpResponse(decodeResult: success, version: HTTP/1.1)
HTTP/1.1 200 OK
Content-Type: application/json; charset=utf-8
cache-control: no-cache
content-length: 14

00:45:50.439 [AsyncHttpClient-1-8] DEBUG org.asynchttpclient.netty.channel.ChannelManager - Adding key: http://localhost:57507 for channel [id: 0x383161e0, L:/127.0.0.1:49497 - R:localhost/127.0.0.1:57507]
00:45:50.441 [Forwarding getCurrentUrl on session 7c067a9b44f3500cb4a9fa3b2d5052ca to remote] DEBUG org.asynchttpclient.netty.request.NettyRequestSender - Using pooled Channel '[id: 0x383161e0, L:/127.0.0.1:49497 - R:localhost/127.0.0.1:57507]' for 'GET' to 'http://localhost:57507/session/7c067a9b44f3500cb4a9fa3b2d5052ca/url'
00:45:50.441 [Forwarding getCurrentUrl on session 7c067a9b44f3500cb4a9fa3b2d5052ca to remote] DEBUG org.asynchttpclient.netty.request.NettyRequestSender - Using open Channel [id: 0x383161e0, L:/127.0.0.1:49497 - R:localhost/127.0.0.1:57507] for GET '/session/7c067a9b44f3500cb4a9fa3b2d5052ca/url'
00:45:50.458 [AsyncHttpClient-1-8] DEBUG org.asynchttpclient.netty.handler.HttpHandler - 

Request DefaultFullHttpRequest(decodeResult: success, version: HTTP/1.1, content: EmptyByteBufBE)
GET /session/7c067a9b44f3500cb4a9fa3b2d5052ca/url HTTP/1.1
User-Agent: selenium/4.1.2 (java windows)
Cache-Control: no-cache
Content-Type: application/json; charset=utf-8
host: localhost:57507
accept: */*

Response DefaultHttpResponse(decodeResult: success, version: HTTP/1.1)
HTTP/1.1 200 OK
Content-Type: application/json; charset=utf-8
cache-control: no-cache
content-length: 46

00:45:50.458 [AsyncHttpClient-1-8] DEBUG org.asynchttpclient.netty.channel.ChannelManager - Adding key: http://localhost:57507 for channel [id: 0x383161e0, L:/127.0.0.1:49497 - R:localhost/127.0.0.1:57507]
00:45:50.461 [Forwarding getCurrentUrl on session 7c067a9b44f3500cb4a9fa3b2d5052ca to remote] DEBUG org.asynchttpclient.netty.request.NettyRequestSender - Using pooled Channel '[id: 0x383161e0, L:/127.0.0.1:49497 - R:localhost/127.0.0.1:57507]' for 'GET' to 'http://localhost:57507/session/7c067a9b44f3500cb4a9fa3b2d5052ca/url'
00:45:50.461 [Forwarding getCurrentUrl on session 7c067a9b44f3500cb4a9fa3b2d5052ca to remote] DEBUG org.asynchttpclient.netty.request.NettyRequestSender - Using open Channel [id: 0x383161e0, L:/127.0.0.1:49497 - R:localhost/127.0.0.1:57507] for GET '/session/7c067a9b44f3500cb4a9fa3b2d5052ca/url'
00:45:50.462 [AsyncHttpClient-1-8] DEBUG org.asynchttpclient.netty.handler.HttpHandler - 

Request DefaultFullHttpRequest(decodeResult: success, version: HTTP/1.1, content: EmptyByteBufBE)
GET /session/7c067a9b44f3500cb4a9fa3b2d5052ca/url HTTP/1.1
User-Agent: selenium/4.1.2 (java windows)
Cache-Control: no-cache
Content-Type: application/json; charset=utf-8
host: localhost:57507
accept: */*

Response DefaultHttpResponse(decodeResult: success, version: HTTP/1.1)
HTTP/1.1 200 OK
Content-Type: application/json; charset=utf-8
cache-control: no-cache
content-length: 46

00:45:50.463 [AsyncHttpClient-1-8] DEBUG org.asynchttpclient.netty.channel.ChannelManager - Adding key: http://localhost:57507 for channel [id: 0x383161e0, L:/127.0.0.1:49497 - R:localhost/127.0.0.1:57507]
00:45:50.466 [Forwarding screenshot on session 7c067a9b44f3500cb4a9fa3b2d5052ca to remote] DEBUG org.asynchttpclient.netty.request.NettyRequestSender - Using pooled Channel '[id: 0x383161e0, L:/127.0.0.1:49497 - R:localhost/127.0.0.1:57507]' for 'GET' to 'http://localhost:57507/session/7c067a9b44f3500cb4a9fa3b2d5052ca/screenshot'
00:45:50.466 [Forwarding screenshot on session 7c067a9b44f3500cb4a9fa3b2d5052ca to remote] DEBUG org.asynchttpclient.netty.request.NettyRequestSender - Using open Channel [id: 0x383161e0, L:/127.0.0.1:49497 - R:localhost/127.0.0.1:57507] for GET '/session/7c067a9b44f3500cb4a9fa3b2d5052ca/screenshot'
00:45:50.488 [AsyncHttpClient-1-1] DEBUG org.asynchttpclient.netty.channel.DefaultChannelPool - Entry count for : http://localhost:49498 : 1
00:45:50.777 [AsyncHttpClient-1-8] DEBUG org.asynchttpclient.netty.handler.HttpHandler - 

Request DefaultFullHttpRequest(decodeResult: success, version: HTTP/1.1, content: EmptyByteBufBE)
GET /session/7c067a9b44f3500cb4a9fa3b2d5052ca/screenshot HTTP/1.1
User-Agent: selenium/4.1.2 (java windows)
Cache-Control: no-cache
Content-Type: application/json; charset=utf-8
host: localhost:57507
accept: */*

Response DefaultHttpResponse(decodeResult: success, version: HTTP/1.1)
HTTP/1.1 200 OK
Content-Type: application/json; charset=utf-8
cache-control: no-cache
content-length: 575004

00:45:50.778 [AsyncHttpClient-1-8] DEBUG org.asynchttpclient.netty.channel.ChannelManager - Adding key: http://localhost:57507 for channel [id: 0x383161e0, L:/127.0.0.1:49497 - R:localhost/127.0.0.1:57507]
00:45:50.788 [main] DEBUG net.serenitybdd.core.photography.Darkroom - Send negative for processing for target\site\serenity\bdfb3257a55b5f729af578dfc1dc3a5762c89839bea5dc19984e34dd6640fee1.png
00:45:50.788 [main] DEBUG net.thucydides.core.steps.StepInterceptor - STEP DONE: openPage
00:45:50.792 [main] DEBUG net.thucydides.core.steps.StepInterceptor - STARTING STEP: LoginSteps.adminOnLoginPage - validateonLoginPage
00:45:50.796 [Forwarding findElement on session 7c067a9b44f3500cb4a9fa3b2d5052ca to remote] DEBUG org.asynchttpclient.netty.request.NettyRequestSender - Using pooled Channel '[id: 0x383161e0, L:/127.0.0.1:49497 - R:localhost/127.0.0.1:57507]' for 'POST' to 'http://localhost:57507/session/7c067a9b44f3500cb4a9fa3b2d5052ca/element'
00:45:50.796 [Forwarding findElement on session 7c067a9b44f3500cb4a9fa3b2d5052ca to remote] DEBUG org.asynchttpclient.netty.request.NettyRequestSender - Using open Channel [id: 0x383161e0, L:/127.0.0.1:49497 - R:localhost/127.0.0.1:57507] for POST '/session/7c067a9b44f3500cb4a9fa3b2d5052ca/element'
00:45:50.803 [AsyncHttpClient-1-8] DEBUG org.asynchttpclient.netty.handler.HttpHandler - 

Request DefaultHttpRequest(decodeResult: success, version: HTTP/1.1)
POST /session/7c067a9b44f3500cb4a9fa3b2d5052ca/element HTTP/1.1
User-Agent: selenium/4.1.2 (java windows)
Content-Length: 71
Content-Type: application/json; charset=utf-8
host: localhost:57507
accept: */*

Response DefaultHttpResponse(decodeResult: success, version: HTTP/1.1)
HTTP/1.1 200 OK
Content-Type: application/json; charset=utf-8
cache-control: no-cache
content-length: 88

00:45:50.803 [AsyncHttpClient-1-8] DEBUG org.asynchttpclient.netty.channel.ChannelManager - Adding key: http://localhost:57507 for channel [id: 0x383161e0, L:/127.0.0.1:49497 - R:localhost/127.0.0.1:57507]
00:45:50.806 [Forwarding isElementDisplayed on session 7c067a9b44f3500cb4a9fa3b2d5052ca to remote] DEBUG org.asynchttpclient.netty.request.NettyRequestSender - Using pooled Channel '[id: 0x383161e0, L:/127.0.0.1:49497 - R:localhost/127.0.0.1:57507]' for 'POST' to 'http://localhost:57507/session/7c067a9b44f3500cb4a9fa3b2d5052ca/execute/sync'
00:45:50.806 [Forwarding isElementDisplayed on session 7c067a9b44f3500cb4a9fa3b2d5052ca to remote] DEBUG org.asynchttpclient.netty.request.NettyRequestSender - Using open Channel [id: 0x383161e0, L:/127.0.0.1:49497 - R:localhost/127.0.0.1:57507] for POST '/session/7c067a9b44f3500cb4a9fa3b2d5052ca/execute/sync'
00:45:50.814 [AsyncHttpClient-1-8] DEBUG org.asynchttpclient.netty.handler.HttpHandler - 

Request DefaultHttpRequest(decodeResult: success, version: HTTP/1.1)
POST /session/7c067a9b44f3500cb4a9fa3b2d5052ca/execute/sync HTTP/1.1
User-Agent: selenium/4.1.2 (java windows)
Content-Length: 48780
Content-Type: application/json; charset=utf-8
host: localhost:57507
accept: */*

Response DefaultHttpResponse(decodeResult: success, version: HTTP/1.1)
HTTP/1.1 200 OK
Content-Type: application/json; charset=utf-8
cache-control: no-cache
content-length: 14

00:45:50.814 [AsyncHttpClient-1-8] DEBUG org.asynchttpclient.netty.channel.ChannelManager - Adding key: http://localhost:57507 for channel [id: 0x383161e0, L:/127.0.0.1:49497 - R:localhost/127.0.0.1:57507]
00:45:50.817 [main] DEBUG net.thucydides.core.steps.StepInterceptor - STEP DONE: validateonLoginPage
  &amp#27;[32mGiven &amp#27;[0m&amp#27;[32madmin on login page&amp#27;[0m             &amp#27;[90m# starter.definitions.LoginSteps.adminOnLoginPage()&amp#27;[0m
00:45:50.825 [main] DEBUG net.thucydides.core.steps.StepInterceptor - STARTING STEP: LoginSteps.adminInputValidUssername - inputusername
00:45:50.826 [Forwarding findElement on session 7c067a9b44f3500cb4a9fa3b2d5052ca to remote] DEBUG org.asynchttpclient.netty.request.NettyRequestSender - Using pooled Channel '[id: 0x383161e0, L:/127.0.0.1:49497 - R:localhost/127.0.0.1:57507]' for 'POST' to 'http://localhost:57507/session/7c067a9b44f3500cb4a9fa3b2d5052ca/element'
00:45:50.826 [Forwarding findElement on session 7c067a9b44f3500cb4a9fa3b2d5052ca to remote] DEBUG org.asynchttpclient.netty.request.NettyRequestSender - Using open Channel [id: 0x383161e0, L:/127.0.0.1:49497 - R:localhost/127.0.0.1:57507] for POST '/session/7c067a9b44f3500cb4a9fa3b2d5052ca/element'
00:45:50.833 [AsyncHttpClient-1-8] DEBUG org.asynchttpclient.netty.handler.HttpHandler - 

Request DefaultHttpRequest(decodeResult: success, version: HTTP/1.1)
POST /session/7c067a9b44f3500cb4a9fa3b2d5052ca/element HTTP/1.1
User-Agent: selenium/4.1.2 (java windows)
Content-Length: 92
Content-Type: application/json; charset=utf-8
host: localhost:57507
accept: */*

Response DefaultHttpResponse(decodeResult: success, version: HTTP/1.1)
HTTP/1.1 200 OK
Content-Type: application/json; charset=utf-8
cache-control: no-cache
content-length: 88

00:45:50.833 [AsyncHttpClient-1-8] DEBUG org.asynchttpclient.netty.channel.ChannelManager - Adding key: http://localhost:57507 for channel [id: 0x383161e0, L:/127.0.0.1:49497 - R:localhost/127.0.0.1:57507]
00:45:50.834 [Forwarding clearElement on session 7c067a9b44f3500cb4a9fa3b2d5052ca to remote] DEBUG org.asynchttpclient.netty.request.NettyRequestSender - Using pooled Channel '[id: 0x383161e0, L:/127.0.0.1:49497 - R:localhost/127.0.0.1:57507]' for 'POST' to 'http://localhost:57507/session/7c067a9b44f3500cb4a9fa3b2d5052ca/element/d63a3680-850c-49af-bc62-b258ae9e82c3/clear'
00:45:50.834 [Forwarding clearElement on session 7c067a9b44f3500cb4a9fa3b2d5052ca to remote] DEBUG org.asynchttpclient.netty.request.NettyRequestSender - Using open Channel [id: 0x383161e0, L:/127.0.0.1:49497 - R:localhost/127.0.0.1:57507] for POST '/session/7c067a9b44f3500cb4a9fa3b2d5052ca/element/d63a3680-850c-49af-bc62-b258ae9e82c3/clear'
00:45:50.852 [AsyncHttpClient-1-8] DEBUG org.asynchttpclient.netty.handler.HttpHandler - 

Request DefaultHttpRequest(decodeResult: success, version: HTTP/1.1)
POST /session/7c067a9b44f3500cb4a9fa3b2d5052ca/element/d63a3680-850c-49af-bc62-b258ae9e82c3/clear HTTP/1.1
User-Agent: selenium/4.1.2 (java windows)
Content-Length: 50
Content-Type: application/json; charset=utf-8
host: localhost:57507
accept: */*

Response DefaultHttpResponse(decodeResult: success, version: HTTP/1.1)
HTTP/1.1 200 OK
Content-Type: application/json; charset=utf-8
cache-control: no-cache
content-length: 14

00:45:50.852 [AsyncHttpClient-1-8] DEBUG org.asynchttpclient.netty.channel.ChannelManager - Adding key: http://localhost:57507 for channel [id: 0x383161e0, L:/127.0.0.1:49497 - R:localhost/127.0.0.1:57507]
00:45:50.854 [Forwarding sendKeysToElement on session 7c067a9b44f3500cb4a9fa3b2d5052ca to remote] DEBUG org.asynchttpclient.netty.request.NettyRequestSender - Using pooled Channel '[id: 0x383161e0, L:/127.0.0.1:49497 - R:localhost/127.0.0.1:57507]' for 'POST' to 'http://localhost:57507/session/7c067a9b44f3500cb4a9fa3b2d5052ca/element/d63a3680-850c-49af-bc62-b258ae9e82c3/value'
00:45:50.854 [Forwarding sendKeysToElement on session 7c067a9b44f3500cb4a9fa3b2d5052ca to remote] DEBUG org.asynchttpclient.netty.request.NettyRequestSender - Using open Channel [id: 0x383161e0, L:/127.0.0.1:49497 - R:localhost/127.0.0.1:57507] for POST '/session/7c067a9b44f3500cb4a9fa3b2d5052ca/element/d63a3680-850c-49af-bc62-b258ae9e82c3/value'
00:45:50.886 [AsyncHttpClient-1-8] DEBUG org.asynchttpclient.netty.handler.HttpHandler - 

Request DefaultHttpRequest(decodeResult: success, version: HTTP/1.1)
POST /session/7c067a9b44f3500cb4a9fa3b2d5052ca/element/d63a3680-850c-49af-bc62-b258ae9e82c3/value HTTP/1.1
User-Agent: selenium/4.1.2 (java windows)
Content-Length: 151
Content-Type: application/json; charset=utf-8
host: localhost:57507
accept: */*

Response DefaultHttpResponse(decodeResult: success, version: HTTP/1.1)
HTTP/1.1 200 OK
Content-Type: application/json; charset=utf-8
cache-control: no-cache
content-length: 14

00:45:50.886 [AsyncHttpClient-1-8] DEBUG org.asynchttpclient.netty.channel.ChannelManager - Adding key: http://localhost:57507 for channel [id: 0x383161e0, L:/127.0.0.1:49497 - R:localhost/127.0.0.1:57507]
00:45:50.890 [Forwarding screenshot on session 7c067a9b44f3500cb4a9fa3b2d5052ca to remote] DEBUG org.asynchttpclient.netty.request.NettyRequestSender - Using pooled Channel '[id: 0x383161e0, L:/127.0.0.1:49497 - R:localhost/127.0.0.1:57507]' for 'GET' to 'http://localhost:57507/session/7c067a9b44f3500cb4a9fa3b2d5052ca/screenshot'
00:45:50.890 [Forwarding screenshot on session 7c067a9b44f3500cb4a9fa3b2d5052ca to remote] DEBUG org.asynchttpclient.netty.request.NettyRequestSender - Using open Channel [id: 0x383161e0, L:/127.0.0.1:49497 - R:localhost/127.0.0.1:57507] for GET '/session/7c067a9b44f3500cb4a9fa3b2d5052ca/screenshot'
00:45:51.124 [AsyncHttpClient-1-8] DEBUG org.asynchttpclient.netty.handler.HttpHandler - 

Request DefaultFullHttpRequest(decodeResult: success, version: HTTP/1.1, content: EmptyByteBufBE)
GET /session/7c067a9b44f3500cb4a9fa3b2d5052ca/screenshot HTTP/1.1
User-Agent: selenium/4.1.2 (java windows)
Cache-Control: no-cache
Content-Type: application/json; charset=utf-8
host: localhost:57507
accept: */*

Response DefaultHttpResponse(decodeResult: success, version: HTTP/1.1)
HTTP/1.1 200 OK
Content-Type: application/json; charset=utf-8
cache-control: no-cache
content-length: 573184

00:45:51.125 [AsyncHttpClient-1-8] DEBUG org.asynchttpclient.netty.channel.ChannelManager - Adding key: http://localhost:57507 for channel [id: 0x383161e0, L:/127.0.0.1:49497 - R:localhost/127.0.0.1:57507]
00:45:51.135 [main] DEBUG net.serenitybdd.core.photography.Darkroom - Send negative for processing for target\site\serenity\f77c054aa6a666f419ab49e776fdfb7fc10c7c59289c58aa7b77a3e2461e450a.png
00:45:51.136 [main] DEBUG net.thucydides.core.steps.StepInterceptor - STEP DONE: inputusername
  &amp#27;[32mWhen &amp#27;[0m&amp#27;[32madmin input valid ussername&amp#27;[0m      &amp#27;[90m# starter.definitions.LoginSteps.adminInputValidUssername()&amp#27;[0m
00:45:51.146 [main] DEBUG net.thucydides.core.steps.StepInterceptor - STARTING STEP: LoginSteps.adminInputValidPassword - inputPassword
00:45:51.148 [Forwarding findElement on session 7c067a9b44f3500cb4a9fa3b2d5052ca to remote] DEBUG org.asynchttpclient.netty.request.NettyRequestSender - Using pooled Channel '[id: 0x383161e0, L:/127.0.0.1:49497 - R:localhost/127.0.0.1:57507]' for 'POST' to 'http://localhost:57507/session/7c067a9b44f3500cb4a9fa3b2d5052ca/element'
00:45:51.148 [Forwarding findElement on session 7c067a9b44f3500cb4a9fa3b2d5052ca to remote] DEBUG org.asynchttpclient.netty.request.NettyRequestSender - Using open Channel [id: 0x383161e0, L:/127.0.0.1:49497 - R:localhost/127.0.0.1:57507] for POST '/session/7c067a9b44f3500cb4a9fa3b2d5052ca/element'
00:45:51.154 [AsyncHttpClient-1-8] DEBUG org.asynchttpclient.netty.handler.HttpHandler - 

Request DefaultHttpRequest(decodeResult: success, version: HTTP/1.1)
POST /session/7c067a9b44f3500cb4a9fa3b2d5052ca/element HTTP/1.1
User-Agent: selenium/4.1.2 (java windows)
Content-Length: 92
Content-Type: application/json; charset=utf-8
host: localhost:57507
accept: */*

Response DefaultHttpResponse(decodeResult: success, version: HTTP/1.1)
HTTP/1.1 200 OK
Content-Type: application/json; charset=utf-8
cache-control: no-cache
content-length: 88

00:45:51.155 [AsyncHttpClient-1-8] DEBUG org.asynchttpclient.netty.channel.ChannelManager - Adding key: http://localhost:57507 for channel [id: 0x383161e0, L:/127.0.0.1:49497 - R:localhost/127.0.0.1:57507]
00:45:51.156 [Forwarding clearElement on session 7c067a9b44f3500cb4a9fa3b2d5052ca to remote] DEBUG org.asynchttpclient.netty.request.NettyRequestSender - Using pooled Channel '[id: 0x383161e0, L:/127.0.0.1:49497 - R:localhost/127.0.0.1:57507]' for 'POST' to 'http://localhost:57507/session/7c067a9b44f3500cb4a9fa3b2d5052ca/element/08d3488b-794b-426d-9f48-e6c5ddbafebb/clear'
00:45:51.156 [Forwarding clearElement on session 7c067a9b44f3500cb4a9fa3b2d5052ca to remote] DEBUG org.asynchttpclient.netty.request.NettyRequestSender - Using open Channel [id: 0x383161e0, L:/127.0.0.1:49497 - R:localhost/127.0.0.1:57507] for POST '/session/7c067a9b44f3500cb4a9fa3b2d5052ca/element/08d3488b-794b-426d-9f48-e6c5ddbafebb/clear'
00:45:51.172 [AsyncHttpClient-1-8] DEBUG org.asynchttpclient.netty.handler.HttpHandler - 

Request DefaultHttpRequest(decodeResult: success, version: HTTP/1.1)
POST /session/7c067a9b44f3500cb4a9fa3b2d5052ca/element/08d3488b-794b-426d-9f48-e6c5ddbafebb/clear HTTP/1.1
User-Agent: selenium/4.1.2 (java windows)
Content-Length: 50
Content-Type: application/json; charset=utf-8
host: localhost:57507
accept: */*

Response DefaultHttpResponse(decodeResult: success, version: HTTP/1.1)
HTTP/1.1 200 OK
Content-Type: application/json; charset=utf-8
cache-control: no-cache
content-length: 14

00:45:51.172 [AsyncHttpClient-1-8] DEBUG org.asynchttpclient.netty.channel.ChannelManager - Adding key: http://localhost:57507 for channel [id: 0x383161e0, L:/127.0.0.1:49497 - R:localhost/127.0.0.1:57507]
00:45:51.174 [Forwarding sendKeysToElement on session 7c067a9b44f3500cb4a9fa3b2d5052ca to remote] DEBUG org.asynchttpclient.netty.request.NettyRequestSender - Using pooled Channel '[id: 0x383161e0, L:/127.0.0.1:49497 - R:localhost/127.0.0.1:57507]' for 'POST' to 'http://localhost:57507/session/7c067a9b44f3500cb4a9fa3b2d5052ca/element/08d3488b-794b-426d-9f48-e6c5ddbafebb/value'
00:45:51.174 [Forwarding sendKeysToElement on session 7c067a9b44f3500cb4a9fa3b2d5052ca to remote] DEBUG org.asynchttpclient.netty.request.NettyRequestSender - Using open Channel [id: 0x383161e0, L:/127.0.0.1:49497 - R:localhost/127.0.0.1:57507] for POST '/session/7c067a9b44f3500cb4a9fa3b2d5052ca/element/08d3488b-794b-426d-9f48-e6c5ddbafebb/value'
00:45:51.221 [AsyncHttpClient-1-8] DEBUG org.asynchttpclient.netty.handler.HttpHandler - 

Request DefaultHttpRequest(decodeResult: success, version: HTTP/1.1)
POST /session/7c067a9b44f3500cb4a9fa3b2d5052ca/element/08d3488b-794b-426d-9f48-e6c5ddbafebb/value HTTP/1.1
User-Agent: selenium/4.1.2 (java windows)
Content-Length: 291
Content-Type: application/json; charset=utf-8
host: localhost:57507
accept: */*

Response DefaultHttpResponse(decodeResult: success, version: HTTP/1.1)
HTTP/1.1 200 OK
Content-Type: application/json; charset=utf-8
cache-control: no-cache
content-length: 14

00:45:51.221 [AsyncHttpClient-1-8] DEBUG org.asynchttpclient.netty.channel.ChannelManager - Adding key: http://localhost:57507 for channel [id: 0x383161e0, L:/127.0.0.1:49497 - R:localhost/127.0.0.1:57507]
00:45:51.225 [Forwarding screenshot on session 7c067a9b44f3500cb4a9fa3b2d5052ca to remote] DEBUG org.asynchttpclient.netty.request.NettyRequestSender - Using pooled Channel '[id: 0x383161e0, L:/127.0.0.1:49497 - R:localhost/127.0.0.1:57507]' for 'GET' to 'http://localhost:57507/session/7c067a9b44f3500cb4a9fa3b2d5052ca/screenshot'
00:45:51.225 [Forwarding screenshot on session 7c067a9b44f3500cb4a9fa3b2d5052ca to remote] DEBUG org.asynchttpclient.netty.request.NettyRequestSender - Using open Channel [id: 0x383161e0, L:/127.0.0.1:49497 - R:localhost/127.0.0.1:57507] for GET '/session/7c067a9b44f3500cb4a9fa3b2d5052ca/screenshot'
00:45:51.461 [AsyncHttpClient-1-8] DEBUG org.asynchttpclient.netty.handler.HttpHandler - 

Request DefaultFullHttpRequest(decodeResult: success, version: HTTP/1.1, content: EmptyByteBufBE)
GET /session/7c067a9b44f3500cb4a9fa3b2d5052ca/screenshot HTTP/1.1
User-Agent: selenium/4.1.2 (java windows)
Cache-Control: no-cache
Content-Type: application/json; charset=utf-8
host: localhost:57507
accept: */*

Response DefaultHttpResponse(decodeResult: success, version: HTTP/1.1)
HTTP/1.1 200 OK
Content-Type: application/json; charset=utf-8
cache-control: no-cache
content-length: 569460

00:45:51.462 [AsyncHttpClient-1-8] DEBUG org.asynchttpclient.netty.channel.ChannelManager - Adding key: http://localhost:57507 for channel [id: 0x383161e0, L:/127.0.0.1:49497 - R:localhost/127.0.0.1:57507]
00:45:51.467 [main] DEBUG net.serenitybdd.core.photography.Darkroom - Send negative for processing for target\site\serenity\7121c7966e51ed0bee580053fa8354e56400a63fd65cbfa41529dc1e051e1e6a.png
00:45:51.467 [main] DEBUG net.thucydides.core.steps.StepInterceptor - STEP DONE: inputPassword
  &amp#27;[32mAnd &amp#27;[0m&amp#27;[32madmin input valid password&amp#27;[0m        &amp#27;[90m# starter.definitions.LoginSteps.adminInputValidPassword()&amp#27;[0m
00:45:51.483 [main] DEBUG net.thucydides.core.steps.StepInterceptor - STARTING STEP: LoginSteps.clickLoginButton - clickloginButton
00:45:51.484 [Forwarding findElement on session 7c067a9b44f3500cb4a9fa3b2d5052ca to remote] DEBUG org.asynchttpclient.netty.request.NettyRequestSender - Using pooled Channel '[id: 0x383161e0, L:/127.0.0.1:49497 - R:localhost/127.0.0.1:57507]' for 'POST' to 'http://localhost:57507/session/7c067a9b44f3500cb4a9fa3b2d5052ca/element'
00:45:51.484 [Forwarding findElement on session 7c067a9b44f3500cb4a9fa3b2d5052ca to remote] DEBUG org.asynchttpclient.netty.request.NettyRequestSender - Using open Channel [id: 0x383161e0, L:/127.0.0.1:49497 - R:localhost/127.0.0.1:57507] for POST '/session/7c067a9b44f3500cb4a9fa3b2d5052ca/element'
00:45:51.489 [AsyncHttpClient-1-8] DEBUG org.asynchttpclient.netty.handler.HttpHandler - 

Request DefaultHttpRequest(decodeResult: success, version: HTTP/1.1)
POST /session/7c067a9b44f3500cb4a9fa3b2d5052ca/element HTTP/1.1
User-Agent: selenium/4.1.2 (java windows)
Content-Length: 71
Content-Type: application/json; charset=utf-8
host: localhost:57507
accept: */*

Response DefaultHttpResponse(decodeResult: success, version: HTTP/1.1)
HTTP/1.1 200 OK
Content-Type: application/json; charset=utf-8
cache-control: no-cache
content-length: 88

00:45:51.489 [AsyncHttpClient-1-8] DEBUG org.asynchttpclient.netty.channel.ChannelManager - Adding key: http://localhost:57507 for channel [id: 0x383161e0, L:/127.0.0.1:49497 - R:localhost/127.0.0.1:57507]
00:45:51.490 [Forwarding getElementTagName on session 7c067a9b44f3500cb4a9fa3b2d5052ca to remote] DEBUG org.asynchttpclient.netty.request.NettyRequestSender - Using pooled Channel '[id: 0x383161e0, L:/127.0.0.1:49497 - R:localhost/127.0.0.1:57507]' for 'GET' to 'http://localhost:57507/session/7c067a9b44f3500cb4a9fa3b2d5052ca/element/d058510a-34ae-4ab6-93c1-ed9674eec8c4/name'
00:45:51.490 [Forwarding getElementTagName on session 7c067a9b44f3500cb4a9fa3b2d5052ca to remote] DEBUG org.asynchttpclient.netty.request.NettyRequestSender - Using open Channel [id: 0x383161e0, L:/127.0.0.1:49497 - R:localhost/127.0.0.1:57507] for GET '/session/7c067a9b44f3500cb4a9fa3b2d5052ca/element/d058510a-34ae-4ab6-93c1-ed9674eec8c4/name'
00:45:51.492 [AsyncHttpClient-1-8] DEBUG org.asynchttpclient.netty.handler.HttpHandler - 

Request DefaultFullHttpRequest(decodeResult: success, version: HTTP/1.1, content: EmptyByteBufBE)
GET /session/7c067a9b44f3500cb4a9fa3b2d5052ca/element/d058510a-34ae-4ab6-93c1-ed9674eec8c4/name HTTP/1.1
User-Agent: selenium/4.1.2 (java windows)
Cache-Control: no-cache
Content-Type: application/json; charset=utf-8
host: localhost:57507
accept: */*

Response DefaultHttpResponse(decodeResult: success, version: HTTP/1.1)
HTTP/1.1 200 OK
Content-Type: application/json; charset=utf-8
cache-control: no-cache
content-length: 18

00:45:51.492 [AsyncHttpClient-1-8] DEBUG org.asynchttpclient.netty.channel.ChannelManager - Adding key: http://localhost:57507 for channel [id: 0x383161e0, L:/127.0.0.1:49497 - R:localhost/127.0.0.1:57507]
00:45:51.492 [Forwarding getElementTagName on session 7c067a9b44f3500cb4a9fa3b2d5052ca to remote] DEBUG org.asynchttpclient.netty.request.NettyRequestSender - Using pooled Channel '[id: 0x383161e0, L:/127.0.0.1:49497 - R:localhost/127.0.0.1:57507]' for 'GET' to 'http://localhost:57507/session/7c067a9b44f3500cb4a9fa3b2d5052ca/element/d058510a-34ae-4ab6-93c1-ed9674eec8c4/name'
00:45:51.492 [Forwarding getElementTagName on session 7c067a9b44f3500cb4a9fa3b2d5052ca to remote] DEBUG org.asynchttpclient.netty.request.NettyRequestSender - Using open Channel [id: 0x383161e0, L:/127.0.0.1:49497 - R:localhost/127.0.0.1:57507] for GET '/session/7c067a9b44f3500cb4a9fa3b2d5052ca/element/d058510a-34ae-4ab6-93c1-ed9674eec8c4/name'
00:45:51.494 [AsyncHttpClient-1-8] DEBUG org.asynchttpclient.netty.handler.HttpHandler - 

Request DefaultFullHttpRequest(decodeResult: success, version: HTTP/1.1, content: EmptyByteBufBE)
GET /session/7c067a9b44f3500cb4a9fa3b2d5052ca/element/d058510a-34ae-4ab6-93c1-ed9674eec8c4/name HTTP/1.1
User-Agent: selenium/4.1.2 (java windows)
Cache-Control: no-cache
Content-Type: application/json; charset=utf-8
host: localhost:57507
accept: */*

Response DefaultHttpResponse(decodeResult: success, version: HTTP/1.1)
HTTP/1.1 200 OK
Content-Type: application/json; charset=utf-8
cache-control: no-cache
content-length: 18

00:45:51.494 [AsyncHttpClient-1-8] DEBUG org.asynchttpclient.netty.channel.ChannelManager - Adding key: http://localhost:57507 for channel [id: 0x383161e0, L:/127.0.0.1:49497 - R:localhost/127.0.0.1:57507]
00:45:51.495 [Forwarding isElementEnabled on session 7c067a9b44f3500cb4a9fa3b2d5052ca to remote] DEBUG org.asynchttpclient.netty.request.NettyRequestSender - Using pooled Channel '[id: 0x383161e0, L:/127.0.0.1:49497 - R:localhost/127.0.0.1:57507]' for 'GET' to 'http://localhost:57507/session/7c067a9b44f3500cb4a9fa3b2d5052ca/element/d058510a-34ae-4ab6-93c1-ed9674eec8c4/enabled'
00:45:51.495 [Forwarding isElementEnabled on session 7c067a9b44f3500cb4a9fa3b2d5052ca to remote] DEBUG org.asynchttpclient.netty.request.NettyRequestSender - Using open Channel [id: 0x383161e0, L:/127.0.0.1:49497 - R:localhost/127.0.0.1:57507] for GET '/session/7c067a9b44f3500cb4a9fa3b2d5052ca/element/d058510a-34ae-4ab6-93c1-ed9674eec8c4/enabled'
00:45:51.499 [AsyncHttpClient-1-8] DEBUG org.asynchttpclient.netty.handler.HttpHandler - 

Request DefaultFullHttpRequest(decodeResult: success, version: HTTP/1.1, content: EmptyByteBufBE)
GET /session/7c067a9b44f3500cb4a9fa3b2d5052ca/element/d058510a-34ae-4ab6-93c1-ed9674eec8c4/enabled HTTP/1.1
User-Agent: selenium/4.1.2 (java windows)
Cache-Control: no-cache
Content-Type: application/json; charset=utf-8
host: localhost:57507
accept: */*

Response DefaultHttpResponse(decodeResult: success, version: HTTP/1.1)
HTTP/1.1 200 OK
Content-Type: application/json; charset=utf-8
cache-control: no-cache
content-length: 14

00:45:51.499 [AsyncHttpClient-1-8] DEBUG org.asynchttpclient.netty.channel.ChannelManager - Adding key: http://localhost:57507 for channel [id: 0x383161e0, L:/127.0.0.1:49497 - R:localhost/127.0.0.1:57507]
00:45:51.500 [Forwarding isElementEnabled on session 7c067a9b44f3500cb4a9fa3b2d5052ca to remote] DEBUG org.asynchttpclient.netty.request.NettyRequestSender - Using pooled Channel '[id: 0x383161e0, L:/127.0.0.1:49497 - R:localhost/127.0.0.1:57507]' for 'GET' to 'http://localhost:57507/session/7c067a9b44f3500cb4a9fa3b2d5052ca/element/d058510a-34ae-4ab6-93c1-ed9674eec8c4/enabled'
00:45:51.500 [Forwarding isElementEnabled on session 7c067a9b44f3500cb4a9fa3b2d5052ca to remote] DEBUG org.asynchttpclient.netty.request.NettyRequestSender - Using open Channel [id: 0x383161e0, L:/127.0.0.1:49497 - R:localhost/127.0.0.1:57507] for GET '/session/7c067a9b44f3500cb4a9fa3b2d5052ca/element/d058510a-34ae-4ab6-93c1-ed9674eec8c4/enabled'
00:45:51.502 [AsyncHttpClient-1-8] DEBUG org.asynchttpclient.netty.handler.HttpHandler - 

Request DefaultFullHttpRequest(decodeResult: success, version: HTTP/1.1, content: EmptyByteBufBE)
GET /session/7c067a9b44f3500cb4a9fa3b2d5052ca/element/d058510a-34ae-4ab6-93c1-ed9674eec8c4/enabled HTTP/1.1
User-Agent: selenium/4.1.2 (java windows)
Cache-Control: no-cache
Content-Type: application/json; charset=utf-8
host: localhost:57507
accept: */*

Response DefaultHttpResponse(decodeResult: success, version: HTTP/1.1)
HTTP/1.1 200 OK
Content-Type: application/json; charset=utf-8
cache-control: no-cache
content-length: 14

00:45:51.503 [AsyncHttpClient-1-8] DEBUG org.asynchttpclient.netty.channel.ChannelManager - Adding key: http://localhost:57507 for channel [id: 0x383161e0, L:/127.0.0.1:49497 - R:localhost/127.0.0.1:57507]
00:45:51.504 [Forwarding findElement on session 7c067a9b44f3500cb4a9fa3b2d5052ca to remote] DEBUG org.asynchttpclient.netty.request.NettyRequestSender - Using pooled Channel '[id: 0x383161e0, L:/127.0.0.1:49497 - R:localhost/127.0.0.1:57507]' for 'POST' to 'http://localhost:57507/session/7c067a9b44f3500cb4a9fa3b2d5052ca/element'
00:45:51.504 [Forwarding findElement on session 7c067a9b44f3500cb4a9fa3b2d5052ca to remote] DEBUG org.asynchttpclient.netty.request.NettyRequestSender - Using open Channel [id: 0x383161e0, L:/127.0.0.1:49497 - R:localhost/127.0.0.1:57507] for POST '/session/7c067a9b44f3500cb4a9fa3b2d5052ca/element'
00:45:51.508 [AsyncHttpClient-1-8] DEBUG org.asynchttpclient.netty.handler.HttpHandler - 

Request DefaultHttpRequest(decodeResult: success, version: HTTP/1.1)
POST /session/7c067a9b44f3500cb4a9fa3b2d5052ca/element HTTP/1.1
User-Agent: selenium/4.1.2 (java windows)
Content-Length: 71
Content-Type: application/json; charset=utf-8
host: localhost:57507
accept: */*

Response DefaultHttpResponse(decodeResult: success, version: HTTP/1.1)
HTTP/1.1 200 OK
Content-Type: application/json; charset=utf-8
cache-control: no-cache
content-length: 88

00:45:51.509 [AsyncHttpClient-1-8] DEBUG org.asynchttpclient.netty.channel.ChannelManager - Adding key: http://localhost:57507 for channel [id: 0x383161e0, L:/127.0.0.1:49497 - R:localhost/127.0.0.1:57507]
00:45:51.509 [Forwarding clickElement on session 7c067a9b44f3500cb4a9fa3b2d5052ca to remote] DEBUG org.asynchttpclient.netty.request.NettyRequestSender - Using pooled Channel '[id: 0x383161e0, L:/127.0.0.1:49497 - R:localhost/127.0.0.1:57507]' for 'POST' to 'http://localhost:57507/session/7c067a9b44f3500cb4a9fa3b2d5052ca/element/d058510a-34ae-4ab6-93c1-ed9674eec8c4/click'
00:45:51.509 [Forwarding clickElement on session 7c067a9b44f3500cb4a9fa3b2d5052ca to remote] DEBUG org.asynchttpclient.netty.request.NettyRequestSender - Using open Channel [id: 0x383161e0, L:/127.0.0.1:49497 - R:localhost/127.0.0.1:57507] for POST '/session/7c067a9b44f3500cb4a9fa3b2d5052ca/element/d058510a-34ae-4ab6-93c1-ed9674eec8c4/click'
00:45:51.533 [AsyncHttpClient-1-8] DEBUG org.asynchttpclient.netty.handler.HttpHandler - 

Request DefaultHttpRequest(decodeResult: success, version: HTTP/1.1)
POST /session/7c067a9b44f3500cb4a9fa3b2d5052ca/element/d058510a-34ae-4ab6-93c1-ed9674eec8c4/click HTTP/1.1
User-Agent: selenium/4.1.2 (java windows)
Content-Length: 50
Content-Type: application/json; charset=utf-8
host: localhost:57507
accept: */*

Response DefaultHttpResponse(decodeResult: success, version: HTTP/1.1)
HTTP/1.1 200 OK
Content-Type: application/json; charset=utf-8
cache-control: no-cache
content-length: 14

00:45:51.533 [AsyncHttpClient-1-8] DEBUG org.asynchttpclient.netty.channel.ChannelManager - Adding key: http://localhost:57507 for channel [id: 0x383161e0, L:/127.0.0.1:49497 - R:localhost/127.0.0.1:57507]
00:45:51.538 [Forwarding screenshot on session 7c067a9b44f3500cb4a9fa3b2d5052ca to remote] DEBUG org.asynchttpclient.netty.request.NettyRequestSender - Using pooled Channel '[id: 0x383161e0, L:/127.0.0.1:49497 - R:localhost/127.0.0.1:57507]' for 'GET' to 'http://localhost:57507/session/7c067a9b44f3500cb4a9fa3b2d5052ca/screenshot'
00:45:51.538 [Forwarding screenshot on session 7c067a9b44f3500cb4a9fa3b2d5052ca to remote] DEBUG org.asynchttpclient.netty.request.NettyRequestSender - Using open Channel [id: 0x383161e0, L:/127.0.0.1:49497 - R:localhost/127.0.0.1:57507] for GET '/session/7c067a9b44f3500cb4a9fa3b2d5052ca/screenshot'
00:45:51.587 [AsyncHttpClient-1-1] DEBUG org.asynchttpclient.netty.channel.DefaultChannelPool - Entry count for : http://localhost:49498 : 1
00:45:51.760 [AsyncHttpClient-1-8] DEBUG org.asynchttpclient.netty.handler.HttpHandler - 

Request DefaultFullHttpRequest(decodeResult: success, version: HTTP/1.1, content: EmptyByteBufBE)
GET /session/7c067a9b44f3500cb4a9fa3b2d5052ca/screenshot HTTP/1.1
User-Agent: selenium/4.1.2 (java windows)
Cache-Control: no-cache
Content-Type: application/json; charset=utf-8
host: localhost:57507
accept: */*

Response DefaultHttpResponse(decodeResult: success, version: HTTP/1.1)
HTTP/1.1 200 OK
Content-Type: application/json; charset=utf-8
cache-control: no-cache
content-length: 575004

00:45:51.761 [AsyncHttpClient-1-8] DEBUG org.asynchttpclient.netty.channel.ChannelManager - Adding key: http://localhost:57507 for channel [id: 0x383161e0, L:/127.0.0.1:49497 - R:localhost/127.0.0.1:57507]
00:45:51.771 [main] DEBUG net.serenitybdd.core.photography.Darkroom - Send negative for processing for target\site\serenity\bdfb3257a55b5f729af578dfc1dc3a5762c89839bea5dc19984e34dd6640fee1.png
00:45:51.771 [main] DEBUG net.thucydides.core.steps.StepInterceptor - STEP DONE: clickloginButton
  &amp#27;[32mAnd &amp#27;[0m&amp#27;[32mclick login button&amp#27;[0m                &amp#27;[90m# starter.definitions.LoginSteps.clickLoginButton()&amp#27;[0m
00:45:51.781 [main] DEBUG net.thucydides.core.steps.StepInterceptor - STARTING STEP: LoginSteps.clickSucsessLogin - sucseslogin
00:45:51.783 [Forwarding findElement on session 7c067a9b44f3500cb4a9fa3b2d5052ca to remote] DEBUG org.asynchttpclient.netty.request.NettyRequestSender - Using pooled Channel '[id: 0x383161e0, L:/127.0.0.1:49497 - R:localhost/127.0.0.1:57507]' for 'POST' to 'http://localhost:57507/session/7c067a9b44f3500cb4a9fa3b2d5052ca/element'
00:45:51.784 [Forwarding findElement on session 7c067a9b44f3500cb4a9fa3b2d5052ca to remote] DEBUG org.asynchttpclient.netty.request.NettyRequestSender - Using open Channel [id: 0x383161e0, L:/127.0.0.1:49497 - R:localhost/127.0.0.1:57507] for POST '/session/7c067a9b44f3500cb4a9fa3b2d5052ca/element'
00:45:52.050 [AsyncHttpClient-1-8] DEBUG org.asynchttpclient.netty.handler.HttpHandler - 

Request DefaultHttpRequest(decodeResult: success, version: HTTP/1.1)
POST /session/7c067a9b44f3500cb4a9fa3b2d5052ca/element HTTP/1.1
User-Agent: selenium/4.1.2 (java windows)
Content-Length: 79
Content-Type: application/json; charset=utf-8
host: localhost:57507
accept: */*

Response DefaultHttpResponse(decodeResult: success, version: HTTP/1.1)
HTTP/1.1 200 OK
Content-Type: application/json; charset=utf-8
cache-control: no-cache
content-length: 88

00:45:52.050 [AsyncHttpClient-1-8] DEBUG org.asynchttpclient.netty.channel.ChannelManager - Adding key: http://localhost:57507 for channel [id: 0x383161e0, L:/127.0.0.1:49497 - R:localhost/127.0.0.1:57507]
00:45:52.051 [Forwarding getElementTagName on session 7c067a9b44f3500cb4a9fa3b2d5052ca to remote] DEBUG org.asynchttpclient.netty.request.NettyRequestSender - Using pooled Channel '[id: 0x383161e0, L:/127.0.0.1:49497 - R:localhost/127.0.0.1:57507]' for 'GET' to 'http://localhost:57507/session/7c067a9b44f3500cb4a9fa3b2d5052ca/element/049244f7-b187-4a08-8a52-17a1599343e2/name'
00:45:52.051 [Forwarding getElementTagName on session 7c067a9b44f3500cb4a9fa3b2d5052ca to remote] DEBUG org.asynchttpclient.netty.request.NettyRequestSender - Using open Channel [id: 0x383161e0, L:/127.0.0.1:49497 - R:localhost/127.0.0.1:57507] for GET '/session/7c067a9b44f3500cb4a9fa3b2d5052ca/element/049244f7-b187-4a08-8a52-17a1599343e2/name'
00:45:52.056 [AsyncHttpClient-1-8] DEBUG org.asynchttpclient.netty.handler.HttpHandler - 

Request DefaultFullHttpRequest(decodeResult: success, version: HTTP/1.1, content: EmptyByteBufBE)
GET /session/7c067a9b44f3500cb4a9fa3b2d5052ca/element/049244f7-b187-4a08-8a52-17a1599343e2/name HTTP/1.1
User-Agent: selenium/4.1.2 (java windows)
Cache-Control: no-cache
Content-Type: application/json; charset=utf-8
host: localhost:57507
accept: */*

Response DefaultHttpResponse(decodeResult: success, version: HTTP/1.1)
HTTP/1.1 200 OK
Content-Type: application/json; charset=utf-8
cache-control: no-cache
content-length: 18

00:45:52.056 [AsyncHttpClient-1-8] DEBUG org.asynchttpclient.netty.channel.ChannelManager - Adding key: http://localhost:57507 for channel [id: 0x383161e0, L:/127.0.0.1:49497 - R:localhost/127.0.0.1:57507]
00:45:52.057 [Forwarding getElementTagName on session 7c067a9b44f3500cb4a9fa3b2d5052ca to remote] DEBUG org.asynchttpclient.netty.request.NettyRequestSender - Using pooled Channel '[id: 0x383161e0, L:/127.0.0.1:49497 - R:localhost/127.0.0.1:57507]' for 'GET' to 'http://localhost:57507/session/7c067a9b44f3500cb4a9fa3b2d5052ca/element/049244f7-b187-4a08-8a52-17a1599343e2/name'
00:45:52.057 [Forwarding getElementTagName on session 7c067a9b44f3500cb4a9fa3b2d5052ca to remote] DEBUG org.asynchttpclient.netty.request.NettyRequestSender - Using open Channel [id: 0x383161e0, L:/127.0.0.1:49497 - R:localhost/127.0.0.1:57507] for GET '/session/7c067a9b44f3500cb4a9fa3b2d5052ca/element/049244f7-b187-4a08-8a52-17a1599343e2/name'
00:45:52.059 [AsyncHttpClient-1-8] DEBUG org.asynchttpclient.netty.handler.HttpHandler - 

Request DefaultFullHttpRequest(decodeResult: success, version: HTTP/1.1, content: EmptyByteBufBE)
GET /session/7c067a9b44f3500cb4a9fa3b2d5052ca/element/049244f7-b187-4a08-8a52-17a1599343e2/name HTTP/1.1
User-Agent: selenium/4.1.2 (java windows)
Cache-Control: no-cache
Content-Type: application/json; charset=utf-8
host: localhost:57507
accept: */*

Response DefaultHttpResponse(decodeResult: success, version: HTTP/1.1)
HTTP/1.1 200 OK
Content-Type: application/json; charset=utf-8
cache-control: no-cache
content-length: 18

00:45:52.059 [AsyncHttpClient-1-8] DEBUG org.asynchttpclient.netty.channel.ChannelManager - Adding key: http://localhost:57507 for channel [id: 0x383161e0, L:/127.0.0.1:49497 - R:localhost/127.0.0.1:57507]
00:45:52.060 [Forwarding isElementEnabled on session 7c067a9b44f3500cb4a9fa3b2d5052ca to remote] DEBUG org.asynchttpclient.netty.request.NettyRequestSender - Using pooled Channel '[id: 0x383161e0, L:/127.0.0.1:49497 - R:localhost/127.0.0.1:57507]' for 'GET' to 'http://localhost:57507/session/7c067a9b44f3500cb4a9fa3b2d5052ca/element/049244f7-b187-4a08-8a52-17a1599343e2/enabled'
00:45:52.060 [Forwarding isElementEnabled on session 7c067a9b44f3500cb4a9fa3b2d5052ca to remote] DEBUG org.asynchttpclient.netty.request.NettyRequestSender - Using open Channel [id: 0x383161e0, L:/127.0.0.1:49497 - R:localhost/127.0.0.1:57507] for GET '/session/7c067a9b44f3500cb4a9fa3b2d5052ca/element/049244f7-b187-4a08-8a52-17a1599343e2/enabled'
00:45:52.065 [AsyncHttpClient-1-8] DEBUG org.asynchttpclient.netty.handler.HttpHandler - 

Request DefaultFullHttpRequest(decodeResult: success, version: HTTP/1.1, content: EmptyByteBufBE)
GET /session/7c067a9b44f3500cb4a9fa3b2d5052ca/element/049244f7-b187-4a08-8a52-17a1599343e2/enabled HTTP/1.1
User-Agent: selenium/4.1.2 (java windows)
Cache-Control: no-cache
Content-Type: application/json; charset=utf-8
host: localhost:57507
accept: */*

Response DefaultHttpResponse(decodeResult: success, version: HTTP/1.1)
HTTP/1.1 200 OK
Content-Type: application/json; charset=utf-8
cache-control: no-cache
content-length: 14

00:45:52.065 [AsyncHttpClient-1-8] DEBUG org.asynchttpclient.netty.channel.ChannelManager - Adding key: http://localhost:57507 for channel [id: 0x383161e0, L:/127.0.0.1:49497 - R:localhost/127.0.0.1:57507]
00:45:52.066 [Forwarding isElementEnabled on session 7c067a9b44f3500cb4a9fa3b2d5052ca to remote] DEBUG org.asynchttpclient.netty.request.NettyRequestSender - Using pooled Channel '[id: 0x383161e0, L:/127.0.0.1:49497 - R:localhost/127.0.0.1:57507]' for 'GET' to 'http://localhost:57507/session/7c067a9b44f3500cb4a9fa3b2d5052ca/element/049244f7-b187-4a08-8a52-17a1599343e2/enabled'
00:45:52.066 [Forwarding isElementEnabled on session 7c067a9b44f3500cb4a9fa3b2d5052ca to remote] DEBUG org.asynchttpclient.netty.request.NettyRequestSender - Using open Channel [id: 0x383161e0, L:/127.0.0.1:49497 - R:localhost/127.0.0.1:57507] for GET '/session/7c067a9b44f3500cb4a9fa3b2d5052ca/element/049244f7-b187-4a08-8a52-17a1599343e2/enabled'
00:45:52.068 [AsyncHttpClient-1-8] DEBUG org.asynchttpclient.netty.handler.HttpHandler - 

Request DefaultFullHttpRequest(decodeResult: success, version: HTTP/1.1, content: EmptyByteBufBE)
GET /session/7c067a9b44f3500cb4a9fa3b2d5052ca/element/049244f7-b187-4a08-8a52-17a1599343e2/enabled HTTP/1.1
User-Agent: selenium/4.1.2 (java windows)
Cache-Control: no-cache
Content-Type: application/json; charset=utf-8
host: localhost:57507
accept: */*

Response DefaultHttpResponse(decodeResult: success, version: HTTP/1.1)
HTTP/1.1 200 OK
Content-Type: application/json; charset=utf-8
cache-control: no-cache
content-length: 14

00:45:52.068 [AsyncHttpClient-1-8] DEBUG org.asynchttpclient.netty.channel.ChannelManager - Adding key: http://localhost:57507 for channel [id: 0x383161e0, L:/127.0.0.1:49497 - R:localhost/127.0.0.1:57507]
00:45:52.069 [Forwarding findElement on session 7c067a9b44f3500cb4a9fa3b2d5052ca to remote] DEBUG org.asynchttpclient.netty.request.NettyRequestSender - Using pooled Channel '[id: 0x383161e0, L:/127.0.0.1:49497 - R:localhost/127.0.0.1:57507]' for 'POST' to 'http://localhost:57507/session/7c067a9b44f3500cb4a9fa3b2d5052ca/element'
00:45:52.069 [Forwarding findElement on session 7c067a9b44f3500cb4a9fa3b2d5052ca to remote] DEBUG org.asynchttpclient.netty.request.NettyRequestSender - Using open Channel [id: 0x383161e0, L:/127.0.0.1:49497 - R:localhost/127.0.0.1:57507] for POST '/session/7c067a9b44f3500cb4a9fa3b2d5052ca/element'
00:45:52.074 [AsyncHttpClient-1-8] DEBUG org.asynchttpclient.netty.handler.HttpHandler - 

Request DefaultHttpRequest(decodeResult: success, version: HTTP/1.1)
POST /session/7c067a9b44f3500cb4a9fa3b2d5052ca/element HTTP/1.1
User-Agent: selenium/4.1.2 (java windows)
Content-Length: 79
Content-Type: application/json; charset=utf-8
host: localhost:57507
accept: */*

Response DefaultHttpResponse(decodeResult: success, version: HTTP/1.1)
HTTP/1.1 200 OK
Content-Type: application/json; charset=utf-8
cache-control: no-cache
content-length: 88

00:45:52.074 [AsyncHttpClient-1-8] DEBUG org.asynchttpclient.netty.channel.ChannelManager - Adding key: http://localhost:57507 for channel [id: 0x383161e0, L:/127.0.0.1:49497 - R:localhost/127.0.0.1:57507]
00:45:52.075 [Forwarding clickElement on session 7c067a9b44f3500cb4a9fa3b2d5052ca to remote] DEBUG org.asynchttpclient.netty.request.NettyRequestSender - Using pooled Channel '[id: 0x383161e0, L:/127.0.0.1:49497 - R:localhost/127.0.0.1:57507]' for 'POST' to 'http://localhost:57507/session/7c067a9b44f3500cb4a9fa3b2d5052ca/element/049244f7-b187-4a08-8a52-17a1599343e2/click'
00:45:52.075 [Forwarding clickElement on session 7c067a9b44f3500cb4a9fa3b2d5052ca to remote] DEBUG org.asynchttpclient.netty.request.NettyRequestSender - Using open Channel [id: 0x383161e0, L:/127.0.0.1:49497 - R:localhost/127.0.0.1:57507] for POST '/session/7c067a9b44f3500cb4a9fa3b2d5052ca/element/049244f7-b187-4a08-8a52-17a1599343e2/click'
00:45:52.093 [AsyncHttpClient-1-8] DEBUG org.asynchttpclient.netty.handler.HttpHandler - 

Request DefaultHttpRequest(decodeResult: success, version: HTTP/1.1)
POST /session/7c067a9b44f3500cb4a9fa3b2d5052ca/element/049244f7-b187-4a08-8a52-17a1599343e2/click HTTP/1.1
User-Agent: selenium/4.1.2 (java windows)
Content-Length: 50
Content-Type: application/json; charset=utf-8
host: localhost:57507
accept: */*

Response DefaultHttpResponse(decodeResult: success, version: HTTP/1.1)
HTTP/1.1 200 OK
Content-Type: application/json; charset=utf-8
cache-control: no-cache
content-length: 14

00:45:52.093 [AsyncHttpClient-1-8] DEBUG org.asynchttpclient.netty.channel.ChannelManager - Adding key: http://localhost:57507 for channel [id: 0x383161e0, L:/127.0.0.1:49497 - R:localhost/127.0.0.1:57507]
00:45:52.096 [Forwarding screenshot on session 7c067a9b44f3500cb4a9fa3b2d5052ca to remote] DEBUG org.asynchttpclient.netty.request.NettyRequestSender - Using pooled Channel '[id: 0x383161e0, L:/127.0.0.1:49497 - R:localhost/127.0.0.1:57507]' for 'GET' to 'http://localhost:57507/session/7c067a9b44f3500cb4a9fa3b2d5052ca/screenshot'
00:45:52.096 [Forwarding screenshot on session 7c067a9b44f3500cb4a9fa3b2d5052ca to remote] DEBUG org.asynchttpclient.netty.request.NettyRequestSender - Using open Channel [id: 0x383161e0, L:/127.0.0.1:49497 - R:localhost/127.0.0.1:57507] for GET '/session/7c067a9b44f3500cb4a9fa3b2d5052ca/screenshot'
00:45:52.296 [AsyncHttpClient-1-8] DEBUG org.asynchttpclient.netty.handler.HttpHandler - 

Request DefaultFullHttpRequest(decodeResult: success, version: HTTP/1.1, content: EmptyByteBufBE)
GET /session/7c067a9b44f3500cb4a9fa3b2d5052ca/screenshot HTTP/1.1
User-Agent: selenium/4.1.2 (java windows)
Cache-Control: no-cache
Content-Type: application/json; charset=utf-8
host: localhost:57507
accept: */*

Response DefaultHttpResponse(decodeResult: success, version: HTTP/1.1)
HTTP/1.1 200 OK
Content-Type: application/json; charset=utf-8
cache-control: no-cache
content-length: 100372

00:45:52.296 [AsyncHttpClient-1-8] DEBUG org.asynchttpclient.netty.channel.ChannelManager - Adding key: http://localhost:57507 for channel [id: 0x383161e0, L:/127.0.0.1:49497 - R:localhost/127.0.0.1:57507]
00:45:52.298 [main] DEBUG net.serenitybdd.core.photography.Darkroom - Send negative for processing for target\site\serenity\cc4d6a234c264cbce77defaa959168fe8411cb59d44513f62920041b448c9cc0.png
00:45:52.298 [main] DEBUG net.thucydides.core.steps.StepInterceptor - STEP DONE: sucseslogin
  &amp#27;[32mAnd &amp#27;[0m&amp#27;[32mclick sucsess login&amp#27;[0m               &amp#27;[90m# starter.definitions.LoginSteps.clickSucsessLogin()&amp#27;[0m
00:45:52.298 [Darkroom Processing Line] DEBUG net.serenitybdd.core.photography.DarkroomProcessingLine - Processing screenshot image in /var/screenshots/screenshot-7506143250393427813
00:45:52.298 [Darkroom Processing Line] DEBUG net.serenitybdd.core.photography.DarkroomProcessingLine - Saving screenshot to target\site\serenity\cc4d6a234c264cbce77defaa959168fe8411cb59d44513f62920041b448c9cc0.png
00:45:52.312 [main] DEBUG net.thucydides.core.steps.StepInterceptor - STARTING STEP: BookingSteps.adminOnTheBookingPage - bookingpage
00:45:52.314 [Forwarding findElement on session 7c067a9b44f3500cb4a9fa3b2d5052ca to remote] DEBUG org.asynchttpclient.netty.request.NettyRequestSender - Using pooled Channel '[id: 0x383161e0, L:/127.0.0.1:49497 - R:localhost/127.0.0.1:57507]' for 'POST' to 'http://localhost:57507/session/7c067a9b44f3500cb4a9fa3b2d5052ca/element'
00:45:52.314 [Forwarding findElement on session 7c067a9b44f3500cb4a9fa3b2d5052ca to remote] DEBUG org.asynchttpclient.netty.request.NettyRequestSender - Using open Channel [id: 0x383161e0, L:/127.0.0.1:49497 - R:localhost/127.0.0.1:57507] for POST '/session/7c067a9b44f3500cb4a9fa3b2d5052ca/element'
00:45:52.685 [AsyncHttpClient-1-1] DEBUG org.asynchttpclient.netty.channel.DefaultChannelPool - Entry count for : http://localhost:49498 : 1
00:45:53.581 [AsyncHttpClient-1-8] DEBUG org.asynchttpclient.netty.handler.HttpHandler - 

Request DefaultHttpRequest(decodeResult: success, version: HTTP/1.1)
POST /session/7c067a9b44f3500cb4a9fa3b2d5052ca/element HTTP/1.1
User-Agent: selenium/4.1.2 (java windows)
Content-Length: 119
Content-Type: application/json; charset=utf-8
host: localhost:57507
accept: */*

Response DefaultHttpResponse(decodeResult: success, version: HTTP/1.1)
HTTP/1.1 200 OK
Content-Type: application/json; charset=utf-8
cache-control: no-cache
content-length: 88

00:45:53.581 [AsyncHttpClient-1-8] DEBUG org.asynchttpclient.netty.channel.ChannelManager - Adding key: http://localhost:57507 for channel [id: 0x383161e0, L:/127.0.0.1:49497 - R:localhost/127.0.0.1:57507]
00:45:53.582 [Forwarding getElementTagName on session 7c067a9b44f3500cb4a9fa3b2d5052ca to remote] DEBUG org.asynchttpclient.netty.request.NettyRequestSender - Using pooled Channel '[id: 0x383161e0, L:/127.0.0.1:49497 - R:localhost/127.0.0.1:57507]' for 'GET' to 'http://localhost:57507/session/7c067a9b44f3500cb4a9fa3b2d5052ca/element/709cf732-d506-4bb0-9c1e-88bcc8057821/name'
00:45:53.582 [Forwarding getElementTagName on session 7c067a9b44f3500cb4a9fa3b2d5052ca to remote] DEBUG org.asynchttpclient.netty.request.NettyRequestSender - Using open Channel [id: 0x383161e0, L:/127.0.0.1:49497 - R:localhost/127.0.0.1:57507] for GET '/session/7c067a9b44f3500cb4a9fa3b2d5052ca/element/709cf732-d506-4bb0-9c1e-88bcc8057821/name'
00:45:53.585 [AsyncHttpClient-1-8] DEBUG org.asynchttpclient.netty.handler.HttpHandler - 

Request DefaultFullHttpRequest(decodeResult: success, version: HTTP/1.1, content: EmptyByteBufBE)
GET /session/7c067a9b44f3500cb4a9fa3b2d5052ca/element/709cf732-d506-4bb0-9c1e-88bcc8057821/name HTTP/1.1
User-Agent: selenium/4.1.2 (java windows)
Cache-Control: no-cache
Content-Type: application/json; charset=utf-8
host: localhost:57507
accept: */*

Response DefaultHttpResponse(decodeResult: success, version: HTTP/1.1)
HTTP/1.1 200 OK
Content-Type: application/json; charset=utf-8
cache-control: no-cache
content-length: 15

00:45:53.585 [AsyncHttpClient-1-8] DEBUG org.asynchttpclient.netty.channel.ChannelManager - Adding key: http://localhost:57507 for channel [id: 0x383161e0, L:/127.0.0.1:49497 - R:localhost/127.0.0.1:57507]
00:45:53.586 [Forwarding getElementTagName on session 7c067a9b44f3500cb4a9fa3b2d5052ca to remote] DEBUG org.asynchttpclient.netty.request.NettyRequestSender - Using pooled Channel '[id: 0x383161e0, L:/127.0.0.1:49497 - R:localhost/127.0.0.1:57507]' for 'GET' to 'http://localhost:57507/session/7c067a9b44f3500cb4a9fa3b2d5052ca/element/709cf732-d506-4bb0-9c1e-88bcc8057821/name'
00:45:53.586 [Forwarding getElementTagName on session 7c067a9b44f3500cb4a9fa3b2d5052ca to remote] DEBUG org.asynchttpclient.netty.request.NettyRequestSender - Using open Channel [id: 0x383161e0, L:/127.0.0.1:49497 - R:localhost/127.0.0.1:57507] for GET '/session/7c067a9b44f3500cb4a9fa3b2d5052ca/element/709cf732-d506-4bb0-9c1e-88bcc8057821/name'
00:45:53.588 [AsyncHttpClient-1-8] DEBUG org.asynchttpclient.netty.handler.HttpHandler - 

Request DefaultFullHttpRequest(decodeResult: success, version: HTTP/1.1, content: EmptyByteBufBE)
GET /session/7c067a9b44f3500cb4a9fa3b2d5052ca/element/709cf732-d506-4bb0-9c1e-88bcc8057821/name HTTP/1.1
User-Agent: selenium/4.1.2 (java windows)
Cache-Control: no-cache
Content-Type: application/json; charset=utf-8
host: localhost:57507
accept: */*

Response DefaultHttpResponse(decodeResult: success, version: HTTP/1.1)
HTTP/1.1 200 OK
Content-Type: application/json; charset=utf-8
cache-control: no-cache
content-length: 15

00:45:53.588 [AsyncHttpClient-1-8] DEBUG org.asynchttpclient.netty.channel.ChannelManager - Adding key: http://localhost:57507 for channel [id: 0x383161e0, L:/127.0.0.1:49497 - R:localhost/127.0.0.1:57507]
00:45:53.589 [Forwarding findElement on session 7c067a9b44f3500cb4a9fa3b2d5052ca to remote] DEBUG org.asynchttpclient.netty.request.NettyRequestSender - Using pooled Channel '[id: 0x383161e0, L:/127.0.0.1:49497 - R:localhost/127.0.0.1:57507]' for 'POST' to 'http://localhost:57507/session/7c067a9b44f3500cb4a9fa3b2d5052ca/element'
00:45:53.589 [Forwarding findElement on session 7c067a9b44f3500cb4a9fa3b2d5052ca to remote] DEBUG org.asynchttpclient.netty.request.NettyRequestSender - Using open Channel [id: 0x383161e0, L:/127.0.0.1:49497 - R:localhost/127.0.0.1:57507] for POST '/session/7c067a9b44f3500cb4a9fa3b2d5052ca/element'
00:45:53.594 [AsyncHttpClient-1-8] DEBUG org.asynchttpclient.netty.handler.HttpHandler - 

Request DefaultHttpRequest(decodeResult: success, version: HTTP/1.1)
POST /session/7c067a9b44f3500cb4a9fa3b2d5052ca/element HTTP/1.1
User-Agent: selenium/4.1.2 (java windows)
Content-Length: 119
Content-Type: application/json; charset=utf-8
host: localhost:57507
accept: */*

Response DefaultHttpResponse(decodeResult: success, version: HTTP/1.1)
HTTP/1.1 200 OK
Content-Type: application/json; charset=utf-8
cache-control: no-cache
content-length: 88

00:45:53.594 [AsyncHttpClient-1-8] DEBUG org.asynchttpclient.netty.channel.ChannelManager - Adding key: http://localhost:57507 for channel [id: 0x383161e0, L:/127.0.0.1:49497 - R:localhost/127.0.0.1:57507]
00:45:53.595 [Forwarding clickElement on session 7c067a9b44f3500cb4a9fa3b2d5052ca to remote] DEBUG org.asynchttpclient.netty.request.NettyRequestSender - Using pooled Channel '[id: 0x383161e0, L:/127.0.0.1:49497 - R:localhost/127.0.0.1:57507]' for 'POST' to 'http://localhost:57507/session/7c067a9b44f3500cb4a9fa3b2d5052ca/element/709cf732-d506-4bb0-9c1e-88bcc8057821/click'
00:45:53.595 [Forwarding clickElement on session 7c067a9b44f3500cb4a9fa3b2d5052ca to remote] DEBUG org.asynchttpclient.netty.request.NettyRequestSender - Using open Channel [id: 0x383161e0, L:/127.0.0.1:49497 - R:localhost/127.0.0.1:57507] for POST '/session/7c067a9b44f3500cb4a9fa3b2d5052ca/element/709cf732-d506-4bb0-9c1e-88bcc8057821/click'
00:45:53.641 [AsyncHttpClient-1-8] DEBUG org.asynchttpclient.netty.handler.HttpHandler - 

Request DefaultHttpRequest(decodeResult: success, version: HTTP/1.1)
POST /session/7c067a9b44f3500cb4a9fa3b2d5052ca/element/709cf732-d506-4bb0-9c1e-88bcc8057821/click HTTP/1.1
User-Agent: selenium/4.1.2 (java windows)
Content-Length: 50
Content-Type: application/json; charset=utf-8
host: localhost:57507
accept: */*

Response DefaultHttpResponse(decodeResult: success, version: HTTP/1.1)
HTTP/1.1 200 OK
Content-Type: application/json; charset=utf-8
cache-control: no-cache
content-length: 14

00:45:53.641 [AsyncHttpClient-1-8] DEBUG org.asynchttpclient.netty.channel.ChannelManager - Adding key: http://localhost:57507 for channel [id: 0x383161e0, L:/127.0.0.1:49497 - R:localhost/127.0.0.1:57507]
00:45:53.646 [Forwarding screenshot on session 7c067a9b44f3500cb4a9fa3b2d5052ca to remote] DEBUG org.asynchttpclient.netty.request.NettyRequestSender - Using pooled Channel '[id: 0x383161e0, L:/127.0.0.1:49497 - R:localhost/127.0.0.1:57507]' for 'GET' to 'http://localhost:57507/session/7c067a9b44f3500cb4a9fa3b2d5052ca/screenshot'
00:45:53.646 [Forwarding screenshot on session 7c067a9b44f3500cb4a9fa3b2d5052ca to remote] DEBUG org.asynchttpclient.netty.request.NettyRequestSender - Using open Channel [id: 0x383161e0, L:/127.0.0.1:49497 - R:localhost/127.0.0.1:57507] for GET '/session/7c067a9b44f3500cb4a9fa3b2d5052ca/screenshot'
00:45:53.755 [AsyncHttpClient-1-8] DEBUG org.asynchttpclient.netty.handler.HttpHandler - 

Request DefaultFullHttpRequest(decodeResult: success, version: HTTP/1.1, content: EmptyByteBufBE)
GET /session/7c067a9b44f3500cb4a9fa3b2d5052ca/screenshot HTTP/1.1
User-Agent: selenium/4.1.2 (java windows)
Cache-Control: no-cache
Content-Type: application/json; charset=utf-8
host: localhost:57507
accept: */*

Response DefaultHttpResponse(decodeResult: success, version: HTTP/1.1)
HTTP/1.1 200 OK
Content-Type: application/json; charset=utf-8
cache-control: no-cache
content-length: 80008

00:45:53.755 [AsyncHttpClient-1-8] DEBUG org.asynchttpclient.netty.channel.ChannelManager - Adding key: http://localhost:57507 for channel [id: 0x383161e0, L:/127.0.0.1:49497 - R:localhost/127.0.0.1:57507]
00:45:53.757 [main] DEBUG net.serenitybdd.core.photography.Darkroom - Send negative for processing for target\site\serenity\86ffa893ad1f28e2594e4517fb3c667a2e49a365c676cd73dc3a144a8da73aef.png
00:45:53.757 [main] DEBUG net.thucydides.core.steps.StepInterceptor - STEP DONE: bookingpage
  &amp#27;[32mGiven &amp#27;[0m&amp#27;[32madmin on the booking page&amp#27;[0m       &amp#27;[90m# starter.definitions.BookingSteps.adminOnTheBookingPage()&amp#27;[0m
00:45:53.765 [main] DEBUG net.thucydides.core.steps.StepInterceptor - STARTING STEP: BookingSteps.adminClickAddNewBooking - addnewbooking
00:45:53.767 [Forwarding findElement on session 7c067a9b44f3500cb4a9fa3b2d5052ca to remote] DEBUG org.asynchttpclient.netty.request.NettyRequestSender - Using pooled Channel '[id: 0x383161e0, L:/127.0.0.1:49497 - R:localhost/127.0.0.1:57507]' for 'POST' to 'http://localhost:57507/session/7c067a9b44f3500cb4a9fa3b2d5052ca/element'
00:45:53.767 [Forwarding findElement on session 7c067a9b44f3500cb4a9fa3b2d5052ca to remote] DEBUG org.asynchttpclient.netty.request.NettyRequestSender - Using open Channel [id: 0x383161e0, L:/127.0.0.1:49497 - R:localhost/127.0.0.1:57507] for POST '/session/7c067a9b44f3500cb4a9fa3b2d5052ca/element'
00:45:53.774 [AsyncHttpClient-1-8] DEBUG org.asynchttpclient.netty.handler.HttpHandler - 

Request DefaultHttpRequest(decodeResult: success, version: HTTP/1.1)
POST /session/7c067a9b44f3500cb4a9fa3b2d5052ca/element HTTP/1.1
User-Agent: selenium/4.1.2 (java windows)
Content-Length: 71
Content-Type: application/json; charset=utf-8
host: localhost:57507
accept: */*

Response DefaultHttpResponse(decodeResult: success, version: HTTP/1.1)
HTTP/1.1 200 OK
Content-Type: application/json; charset=utf-8
cache-control: no-cache
content-length: 88

00:45:53.774 [AsyncHttpClient-1-8] DEBUG org.asynchttpclient.netty.channel.ChannelManager - Adding key: http://localhost:57507 for channel [id: 0x383161e0, L:/127.0.0.1:49497 - R:localhost/127.0.0.1:57507]
00:45:53.775 [Forwarding getElementTagName on session 7c067a9b44f3500cb4a9fa3b2d5052ca to remote] DEBUG org.asynchttpclient.netty.request.NettyRequestSender - Using pooled Channel '[id: 0x383161e0, L:/127.0.0.1:49497 - R:localhost/127.0.0.1:57507]' for 'GET' to 'http://localhost:57507/session/7c067a9b44f3500cb4a9fa3b2d5052ca/element/d7db7561-bf7e-4ab8-b8ce-24b55cda2df8/name'
00:45:53.775 [Forwarding getElementTagName on session 7c067a9b44f3500cb4a9fa3b2d5052ca to remote] DEBUG org.asynchttpclient.netty.request.NettyRequestSender - Using open Channel [id: 0x383161e0, L:/127.0.0.1:49497 - R:localhost/127.0.0.1:57507] for GET '/session/7c067a9b44f3500cb4a9fa3b2d5052ca/element/d7db7561-bf7e-4ab8-b8ce-24b55cda2df8/name'
00:45:53.784 [AsyncHttpClient-1-8] DEBUG org.asynchttpclient.netty.handler.HttpHandler - 

Request DefaultFullHttpRequest(decodeResult: success, version: HTTP/1.1, content: EmptyByteBufBE)
GET /session/7c067a9b44f3500cb4a9fa3b2d5052ca/element/d7db7561-bf7e-4ab8-b8ce-24b55cda2df8/name HTTP/1.1
User-Agent: selenium/4.1.2 (java windows)
Cache-Control: no-cache
Content-Type: application/json; charset=utf-8
host: localhost:57507
accept: */*

Response DefaultHttpResponse(decodeResult: success, version: HTTP/1.1)
HTTP/1.1 200 OK
Content-Type: application/json; charset=utf-8
cache-control: no-cache
content-length: 18

00:45:53.785 [AsyncHttpClient-1-8] DEBUG org.asynchttpclient.netty.channel.ChannelManager - Adding key: http://localhost:57507 for channel [id: 0x383161e0, L:/127.0.0.1:49497 - R:localhost/127.0.0.1:57507]
00:45:53.786 [Forwarding getElementTagName on session 7c067a9b44f3500cb4a9fa3b2d5052ca to remote] DEBUG org.asynchttpclient.netty.request.NettyRequestSender - Using pooled Channel '[id: 0x383161e0, L:/127.0.0.1:49497 - R:localhost/127.0.0.1:57507]' for 'GET' to 'http://localhost:57507/session/7c067a9b44f3500cb4a9fa3b2d5052ca/element/d7db7561-bf7e-4ab8-b8ce-24b55cda2df8/name'
00:45:53.786 [AsyncHttpClient-1-1] DEBUG org.asynchttpclient.netty.channel.DefaultChannelPool - Entry count for : http://localhost:49498 : 1
00:45:53.786 [Forwarding getElementTagName on session 7c067a9b44f3500cb4a9fa3b2d5052ca to remote] DEBUG org.asynchttpclient.netty.request.NettyRequestSender - Using open Channel [id: 0x383161e0, L:/127.0.0.1:49497 - R:localhost/127.0.0.1:57507] for GET '/session/7c067a9b44f3500cb4a9fa3b2d5052ca/element/d7db7561-bf7e-4ab8-b8ce-24b55cda2df8/name'
00:45:53.787 [AsyncHttpClient-1-8] DEBUG org.asynchttpclient.netty.handler.HttpHandler - 

Request DefaultFullHttpRequest(decodeResult: success, version: HTTP/1.1, content: EmptyByteBufBE)
GET /session/7c067a9b44f3500cb4a9fa3b2d5052ca/element/d7db7561-bf7e-4ab8-b8ce-24b55cda2df8/name HTTP/1.1
User-Agent: selenium/4.1.2 (java windows)
Cache-Control: no-cache
Content-Type: application/json; charset=utf-8
host: localhost:57507
accept: */*

Response DefaultHttpResponse(decodeResult: success, version: HTTP/1.1)
HTTP/1.1 200 OK
Content-Type: application/json; charset=utf-8
cache-control: no-cache
content-length: 18

00:45:53.788 [AsyncHttpClient-1-8] DEBUG org.asynchttpclient.netty.channel.ChannelManager - Adding key: http://localhost:57507 for channel [id: 0x383161e0, L:/127.0.0.1:49497 - R:localhost/127.0.0.1:57507]
00:45:53.789 [Forwarding isElementEnabled on session 7c067a9b44f3500cb4a9fa3b2d5052ca to remote] DEBUG org.asynchttpclient.netty.request.NettyRequestSender - Using pooled Channel '[id: 0x383161e0, L:/127.0.0.1:49497 - R:localhost/127.0.0.1:57507]' for 'GET' to 'http://localhost:57507/session/7c067a9b44f3500cb4a9fa3b2d5052ca/element/d7db7561-bf7e-4ab8-b8ce-24b55cda2df8/enabled'
00:45:53.789 [Forwarding isElementEnabled on session 7c067a9b44f3500cb4a9fa3b2d5052ca to remote] DEBUG org.asynchttpclient.netty.request.NettyRequestSender - Using open Channel [id: 0x383161e0, L:/127.0.0.1:49497 - R:localhost/127.0.0.1:57507] for GET '/session/7c067a9b44f3500cb4a9fa3b2d5052ca/element/d7db7561-bf7e-4ab8-b8ce-24b55cda2df8/enabled'
00:45:53.794 [AsyncHttpClient-1-8] DEBUG org.asynchttpclient.netty.handler.HttpHandler - 

Request DefaultFullHttpRequest(decodeResult: success, version: HTTP/1.1, content: EmptyByteBufBE)
GET /session/7c067a9b44f3500cb4a9fa3b2d5052ca/element/d7db7561-bf7e-4ab8-b8ce-24b55cda2df8/enabled HTTP/1.1
User-Agent: selenium/4.1.2 (java windows)
Cache-Control: no-cache
Content-Type: application/json; charset=utf-8
host: localhost:57507
accept: */*

Response DefaultHttpResponse(decodeResult: success, version: HTTP/1.1)
HTTP/1.1 200 OK
Content-Type: application/json; charset=utf-8
cache-control: no-cache
content-length: 14

00:45:53.794 [AsyncHttpClient-1-8] DEBUG org.asynchttpclient.netty.channel.ChannelManager - Adding key: http://localhost:57507 for channel [id: 0x383161e0, L:/127.0.0.1:49497 - R:localhost/127.0.0.1:57507]
00:45:53.795 [Forwarding isElementEnabled on session 7c067a9b44f3500cb4a9fa3b2d5052ca to remote] DEBUG org.asynchttpclient.netty.request.NettyRequestSender - Using pooled Channel '[id: 0x383161e0, L:/127.0.0.1:49497 - R:localhost/127.0.0.1:57507]' for 'GET' to 'http://localhost:57507/session/7c067a9b44f3500cb4a9fa3b2d5052ca/element/d7db7561-bf7e-4ab8-b8ce-24b55cda2df8/enabled'
00:45:53.795 [Forwarding isElementEnabled on session 7c067a9b44f3500cb4a9fa3b2d5052ca to remote] DEBUG org.asynchttpclient.netty.request.NettyRequestSender - Using open Channel [id: 0x383161e0, L:/127.0.0.1:49497 - R:localhost/127.0.0.1:57507] for GET '/session/7c067a9b44f3500cb4a9fa3b2d5052ca/element/d7db7561-bf7e-4ab8-b8ce-24b55cda2df8/enabled'
00:45:53.798 [AsyncHttpClient-1-8] DEBUG org.asynchttpclient.netty.handler.HttpHandler - 

Request DefaultFullHttpRequest(decodeResult: success, version: HTTP/1.1, content: EmptyByteBufBE)
GET /session/7c067a9b44f3500cb4a9fa3b2d5052ca/element/d7db7561-bf7e-4ab8-b8ce-24b55cda2df8/enabled HTTP/1.1
User-Agent: selenium/4.1.2 (java windows)
Cache-Control: no-cache
Content-Type: application/json; charset=utf-8
host: localhost:57507
accept: */*

Response DefaultHttpResponse(decodeResult: success, version: HTTP/1.1)
HTTP/1.1 200 OK
Content-Type: application/json; charset=utf-8
cache-control: no-cache
content-length: 14

00:45:53.798 [AsyncHttpClient-1-8] DEBUG org.asynchttpclient.netty.channel.ChannelManager - Adding key: http://localhost:57507 for channel [id: 0x383161e0, L:/127.0.0.1:49497 - R:localhost/127.0.0.1:57507]
00:45:53.799 [Forwarding findElement on session 7c067a9b44f3500cb4a9fa3b2d5052ca to remote] DEBUG org.asynchttpclient.netty.request.NettyRequestSender - Using pooled Channel '[id: 0x383161e0, L:/127.0.0.1:49497 - R:localhost/127.0.0.1:57507]' for 'POST' to 'http://localhost:57507/session/7c067a9b44f3500cb4a9fa3b2d5052ca/element'
00:45:53.799 [Forwarding findElement on session 7c067a9b44f3500cb4a9fa3b2d5052ca to remote] DEBUG org.asynchttpclient.netty.request.NettyRequestSender - Using open Channel [id: 0x383161e0, L:/127.0.0.1:49497 - R:localhost/127.0.0.1:57507] for POST '/session/7c067a9b44f3500cb4a9fa3b2d5052ca/element'
00:45:53.804 [AsyncHttpClient-1-8] DEBUG org.asynchttpclient.netty.handler.HttpHandler - 

Request DefaultHttpRequest(decodeResult: success, version: HTTP/1.1)
POST /session/7c067a9b44f3500cb4a9fa3b2d5052ca/element HTTP/1.1
User-Agent: selenium/4.1.2 (java windows)
Content-Length: 71
Content-Type: application/json; charset=utf-8
host: localhost:57507
accept: */*

Response DefaultHttpResponse(decodeResult: success, version: HTTP/1.1)
HTTP/1.1 200 OK
Content-Type: application/json; charset=utf-8
cache-control: no-cache
content-length: 88

00:45:53.804 [AsyncHttpClient-1-8] DEBUG org.asynchttpclient.netty.channel.ChannelManager - Adding key: http://localhost:57507 for channel [id: 0x383161e0, L:/127.0.0.1:49497 - R:localhost/127.0.0.1:57507]
00:45:53.805 [Forwarding clickElement on session 7c067a9b44f3500cb4a9fa3b2d5052ca to remote] DEBUG org.asynchttpclient.netty.request.NettyRequestSender - Using pooled Channel '[id: 0x383161e0, L:/127.0.0.1:49497 - R:localhost/127.0.0.1:57507]' for 'POST' to 'http://localhost:57507/session/7c067a9b44f3500cb4a9fa3b2d5052ca/element/d7db7561-bf7e-4ab8-b8ce-24b55cda2df8/click'
00:45:53.805 [Forwarding clickElement on session 7c067a9b44f3500cb4a9fa3b2d5052ca to remote] DEBUG org.asynchttpclient.netty.request.NettyRequestSender - Using open Channel [id: 0x383161e0, L:/127.0.0.1:49497 - R:localhost/127.0.0.1:57507] for POST '/session/7c067a9b44f3500cb4a9fa3b2d5052ca/element/d7db7561-bf7e-4ab8-b8ce-24b55cda2df8/click'
00:45:53.841 [AsyncHttpClient-1-8] DEBUG org.asynchttpclient.netty.handler.HttpHandler - 

Request DefaultHttpRequest(decodeResult: success, version: HTTP/1.1)
POST /session/7c067a9b44f3500cb4a9fa3b2d5052ca/element/d7db7561-bf7e-4ab8-b8ce-24b55cda2df8/click HTTP/1.1
User-Agent: selenium/4.1.2 (java windows)
Content-Length: 50
Content-Type: application/json; charset=utf-8
host: localhost:57507
accept: */*

Response DefaultHttpResponse(decodeResult: success, version: HTTP/1.1)
HTTP/1.1 200 OK
Content-Type: application/json; charset=utf-8
cache-control: no-cache
content-length: 14

00:45:53.841 [AsyncHttpClient-1-8] DEBUG org.asynchttpclient.netty.channel.ChannelManager - Adding key: http://localhost:57507 for channel [id: 0x383161e0, L:/127.0.0.1:49497 - R:localhost/127.0.0.1:57507]
00:45:53.845 [Forwarding screenshot on session 7c067a9b44f3500cb4a9fa3b2d5052ca to remote] DEBUG org.asynchttpclient.netty.request.NettyRequestSender - Using pooled Channel '[id: 0x383161e0, L:/127.0.0.1:49497 - R:localhost/127.0.0.1:57507]' for 'GET' to 'http://localhost:57507/session/7c067a9b44f3500cb4a9fa3b2d5052ca/screenshot'
00:45:53.846 [Forwarding screenshot on session 7c067a9b44f3500cb4a9fa3b2d5052ca to remote] DEBUG org.asynchttpclient.netty.request.NettyRequestSender - Using open Channel [id: 0x383161e0, L:/127.0.0.1:49497 - R:localhost/127.0.0.1:57507] for GET '/session/7c067a9b44f3500cb4a9fa3b2d5052ca/screenshot'
00:45:53.948 [AsyncHttpClient-1-8] DEBUG org.asynchttpclient.netty.handler.HttpHandler - 

Request DefaultFullHttpRequest(decodeResult: success, version: HTTP/1.1, content: EmptyByteBufBE)
GET /session/7c067a9b44f3500cb4a9fa3b2d5052ca/screenshot HTTP/1.1
User-Agent: selenium/4.1.2 (java windows)
Cache-Control: no-cache
Content-Type: application/json; charset=utf-8
host: localhost:57507
accept: */*

Response DefaultHttpResponse(decodeResult: success, version: HTTP/1.1)
HTTP/1.1 200 OK
Content-Type: application/json; charset=utf-8
cache-control: no-cache
content-length: 84932

00:45:53.949 [AsyncHttpClient-1-8] DEBUG org.asynchttpclient.netty.channel.ChannelManager - Adding key: http://localhost:57507 for channel [id: 0x383161e0, L:/127.0.0.1:49497 - R:localhost/127.0.0.1:57507]
00:45:53.950 [main] DEBUG net.serenitybdd.core.photography.Darkroom - Send negative for processing for target\site\serenity\0ad53832aea086469530933f7e69b8e9408ffb01feeba62e017e0fa4c21e6a23.png
00:45:53.950 [main] DEBUG net.thucydides.core.steps.StepInterceptor - STEP DONE: addnewbooking
  &amp#27;[32mWhen &amp#27;[0m&amp#27;[32madmin click add new booking&amp#27;[0m      &amp#27;[90m# starter.definitions.BookingSteps.adminClickAddNewBooking()&amp#27;[0m
00:45:53.951 [Darkroom Processing Line] DEBUG net.serenitybdd.core.photography.DarkroomProcessingLine - Processing screenshot image in /var/screenshots/screenshot-8475987357260569884
00:45:53.951 [Darkroom Processing Line] DEBUG net.serenitybdd.core.photography.DarkroomProcessingLine - Saving screenshot to target\site\serenity\0ad53832aea086469530933f7e69b8e9408ffb01feeba62e017e0fa4c21e6a23.png
00:45:53.959 [main] DEBUG net.thucydides.core.steps.StepInterceptor - STARTING STEP: BookingSteps.adminFillInAllThatIsOrdered - clickclass
00:45:53.961 [Forwarding findElement on session 7c067a9b44f3500cb4a9fa3b2d5052ca to remote] DEBUG org.asynchttpclient.netty.request.NettyRequestSender - Using pooled Channel '[id: 0x383161e0, L:/127.0.0.1:49497 - R:localhost/127.0.0.1:57507]' for 'POST' to 'http://localhost:57507/session/7c067a9b44f3500cb4a9fa3b2d5052ca/element'
00:45:53.961 [Forwarding findElement on session 7c067a9b44f3500cb4a9fa3b2d5052ca to remote] DEBUG org.asynchttpclient.netty.request.NettyRequestSender - Using open Channel [id: 0x383161e0, L:/127.0.0.1:49497 - R:localhost/127.0.0.1:57507] for POST '/session/7c067a9b44f3500cb4a9fa3b2d5052ca/element'
00:45:53.967 [AsyncHttpClient-1-8] DEBUG org.asynchttpclient.netty.handler.HttpHandler - 

Request DefaultHttpRequest(decodeResult: success, version: HTTP/1.1)
POST /session/7c067a9b44f3500cb4a9fa3b2d5052ca/element HTTP/1.1
User-Agent: selenium/4.1.2 (java windows)
Content-Length: 94
Content-Type: application/json; charset=utf-8
host: localhost:57507
accept: */*

Response DefaultHttpResponse(decodeResult: success, version: HTTP/1.1)
HTTP/1.1 200 OK
Content-Type: application/json; charset=utf-8
cache-control: no-cache
content-length: 88

00:45:53.968 [AsyncHttpClient-1-8] DEBUG org.asynchttpclient.netty.channel.ChannelManager - Adding key: http://localhost:57507 for channel [id: 0x383161e0, L:/127.0.0.1:49497 - R:localhost/127.0.0.1:57507]
00:45:53.969 [Forwarding getElementTagName on session 7c067a9b44f3500cb4a9fa3b2d5052ca to remote] DEBUG org.asynchttpclient.netty.request.NettyRequestSender - Using pooled Channel '[id: 0x383161e0, L:/127.0.0.1:49497 - R:localhost/127.0.0.1:57507]' for 'GET' to 'http://localhost:57507/session/7c067a9b44f3500cb4a9fa3b2d5052ca/element/a19d13ce-b75f-407d-a3cb-4de827e37baf/name'
00:45:53.969 [Forwarding getElementTagName on session 7c067a9b44f3500cb4a9fa3b2d5052ca to remote] DEBUG org.asynchttpclient.netty.request.NettyRequestSender - Using open Channel [id: 0x383161e0, L:/127.0.0.1:49497 - R:localhost/127.0.0.1:57507] for GET '/session/7c067a9b44f3500cb4a9fa3b2d5052ca/element/a19d13ce-b75f-407d-a3cb-4de827e37baf/name'
00:45:53.971 [AsyncHttpClient-1-8] DEBUG org.asynchttpclient.netty.handler.HttpHandler - 

Request DefaultFullHttpRequest(decodeResult: success, version: HTTP/1.1, content: EmptyByteBufBE)
GET /session/7c067a9b44f3500cb4a9fa3b2d5052ca/element/a19d13ce-b75f-407d-a3cb-4de827e37baf/name HTTP/1.1
User-Agent: selenium/4.1.2 (java windows)
Cache-Control: no-cache
Content-Type: application/json; charset=utf-8
host: localhost:57507
accept: */*

Response DefaultHttpResponse(decodeResult: success, version: HTTP/1.1)
HTTP/1.1 200 OK
Content-Type: application/json; charset=utf-8
cache-control: no-cache
content-length: 15

00:45:53.971 [AsyncHttpClient-1-8] DEBUG org.asynchttpclient.netty.channel.ChannelManager - Adding key: http://localhost:57507 for channel [id: 0x383161e0, L:/127.0.0.1:49497 - R:localhost/127.0.0.1:57507]
00:45:53.972 [Forwarding getElementTagName on session 7c067a9b44f3500cb4a9fa3b2d5052ca to remote] DEBUG org.asynchttpclient.netty.request.NettyRequestSender - Using pooled Channel '[id: 0x383161e0, L:/127.0.0.1:49497 - R:localhost/127.0.0.1:57507]' for 'GET' to 'http://localhost:57507/session/7c067a9b44f3500cb4a9fa3b2d5052ca/element/a19d13ce-b75f-407d-a3cb-4de827e37baf/name'
00:45:53.972 [Forwarding getElementTagName on session 7c067a9b44f3500cb4a9fa3b2d5052ca to remote] DEBUG org.asynchttpclient.netty.request.NettyRequestSender - Using open Channel [id: 0x383161e0, L:/127.0.0.1:49497 - R:localhost/127.0.0.1:57507] for GET '/session/7c067a9b44f3500cb4a9fa3b2d5052ca/element/a19d13ce-b75f-407d-a3cb-4de827e37baf/name'
00:45:53.974 [AsyncHttpClient-1-8] DEBUG org.asynchttpclient.netty.handler.HttpHandler - 

Request DefaultFullHttpRequest(decodeResult: success, version: HTTP/1.1, content: EmptyByteBufBE)
GET /session/7c067a9b44f3500cb4a9fa3b2d5052ca/element/a19d13ce-b75f-407d-a3cb-4de827e37baf/name HTTP/1.1
User-Agent: selenium/4.1.2 (java windows)
Cache-Control: no-cache
Content-Type: application/json; charset=utf-8
host: localhost:57507
accept: */*

Response DefaultHttpResponse(decodeResult: success, version: HTTP/1.1)
HTTP/1.1 200 OK
Content-Type: application/json; charset=utf-8
cache-control: no-cache
content-length: 15

00:45:53.974 [AsyncHttpClient-1-8] DEBUG org.asynchttpclient.netty.channel.ChannelManager - Adding key: http://localhost:57507 for channel [id: 0x383161e0, L:/127.0.0.1:49497 - R:localhost/127.0.0.1:57507]
00:45:53.975 [Forwarding findElement on session 7c067a9b44f3500cb4a9fa3b2d5052ca to remote] DEBUG org.asynchttpclient.netty.request.NettyRequestSender - Using pooled Channel '[id: 0x383161e0, L:/127.0.0.1:49497 - R:localhost/127.0.0.1:57507]' for 'POST' to 'http://localhost:57507/session/7c067a9b44f3500cb4a9fa3b2d5052ca/element'
00:45:53.975 [Forwarding findElement on session 7c067a9b44f3500cb4a9fa3b2d5052ca to remote] DEBUG org.asynchttpclient.netty.request.NettyRequestSender - Using open Channel [id: 0x383161e0, L:/127.0.0.1:49497 - R:localhost/127.0.0.1:57507] for POST '/session/7c067a9b44f3500cb4a9fa3b2d5052ca/element'
00:45:53.978 [AsyncHttpClient-1-8] DEBUG org.asynchttpclient.netty.handler.HttpHandler - 

Request DefaultHttpRequest(decodeResult: success, version: HTTP/1.1)
POST /session/7c067a9b44f3500cb4a9fa3b2d5052ca/element HTTP/1.1
User-Agent: selenium/4.1.2 (java windows)
Content-Length: 94
Content-Type: application/json; charset=utf-8
host: localhost:57507
accept: */*

Response DefaultHttpResponse(decodeResult: success, version: HTTP/1.1)
HTTP/1.1 200 OK
Content-Type: application/json; charset=utf-8
cache-control: no-cache
content-length: 88

00:45:53.978 [AsyncHttpClient-1-8] DEBUG org.asynchttpclient.netty.channel.ChannelManager - Adding key: http://localhost:57507 for channel [id: 0x383161e0, L:/127.0.0.1:49497 - R:localhost/127.0.0.1:57507]
00:45:53.979 [Forwarding clickElement on session 7c067a9b44f3500cb4a9fa3b2d5052ca to remote] DEBUG org.asynchttpclient.netty.request.NettyRequestSender - Using pooled Channel '[id: 0x383161e0, L:/127.0.0.1:49497 - R:localhost/127.0.0.1:57507]' for 'POST' to 'http://localhost:57507/session/7c067a9b44f3500cb4a9fa3b2d5052ca/element/a19d13ce-b75f-407d-a3cb-4de827e37baf/click'
00:45:53.979 [Forwarding clickElement on session 7c067a9b44f3500cb4a9fa3b2d5052ca to remote] DEBUG org.asynchttpclient.netty.request.NettyRequestSender - Using open Channel [id: 0x383161e0, L:/127.0.0.1:49497 - R:localhost/127.0.0.1:57507] for POST '/session/7c067a9b44f3500cb4a9fa3b2d5052ca/element/a19d13ce-b75f-407d-a3cb-4de827e37baf/click'
00:45:54.009 [AsyncHttpClient-1-8] DEBUG org.asynchttpclient.netty.handler.HttpHandler - 

Request DefaultHttpRequest(decodeResult: success, version: HTTP/1.1)
POST /session/7c067a9b44f3500cb4a9fa3b2d5052ca/element/a19d13ce-b75f-407d-a3cb-4de827e37baf/click HTTP/1.1
User-Agent: selenium/4.1.2 (java windows)
Content-Length: 50
Content-Type: application/json; charset=utf-8
host: localhost:57507
accept: */*

Response DefaultHttpResponse(decodeResult: success, version: HTTP/1.1)
HTTP/1.1 200 OK
Content-Type: application/json; charset=utf-8
cache-control: no-cache
content-length: 14

00:45:54.009 [AsyncHttpClient-1-8] DEBUG org.asynchttpclient.netty.channel.ChannelManager - Adding key: http://localhost:57507 for channel [id: 0x383161e0, L:/127.0.0.1:49497 - R:localhost/127.0.0.1:57507]
00:45:54.012 [Forwarding screenshot on session 7c067a9b44f3500cb4a9fa3b2d5052ca to remote] DEBUG org.asynchttpclient.netty.request.NettyRequestSender - Using pooled Channel '[id: 0x383161e0, L:/127.0.0.1:49497 - R:localhost/127.0.0.1:57507]' for 'GET' to 'http://localhost:57507/session/7c067a9b44f3500cb4a9fa3b2d5052ca/screenshot'
00:45:54.012 [Forwarding screenshot on session 7c067a9b44f3500cb4a9fa3b2d5052ca to remote] DEBUG org.asynchttpclient.netty.request.NettyRequestSender - Using open Channel [id: 0x383161e0, L:/127.0.0.1:49497 - R:localhost/127.0.0.1:57507] for GET '/session/7c067a9b44f3500cb4a9fa3b2d5052ca/screenshot'
00:45:54.206 [AsyncHttpClient-1-8] DEBUG org.asynchttpclient.netty.handler.HttpHandler - 

Request DefaultFullHttpRequest(decodeResult: success, version: HTTP/1.1, content: EmptyByteBufBE)
GET /session/7c067a9b44f3500cb4a9fa3b2d5052ca/screenshot HTTP/1.1
User-Agent: selenium/4.1.2 (java windows)
Cache-Control: no-cache
Content-Type: application/json; charset=utf-8
host: localhost:57507
accept: */*

Response DefaultHttpResponse(decodeResult: success, version: HTTP/1.1)
HTTP/1.1 200 OK
Content-Type: application/json; charset=utf-8
cache-control: no-cache
content-length: 90284

00:45:54.206 [AsyncHttpClient-1-8] DEBUG org.asynchttpclient.netty.channel.ChannelManager - Adding key: http://localhost:57507 for channel [id: 0x383161e0, L:/127.0.0.1:49497 - R:localhost/127.0.0.1:57507]
00:45:54.208 [main] DEBUG net.serenitybdd.core.photography.Darkroom - Send negative for processing for target\site\serenity\965eb5b5d8be1ec7a94310235d04040e53e468fefc786f71ba422dba5f97a5c5.png
00:45:54.208 [main] DEBUG net.thucydides.core.steps.StepInterceptor - STEP DONE: clickclass
00:45:54.208 [Darkroom Processing Line] DEBUG net.serenitybdd.core.photography.DarkroomProcessingLine - Processing screenshot image in /var/screenshots/screenshot-7300735146925252128
00:45:54.208 [Darkroom Processing Line] DEBUG net.serenitybdd.core.photography.DarkroomProcessingLine - Saving screenshot to target\site\serenity\965eb5b5d8be1ec7a94310235d04040e53e468fefc786f71ba422dba5f97a5c5.png
00:45:54.211 [main] DEBUG net.thucydides.core.steps.StepInterceptor - STARTING STEP: BookingSteps.adminFillInAllThatIsOrdered - chooseclass
00:45:54.213 [Forwarding findElement on session 7c067a9b44f3500cb4a9fa3b2d5052ca to remote] DEBUG org.asynchttpclient.netty.request.NettyRequestSender - Using pooled Channel '[id: 0x383161e0, L:/127.0.0.1:49497 - R:localhost/127.0.0.1:57507]' for 'POST' to 'http://localhost:57507/session/7c067a9b44f3500cb4a9fa3b2d5052ca/element'
00:45:54.213 [Forwarding findElement on session 7c067a9b44f3500cb4a9fa3b2d5052ca to remote] DEBUG org.asynchttpclient.netty.request.NettyRequestSender - Using open Channel [id: 0x383161e0, L:/127.0.0.1:49497 - R:localhost/127.0.0.1:57507] for POST '/session/7c067a9b44f3500cb4a9fa3b2d5052ca/element'
00:45:54.220 [AsyncHttpClient-1-8] DEBUG org.asynchttpclient.netty.handler.HttpHandler - 

Request DefaultHttpRequest(decodeResult: success, version: HTTP/1.1)
POST /session/7c067a9b44f3500cb4a9fa3b2d5052ca/element HTTP/1.1
User-Agent: selenium/4.1.2 (java windows)
Content-Length: 86
Content-Type: application/json; charset=utf-8
host: localhost:57507
accept: */*

Response DefaultHttpResponse(decodeResult: success, version: HTTP/1.1)
HTTP/1.1 200 OK
Content-Type: application/json; charset=utf-8
cache-control: no-cache
content-length: 88

00:45:54.220 [AsyncHttpClient-1-8] DEBUG org.asynchttpclient.netty.channel.ChannelManager - Adding key: http://localhost:57507 for channel [id: 0x383161e0, L:/127.0.0.1:49497 - R:localhost/127.0.0.1:57507]
00:45:54.221 [Forwarding getElementTagName on session 7c067a9b44f3500cb4a9fa3b2d5052ca to remote] DEBUG org.asynchttpclient.netty.request.NettyRequestSender - Using pooled Channel '[id: 0x383161e0, L:/127.0.0.1:49497 - R:localhost/127.0.0.1:57507]' for 'GET' to 'http://localhost:57507/session/7c067a9b44f3500cb4a9fa3b2d5052ca/element/08df74a8-b686-49e2-9132-0a57148337bb/name'
00:45:54.221 [Forwarding getElementTagName on session 7c067a9b44f3500cb4a9fa3b2d5052ca to remote] DEBUG org.asynchttpclient.netty.request.NettyRequestSender - Using open Channel [id: 0x383161e0, L:/127.0.0.1:49497 - R:localhost/127.0.0.1:57507] for GET '/session/7c067a9b44f3500cb4a9fa3b2d5052ca/element/08df74a8-b686-49e2-9132-0a57148337bb/name'
00:45:54.223 [AsyncHttpClient-1-8] DEBUG org.asynchttpclient.netty.handler.HttpHandler - 

Request DefaultFullHttpRequest(decodeResult: success, version: HTTP/1.1, content: EmptyByteBufBE)
GET /session/7c067a9b44f3500cb4a9fa3b2d5052ca/element/08df74a8-b686-49e2-9132-0a57148337bb/name HTTP/1.1
User-Agent: selenium/4.1.2 (java windows)
Cache-Control: no-cache
Content-Type: application/json; charset=utf-8
host: localhost:57507
accept: */*

Response DefaultHttpResponse(decodeResult: success, version: HTTP/1.1)
HTTP/1.1 200 OK
Content-Type: application/json; charset=utf-8
cache-control: no-cache
content-length: 15

00:45:54.223 [AsyncHttpClient-1-8] DEBUG org.asynchttpclient.netty.channel.ChannelManager - Adding key: http://localhost:57507 for channel [id: 0x383161e0, L:/127.0.0.1:49497 - R:localhost/127.0.0.1:57507]
00:45:54.224 [Forwarding getElementTagName on session 7c067a9b44f3500cb4a9fa3b2d5052ca to remote] DEBUG org.asynchttpclient.netty.request.NettyRequestSender - Using pooled Channel '[id: 0x383161e0, L:/127.0.0.1:49497 - R:localhost/127.0.0.1:57507]' for 'GET' to 'http://localhost:57507/session/7c067a9b44f3500cb4a9fa3b2d5052ca/element/08df74a8-b686-49e2-9132-0a57148337bb/name'
00:45:54.224 [Forwarding getElementTagName on session 7c067a9b44f3500cb4a9fa3b2d5052ca to remote] DEBUG org.asynchttpclient.netty.request.NettyRequestSender - Using open Channel [id: 0x383161e0, L:/127.0.0.1:49497 - R:localhost/127.0.0.1:57507] for GET '/session/7c067a9b44f3500cb4a9fa3b2d5052ca/element/08df74a8-b686-49e2-9132-0a57148337bb/name'
00:45:54.226 [AsyncHttpClient-1-8] DEBUG org.asynchttpclient.netty.handler.HttpHandler - 

Request DefaultFullHttpRequest(decodeResult: success, version: HTTP/1.1, content: EmptyByteBufBE)
GET /session/7c067a9b44f3500cb4a9fa3b2d5052ca/element/08df74a8-b686-49e2-9132-0a57148337bb/name HTTP/1.1
User-Agent: selenium/4.1.2 (java windows)
Cache-Control: no-cache
Content-Type: application/json; charset=utf-8
host: localhost:57507
accept: */*

Response DefaultHttpResponse(decodeResult: success, version: HTTP/1.1)
HTTP/1.1 200 OK
Content-Type: application/json; charset=utf-8
cache-control: no-cache
content-length: 15

00:45:54.226 [AsyncHttpClient-1-8] DEBUG org.asynchttpclient.netty.channel.ChannelManager - Adding key: http://localhost:57507 for channel [id: 0x383161e0, L:/127.0.0.1:49497 - R:localhost/127.0.0.1:57507]
00:45:54.227 [Forwarding findElement on session 7c067a9b44f3500cb4a9fa3b2d5052ca to remote] DEBUG org.asynchttpclient.netty.request.NettyRequestSender - Using pooled Channel '[id: 0x383161e0, L:/127.0.0.1:49497 - R:localhost/127.0.0.1:57507]' for 'POST' to 'http://localhost:57507/session/7c067a9b44f3500cb4a9fa3b2d5052ca/element'
00:45:54.227 [Forwarding findElement on session 7c067a9b44f3500cb4a9fa3b2d5052ca to remote] DEBUG org.asynchttpclient.netty.request.NettyRequestSender - Using open Channel [id: 0x383161e0, L:/127.0.0.1:49497 - R:localhost/127.0.0.1:57507] for POST '/session/7c067a9b44f3500cb4a9fa3b2d5052ca/element'
00:45:54.230 [AsyncHttpClient-1-8] DEBUG org.asynchttpclient.netty.handler.HttpHandler - 

Request DefaultHttpRequest(decodeResult: success, version: HTTP/1.1)
POST /session/7c067a9b44f3500cb4a9fa3b2d5052ca/element HTTP/1.1
User-Agent: selenium/4.1.2 (java windows)
Content-Length: 86
Content-Type: application/json; charset=utf-8
host: localhost:57507
accept: */*

Response DefaultHttpResponse(decodeResult: success, version: HTTP/1.1)
HTTP/1.1 200 OK
Content-Type: application/json; charset=utf-8
cache-control: no-cache
content-length: 88

00:45:54.230 [AsyncHttpClient-1-8] DEBUG org.asynchttpclient.netty.channel.ChannelManager - Adding key: http://localhost:57507 for channel [id: 0x383161e0, L:/127.0.0.1:49497 - R:localhost/127.0.0.1:57507]
00:45:54.230 [Forwarding clickElement on session 7c067a9b44f3500cb4a9fa3b2d5052ca to remote] DEBUG org.asynchttpclient.netty.request.NettyRequestSender - Using pooled Channel '[id: 0x383161e0, L:/127.0.0.1:49497 - R:localhost/127.0.0.1:57507]' for 'POST' to 'http://localhost:57507/session/7c067a9b44f3500cb4a9fa3b2d5052ca/element/08df74a8-b686-49e2-9132-0a57148337bb/click'
00:45:54.230 [Forwarding clickElement on session 7c067a9b44f3500cb4a9fa3b2d5052ca to remote] DEBUG org.asynchttpclient.netty.request.NettyRequestSender - Using open Channel [id: 0x383161e0, L:/127.0.0.1:49497 - R:localhost/127.0.0.1:57507] for POST '/session/7c067a9b44f3500cb4a9fa3b2d5052ca/element/08df74a8-b686-49e2-9132-0a57148337bb/click'
00:45:54.263 [AsyncHttpClient-1-8] DEBUG org.asynchttpclient.netty.handler.HttpHandler - 

Request DefaultHttpRequest(decodeResult: success, version: HTTP/1.1)
POST /session/7c067a9b44f3500cb4a9fa3b2d5052ca/element/08df74a8-b686-49e2-9132-0a57148337bb/click HTTP/1.1
User-Agent: selenium/4.1.2 (java windows)
Content-Length: 50
Content-Type: application/json; charset=utf-8
host: localhost:57507
accept: */*

Response DefaultHttpResponse(decodeResult: success, version: HTTP/1.1)
HTTP/1.1 200 OK
Content-Type: application/json; charset=utf-8
cache-control: no-cache
content-length: 14

00:45:54.263 [AsyncHttpClient-1-8] DEBUG org.asynchttpclient.netty.channel.ChannelManager - Adding key: http://localhost:57507 for channel [id: 0x383161e0, L:/127.0.0.1:49497 - R:localhost/127.0.0.1:57507]
00:45:54.266 [Forwarding screenshot on session 7c067a9b44f3500cb4a9fa3b2d5052ca to remote] DEBUG org.asynchttpclient.netty.request.NettyRequestSender - Using pooled Channel '[id: 0x383161e0, L:/127.0.0.1:49497 - R:localhost/127.0.0.1:57507]' for 'GET' to 'http://localhost:57507/session/7c067a9b44f3500cb4a9fa3b2d5052ca/screenshot'
00:45:54.266 [Forwarding screenshot on session 7c067a9b44f3500cb4a9fa3b2d5052ca to remote] DEBUG org.asynchttpclient.netty.request.NettyRequestSender - Using open Channel [id: 0x383161e0, L:/127.0.0.1:49497 - R:localhost/127.0.0.1:57507] for GET '/session/7c067a9b44f3500cb4a9fa3b2d5052ca/screenshot'
00:45:54.386 [AsyncHttpClient-1-8] DEBUG org.asynchttpclient.netty.handler.HttpHandler - 

Request DefaultFullHttpRequest(decodeResult: success, version: HTTP/1.1, content: EmptyByteBufBE)
GET /session/7c067a9b44f3500cb4a9fa3b2d5052ca/screenshot HTTP/1.1
User-Agent: selenium/4.1.2 (java windows)
Cache-Control: no-cache
Content-Type: application/json; charset=utf-8
host: localhost:57507
accept: */*

Response DefaultHttpResponse(decodeResult: success, version: HTTP/1.1)
HTTP/1.1 200 OK
Content-Type: application/json; charset=utf-8
cache-control: no-cache
content-length: 88340

00:45:54.386 [AsyncHttpClient-1-8] DEBUG org.asynchttpclient.netty.channel.ChannelManager - Adding key: http://localhost:57507 for channel [id: 0x383161e0, L:/127.0.0.1:49497 - R:localhost/127.0.0.1:57507]
00:45:54.388 [main] DEBUG net.serenitybdd.core.photography.Darkroom - Send negative for processing for target\site\serenity\63754cadeaf31d4ef9da04e6a527fa5d38eb17b838c186d86aecd3cdf34de400.png
00:45:54.388 [main] DEBUG net.thucydides.core.steps.StepInterceptor - STEP DONE: chooseclass
00:45:54.388 [Darkroom Processing Line] DEBUG net.serenitybdd.core.photography.DarkroomProcessingLine - Processing screenshot image in /var/screenshots/screenshot-12605344572643665710
00:45:54.388 [Darkroom Processing Line] DEBUG net.serenitybdd.core.photography.DarkroomProcessingLine - Saving screenshot to target\site\serenity\63754cadeaf31d4ef9da04e6a527fa5d38eb17b838c186d86aecd3cdf34de400.png
00:45:54.392 [main] DEBUG net.thucydides.core.steps.StepInterceptor - STARTING STEP: BookingSteps.adminFillInAllThatIsOrdered - clickstatus
00:45:54.394 [Forwarding findElement on session 7c067a9b44f3500cb4a9fa3b2d5052ca to remote] DEBUG org.asynchttpclient.netty.request.NettyRequestSender - Using pooled Channel '[id: 0x383161e0, L:/127.0.0.1:49497 - R:localhost/127.0.0.1:57507]' for 'POST' to 'http://localhost:57507/session/7c067a9b44f3500cb4a9fa3b2d5052ca/element'
00:45:54.394 [Forwarding findElement on session 7c067a9b44f3500cb4a9fa3b2d5052ca to remote] DEBUG org.asynchttpclient.netty.request.NettyRequestSender - Using open Channel [id: 0x383161e0, L:/127.0.0.1:49497 - R:localhost/127.0.0.1:57507] for POST '/session/7c067a9b44f3500cb4a9fa3b2d5052ca/element'
00:45:54.401 [AsyncHttpClient-1-8] DEBUG org.asynchttpclient.netty.handler.HttpHandler - 

Request DefaultHttpRequest(decodeResult: success, version: HTTP/1.1)
POST /session/7c067a9b44f3500cb4a9fa3b2d5052ca/element HTTP/1.1
User-Agent: selenium/4.1.2 (java windows)
Content-Length: 94
Content-Type: application/json; charset=utf-8
host: localhost:57507
accept: */*

Response DefaultHttpResponse(decodeResult: success, version: HTTP/1.1)
HTTP/1.1 200 OK
Content-Type: application/json; charset=utf-8
cache-control: no-cache
content-length: 88

00:45:54.401 [AsyncHttpClient-1-8] DEBUG org.asynchttpclient.netty.channel.ChannelManager - Adding key: http://localhost:57507 for channel [id: 0x383161e0, L:/127.0.0.1:49497 - R:localhost/127.0.0.1:57507]
00:45:54.402 [Forwarding getElementTagName on session 7c067a9b44f3500cb4a9fa3b2d5052ca to remote] DEBUG org.asynchttpclient.netty.request.NettyRequestSender - Using pooled Channel '[id: 0x383161e0, L:/127.0.0.1:49497 - R:localhost/127.0.0.1:57507]' for 'GET' to 'http://localhost:57507/session/7c067a9b44f3500cb4a9fa3b2d5052ca/element/bde971f6-040b-40d8-ab2f-ceee29785ec2/name'
00:45:54.402 [Forwarding getElementTagName on session 7c067a9b44f3500cb4a9fa3b2d5052ca to remote] DEBUG org.asynchttpclient.netty.request.NettyRequestSender - Using open Channel [id: 0x383161e0, L:/127.0.0.1:49497 - R:localhost/127.0.0.1:57507] for GET '/session/7c067a9b44f3500cb4a9fa3b2d5052ca/element/bde971f6-040b-40d8-ab2f-ceee29785ec2/name'
00:45:54.404 [AsyncHttpClient-1-8] DEBUG org.asynchttpclient.netty.handler.HttpHandler - 

Request DefaultFullHttpRequest(decodeResult: success, version: HTTP/1.1, content: EmptyByteBufBE)
GET /session/7c067a9b44f3500cb4a9fa3b2d5052ca/element/bde971f6-040b-40d8-ab2f-ceee29785ec2/name HTTP/1.1
User-Agent: selenium/4.1.2 (java windows)
Cache-Control: no-cache
Content-Type: application/json; charset=utf-8
host: localhost:57507
accept: */*

Response DefaultHttpResponse(decodeResult: success, version: HTTP/1.1)
HTTP/1.1 200 OK
Content-Type: application/json; charset=utf-8
cache-control: no-cache
content-length: 15

00:45:54.404 [AsyncHttpClient-1-8] DEBUG org.asynchttpclient.netty.channel.ChannelManager - Adding key: http://localhost:57507 for channel [id: 0x383161e0, L:/127.0.0.1:49497 - R:localhost/127.0.0.1:57507]
00:45:54.405 [Forwarding getElementTagName on session 7c067a9b44f3500cb4a9fa3b2d5052ca to remote] DEBUG org.asynchttpclient.netty.request.NettyRequestSender - Using pooled Channel '[id: 0x383161e0, L:/127.0.0.1:49497 - R:localhost/127.0.0.1:57507]' for 'GET' to 'http://localhost:57507/session/7c067a9b44f3500cb4a9fa3b2d5052ca/element/bde971f6-040b-40d8-ab2f-ceee29785ec2/name'
00:45:54.405 [Forwarding getElementTagName on session 7c067a9b44f3500cb4a9fa3b2d5052ca to remote] DEBUG org.asynchttpclient.netty.request.NettyRequestSender - Using open Channel [id: 0x383161e0, L:/127.0.0.1:49497 - R:localhost/127.0.0.1:57507] for GET '/session/7c067a9b44f3500cb4a9fa3b2d5052ca/element/bde971f6-040b-40d8-ab2f-ceee29785ec2/name'
00:45:54.407 [AsyncHttpClient-1-8] DEBUG org.asynchttpclient.netty.handler.HttpHandler - 

Request DefaultFullHttpRequest(decodeResult: success, version: HTTP/1.1, content: EmptyByteBufBE)
GET /session/7c067a9b44f3500cb4a9fa3b2d5052ca/element/bde971f6-040b-40d8-ab2f-ceee29785ec2/name HTTP/1.1
User-Agent: selenium/4.1.2 (java windows)
Cache-Control: no-cache
Content-Type: application/json; charset=utf-8
host: localhost:57507
accept: */*

Response DefaultHttpResponse(decodeResult: success, version: HTTP/1.1)
HTTP/1.1 200 OK
Content-Type: application/json; charset=utf-8
cache-control: no-cache
content-length: 15

00:45:54.407 [AsyncHttpClient-1-8] DEBUG org.asynchttpclient.netty.channel.ChannelManager - Adding key: http://localhost:57507 for channel [id: 0x383161e0, L:/127.0.0.1:49497 - R:localhost/127.0.0.1:57507]
00:45:54.408 [Forwarding findElement on session 7c067a9b44f3500cb4a9fa3b2d5052ca to remote] DEBUG org.asynchttpclient.netty.request.NettyRequestSender - Using pooled Channel '[id: 0x383161e0, L:/127.0.0.1:49497 - R:localhost/127.0.0.1:57507]' for 'POST' to 'http://localhost:57507/session/7c067a9b44f3500cb4a9fa3b2d5052ca/element'
00:45:54.408 [Forwarding findElement on session 7c067a9b44f3500cb4a9fa3b2d5052ca to remote] DEBUG org.asynchttpclient.netty.request.NettyRequestSender - Using open Channel [id: 0x383161e0, L:/127.0.0.1:49497 - R:localhost/127.0.0.1:57507] for POST '/session/7c067a9b44f3500cb4a9fa3b2d5052ca/element'
00:45:54.411 [AsyncHttpClient-1-8] DEBUG org.asynchttpclient.netty.handler.HttpHandler - 

Request DefaultHttpRequest(decodeResult: success, version: HTTP/1.1)
POST /session/7c067a9b44f3500cb4a9fa3b2d5052ca/element HTTP/1.1
User-Agent: selenium/4.1.2 (java windows)
Content-Length: 94
Content-Type: application/json; charset=utf-8
host: localhost:57507
accept: */*

Response DefaultHttpResponse(decodeResult: success, version: HTTP/1.1)
HTTP/1.1 200 OK
Content-Type: application/json; charset=utf-8
cache-control: no-cache
content-length: 88

00:45:54.412 [AsyncHttpClient-1-8] DEBUG org.asynchttpclient.netty.channel.ChannelManager - Adding key: http://localhost:57507 for channel [id: 0x383161e0, L:/127.0.0.1:49497 - R:localhost/127.0.0.1:57507]
00:45:54.412 [Forwarding clickElement on session 7c067a9b44f3500cb4a9fa3b2d5052ca to remote] DEBUG org.asynchttpclient.netty.request.NettyRequestSender - Using pooled Channel '[id: 0x383161e0, L:/127.0.0.1:49497 - R:localhost/127.0.0.1:57507]' for 'POST' to 'http://localhost:57507/session/7c067a9b44f3500cb4a9fa3b2d5052ca/element/bde971f6-040b-40d8-ab2f-ceee29785ec2/click'
00:45:54.412 [Forwarding clickElement on session 7c067a9b44f3500cb4a9fa3b2d5052ca to remote] DEBUG org.asynchttpclient.netty.request.NettyRequestSender - Using open Channel [id: 0x383161e0, L:/127.0.0.1:49497 - R:localhost/127.0.0.1:57507] for POST '/session/7c067a9b44f3500cb4a9fa3b2d5052ca/element/bde971f6-040b-40d8-ab2f-ceee29785ec2/click'
00:45:54.440 [AsyncHttpClient-1-8] DEBUG org.asynchttpclient.netty.handler.HttpHandler - 

Request DefaultHttpRequest(decodeResult: success, version: HTTP/1.1)
POST /session/7c067a9b44f3500cb4a9fa3b2d5052ca/element/bde971f6-040b-40d8-ab2f-ceee29785ec2/click HTTP/1.1
User-Agent: selenium/4.1.2 (java windows)
Content-Length: 50
Content-Type: application/json; charset=utf-8
host: localhost:57507
accept: */*

Response DefaultHttpResponse(decodeResult: success, version: HTTP/1.1)
HTTP/1.1 200 OK
Content-Type: application/json; charset=utf-8
cache-control: no-cache
content-length: 14

00:45:54.440 [AsyncHttpClient-1-8] DEBUG org.asynchttpclient.netty.channel.ChannelManager - Adding key: http://localhost:57507 for channel [id: 0x383161e0, L:/127.0.0.1:49497 - R:localhost/127.0.0.1:57507]
00:45:54.444 [Forwarding screenshot on session 7c067a9b44f3500cb4a9fa3b2d5052ca to remote] DEBUG org.asynchttpclient.netty.request.NettyRequestSender - Using pooled Channel '[id: 0x383161e0, L:/127.0.0.1:49497 - R:localhost/127.0.0.1:57507]' for 'GET' to 'http://localhost:57507/session/7c067a9b44f3500cb4a9fa3b2d5052ca/screenshot'
00:45:54.444 [Forwarding screenshot on session 7c067a9b44f3500cb4a9fa3b2d5052ca to remote] DEBUG org.asynchttpclient.netty.request.NettyRequestSender - Using open Channel [id: 0x383161e0, L:/127.0.0.1:49497 - R:localhost/127.0.0.1:57507] for GET '/session/7c067a9b44f3500cb4a9fa3b2d5052ca/screenshot'
00:45:54.551 [AsyncHttpClient-1-8] DEBUG org.asynchttpclient.netty.handler.HttpHandler - 

Request DefaultFullHttpRequest(decodeResult: success, version: HTTP/1.1, content: EmptyByteBufBE)
GET /session/7c067a9b44f3500cb4a9fa3b2d5052ca/screenshot HTTP/1.1
User-Agent: selenium/4.1.2 (java windows)
Cache-Control: no-cache
Content-Type: application/json; charset=utf-8
host: localhost:57507
accept: */*

Response DefaultHttpResponse(decodeResult: success, version: HTTP/1.1)
HTTP/1.1 200 OK
Content-Type: application/json; charset=utf-8
cache-control: no-cache
content-length: 94316

00:45:54.551 [AsyncHttpClient-1-8] DEBUG org.asynchttpclient.netty.channel.ChannelManager - Adding key: http://localhost:57507 for channel [id: 0x383161e0, L:/127.0.0.1:49497 - R:localhost/127.0.0.1:57507]
00:45:54.553 [main] DEBUG net.serenitybdd.core.photography.Darkroom - Send negative for processing for target\site\serenity\93752dc4f66dd9109e7a4e560a87d4fad4a75e37d2a80a4c79535b75efce40bb.png
00:45:54.553 [main] DEBUG net.thucydides.core.steps.StepInterceptor - STEP DONE: clickstatus
00:45:54.553 [Darkroom Processing Line] DEBUG net.serenitybdd.core.photography.DarkroomProcessingLine - Processing screenshot image in /var/screenshots/screenshot-2773111394445558903
00:45:54.553 [Darkroom Processing Line] DEBUG net.serenitybdd.core.photography.DarkroomProcessingLine - Saving screenshot to target\site\serenity\93752dc4f66dd9109e7a4e560a87d4fad4a75e37d2a80a4c79535b75efce40bb.png
00:45:54.557 [main] DEBUG net.thucydides.core.steps.StepInterceptor - STARTING STEP: BookingSteps.adminFillInAllThatIsOrdered - choosestatus
00:45:54.559 [Forwarding findElement on session 7c067a9b44f3500cb4a9fa3b2d5052ca to remote] DEBUG org.asynchttpclient.netty.request.NettyRequestSender - Using pooled Channel '[id: 0x383161e0, L:/127.0.0.1:49497 - R:localhost/127.0.0.1:57507]' for 'POST' to 'http://localhost:57507/session/7c067a9b44f3500cb4a9fa3b2d5052ca/element'
00:45:54.559 [Forwarding findElement on session 7c067a9b44f3500cb4a9fa3b2d5052ca to remote] DEBUG org.asynchttpclient.netty.request.NettyRequestSender - Using open Channel [id: 0x383161e0, L:/127.0.0.1:49497 - R:localhost/127.0.0.1:57507] for POST '/session/7c067a9b44f3500cb4a9fa3b2d5052ca/element'
00:45:54.566 [AsyncHttpClient-1-8] DEBUG org.asynchttpclient.netty.handler.HttpHandler - 

Request DefaultHttpRequest(decodeResult: success, version: HTTP/1.1)
POST /session/7c067a9b44f3500cb4a9fa3b2d5052ca/element HTTP/1.1
User-Agent: selenium/4.1.2 (java windows)
Content-Length: 71
Content-Type: application/json; charset=utf-8
host: localhost:57507
accept: */*

Response DefaultHttpResponse(decodeResult: success, version: HTTP/1.1)
HTTP/1.1 200 OK
Content-Type: application/json; charset=utf-8
cache-control: no-cache
content-length: 88

00:45:54.566 [AsyncHttpClient-1-8] DEBUG org.asynchttpclient.netty.channel.ChannelManager - Adding key: http://localhost:57507 for channel [id: 0x383161e0, L:/127.0.0.1:49497 - R:localhost/127.0.0.1:57507]
00:45:54.567 [Forwarding getElementTagName on session 7c067a9b44f3500cb4a9fa3b2d5052ca to remote] DEBUG org.asynchttpclient.netty.request.NettyRequestSender - Using pooled Channel '[id: 0x383161e0, L:/127.0.0.1:49497 - R:localhost/127.0.0.1:57507]' for 'GET' to 'http://localhost:57507/session/7c067a9b44f3500cb4a9fa3b2d5052ca/element/78d32c80-3580-40cd-a8f2-a3ea0396aacb/name'
00:45:54.567 [Forwarding getElementTagName on session 7c067a9b44f3500cb4a9fa3b2d5052ca to remote] DEBUG org.asynchttpclient.netty.request.NettyRequestSender - Using open Channel [id: 0x383161e0, L:/127.0.0.1:49497 - R:localhost/127.0.0.1:57507] for GET '/session/7c067a9b44f3500cb4a9fa3b2d5052ca/element/78d32c80-3580-40cd-a8f2-a3ea0396aacb/name'
00:45:54.569 [AsyncHttpClient-1-8] DEBUG org.asynchttpclient.netty.handler.HttpHandler - 

Request DefaultFullHttpRequest(decodeResult: success, version: HTTP/1.1, content: EmptyByteBufBE)
GET /session/7c067a9b44f3500cb4a9fa3b2d5052ca/element/78d32c80-3580-40cd-a8f2-a3ea0396aacb/name HTTP/1.1
User-Agent: selenium/4.1.2 (java windows)
Cache-Control: no-cache
Content-Type: application/json; charset=utf-8
host: localhost:57507
accept: */*

Response DefaultHttpResponse(decodeResult: success, version: HTTP/1.1)
HTTP/1.1 200 OK
Content-Type: application/json; charset=utf-8
cache-control: no-cache
content-length: 15

00:45:54.569 [AsyncHttpClient-1-8] DEBUG org.asynchttpclient.netty.channel.ChannelManager - Adding key: http://localhost:57507 for channel [id: 0x383161e0, L:/127.0.0.1:49497 - R:localhost/127.0.0.1:57507]
00:45:54.570 [Forwarding getElementTagName on session 7c067a9b44f3500cb4a9fa3b2d5052ca to remote] DEBUG org.asynchttpclient.netty.request.NettyRequestSender - Using pooled Channel '[id: 0x383161e0, L:/127.0.0.1:49497 - R:localhost/127.0.0.1:57507]' for 'GET' to 'http://localhost:57507/session/7c067a9b44f3500cb4a9fa3b2d5052ca/element/78d32c80-3580-40cd-a8f2-a3ea0396aacb/name'
00:45:54.570 [Forwarding getElementTagName on session 7c067a9b44f3500cb4a9fa3b2d5052ca to remote] DEBUG org.asynchttpclient.netty.request.NettyRequestSender - Using open Channel [id: 0x383161e0, L:/127.0.0.1:49497 - R:localhost/127.0.0.1:57507] for GET '/session/7c067a9b44f3500cb4a9fa3b2d5052ca/element/78d32c80-3580-40cd-a8f2-a3ea0396aacb/name'
00:45:54.572 [AsyncHttpClient-1-8] DEBUG org.asynchttpclient.netty.handler.HttpHandler - 

Request DefaultFullHttpRequest(decodeResult: success, version: HTTP/1.1, content: EmptyByteBufBE)
GET /session/7c067a9b44f3500cb4a9fa3b2d5052ca/element/78d32c80-3580-40cd-a8f2-a3ea0396aacb/name HTTP/1.1
User-Agent: selenium/4.1.2 (java windows)
Cache-Control: no-cache
Content-Type: application/json; charset=utf-8
host: localhost:57507
accept: */*

Response DefaultHttpResponse(decodeResult: success, version: HTTP/1.1)
HTTP/1.1 200 OK
Content-Type: application/json; charset=utf-8
cache-control: no-cache
content-length: 15

00:45:54.572 [AsyncHttpClient-1-8] DEBUG org.asynchttpclient.netty.channel.ChannelManager - Adding key: http://localhost:57507 for channel [id: 0x383161e0, L:/127.0.0.1:49497 - R:localhost/127.0.0.1:57507]
00:45:54.573 [Forwarding findElement on session 7c067a9b44f3500cb4a9fa3b2d5052ca to remote] DEBUG org.asynchttpclient.netty.request.NettyRequestSender - Using pooled Channel '[id: 0x383161e0, L:/127.0.0.1:49497 - R:localhost/127.0.0.1:57507]' for 'POST' to 'http://localhost:57507/session/7c067a9b44f3500cb4a9fa3b2d5052ca/element'
00:45:54.573 [Forwarding findElement on session 7c067a9b44f3500cb4a9fa3b2d5052ca to remote] DEBUG org.asynchttpclient.netty.request.NettyRequestSender - Using open Channel [id: 0x383161e0, L:/127.0.0.1:49497 - R:localhost/127.0.0.1:57507] for POST '/session/7c067a9b44f3500cb4a9fa3b2d5052ca/element'
00:45:54.576 [AsyncHttpClient-1-8] DEBUG org.asynchttpclient.netty.handler.HttpHandler - 

Request DefaultHttpRequest(decodeResult: success, version: HTTP/1.1)
POST /session/7c067a9b44f3500cb4a9fa3b2d5052ca/element HTTP/1.1
User-Agent: selenium/4.1.2 (java windows)
Content-Length: 71
Content-Type: application/json; charset=utf-8
host: localhost:57507
accept: */*

Response DefaultHttpResponse(decodeResult: success, version: HTTP/1.1)
HTTP/1.1 200 OK
Content-Type: application/json; charset=utf-8
cache-control: no-cache
content-length: 88

00:45:54.576 [AsyncHttpClient-1-8] DEBUG org.asynchttpclient.netty.channel.ChannelManager - Adding key: http://localhost:57507 for channel [id: 0x383161e0, L:/127.0.0.1:49497 - R:localhost/127.0.0.1:57507]
00:45:54.577 [Forwarding clickElement on session 7c067a9b44f3500cb4a9fa3b2d5052ca to remote] DEBUG org.asynchttpclient.netty.request.NettyRequestSender - Using pooled Channel '[id: 0x383161e0, L:/127.0.0.1:49497 - R:localhost/127.0.0.1:57507]' for 'POST' to 'http://localhost:57507/session/7c067a9b44f3500cb4a9fa3b2d5052ca/element/78d32c80-3580-40cd-a8f2-a3ea0396aacb/click'
00:45:54.577 [Forwarding clickElement on session 7c067a9b44f3500cb4a9fa3b2d5052ca to remote] DEBUG org.asynchttpclient.netty.request.NettyRequestSender - Using open Channel [id: 0x383161e0, L:/127.0.0.1:49497 - R:localhost/127.0.0.1:57507] for POST '/session/7c067a9b44f3500cb4a9fa3b2d5052ca/element/78d32c80-3580-40cd-a8f2-a3ea0396aacb/click'
00:45:54.605 [AsyncHttpClient-1-8] DEBUG org.asynchttpclient.netty.handler.HttpHandler - 

Request DefaultHttpRequest(decodeResult: success, version: HTTP/1.1)
POST /session/7c067a9b44f3500cb4a9fa3b2d5052ca/element/78d32c80-3580-40cd-a8f2-a3ea0396aacb/click HTTP/1.1
User-Agent: selenium/4.1.2 (java windows)
Content-Length: 50
Content-Type: application/json; charset=utf-8
host: localhost:57507
accept: */*

Response DefaultHttpResponse(decodeResult: success, version: HTTP/1.1)
HTTP/1.1 200 OK
Content-Type: application/json; charset=utf-8
cache-control: no-cache
content-length: 14

00:45:54.605 [AsyncHttpClient-1-8] DEBUG org.asynchttpclient.netty.channel.ChannelManager - Adding key: http://localhost:57507 for channel [id: 0x383161e0, L:/127.0.0.1:49497 - R:localhost/127.0.0.1:57507]
00:45:54.609 [Forwarding screenshot on session 7c067a9b44f3500cb4a9fa3b2d5052ca to remote] DEBUG org.asynchttpclient.netty.request.NettyRequestSender - Using pooled Channel '[id: 0x383161e0, L:/127.0.0.1:49497 - R:localhost/127.0.0.1:57507]' for 'GET' to 'http://localhost:57507/session/7c067a9b44f3500cb4a9fa3b2d5052ca/screenshot'
00:45:54.609 [Forwarding screenshot on session 7c067a9b44f3500cb4a9fa3b2d5052ca to remote] DEBUG org.asynchttpclient.netty.request.NettyRequestSender - Using open Channel [id: 0x383161e0, L:/127.0.0.1:49497 - R:localhost/127.0.0.1:57507] for GET '/session/7c067a9b44f3500cb4a9fa3b2d5052ca/screenshot'
00:45:54.718 [AsyncHttpClient-1-8] DEBUG org.asynchttpclient.netty.handler.HttpHandler - 

Request DefaultFullHttpRequest(decodeResult: success, version: HTTP/1.1, content: EmptyByteBufBE)
GET /session/7c067a9b44f3500cb4a9fa3b2d5052ca/screenshot HTTP/1.1
User-Agent: selenium/4.1.2 (java windows)
Cache-Control: no-cache
Content-Type: application/json; charset=utf-8
host: localhost:57507
accept: */*

Response DefaultHttpResponse(decodeResult: success, version: HTTP/1.1)
HTTP/1.1 200 OK
Content-Type: application/json; charset=utf-8
cache-control: no-cache
content-length: 87488

00:45:54.719 [AsyncHttpClient-1-8] DEBUG org.asynchttpclient.netty.channel.ChannelManager - Adding key: http://localhost:57507 for channel [id: 0x383161e0, L:/127.0.0.1:49497 - R:localhost/127.0.0.1:57507]
00:45:54.722 [main] DEBUG net.serenitybdd.core.photography.Darkroom - Send negative for processing for target\site\serenity\9cd0c832fb2ffd30d2f85336fd665a5be956a5b698a964bd5c7f19d2ab381f9f.png
00:45:54.722 [main] DEBUG net.thucydides.core.steps.StepInterceptor - STEP DONE: choosestatus
00:45:54.722 [Darkroom Processing Line] DEBUG net.serenitybdd.core.photography.DarkroomProcessingLine - Processing screenshot image in /var/screenshots/screenshot-7996728563959470322
00:45:54.722 [Darkroom Processing Line] DEBUG net.serenitybdd.core.photography.DarkroomProcessingLine - Saving screenshot to target\site\serenity\9cd0c832fb2ffd30d2f85336fd665a5be956a5b698a964bd5c7f19d2ab381f9f.png
00:45:54.725 [main] DEBUG net.thucydides.core.steps.StepInterceptor - STARTING STEP: BookingSteps.adminFillInAllThatIsOrdered - clickuser
00:45:54.727 [Forwarding findElement on session 7c067a9b44f3500cb4a9fa3b2d5052ca to remote] DEBUG org.asynchttpclient.netty.request.NettyRequestSender - Using pooled Channel '[id: 0x383161e0, L:/127.0.0.1:49497 - R:localhost/127.0.0.1:57507]' for 'POST' to 'http://localhost:57507/session/7c067a9b44f3500cb4a9fa3b2d5052ca/element'
00:45:54.727 [Forwarding findElement on session 7c067a9b44f3500cb4a9fa3b2d5052ca to remote] DEBUG org.asynchttpclient.netty.request.NettyRequestSender - Using open Channel [id: 0x383161e0, L:/127.0.0.1:49497 - R:localhost/127.0.0.1:57507] for POST '/session/7c067a9b44f3500cb4a9fa3b2d5052ca/element'
00:45:54.734 [AsyncHttpClient-1-8] DEBUG org.asynchttpclient.netty.handler.HttpHandler - 

Request DefaultHttpRequest(decodeResult: success, version: HTTP/1.1)
POST /session/7c067a9b44f3500cb4a9fa3b2d5052ca/element HTTP/1.1
User-Agent: selenium/4.1.2 (java windows)
Content-Length: 94
Content-Type: application/json; charset=utf-8
host: localhost:57507
accept: */*

Response DefaultHttpResponse(decodeResult: success, version: HTTP/1.1)
HTTP/1.1 200 OK
Content-Type: application/json; charset=utf-8
cache-control: no-cache
content-length: 88

00:45:54.734 [AsyncHttpClient-1-8] DEBUG org.asynchttpclient.netty.channel.ChannelManager - Adding key: http://localhost:57507 for channel [id: 0x383161e0, L:/127.0.0.1:49497 - R:localhost/127.0.0.1:57507]
00:45:54.734 [Forwarding getElementTagName on session 7c067a9b44f3500cb4a9fa3b2d5052ca to remote] DEBUG org.asynchttpclient.netty.request.NettyRequestSender - Using pooled Channel '[id: 0x383161e0, L:/127.0.0.1:49497 - R:localhost/127.0.0.1:57507]' for 'GET' to 'http://localhost:57507/session/7c067a9b44f3500cb4a9fa3b2d5052ca/element/d9626855-71ad-4b14-a55e-46d034a5b65d/name'
00:45:54.734 [Forwarding getElementTagName on session 7c067a9b44f3500cb4a9fa3b2d5052ca to remote] DEBUG org.asynchttpclient.netty.request.NettyRequestSender - Using open Channel [id: 0x383161e0, L:/127.0.0.1:49497 - R:localhost/127.0.0.1:57507] for GET '/session/7c067a9b44f3500cb4a9fa3b2d5052ca/element/d9626855-71ad-4b14-a55e-46d034a5b65d/name'
00:45:54.737 [AsyncHttpClient-1-8] DEBUG org.asynchttpclient.netty.handler.HttpHandler - 

Request DefaultFullHttpRequest(decodeResult: success, version: HTTP/1.1, content: EmptyByteBufBE)
GET /session/7c067a9b44f3500cb4a9fa3b2d5052ca/element/d9626855-71ad-4b14-a55e-46d034a5b65d/name HTTP/1.1
User-Agent: selenium/4.1.2 (java windows)
Cache-Control: no-cache
Content-Type: application/json; charset=utf-8
host: localhost:57507
accept: */*

Response DefaultHttpResponse(decodeResult: success, version: HTTP/1.1)
HTTP/1.1 200 OK
Content-Type: application/json; charset=utf-8
cache-control: no-cache
content-length: 15

00:45:54.737 [AsyncHttpClient-1-8] DEBUG org.asynchttpclient.netty.channel.ChannelManager - Adding key: http://localhost:57507 for channel [id: 0x383161e0, L:/127.0.0.1:49497 - R:localhost/127.0.0.1:57507]
00:45:54.738 [Forwarding getElementTagName on session 7c067a9b44f3500cb4a9fa3b2d5052ca to remote] DEBUG org.asynchttpclient.netty.request.NettyRequestSender - Using pooled Channel '[id: 0x383161e0, L:/127.0.0.1:49497 - R:localhost/127.0.0.1:57507]' for 'GET' to 'http://localhost:57507/session/7c067a9b44f3500cb4a9fa3b2d5052ca/element/d9626855-71ad-4b14-a55e-46d034a5b65d/name'
00:45:54.738 [Forwarding getElementTagName on session 7c067a9b44f3500cb4a9fa3b2d5052ca to remote] DEBUG org.asynchttpclient.netty.request.NettyRequestSender - Using open Channel [id: 0x383161e0, L:/127.0.0.1:49497 - R:localhost/127.0.0.1:57507] for GET '/session/7c067a9b44f3500cb4a9fa3b2d5052ca/element/d9626855-71ad-4b14-a55e-46d034a5b65d/name'
00:45:54.740 [AsyncHttpClient-1-8] DEBUG org.asynchttpclient.netty.handler.HttpHandler - 

Request DefaultFullHttpRequest(decodeResult: success, version: HTTP/1.1, content: EmptyByteBufBE)
GET /session/7c067a9b44f3500cb4a9fa3b2d5052ca/element/d9626855-71ad-4b14-a55e-46d034a5b65d/name HTTP/1.1
User-Agent: selenium/4.1.2 (java windows)
Cache-Control: no-cache
Content-Type: application/json; charset=utf-8
host: localhost:57507
accept: */*

Response DefaultHttpResponse(decodeResult: success, version: HTTP/1.1)
HTTP/1.1 200 OK
Content-Type: application/json; charset=utf-8
cache-control: no-cache
content-length: 15

00:45:54.740 [AsyncHttpClient-1-8] DEBUG org.asynchttpclient.netty.channel.ChannelManager - Adding key: http://localhost:57507 for channel [id: 0x383161e0, L:/127.0.0.1:49497 - R:localhost/127.0.0.1:57507]
00:45:54.741 [Forwarding findElement on session 7c067a9b44f3500cb4a9fa3b2d5052ca to remote] DEBUG org.asynchttpclient.netty.request.NettyRequestSender - Using pooled Channel '[id: 0x383161e0, L:/127.0.0.1:49497 - R:localhost/127.0.0.1:57507]' for 'POST' to 'http://localhost:57507/session/7c067a9b44f3500cb4a9fa3b2d5052ca/element'
00:45:54.741 [Forwarding findElement on session 7c067a9b44f3500cb4a9fa3b2d5052ca to remote] DEBUG org.asynchttpclient.netty.request.NettyRequestSender - Using open Channel [id: 0x383161e0, L:/127.0.0.1:49497 - R:localhost/127.0.0.1:57507] for POST '/session/7c067a9b44f3500cb4a9fa3b2d5052ca/element'
00:45:54.744 [AsyncHttpClient-1-8] DEBUG org.asynchttpclient.netty.handler.HttpHandler - 

Request DefaultHttpRequest(decodeResult: success, version: HTTP/1.1)
POST /session/7c067a9b44f3500cb4a9fa3b2d5052ca/element HTTP/1.1
User-Agent: selenium/4.1.2 (java windows)
Content-Length: 94
Content-Type: application/json; charset=utf-8
host: localhost:57507
accept: */*

Response DefaultHttpResponse(decodeResult: success, version: HTTP/1.1)
HTTP/1.1 200 OK
Content-Type: application/json; charset=utf-8
cache-control: no-cache
content-length: 88

00:45:54.744 [AsyncHttpClient-1-8] DEBUG org.asynchttpclient.netty.channel.ChannelManager - Adding key: http://localhost:57507 for channel [id: 0x383161e0, L:/127.0.0.1:49497 - R:localhost/127.0.0.1:57507]
00:45:54.745 [Forwarding clickElement on session 7c067a9b44f3500cb4a9fa3b2d5052ca to remote] DEBUG org.asynchttpclient.netty.request.NettyRequestSender - Using pooled Channel '[id: 0x383161e0, L:/127.0.0.1:49497 - R:localhost/127.0.0.1:57507]' for 'POST' to 'http://localhost:57507/session/7c067a9b44f3500cb4a9fa3b2d5052ca/element/d9626855-71ad-4b14-a55e-46d034a5b65d/click'
00:45:54.745 [Forwarding clickElement on session 7c067a9b44f3500cb4a9fa3b2d5052ca to remote] DEBUG org.asynchttpclient.netty.request.NettyRequestSender - Using open Channel [id: 0x383161e0, L:/127.0.0.1:49497 - R:localhost/127.0.0.1:57507] for POST '/session/7c067a9b44f3500cb4a9fa3b2d5052ca/element/d9626855-71ad-4b14-a55e-46d034a5b65d/click'
00:45:54.777 [AsyncHttpClient-1-8] DEBUG org.asynchttpclient.netty.handler.HttpHandler - 

Request DefaultHttpRequest(decodeResult: success, version: HTTP/1.1)
POST /session/7c067a9b44f3500cb4a9fa3b2d5052ca/element/d9626855-71ad-4b14-a55e-46d034a5b65d/click HTTP/1.1
User-Agent: selenium/4.1.2 (java windows)
Content-Length: 50
Content-Type: application/json; charset=utf-8
host: localhost:57507
accept: */*

Response DefaultHttpResponse(decodeResult: success, version: HTTP/1.1)
HTTP/1.1 200 OK
Content-Type: application/json; charset=utf-8
cache-control: no-cache
content-length: 14

00:45:54.777 [AsyncHttpClient-1-8] DEBUG org.asynchttpclient.netty.channel.ChannelManager - Adding key: http://localhost:57507 for channel [id: 0x383161e0, L:/127.0.0.1:49497 - R:localhost/127.0.0.1:57507]
00:45:54.781 [Forwarding screenshot on session 7c067a9b44f3500cb4a9fa3b2d5052ca to remote] DEBUG org.asynchttpclient.netty.request.NettyRequestSender - Using pooled Channel '[id: 0x383161e0, L:/127.0.0.1:49497 - R:localhost/127.0.0.1:57507]' for 'GET' to 'http://localhost:57507/session/7c067a9b44f3500cb4a9fa3b2d5052ca/screenshot'
00:45:54.781 [Forwarding screenshot on session 7c067a9b44f3500cb4a9fa3b2d5052ca to remote] DEBUG org.asynchttpclient.netty.request.NettyRequestSender - Using open Channel [id: 0x383161e0, L:/127.0.0.1:49497 - R:localhost/127.0.0.1:57507] for GET '/session/7c067a9b44f3500cb4a9fa3b2d5052ca/screenshot'
00:45:54.890 [AsyncHttpClient-1-1] DEBUG org.asynchttpclient.netty.channel.DefaultChannelPool - Entry count for : http://localhost:49498 : 1
00:45:54.992 [AsyncHttpClient-1-8] DEBUG org.asynchttpclient.netty.handler.HttpHandler - 

Request DefaultFullHttpRequest(decodeResult: success, version: HTTP/1.1, content: EmptyByteBufBE)
GET /session/7c067a9b44f3500cb4a9fa3b2d5052ca/screenshot HTTP/1.1
User-Agent: selenium/4.1.2 (java windows)
Cache-Control: no-cache
Content-Type: application/json; charset=utf-8
host: localhost:57507
accept: */*

Response DefaultHttpResponse(decodeResult: success, version: HTTP/1.1)
HTTP/1.1 200 OK
Content-Type: application/json; charset=utf-8
cache-control: no-cache
content-length: 105732

00:45:54.992 [AsyncHttpClient-1-8] DEBUG org.asynchttpclient.netty.channel.ChannelManager - Adding key: http://localhost:57507 for channel [id: 0x383161e0, L:/127.0.0.1:49497 - R:localhost/127.0.0.1:57507]
00:45:54.994 [main] DEBUG net.serenitybdd.core.photography.Darkroom - Send negative for processing for target\site\serenity\d307cba92ceb1ec4d84790bcaa2832475ed7022012d2f060de3f879cf2c200d5.png
00:45:54.994 [main] DEBUG net.thucydides.core.steps.StepInterceptor - STEP DONE: clickuser
00:45:54.994 [Darkroom Processing Line] DEBUG net.serenitybdd.core.photography.DarkroomProcessingLine - Processing screenshot image in /var/screenshots/screenshot-16389172131785819117
00:45:54.994 [Darkroom Processing Line] DEBUG net.serenitybdd.core.photography.DarkroomProcessingLine - Saving screenshot to target\site\serenity\d307cba92ceb1ec4d84790bcaa2832475ed7022012d2f060de3f879cf2c200d5.png
00:45:54.997 [main] DEBUG net.thucydides.core.steps.StepInterceptor - STARTING STEP: BookingSteps.adminFillInAllThatIsOrdered - chooseuser
00:45:54.999 [Forwarding findElement on session 7c067a9b44f3500cb4a9fa3b2d5052ca to remote] DEBUG org.asynchttpclient.netty.request.NettyRequestSender - Using pooled Channel '[id: 0x383161e0, L:/127.0.0.1:49497 - R:localhost/127.0.0.1:57507]' for 'POST' to 'http://localhost:57507/session/7c067a9b44f3500cb4a9fa3b2d5052ca/element'
00:45:54.999 [Forwarding findElement on session 7c067a9b44f3500cb4a9fa3b2d5052ca to remote] DEBUG org.asynchttpclient.netty.request.NettyRequestSender - Using open Channel [id: 0x383161e0, L:/127.0.0.1:49497 - R:localhost/127.0.0.1:57507] for POST '/session/7c067a9b44f3500cb4a9fa3b2d5052ca/element'
00:45:55.006 [AsyncHttpClient-1-8] DEBUG org.asynchttpclient.netty.handler.HttpHandler - 

Request DefaultHttpRequest(decodeResult: success, version: HTTP/1.1)
POST /session/7c067a9b44f3500cb4a9fa3b2d5052ca/element HTTP/1.1
User-Agent: selenium/4.1.2 (java windows)
Content-Length: 74
Content-Type: application/json; charset=utf-8
host: localhost:57507
accept: */*

Response DefaultHttpResponse(decodeResult: success, version: HTTP/1.1)
HTTP/1.1 200 OK
Content-Type: application/json; charset=utf-8
cache-control: no-cache
content-length: 88

00:45:55.006 [AsyncHttpClient-1-8] DEBUG org.asynchttpclient.netty.channel.ChannelManager - Adding key: http://localhost:57507 for channel [id: 0x383161e0, L:/127.0.0.1:49497 - R:localhost/127.0.0.1:57507]
00:45:55.007 [Forwarding getElementTagName on session 7c067a9b44f3500cb4a9fa3b2d5052ca to remote] DEBUG org.asynchttpclient.netty.request.NettyRequestSender - Using pooled Channel '[id: 0x383161e0, L:/127.0.0.1:49497 - R:localhost/127.0.0.1:57507]' for 'GET' to 'http://localhost:57507/session/7c067a9b44f3500cb4a9fa3b2d5052ca/element/d9b00da3-6a09-4f55-bcf8-704cfbbec930/name'
00:45:55.007 [Forwarding getElementTagName on session 7c067a9b44f3500cb4a9fa3b2d5052ca to remote] DEBUG org.asynchttpclient.netty.request.NettyRequestSender - Using open Channel [id: 0x383161e0, L:/127.0.0.1:49497 - R:localhost/127.0.0.1:57507] for GET '/session/7c067a9b44f3500cb4a9fa3b2d5052ca/element/d9b00da3-6a09-4f55-bcf8-704cfbbec930/name'
00:45:55.009 [AsyncHttpClient-1-8] DEBUG org.asynchttpclient.netty.handler.HttpHandler - 

Request DefaultFullHttpRequest(decodeResult: success, version: HTTP/1.1, content: EmptyByteBufBE)
GET /session/7c067a9b44f3500cb4a9fa3b2d5052ca/element/d9b00da3-6a09-4f55-bcf8-704cfbbec930/name HTTP/1.1
User-Agent: selenium/4.1.2 (java windows)
Cache-Control: no-cache
Content-Type: application/json; charset=utf-8
host: localhost:57507
accept: */*

Response DefaultHttpResponse(decodeResult: success, version: HTTP/1.1)
HTTP/1.1 200 OK
Content-Type: application/json; charset=utf-8
cache-control: no-cache
content-length: 15

00:45:55.010 [AsyncHttpClient-1-8] DEBUG org.asynchttpclient.netty.channel.ChannelManager - Adding key: http://localhost:57507 for channel [id: 0x383161e0, L:/127.0.0.1:49497 - R:localhost/127.0.0.1:57507]
00:45:55.010 [Forwarding getElementTagName on session 7c067a9b44f3500cb4a9fa3b2d5052ca to remote] DEBUG org.asynchttpclient.netty.request.NettyRequestSender - Using pooled Channel '[id: 0x383161e0, L:/127.0.0.1:49497 - R:localhost/127.0.0.1:57507]' for 'GET' to 'http://localhost:57507/session/7c067a9b44f3500cb4a9fa3b2d5052ca/element/d9b00da3-6a09-4f55-bcf8-704cfbbec930/name'
00:45:55.010 [Forwarding getElementTagName on session 7c067a9b44f3500cb4a9fa3b2d5052ca to remote] DEBUG org.asynchttpclient.netty.request.NettyRequestSender - Using open Channel [id: 0x383161e0, L:/127.0.0.1:49497 - R:localhost/127.0.0.1:57507] for GET '/session/7c067a9b44f3500cb4a9fa3b2d5052ca/element/d9b00da3-6a09-4f55-bcf8-704cfbbec930/name'
00:45:55.012 [AsyncHttpClient-1-8] DEBUG org.asynchttpclient.netty.handler.HttpHandler - 

Request DefaultFullHttpRequest(decodeResult: success, version: HTTP/1.1, content: EmptyByteBufBE)
GET /session/7c067a9b44f3500cb4a9fa3b2d5052ca/element/d9b00da3-6a09-4f55-bcf8-704cfbbec930/name HTTP/1.1
User-Agent: selenium/4.1.2 (java windows)
Cache-Control: no-cache
Content-Type: application/json; charset=utf-8
host: localhost:57507
accept: */*

Response DefaultHttpResponse(decodeResult: success, version: HTTP/1.1)
HTTP/1.1 200 OK
Content-Type: application/json; charset=utf-8
cache-control: no-cache
content-length: 15

00:45:55.012 [AsyncHttpClient-1-8] DEBUG org.asynchttpclient.netty.channel.ChannelManager - Adding key: http://localhost:57507 for channel [id: 0x383161e0, L:/127.0.0.1:49497 - R:localhost/127.0.0.1:57507]
00:45:55.013 [Forwarding findElement on session 7c067a9b44f3500cb4a9fa3b2d5052ca to remote] DEBUG org.asynchttpclient.netty.request.NettyRequestSender - Using pooled Channel '[id: 0x383161e0, L:/127.0.0.1:49497 - R:localhost/127.0.0.1:57507]' for 'POST' to 'http://localhost:57507/session/7c067a9b44f3500cb4a9fa3b2d5052ca/element'
00:45:55.013 [Forwarding findElement on session 7c067a9b44f3500cb4a9fa3b2d5052ca to remote] DEBUG org.asynchttpclient.netty.request.NettyRequestSender - Using open Channel [id: 0x383161e0, L:/127.0.0.1:49497 - R:localhost/127.0.0.1:57507] for POST '/session/7c067a9b44f3500cb4a9fa3b2d5052ca/element'
00:45:55.017 [AsyncHttpClient-1-8] DEBUG org.asynchttpclient.netty.handler.HttpHandler - 

Request DefaultHttpRequest(decodeResult: success, version: HTTP/1.1)
POST /session/7c067a9b44f3500cb4a9fa3b2d5052ca/element HTTP/1.1
User-Agent: selenium/4.1.2 (java windows)
Content-Length: 74
Content-Type: application/json; charset=utf-8
host: localhost:57507
accept: */*

Response DefaultHttpResponse(decodeResult: success, version: HTTP/1.1)
HTTP/1.1 200 OK
Content-Type: application/json; charset=utf-8
cache-control: no-cache
content-length: 88

00:45:55.017 [AsyncHttpClient-1-8] DEBUG org.asynchttpclient.netty.channel.ChannelManager - Adding key: http://localhost:57507 for channel [id: 0x383161e0, L:/127.0.0.1:49497 - R:localhost/127.0.0.1:57507]
00:45:55.018 [Forwarding clickElement on session 7c067a9b44f3500cb4a9fa3b2d5052ca to remote] DEBUG org.asynchttpclient.netty.request.NettyRequestSender - Using pooled Channel '[id: 0x383161e0, L:/127.0.0.1:49497 - R:localhost/127.0.0.1:57507]' for 'POST' to 'http://localhost:57507/session/7c067a9b44f3500cb4a9fa3b2d5052ca/element/d9b00da3-6a09-4f55-bcf8-704cfbbec930/click'
00:45:55.018 [Forwarding clickElement on session 7c067a9b44f3500cb4a9fa3b2d5052ca to remote] DEBUG org.asynchttpclient.netty.request.NettyRequestSender - Using open Channel [id: 0x383161e0, L:/127.0.0.1:49497 - R:localhost/127.0.0.1:57507] for POST '/session/7c067a9b44f3500cb4a9fa3b2d5052ca/element/d9b00da3-6a09-4f55-bcf8-704cfbbec930/click'
00:45:55.045 [AsyncHttpClient-1-8] DEBUG org.asynchttpclient.netty.handler.HttpHandler - 

Request DefaultHttpRequest(decodeResult: success, version: HTTP/1.1)
POST /session/7c067a9b44f3500cb4a9fa3b2d5052ca/element/d9b00da3-6a09-4f55-bcf8-704cfbbec930/click HTTP/1.1
User-Agent: selenium/4.1.2 (java windows)
Content-Length: 50
Content-Type: application/json; charset=utf-8
host: localhost:57507
accept: */*

Response DefaultHttpResponse(decodeResult: success, version: HTTP/1.1)
HTTP/1.1 200 OK
Content-Type: application/json; charset=utf-8
cache-control: no-cache
content-length: 14

00:45:55.045 [AsyncHttpClient-1-8] DEBUG org.asynchttpclient.netty.channel.ChannelManager - Adding key: http://localhost:57507 for channel [id: 0x383161e0, L:/127.0.0.1:49497 - R:localhost/127.0.0.1:57507]
00:45:55.049 [Forwarding screenshot on session 7c067a9b44f3500cb4a9fa3b2d5052ca to remote] DEBUG org.asynchttpclient.netty.request.NettyRequestSender - Using pooled Channel '[id: 0x383161e0, L:/127.0.0.1:49497 - R:localhost/127.0.0.1:57507]' for 'GET' to 'http://localhost:57507/session/7c067a9b44f3500cb4a9fa3b2d5052ca/screenshot'
00:45:55.049 [Forwarding screenshot on session 7c067a9b44f3500cb4a9fa3b2d5052ca to remote] DEBUG org.asynchttpclient.netty.request.NettyRequestSender - Using open Channel [id: 0x383161e0, L:/127.0.0.1:49497 - R:localhost/127.0.0.1:57507] for GET '/session/7c067a9b44f3500cb4a9fa3b2d5052ca/screenshot'
00:45:55.151 [AsyncHttpClient-1-8] DEBUG org.asynchttpclient.netty.handler.HttpHandler - 

Request DefaultFullHttpRequest(decodeResult: success, version: HTTP/1.1, content: EmptyByteBufBE)
GET /session/7c067a9b44f3500cb4a9fa3b2d5052ca/screenshot HTTP/1.1
User-Agent: selenium/4.1.2 (java windows)
Cache-Control: no-cache
Content-Type: application/json; charset=utf-8
host: localhost:57507
accept: */*

Response DefaultHttpResponse(decodeResult: success, version: HTTP/1.1)
HTTP/1.1 200 OK
Content-Type: application/json; charset=utf-8
cache-control: no-cache
content-length: 89072

00:45:55.151 [AsyncHttpClient-1-8] DEBUG org.asynchttpclient.netty.channel.ChannelManager - Adding key: http://localhost:57507 for channel [id: 0x383161e0, L:/127.0.0.1:49497 - R:localhost/127.0.0.1:57507]
00:45:55.153 [main] DEBUG net.serenitybdd.core.photography.Darkroom - Send negative for processing for target\site\serenity\445936d65add98ed5de8167e706ee5e645651534808d95b65841bd7734553eec.png
00:45:55.153 [main] DEBUG net.thucydides.core.steps.StepInterceptor - STEP DONE: chooseuser
  &amp#27;[32mAnd &amp#27;[0m&amp#27;[32madmin fill in all that is ordered&amp#27;[0m &amp#27;[90m# starter.definitions.BookingSteps.adminFillInAllThatIsOrdered()&amp#27;[0m
00:45:55.153 [Darkroom Processing Line] DEBUG net.serenitybdd.core.photography.DarkroomProcessingLine - Processing screenshot image in /var/screenshots/screenshot-13088159107542297409
00:45:55.153 [Darkroom Processing Line] DEBUG net.serenitybdd.core.photography.DarkroomProcessingLine - Saving screenshot to target\site\serenity\445936d65add98ed5de8167e706ee5e645651534808d95b65841bd7734553eec.png
00:45:55.162 [main] DEBUG net.thucydides.core.steps.StepInterceptor - STARTING STEP: BookingSteps.adminSucsessCreateNewBooking - saveclick
00:45:55.164 [Forwarding findElement on session 7c067a9b44f3500cb4a9fa3b2d5052ca to remote] DEBUG org.asynchttpclient.netty.request.NettyRequestSender - Using pooled Channel '[id: 0x383161e0, L:/127.0.0.1:49497 - R:localhost/127.0.0.1:57507]' for 'POST' to 'http://localhost:57507/session/7c067a9b44f3500cb4a9fa3b2d5052ca/element'
00:45:55.164 [Forwarding findElement on session 7c067a9b44f3500cb4a9fa3b2d5052ca to remote] DEBUG org.asynchttpclient.netty.request.NettyRequestSender - Using open Channel [id: 0x383161e0, L:/127.0.0.1:49497 - R:localhost/127.0.0.1:57507] for POST '/session/7c067a9b44f3500cb4a9fa3b2d5052ca/element'
00:45:55.170 [AsyncHttpClient-1-8] DEBUG org.asynchttpclient.netty.handler.HttpHandler - 

Request DefaultHttpRequest(decodeResult: success, version: HTTP/1.1)
POST /session/7c067a9b44f3500cb4a9fa3b2d5052ca/element HTTP/1.1
User-Agent: selenium/4.1.2 (java windows)
Content-Length: 81
Content-Type: application/json; charset=utf-8
host: localhost:57507
accept: */*

Response DefaultHttpResponse(decodeResult: success, version: HTTP/1.1)
HTTP/1.1 200 OK
Content-Type: application/json; charset=utf-8
cache-control: no-cache
content-length: 88

00:45:55.170 [AsyncHttpClient-1-8] DEBUG org.asynchttpclient.netty.channel.ChannelManager - Adding key: http://localhost:57507 for channel [id: 0x383161e0, L:/127.0.0.1:49497 - R:localhost/127.0.0.1:57507]
00:45:55.171 [Forwarding getElementTagName on session 7c067a9b44f3500cb4a9fa3b2d5052ca to remote] DEBUG org.asynchttpclient.netty.request.NettyRequestSender - Using pooled Channel '[id: 0x383161e0, L:/127.0.0.1:49497 - R:localhost/127.0.0.1:57507]' for 'GET' to 'http://localhost:57507/session/7c067a9b44f3500cb4a9fa3b2d5052ca/element/1ea8b9b5-6943-468c-94be-0bd24393b0fe/name'
00:45:55.171 [Forwarding getElementTagName on session 7c067a9b44f3500cb4a9fa3b2d5052ca to remote] DEBUG org.asynchttpclient.netty.request.NettyRequestSender - Using open Channel [id: 0x383161e0, L:/127.0.0.1:49497 - R:localhost/127.0.0.1:57507] for GET '/session/7c067a9b44f3500cb4a9fa3b2d5052ca/element/1ea8b9b5-6943-468c-94be-0bd24393b0fe/name'
00:45:55.173 [AsyncHttpClient-1-8] DEBUG org.asynchttpclient.netty.handler.HttpHandler - 

Request DefaultFullHttpRequest(decodeResult: success, version: HTTP/1.1, content: EmptyByteBufBE)
GET /session/7c067a9b44f3500cb4a9fa3b2d5052ca/element/1ea8b9b5-6943-468c-94be-0bd24393b0fe/name HTTP/1.1
User-Agent: selenium/4.1.2 (java windows)
Cache-Control: no-cache
Content-Type: application/json; charset=utf-8
host: localhost:57507
accept: */*

Response DefaultHttpResponse(decodeResult: success, version: HTTP/1.1)
HTTP/1.1 200 OK
Content-Type: application/json; charset=utf-8
cache-control: no-cache
content-length: 18

00:45:55.173 [AsyncHttpClient-1-8] DEBUG org.asynchttpclient.netty.channel.ChannelManager - Adding key: http://localhost:57507 for channel [id: 0x383161e0, L:/127.0.0.1:49497 - R:localhost/127.0.0.1:57507]
00:45:55.174 [Forwarding getElementTagName on session 7c067a9b44f3500cb4a9fa3b2d5052ca to remote] DEBUG org.asynchttpclient.netty.request.NettyRequestSender - Using pooled Channel '[id: 0x383161e0, L:/127.0.0.1:49497 - R:localhost/127.0.0.1:57507]' for 'GET' to 'http://localhost:57507/session/7c067a9b44f3500cb4a9fa3b2d5052ca/element/1ea8b9b5-6943-468c-94be-0bd24393b0fe/name'
00:45:55.174 [Forwarding getElementTagName on session 7c067a9b44f3500cb4a9fa3b2d5052ca to remote] DEBUG org.asynchttpclient.netty.request.NettyRequestSender - Using open Channel [id: 0x383161e0, L:/127.0.0.1:49497 - R:localhost/127.0.0.1:57507] for GET '/session/7c067a9b44f3500cb4a9fa3b2d5052ca/element/1ea8b9b5-6943-468c-94be-0bd24393b0fe/name'
00:45:55.176 [AsyncHttpClient-1-8] DEBUG org.asynchttpclient.netty.handler.HttpHandler - 

Request DefaultFullHttpRequest(decodeResult: success, version: HTTP/1.1, content: EmptyByteBufBE)
GET /session/7c067a9b44f3500cb4a9fa3b2d5052ca/element/1ea8b9b5-6943-468c-94be-0bd24393b0fe/name HTTP/1.1
User-Agent: selenium/4.1.2 (java windows)
Cache-Control: no-cache
Content-Type: application/json; charset=utf-8
host: localhost:57507
accept: */*

Response DefaultHttpResponse(decodeResult: success, version: HTTP/1.1)
HTTP/1.1 200 OK
Content-Type: application/json; charset=utf-8
cache-control: no-cache
content-length: 18

00:45:55.176 [AsyncHttpClient-1-8] DEBUG org.asynchttpclient.netty.channel.ChannelManager - Adding key: http://localhost:57507 for channel [id: 0x383161e0, L:/127.0.0.1:49497 - R:localhost/127.0.0.1:57507]
00:45:55.177 [Forwarding isElementEnabled on session 7c067a9b44f3500cb4a9fa3b2d5052ca to remote] DEBUG org.asynchttpclient.netty.request.NettyRequestSender - Using pooled Channel '[id: 0x383161e0, L:/127.0.0.1:49497 - R:localhost/127.0.0.1:57507]' for 'GET' to 'http://localhost:57507/session/7c067a9b44f3500cb4a9fa3b2d5052ca/element/1ea8b9b5-6943-468c-94be-0bd24393b0fe/enabled'
00:45:55.177 [Forwarding isElementEnabled on session 7c067a9b44f3500cb4a9fa3b2d5052ca to remote] DEBUG org.asynchttpclient.netty.request.NettyRequestSender - Using open Channel [id: 0x383161e0, L:/127.0.0.1:49497 - R:localhost/127.0.0.1:57507] for GET '/session/7c067a9b44f3500cb4a9fa3b2d5052ca/element/1ea8b9b5-6943-468c-94be-0bd24393b0fe/enabled'
00:45:55.181 [AsyncHttpClient-1-8] DEBUG org.asynchttpclient.netty.handler.HttpHandler - 

Request DefaultFullHttpRequest(decodeResult: success, version: HTTP/1.1, content: EmptyByteBufBE)
GET /session/7c067a9b44f3500cb4a9fa3b2d5052ca/element/1ea8b9b5-6943-468c-94be-0bd24393b0fe/enabled HTTP/1.1
User-Agent: selenium/4.1.2 (java windows)
Cache-Control: no-cache
Content-Type: application/json; charset=utf-8
host: localhost:57507
accept: */*

Response DefaultHttpResponse(decodeResult: success, version: HTTP/1.1)
HTTP/1.1 200 OK
Content-Type: application/json; charset=utf-8
cache-control: no-cache
content-length: 14

00:45:55.181 [AsyncHttpClient-1-8] DEBUG org.asynchttpclient.netty.channel.ChannelManager - Adding key: http://localhost:57507 for channel [id: 0x383161e0, L:/127.0.0.1:49497 - R:localhost/127.0.0.1:57507]
00:45:55.181 [Forwarding isElementEnabled on session 7c067a9b44f3500cb4a9fa3b2d5052ca to remote] DEBUG org.asynchttpclient.netty.request.NettyRequestSender - Using pooled Channel '[id: 0x383161e0, L:/127.0.0.1:49497 - R:localhost/127.0.0.1:57507]' for 'GET' to 'http://localhost:57507/session/7c067a9b44f3500cb4a9fa3b2d5052ca/element/1ea8b9b5-6943-468c-94be-0bd24393b0fe/enabled'
00:45:55.181 [Forwarding isElementEnabled on session 7c067a9b44f3500cb4a9fa3b2d5052ca to remote] DEBUG org.asynchttpclient.netty.request.NettyRequestSender - Using open Channel [id: 0x383161e0, L:/127.0.0.1:49497 - R:localhost/127.0.0.1:57507] for GET '/session/7c067a9b44f3500cb4a9fa3b2d5052ca/element/1ea8b9b5-6943-468c-94be-0bd24393b0fe/enabled'
00:45:55.184 [AsyncHttpClient-1-8] DEBUG org.asynchttpclient.netty.handler.HttpHandler - 

Request DefaultFullHttpRequest(decodeResult: success, version: HTTP/1.1, content: EmptyByteBufBE)
GET /session/7c067a9b44f3500cb4a9fa3b2d5052ca/element/1ea8b9b5-6943-468c-94be-0bd24393b0fe/enabled HTTP/1.1
User-Agent: selenium/4.1.2 (java windows)
Cache-Control: no-cache
Content-Type: application/json; charset=utf-8
host: localhost:57507
accept: */*

Response DefaultHttpResponse(decodeResult: success, version: HTTP/1.1)
HTTP/1.1 200 OK
Content-Type: application/json; charset=utf-8
cache-control: no-cache
content-length: 14

00:45:55.184 [AsyncHttpClient-1-8] DEBUG org.asynchttpclient.netty.channel.ChannelManager - Adding key: http://localhost:57507 for channel [id: 0x383161e0, L:/127.0.0.1:49497 - R:localhost/127.0.0.1:57507]
00:45:55.185 [Forwarding findElement on session 7c067a9b44f3500cb4a9fa3b2d5052ca to remote] DEBUG org.asynchttpclient.netty.request.NettyRequestSender - Using pooled Channel '[id: 0x383161e0, L:/127.0.0.1:49497 - R:localhost/127.0.0.1:57507]' for 'POST' to 'http://localhost:57507/session/7c067a9b44f3500cb4a9fa3b2d5052ca/element'
00:45:55.185 [Forwarding findElement on session 7c067a9b44f3500cb4a9fa3b2d5052ca to remote] DEBUG org.asynchttpclient.netty.request.NettyRequestSender - Using open Channel [id: 0x383161e0, L:/127.0.0.1:49497 - R:localhost/127.0.0.1:57507] for POST '/session/7c067a9b44f3500cb4a9fa3b2d5052ca/element'
00:45:55.188 [AsyncHttpClient-1-8] DEBUG org.asynchttpclient.netty.handler.HttpHandler - 

Request DefaultHttpRequest(decodeResult: success, version: HTTP/1.1)
POST /session/7c067a9b44f3500cb4a9fa3b2d5052ca/element HTTP/1.1
User-Agent: selenium/4.1.2 (java windows)
Content-Length: 81
Content-Type: application/json; charset=utf-8
host: localhost:57507
accept: */*

Response DefaultHttpResponse(decodeResult: success, version: HTTP/1.1)
HTTP/1.1 200 OK
Content-Type: application/json; charset=utf-8
cache-control: no-cache
content-length: 88

00:45:55.188 [AsyncHttpClient-1-8] DEBUG org.asynchttpclient.netty.channel.ChannelManager - Adding key: http://localhost:57507 for channel [id: 0x383161e0, L:/127.0.0.1:49497 - R:localhost/127.0.0.1:57507]
00:45:55.189 [Forwarding clickElement on session 7c067a9b44f3500cb4a9fa3b2d5052ca to remote] DEBUG org.asynchttpclient.netty.request.NettyRequestSender - Using pooled Channel '[id: 0x383161e0, L:/127.0.0.1:49497 - R:localhost/127.0.0.1:57507]' for 'POST' to 'http://localhost:57507/session/7c067a9b44f3500cb4a9fa3b2d5052ca/element/1ea8b9b5-6943-468c-94be-0bd24393b0fe/click'
00:45:55.189 [Forwarding clickElement on session 7c067a9b44f3500cb4a9fa3b2d5052ca to remote] DEBUG org.asynchttpclient.netty.request.NettyRequestSender - Using open Channel [id: 0x383161e0, L:/127.0.0.1:49497 - R:localhost/127.0.0.1:57507] for POST '/session/7c067a9b44f3500cb4a9fa3b2d5052ca/element/1ea8b9b5-6943-468c-94be-0bd24393b0fe/click'
00:45:55.214 [AsyncHttpClient-1-8] DEBUG org.asynchttpclient.netty.handler.HttpHandler - 

Request DefaultHttpRequest(decodeResult: success, version: HTTP/1.1)
POST /session/7c067a9b44f3500cb4a9fa3b2d5052ca/element/1ea8b9b5-6943-468c-94be-0bd24393b0fe/click HTTP/1.1
User-Agent: selenium/4.1.2 (java windows)
Content-Length: 50
Content-Type: application/json; charset=utf-8
host: localhost:57507
accept: */*

Response DefaultHttpResponse(decodeResult: success, version: HTTP/1.1)
HTTP/1.1 200 OK
Content-Type: application/json; charset=utf-8
cache-control: no-cache
content-length: 14

00:45:55.214 [AsyncHttpClient-1-8] DEBUG org.asynchttpclient.netty.channel.ChannelManager - Adding key: http://localhost:57507 for channel [id: 0x383161e0, L:/127.0.0.1:49497 - R:localhost/127.0.0.1:57507]
00:45:55.217 [Forwarding screenshot on session 7c067a9b44f3500cb4a9fa3b2d5052ca to remote] DEBUG org.asynchttpclient.netty.request.NettyRequestSender - Using pooled Channel '[id: 0x383161e0, L:/127.0.0.1:49497 - R:localhost/127.0.0.1:57507]' for 'GET' to 'http://localhost:57507/session/7c067a9b44f3500cb4a9fa3b2d5052ca/screenshot'
00:45:55.217 [Forwarding screenshot on session 7c067a9b44f3500cb4a9fa3b2d5052ca to remote] DEBUG org.asynchttpclient.netty.request.NettyRequestSender - Using open Channel [id: 0x383161e0, L:/127.0.0.1:49497 - R:localhost/127.0.0.1:57507] for GET '/session/7c067a9b44f3500cb4a9fa3b2d5052ca/screenshot'
00:45:55.322 [AsyncHttpClient-1-8] DEBUG org.asynchttpclient.netty.handler.HttpHandler - 

Request DefaultFullHttpRequest(decodeResult: success, version: HTTP/1.1, content: EmptyByteBufBE)
GET /session/7c067a9b44f3500cb4a9fa3b2d5052ca/screenshot HTTP/1.1
User-Agent: selenium/4.1.2 (java windows)
Cache-Control: no-cache
Content-Type: application/json; charset=utf-8
host: localhost:57507
accept: */*

Response DefaultHttpResponse(decodeResult: success, version: HTTP/1.1)
HTTP/1.1 200 OK
Content-Type: application/json; charset=utf-8
cache-control: no-cache
content-length: 105376

00:45:55.322 [AsyncHttpClient-1-8] DEBUG org.asynchttpclient.netty.channel.ChannelManager - Adding key: http://localhost:57507 for channel [id: 0x383161e0, L:/127.0.0.1:49497 - R:localhost/127.0.0.1:57507]
00:45:55.324 [main] DEBUG net.serenitybdd.core.photography.Darkroom - Send negative for processing for target\site\serenity\2adb38dfbead5e137dce860e6d999974e79c618e821a18059d7563aa89b0e459.png
00:45:55.324 [main] DEBUG net.thucydides.core.steps.StepInterceptor - STEP DONE: saveclick
00:45:55.324 [Darkroom Processing Line] DEBUG net.serenitybdd.core.photography.DarkroomProcessingLine - Processing screenshot image in /var/screenshots/screenshot-11980998455393771351
00:45:55.324 [Darkroom Processing Line] DEBUG net.serenitybdd.core.photography.DarkroomProcessingLine - Saving screenshot to target\site\serenity\2adb38dfbead5e137dce860e6d999974e79c618e821a18059d7563aa89b0e459.png
00:45:55.327 [main] DEBUG net.thucydides.core.steps.StepInterceptor - STARTING STEP: BookingSteps.adminSucsessCreateNewBooking - clickyessave
00:45:55.329 [Forwarding findElement on session 7c067a9b44f3500cb4a9fa3b2d5052ca to remote] DEBUG org.asynchttpclient.netty.request.NettyRequestSender - Using pooled Channel '[id: 0x383161e0, L:/127.0.0.1:49497 - R:localhost/127.0.0.1:57507]' for 'POST' to 'http://localhost:57507/session/7c067a9b44f3500cb4a9fa3b2d5052ca/element'
00:45:55.329 [Forwarding findElement on session 7c067a9b44f3500cb4a9fa3b2d5052ca to remote] DEBUG org.asynchttpclient.netty.request.NettyRequestSender - Using open Channel [id: 0x383161e0, L:/127.0.0.1:49497 - R:localhost/127.0.0.1:57507] for POST '/session/7c067a9b44f3500cb4a9fa3b2d5052ca/element'
00:45:55.336 [AsyncHttpClient-1-8] DEBUG org.asynchttpclient.netty.handler.HttpHandler - 

Request DefaultHttpRequest(decodeResult: success, version: HTTP/1.1)
POST /session/7c067a9b44f3500cb4a9fa3b2d5052ca/element HTTP/1.1
User-Agent: selenium/4.1.2 (java windows)
Content-Length: 79
Content-Type: application/json; charset=utf-8
host: localhost:57507
accept: */*

Response DefaultHttpResponse(decodeResult: success, version: HTTP/1.1)
HTTP/1.1 200 OK
Content-Type: application/json; charset=utf-8
cache-control: no-cache
content-length: 88

00:45:55.336 [AsyncHttpClient-1-8] DEBUG org.asynchttpclient.netty.channel.ChannelManager - Adding key: http://localhost:57507 for channel [id: 0x383161e0, L:/127.0.0.1:49497 - R:localhost/127.0.0.1:57507]
00:45:55.337 [Forwarding getElementTagName on session 7c067a9b44f3500cb4a9fa3b2d5052ca to remote] DEBUG org.asynchttpclient.netty.request.NettyRequestSender - Using pooled Channel '[id: 0x383161e0, L:/127.0.0.1:49497 - R:localhost/127.0.0.1:57507]' for 'GET' to 'http://localhost:57507/session/7c067a9b44f3500cb4a9fa3b2d5052ca/element/a3850f09-9e18-4c0d-98c7-cc689683ad75/name'
00:45:55.337 [Forwarding getElementTagName on session 7c067a9b44f3500cb4a9fa3b2d5052ca to remote] DEBUG org.asynchttpclient.netty.request.NettyRequestSender - Using open Channel [id: 0x383161e0, L:/127.0.0.1:49497 - R:localhost/127.0.0.1:57507] for GET '/session/7c067a9b44f3500cb4a9fa3b2d5052ca/element/a3850f09-9e18-4c0d-98c7-cc689683ad75/name'
00:45:55.340 [AsyncHttpClient-1-8] DEBUG org.asynchttpclient.netty.handler.HttpHandler - 

Request DefaultFullHttpRequest(decodeResult: success, version: HTTP/1.1, content: EmptyByteBufBE)
GET /session/7c067a9b44f3500cb4a9fa3b2d5052ca/element/a3850f09-9e18-4c0d-98c7-cc689683ad75/name HTTP/1.1
User-Agent: selenium/4.1.2 (java windows)
Cache-Control: no-cache
Content-Type: application/json; charset=utf-8
host: localhost:57507
accept: */*

Response DefaultHttpResponse(decodeResult: success, version: HTTP/1.1)
HTTP/1.1 200 OK
Content-Type: application/json; charset=utf-8
cache-control: no-cache
content-length: 18

00:45:55.340 [AsyncHttpClient-1-8] DEBUG org.asynchttpclient.netty.channel.ChannelManager - Adding key: http://localhost:57507 for channel [id: 0x383161e0, L:/127.0.0.1:49497 - R:localhost/127.0.0.1:57507]
00:45:55.341 [Forwarding getElementTagName on session 7c067a9b44f3500cb4a9fa3b2d5052ca to remote] DEBUG org.asynchttpclient.netty.request.NettyRequestSender - Using pooled Channel '[id: 0x383161e0, L:/127.0.0.1:49497 - R:localhost/127.0.0.1:57507]' for 'GET' to 'http://localhost:57507/session/7c067a9b44f3500cb4a9fa3b2d5052ca/element/a3850f09-9e18-4c0d-98c7-cc689683ad75/name'
00:45:55.341 [Forwarding getElementTagName on session 7c067a9b44f3500cb4a9fa3b2d5052ca to remote] DEBUG org.asynchttpclient.netty.request.NettyRequestSender - Using open Channel [id: 0x383161e0, L:/127.0.0.1:49497 - R:localhost/127.0.0.1:57507] for GET '/session/7c067a9b44f3500cb4a9fa3b2d5052ca/element/a3850f09-9e18-4c0d-98c7-cc689683ad75/name'
00:45:55.343 [AsyncHttpClient-1-8] DEBUG org.asynchttpclient.netty.handler.HttpHandler - 

Request DefaultFullHttpRequest(decodeResult: success, version: HTTP/1.1, content: EmptyByteBufBE)
GET /session/7c067a9b44f3500cb4a9fa3b2d5052ca/element/a3850f09-9e18-4c0d-98c7-cc689683ad75/name HTTP/1.1
User-Agent: selenium/4.1.2 (java windows)
Cache-Control: no-cache
Content-Type: application/json; charset=utf-8
host: localhost:57507
accept: */*

Response DefaultHttpResponse(decodeResult: success, version: HTTP/1.1)
HTTP/1.1 200 OK
Content-Type: application/json; charset=utf-8
cache-control: no-cache
content-length: 18

00:45:55.343 [AsyncHttpClient-1-8] DEBUG org.asynchttpclient.netty.channel.ChannelManager - Adding key: http://localhost:57507 for channel [id: 0x383161e0, L:/127.0.0.1:49497 - R:localhost/127.0.0.1:57507]
00:45:55.344 [Forwarding isElementEnabled on session 7c067a9b44f3500cb4a9fa3b2d5052ca to remote] DEBUG org.asynchttpclient.netty.request.NettyRequestSender - Using pooled Channel '[id: 0x383161e0, L:/127.0.0.1:49497 - R:localhost/127.0.0.1:57507]' for 'GET' to 'http://localhost:57507/session/7c067a9b44f3500cb4a9fa3b2d5052ca/element/a3850f09-9e18-4c0d-98c7-cc689683ad75/enabled'
00:45:55.344 [Forwarding isElementEnabled on session 7c067a9b44f3500cb4a9fa3b2d5052ca to remote] DEBUG org.asynchttpclient.netty.request.NettyRequestSender - Using open Channel [id: 0x383161e0, L:/127.0.0.1:49497 - R:localhost/127.0.0.1:57507] for GET '/session/7c067a9b44f3500cb4a9fa3b2d5052ca/element/a3850f09-9e18-4c0d-98c7-cc689683ad75/enabled'
00:45:55.348 [AsyncHttpClient-1-8] DEBUG org.asynchttpclient.netty.handler.HttpHandler - 

Request DefaultFullHttpRequest(decodeResult: success, version: HTTP/1.1, content: EmptyByteBufBE)
GET /session/7c067a9b44f3500cb4a9fa3b2d5052ca/element/a3850f09-9e18-4c0d-98c7-cc689683ad75/enabled HTTP/1.1
User-Agent: selenium/4.1.2 (java windows)
Cache-Control: no-cache
Content-Type: application/json; charset=utf-8
host: localhost:57507
accept: */*

Response DefaultHttpResponse(decodeResult: success, version: HTTP/1.1)
HTTP/1.1 200 OK
Content-Type: application/json; charset=utf-8
cache-control: no-cache
content-length: 14

00:45:55.348 [AsyncHttpClient-1-8] DEBUG org.asynchttpclient.netty.channel.ChannelManager - Adding key: http://localhost:57507 for channel [id: 0x383161e0, L:/127.0.0.1:49497 - R:localhost/127.0.0.1:57507]
00:45:55.349 [Forwarding isElementEnabled on session 7c067a9b44f3500cb4a9fa3b2d5052ca to remote] DEBUG org.asynchttpclient.netty.request.NettyRequestSender - Using pooled Channel '[id: 0x383161e0, L:/127.0.0.1:49497 - R:localhost/127.0.0.1:57507]' for 'GET' to 'http://localhost:57507/session/7c067a9b44f3500cb4a9fa3b2d5052ca/element/a3850f09-9e18-4c0d-98c7-cc689683ad75/enabled'
00:45:55.349 [Forwarding isElementEnabled on session 7c067a9b44f3500cb4a9fa3b2d5052ca to remote] DEBUG org.asynchttpclient.netty.request.NettyRequestSender - Using open Channel [id: 0x383161e0, L:/127.0.0.1:49497 - R:localhost/127.0.0.1:57507] for GET '/session/7c067a9b44f3500cb4a9fa3b2d5052ca/element/a3850f09-9e18-4c0d-98c7-cc689683ad75/enabled'
00:45:55.352 [AsyncHttpClient-1-8] DEBUG org.asynchttpclient.netty.handler.HttpHandler - 

Request DefaultFullHttpRequest(decodeResult: success, version: HTTP/1.1, content: EmptyByteBufBE)
GET /session/7c067a9b44f3500cb4a9fa3b2d5052ca/element/a3850f09-9e18-4c0d-98c7-cc689683ad75/enabled HTTP/1.1
User-Agent: selenium/4.1.2 (java windows)
Cache-Control: no-cache
Content-Type: application/json; charset=utf-8
host: localhost:57507
accept: */*

Response DefaultHttpResponse(decodeResult: success, version: HTTP/1.1)
HTTP/1.1 200 OK
Content-Type: application/json; charset=utf-8
cache-control: no-cache
content-length: 14

00:45:55.352 [AsyncHttpClient-1-8] DEBUG org.asynchttpclient.netty.channel.ChannelManager - Adding key: http://localhost:57507 for channel [id: 0x383161e0, L:/127.0.0.1:49497 - R:localhost/127.0.0.1:57507]
00:45:55.353 [Forwarding findElement on session 7c067a9b44f3500cb4a9fa3b2d5052ca to remote] DEBUG org.asynchttpclient.netty.request.NettyRequestSender - Using pooled Channel '[id: 0x383161e0, L:/127.0.0.1:49497 - R:localhost/127.0.0.1:57507]' for 'POST' to 'http://localhost:57507/session/7c067a9b44f3500cb4a9fa3b2d5052ca/element'
00:45:55.353 [Forwarding findElement on session 7c067a9b44f3500cb4a9fa3b2d5052ca to remote] DEBUG org.asynchttpclient.netty.request.NettyRequestSender - Using open Channel [id: 0x383161e0, L:/127.0.0.1:49497 - R:localhost/127.0.0.1:57507] for POST '/session/7c067a9b44f3500cb4a9fa3b2d5052ca/element'
00:45:55.358 [AsyncHttpClient-1-8] DEBUG org.asynchttpclient.netty.handler.HttpHandler - 

Request DefaultHttpRequest(decodeResult: success, version: HTTP/1.1)
POST /session/7c067a9b44f3500cb4a9fa3b2d5052ca/element HTTP/1.1
User-Agent: selenium/4.1.2 (java windows)
Content-Length: 79
Content-Type: application/json; charset=utf-8
host: localhost:57507
accept: */*

Response DefaultHttpResponse(decodeResult: success, version: HTTP/1.1)
HTTP/1.1 200 OK
Content-Type: application/json; charset=utf-8
cache-control: no-cache
content-length: 88

00:45:55.358 [AsyncHttpClient-1-8] DEBUG org.asynchttpclient.netty.channel.ChannelManager - Adding key: http://localhost:57507 for channel [id: 0x383161e0, L:/127.0.0.1:49497 - R:localhost/127.0.0.1:57507]
00:45:55.359 [Forwarding clickElement on session 7c067a9b44f3500cb4a9fa3b2d5052ca to remote] DEBUG org.asynchttpclient.netty.request.NettyRequestSender - Using pooled Channel '[id: 0x383161e0, L:/127.0.0.1:49497 - R:localhost/127.0.0.1:57507]' for 'POST' to 'http://localhost:57507/session/7c067a9b44f3500cb4a9fa3b2d5052ca/element/a3850f09-9e18-4c0d-98c7-cc689683ad75/click'
00:45:55.359 [Forwarding clickElement on session 7c067a9b44f3500cb4a9fa3b2d5052ca to remote] DEBUG org.asynchttpclient.netty.request.NettyRequestSender - Using open Channel [id: 0x383161e0, L:/127.0.0.1:49497 - R:localhost/127.0.0.1:57507] for POST '/session/7c067a9b44f3500cb4a9fa3b2d5052ca/element/a3850f09-9e18-4c0d-98c7-cc689683ad75/click'
00:45:55.380 [AsyncHttpClient-1-8] DEBUG org.asynchttpclient.netty.handler.HttpHandler - 

Request DefaultHttpRequest(decodeResult: success, version: HTTP/1.1)
POST /session/7c067a9b44f3500cb4a9fa3b2d5052ca/element/a3850f09-9e18-4c0d-98c7-cc689683ad75/click HTTP/1.1
User-Agent: selenium/4.1.2 (java windows)
Content-Length: 50
Content-Type: application/json; charset=utf-8
host: localhost:57507
accept: */*

Response DefaultHttpResponse(decodeResult: success, version: HTTP/1.1)
HTTP/1.1 200 OK
Content-Type: application/json; charset=utf-8
cache-control: no-cache
content-length: 14

00:45:55.381 [AsyncHttpClient-1-8] DEBUG org.asynchttpclient.netty.channel.ChannelManager - Adding key: http://localhost:57507 for channel [id: 0x383161e0, L:/127.0.0.1:49497 - R:localhost/127.0.0.1:57507]
00:45:55.384 [Forwarding screenshot on session 7c067a9b44f3500cb4a9fa3b2d5052ca to remote] DEBUG org.asynchttpclient.netty.request.NettyRequestSender - Using pooled Channel '[id: 0x383161e0, L:/127.0.0.1:49497 - R:localhost/127.0.0.1:57507]' for 'GET' to 'http://localhost:57507/session/7c067a9b44f3500cb4a9fa3b2d5052ca/screenshot'
00:45:55.384 [Forwarding screenshot on session 7c067a9b44f3500cb4a9fa3b2d5052ca to remote] DEBUG org.asynchttpclient.netty.request.NettyRequestSender - Using open Channel [id: 0x383161e0, L:/127.0.0.1:49497 - R:localhost/127.0.0.1:57507] for GET '/session/7c067a9b44f3500cb4a9fa3b2d5052ca/screenshot'
00:45:55.491 [AsyncHttpClient-1-8] DEBUG org.asynchttpclient.netty.handler.HttpHandler - 

Request DefaultFullHttpRequest(decodeResult: success, version: HTTP/1.1, content: EmptyByteBufBE)
GET /session/7c067a9b44f3500cb4a9fa3b2d5052ca/screenshot HTTP/1.1
User-Agent: selenium/4.1.2 (java windows)
Cache-Control: no-cache
Content-Type: application/json; charset=utf-8
host: localhost:57507
accept: */*

Response DefaultHttpResponse(decodeResult: success, version: HTTP/1.1)
HTTP/1.1 200 OK
Content-Type: application/json; charset=utf-8
cache-control: no-cache
content-length: 111064

00:45:55.491 [AsyncHttpClient-1-8] DEBUG org.asynchttpclient.netty.channel.ChannelManager - Adding key: http://localhost:57507 for channel [id: 0x383161e0, L:/127.0.0.1:49497 - R:localhost/127.0.0.1:57507]
00:45:55.493 [main] DEBUG net.serenitybdd.core.photography.Darkroom - Send negative for processing for target\site\serenity\cdab99c9bab5840a7628ead02d5cf2a24a6e14034311688d8fed03aa10de7ce2.png
00:45:55.493 [main] DEBUG net.thucydides.core.steps.StepInterceptor - STEP DONE: clickyessave
00:45:55.493 [Darkroom Processing Line] DEBUG net.serenitybdd.core.photography.DarkroomProcessingLine - Processing screenshot image in /var/screenshots/screenshot-10541706712280172383
00:45:55.493 [Darkroom Processing Line] DEBUG net.serenitybdd.core.photography.DarkroomProcessingLine - Saving screenshot to target\site\serenity\cdab99c9bab5840a7628ead02d5cf2a24a6e14034311688d8fed03aa10de7ce2.png
00:45:55.496 [main] DEBUG net.thucydides.core.steps.StepInterceptor - STARTING STEP: BookingSteps.adminSucsessCreateNewBooking - clickok
00:45:55.497 [Forwarding findElement on session 7c067a9b44f3500cb4a9fa3b2d5052ca to remote] DEBUG org.asynchttpclient.netty.request.NettyRequestSender - Using pooled Channel '[id: 0x383161e0, L:/127.0.0.1:49497 - R:localhost/127.0.0.1:57507]' for 'POST' to 'http://localhost:57507/session/7c067a9b44f3500cb4a9fa3b2d5052ca/element'
00:45:55.497 [Forwarding findElement on session 7c067a9b44f3500cb4a9fa3b2d5052ca to remote] DEBUG org.asynchttpclient.netty.request.NettyRequestSender - Using open Channel [id: 0x383161e0, L:/127.0.0.1:49497 - R:localhost/127.0.0.1:57507] for POST '/session/7c067a9b44f3500cb4a9fa3b2d5052ca/element'
00:45:55.631 [AsyncHttpClient-1-8] DEBUG org.asynchttpclient.netty.handler.HttpHandler - 

Request DefaultHttpRequest(decodeResult: success, version: HTTP/1.1)
POST /session/7c067a9b44f3500cb4a9fa3b2d5052ca/element HTTP/1.1
User-Agent: selenium/4.1.2 (java windows)
Content-Length: 68
Content-Type: application/json; charset=utf-8
host: localhost:57507
accept: */*

Response DefaultHttpResponse(decodeResult: success, version: HTTP/1.1)
HTTP/1.1 200 OK
Content-Type: application/json; charset=utf-8
cache-control: no-cache
content-length: 88

00:45:55.631 [AsyncHttpClient-1-8] DEBUG org.asynchttpclient.netty.channel.ChannelManager - Adding key: http://localhost:57507 for channel [id: 0x383161e0, L:/127.0.0.1:49497 - R:localhost/127.0.0.1:57507]
00:45:55.632 [Forwarding getElementTagName on session 7c067a9b44f3500cb4a9fa3b2d5052ca to remote] DEBUG org.asynchttpclient.netty.request.NettyRequestSender - Using pooled Channel '[id: 0x383161e0, L:/127.0.0.1:49497 - R:localhost/127.0.0.1:57507]' for 'GET' to 'http://localhost:57507/session/7c067a9b44f3500cb4a9fa3b2d5052ca/element/f847584a-e0c0-4da5-872e-4ad8aad15a52/name'
00:45:55.632 [Forwarding getElementTagName on session 7c067a9b44f3500cb4a9fa3b2d5052ca to remote] DEBUG org.asynchttpclient.netty.request.NettyRequestSender - Using open Channel [id: 0x383161e0, L:/127.0.0.1:49497 - R:localhost/127.0.0.1:57507] for GET '/session/7c067a9b44f3500cb4a9fa3b2d5052ca/element/f847584a-e0c0-4da5-872e-4ad8aad15a52/name'
00:45:55.634 [AsyncHttpClient-1-8] DEBUG org.asynchttpclient.netty.handler.HttpHandler - 

Request DefaultFullHttpRequest(decodeResult: success, version: HTTP/1.1, content: EmptyByteBufBE)
GET /session/7c067a9b44f3500cb4a9fa3b2d5052ca/element/f847584a-e0c0-4da5-872e-4ad8aad15a52/name HTTP/1.1
User-Agent: selenium/4.1.2 (java windows)
Cache-Control: no-cache
Content-Type: application/json; charset=utf-8
host: localhost:57507
accept: */*

Response DefaultHttpResponse(decodeResult: success, version: HTTP/1.1)
HTTP/1.1 200 OK
Content-Type: application/json; charset=utf-8
cache-control: no-cache
content-length: 18

00:45:55.634 [AsyncHttpClient-1-8] DEBUG org.asynchttpclient.netty.channel.ChannelManager - Adding key: http://localhost:57507 for channel [id: 0x383161e0, L:/127.0.0.1:49497 - R:localhost/127.0.0.1:57507]
00:45:55.635 [Forwarding getElementTagName on session 7c067a9b44f3500cb4a9fa3b2d5052ca to remote] DEBUG org.asynchttpclient.netty.request.NettyRequestSender - Using pooled Channel '[id: 0x383161e0, L:/127.0.0.1:49497 - R:localhost/127.0.0.1:57507]' for 'GET' to 'http://localhost:57507/session/7c067a9b44f3500cb4a9fa3b2d5052ca/element/f847584a-e0c0-4da5-872e-4ad8aad15a52/name'
00:45:55.635 [Forwarding getElementTagName on session 7c067a9b44f3500cb4a9fa3b2d5052ca to remote] DEBUG org.asynchttpclient.netty.request.NettyRequestSender - Using open Channel [id: 0x383161e0, L:/127.0.0.1:49497 - R:localhost/127.0.0.1:57507] for GET '/session/7c067a9b44f3500cb4a9fa3b2d5052ca/element/f847584a-e0c0-4da5-872e-4ad8aad15a52/name'
00:45:55.636 [AsyncHttpClient-1-8] DEBUG org.asynchttpclient.netty.handler.HttpHandler - 

Request DefaultFullHttpRequest(decodeResult: success, version: HTTP/1.1, content: EmptyByteBufBE)
GET /session/7c067a9b44f3500cb4a9fa3b2d5052ca/element/f847584a-e0c0-4da5-872e-4ad8aad15a52/name HTTP/1.1
User-Agent: selenium/4.1.2 (java windows)
Cache-Control: no-cache
Content-Type: application/json; charset=utf-8
host: localhost:57507
accept: */*

Response DefaultHttpResponse(decodeResult: success, version: HTTP/1.1)
HTTP/1.1 200 OK
Content-Type: application/json; charset=utf-8
cache-control: no-cache
content-length: 18

00:45:55.637 [AsyncHttpClient-1-8] DEBUG org.asynchttpclient.netty.channel.ChannelManager - Adding key: http://localhost:57507 for channel [id: 0x383161e0, L:/127.0.0.1:49497 - R:localhost/127.0.0.1:57507]
00:45:55.638 [Forwarding isElementEnabled on session 7c067a9b44f3500cb4a9fa3b2d5052ca to remote] DEBUG org.asynchttpclient.netty.request.NettyRequestSender - Using pooled Channel '[id: 0x383161e0, L:/127.0.0.1:49497 - R:localhost/127.0.0.1:57507]' for 'GET' to 'http://localhost:57507/session/7c067a9b44f3500cb4a9fa3b2d5052ca/element/f847584a-e0c0-4da5-872e-4ad8aad15a52/enabled'
00:45:55.638 [Forwarding isElementEnabled on session 7c067a9b44f3500cb4a9fa3b2d5052ca to remote] DEBUG org.asynchttpclient.netty.request.NettyRequestSender - Using open Channel [id: 0x383161e0, L:/127.0.0.1:49497 - R:localhost/127.0.0.1:57507] for GET '/session/7c067a9b44f3500cb4a9fa3b2d5052ca/element/f847584a-e0c0-4da5-872e-4ad8aad15a52/enabled'
00:45:55.642 [AsyncHttpClient-1-8] DEBUG org.asynchttpclient.netty.handler.HttpHandler - 

Request DefaultFullHttpRequest(decodeResult: success, version: HTTP/1.1, content: EmptyByteBufBE)
GET /session/7c067a9b44f3500cb4a9fa3b2d5052ca/element/f847584a-e0c0-4da5-872e-4ad8aad15a52/enabled HTTP/1.1
User-Agent: selenium/4.1.2 (java windows)
Cache-Control: no-cache
Content-Type: application/json; charset=utf-8
host: localhost:57507
accept: */*

Response DefaultHttpResponse(decodeResult: success, version: HTTP/1.1)
HTTP/1.1 200 OK
Content-Type: application/json; charset=utf-8
cache-control: no-cache
content-length: 14

00:45:55.642 [AsyncHttpClient-1-8] DEBUG org.asynchttpclient.netty.channel.ChannelManager - Adding key: http://localhost:57507 for channel [id: 0x383161e0, L:/127.0.0.1:49497 - R:localhost/127.0.0.1:57507]
00:45:55.643 [Forwarding isElementEnabled on session 7c067a9b44f3500cb4a9fa3b2d5052ca to remote] DEBUG org.asynchttpclient.netty.request.NettyRequestSender - Using pooled Channel '[id: 0x383161e0, L:/127.0.0.1:49497 - R:localhost/127.0.0.1:57507]' for 'GET' to 'http://localhost:57507/session/7c067a9b44f3500cb4a9fa3b2d5052ca/element/f847584a-e0c0-4da5-872e-4ad8aad15a52/enabled'
00:45:55.643 [Forwarding isElementEnabled on session 7c067a9b44f3500cb4a9fa3b2d5052ca to remote] DEBUG org.asynchttpclient.netty.request.NettyRequestSender - Using open Channel [id: 0x383161e0, L:/127.0.0.1:49497 - R:localhost/127.0.0.1:57507] for GET '/session/7c067a9b44f3500cb4a9fa3b2d5052ca/element/f847584a-e0c0-4da5-872e-4ad8aad15a52/enabled'
00:45:55.646 [AsyncHttpClient-1-8] DEBUG org.asynchttpclient.netty.handler.HttpHandler - 

Request DefaultFullHttpRequest(decodeResult: success, version: HTTP/1.1, content: EmptyByteBufBE)
GET /session/7c067a9b44f3500cb4a9fa3b2d5052ca/element/f847584a-e0c0-4da5-872e-4ad8aad15a52/enabled HTTP/1.1
User-Agent: selenium/4.1.2 (java windows)
Cache-Control: no-cache
Content-Type: application/json; charset=utf-8
host: localhost:57507
accept: */*

Response DefaultHttpResponse(decodeResult: success, version: HTTP/1.1)
HTTP/1.1 200 OK
Content-Type: application/json; charset=utf-8
cache-control: no-cache
content-length: 14

00:45:55.646 [AsyncHttpClient-1-8] DEBUG org.asynchttpclient.netty.channel.ChannelManager - Adding key: http://localhost:57507 for channel [id: 0x383161e0, L:/127.0.0.1:49497 - R:localhost/127.0.0.1:57507]
00:45:55.647 [Forwarding findElement on session 7c067a9b44f3500cb4a9fa3b2d5052ca to remote] DEBUG org.asynchttpclient.netty.request.NettyRequestSender - Using pooled Channel '[id: 0x383161e0, L:/127.0.0.1:49497 - R:localhost/127.0.0.1:57507]' for 'POST' to 'http://localhost:57507/session/7c067a9b44f3500cb4a9fa3b2d5052ca/element'
00:45:55.647 [Forwarding findElement on session 7c067a9b44f3500cb4a9fa3b2d5052ca to remote] DEBUG org.asynchttpclient.netty.request.NettyRequestSender - Using open Channel [id: 0x383161e0, L:/127.0.0.1:49497 - R:localhost/127.0.0.1:57507] for POST '/session/7c067a9b44f3500cb4a9fa3b2d5052ca/element'
00:45:55.651 [AsyncHttpClient-1-8] DEBUG org.asynchttpclient.netty.handler.HttpHandler - 

Request DefaultHttpRequest(decodeResult: success, version: HTTP/1.1)
POST /session/7c067a9b44f3500cb4a9fa3b2d5052ca/element HTTP/1.1
User-Agent: selenium/4.1.2 (java windows)
Content-Length: 68
Content-Type: application/json; charset=utf-8
host: localhost:57507
accept: */*

Response DefaultHttpResponse(decodeResult: success, version: HTTP/1.1)
HTTP/1.1 200 OK
Content-Type: application/json; charset=utf-8
cache-control: no-cache
content-length: 88

00:45:55.651 [AsyncHttpClient-1-8] DEBUG org.asynchttpclient.netty.channel.ChannelManager - Adding key: http://localhost:57507 for channel [id: 0x383161e0, L:/127.0.0.1:49497 - R:localhost/127.0.0.1:57507]
00:45:55.651 [Forwarding clickElement on session 7c067a9b44f3500cb4a9fa3b2d5052ca to remote] DEBUG org.asynchttpclient.netty.request.NettyRequestSender - Using pooled Channel '[id: 0x383161e0, L:/127.0.0.1:49497 - R:localhost/127.0.0.1:57507]' for 'POST' to 'http://localhost:57507/session/7c067a9b44f3500cb4a9fa3b2d5052ca/element/f847584a-e0c0-4da5-872e-4ad8aad15a52/click'
00:45:55.651 [Forwarding clickElement on session 7c067a9b44f3500cb4a9fa3b2d5052ca to remote] DEBUG org.asynchttpclient.netty.request.NettyRequestSender - Using open Channel [id: 0x383161e0, L:/127.0.0.1:49497 - R:localhost/127.0.0.1:57507] for POST '/session/7c067a9b44f3500cb4a9fa3b2d5052ca/element/f847584a-e0c0-4da5-872e-4ad8aad15a52/click'
00:45:55.669 [AsyncHttpClient-1-8] DEBUG org.asynchttpclient.netty.handler.HttpHandler - 

Request DefaultHttpRequest(decodeResult: success, version: HTTP/1.1)
POST /session/7c067a9b44f3500cb4a9fa3b2d5052ca/element/f847584a-e0c0-4da5-872e-4ad8aad15a52/click HTTP/1.1
User-Agent: selenium/4.1.2 (java windows)
Content-Length: 50
Content-Type: application/json; charset=utf-8
host: localhost:57507
accept: */*

Response DefaultHttpResponse(decodeResult: success, version: HTTP/1.1)
HTTP/1.1 200 OK
Content-Type: application/json; charset=utf-8
cache-control: no-cache
content-length: 14

00:45:55.669 [AsyncHttpClient-1-8] DEBUG org.asynchttpclient.netty.channel.ChannelManager - Adding key: http://localhost:57507 for channel [id: 0x383161e0, L:/127.0.0.1:49497 - R:localhost/127.0.0.1:57507]
00:45:55.673 [Forwarding screenshot on session 7c067a9b44f3500cb4a9fa3b2d5052ca to remote] DEBUG org.asynchttpclient.netty.request.NettyRequestSender - Using pooled Channel '[id: 0x383161e0, L:/127.0.0.1:49497 - R:localhost/127.0.0.1:57507]' for 'GET' to 'http://localhost:57507/session/7c067a9b44f3500cb4a9fa3b2d5052ca/screenshot'
00:45:55.673 [Forwarding screenshot on session 7c067a9b44f3500cb4a9fa3b2d5052ca to remote] DEBUG org.asynchttpclient.netty.request.NettyRequestSender - Using open Channel [id: 0x383161e0, L:/127.0.0.1:49497 - R:localhost/127.0.0.1:57507] for GET '/session/7c067a9b44f3500cb4a9fa3b2d5052ca/screenshot'
00:45:55.811 [AsyncHttpClient-1-8] DEBUG org.asynchttpclient.netty.handler.HttpHandler - 

Request DefaultFullHttpRequest(decodeResult: success, version: HTTP/1.1, content: EmptyByteBufBE)
GET /session/7c067a9b44f3500cb4a9fa3b2d5052ca/screenshot HTTP/1.1
User-Agent: selenium/4.1.2 (java windows)
Cache-Control: no-cache
Content-Type: application/json; charset=utf-8
host: localhost:57507
accept: */*

Response DefaultHttpResponse(decodeResult: success, version: HTTP/1.1)
HTTP/1.1 200 OK
Content-Type: application/json; charset=utf-8
cache-control: no-cache
content-length: 136776

00:45:55.811 [AsyncHttpClient-1-8] DEBUG org.asynchttpclient.netty.channel.ChannelManager - Adding key: http://localhost:57507 for channel [id: 0x383161e0, L:/127.0.0.1:49497 - R:localhost/127.0.0.1:57507]
00:45:55.813 [main] DEBUG net.serenitybdd.core.photography.Darkroom - Send negative for processing for target\site\serenity\1714687c14c68dbcfe840925a6112a7d8e4916ff39b729612eaa8033537462bb.png
00:45:55.813 [main] DEBUG net.thucydides.core.steps.StepInterceptor - STEP DONE: clickok
00:45:55.814 [Darkroom Processing Line] DEBUG net.serenitybdd.core.photography.DarkroomProcessingLine - Processing screenshot image in /var/screenshots/screenshot-3137924211820379388
00:45:55.814 [Darkroom Processing Line] DEBUG net.serenitybdd.core.photography.DarkroomProcessingLine - Saving screenshot to target\site\serenity\1714687c14c68dbcfe840925a6112a7d8e4916ff39b729612eaa8033537462bb.png
00:45:55.816 [main] DEBUG net.thucydides.core.steps.StepInterceptor - STARTING STEP: BookingSteps.adminSucsessCreateNewBooking - detailbooking
00:45:55.817 [Forwarding findElement on session 7c067a9b44f3500cb4a9fa3b2d5052ca to remote] DEBUG org.asynchttpclient.netty.request.NettyRequestSender - Using pooled Channel '[id: 0x383161e0, L:/127.0.0.1:49497 - R:localhost/127.0.0.1:57507]' for 'POST' to 'http://localhost:57507/session/7c067a9b44f3500cb4a9fa3b2d5052ca/element'
00:45:55.818 [Forwarding findElement on session 7c067a9b44f3500cb4a9fa3b2d5052ca to remote] DEBUG org.asynchttpclient.netty.request.NettyRequestSender - Using open Channel [id: 0x383161e0, L:/127.0.0.1:49497 - R:localhost/127.0.0.1:57507] for POST '/session/7c067a9b44f3500cb4a9fa3b2d5052ca/element'
00:45:55.824 [AsyncHttpClient-1-8] DEBUG org.asynchttpclient.netty.handler.HttpHandler - 

Request DefaultHttpRequest(decodeResult: success, version: HTTP/1.1)
POST /session/7c067a9b44f3500cb4a9fa3b2d5052ca/element HTTP/1.1
User-Agent: selenium/4.1.2 (java windows)
Content-Length: 107
Content-Type: application/json; charset=utf-8
host: localhost:57507
accept: */*

Response DefaultHttpResponse(decodeResult: success, version: HTTP/1.1)
HTTP/1.1 200 OK
Content-Type: application/json; charset=utf-8
cache-control: no-cache
content-length: 88

00:45:55.825 [AsyncHttpClient-1-8] DEBUG org.asynchttpclient.netty.channel.ChannelManager - Adding key: http://localhost:57507 for channel [id: 0x383161e0, L:/127.0.0.1:49497 - R:localhost/127.0.0.1:57507]
00:45:55.827 [Forwarding isElementDisplayed on session 7c067a9b44f3500cb4a9fa3b2d5052ca to remote] DEBUG org.asynchttpclient.netty.request.NettyRequestSender - Using pooled Channel '[id: 0x383161e0, L:/127.0.0.1:49497 - R:localhost/127.0.0.1:57507]' for 'POST' to 'http://localhost:57507/session/7c067a9b44f3500cb4a9fa3b2d5052ca/execute/sync'
00:45:55.827 [Forwarding isElementDisplayed on session 7c067a9b44f3500cb4a9fa3b2d5052ca to remote] DEBUG org.asynchttpclient.netty.request.NettyRequestSender - Using open Channel [id: 0x383161e0, L:/127.0.0.1:49497 - R:localhost/127.0.0.1:57507] for POST '/session/7c067a9b44f3500cb4a9fa3b2d5052ca/execute/sync'
00:45:55.834 [AsyncHttpClient-1-8] DEBUG org.asynchttpclient.netty.handler.HttpHandler - 

Request DefaultHttpRequest(decodeResult: success, version: HTTP/1.1)
POST /session/7c067a9b44f3500cb4a9fa3b2d5052ca/execute/sync HTTP/1.1
User-Agent: selenium/4.1.2 (java windows)
Content-Length: 48780
Content-Type: application/json; charset=utf-8
host: localhost:57507
accept: */*

Response DefaultHttpResponse(decodeResult: success, version: HTTP/1.1)
HTTP/1.1 200 OK
Content-Type: application/json; charset=utf-8
cache-control: no-cache
content-length: 14

00:45:55.835 [AsyncHttpClient-1-8] DEBUG org.asynchttpclient.netty.channel.ChannelManager - Adding key: http://localhost:57507 for channel [id: 0x383161e0, L:/127.0.0.1:49497 - R:localhost/127.0.0.1:57507]
00:45:55.837 [main] DEBUG net.thucydides.core.steps.StepInterceptor - STEP DONE: detailbooking
  &amp#27;[32mThen &amp#27;[0m&amp#27;[32madmin sucsess create new booking&amp#27;[0m &amp#27;[90m# starter.definitions.BookingSteps.adminSucsessCreateNewBooking()&amp#27;[0m
00:45:55.841 [main] INFO  - 
  _____   ___   ___   _____     ___     _     ___   ___   ___   ___  
 |_   _| | __| / __| |_   _|   | _ \   /_\   / __| / __| | __| |   \ 
   | |   | _|  \__ \   | |     |  _/  / _ \  \__ \ \__ \ | _|  | |) |
   |_|   |___| |___/   |_|     |_|   /_/ \_\ |___/ |___/ |___| |___/ 

create new booking
----------------------------------------------------------------------
00:45:55.842 [Driver Command Executor] DEBUG org.asynchttpclient.netty.request.NettyRequestSender - Using pooled Channel '[id: 0x383161e0, L:/127.0.0.1:49497 - R:localhost/127.0.0.1:57507]' for 'DELETE' to 'http://localhost:57507/session/7c067a9b44f3500cb4a9fa3b2d5052ca'
00:45:55.842 [AsyncHttpClient-1-10] DEBUG org.asynchttpclient.netty.handler.WebSocketHandler - Channel Closed: [id: 0x26c2ad12, L:/127.0.0.1:49505 ! R:localhost/127.0.0.1:49498] with attribute NettyResponseFuture{currentRetry=5,
	isDone=1,
	isCancelled=0,
	asyncHandler=org.asynchttpclient.ws.WebSocketUpgradeHandler@26535e0e,
	nettyRequest=org.asynchttpclient.netty.request.NettyRequest@6351c4a0,
	future=java.util.concurrent.CompletableFuture@16241d71[Completed normally],
	uri=ws://localhost:49498/devtools/browser/7b4903c4-d2ba-4c58-ac62-f6c05f25c375,
	keepAlive=true,
	redirectCount=0,
	timeoutsHolder=null,
	inAuth=0,
	touch=1658421948307}
00:45:55.842 [Driver Command Executor] DEBUG org.asynchttpclient.netty.request.NettyRequestSender - Using open Channel [id: 0x383161e0, L:/127.0.0.1:49497 - R:localhost/127.0.0.1:57507] for DELETE '/session/7c067a9b44f3500cb4a9fa3b2d5052ca'
00:45:55.842 [AsyncHttpClient-1-10] DEBUG org.asynchttpclient.netty.channel.ChannelManager - Closing Channel [id: 0x26c2ad12, L:/127.0.0.1:49505 ! R:localhost/127.0.0.1:49498] 
00:45:55.862 [AsyncHttpClient-1-9] DEBUG org.asynchttpclient.netty.handler.HttpHandler - Unexpected I/O exception on channel [id: 0x5292f29f, L:/127.0.0.1:49504 - R:localhost/127.0.0.1:49498]
java.net.SocketException: Connection reset
	at java.base/sun.nio.ch.SocketChannelImpl.throwConnectionReset(SocketChannelImpl.java:394)
	at java.base/sun.nio.ch.SocketChannelImpl.read(SocketChannelImpl.java:426)
	at io.netty.buffer.PooledByteBuf.setBytes(PooledByteBuf.java:258)
	at io.netty.buffer.AbstractByteBuf.writeBytes(AbstractByteBuf.java:1132)
	at io.netty.channel.socket.nio.NioSocketChannel.doReadBytes(NioSocketChannel.java:350)
	at io.netty.channel.nio.AbstractNioByteChannel$NioByteUnsafe.read(AbstractNioByteChannel.java:151)
	at io.netty.channel.nio.NioEventLoop.processSelectedKey(NioEventLoop.java:722)
	at io.netty.channel.nio.NioEventLoop.processSelectedKeysOptimized(NioEventLoop.java:658)
	at io.netty.channel.nio.NioEventLoop.processSelectedKeys(NioEventLoop.java:584)
	at io.netty.channel.nio.NioEventLoop.run(NioEventLoop.java:496)
	at io.netty.util.concurrent.SingleThreadEventExecutor$4.run(SingleThreadEventExecutor.java:986)
	at io.netty.util.internal.ThreadExecutorMap$2.run(ThreadExecutorMap.java:74)
	at io.netty.util.concurrent.FastThreadLocalRunnable.run(FastThreadLocalRunnable.java:30)
	at java.base/java.lang.Thread.run(Thread.java:833)
00:45:55.862 [AsyncHttpClient-1-9] DEBUG org.asynchttpclient.netty.channel.ChannelManager - Closing Channel [id: 0x5292f29f, L:/127.0.0.1:49504 - R:localhost/127.0.0.1:49498] 
00:45:55.862 [AsyncHttpClient-1-9] DEBUG org.asynchttpclient.netty.handler.HttpHandler - Channel Closed: [id: 0x5292f29f, L:/127.0.0.1:49504 ! R:localhost/127.0.0.1:49498] with attribute DISCARD
00:45:55.872 [AsyncHttpClient-1-8] DEBUG org.asynchttpclient.netty.handler.HttpHandler - 

Request DefaultFullHttpRequest(decodeResult: success, version: HTTP/1.1, content: EmptyByteBufBE)
DELETE /session/7c067a9b44f3500cb4a9fa3b2d5052ca HTTP/1.1
User-Agent: selenium/4.1.2 (java windows)
Content-Type: application/json; charset=utf-8
host: localhost:57507
accept: */*

Response DefaultHttpResponse(decodeResult: success, version: HTTP/1.1)
HTTP/1.1 200 OK
Content-Type: application/json; charset=utf-8
cache-control: no-cache
content-length: 14

00:45:55.872 [AsyncHttpClient-1-8] DEBUG org.asynchttpclient.netty.channel.ChannelManager - Adding key: http://localhost:57507 for channel [id: 0x383161e0, L:/127.0.0.1:49497 - R:localhost/127.0.0.1:57507]
00:45:55.922 [AsyncHttpClient-1-8] DEBUG org.asynchttpclient.netty.handler.HttpHandler - Channel Closed: [id: 0x383161e0, L:/127.0.0.1:49497 ! R:localhost/127.0.0.1:57507] with attribute DISCARD
]]></system-out>
    <system-err><![CDATA[Starting ChromeDriver 103.0.5060.134 (8ec6fce403b3feb0869b0732eda8bd95011d333c-refs/branch-heads/5060@{#1262}) on port 57507
Only local connections are allowed.
Please see https://chromedriver.chromium.org/security-considerations for suggestions on keeping ChromeDriver safe.
ChromeDriver was started successfully.
Jul 22, 2022 12:45:48 AM org.openqa.selenium.remote.ProtocolHandshake createSession
INFO: Detected dialect: W3C
Jul 22, 2022 12:45:48 AM org.openqa.selenium.devtools.CdpVersionFinder findNearestMatch
WARNING: Unable to find an exact match for CDP version 103, so returning the closest version found: a no-op implementation
Jul 22, 2022 12:45:48 AM org.openqa.selenium.devtools.CdpVersionFinder findNearestMatch
INFO: Unable to find CDP implementation matching 103.
Jul 22, 2022 12:45:48 AM org.openqa.selenium.chromium.ChromiumDriver lambda$new$3
WARNING: Unable to find version of CDP to use for . You may need to include a dependency on a specific version of the CDP using something similar to `org.seleniumhq.selenium:selenium-devtools-v86:4.1.2` where the version ("v86") matches the version of the chromium-based browser you're using and the version number of the artifact is the same as Selenium's.
]]></system-err>
  </testcase>
  <testcase name="select booking" classname="admin see detail booking page" time="15.949">
    <error type="net.thucydides.core.webdriver.exceptions.ElementShouldBeEnabledException"><![CDATA[net.thucydides.core.webdriver.exceptions.ElementShouldBeEnabledException: Expected enabled element was not enabled
Caused by: org.openqa.selenium.TimeoutException: Expected condition failed: waiting for By.xpath: (//div[text()='56 - Monkey D Luffy']) to be enabled (tried for 5 second(s) with 100 milliseconds interval)
Caused by: org.openqa.selenium.NoSuchElementException: 
no such element: Unable to locate element: {"method":"xpath","selector":"(//div[text()='56 - Monkey D Luffy'])"}
  (Session info: chrome=103.0.5060.134)
For documentation on this error, please visit: https://selenium.dev/exceptions/#no_such_element
Build info: version: '4.1.2', revision: '9a5a329c5a'
System info: host: 'DESKTOP-5EG9UC4', ip: '192.168.1.3', os.name: 'Windows 10', os.arch: 'amd64', os.version: '10.0', java.version: '17.0.2'
Driver info: org.openqa.selenium.chrome.ChromeDriver
Command: [94e3711011cb18b99042f8ce610e9107, findElement {using=xpath, value=(//div[text()='56 - Monkey D Luffy'])}]
Capabilities {acceptInsecureCerts: false, browserName: chrome, browserVersion: 103.0.5060.134, chrome: {chromedriverVersion: 103.0.5060.134 (8ec6fce403b..., userDataDir: C:\Users\Rev\AppData\Local\...}, goog:chromeOptions: {debuggerAddress: localhost:49536}, javascriptEnabled: true, networkConnectionEnabled: false, pageLoadStrategy: normal, platform: WINDOWS, platformName: WINDOWS, proxy: Proxy(), se:cdp: ws://localhost:49536/devtoo..., se:cdpVersion: 103.0.5060.134, setWindowRect: true, strictFileInteractability: false, timeouts: {implicit: 0, pageLoad: 300000, script: 30000}, unhandledPromptBehavior: dismiss and notify, webauthn:extension:credBlob: true, webauthn:extension:largeBlob: true, webauthn:virtualAuthenticators: true}
Session ID: 94e3711011cb18b99042f8ce610e9107
]]></error>
    <system-out><![CDATA[
@booking
Scenario: select booking                   &amp#27;[90m# src/test/resources/features/booking.feature:23&amp#27;[0m
00:45:55.973 [main] INFO io.cucumber.core.plugin.SerenityReporter - Running feature from file:///D:/capstone%20projek/web%20testing/src/test/resources/features/booking.feature
00:45:55.974 [main] INFO  - 
  _____   ___   ___   _____     ___   _____     _     ___   _____   ___   ___  
 |_   _| | __| / __| |_   _|   / __| |_   _|   /_\   | _ \ |_   _| | __| |   \ 
   | |   | _|  \__ \   | |     \__ \   | |    / _ \  |   /   | |   | _|  | |) |
   |_|   |___| |___/   |_|     |___/   |_|   /_/ \_\ |_|_\   |_|   |___| |___/ 

select booking(admin-see-detail-booking-page;select-booking)
--------------------------------------------------------------------------------
00:45:55.980 [main] DEBUG net.thucydides.core.steps.StepInterceptor - STARTING STEP: LoginSteps.adminOnLoginPage - openPage
00:45:55.981 [main] INFO net.serenitybdd.core.webdriver.driverproviders.ChromeDriverProvider - Using automatically driver download
00:45:55.986 [AsyncHttpClient-1-1] DEBUG org.asynchttpclient.netty.channel.DefaultChannelPool - Entry count for : http://localhost:57507 : 1
00:45:55.986 [AsyncHttpClient-1-1] DEBUG org.asynchttpclient.netty.channel.DefaultChannelPool - Entry count for : http://localhost:49498 : 1
00:45:55.986 [AsyncHttpClient-1-1] DEBUG org.asynchttpclient.netty.channel.DefaultChannelPool - Adding Candidate expired Channel [id: 0x383161e0, L:/127.0.0.1:49497 ! R:localhost/127.0.0.1:57507] isIdleTimeoutExpired=false isRemotelyClosed=true isTtlExpired=false
00:45:55.986 [AsyncHttpClient-1-1] DEBUG org.asynchttpclient.netty.channel.DefaultChannelPool - Closing Idle Channel [id: 0x383161e0, L:/127.0.0.1:49497 ! R:localhost/127.0.0.1:57507]
00:45:55.986 [AsyncHttpClient-1-1] DEBUG org.asynchttpclient.netty.channel.DefaultChannelPool - Adding Candidate expired Channel [id: 0x5292f29f, L:/127.0.0.1:49504 ! R:localhost/127.0.0.1:49498] isIdleTimeoutExpired=false isRemotelyClosed=true isTtlExpired=false
00:45:55.986 [AsyncHttpClient-1-1] DEBUG org.asynchttpclient.netty.channel.DefaultChannelPool - Closing Idle Channel [id: 0x5292f29f, L:/127.0.0.1:49504 ! R:localhost/127.0.0.1:49498]
00:45:55.986 [AsyncHttpClient-1-1] DEBUG org.asynchttpclient.netty.channel.DefaultChannelPool - Closed 2 connections out of 2 in 0 ms
00:45:56.052 [main] DEBUG io.github.bonigarcia.wdm.cache.ResolutionCache - Resolution chrome=103 in cache (valid until 01:32:20 22/07/2022 WITA)
00:45:56.055 [main] DEBUG io.github.bonigarcia.wdm.cache.ResolutionCache - Resolution chrome103=103.0.5060.134 in cache (valid until 21:05:58 22/07/2022 WITA)
00:45:56.056 [main] INFO io.github.bonigarcia.wdm.WebDriverManager - Using chromedriver 103.0.5060.134 (resolved driver for Chrome 103)
00:45:56.062 [main] DEBUG io.github.bonigarcia.wdm.WebDriverManager - Driver chromedriver 103.0.5060.134 found in cache
00:45:56.062 [main] INFO io.github.bonigarcia.wdm.WebDriverManager - Exporting webdriver.chrome.driver as C:\Users\Rev\.cache\selenium\chromedriver\win32\103.0.5060.134\chromedriver.exe
00:45:56.141 [main] DEBUG net.serenitybdd.core.webdriver.driverproviders.ProvideNewDriver - Instantiating driver
00:45:56.141 [main] DEBUG net.serenitybdd.core.webdriver.driverproviders.ProvideNewDriver - Driver capabilities: Capabilities {acceptInsecureCerts: false, base.url: https://sportly.rafdev.my.id/, browserName: chrome, chrome.driver: webdriver/chromedriver.exe, driver: chrome, goog:chromeOptions: {args: [], extensions: []}}
00:45:56.252 [AsyncHttpClient-1-11] DEBUG org.asynchttpclient.netty.channel.NettyConnectListener - Using new Channel '[id: 0x46b01170, L:/127.0.0.1:49535 - R:localhost/127.0.0.1:58970]' for 'POST' to '/session'
00:45:56.729 [AsyncHttpClient-1-11] DEBUG org.asynchttpclient.netty.handler.HttpHandler - 

Request DefaultHttpRequest(decodeResult: success, version: HTTP/1.1)
POST /session HTTP/1.1
User-Agent: selenium/4.1.2 (java windows)
Content-Length: 581
Content-Type: application/json; charset=utf-8
host: localhost:58970
accept: */*

Response DefaultHttpResponse(decodeResult: success, version: HTTP/1.1)
HTTP/1.1 200 OK
Content-Type: application/json; charset=utf-8
cache-control: no-cache
content-length: 791

00:45:56.729 [AsyncHttpClient-1-11] DEBUG org.asynchttpclient.netty.channel.ChannelManager - Adding key: http://localhost:58970 for channel [id: 0x46b01170, L:/127.0.0.1:49535 - R:localhost/127.0.0.1:58970]
00:45:56.734 [AsyncHttpClient-1-12] DEBUG org.asynchttpclient.netty.channel.NettyConnectListener - Using new Channel '[id: 0x244a235f, L:/127.0.0.1:49542 - R:localhost/127.0.0.1:49536]' for 'GET' to '/json/version'
00:45:56.739 [AsyncHttpClient-1-12] DEBUG org.asynchttpclient.netty.handler.HttpHandler - 

Request DefaultFullHttpRequest(decodeResult: success, version: HTTP/1.1, content: EmptyByteBufBE)
GET /json/version HTTP/1.1
User-Agent: selenium/4.1.2 (java windows)
host: localhost:49536
accept: */*

Response DefaultHttpResponse(decodeResult: success, version: HTTP/1.1)
HTTP/1.1 200 OK
Content-Type: application/json; charset=UTF-8
content-length: 429

00:45:56.739 [AsyncHttpClient-1-12] DEBUG org.asynchttpclient.netty.channel.ChannelManager - Adding key: http://localhost:49536 for channel [id: 0x244a235f, L:/127.0.0.1:49542 - R:localhost/127.0.0.1:49536]
00:45:56.742 [AsyncHttpClient-1-13] DEBUG org.asynchttpclient.netty.channel.NettyConnectListener - Using new Channel '[id: 0x2c18a69d, L:/127.0.0.1:49543 - R:localhost/127.0.0.1:49536]' for 'GET' to '/devtools/browser/f0339858-af6f-453e-b6b3-49b3c1a7a1a4'
00:45:56.746 [AsyncHttpClient-1-13] DEBUG org.asynchttpclient.netty.handler.WebSocketHandler - 

Request DefaultFullHttpRequest(decodeResult: success, version: HTTP/1.1, content: EmptyByteBufBE)
GET /devtools/browser/f0339858-af6f-453e-b6b3-49b3c1a7a1a4 HTTP/1.1
upgrade: websocket
connection: upgrade
sec-websocket-key: WQ9J+6rSxPd5A8ofqG8Hog==
sec-websocket-version: 13
origin: http://localhost:49536
host: localhost:49536
accept: */*
user-agent: AHC/2.1

Response DefaultHttpResponse(decodeResult: success, version: HTTP/1.1)
HTTP/1.1 101 WebSocket Protocol Handshake
Upgrade: WebSocket
Connection: Upgrade
Sec-WebSocket-Accept: X4JrO8qy0HVidDO/+6wod5QoQqw=

00:45:56.750 [Forwarding setCurrentWindowSize on session 94e3711011cb18b99042f8ce610e9107 to remote] DEBUG org.asynchttpclient.netty.request.NettyRequestSender - Using pooled Channel '[id: 0x46b01170, L:/127.0.0.1:49535 - R:localhost/127.0.0.1:58970]' for 'POST' to 'http://localhost:58970/session/94e3711011cb18b99042f8ce610e9107/window/rect'
00:45:56.750 [Forwarding setCurrentWindowSize on session 94e3711011cb18b99042f8ce610e9107 to remote] DEBUG org.asynchttpclient.netty.request.NettyRequestSender - Using open Channel [id: 0x46b01170, L:/127.0.0.1:49535 - R:localhost/127.0.0.1:58970] for POST '/session/94e3711011cb18b99042f8ce610e9107/window/rect'
00:45:56.871 [AsyncHttpClient-1-11] DEBUG org.asynchttpclient.netty.handler.HttpHandler - 

Request DefaultHttpRequest(decodeResult: success, version: HTTP/1.1)
POST /session/94e3711011cb18b99042f8ce610e9107/window/rect HTTP/1.1
User-Agent: selenium/4.1.2 (java windows)
Content-Length: 37
Content-Type: application/json; charset=utf-8
host: localhost:58970
accept: */*

Response DefaultHttpResponse(decodeResult: success, version: HTTP/1.1)
HTTP/1.1 200 OK
Content-Type: application/json; charset=utf-8
cache-control: no-cache
content-length: 52

00:45:56.871 [AsyncHttpClient-1-11] DEBUG org.asynchttpclient.netty.channel.ChannelManager - Adding key: http://localhost:58970 for channel [id: 0x46b01170, L:/127.0.0.1:49535 - R:localhost/127.0.0.1:58970]
00:45:56.872 [Forwarding setWindowPosition on session 94e3711011cb18b99042f8ce610e9107 to remote] DEBUG org.asynchttpclient.netty.request.NettyRequestSender - Using pooled Channel '[id: 0x46b01170, L:/127.0.0.1:49535 - R:localhost/127.0.0.1:58970]' for 'POST' to 'http://localhost:58970/session/94e3711011cb18b99042f8ce610e9107/window/rect'
00:45:56.872 [Forwarding setWindowPosition on session 94e3711011cb18b99042f8ce610e9107 to remote] DEBUG org.asynchttpclient.netty.request.NettyRequestSender - Using open Channel [id: 0x46b01170, L:/127.0.0.1:49535 - R:localhost/127.0.0.1:58970] for POST '/session/94e3711011cb18b99042f8ce610e9107/window/rect'
00:45:56.982 [AsyncHttpClient-1-11] DEBUG org.asynchttpclient.netty.handler.HttpHandler - 

Request DefaultHttpRequest(decodeResult: success, version: HTTP/1.1)
POST /session/94e3711011cb18b99042f8ce610e9107/window/rect HTTP/1.1
User-Agent: selenium/4.1.2 (java windows)
Content-Length: 22
Content-Type: application/json; charset=utf-8
host: localhost:58970
accept: */*

Response DefaultHttpResponse(decodeResult: success, version: HTTP/1.1)
HTTP/1.1 200 OK
Content-Type: application/json; charset=utf-8
cache-control: no-cache
content-length: 50

00:45:56.982 [AsyncHttpClient-1-11] DEBUG org.asynchttpclient.netty.channel.ChannelManager - Adding key: http://localhost:58970 for channel [id: 0x46b01170, L:/127.0.0.1:49535 - R:localhost/127.0.0.1:58970]
00:45:56.983 [Forwarding get on session 94e3711011cb18b99042f8ce610e9107 to remote] DEBUG org.asynchttpclient.netty.request.NettyRequestSender - Using pooled Channel '[id: 0x46b01170, L:/127.0.0.1:49535 - R:localhost/127.0.0.1:58970]' for 'POST' to 'http://localhost:58970/session/94e3711011cb18b99042f8ce610e9107/url'
00:45:56.983 [Forwarding get on session 94e3711011cb18b99042f8ce610e9107 to remote] DEBUG org.asynchttpclient.netty.request.NettyRequestSender - Using open Channel [id: 0x46b01170, L:/127.0.0.1:49535 - R:localhost/127.0.0.1:58970] for POST '/session/94e3711011cb18b99042f8ce610e9107/url'
00:45:57.090 [AsyncHttpClient-1-1] DEBUG org.asynchttpclient.netty.channel.DefaultChannelPool - Entry count for : http://localhost:49536 : 1
00:45:58.185 [AsyncHttpClient-1-1] DEBUG org.asynchttpclient.netty.channel.DefaultChannelPool - Entry count for : http://localhost:49536 : 1
00:45:58.794 [AsyncHttpClient-1-11] DEBUG org.asynchttpclient.netty.handler.HttpHandler - 

Request DefaultHttpRequest(decodeResult: success, version: HTTP/1.1)
POST /session/94e3711011cb18b99042f8ce610e9107/url HTTP/1.1
User-Agent: selenium/4.1.2 (java windows)
Content-Length: 59
Content-Type: application/json; charset=utf-8
host: localhost:58970
accept: */*

Response DefaultHttpResponse(decodeResult: success, version: HTTP/1.1)
HTTP/1.1 200 OK
Content-Type: application/json; charset=utf-8
cache-control: no-cache
content-length: 14

00:45:58.794 [AsyncHttpClient-1-11] DEBUG org.asynchttpclient.netty.channel.ChannelManager - Adding key: http://localhost:58970 for channel [id: 0x46b01170, L:/127.0.0.1:49535 - R:localhost/127.0.0.1:58970]
00:45:58.794 [Forwarding setTimeout on session 94e3711011cb18b99042f8ce610e9107 to remote] DEBUG org.asynchttpclient.netty.request.NettyRequestSender - Using pooled Channel '[id: 0x46b01170, L:/127.0.0.1:49535 - R:localhost/127.0.0.1:58970]' for 'POST' to 'http://localhost:58970/session/94e3711011cb18b99042f8ce610e9107/timeouts'
00:45:58.794 [Forwarding setTimeout on session 94e3711011cb18b99042f8ce610e9107 to remote] DEBUG org.asynchttpclient.netty.request.NettyRequestSender - Using open Channel [id: 0x46b01170, L:/127.0.0.1:49535 - R:localhost/127.0.0.1:58970] for POST '/session/94e3711011cb18b99042f8ce610e9107/timeouts'
00:45:58.795 [AsyncHttpClient-1-11] DEBUG org.asynchttpclient.netty.handler.HttpHandler - 

Request DefaultHttpRequest(decodeResult: success, version: HTTP/1.1)
POST /session/94e3711011cb18b99042f8ce610e9107/timeouts HTTP/1.1
User-Agent: selenium/4.1.2 (java windows)
Content-Length: 22
Content-Type: application/json; charset=utf-8
host: localhost:58970
accept: */*

Response DefaultHttpResponse(decodeResult: success, version: HTTP/1.1)
HTTP/1.1 200 OK
Content-Type: application/json; charset=utf-8
cache-control: no-cache
content-length: 14

00:45:58.795 [AsyncHttpClient-1-11] DEBUG org.asynchttpclient.netty.channel.ChannelManager - Adding key: http://localhost:58970 for channel [id: 0x46b01170, L:/127.0.0.1:49535 - R:localhost/127.0.0.1:58970]
00:45:58.797 [Forwarding getCurrentUrl on session 94e3711011cb18b99042f8ce610e9107 to remote] DEBUG org.asynchttpclient.netty.request.NettyRequestSender - Using pooled Channel '[id: 0x46b01170, L:/127.0.0.1:49535 - R:localhost/127.0.0.1:58970]' for 'GET' to 'http://localhost:58970/session/94e3711011cb18b99042f8ce610e9107/url'
00:45:58.797 [Forwarding getCurrentUrl on session 94e3711011cb18b99042f8ce610e9107 to remote] DEBUG org.asynchttpclient.netty.request.NettyRequestSender - Using open Channel [id: 0x46b01170, L:/127.0.0.1:49535 - R:localhost/127.0.0.1:58970] for GET '/session/94e3711011cb18b99042f8ce610e9107/url'
00:45:58.814 [AsyncHttpClient-1-11] DEBUG org.asynchttpclient.netty.handler.HttpHandler - 

Request DefaultFullHttpRequest(decodeResult: success, version: HTTP/1.1, content: EmptyByteBufBE)
GET /session/94e3711011cb18b99042f8ce610e9107/url HTTP/1.1
User-Agent: selenium/4.1.2 (java windows)
Cache-Control: no-cache
Content-Type: application/json; charset=utf-8
host: localhost:58970
accept: */*

Response DefaultHttpResponse(decodeResult: success, version: HTTP/1.1)
HTTP/1.1 200 OK
Content-Type: application/json; charset=utf-8
cache-control: no-cache
content-length: 46

00:45:58.814 [AsyncHttpClient-1-11] DEBUG org.asynchttpclient.netty.channel.ChannelManager - Adding key: http://localhost:58970 for channel [id: 0x46b01170, L:/127.0.0.1:49535 - R:localhost/127.0.0.1:58970]
00:45:58.815 [Forwarding getCurrentUrl on session 94e3711011cb18b99042f8ce610e9107 to remote] DEBUG org.asynchttpclient.netty.request.NettyRequestSender - Using pooled Channel '[id: 0x46b01170, L:/127.0.0.1:49535 - R:localhost/127.0.0.1:58970]' for 'GET' to 'http://localhost:58970/session/94e3711011cb18b99042f8ce610e9107/url'
00:45:58.816 [Forwarding getCurrentUrl on session 94e3711011cb18b99042f8ce610e9107 to remote] DEBUG org.asynchttpclient.netty.request.NettyRequestSender - Using open Channel [id: 0x46b01170, L:/127.0.0.1:49535 - R:localhost/127.0.0.1:58970] for GET '/session/94e3711011cb18b99042f8ce610e9107/url'
00:45:58.817 [AsyncHttpClient-1-11] DEBUG org.asynchttpclient.netty.handler.HttpHandler - 

Request DefaultFullHttpRequest(decodeResult: success, version: HTTP/1.1, content: EmptyByteBufBE)
GET /session/94e3711011cb18b99042f8ce610e9107/url HTTP/1.1
User-Agent: selenium/4.1.2 (java windows)
Cache-Control: no-cache
Content-Type: application/json; charset=utf-8
host: localhost:58970
accept: */*

Response DefaultHttpResponse(decodeResult: success, version: HTTP/1.1)
HTTP/1.1 200 OK
Content-Type: application/json; charset=utf-8
cache-control: no-cache
content-length: 46

00:45:58.817 [AsyncHttpClient-1-11] DEBUG org.asynchttpclient.netty.channel.ChannelManager - Adding key: http://localhost:58970 for channel [id: 0x46b01170, L:/127.0.0.1:49535 - R:localhost/127.0.0.1:58970]
00:45:58.822 [Forwarding screenshot on session 94e3711011cb18b99042f8ce610e9107 to remote] DEBUG org.asynchttpclient.netty.request.NettyRequestSender - Using pooled Channel '[id: 0x46b01170, L:/127.0.0.1:49535 - R:localhost/127.0.0.1:58970]' for 'GET' to 'http://localhost:58970/session/94e3711011cb18b99042f8ce610e9107/screenshot'
00:45:58.822 [Forwarding screenshot on session 94e3711011cb18b99042f8ce610e9107 to remote] DEBUG org.asynchttpclient.netty.request.NettyRequestSender - Using open Channel [id: 0x46b01170, L:/127.0.0.1:49535 - R:localhost/127.0.0.1:58970] for GET '/session/94e3711011cb18b99042f8ce610e9107/screenshot'
00:45:59.158 [AsyncHttpClient-1-11] DEBUG org.asynchttpclient.netty.handler.HttpHandler - 

Request DefaultFullHttpRequest(decodeResult: success, version: HTTP/1.1, content: EmptyByteBufBE)
GET /session/94e3711011cb18b99042f8ce610e9107/screenshot HTTP/1.1
User-Agent: selenium/4.1.2 (java windows)
Cache-Control: no-cache
Content-Type: application/json; charset=utf-8
host: localhost:58970
accept: */*

Response DefaultHttpResponse(decodeResult: success, version: HTTP/1.1)
HTTP/1.1 200 OK
Content-Type: application/json; charset=utf-8
cache-control: no-cache
content-length: 575004

00:45:59.159 [AsyncHttpClient-1-11] DEBUG org.asynchttpclient.netty.channel.ChannelManager - Adding key: http://localhost:58970 for channel [id: 0x46b01170, L:/127.0.0.1:49535 - R:localhost/127.0.0.1:58970]
00:45:59.168 [main] DEBUG net.serenitybdd.core.photography.Darkroom - Send negative for processing for target\site\serenity\bdfb3257a55b5f729af578dfc1dc3a5762c89839bea5dc19984e34dd6640fee1.png
00:45:59.168 [main] DEBUG net.thucydides.core.steps.StepInterceptor - STEP DONE: openPage
00:45:59.172 [main] DEBUG net.thucydides.core.steps.StepInterceptor - STARTING STEP: LoginSteps.adminOnLoginPage - validateonLoginPage
00:45:59.176 [Forwarding findElement on session 94e3711011cb18b99042f8ce610e9107 to remote] DEBUG org.asynchttpclient.netty.request.NettyRequestSender - Using pooled Channel '[id: 0x46b01170, L:/127.0.0.1:49535 - R:localhost/127.0.0.1:58970]' for 'POST' to 'http://localhost:58970/session/94e3711011cb18b99042f8ce610e9107/element'
00:45:59.176 [Forwarding findElement on session 94e3711011cb18b99042f8ce610e9107 to remote] DEBUG org.asynchttpclient.netty.request.NettyRequestSender - Using open Channel [id: 0x46b01170, L:/127.0.0.1:49535 - R:localhost/127.0.0.1:58970] for POST '/session/94e3711011cb18b99042f8ce610e9107/element'
00:45:59.183 [AsyncHttpClient-1-11] DEBUG org.asynchttpclient.netty.handler.HttpHandler - 

Request DefaultHttpRequest(decodeResult: success, version: HTTP/1.1)
POST /session/94e3711011cb18b99042f8ce610e9107/element HTTP/1.1
User-Agent: selenium/4.1.2 (java windows)
Content-Length: 71
Content-Type: application/json; charset=utf-8
host: localhost:58970
accept: */*

Response DefaultHttpResponse(decodeResult: success, version: HTTP/1.1)
HTTP/1.1 200 OK
Content-Type: application/json; charset=utf-8
cache-control: no-cache
content-length: 88

00:45:59.183 [AsyncHttpClient-1-11] DEBUG org.asynchttpclient.netty.channel.ChannelManager - Adding key: http://localhost:58970 for channel [id: 0x46b01170, L:/127.0.0.1:49535 - R:localhost/127.0.0.1:58970]
00:45:59.185 [Forwarding isElementDisplayed on session 94e3711011cb18b99042f8ce610e9107 to remote] DEBUG org.asynchttpclient.netty.request.NettyRequestSender - Using pooled Channel '[id: 0x46b01170, L:/127.0.0.1:49535 - R:localhost/127.0.0.1:58970]' for 'POST' to 'http://localhost:58970/session/94e3711011cb18b99042f8ce610e9107/execute/sync'
00:45:59.185 [Forwarding isElementDisplayed on session 94e3711011cb18b99042f8ce610e9107 to remote] DEBUG org.asynchttpclient.netty.request.NettyRequestSender - Using open Channel [id: 0x46b01170, L:/127.0.0.1:49535 - R:localhost/127.0.0.1:58970] for POST '/session/94e3711011cb18b99042f8ce610e9107/execute/sync'
00:45:59.194 [AsyncHttpClient-1-11] DEBUG org.asynchttpclient.netty.handler.HttpHandler - 

Request DefaultHttpRequest(decodeResult: success, version: HTTP/1.1)
POST /session/94e3711011cb18b99042f8ce610e9107/execute/sync HTTP/1.1
User-Agent: selenium/4.1.2 (java windows)
Content-Length: 48780
Content-Type: application/json; charset=utf-8
host: localhost:58970
accept: */*

Response DefaultHttpResponse(decodeResult: success, version: HTTP/1.1)
HTTP/1.1 200 OK
Content-Type: application/json; charset=utf-8
cache-control: no-cache
content-length: 14

00:45:59.194 [AsyncHttpClient-1-11] DEBUG org.asynchttpclient.netty.channel.ChannelManager - Adding key: http://localhost:58970 for channel [id: 0x46b01170, L:/127.0.0.1:49535 - R:localhost/127.0.0.1:58970]
00:45:59.197 [main] DEBUG net.thucydides.core.steps.StepInterceptor - STEP DONE: validateonLoginPage
  &amp#27;[32mGiven &amp#27;[0m&amp#27;[32madmin on login page&amp#27;[0m                &amp#27;[90m# starter.definitions.LoginSteps.adminOnLoginPage()&amp#27;[0m
00:45:59.205 [main] DEBUG net.thucydides.core.steps.StepInterceptor - STARTING STEP: LoginSteps.adminInputValidUssername - inputusername
00:45:59.207 [Forwarding findElement on session 94e3711011cb18b99042f8ce610e9107 to remote] DEBUG org.asynchttpclient.netty.request.NettyRequestSender - Using pooled Channel '[id: 0x46b01170, L:/127.0.0.1:49535 - R:localhost/127.0.0.1:58970]' for 'POST' to 'http://localhost:58970/session/94e3711011cb18b99042f8ce610e9107/element'
00:45:59.207 [Forwarding findElement on session 94e3711011cb18b99042f8ce610e9107 to remote] DEBUG org.asynchttpclient.netty.request.NettyRequestSender - Using open Channel [id: 0x46b01170, L:/127.0.0.1:49535 - R:localhost/127.0.0.1:58970] for POST '/session/94e3711011cb18b99042f8ce610e9107/element'
00:45:59.213 [AsyncHttpClient-1-11] DEBUG org.asynchttpclient.netty.handler.HttpHandler - 

Request DefaultHttpRequest(decodeResult: success, version: HTTP/1.1)
POST /session/94e3711011cb18b99042f8ce610e9107/element HTTP/1.1
User-Agent: selenium/4.1.2 (java windows)
Content-Length: 92
Content-Type: application/json; charset=utf-8
host: localhost:58970
accept: */*

Response DefaultHttpResponse(decodeResult: success, version: HTTP/1.1)
HTTP/1.1 200 OK
Content-Type: application/json; charset=utf-8
cache-control: no-cache
content-length: 88

00:45:59.213 [AsyncHttpClient-1-11] DEBUG org.asynchttpclient.netty.channel.ChannelManager - Adding key: http://localhost:58970 for channel [id: 0x46b01170, L:/127.0.0.1:49535 - R:localhost/127.0.0.1:58970]
00:45:59.214 [Forwarding clearElement on session 94e3711011cb18b99042f8ce610e9107 to remote] DEBUG org.asynchttpclient.netty.request.NettyRequestSender - Using pooled Channel '[id: 0x46b01170, L:/127.0.0.1:49535 - R:localhost/127.0.0.1:58970]' for 'POST' to 'http://localhost:58970/session/94e3711011cb18b99042f8ce610e9107/element/deaefb85-0c4a-4c27-93fc-de353bcbe66e/clear'
00:45:59.214 [Forwarding clearElement on session 94e3711011cb18b99042f8ce610e9107 to remote] DEBUG org.asynchttpclient.netty.request.NettyRequestSender - Using open Channel [id: 0x46b01170, L:/127.0.0.1:49535 - R:localhost/127.0.0.1:58970] for POST '/session/94e3711011cb18b99042f8ce610e9107/element/deaefb85-0c4a-4c27-93fc-de353bcbe66e/clear'
00:45:59.232 [AsyncHttpClient-1-11] DEBUG org.asynchttpclient.netty.handler.HttpHandler - 

Request DefaultHttpRequest(decodeResult: success, version: HTTP/1.1)
POST /session/94e3711011cb18b99042f8ce610e9107/element/deaefb85-0c4a-4c27-93fc-de353bcbe66e/clear HTTP/1.1
User-Agent: selenium/4.1.2 (java windows)
Content-Length: 50
Content-Type: application/json; charset=utf-8
host: localhost:58970
accept: */*

Response DefaultHttpResponse(decodeResult: success, version: HTTP/1.1)
HTTP/1.1 200 OK
Content-Type: application/json; charset=utf-8
cache-control: no-cache
content-length: 14

00:45:59.232 [AsyncHttpClient-1-11] DEBUG org.asynchttpclient.netty.channel.ChannelManager - Adding key: http://localhost:58970 for channel [id: 0x46b01170, L:/127.0.0.1:49535 - R:localhost/127.0.0.1:58970]
00:45:59.234 [Forwarding sendKeysToElement on session 94e3711011cb18b99042f8ce610e9107 to remote] DEBUG org.asynchttpclient.netty.request.NettyRequestSender - Using pooled Channel '[id: 0x46b01170, L:/127.0.0.1:49535 - R:localhost/127.0.0.1:58970]' for 'POST' to 'http://localhost:58970/session/94e3711011cb18b99042f8ce610e9107/element/deaefb85-0c4a-4c27-93fc-de353bcbe66e/value'
00:45:59.234 [Forwarding sendKeysToElement on session 94e3711011cb18b99042f8ce610e9107 to remote] DEBUG org.asynchttpclient.netty.request.NettyRequestSender - Using open Channel [id: 0x46b01170, L:/127.0.0.1:49535 - R:localhost/127.0.0.1:58970] for POST '/session/94e3711011cb18b99042f8ce610e9107/element/deaefb85-0c4a-4c27-93fc-de353bcbe66e/value'
00:45:59.267 [AsyncHttpClient-1-11] DEBUG org.asynchttpclient.netty.handler.HttpHandler - 

Request DefaultHttpRequest(decodeResult: success, version: HTTP/1.1)
POST /session/94e3711011cb18b99042f8ce610e9107/element/deaefb85-0c4a-4c27-93fc-de353bcbe66e/value HTTP/1.1
User-Agent: selenium/4.1.2 (java windows)
Content-Length: 151
Content-Type: application/json; charset=utf-8
host: localhost:58970
accept: */*

Response DefaultHttpResponse(decodeResult: success, version: HTTP/1.1)
HTTP/1.1 200 OK
Content-Type: application/json; charset=utf-8
cache-control: no-cache
content-length: 14

00:45:59.267 [AsyncHttpClient-1-11] DEBUG org.asynchttpclient.netty.channel.ChannelManager - Adding key: http://localhost:58970 for channel [id: 0x46b01170, L:/127.0.0.1:49535 - R:localhost/127.0.0.1:58970]
00:45:59.271 [Forwarding screenshot on session 94e3711011cb18b99042f8ce610e9107 to remote] DEBUG org.asynchttpclient.netty.request.NettyRequestSender - Using pooled Channel '[id: 0x46b01170, L:/127.0.0.1:49535 - R:localhost/127.0.0.1:58970]' for 'GET' to 'http://localhost:58970/session/94e3711011cb18b99042f8ce610e9107/screenshot'
00:45:59.271 [Forwarding screenshot on session 94e3711011cb18b99042f8ce610e9107 to remote] DEBUG org.asynchttpclient.netty.request.NettyRequestSender - Using open Channel [id: 0x46b01170, L:/127.0.0.1:49535 - R:localhost/127.0.0.1:58970] for GET '/session/94e3711011cb18b99042f8ce610e9107/screenshot'
00:45:59.285 [AsyncHttpClient-1-1] DEBUG org.asynchttpclient.netty.channel.DefaultChannelPool - Entry count for : http://localhost:49536 : 1
00:45:59.488 [AsyncHttpClient-1-11] DEBUG org.asynchttpclient.netty.handler.HttpHandler - 

Request DefaultFullHttpRequest(decodeResult: success, version: HTTP/1.1, content: EmptyByteBufBE)
GET /session/94e3711011cb18b99042f8ce610e9107/screenshot HTTP/1.1
User-Agent: selenium/4.1.2 (java windows)
Cache-Control: no-cache
Content-Type: application/json; charset=utf-8
host: localhost:58970
accept: */*

Response DefaultHttpResponse(decodeResult: success, version: HTTP/1.1)
HTTP/1.1 200 OK
Content-Type: application/json; charset=utf-8
cache-control: no-cache
content-length: 573184

00:45:59.489 [AsyncHttpClient-1-11] DEBUG org.asynchttpclient.netty.channel.ChannelManager - Adding key: http://localhost:58970 for channel [id: 0x46b01170, L:/127.0.0.1:49535 - R:localhost/127.0.0.1:58970]
00:45:59.498 [main] DEBUG net.serenitybdd.core.photography.Darkroom - Send negative for processing for target\site\serenity\f77c054aa6a666f419ab49e776fdfb7fc10c7c59289c58aa7b77a3e2461e450a.png
00:45:59.498 [main] DEBUG net.thucydides.core.steps.StepInterceptor - STEP DONE: inputusername
  &amp#27;[32mWhen &amp#27;[0m&amp#27;[32madmin input valid ussername&amp#27;[0m         &amp#27;[90m# starter.definitions.LoginSteps.adminInputValidUssername()&amp#27;[0m
00:45:59.512 [main] DEBUG net.thucydides.core.steps.StepInterceptor - STARTING STEP: LoginSteps.adminInputValidPassword - inputPassword
00:45:59.513 [Forwarding findElement on session 94e3711011cb18b99042f8ce610e9107 to remote] DEBUG org.asynchttpclient.netty.request.NettyRequestSender - Using pooled Channel '[id: 0x46b01170, L:/127.0.0.1:49535 - R:localhost/127.0.0.1:58970]' for 'POST' to 'http://localhost:58970/session/94e3711011cb18b99042f8ce610e9107/element'
00:45:59.513 [Forwarding findElement on session 94e3711011cb18b99042f8ce610e9107 to remote] DEBUG org.asynchttpclient.netty.request.NettyRequestSender - Using open Channel [id: 0x46b01170, L:/127.0.0.1:49535 - R:localhost/127.0.0.1:58970] for POST '/session/94e3711011cb18b99042f8ce610e9107/element'
00:45:59.520 [AsyncHttpClient-1-11] DEBUG org.asynchttpclient.netty.handler.HttpHandler - 

Request DefaultHttpRequest(decodeResult: success, version: HTTP/1.1)
POST /session/94e3711011cb18b99042f8ce610e9107/element HTTP/1.1
User-Agent: selenium/4.1.2 (java windows)
Content-Length: 92
Content-Type: application/json; charset=utf-8
host: localhost:58970
accept: */*

Response DefaultHttpResponse(decodeResult: success, version: HTTP/1.1)
HTTP/1.1 200 OK
Content-Type: application/json; charset=utf-8
cache-control: no-cache
content-length: 88

00:45:59.520 [AsyncHttpClient-1-11] DEBUG org.asynchttpclient.netty.channel.ChannelManager - Adding key: http://localhost:58970 for channel [id: 0x46b01170, L:/127.0.0.1:49535 - R:localhost/127.0.0.1:58970]
00:45:59.521 [Forwarding clearElement on session 94e3711011cb18b99042f8ce610e9107 to remote] DEBUG org.asynchttpclient.netty.request.NettyRequestSender - Using pooled Channel '[id: 0x46b01170, L:/127.0.0.1:49535 - R:localhost/127.0.0.1:58970]' for 'POST' to 'http://localhost:58970/session/94e3711011cb18b99042f8ce610e9107/element/1f07c423-3854-4c11-90e0-cd3ac09ed200/clear'
00:45:59.521 [Forwarding clearElement on session 94e3711011cb18b99042f8ce610e9107 to remote] DEBUG org.asynchttpclient.netty.request.NettyRequestSender - Using open Channel [id: 0x46b01170, L:/127.0.0.1:49535 - R:localhost/127.0.0.1:58970] for POST '/session/94e3711011cb18b99042f8ce610e9107/element/1f07c423-3854-4c11-90e0-cd3ac09ed200/clear'
00:45:59.537 [AsyncHttpClient-1-11] DEBUG org.asynchttpclient.netty.handler.HttpHandler - 

Request DefaultHttpRequest(decodeResult: success, version: HTTP/1.1)
POST /session/94e3711011cb18b99042f8ce610e9107/element/1f07c423-3854-4c11-90e0-cd3ac09ed200/clear HTTP/1.1
User-Agent: selenium/4.1.2 (java windows)
Content-Length: 50
Content-Type: application/json; charset=utf-8
host: localhost:58970
accept: */*

Response DefaultHttpResponse(decodeResult: success, version: HTTP/1.1)
HTTP/1.1 200 OK
Content-Type: application/json; charset=utf-8
cache-control: no-cache
content-length: 14

00:45:59.537 [AsyncHttpClient-1-11] DEBUG org.asynchttpclient.netty.channel.ChannelManager - Adding key: http://localhost:58970 for channel [id: 0x46b01170, L:/127.0.0.1:49535 - R:localhost/127.0.0.1:58970]
00:45:59.539 [Forwarding sendKeysToElement on session 94e3711011cb18b99042f8ce610e9107 to remote] DEBUG org.asynchttpclient.netty.request.NettyRequestSender - Using pooled Channel '[id: 0x46b01170, L:/127.0.0.1:49535 - R:localhost/127.0.0.1:58970]' for 'POST' to 'http://localhost:58970/session/94e3711011cb18b99042f8ce610e9107/element/1f07c423-3854-4c11-90e0-cd3ac09ed200/value'
00:45:59.539 [Forwarding sendKeysToElement on session 94e3711011cb18b99042f8ce610e9107 to remote] DEBUG org.asynchttpclient.netty.request.NettyRequestSender - Using open Channel [id: 0x46b01170, L:/127.0.0.1:49535 - R:localhost/127.0.0.1:58970] for POST '/session/94e3711011cb18b99042f8ce610e9107/element/1f07c423-3854-4c11-90e0-cd3ac09ed200/value'
00:45:59.586 [AsyncHttpClient-1-11] DEBUG org.asynchttpclient.netty.handler.HttpHandler - 

Request DefaultHttpRequest(decodeResult: success, version: HTTP/1.1)
POST /session/94e3711011cb18b99042f8ce610e9107/element/1f07c423-3854-4c11-90e0-cd3ac09ed200/value HTTP/1.1
User-Agent: selenium/4.1.2 (java windows)
Content-Length: 291
Content-Type: application/json; charset=utf-8
host: localhost:58970
accept: */*

Response DefaultHttpResponse(decodeResult: success, version: HTTP/1.1)
HTTP/1.1 200 OK
Content-Type: application/json; charset=utf-8
cache-control: no-cache
content-length: 14

00:45:59.586 [AsyncHttpClient-1-11] DEBUG org.asynchttpclient.netty.channel.ChannelManager - Adding key: http://localhost:58970 for channel [id: 0x46b01170, L:/127.0.0.1:49535 - R:localhost/127.0.0.1:58970]
00:45:59.590 [Forwarding screenshot on session 94e3711011cb18b99042f8ce610e9107 to remote] DEBUG org.asynchttpclient.netty.request.NettyRequestSender - Using pooled Channel '[id: 0x46b01170, L:/127.0.0.1:49535 - R:localhost/127.0.0.1:58970]' for 'GET' to 'http://localhost:58970/session/94e3711011cb18b99042f8ce610e9107/screenshot'
00:45:59.590 [Forwarding screenshot on session 94e3711011cb18b99042f8ce610e9107 to remote] DEBUG org.asynchttpclient.netty.request.NettyRequestSender - Using open Channel [id: 0x46b01170, L:/127.0.0.1:49535 - R:localhost/127.0.0.1:58970] for GET '/session/94e3711011cb18b99042f8ce610e9107/screenshot'
00:45:59.806 [AsyncHttpClient-1-11] DEBUG org.asynchttpclient.netty.handler.HttpHandler - 

Request DefaultFullHttpRequest(decodeResult: success, version: HTTP/1.1, content: EmptyByteBufBE)
GET /session/94e3711011cb18b99042f8ce610e9107/screenshot HTTP/1.1
User-Agent: selenium/4.1.2 (java windows)
Cache-Control: no-cache
Content-Type: application/json; charset=utf-8
host: localhost:58970
accept: */*

Response DefaultHttpResponse(decodeResult: success, version: HTTP/1.1)
HTTP/1.1 200 OK
Content-Type: application/json; charset=utf-8
cache-control: no-cache
content-length: 569460

00:45:59.807 [AsyncHttpClient-1-11] DEBUG org.asynchttpclient.netty.channel.ChannelManager - Adding key: http://localhost:58970 for channel [id: 0x46b01170, L:/127.0.0.1:49535 - R:localhost/127.0.0.1:58970]
00:45:59.815 [main] DEBUG net.serenitybdd.core.photography.Darkroom - Send negative for processing for target\site\serenity\7121c7966e51ed0bee580053fa8354e56400a63fd65cbfa41529dc1e051e1e6a.png
00:45:59.815 [main] DEBUG net.thucydides.core.steps.StepInterceptor - STEP DONE: inputPassword
  &amp#27;[32mAnd &amp#27;[0m&amp#27;[32madmin input valid password&amp#27;[0m           &amp#27;[90m# starter.definitions.LoginSteps.adminInputValidPassword()&amp#27;[0m
00:45:59.826 [main] DEBUG net.thucydides.core.steps.StepInterceptor - STARTING STEP: LoginSteps.clickLoginButton - clickloginButton
00:45:59.827 [Forwarding findElement on session 94e3711011cb18b99042f8ce610e9107 to remote] DEBUG org.asynchttpclient.netty.request.NettyRequestSender - Using pooled Channel '[id: 0x46b01170, L:/127.0.0.1:49535 - R:localhost/127.0.0.1:58970]' for 'POST' to 'http://localhost:58970/session/94e3711011cb18b99042f8ce610e9107/element'
00:45:59.827 [Forwarding findElement on session 94e3711011cb18b99042f8ce610e9107 to remote] DEBUG org.asynchttpclient.netty.request.NettyRequestSender - Using open Channel [id: 0x46b01170, L:/127.0.0.1:49535 - R:localhost/127.0.0.1:58970] for POST '/session/94e3711011cb18b99042f8ce610e9107/element'
00:45:59.831 [AsyncHttpClient-1-11] DEBUG org.asynchttpclient.netty.handler.HttpHandler - 

Request DefaultHttpRequest(decodeResult: success, version: HTTP/1.1)
POST /session/94e3711011cb18b99042f8ce610e9107/element HTTP/1.1
User-Agent: selenium/4.1.2 (java windows)
Content-Length: 71
Content-Type: application/json; charset=utf-8
host: localhost:58970
accept: */*

Response DefaultHttpResponse(decodeResult: success, version: HTTP/1.1)
HTTP/1.1 200 OK
Content-Type: application/json; charset=utf-8
cache-control: no-cache
content-length: 88

00:45:59.831 [AsyncHttpClient-1-11] DEBUG org.asynchttpclient.netty.channel.ChannelManager - Adding key: http://localhost:58970 for channel [id: 0x46b01170, L:/127.0.0.1:49535 - R:localhost/127.0.0.1:58970]
00:45:59.832 [Forwarding getElementTagName on session 94e3711011cb18b99042f8ce610e9107 to remote] DEBUG org.asynchttpclient.netty.request.NettyRequestSender - Using pooled Channel '[id: 0x46b01170, L:/127.0.0.1:49535 - R:localhost/127.0.0.1:58970]' for 'GET' to 'http://localhost:58970/session/94e3711011cb18b99042f8ce610e9107/element/36e0055f-d5d2-4fef-8007-debc16d5666a/name'
00:45:59.832 [Forwarding getElementTagName on session 94e3711011cb18b99042f8ce610e9107 to remote] DEBUG org.asynchttpclient.netty.request.NettyRequestSender - Using open Channel [id: 0x46b01170, L:/127.0.0.1:49535 - R:localhost/127.0.0.1:58970] for GET '/session/94e3711011cb18b99042f8ce610e9107/element/36e0055f-d5d2-4fef-8007-debc16d5666a/name'
00:45:59.834 [AsyncHttpClient-1-11] DEBUG org.asynchttpclient.netty.handler.HttpHandler - 

Request DefaultFullHttpRequest(decodeResult: success, version: HTTP/1.1, content: EmptyByteBufBE)
GET /session/94e3711011cb18b99042f8ce610e9107/element/36e0055f-d5d2-4fef-8007-debc16d5666a/name HTTP/1.1
User-Agent: selenium/4.1.2 (java windows)
Cache-Control: no-cache
Content-Type: application/json; charset=utf-8
host: localhost:58970
accept: */*

Response DefaultHttpResponse(decodeResult: success, version: HTTP/1.1)
HTTP/1.1 200 OK
Content-Type: application/json; charset=utf-8
cache-control: no-cache
content-length: 18

00:45:59.834 [AsyncHttpClient-1-11] DEBUG org.asynchttpclient.netty.channel.ChannelManager - Adding key: http://localhost:58970 for channel [id: 0x46b01170, L:/127.0.0.1:49535 - R:localhost/127.0.0.1:58970]
00:45:59.834 [Forwarding getElementTagName on session 94e3711011cb18b99042f8ce610e9107 to remote] DEBUG org.asynchttpclient.netty.request.NettyRequestSender - Using pooled Channel '[id: 0x46b01170, L:/127.0.0.1:49535 - R:localhost/127.0.0.1:58970]' for 'GET' to 'http://localhost:58970/session/94e3711011cb18b99042f8ce610e9107/element/36e0055f-d5d2-4fef-8007-debc16d5666a/name'
00:45:59.834 [Forwarding getElementTagName on session 94e3711011cb18b99042f8ce610e9107 to remote] DEBUG org.asynchttpclient.netty.request.NettyRequestSender - Using open Channel [id: 0x46b01170, L:/127.0.0.1:49535 - R:localhost/127.0.0.1:58970] for GET '/session/94e3711011cb18b99042f8ce610e9107/element/36e0055f-d5d2-4fef-8007-debc16d5666a/name'
00:45:59.836 [AsyncHttpClient-1-11] DEBUG org.asynchttpclient.netty.handler.HttpHandler - 

Request DefaultFullHttpRequest(decodeResult: success, version: HTTP/1.1, content: EmptyByteBufBE)
GET /session/94e3711011cb18b99042f8ce610e9107/element/36e0055f-d5d2-4fef-8007-debc16d5666a/name HTTP/1.1
User-Agent: selenium/4.1.2 (java windows)
Cache-Control: no-cache
Content-Type: application/json; charset=utf-8
host: localhost:58970
accept: */*

Response DefaultHttpResponse(decodeResult: success, version: HTTP/1.1)
HTTP/1.1 200 OK
Content-Type: application/json; charset=utf-8
cache-control: no-cache
content-length: 18

00:45:59.836 [AsyncHttpClient-1-11] DEBUG org.asynchttpclient.netty.channel.ChannelManager - Adding key: http://localhost:58970 for channel [id: 0x46b01170, L:/127.0.0.1:49535 - R:localhost/127.0.0.1:58970]
00:45:59.837 [Forwarding isElementEnabled on session 94e3711011cb18b99042f8ce610e9107 to remote] DEBUG org.asynchttpclient.netty.request.NettyRequestSender - Using pooled Channel '[id: 0x46b01170, L:/127.0.0.1:49535 - R:localhost/127.0.0.1:58970]' for 'GET' to 'http://localhost:58970/session/94e3711011cb18b99042f8ce610e9107/element/36e0055f-d5d2-4fef-8007-debc16d5666a/enabled'
00:45:59.837 [Forwarding isElementEnabled on session 94e3711011cb18b99042f8ce610e9107 to remote] DEBUG org.asynchttpclient.netty.request.NettyRequestSender - Using open Channel [id: 0x46b01170, L:/127.0.0.1:49535 - R:localhost/127.0.0.1:58970] for GET '/session/94e3711011cb18b99042f8ce610e9107/element/36e0055f-d5d2-4fef-8007-debc16d5666a/enabled'
00:45:59.841 [AsyncHttpClient-1-11] DEBUG org.asynchttpclient.netty.handler.HttpHandler - 

Request DefaultFullHttpRequest(decodeResult: success, version: HTTP/1.1, content: EmptyByteBufBE)
GET /session/94e3711011cb18b99042f8ce610e9107/element/36e0055f-d5d2-4fef-8007-debc16d5666a/enabled HTTP/1.1
User-Agent: selenium/4.1.2 (java windows)
Cache-Control: no-cache
Content-Type: application/json; charset=utf-8
host: localhost:58970
accept: */*

Response DefaultHttpResponse(decodeResult: success, version: HTTP/1.1)
HTTP/1.1 200 OK
Content-Type: application/json; charset=utf-8
cache-control: no-cache
content-length: 14

00:45:59.842 [AsyncHttpClient-1-11] DEBUG org.asynchttpclient.netty.channel.ChannelManager - Adding key: http://localhost:58970 for channel [id: 0x46b01170, L:/127.0.0.1:49535 - R:localhost/127.0.0.1:58970]
00:45:59.842 [Forwarding isElementEnabled on session 94e3711011cb18b99042f8ce610e9107 to remote] DEBUG org.asynchttpclient.netty.request.NettyRequestSender - Using pooled Channel '[id: 0x46b01170, L:/127.0.0.1:49535 - R:localhost/127.0.0.1:58970]' for 'GET' to 'http://localhost:58970/session/94e3711011cb18b99042f8ce610e9107/element/36e0055f-d5d2-4fef-8007-debc16d5666a/enabled'
00:45:59.842 [Forwarding isElementEnabled on session 94e3711011cb18b99042f8ce610e9107 to remote] DEBUG org.asynchttpclient.netty.request.NettyRequestSender - Using open Channel [id: 0x46b01170, L:/127.0.0.1:49535 - R:localhost/127.0.0.1:58970] for GET '/session/94e3711011cb18b99042f8ce610e9107/element/36e0055f-d5d2-4fef-8007-debc16d5666a/enabled'
00:45:59.845 [AsyncHttpClient-1-11] DEBUG org.asynchttpclient.netty.handler.HttpHandler - 

Request DefaultFullHttpRequest(decodeResult: success, version: HTTP/1.1, content: EmptyByteBufBE)
GET /session/94e3711011cb18b99042f8ce610e9107/element/36e0055f-d5d2-4fef-8007-debc16d5666a/enabled HTTP/1.1
User-Agent: selenium/4.1.2 (java windows)
Cache-Control: no-cache
Content-Type: application/json; charset=utf-8
host: localhost:58970
accept: */*

Response DefaultHttpResponse(decodeResult: success, version: HTTP/1.1)
HTTP/1.1 200 OK
Content-Type: application/json; charset=utf-8
cache-control: no-cache
content-length: 14

00:45:59.845 [AsyncHttpClient-1-11] DEBUG org.asynchttpclient.netty.channel.ChannelManager - Adding key: http://localhost:58970 for channel [id: 0x46b01170, L:/127.0.0.1:49535 - R:localhost/127.0.0.1:58970]
00:45:59.845 [Forwarding findElement on session 94e3711011cb18b99042f8ce610e9107 to remote] DEBUG org.asynchttpclient.netty.request.NettyRequestSender - Using pooled Channel '[id: 0x46b01170, L:/127.0.0.1:49535 - R:localhost/127.0.0.1:58970]' for 'POST' to 'http://localhost:58970/session/94e3711011cb18b99042f8ce610e9107/element'
00:45:59.845 [Forwarding findElement on session 94e3711011cb18b99042f8ce610e9107 to remote] DEBUG org.asynchttpclient.netty.request.NettyRequestSender - Using open Channel [id: 0x46b01170, L:/127.0.0.1:49535 - R:localhost/127.0.0.1:58970] for POST '/session/94e3711011cb18b99042f8ce610e9107/element'
00:45:59.849 [AsyncHttpClient-1-11] DEBUG org.asynchttpclient.netty.handler.HttpHandler - 

Request DefaultHttpRequest(decodeResult: success, version: HTTP/1.1)
POST /session/94e3711011cb18b99042f8ce610e9107/element HTTP/1.1
User-Agent: selenium/4.1.2 (java windows)
Content-Length: 71
Content-Type: application/json; charset=utf-8
host: localhost:58970
accept: */*

Response DefaultHttpResponse(decodeResult: success, version: HTTP/1.1)
HTTP/1.1 200 OK
Content-Type: application/json; charset=utf-8
cache-control: no-cache
content-length: 88

00:45:59.849 [AsyncHttpClient-1-11] DEBUG org.asynchttpclient.netty.channel.ChannelManager - Adding key: http://localhost:58970 for channel [id: 0x46b01170, L:/127.0.0.1:49535 - R:localhost/127.0.0.1:58970]
00:45:59.850 [Forwarding clickElement on session 94e3711011cb18b99042f8ce610e9107 to remote] DEBUG org.asynchttpclient.netty.request.NettyRequestSender - Using pooled Channel '[id: 0x46b01170, L:/127.0.0.1:49535 - R:localhost/127.0.0.1:58970]' for 'POST' to 'http://localhost:58970/session/94e3711011cb18b99042f8ce610e9107/element/36e0055f-d5d2-4fef-8007-debc16d5666a/click'
00:45:59.850 [Forwarding clickElement on session 94e3711011cb18b99042f8ce610e9107 to remote] DEBUG org.asynchttpclient.netty.request.NettyRequestSender - Using open Channel [id: 0x46b01170, L:/127.0.0.1:49535 - R:localhost/127.0.0.1:58970] for POST '/session/94e3711011cb18b99042f8ce610e9107/element/36e0055f-d5d2-4fef-8007-debc16d5666a/click'
00:45:59.873 [AsyncHttpClient-1-11] DEBUG org.asynchttpclient.netty.handler.HttpHandler - 

Request DefaultHttpRequest(decodeResult: success, version: HTTP/1.1)
POST /session/94e3711011cb18b99042f8ce610e9107/element/36e0055f-d5d2-4fef-8007-debc16d5666a/click HTTP/1.1
User-Agent: selenium/4.1.2 (java windows)
Content-Length: 50
Content-Type: application/json; charset=utf-8
host: localhost:58970
accept: */*

Response DefaultHttpResponse(decodeResult: success, version: HTTP/1.1)
HTTP/1.1 200 OK
Content-Type: application/json; charset=utf-8
cache-control: no-cache
content-length: 14

00:45:59.874 [AsyncHttpClient-1-11] DEBUG org.asynchttpclient.netty.channel.ChannelManager - Adding key: http://localhost:58970 for channel [id: 0x46b01170, L:/127.0.0.1:49535 - R:localhost/127.0.0.1:58970]
00:45:59.877 [Forwarding screenshot on session 94e3711011cb18b99042f8ce610e9107 to remote] DEBUG org.asynchttpclient.netty.request.NettyRequestSender - Using pooled Channel '[id: 0x46b01170, L:/127.0.0.1:49535 - R:localhost/127.0.0.1:58970]' for 'GET' to 'http://localhost:58970/session/94e3711011cb18b99042f8ce610e9107/screenshot'
00:45:59.877 [Forwarding screenshot on session 94e3711011cb18b99042f8ce610e9107 to remote] DEBUG org.asynchttpclient.netty.request.NettyRequestSender - Using open Channel [id: 0x46b01170, L:/127.0.0.1:49535 - R:localhost/127.0.0.1:58970] for GET '/session/94e3711011cb18b99042f8ce610e9107/screenshot'
00:46:00.107 [AsyncHttpClient-1-11] DEBUG org.asynchttpclient.netty.handler.HttpHandler - 

Request DefaultFullHttpRequest(decodeResult: success, version: HTTP/1.1, content: EmptyByteBufBE)
GET /session/94e3711011cb18b99042f8ce610e9107/screenshot HTTP/1.1
User-Agent: selenium/4.1.2 (java windows)
Cache-Control: no-cache
Content-Type: application/json; charset=utf-8
host: localhost:58970
accept: */*

Response DefaultHttpResponse(decodeResult: success, version: HTTP/1.1)
HTTP/1.1 200 OK
Content-Type: application/json; charset=utf-8
cache-control: no-cache
content-length: 575004

00:46:00.108 [AsyncHttpClient-1-11] DEBUG org.asynchttpclient.netty.channel.ChannelManager - Adding key: http://localhost:58970 for channel [id: 0x46b01170, L:/127.0.0.1:49535 - R:localhost/127.0.0.1:58970]
00:46:00.116 [main] DEBUG net.serenitybdd.core.photography.Darkroom - Send negative for processing for target\site\serenity\bdfb3257a55b5f729af578dfc1dc3a5762c89839bea5dc19984e34dd6640fee1.png
00:46:00.116 [main] DEBUG net.thucydides.core.steps.StepInterceptor - STEP DONE: clickloginButton
  &amp#27;[32mAnd &amp#27;[0m&amp#27;[32mclick login button&amp#27;[0m                   &amp#27;[90m# starter.definitions.LoginSteps.clickLoginButton()&amp#27;[0m
00:46:00.126 [main] DEBUG net.thucydides.core.steps.StepInterceptor - STARTING STEP: LoginSteps.clickSucsessLogin - sucseslogin
00:46:00.128 [Forwarding findElement on session 94e3711011cb18b99042f8ce610e9107 to remote] DEBUG org.asynchttpclient.netty.request.NettyRequestSender - Using pooled Channel '[id: 0x46b01170, L:/127.0.0.1:49535 - R:localhost/127.0.0.1:58970]' for 'POST' to 'http://localhost:58970/session/94e3711011cb18b99042f8ce610e9107/element'
00:46:00.128 [Forwarding findElement on session 94e3711011cb18b99042f8ce610e9107 to remote] DEBUG org.asynchttpclient.netty.request.NettyRequestSender - Using open Channel [id: 0x46b01170, L:/127.0.0.1:49535 - R:localhost/127.0.0.1:58970] for POST '/session/94e3711011cb18b99042f8ce610e9107/element'
00:46:00.385 [AsyncHttpClient-1-1] DEBUG org.asynchttpclient.netty.channel.DefaultChannelPool - Entry count for : http://localhost:49536 : 1
00:46:00.440 [AsyncHttpClient-1-11] DEBUG org.asynchttpclient.netty.handler.HttpHandler - 

Request DefaultHttpRequest(decodeResult: success, version: HTTP/1.1)
POST /session/94e3711011cb18b99042f8ce610e9107/element HTTP/1.1
User-Agent: selenium/4.1.2 (java windows)
Content-Length: 79
Content-Type: application/json; charset=utf-8
host: localhost:58970
accept: */*

Response DefaultHttpResponse(decodeResult: success, version: HTTP/1.1)
HTTP/1.1 200 OK
Content-Type: application/json; charset=utf-8
cache-control: no-cache
content-length: 88

00:46:00.440 [AsyncHttpClient-1-11] DEBUG org.asynchttpclient.netty.channel.ChannelManager - Adding key: http://localhost:58970 for channel [id: 0x46b01170, L:/127.0.0.1:49535 - R:localhost/127.0.0.1:58970]
00:46:00.441 [Forwarding getElementTagName on session 94e3711011cb18b99042f8ce610e9107 to remote] DEBUG org.asynchttpclient.netty.request.NettyRequestSender - Using pooled Channel '[id: 0x46b01170, L:/127.0.0.1:49535 - R:localhost/127.0.0.1:58970]' for 'GET' to 'http://localhost:58970/session/94e3711011cb18b99042f8ce610e9107/element/7dd5e5bf-c22e-486c-9722-03c811398e27/name'
00:46:00.441 [Forwarding getElementTagName on session 94e3711011cb18b99042f8ce610e9107 to remote] DEBUG org.asynchttpclient.netty.request.NettyRequestSender - Using open Channel [id: 0x46b01170, L:/127.0.0.1:49535 - R:localhost/127.0.0.1:58970] for GET '/session/94e3711011cb18b99042f8ce610e9107/element/7dd5e5bf-c22e-486c-9722-03c811398e27/name'
00:46:00.444 [AsyncHttpClient-1-11] DEBUG org.asynchttpclient.netty.handler.HttpHandler - 

Request DefaultFullHttpRequest(decodeResult: success, version: HTTP/1.1, content: EmptyByteBufBE)
GET /session/94e3711011cb18b99042f8ce610e9107/element/7dd5e5bf-c22e-486c-9722-03c811398e27/name HTTP/1.1
User-Agent: selenium/4.1.2 (java windows)
Cache-Control: no-cache
Content-Type: application/json; charset=utf-8
host: localhost:58970
accept: */*

Response DefaultHttpResponse(decodeResult: success, version: HTTP/1.1)
HTTP/1.1 200 OK
Content-Type: application/json; charset=utf-8
cache-control: no-cache
content-length: 18

00:46:00.444 [AsyncHttpClient-1-11] DEBUG org.asynchttpclient.netty.channel.ChannelManager - Adding key: http://localhost:58970 for channel [id: 0x46b01170, L:/127.0.0.1:49535 - R:localhost/127.0.0.1:58970]
00:46:00.445 [Forwarding getElementTagName on session 94e3711011cb18b99042f8ce610e9107 to remote] DEBUG org.asynchttpclient.netty.request.NettyRequestSender - Using pooled Channel '[id: 0x46b01170, L:/127.0.0.1:49535 - R:localhost/127.0.0.1:58970]' for 'GET' to 'http://localhost:58970/session/94e3711011cb18b99042f8ce610e9107/element/7dd5e5bf-c22e-486c-9722-03c811398e27/name'
00:46:00.445 [Forwarding getElementTagName on session 94e3711011cb18b99042f8ce610e9107 to remote] DEBUG org.asynchttpclient.netty.request.NettyRequestSender - Using open Channel [id: 0x46b01170, L:/127.0.0.1:49535 - R:localhost/127.0.0.1:58970] for GET '/session/94e3711011cb18b99042f8ce610e9107/element/7dd5e5bf-c22e-486c-9722-03c811398e27/name'
00:46:00.447 [AsyncHttpClient-1-11] DEBUG org.asynchttpclient.netty.handler.HttpHandler - 

Request DefaultFullHttpRequest(decodeResult: success, version: HTTP/1.1, content: EmptyByteBufBE)
GET /session/94e3711011cb18b99042f8ce610e9107/element/7dd5e5bf-c22e-486c-9722-03c811398e27/name HTTP/1.1
User-Agent: selenium/4.1.2 (java windows)
Cache-Control: no-cache
Content-Type: application/json; charset=utf-8
host: localhost:58970
accept: */*

Response DefaultHttpResponse(decodeResult: success, version: HTTP/1.1)
HTTP/1.1 200 OK
Content-Type: application/json; charset=utf-8
cache-control: no-cache
content-length: 18

00:46:00.447 [AsyncHttpClient-1-11] DEBUG org.asynchttpclient.netty.channel.ChannelManager - Adding key: http://localhost:58970 for channel [id: 0x46b01170, L:/127.0.0.1:49535 - R:localhost/127.0.0.1:58970]
00:46:00.448 [Forwarding isElementEnabled on session 94e3711011cb18b99042f8ce610e9107 to remote] DEBUG org.asynchttpclient.netty.request.NettyRequestSender - Using pooled Channel '[id: 0x46b01170, L:/127.0.0.1:49535 - R:localhost/127.0.0.1:58970]' for 'GET' to 'http://localhost:58970/session/94e3711011cb18b99042f8ce610e9107/element/7dd5e5bf-c22e-486c-9722-03c811398e27/enabled'
00:46:00.448 [Forwarding isElementEnabled on session 94e3711011cb18b99042f8ce610e9107 to remote] DEBUG org.asynchttpclient.netty.request.NettyRequestSender - Using open Channel [id: 0x46b01170, L:/127.0.0.1:49535 - R:localhost/127.0.0.1:58970] for GET '/session/94e3711011cb18b99042f8ce610e9107/element/7dd5e5bf-c22e-486c-9722-03c811398e27/enabled'
00:46:00.452 [AsyncHttpClient-1-11] DEBUG org.asynchttpclient.netty.handler.HttpHandler - 

Request DefaultFullHttpRequest(decodeResult: success, version: HTTP/1.1, content: EmptyByteBufBE)
GET /session/94e3711011cb18b99042f8ce610e9107/element/7dd5e5bf-c22e-486c-9722-03c811398e27/enabled HTTP/1.1
User-Agent: selenium/4.1.2 (java windows)
Cache-Control: no-cache
Content-Type: application/json; charset=utf-8
host: localhost:58970
accept: */*

Response DefaultHttpResponse(decodeResult: success, version: HTTP/1.1)
HTTP/1.1 200 OK
Content-Type: application/json; charset=utf-8
cache-control: no-cache
content-length: 14

00:46:00.452 [AsyncHttpClient-1-11] DEBUG org.asynchttpclient.netty.channel.ChannelManager - Adding key: http://localhost:58970 for channel [id: 0x46b01170, L:/127.0.0.1:49535 - R:localhost/127.0.0.1:58970]
00:46:00.453 [Forwarding isElementEnabled on session 94e3711011cb18b99042f8ce610e9107 to remote] DEBUG org.asynchttpclient.netty.request.NettyRequestSender - Using pooled Channel '[id: 0x46b01170, L:/127.0.0.1:49535 - R:localhost/127.0.0.1:58970]' for 'GET' to 'http://localhost:58970/session/94e3711011cb18b99042f8ce610e9107/element/7dd5e5bf-c22e-486c-9722-03c811398e27/enabled'
00:46:00.453 [Forwarding isElementEnabled on session 94e3711011cb18b99042f8ce610e9107 to remote] DEBUG org.asynchttpclient.netty.request.NettyRequestSender - Using open Channel [id: 0x46b01170, L:/127.0.0.1:49535 - R:localhost/127.0.0.1:58970] for GET '/session/94e3711011cb18b99042f8ce610e9107/element/7dd5e5bf-c22e-486c-9722-03c811398e27/enabled'
00:46:00.457 [AsyncHttpClient-1-11] DEBUG org.asynchttpclient.netty.handler.HttpHandler - 

Request DefaultFullHttpRequest(decodeResult: success, version: HTTP/1.1, content: EmptyByteBufBE)
GET /session/94e3711011cb18b99042f8ce610e9107/element/7dd5e5bf-c22e-486c-9722-03c811398e27/enabled HTTP/1.1
User-Agent: selenium/4.1.2 (java windows)
Cache-Control: no-cache
Content-Type: application/json; charset=utf-8
host: localhost:58970
accept: */*

Response DefaultHttpResponse(decodeResult: success, version: HTTP/1.1)
HTTP/1.1 200 OK
Content-Type: application/json; charset=utf-8
cache-control: no-cache
content-length: 14

00:46:00.458 [AsyncHttpClient-1-11] DEBUG org.asynchttpclient.netty.channel.ChannelManager - Adding key: http://localhost:58970 for channel [id: 0x46b01170, L:/127.0.0.1:49535 - R:localhost/127.0.0.1:58970]
00:46:00.459 [Forwarding findElement on session 94e3711011cb18b99042f8ce610e9107 to remote] DEBUG org.asynchttpclient.netty.request.NettyRequestSender - Using pooled Channel '[id: 0x46b01170, L:/127.0.0.1:49535 - R:localhost/127.0.0.1:58970]' for 'POST' to 'http://localhost:58970/session/94e3711011cb18b99042f8ce610e9107/element'
00:46:00.459 [Forwarding findElement on session 94e3711011cb18b99042f8ce610e9107 to remote] DEBUG org.asynchttpclient.netty.request.NettyRequestSender - Using open Channel [id: 0x46b01170, L:/127.0.0.1:49535 - R:localhost/127.0.0.1:58970] for POST '/session/94e3711011cb18b99042f8ce610e9107/element'
00:46:00.463 [AsyncHttpClient-1-11] DEBUG org.asynchttpclient.netty.handler.HttpHandler - 

Request DefaultHttpRequest(decodeResult: success, version: HTTP/1.1)
POST /session/94e3711011cb18b99042f8ce610e9107/element HTTP/1.1
User-Agent: selenium/4.1.2 (java windows)
Content-Length: 79
Content-Type: application/json; charset=utf-8
host: localhost:58970
accept: */*

Response DefaultHttpResponse(decodeResult: success, version: HTTP/1.1)
HTTP/1.1 200 OK
Content-Type: application/json; charset=utf-8
cache-control: no-cache
content-length: 88

00:46:00.463 [AsyncHttpClient-1-11] DEBUG org.asynchttpclient.netty.channel.ChannelManager - Adding key: http://localhost:58970 for channel [id: 0x46b01170, L:/127.0.0.1:49535 - R:localhost/127.0.0.1:58970]
00:46:00.464 [Forwarding clickElement on session 94e3711011cb18b99042f8ce610e9107 to remote] DEBUG org.asynchttpclient.netty.request.NettyRequestSender - Using pooled Channel '[id: 0x46b01170, L:/127.0.0.1:49535 - R:localhost/127.0.0.1:58970]' for 'POST' to 'http://localhost:58970/session/94e3711011cb18b99042f8ce610e9107/element/7dd5e5bf-c22e-486c-9722-03c811398e27/click'
00:46:00.464 [Forwarding clickElement on session 94e3711011cb18b99042f8ce610e9107 to remote] DEBUG org.asynchttpclient.netty.request.NettyRequestSender - Using open Channel [id: 0x46b01170, L:/127.0.0.1:49535 - R:localhost/127.0.0.1:58970] for POST '/session/94e3711011cb18b99042f8ce610e9107/element/7dd5e5bf-c22e-486c-9722-03c811398e27/click'
00:46:00.482 [AsyncHttpClient-1-11] DEBUG org.asynchttpclient.netty.handler.HttpHandler - 

Request DefaultHttpRequest(decodeResult: success, version: HTTP/1.1)
POST /session/94e3711011cb18b99042f8ce610e9107/element/7dd5e5bf-c22e-486c-9722-03c811398e27/click HTTP/1.1
User-Agent: selenium/4.1.2 (java windows)
Content-Length: 50
Content-Type: application/json; charset=utf-8
host: localhost:58970
accept: */*

Response DefaultHttpResponse(decodeResult: success, version: HTTP/1.1)
HTTP/1.1 200 OK
Content-Type: application/json; charset=utf-8
cache-control: no-cache
content-length: 14

00:46:00.482 [AsyncHttpClient-1-11] DEBUG org.asynchttpclient.netty.channel.ChannelManager - Adding key: http://localhost:58970 for channel [id: 0x46b01170, L:/127.0.0.1:49535 - R:localhost/127.0.0.1:58970]
00:46:00.485 [Forwarding screenshot on session 94e3711011cb18b99042f8ce610e9107 to remote] DEBUG org.asynchttpclient.netty.request.NettyRequestSender - Using pooled Channel '[id: 0x46b01170, L:/127.0.0.1:49535 - R:localhost/127.0.0.1:58970]' for 'GET' to 'http://localhost:58970/session/94e3711011cb18b99042f8ce610e9107/screenshot'
00:46:00.485 [Forwarding screenshot on session 94e3711011cb18b99042f8ce610e9107 to remote] DEBUG org.asynchttpclient.netty.request.NettyRequestSender - Using open Channel [id: 0x46b01170, L:/127.0.0.1:49535 - R:localhost/127.0.0.1:58970] for GET '/session/94e3711011cb18b99042f8ce610e9107/screenshot'
00:46:00.679 [AsyncHttpClient-1-11] DEBUG org.asynchttpclient.netty.handler.HttpHandler - 

Request DefaultFullHttpRequest(decodeResult: success, version: HTTP/1.1, content: EmptyByteBufBE)
GET /session/94e3711011cb18b99042f8ce610e9107/screenshot HTTP/1.1
User-Agent: selenium/4.1.2 (java windows)
Cache-Control: no-cache
Content-Type: application/json; charset=utf-8
host: localhost:58970
accept: */*

Response DefaultHttpResponse(decodeResult: success, version: HTTP/1.1)
HTTP/1.1 200 OK
Content-Type: application/json; charset=utf-8
cache-control: no-cache
content-length: 100216

00:46:00.679 [AsyncHttpClient-1-11] DEBUG org.asynchttpclient.netty.channel.ChannelManager - Adding key: http://localhost:58970 for channel [id: 0x46b01170, L:/127.0.0.1:49535 - R:localhost/127.0.0.1:58970]
00:46:00.681 [main] DEBUG net.serenitybdd.core.photography.Darkroom - Send negative for processing for target\site\serenity\eff4bd70c5a79f3e27ddf8c1f573c1309130bd32307a9b00de9cafbc1fe5b10b.png
00:46:00.681 [main] DEBUG net.thucydides.core.steps.StepInterceptor - STEP DONE: sucseslogin
  &amp#27;[32mAnd &amp#27;[0m&amp#27;[32mclick sucsess login&amp#27;[0m                  &amp#27;[90m# starter.definitions.LoginSteps.clickSucsessLogin()&amp#27;[0m
00:46:00.682 [Darkroom Processing Line] DEBUG net.serenitybdd.core.photography.DarkroomProcessingLine - Processing screenshot image in /var/screenshots/screenshot-10905054357464484468
00:46:00.682 [Darkroom Processing Line] DEBUG net.serenitybdd.core.photography.DarkroomProcessingLine - Saving screenshot to target\site\serenity\eff4bd70c5a79f3e27ddf8c1f573c1309130bd32307a9b00de9cafbc1fe5b10b.png
00:46:00.693 [main] DEBUG net.thucydides.core.steps.StepInterceptor - STARTING STEP: BookingSteps.adminOnTheBookingPage - bookingpage
00:46:00.695 [Forwarding findElement on session 94e3711011cb18b99042f8ce610e9107 to remote] DEBUG org.asynchttpclient.netty.request.NettyRequestSender - Using pooled Channel '[id: 0x46b01170, L:/127.0.0.1:49535 - R:localhost/127.0.0.1:58970]' for 'POST' to 'http://localhost:58970/session/94e3711011cb18b99042f8ce610e9107/element'
00:46:00.695 [Forwarding findElement on session 94e3711011cb18b99042f8ce610e9107 to remote] DEBUG org.asynchttpclient.netty.request.NettyRequestSender - Using open Channel [id: 0x46b01170, L:/127.0.0.1:49535 - R:localhost/127.0.0.1:58970] for POST '/session/94e3711011cb18b99042f8ce610e9107/element'
00:46:01.485 [AsyncHttpClient-1-1] DEBUG org.asynchttpclient.netty.channel.DefaultChannelPool - Entry count for : http://localhost:49536 : 1
00:46:02.586 [AsyncHttpClient-1-1] DEBUG org.asynchttpclient.netty.channel.DefaultChannelPool - Entry count for : http://localhost:49536 : 1
00:46:02.770 [AsyncHttpClient-1-11] DEBUG org.asynchttpclient.netty.handler.HttpHandler - 

Request DefaultHttpRequest(decodeResult: success, version: HTTP/1.1)
POST /session/94e3711011cb18b99042f8ce610e9107/element HTTP/1.1
User-Agent: selenium/4.1.2 (java windows)
Content-Length: 119
Content-Type: application/json; charset=utf-8
host: localhost:58970
accept: */*

Response DefaultHttpResponse(decodeResult: success, version: HTTP/1.1)
HTTP/1.1 404 Not Found
Content-Type: application/json; charset=utf-8
cache-control: no-cache
content-length: 1077

00:46:02.770 [AsyncHttpClient-1-11] DEBUG org.asynchttpclient.netty.channel.ChannelManager - Adding key: http://localhost:58970 for channel [id: 0x46b01170, L:/127.0.0.1:49535 - R:localhost/127.0.0.1:58970]
00:46:02.877 [Forwarding findElement on session 94e3711011cb18b99042f8ce610e9107 to remote] DEBUG org.asynchttpclient.netty.request.NettyRequestSender - Using pooled Channel '[id: 0x46b01170, L:/127.0.0.1:49535 - R:localhost/127.0.0.1:58970]' for 'POST' to 'http://localhost:58970/session/94e3711011cb18b99042f8ce610e9107/element'
00:46:02.877 [Forwarding findElement on session 94e3711011cb18b99042f8ce610e9107 to remote] DEBUG org.asynchttpclient.netty.request.NettyRequestSender - Using open Channel [id: 0x46b01170, L:/127.0.0.1:49535 - R:localhost/127.0.0.1:58970] for POST '/session/94e3711011cb18b99042f8ce610e9107/element'
00:46:03.686 [AsyncHttpClient-1-1] DEBUG org.asynchttpclient.netty.channel.DefaultChannelPool - Entry count for : http://localhost:49536 : 1
00:46:04.701 [AsyncHttpClient-1-11] DEBUG org.asynchttpclient.netty.handler.HttpHandler - 

Request DefaultHttpRequest(decodeResult: success, version: HTTP/1.1)
POST /session/94e3711011cb18b99042f8ce610e9107/element HTTP/1.1
User-Agent: selenium/4.1.2 (java windows)
Content-Length: 119
Content-Type: application/json; charset=utf-8
host: localhost:58970
accept: */*

Response DefaultHttpResponse(decodeResult: success, version: HTTP/1.1)
HTTP/1.1 200 OK
Content-Type: application/json; charset=utf-8
cache-control: no-cache
content-length: 88

00:46:04.701 [AsyncHttpClient-1-11] DEBUG org.asynchttpclient.netty.channel.ChannelManager - Adding key: http://localhost:58970 for channel [id: 0x46b01170, L:/127.0.0.1:49535 - R:localhost/127.0.0.1:58970]
00:46:04.702 [Forwarding getElementTagName on session 94e3711011cb18b99042f8ce610e9107 to remote] DEBUG org.asynchttpclient.netty.request.NettyRequestSender - Using pooled Channel '[id: 0x46b01170, L:/127.0.0.1:49535 - R:localhost/127.0.0.1:58970]' for 'GET' to 'http://localhost:58970/session/94e3711011cb18b99042f8ce610e9107/element/01a1a82a-6303-4fd4-b960-36aec0815b39/name'
00:46:04.702 [Forwarding getElementTagName on session 94e3711011cb18b99042f8ce610e9107 to remote] DEBUG org.asynchttpclient.netty.request.NettyRequestSender - Using open Channel [id: 0x46b01170, L:/127.0.0.1:49535 - R:localhost/127.0.0.1:58970] for GET '/session/94e3711011cb18b99042f8ce610e9107/element/01a1a82a-6303-4fd4-b960-36aec0815b39/name'
00:46:04.704 [AsyncHttpClient-1-11] DEBUG org.asynchttpclient.netty.handler.HttpHandler - 

Request DefaultFullHttpRequest(decodeResult: success, version: HTTP/1.1, content: EmptyByteBufBE)
GET /session/94e3711011cb18b99042f8ce610e9107/element/01a1a82a-6303-4fd4-b960-36aec0815b39/name HTTP/1.1
User-Agent: selenium/4.1.2 (java windows)
Cache-Control: no-cache
Content-Type: application/json; charset=utf-8
host: localhost:58970
accept: */*

Response DefaultHttpResponse(decodeResult: success, version: HTTP/1.1)
HTTP/1.1 200 OK
Content-Type: application/json; charset=utf-8
cache-control: no-cache
content-length: 15

00:46:04.704 [AsyncHttpClient-1-11] DEBUG org.asynchttpclient.netty.channel.ChannelManager - Adding key: http://localhost:58970 for channel [id: 0x46b01170, L:/127.0.0.1:49535 - R:localhost/127.0.0.1:58970]
00:46:04.705 [Forwarding getElementTagName on session 94e3711011cb18b99042f8ce610e9107 to remote] DEBUG org.asynchttpclient.netty.request.NettyRequestSender - Using pooled Channel '[id: 0x46b01170, L:/127.0.0.1:49535 - R:localhost/127.0.0.1:58970]' for 'GET' to 'http://localhost:58970/session/94e3711011cb18b99042f8ce610e9107/element/01a1a82a-6303-4fd4-b960-36aec0815b39/name'
00:46:04.705 [Forwarding getElementTagName on session 94e3711011cb18b99042f8ce610e9107 to remote] DEBUG org.asynchttpclient.netty.request.NettyRequestSender - Using open Channel [id: 0x46b01170, L:/127.0.0.1:49535 - R:localhost/127.0.0.1:58970] for GET '/session/94e3711011cb18b99042f8ce610e9107/element/01a1a82a-6303-4fd4-b960-36aec0815b39/name'
00:46:04.707 [AsyncHttpClient-1-11] DEBUG org.asynchttpclient.netty.handler.HttpHandler - 

Request DefaultFullHttpRequest(decodeResult: success, version: HTTP/1.1, content: EmptyByteBufBE)
GET /session/94e3711011cb18b99042f8ce610e9107/element/01a1a82a-6303-4fd4-b960-36aec0815b39/name HTTP/1.1
User-Agent: selenium/4.1.2 (java windows)
Cache-Control: no-cache
Content-Type: application/json; charset=utf-8
host: localhost:58970
accept: */*

Response DefaultHttpResponse(decodeResult: success, version: HTTP/1.1)
HTTP/1.1 200 OK
Content-Type: application/json; charset=utf-8
cache-control: no-cache
content-length: 15

00:46:04.707 [AsyncHttpClient-1-11] DEBUG org.asynchttpclient.netty.channel.ChannelManager - Adding key: http://localhost:58970 for channel [id: 0x46b01170, L:/127.0.0.1:49535 - R:localhost/127.0.0.1:58970]
00:46:04.708 [Forwarding findElement on session 94e3711011cb18b99042f8ce610e9107 to remote] DEBUG org.asynchttpclient.netty.request.NettyRequestSender - Using pooled Channel '[id: 0x46b01170, L:/127.0.0.1:49535 - R:localhost/127.0.0.1:58970]' for 'POST' to 'http://localhost:58970/session/94e3711011cb18b99042f8ce610e9107/element'
00:46:04.708 [Forwarding findElement on session 94e3711011cb18b99042f8ce610e9107 to remote] DEBUG org.asynchttpclient.netty.request.NettyRequestSender - Using open Channel [id: 0x46b01170, L:/127.0.0.1:49535 - R:localhost/127.0.0.1:58970] for POST '/session/94e3711011cb18b99042f8ce610e9107/element'
00:46:04.711 [AsyncHttpClient-1-11] DEBUG org.asynchttpclient.netty.handler.HttpHandler - 

Request DefaultHttpRequest(decodeResult: success, version: HTTP/1.1)
POST /session/94e3711011cb18b99042f8ce610e9107/element HTTP/1.1
User-Agent: selenium/4.1.2 (java windows)
Content-Length: 119
Content-Type: application/json; charset=utf-8
host: localhost:58970
accept: */*

Response DefaultHttpResponse(decodeResult: success, version: HTTP/1.1)
HTTP/1.1 200 OK
Content-Type: application/json; charset=utf-8
cache-control: no-cache
content-length: 88

00:46:04.711 [AsyncHttpClient-1-11] DEBUG org.asynchttpclient.netty.channel.ChannelManager - Adding key: http://localhost:58970 for channel [id: 0x46b01170, L:/127.0.0.1:49535 - R:localhost/127.0.0.1:58970]
00:46:04.712 [Forwarding clickElement on session 94e3711011cb18b99042f8ce610e9107 to remote] DEBUG org.asynchttpclient.netty.request.NettyRequestSender - Using pooled Channel '[id: 0x46b01170, L:/127.0.0.1:49535 - R:localhost/127.0.0.1:58970]' for 'POST' to 'http://localhost:58970/session/94e3711011cb18b99042f8ce610e9107/element/01a1a82a-6303-4fd4-b960-36aec0815b39/click'
00:46:04.712 [Forwarding clickElement on session 94e3711011cb18b99042f8ce610e9107 to remote] DEBUG org.asynchttpclient.netty.request.NettyRequestSender - Using open Channel [id: 0x46b01170, L:/127.0.0.1:49535 - R:localhost/127.0.0.1:58970] for POST '/session/94e3711011cb18b99042f8ce610e9107/element/01a1a82a-6303-4fd4-b960-36aec0815b39/click'
00:46:04.756 [AsyncHttpClient-1-11] DEBUG org.asynchttpclient.netty.handler.HttpHandler - 

Request DefaultHttpRequest(decodeResult: success, version: HTTP/1.1)
POST /session/94e3711011cb18b99042f8ce610e9107/element/01a1a82a-6303-4fd4-b960-36aec0815b39/click HTTP/1.1
User-Agent: selenium/4.1.2 (java windows)
Content-Length: 50
Content-Type: application/json; charset=utf-8
host: localhost:58970
accept: */*

Response DefaultHttpResponse(decodeResult: success, version: HTTP/1.1)
HTTP/1.1 200 OK
Content-Type: application/json; charset=utf-8
cache-control: no-cache
content-length: 14

00:46:04.756 [AsyncHttpClient-1-11] DEBUG org.asynchttpclient.netty.channel.ChannelManager - Adding key: http://localhost:58970 for channel [id: 0x46b01170, L:/127.0.0.1:49535 - R:localhost/127.0.0.1:58970]
00:46:04.760 [Forwarding screenshot on session 94e3711011cb18b99042f8ce610e9107 to remote] DEBUG org.asynchttpclient.netty.request.NettyRequestSender - Using pooled Channel '[id: 0x46b01170, L:/127.0.0.1:49535 - R:localhost/127.0.0.1:58970]' for 'GET' to 'http://localhost:58970/session/94e3711011cb18b99042f8ce610e9107/screenshot'
00:46:04.760 [Forwarding screenshot on session 94e3711011cb18b99042f8ce610e9107 to remote] DEBUG org.asynchttpclient.netty.request.NettyRequestSender - Using open Channel [id: 0x46b01170, L:/127.0.0.1:49535 - R:localhost/127.0.0.1:58970] for GET '/session/94e3711011cb18b99042f8ce610e9107/screenshot'
00:46:04.792 [AsyncHttpClient-1-1] DEBUG org.asynchttpclient.netty.channel.DefaultChannelPool - Entry count for : http://localhost:49536 : 1
00:46:04.874 [AsyncHttpClient-1-11] DEBUG org.asynchttpclient.netty.handler.HttpHandler - 

Request DefaultFullHttpRequest(decodeResult: success, version: HTTP/1.1, content: EmptyByteBufBE)
GET /session/94e3711011cb18b99042f8ce610e9107/screenshot HTTP/1.1
User-Agent: selenium/4.1.2 (java windows)
Cache-Control: no-cache
Content-Type: application/json; charset=utf-8
host: localhost:58970
accept: */*

Response DefaultHttpResponse(decodeResult: success, version: HTTP/1.1)
HTTP/1.1 200 OK
Content-Type: application/json; charset=utf-8
cache-control: no-cache
content-length: 80008

00:46:04.874 [AsyncHttpClient-1-11] DEBUG org.asynchttpclient.netty.channel.ChannelManager - Adding key: http://localhost:58970 for channel [id: 0x46b01170, L:/127.0.0.1:49535 - R:localhost/127.0.0.1:58970]
00:46:04.875 [main] DEBUG net.serenitybdd.core.photography.Darkroom - Send negative for processing for target\site\serenity\86ffa893ad1f28e2594e4517fb3c667a2e49a365c676cd73dc3a144a8da73aef.png
00:46:04.875 [main] DEBUG net.thucydides.core.steps.StepInterceptor - STEP DONE: bookingpage
  &amp#27;[32mGiven &amp#27;[0m&amp#27;[32madmin on the booking page&amp#27;[0m          &amp#27;[90m# starter.definitions.BookingSteps.adminOnTheBookingPage()&amp#27;[0m
00:46:04.883 [main] DEBUG net.thucydides.core.steps.StepInterceptor - STARTING STEP: BookingSteps.adminClickSelectBooking - selectfilter
00:46:04.884 [Forwarding findElement on session 94e3711011cb18b99042f8ce610e9107 to remote] DEBUG org.asynchttpclient.netty.request.NettyRequestSender - Using pooled Channel '[id: 0x46b01170, L:/127.0.0.1:49535 - R:localhost/127.0.0.1:58970]' for 'POST' to 'http://localhost:58970/session/94e3711011cb18b99042f8ce610e9107/element'
00:46:04.884 [Forwarding findElement on session 94e3711011cb18b99042f8ce610e9107 to remote] DEBUG org.asynchttpclient.netty.request.NettyRequestSender - Using open Channel [id: 0x46b01170, L:/127.0.0.1:49535 - R:localhost/127.0.0.1:58970] for POST '/session/94e3711011cb18b99042f8ce610e9107/element'
00:46:04.891 [AsyncHttpClient-1-11] DEBUG org.asynchttpclient.netty.handler.HttpHandler - 

Request DefaultHttpRequest(decodeResult: success, version: HTTP/1.1)
POST /session/94e3711011cb18b99042f8ce610e9107/element HTTP/1.1
User-Agent: selenium/4.1.2 (java windows)
Content-Length: 98
Content-Type: application/json; charset=utf-8
host: localhost:58970
accept: */*

Response DefaultHttpResponse(decodeResult: success, version: HTTP/1.1)
HTTP/1.1 200 OK
Content-Type: application/json; charset=utf-8
cache-control: no-cache
content-length: 88

00:46:04.891 [AsyncHttpClient-1-11] DEBUG org.asynchttpclient.netty.channel.ChannelManager - Adding key: http://localhost:58970 for channel [id: 0x46b01170, L:/127.0.0.1:49535 - R:localhost/127.0.0.1:58970]
00:46:04.892 [Forwarding getElementTagName on session 94e3711011cb18b99042f8ce610e9107 to remote] DEBUG org.asynchttpclient.netty.request.NettyRequestSender - Using pooled Channel '[id: 0x46b01170, L:/127.0.0.1:49535 - R:localhost/127.0.0.1:58970]' for 'GET' to 'http://localhost:58970/session/94e3711011cb18b99042f8ce610e9107/element/2819b82a-9dfa-45d5-8983-efba75c4446d/name'
00:46:04.892 [Forwarding getElementTagName on session 94e3711011cb18b99042f8ce610e9107 to remote] DEBUG org.asynchttpclient.netty.request.NettyRequestSender - Using open Channel [id: 0x46b01170, L:/127.0.0.1:49535 - R:localhost/127.0.0.1:58970] for GET '/session/94e3711011cb18b99042f8ce610e9107/element/2819b82a-9dfa-45d5-8983-efba75c4446d/name'
00:46:04.894 [AsyncHttpClient-1-11] DEBUG org.asynchttpclient.netty.handler.HttpHandler - 

Request DefaultFullHttpRequest(decodeResult: success, version: HTTP/1.1, content: EmptyByteBufBE)
GET /session/94e3711011cb18b99042f8ce610e9107/element/2819b82a-9dfa-45d5-8983-efba75c4446d/name HTTP/1.1
User-Agent: selenium/4.1.2 (java windows)
Cache-Control: no-cache
Content-Type: application/json; charset=utf-8
host: localhost:58970
accept: */*

Response DefaultHttpResponse(decodeResult: success, version: HTTP/1.1)
HTTP/1.1 200 OK
Content-Type: application/json; charset=utf-8
cache-control: no-cache
content-length: 15

00:46:04.894 [AsyncHttpClient-1-11] DEBUG org.asynchttpclient.netty.channel.ChannelManager - Adding key: http://localhost:58970 for channel [id: 0x46b01170, L:/127.0.0.1:49535 - R:localhost/127.0.0.1:58970]
00:46:04.895 [Forwarding getElementTagName on session 94e3711011cb18b99042f8ce610e9107 to remote] DEBUG org.asynchttpclient.netty.request.NettyRequestSender - Using pooled Channel '[id: 0x46b01170, L:/127.0.0.1:49535 - R:localhost/127.0.0.1:58970]' for 'GET' to 'http://localhost:58970/session/94e3711011cb18b99042f8ce610e9107/element/2819b82a-9dfa-45d5-8983-efba75c4446d/name'
00:46:04.895 [Forwarding getElementTagName on session 94e3711011cb18b99042f8ce610e9107 to remote] DEBUG org.asynchttpclient.netty.request.NettyRequestSender - Using open Channel [id: 0x46b01170, L:/127.0.0.1:49535 - R:localhost/127.0.0.1:58970] for GET '/session/94e3711011cb18b99042f8ce610e9107/element/2819b82a-9dfa-45d5-8983-efba75c4446d/name'
00:46:04.897 [AsyncHttpClient-1-11] DEBUG org.asynchttpclient.netty.handler.HttpHandler - 

Request DefaultFullHttpRequest(decodeResult: success, version: HTTP/1.1, content: EmptyByteBufBE)
GET /session/94e3711011cb18b99042f8ce610e9107/element/2819b82a-9dfa-45d5-8983-efba75c4446d/name HTTP/1.1
User-Agent: selenium/4.1.2 (java windows)
Cache-Control: no-cache
Content-Type: application/json; charset=utf-8
host: localhost:58970
accept: */*

Response DefaultHttpResponse(decodeResult: success, version: HTTP/1.1)
HTTP/1.1 200 OK
Content-Type: application/json; charset=utf-8
cache-control: no-cache
content-length: 15

00:46:04.897 [AsyncHttpClient-1-11] DEBUG org.asynchttpclient.netty.channel.ChannelManager - Adding key: http://localhost:58970 for channel [id: 0x46b01170, L:/127.0.0.1:49535 - R:localhost/127.0.0.1:58970]
00:46:04.898 [Forwarding findElement on session 94e3711011cb18b99042f8ce610e9107 to remote] DEBUG org.asynchttpclient.netty.request.NettyRequestSender - Using pooled Channel '[id: 0x46b01170, L:/127.0.0.1:49535 - R:localhost/127.0.0.1:58970]' for 'POST' to 'http://localhost:58970/session/94e3711011cb18b99042f8ce610e9107/element'
00:46:04.898 [Forwarding findElement on session 94e3711011cb18b99042f8ce610e9107 to remote] DEBUG org.asynchttpclient.netty.request.NettyRequestSender - Using open Channel [id: 0x46b01170, L:/127.0.0.1:49535 - R:localhost/127.0.0.1:58970] for POST '/session/94e3711011cb18b99042f8ce610e9107/element'
00:46:04.902 [AsyncHttpClient-1-11] DEBUG org.asynchttpclient.netty.handler.HttpHandler - 

Request DefaultHttpRequest(decodeResult: success, version: HTTP/1.1)
POST /session/94e3711011cb18b99042f8ce610e9107/element HTTP/1.1
User-Agent: selenium/4.1.2 (java windows)
Content-Length: 98
Content-Type: application/json; charset=utf-8
host: localhost:58970
accept: */*

Response DefaultHttpResponse(decodeResult: success, version: HTTP/1.1)
HTTP/1.1 200 OK
Content-Type: application/json; charset=utf-8
cache-control: no-cache
content-length: 88

00:46:04.902 [AsyncHttpClient-1-11] DEBUG org.asynchttpclient.netty.channel.ChannelManager - Adding key: http://localhost:58970 for channel [id: 0x46b01170, L:/127.0.0.1:49535 - R:localhost/127.0.0.1:58970]
00:46:04.903 [Forwarding clickElement on session 94e3711011cb18b99042f8ce610e9107 to remote] DEBUG org.asynchttpclient.netty.request.NettyRequestSender - Using pooled Channel '[id: 0x46b01170, L:/127.0.0.1:49535 - R:localhost/127.0.0.1:58970]' for 'POST' to 'http://localhost:58970/session/94e3711011cb18b99042f8ce610e9107/element/2819b82a-9dfa-45d5-8983-efba75c4446d/click'
00:46:04.903 [Forwarding clickElement on session 94e3711011cb18b99042f8ce610e9107 to remote] DEBUG org.asynchttpclient.netty.request.NettyRequestSender - Using open Channel [id: 0x46b01170, L:/127.0.0.1:49535 - R:localhost/127.0.0.1:58970] for POST '/session/94e3711011cb18b99042f8ce610e9107/element/2819b82a-9dfa-45d5-8983-efba75c4446d/click'
00:46:04.946 [AsyncHttpClient-1-11] DEBUG org.asynchttpclient.netty.handler.HttpHandler - 

Request DefaultHttpRequest(decodeResult: success, version: HTTP/1.1)
POST /session/94e3711011cb18b99042f8ce610e9107/element/2819b82a-9dfa-45d5-8983-efba75c4446d/click HTTP/1.1
User-Agent: selenium/4.1.2 (java windows)
Content-Length: 50
Content-Type: application/json; charset=utf-8
host: localhost:58970
accept: */*

Response DefaultHttpResponse(decodeResult: success, version: HTTP/1.1)
HTTP/1.1 200 OK
Content-Type: application/json; charset=utf-8
cache-control: no-cache
content-length: 14

00:46:04.946 [AsyncHttpClient-1-11] DEBUG org.asynchttpclient.netty.channel.ChannelManager - Adding key: http://localhost:58970 for channel [id: 0x46b01170, L:/127.0.0.1:49535 - R:localhost/127.0.0.1:58970]
00:46:04.949 [Forwarding screenshot on session 94e3711011cb18b99042f8ce610e9107 to remote] DEBUG org.asynchttpclient.netty.request.NettyRequestSender - Using pooled Channel '[id: 0x46b01170, L:/127.0.0.1:49535 - R:localhost/127.0.0.1:58970]' for 'GET' to 'http://localhost:58970/session/94e3711011cb18b99042f8ce610e9107/screenshot'
00:46:04.950 [Forwarding screenshot on session 94e3711011cb18b99042f8ce610e9107 to remote] DEBUG org.asynchttpclient.netty.request.NettyRequestSender - Using open Channel [id: 0x46b01170, L:/127.0.0.1:49535 - R:localhost/127.0.0.1:58970] for GET '/session/94e3711011cb18b99042f8ce610e9107/screenshot'
00:46:05.153 [AsyncHttpClient-1-11] DEBUG org.asynchttpclient.netty.handler.HttpHandler - 

Request DefaultFullHttpRequest(decodeResult: success, version: HTTP/1.1, content: EmptyByteBufBE)
GET /session/94e3711011cb18b99042f8ce610e9107/screenshot HTTP/1.1
User-Agent: selenium/4.1.2 (java windows)
Cache-Control: no-cache
Content-Type: application/json; charset=utf-8
host: localhost:58970
accept: */*

Response DefaultHttpResponse(decodeResult: success, version: HTTP/1.1)
HTTP/1.1 200 OK
Content-Type: application/json; charset=utf-8
cache-control: no-cache
content-length: 126148

00:46:05.153 [AsyncHttpClient-1-11] DEBUG org.asynchttpclient.netty.channel.ChannelManager - Adding key: http://localhost:58970 for channel [id: 0x46b01170, L:/127.0.0.1:49535 - R:localhost/127.0.0.1:58970]
00:46:05.155 [main] DEBUG net.serenitybdd.core.photography.Darkroom - Send negative for processing for target\site\serenity\ddf8319179ce18326bf46afa318e7f3e8b6326a0a65570ff379b869a387a1662.png
00:46:05.155 [main] DEBUG net.thucydides.core.steps.StepInterceptor - STEP DONE: selectfilter
  &amp#27;[32mWhen &amp#27;[0m&amp#27;[32madmin click select booking&amp#27;[0m          &amp#27;[90m# starter.definitions.BookingSteps.adminClickSelectBooking()&amp#27;[0m
00:46:05.155 [Darkroom Processing Line] DEBUG net.serenitybdd.core.photography.DarkroomProcessingLine - Processing screenshot image in /var/screenshots/screenshot-15705809036809956758
00:46:05.156 [Darkroom Processing Line] DEBUG net.serenitybdd.core.photography.DarkroomProcessingLine - Saving screenshot to target\site\serenity\ddf8319179ce18326bf46afa318e7f3e8b6326a0a65570ff379b869a387a1662.png
00:46:05.163 [main] DEBUG net.thucydides.core.steps.StepInterceptor - STARTING STEP: BookingSteps.adminSelectFilterBooking - choosebooking
00:46:05.165 [Forwarding findElement on session 94e3711011cb18b99042f8ce610e9107 to remote] DEBUG org.asynchttpclient.netty.request.NettyRequestSender - Using pooled Channel '[id: 0x46b01170, L:/127.0.0.1:49535 - R:localhost/127.0.0.1:58970]' for 'POST' to 'http://localhost:58970/session/94e3711011cb18b99042f8ce610e9107/element'
00:46:05.165 [Forwarding findElement on session 94e3711011cb18b99042f8ce610e9107 to remote] DEBUG org.asynchttpclient.netty.request.NettyRequestSender - Using open Channel [id: 0x46b01170, L:/127.0.0.1:49535 - R:localhost/127.0.0.1:58970] for POST '/session/94e3711011cb18b99042f8ce610e9107/element'
00:46:05.887 [AsyncHttpClient-1-1] DEBUG org.asynchttpclient.netty.channel.DefaultChannelPool - Entry count for : http://localhost:49536 : 1
00:46:06.986 [AsyncHttpClient-1-1] DEBUG org.asynchttpclient.netty.channel.DefaultChannelPool - Entry count for : http://localhost:49536 : 1
00:46:07.172 [AsyncHttpClient-1-11] DEBUG org.asynchttpclient.netty.handler.HttpHandler - 

Request DefaultHttpRequest(decodeResult: success, version: HTTP/1.1)
POST /session/94e3711011cb18b99042f8ce610e9107/element HTTP/1.1
User-Agent: selenium/4.1.2 (java windows)
Content-Length: 84
Content-Type: application/json; charset=utf-8
host: localhost:58970
accept: */*

Response DefaultHttpResponse(decodeResult: success, version: HTTP/1.1)
HTTP/1.1 404 Not Found
Content-Type: application/json; charset=utf-8
cache-control: no-cache
content-length: 1042

00:46:07.172 [AsyncHttpClient-1-11] DEBUG org.asynchttpclient.netty.channel.ChannelManager - Adding key: http://localhost:58970 for channel [id: 0x46b01170, L:/127.0.0.1:49535 - R:localhost/127.0.0.1:58970]
00:46:07.279 [Forwarding findElement on session 94e3711011cb18b99042f8ce610e9107 to remote] DEBUG org.asynchttpclient.netty.request.NettyRequestSender - Using pooled Channel '[id: 0x46b01170, L:/127.0.0.1:49535 - R:localhost/127.0.0.1:58970]' for 'POST' to 'http://localhost:58970/session/94e3711011cb18b99042f8ce610e9107/element'
00:46:07.279 [Forwarding findElement on session 94e3711011cb18b99042f8ce610e9107 to remote] DEBUG org.asynchttpclient.netty.request.NettyRequestSender - Using open Channel [id: 0x46b01170, L:/127.0.0.1:49535 - R:localhost/127.0.0.1:58970] for POST '/session/94e3711011cb18b99042f8ce610e9107/element'
00:46:08.085 [AsyncHttpClient-1-1] DEBUG org.asynchttpclient.netty.channel.DefaultChannelPool - Entry count for : http://localhost:49536 : 1
00:46:09.186 [AsyncHttpClient-1-1] DEBUG org.asynchttpclient.netty.channel.DefaultChannelPool - Entry count for : http://localhost:49536 : 1
00:46:09.285 [AsyncHttpClient-1-11] DEBUG org.asynchttpclient.netty.handler.HttpHandler - 

Request DefaultHttpRequest(decodeResult: success, version: HTTP/1.1)
POST /session/94e3711011cb18b99042f8ce610e9107/element HTTP/1.1
User-Agent: selenium/4.1.2 (java windows)
Content-Length: 84
Content-Type: application/json; charset=utf-8
host: localhost:58970
accept: */*

Response DefaultHttpResponse(decodeResult: success, version: HTTP/1.1)
HTTP/1.1 404 Not Found
Content-Type: application/json; charset=utf-8
cache-control: no-cache
content-length: 1042

00:46:09.285 [AsyncHttpClient-1-11] DEBUG org.asynchttpclient.netty.channel.ChannelManager - Adding key: http://localhost:58970 for channel [id: 0x46b01170, L:/127.0.0.1:49535 - R:localhost/127.0.0.1:58970]
00:46:09.391 [Forwarding findElement on session 94e3711011cb18b99042f8ce610e9107 to remote] DEBUG org.asynchttpclient.netty.request.NettyRequestSender - Using pooled Channel '[id: 0x46b01170, L:/127.0.0.1:49535 - R:localhost/127.0.0.1:58970]' for 'POST' to 'http://localhost:58970/session/94e3711011cb18b99042f8ce610e9107/element'
00:46:09.392 [Forwarding findElement on session 94e3711011cb18b99042f8ce610e9107 to remote] DEBUG org.asynchttpclient.netty.request.NettyRequestSender - Using open Channel [id: 0x46b01170, L:/127.0.0.1:49535 - R:localhost/127.0.0.1:58970] for POST '/session/94e3711011cb18b99042f8ce610e9107/element'
00:46:10.286 [AsyncHttpClient-1-1] DEBUG org.asynchttpclient.netty.channel.DefaultChannelPool - Entry count for : http://localhost:49536 : 1
00:46:11.388 [AsyncHttpClient-1-1] DEBUG org.asynchttpclient.netty.channel.DefaultChannelPool - Entry count for : http://localhost:49536 : 1
00:46:11.402 [AsyncHttpClient-1-11] DEBUG org.asynchttpclient.netty.handler.HttpHandler - 

Request DefaultHttpRequest(decodeResult: success, version: HTTP/1.1)
POST /session/94e3711011cb18b99042f8ce610e9107/element HTTP/1.1
User-Agent: selenium/4.1.2 (java windows)
Content-Length: 84
Content-Type: application/json; charset=utf-8
host: localhost:58970
accept: */*

Response DefaultHttpResponse(decodeResult: success, version: HTTP/1.1)
HTTP/1.1 404 Not Found
Content-Type: application/json; charset=utf-8
cache-control: no-cache
content-length: 1042

00:46:11.402 [AsyncHttpClient-1-11] DEBUG org.asynchttpclient.netty.channel.ChannelManager - Adding key: http://localhost:58970 for channel [id: 0x46b01170, L:/127.0.0.1:49535 - R:localhost/127.0.0.1:58970]
00:46:11.406 [Forwarding screenshot on session 94e3711011cb18b99042f8ce610e9107 to remote] DEBUG org.asynchttpclient.netty.request.NettyRequestSender - Using pooled Channel '[id: 0x46b01170, L:/127.0.0.1:49535 - R:localhost/127.0.0.1:58970]' for 'GET' to 'http://localhost:58970/session/94e3711011cb18b99042f8ce610e9107/screenshot'
00:46:11.406 [Forwarding screenshot on session 94e3711011cb18b99042f8ce610e9107 to remote] DEBUG org.asynchttpclient.netty.request.NettyRequestSender - Using open Channel [id: 0x46b01170, L:/127.0.0.1:49535 - R:localhost/127.0.0.1:58970] for GET '/session/94e3711011cb18b99042f8ce610e9107/screenshot'
00:46:11.502 [AsyncHttpClient-1-11] DEBUG org.asynchttpclient.netty.handler.HttpHandler - 

Request DefaultFullHttpRequest(decodeResult: success, version: HTTP/1.1, content: EmptyByteBufBE)
GET /session/94e3711011cb18b99042f8ce610e9107/screenshot HTTP/1.1
User-Agent: selenium/4.1.2 (java windows)
Cache-Control: no-cache
Content-Type: application/json; charset=utf-8
host: localhost:58970
accept: */*

Response DefaultHttpResponse(decodeResult: success, version: HTTP/1.1)
HTTP/1.1 200 OK
Content-Type: application/json; charset=utf-8
cache-control: no-cache
content-length: 126148

00:46:11.502 [AsyncHttpClient-1-11] DEBUG org.asynchttpclient.netty.channel.ChannelManager - Adding key: http://localhost:58970 for channel [id: 0x46b01170, L:/127.0.0.1:49535 - R:localhost/127.0.0.1:58970]
00:46:11.504 [main] DEBUG net.serenitybdd.core.photography.Darkroom - Send negative for processing for target\site\serenity\ddf8319179ce18326bf46afa318e7f3e8b6326a0a65570ff379b869a387a1662.png
00:46:11.506 [Forwarding getPageSource on session 94e3711011cb18b99042f8ce610e9107 to remote] DEBUG org.asynchttpclient.netty.request.NettyRequestSender - Using pooled Channel '[id: 0x46b01170, L:/127.0.0.1:49535 - R:localhost/127.0.0.1:58970]' for 'POST' to 'http://localhost:58970/session/94e3711011cb18b99042f8ce610e9107/execute/sync'
00:46:11.506 [Forwarding getPageSource on session 94e3711011cb18b99042f8ce610e9107 to remote] DEBUG org.asynchttpclient.netty.request.NettyRequestSender - Using open Channel [id: 0x46b01170, L:/127.0.0.1:49535 - R:localhost/127.0.0.1:58970] for POST '/session/94e3711011cb18b99042f8ce610e9107/execute/sync'
00:46:11.575 [AsyncHttpClient-1-11] DEBUG org.asynchttpclient.netty.handler.HttpHandler - 

Request DefaultHttpRequest(decodeResult: success, version: HTTP/1.1)
POST /session/94e3711011cb18b99042f8ce610e9107/execute/sync HTTP/1.1
User-Agent: selenium/4.1.2 (java windows)
Content-Length: 176
Content-Type: application/json; charset=utf-8
host: localhost:58970
accept: */*

Response DefaultHttpResponse(decodeResult: success, version: HTTP/1.1)
HTTP/1.1 200 OK
Content-Type: application/json; charset=utf-8
cache-control: no-cache
content-length: 1092785

00:46:11.576 [AsyncHttpClient-1-11] DEBUG org.asynchttpclient.netty.channel.ChannelManager - Adding key: http://localhost:58970 for channel [id: 0x46b01170, L:/127.0.0.1:49535 - R:localhost/127.0.0.1:58970]
00:46:11.768 [Forwarding getCurrentUrl on session 94e3711011cb18b99042f8ce610e9107 to remote] DEBUG org.asynchttpclient.netty.request.NettyRequestSender - Using pooled Channel '[id: 0x46b01170, L:/127.0.0.1:49535 - R:localhost/127.0.0.1:58970]' for 'GET' to 'http://localhost:58970/session/94e3711011cb18b99042f8ce610e9107/url'
00:46:11.768 [Forwarding getCurrentUrl on session 94e3711011cb18b99042f8ce610e9107 to remote] DEBUG org.asynchttpclient.netty.request.NettyRequestSender - Using open Channel [id: 0x46b01170, L:/127.0.0.1:49535 - R:localhost/127.0.0.1:58970] for GET '/session/94e3711011cb18b99042f8ce610e9107/url'
00:46:11.770 [AsyncHttpClient-1-11] DEBUG org.asynchttpclient.netty.handler.HttpHandler - 

Request DefaultFullHttpRequest(decodeResult: success, version: HTTP/1.1, content: EmptyByteBufBE)
GET /session/94e3711011cb18b99042f8ce610e9107/url HTTP/1.1
User-Agent: selenium/4.1.2 (java windows)
Cache-Control: no-cache
Content-Type: application/json; charset=utf-8
host: localhost:58970
accept: */*

Response DefaultHttpResponse(decodeResult: success, version: HTTP/1.1)
HTTP/1.1 200 OK
Content-Type: application/json; charset=utf-8
cache-control: no-cache
content-length: 48

00:46:11.771 [AsyncHttpClient-1-11] DEBUG org.asynchttpclient.netty.channel.ChannelManager - Adding key: http://localhost:58970 for channel [id: 0x46b01170, L:/127.0.0.1:49535 - R:localhost/127.0.0.1:58970]
  &amp#27;[31mAnd &amp#27;[0m&amp#27;[31mAdmin select filter booking&amp#27;[0m          &amp#27;[90m# starter.definitions.BookingSteps.adminSelectFilterBooking()&amp#27;[0m
      &amp#27;[31mnet.thucydides.core.webdriver.exceptions.ElementShouldBeEnabledException: Expected enabled element was not enabled
	at net.serenitybdd.core.pages.WebElementFacadeImpl.waitUntilEnabled(WebElementFacadeImpl.java:1100)
	at net.serenitybdd.core.pages.WebElementFacadeImpl.waitUntilElementAvailable(WebElementFacadeImpl.java:888)
	at net.serenitybdd.core.pages.WebElementFacadeImpl.click(WebElementFacadeImpl.java:1182)
	at net.serenitybdd.core.pages.WebElementFacadeImpl.click(WebElementFacadeImpl.java:1201)
	at example@1.0-SNAPSHOT/starter.pages.BookingPage.choosebooking(BookingPage.java:119)
	at example@1.0-SNAPSHOT/starter.pages.BookingPage$ByteBuddy$kUgafaY9.choosebooking$accessor$gpky6L66(Unknown Source)
	at java.base/jdk.internal.reflect.NativeMethodAccessorImpl.invoke0(Native Method)
	at java.base/jdk.internal.reflect.NativeMethodAccessorImpl.invoke(NativeMethodAccessorImpl.java:77)
	at java.base/jdk.internal.reflect.DelegatingMethodAccessorImpl.invoke(DelegatingMethodAccessorImpl.java:43)
	at java.base/java.lang.reflect.Method.invoke(Method.java:568)
	at net.thucydides.core.steps.StepInterceptor.invokeMethod(StepInterceptor.java:503)
	at net.thucydides.core.steps.StepInterceptor.executeTestStepMethod(StepInterceptor.java:483)
	at net.thucydides.core.steps.StepInterceptor.runTestStep(StepInterceptor.java:457)
	at net.thucydides.core.steps.StepInterceptor.runOrSkipMethod(StepInterceptor.java:209)
	at net.thucydides.core.steps.StepInterceptor.testStepResult(StepInterceptor.java:196)
	at net.thucydides.core.steps.StepInterceptor.intercept(StepInterceptor.java:84)
	at net.thucydides.core.steps.ProxyConfiguration$InterceptorDispatcher.intercept(ProxyConfiguration.java:51)
	at example@1.0-SNAPSHOT/starter.pages.BookingPage$ByteBuddy$kUgafaY9.choosebooking(Unknown Source)
	at example@1.0-SNAPSHOT/starter.definitions.BookingSteps.adminSelectFilterBooking(BookingSteps.java:73)
	at âœ½.Admin select filter booking(file:///D:/capstone%20projek/web%20testing/src/test/resources/features/booking.feature:26)
Caused by: org.openqa.selenium.TimeoutException: Expected condition failed: waiting for By.xpath: (//div[text()='56 - Monkey D Luffy']) to be enabled (tried for 5 second(s) with 100 milliseconds interval)
	at org.openqa.selenium.support.ui.FluentWait.timeoutException(FluentWait.java:263)
	at org.openqa.selenium.support.ui.FluentWait.until(FluentWait.java:231)
	at net.serenitybdd.core.pages.WebElementFacadeImpl.waitUntilEnabled(WebElementFacadeImpl.java:1097)
	at net.serenitybdd.core.pages.WebElementFacadeImpl.waitUntilElementAvailable(WebElementFacadeImpl.java:888)
	at net.serenitybdd.core.pages.WebElementFacadeImpl.click(WebElementFacadeImpl.java:1182)
	at net.serenitybdd.core.pages.WebElementFacadeImpl.click(WebElementFacadeImpl.java:1201)
	at example@1.0-SNAPSHOT/starter.pages.BookingPage.choosebooking(BookingPage.java:119)
	at example@1.0-SNAPSHOT/starter.pages.BookingPage$ByteBuddy$kUgafaY9.choosebooking$accessor$gpky6L66(Unknown Source)
	at java.base/jdk.internal.reflect.NativeMethodAccessorImpl.invoke0(Native Method)
	at java.base/jdk.internal.reflect.NativeMethodAccessorImpl.invoke(NativeMethodAccessorImpl.java:77)
	at java.base/jdk.internal.reflect.DelegatingMethodAccessorImpl.invoke(DelegatingMethodAccessorImpl.java:43)
	at java.base/java.lang.reflect.Method.invoke(Method.java:568)
	at net.thucydides.core.steps.StepInterceptor.invokeMethod(StepInterceptor.java:503)
	at net.thucydides.core.steps.StepInterceptor.executeTestStepMethod(StepInterceptor.java:483)
	at net.thucydides.core.steps.StepInterceptor.runTestStep(StepInterceptor.java:457)
	at net.thucydides.core.steps.StepInterceptor.runOrSkipMethod(StepInterceptor.java:209)
	at net.thucydides.core.steps.StepInterceptor.testStepResult(StepInterceptor.java:196)
	at net.thucydides.core.steps.StepInterceptor.intercept(StepInterceptor.java:84)
	at net.thucydides.core.steps.ProxyConfiguration$InterceptorDispatcher.intercept(ProxyConfiguration.java:51)
	at example@1.0-SNAPSHOT/starter.pages.BookingPage$ByteBuddy$kUgafaY9.choosebooking(Unknown Source)
	at example@1.0-SNAPSHOT/starter.definitions.BookingSteps.adminSelectFilterBooking(BookingSteps.java:73)
	at java.base/jdk.internal.reflect.NativeMethodAccessorImpl.invoke0(Native Method)
	at java.base/jdk.internal.reflect.NativeMethodAccessorImpl.invoke(NativeMethodAccessorImpl.java:77)
	at java.base/jdk.internal.reflect.DelegatingMethodAccessorImpl.invoke(DelegatingMethodAccessorImpl.java:43)
	at java.base/java.lang.reflect.Method.invoke(Method.java:568)
	at io.cucumber.java.Invoker.doInvoke(Invoker.java:66)
	at io.cucumber.java.Invoker.invoke(Invoker.java:24)
	at io.cucumber.java.AbstractGlueDefinition.invokeMethod(AbstractGlueDefinition.java:47)
	at io.cucumber.java.JavaStepDefinition.execute(JavaStepDefinition.java:29)
	at io.cucumber.core.runner.CoreStepDefinition.execute(CoreStepDefinition.java:66)
	at io.cucumber.core.runner.PickleStepDefinitionMatch.runStep(PickleStepDefinitionMatch.java:63)
	at io.cucumber.core.runner.ExecutionMode$1.execute(ExecutionMode.java:10)
	at io.cucumber.core.runner.TestStep.executeStep(TestStep.java:86)
	at io.cucumber.core.runner.TestStep.run(TestStep.java:57)
	at io.cucumber.core.runner.PickleStepTestStep.run(PickleStepTestStep.java:51)
	at io.cucumber.core.runner.TestCase.run(TestCase.java:95)
	at io.cucumber.core.runner.Runner.runPickle(Runner.java:75)
	at io.cucumber.junit.PickleRunners$NoStepDescriptions.lambda$run$0(PickleRunners.java:151)
	at io.cucumber.core.runtime.CucumberExecutionContext.lambda$runTestCase$3(CucumberExecutionContext.java:151)
	at io.cucumber.core.runtime.RethrowingThrowableCollector.executeAndThrow(RethrowingThrowableCollector.java:23)
	at io.cucumber.core.runtime.CucumberExecutionContext.runTestCase(CucumberExecutionContext.java:151)
	at io.cucumber.junit.PickleRunners$NoStepDescriptions.run(PickleRunners.java:148)
	at io.cucumber.junit.FeatureRunner.runChild(FeatureRunner.java:144)
	at io.cucumber.junit.FeatureRunner.runChild(FeatureRunner.java:28)
	at org.junit.runners.ParentRunner$4.run(ParentRunner.java:331)
	at org.junit.runners.ParentRunner$1.schedule(ParentRunner.java:79)
	at org.junit.runners.ParentRunner.runChildren(ParentRunner.java:329)
	at org.junit.runners.ParentRunner.access$100(ParentRunner.java:66)
	at org.junit.runners.ParentRunner$2.evaluate(ParentRunner.java:293)
	at org.junit.runners.ParentRunner$3.evaluate(ParentRunner.java:306)
	at org.junit.runners.ParentRunner.run(ParentRunner.java:413)
	at io.cucumber.junit.FeatureRunner.run(FeatureRunner.java:137)
	at io.cucumber.junit.CucumberSerenityRunner.runChild(CucumberSerenityRunner.java:258)
	at io.cucumber.junit.CucumberSerenityRunner.runChild(CucumberSerenityRunner.java:58)
	at org.junit.runners.ParentRunner$4.run(ParentRunner.java:331)
	at org.junit.runners.ParentRunner$1.schedule(ParentRunner.java:79)
	at org.junit.runners.ParentRunner.runChildren(ParentRunner.java:329)
	at org.junit.runners.ParentRunner.access$100(ParentRunner.java:66)
	at org.junit.runners.ParentRunner$2.evaluate(ParentRunner.java:293)
	at io.cucumber.junit.CucumberSerenityRunner$RunCucumber.evaluate(CucumberSerenityRunner.java:287)
	at org.junit.runners.ParentRunner$3.evaluate(ParentRunner.java:306)
	at org.junit.runners.ParentRunner.run(ParentRunner.java:413)
	at org.junit.runner.JUnitCore.run(JUnitCore.java:137)
	at org.junit.runner.JUnitCore.run(JUnitCore.java:115)
	at org.junit.vintage.engine.execution.RunnerExecutor.execute(RunnerExecutor.java:42)
	at org.junit.vintage.engine.VintageTestEngine.executeAllChildren(VintageTestEngine.java:80)
	at org.junit.vintage.engine.VintageTestEngine.execute(VintageTestEngine.java:72)
	at org.junit.platform.launcher.core.EngineExecutionOrchestrator.execute(EngineExecutionOrchestrator.java:107)
	at org.junit.platform.launcher.core.EngineExecutionOrchestrator.execute(EngineExecutionOrchestrator.java:88)
	at org.junit.platform.launcher.core.EngineExecutionOrchestrator.lambda$execute$0(EngineExecutionOrchestrator.java:54)
	at org.junit.platform.launcher.core.EngineExecutionOrchestrator.withInterceptedStreams(EngineExecutionOrchestrator.java:67)
	at org.junit.platform.launcher.core.EngineExecutionOrchestrator.execute(EngineExecutionOrchestrator.java:52)
	at org.junit.platform.launcher.core.DefaultLauncher.execute(DefaultLauncher.java:114)
	at org.junit.platform.launcher.core.DefaultLauncher.execute(DefaultLauncher.java:86)
	at org.junit.platform.launcher.core.DefaultLauncherSession$DelegatingLauncher.execute(DefaultLauncherSession.java:86)
	at org.junit.platform.launcher.core.SessionPerRequestLauncher.execute(SessionPerRequestLauncher.java:53)
	at org.apache.maven.surefire.junitplatform.JUnitPlatformProvider.execute(JUnitPlatformProvider.java:188)
	at org.apache.maven.surefire.junitplatform.JUnitPlatformProvider.invokeAllTests(JUnitPlatformProvider.java:154)
	at org.apache.maven.surefire.junitplatform.JUnitPlatformProvider.invoke(JUnitPlatformProvider.java:128)
	at org.apache.maven.surefire.booter.ForkedBooter.runSuitesInProcess(ForkedBooter.java:428)
	at org.apache.maven.surefire.booter.ForkedBooter.execute(ForkedBooter.java:162)
	at org.apache.maven.surefire.booter.ForkedBooter.run(ForkedBooter.java:562)
	at org.apache.maven.surefire.booter.ForkedBooter.main(ForkedBooter.java:548)
Caused by: org.openqa.selenium.NoSuchElementException: no such element: Unable to locate element: {"method":"xpath","selector":"(//div[text()='56 - Monkey D Luffy'])"}
  (Session info: chrome=103.0.5060.134)
For documentation on this error, please visit: https://selenium.dev/exceptions/#no_such_element
Build info: version: '4.1.2', revision: '9a5a329c5a'
System info: host: 'DESKTOP-5EG9UC4', ip: '192.168.1.3', os.name: 'Windows 10', os.arch: 'amd64', os.version: '10.0', java.version: '17.0.2'
Driver info: org.openqa.selenium.chrome.ChromeDriver
Command: [94e3711011cb18b99042f8ce610e9107, findElement {using=xpath, value=(//div[text()='56 - Monkey D Luffy'])}]
Capabilities {acceptInsecureCerts: false, browserName: chrome, browserVersion: 103.0.5060.134, chrome: {chromedriverVersion: 103.0.5060.134 (8ec6fce403b..., userDataDir: C:\Users\Rev\AppData\Local\...}, goog:chromeOptions: {debuggerAddress: localhost:49536}, javascriptEnabled: true, networkConnectionEnabled: false, pageLoadStrategy: normal, platform: WINDOWS, platformName: WINDOWS, proxy: Proxy(), se:cdp: ws://localhost:49536/devtoo..., se:cdpVersion: 103.0.5060.134, setWindowRect: true, strictFileInteractability: false, timeouts: {implicit: 0, pageLoad: 300000, script: 30000}, unhandledPromptBehavior: dismiss and notify, webauthn:extension:credBlob: true, webauthn:extension:largeBlob: true, webauthn:virtualAuthenticators: true}
Session ID: 94e3711011cb18b99042f8ce610e9107
	at java.base/jdk.internal.reflect.NativeConstructorAccessorImpl.newInstance0(Native Method)
	at java.base/jdk.internal.reflect.NativeConstructorAccessorImpl.newInstance(NativeConstructorAccessorImpl.java:77)
	at java.base/jdk.internal.reflect.DelegatingConstructorAccessorImpl.newInstance(DelegatingConstructorAccessorImpl.java:45)
	at java.base/java.lang.reflect.Constructor.newInstanceWithCaller(Constructor.java:499)
	at java.base/java.lang.reflect.Constructor.newInstance(Constructor.java:480)
	at org.openqa.selenium.remote.codec.w3c.W3CHttpResponseCodec.createException(W3CHttpResponseCodec.java:200)
	at org.openqa.selenium.remote.codec.w3c.W3CHttpResponseCodec.decode(W3CHttpResponseCodec.java:133)
	at org.openqa.selenium.remote.codec.w3c.W3CHttpResponseCodec.decode(W3CHttpResponseCodec.java:53)
	at org.openqa.selenium.remote.HttpCommandExecutor.execute(HttpCommandExecutor.java:184)
	at org.openqa.selenium.remote.service.DriverCommandExecutor.invokeExecute(DriverCommandExecutor.java:167)
	at org.openqa.selenium.remote.service.DriverCommandExecutor.execute(DriverCommandExecutor.java:142)
	at org.openqa.selenium.remote.RemoteWebDriver.execute(RemoteWebDriver.java:558)
	at org.openqa.selenium.remote.ElementLocation$ElementFinder$2.findElement(ElementLocation.java:162)
	at org.openqa.selenium.remote.ElementLocation.findElement(ElementLocation.java:60)
	at org.openqa.selenium.remote.RemoteWebDriver.findElement(RemoteWebDriver.java:382)
	at org.openqa.selenium.remote.RemoteWebDriver.findElement(RemoteWebDriver.java:374)
	at net.thucydides.core.webdriver.WebDriverFacade.findElement(WebDriverFacade.java:224)
	at net.serenitybdd.core.pages.WebElementResolverByLocator.resolveForDriver(WebElementResolverByLocator.java:25)
	at net.serenitybdd.core.pages.WebElementFacadeImpl.getResolvedElement(WebElementFacadeImpl.java:191)
	at net.serenitybdd.core.pages.WebElementFacadeImpl.getElement(WebElementFacadeImpl.java:186)
	at net.serenitybdd.core.pages.WebElementExpectations$3.apply(WebElementExpectations.java:63)
	at net.serenitybdd.core.pages.WebElementExpectations$3.apply(WebElementExpectations.java:55)
	at org.openqa.selenium.support.ui.FluentWait.until(FluentWait.java:208)
	... 81 more
&amp#27;[0m
  &amp#27;[36mThen &amp#27;[0m&amp#27;[36madmin sucsess select filter booking&amp#27;[0m &amp#27;[90m# starter.definitions.BookingSteps.adminSucsessSelectFilterBooking()&amp#27;[0m
00:46:11.794 [main] ERROR  - 
  _____   ___   ___   _____     ___     _     ___   _      ___   ___  
 |_   _| | __| / __| |_   _|   | __|   /_\   |_ _| | |    | __| |   \ 
   | |   | _|  \__ \   | |     | _|   / _ \   | |  | |__  | _|  | |) |
   |_|   |___| |___/   |_|     |_|   /_/ \_\ |___| |____| |___| |___/ 

select booking
-----------------------------------------------------------------------
00:46:11.795 [main] DEBUG  - RELATED ISSUES: 
00:46:11.796 [main] ERROR  -     Test failed at step: Choosebooking
00:46:11.796 [main] ERROR  -     Expected enabled element was not enabled
00:46:11.798 [AsyncHttpClient-1-13] DEBUG org.asynchttpclient.netty.handler.WebSocketHandler - Channel Closed: [id: 0x2c18a69d, L:/127.0.0.1:49543 ! R:localhost/127.0.0.1:49536] with attribute NettyResponseFuture{currentRetry=5,
	isDone=1,
	isCancelled=0,
	asyncHandler=org.asynchttpclient.ws.WebSocketUpgradeHandler@4d485fba,
	nettyRequest=org.asynchttpclient.netty.request.NettyRequest@84ad877,
	future=java.util.concurrent.CompletableFuture@4e1aabd0[Completed normally],
	uri=ws://localhost:49536/devtools/browser/f0339858-af6f-453e-b6b3-49b3c1a7a1a4,
	keepAlive=true,
	redirectCount=0,
	timeoutsHolder=null,
	inAuth=0,
	touch=1658421956746}
00:46:11.798 [AsyncHttpClient-1-13] DEBUG org.asynchttpclient.netty.channel.ChannelManager - Closing Channel [id: 0x2c18a69d, L:/127.0.0.1:49543 ! R:localhost/127.0.0.1:49536] 
00:46:11.798 [Driver Command Executor] DEBUG org.asynchttpclient.netty.request.NettyRequestSender - Using pooled Channel '[id: 0x46b01170, L:/127.0.0.1:49535 - R:localhost/127.0.0.1:58970]' for 'DELETE' to 'http://localhost:58970/session/94e3711011cb18b99042f8ce610e9107'
00:46:11.798 [Driver Command Executor] DEBUG org.asynchttpclient.netty.request.NettyRequestSender - Using open Channel [id: 0x46b01170, L:/127.0.0.1:49535 - R:localhost/127.0.0.1:58970] for DELETE '/session/94e3711011cb18b99042f8ce610e9107'
00:46:11.817 [AsyncHttpClient-1-12] DEBUG org.asynchttpclient.netty.handler.HttpHandler - Unexpected I/O exception on channel [id: 0x244a235f, L:/127.0.0.1:49542 - R:localhost/127.0.0.1:49536]
java.net.SocketException: Connection reset
	at java.base/sun.nio.ch.SocketChannelImpl.throwConnectionReset(SocketChannelImpl.java:394)
	at java.base/sun.nio.ch.SocketChannelImpl.read(SocketChannelImpl.java:426)
	at io.netty.buffer.PooledByteBuf.setBytes(PooledByteBuf.java:258)
	at io.netty.buffer.AbstractByteBuf.writeBytes(AbstractByteBuf.java:1132)
	at io.netty.channel.socket.nio.NioSocketChannel.doReadBytes(NioSocketChannel.java:350)
	at io.netty.channel.nio.AbstractNioByteChannel$NioByteUnsafe.read(AbstractNioByteChannel.java:151)
	at io.netty.channel.nio.NioEventLoop.processSelectedKey(NioEventLoop.java:722)
	at io.netty.channel.nio.NioEventLoop.processSelectedKeysOptimized(NioEventLoop.java:658)
	at io.netty.channel.nio.NioEventLoop.processSelectedKeys(NioEventLoop.java:584)
	at io.netty.channel.nio.NioEventLoop.run(NioEventLoop.java:496)
	at io.netty.util.concurrent.SingleThreadEventExecutor$4.run(SingleThreadEventExecutor.java:986)
	at io.netty.util.internal.ThreadExecutorMap$2.run(ThreadExecutorMap.java:74)
	at io.netty.util.concurrent.FastThreadLocalRunnable.run(FastThreadLocalRunnable.java:30)
	at java.base/java.lang.Thread.run(Thread.java:833)
00:46:11.817 [AsyncHttpClient-1-12] DEBUG org.asynchttpclient.netty.channel.ChannelManager - Closing Channel [id: 0x244a235f, L:/127.0.0.1:49542 - R:localhost/127.0.0.1:49536] 
00:46:11.817 [AsyncHttpClient-1-12] DEBUG org.asynchttpclient.netty.handler.HttpHandler - Channel Closed: [id: 0x244a235f, L:/127.0.0.1:49542 ! R:localhost/127.0.0.1:49536] with attribute DISCARD
00:46:11.827 [AsyncHttpClient-1-11] DEBUG org.asynchttpclient.netty.handler.HttpHandler - 

Request DefaultFullHttpRequest(decodeResult: success, version: HTTP/1.1, content: EmptyByteBufBE)
DELETE /session/94e3711011cb18b99042f8ce610e9107 HTTP/1.1
User-Agent: selenium/4.1.2 (java windows)
Content-Type: application/json; charset=utf-8
host: localhost:58970
accept: */*

Response DefaultHttpResponse(decodeResult: success, version: HTTP/1.1)
HTTP/1.1 200 OK
Content-Type: application/json; charset=utf-8
cache-control: no-cache
content-length: 14

00:46:11.827 [AsyncHttpClient-1-11] DEBUG org.asynchttpclient.netty.channel.ChannelManager - Adding key: http://localhost:58970 for channel [id: 0x46b01170, L:/127.0.0.1:49535 - R:localhost/127.0.0.1:58970]
00:46:11.870 [AsyncHttpClient-1-11] DEBUG org.asynchttpclient.netty.handler.HttpHandler - Channel Closed: [id: 0x46b01170, L:/127.0.0.1:49535 ! R:localhost/127.0.0.1:58970] with attribute DISCARD
]]></system-out>
    <system-err><![CDATA[Starting ChromeDriver 103.0.5060.134 (8ec6fce403b3feb0869b0732eda8bd95011d333c-refs/branch-heads/5060@{#1262}) on port 58970
Only local connections are allowed.
Please see https://chromedriver.chromium.org/security-considerations for suggestions on keeping ChromeDriver safe.
ChromeDriver was started successfully.
Jul 22, 2022 12:45:56 AM org.openqa.selenium.remote.ProtocolHandshake createSession
INFO: Detected dialect: W3C
Jul 22, 2022 12:45:56 AM org.openqa.selenium.devtools.CdpVersionFinder findNearestMatch
WARNING: Unable to find an exact match for CDP version 103, so returning the closest version found: a no-op implementation
Jul 22, 2022 12:45:56 AM org.openqa.selenium.devtools.CdpVersionFinder findNearestMatch
INFO: Unable to find CDP implementation matching 103.
Jul 22, 2022 12:45:56 AM org.openqa.selenium.chromium.ChromiumDriver lambda$new$3
WARNING: Unable to find version of CDP to use for . You may need to include a dependency on a specific version of the CDP using something similar to `org.seleniumhq.selenium:selenium-devtools-v86:4.1.2` where the version ("v86") matches the version of the chromium-based browser you're using and the version number of the artifact is the same as Selenium's.
]]></system-err>
  </testcase>
  <testcase name="admin see detail class page" classname="admin on the class page" time="7.811">
    <system-out><![CDATA[00:46:11.919 [main] INFO io.cucumber.core.plugin.SerenityReporter - Running feature from file:///D:/capstone%20projek/web%20testing/src/test/resources/features/class.feature
00:46:11.920 [main] DEBUG net.thucydides.core.steps.StepEventBus - Test suite started for story net.thucydides.core.model.Story@509f8330
00:46:11.921 [main] INFO  - Test Suite Started: admin on the class page

@class
Scenario: admin see detail class page &amp#27;[90m# src/test/resources/features/class.feature:10&amp#27;[0m
00:46:11.927 [main] INFO io.cucumber.core.plugin.SerenityReporter - Running feature from file:///D:/capstone%20projek/web%20testing/src/test/resources/features/class.feature
00:46:11.928 [main] INFO  - 
  _____   ___   ___   _____     ___   _____     _     ___   _____   ___   ___  
 |_   _| | __| / __| |_   _|   / __| |_   _|   /_\   | _ \ |_   _| | __| |   \ 
   | |   | _|  \__ \   | |     \__ \   | |    / _ \  |   /   | |   | _|  | |) |
   |_|   |___| |___/   |_|     |___/   |_|   /_/ \_\ |_|_\   |_|   |___| |___/ 

admin see detail class page(admin-on-the-class-page;admin-see-detail-class-page)
--------------------------------------------------------------------------------
00:46:11.934 [main] DEBUG net.thucydides.core.steps.StepInterceptor - STARTING STEP: LoginSteps.adminOnLoginPage - openPage
00:46:11.935 [main] INFO net.serenitybdd.core.webdriver.driverproviders.ChromeDriverProvider - Using automatically driver download
00:46:12.011 [main] DEBUG io.github.bonigarcia.wdm.cache.ResolutionCache - Resolution chrome=103 in cache (valid until 01:32:20 22/07/2022 WITA)
00:46:12.013 [main] DEBUG io.github.bonigarcia.wdm.cache.ResolutionCache - Resolution chrome103=103.0.5060.134 in cache (valid until 21:05:58 22/07/2022 WITA)
00:46:12.014 [main] INFO io.github.bonigarcia.wdm.WebDriverManager - Using chromedriver 103.0.5060.134 (resolved driver for Chrome 103)
00:46:12.021 [main] DEBUG io.github.bonigarcia.wdm.WebDriverManager - Driver chromedriver 103.0.5060.134 found in cache
00:46:12.021 [main] INFO io.github.bonigarcia.wdm.WebDriverManager - Exporting webdriver.chrome.driver as C:\Users\Rev\.cache\selenium\chromedriver\win32\103.0.5060.134\chromedriver.exe
00:46:12.099 [main] DEBUG net.serenitybdd.core.webdriver.driverproviders.ProvideNewDriver - Instantiating driver
00:46:12.099 [main] DEBUG net.serenitybdd.core.webdriver.driverproviders.ProvideNewDriver - Driver capabilities: Capabilities {acceptInsecureCerts: false, base.url: https://sportly.rafdev.my.id/, browserName: chrome, chrome.driver: webdriver/chromedriver.exe, driver: chrome, goog:chromeOptions: {args: [], extensions: []}}
00:46:12.298 [AsyncHttpClient-1-14] DEBUG org.asynchttpclient.netty.channel.NettyConnectListener - Using new Channel '[id: 0x2f7b10b2, L:/127.0.0.1:49582 - R:localhost/127.0.0.1:59343]' for 'POST' to '/session'
00:46:12.494 [AsyncHttpClient-1-1] DEBUG org.asynchttpclient.netty.channel.DefaultChannelPool - Entry count for : http://localhost:58970 : 1
00:46:12.494 [AsyncHttpClient-1-1] DEBUG org.asynchttpclient.netty.channel.DefaultChannelPool - Entry count for : http://localhost:49536 : 1
00:46:12.494 [AsyncHttpClient-1-1] DEBUG org.asynchttpclient.netty.channel.DefaultChannelPool - Adding Candidate expired Channel [id: 0x46b01170, L:/127.0.0.1:49535 ! R:localhost/127.0.0.1:58970] isIdleTimeoutExpired=false isRemotelyClosed=true isTtlExpired=false
00:46:12.494 [AsyncHttpClient-1-1] DEBUG org.asynchttpclient.netty.channel.DefaultChannelPool - Closing Idle Channel [id: 0x46b01170, L:/127.0.0.1:49535 ! R:localhost/127.0.0.1:58970]
00:46:12.495 [AsyncHttpClient-1-1] DEBUG org.asynchttpclient.netty.channel.DefaultChannelPool - Adding Candidate expired Channel [id: 0x244a235f, L:/127.0.0.1:49542 ! R:localhost/127.0.0.1:49536] isIdleTimeoutExpired=false isRemotelyClosed=true isTtlExpired=false
00:46:12.495 [AsyncHttpClient-1-1] DEBUG org.asynchttpclient.netty.channel.DefaultChannelPool - Closing Idle Channel [id: 0x244a235f, L:/127.0.0.1:49542 ! R:localhost/127.0.0.1:49536]
00:46:12.495 [AsyncHttpClient-1-1] DEBUG org.asynchttpclient.netty.channel.DefaultChannelPool - Closed 2 connections out of 2 in 1 ms
00:46:12.829 [AsyncHttpClient-1-14] DEBUG org.asynchttpclient.netty.handler.HttpHandler - 

Request DefaultHttpRequest(decodeResult: success, version: HTTP/1.1)
POST /session HTTP/1.1
User-Agent: selenium/4.1.2 (java windows)
Content-Length: 581
Content-Type: application/json; charset=utf-8
host: localhost:59343
accept: */*

Response DefaultHttpResponse(decodeResult: success, version: HTTP/1.1)
HTTP/1.1 200 OK
Content-Type: application/json; charset=utf-8
cache-control: no-cache
content-length: 790

00:46:12.829 [AsyncHttpClient-1-14] DEBUG org.asynchttpclient.netty.channel.ChannelManager - Adding key: http://localhost:59343 for channel [id: 0x2f7b10b2, L:/127.0.0.1:49582 - R:localhost/127.0.0.1:59343]
00:46:12.837 [AsyncHttpClient-1-15] DEBUG org.asynchttpclient.netty.channel.NettyConnectListener - Using new Channel '[id: 0x93a444a3, L:/127.0.0.1:49589 - R:localhost/127.0.0.1:49583]' for 'GET' to '/json/version'
00:46:12.842 [AsyncHttpClient-1-15] DEBUG org.asynchttpclient.netty.handler.HttpHandler - 

Request DefaultFullHttpRequest(decodeResult: success, version: HTTP/1.1, content: EmptyByteBufBE)
GET /json/version HTTP/1.1
User-Agent: selenium/4.1.2 (java windows)
host: localhost:49583
accept: */*

Response DefaultHttpResponse(decodeResult: success, version: HTTP/1.1)
HTTP/1.1 200 OK
Content-Type: application/json; charset=UTF-8
content-length: 429

00:46:12.842 [AsyncHttpClient-1-15] DEBUG org.asynchttpclient.netty.channel.ChannelManager - Adding key: http://localhost:49583 for channel [id: 0x93a444a3, L:/127.0.0.1:49589 - R:localhost/127.0.0.1:49583]
00:46:12.846 [AsyncHttpClient-1-16] DEBUG org.asynchttpclient.netty.channel.NettyConnectListener - Using new Channel '[id: 0x9ad0ce38, L:/127.0.0.1:49590 - R:localhost/127.0.0.1:49583]' for 'GET' to '/devtools/browser/8e7ae48e-7971-47e1-b6f0-d01b66dafaa5'
00:46:12.853 [AsyncHttpClient-1-16] DEBUG org.asynchttpclient.netty.handler.WebSocketHandler - 

Request DefaultFullHttpRequest(decodeResult: success, version: HTTP/1.1, content: EmptyByteBufBE)
GET /devtools/browser/8e7ae48e-7971-47e1-b6f0-d01b66dafaa5 HTTP/1.1
upgrade: websocket
connection: upgrade
sec-websocket-key: OWML0O/KJN7/02aMo9gEFQ==
sec-websocket-version: 13
origin: http://localhost:49583
host: localhost:49583
accept: */*
user-agent: AHC/2.1

Response DefaultHttpResponse(decodeResult: success, version: HTTP/1.1)
HTTP/1.1 101 WebSocket Protocol Handshake
Upgrade: WebSocket
Connection: Upgrade
Sec-WebSocket-Accept: 9Fa448hlYkxwe9Z4R/gom8fQ5xc=

00:46:12.857 [Forwarding setCurrentWindowSize on session 7b0d25c412493843dfb82260bde5734a to remote] DEBUG org.asynchttpclient.netty.request.NettyRequestSender - Using pooled Channel '[id: 0x2f7b10b2, L:/127.0.0.1:49582 - R:localhost/127.0.0.1:59343]' for 'POST' to 'http://localhost:59343/session/7b0d25c412493843dfb82260bde5734a/window/rect'
00:46:12.857 [Forwarding setCurrentWindowSize on session 7b0d25c412493843dfb82260bde5734a to remote] DEBUG org.asynchttpclient.netty.request.NettyRequestSender - Using open Channel [id: 0x2f7b10b2, L:/127.0.0.1:49582 - R:localhost/127.0.0.1:59343] for POST '/session/7b0d25c412493843dfb82260bde5734a/window/rect'
00:46:12.984 [AsyncHttpClient-1-14] DEBUG org.asynchttpclient.netty.handler.HttpHandler - 

Request DefaultHttpRequest(decodeResult: success, version: HTTP/1.1)
POST /session/7b0d25c412493843dfb82260bde5734a/window/rect HTTP/1.1
User-Agent: selenium/4.1.2 (java windows)
Content-Length: 37
Content-Type: application/json; charset=utf-8
host: localhost:59343
accept: */*

Response DefaultHttpResponse(decodeResult: success, version: HTTP/1.1)
HTTP/1.1 200 OK
Content-Type: application/json; charset=utf-8
cache-control: no-cache
content-length: 52

00:46:12.984 [AsyncHttpClient-1-14] DEBUG org.asynchttpclient.netty.channel.ChannelManager - Adding key: http://localhost:59343 for channel [id: 0x2f7b10b2, L:/127.0.0.1:49582 - R:localhost/127.0.0.1:59343]
00:46:12.985 [Forwarding setWindowPosition on session 7b0d25c412493843dfb82260bde5734a to remote] DEBUG org.asynchttpclient.netty.request.NettyRequestSender - Using pooled Channel '[id: 0x2f7b10b2, L:/127.0.0.1:49582 - R:localhost/127.0.0.1:59343]' for 'POST' to 'http://localhost:59343/session/7b0d25c412493843dfb82260bde5734a/window/rect'
00:46:12.985 [Forwarding setWindowPosition on session 7b0d25c412493843dfb82260bde5734a to remote] DEBUG org.asynchttpclient.netty.request.NettyRequestSender - Using open Channel [id: 0x2f7b10b2, L:/127.0.0.1:49582 - R:localhost/127.0.0.1:59343] for POST '/session/7b0d25c412493843dfb82260bde5734a/window/rect'
00:46:13.092 [AsyncHttpClient-1-14] DEBUG org.asynchttpclient.netty.handler.HttpHandler - 

Request DefaultHttpRequest(decodeResult: success, version: HTTP/1.1)
POST /session/7b0d25c412493843dfb82260bde5734a/window/rect HTTP/1.1
User-Agent: selenium/4.1.2 (java windows)
Content-Length: 22
Content-Type: application/json; charset=utf-8
host: localhost:59343
accept: */*

Response DefaultHttpResponse(decodeResult: success, version: HTTP/1.1)
HTTP/1.1 200 OK
Content-Type: application/json; charset=utf-8
cache-control: no-cache
content-length: 50

00:46:13.093 [AsyncHttpClient-1-14] DEBUG org.asynchttpclient.netty.channel.ChannelManager - Adding key: http://localhost:59343 for channel [id: 0x2f7b10b2, L:/127.0.0.1:49582 - R:localhost/127.0.0.1:59343]
00:46:13.094 [Forwarding get on session 7b0d25c412493843dfb82260bde5734a to remote] DEBUG org.asynchttpclient.netty.request.NettyRequestSender - Using pooled Channel '[id: 0x2f7b10b2, L:/127.0.0.1:49582 - R:localhost/127.0.0.1:59343]' for 'POST' to 'http://localhost:59343/session/7b0d25c412493843dfb82260bde5734a/url'
00:46:13.094 [Forwarding get on session 7b0d25c412493843dfb82260bde5734a to remote] DEBUG org.asynchttpclient.netty.request.NettyRequestSender - Using open Channel [id: 0x2f7b10b2, L:/127.0.0.1:49582 - R:localhost/127.0.0.1:59343] for POST '/session/7b0d25c412493843dfb82260bde5734a/url'
00:46:13.591 [AsyncHttpClient-1-1] DEBUG org.asynchttpclient.netty.channel.DefaultChannelPool - Entry count for : http://localhost:49583 : 1
00:46:14.687 [AsyncHttpClient-1-1] DEBUG org.asynchttpclient.netty.channel.DefaultChannelPool - Entry count for : http://localhost:49583 : 1
00:46:14.893 [AsyncHttpClient-1-14] DEBUG org.asynchttpclient.netty.handler.HttpHandler - 

Request DefaultHttpRequest(decodeResult: success, version: HTTP/1.1)
POST /session/7b0d25c412493843dfb82260bde5734a/url HTTP/1.1
User-Agent: selenium/4.1.2 (java windows)
Content-Length: 59
Content-Type: application/json; charset=utf-8
host: localhost:59343
accept: */*

Response DefaultHttpResponse(decodeResult: success, version: HTTP/1.1)
HTTP/1.1 200 OK
Content-Type: application/json; charset=utf-8
cache-control: no-cache
content-length: 14

00:46:14.893 [AsyncHttpClient-1-14] DEBUG org.asynchttpclient.netty.channel.ChannelManager - Adding key: http://localhost:59343 for channel [id: 0x2f7b10b2, L:/127.0.0.1:49582 - R:localhost/127.0.0.1:59343]
00:46:14.894 [Forwarding setTimeout on session 7b0d25c412493843dfb82260bde5734a to remote] DEBUG org.asynchttpclient.netty.request.NettyRequestSender - Using pooled Channel '[id: 0x2f7b10b2, L:/127.0.0.1:49582 - R:localhost/127.0.0.1:59343]' for 'POST' to 'http://localhost:59343/session/7b0d25c412493843dfb82260bde5734a/timeouts'
00:46:14.894 [Forwarding setTimeout on session 7b0d25c412493843dfb82260bde5734a to remote] DEBUG org.asynchttpclient.netty.request.NettyRequestSender - Using open Channel [id: 0x2f7b10b2, L:/127.0.0.1:49582 - R:localhost/127.0.0.1:59343] for POST '/session/7b0d25c412493843dfb82260bde5734a/timeouts'
00:46:14.894 [AsyncHttpClient-1-14] DEBUG org.asynchttpclient.netty.handler.HttpHandler - 

Request DefaultHttpRequest(decodeResult: success, version: HTTP/1.1)
POST /session/7b0d25c412493843dfb82260bde5734a/timeouts HTTP/1.1
User-Agent: selenium/4.1.2 (java windows)
Content-Length: 22
Content-Type: application/json; charset=utf-8
host: localhost:59343
accept: */*

Response DefaultHttpResponse(decodeResult: success, version: HTTP/1.1)
HTTP/1.1 200 OK
Content-Type: application/json; charset=utf-8
cache-control: no-cache
content-length: 14

00:46:14.894 [AsyncHttpClient-1-14] DEBUG org.asynchttpclient.netty.channel.ChannelManager - Adding key: http://localhost:59343 for channel [id: 0x2f7b10b2, L:/127.0.0.1:49582 - R:localhost/127.0.0.1:59343]
00:46:14.896 [Forwarding getCurrentUrl on session 7b0d25c412493843dfb82260bde5734a to remote] DEBUG org.asynchttpclient.netty.request.NettyRequestSender - Using pooled Channel '[id: 0x2f7b10b2, L:/127.0.0.1:49582 - R:localhost/127.0.0.1:59343]' for 'GET' to 'http://localhost:59343/session/7b0d25c412493843dfb82260bde5734a/url'
00:46:14.896 [Forwarding getCurrentUrl on session 7b0d25c412493843dfb82260bde5734a to remote] DEBUG org.asynchttpclient.netty.request.NettyRequestSender - Using open Channel [id: 0x2f7b10b2, L:/127.0.0.1:49582 - R:localhost/127.0.0.1:59343] for GET '/session/7b0d25c412493843dfb82260bde5734a/url'
00:46:14.913 [AsyncHttpClient-1-14] DEBUG org.asynchttpclient.netty.handler.HttpHandler - 

Request DefaultFullHttpRequest(decodeResult: success, version: HTTP/1.1, content: EmptyByteBufBE)
GET /session/7b0d25c412493843dfb82260bde5734a/url HTTP/1.1
User-Agent: selenium/4.1.2 (java windows)
Cache-Control: no-cache
Content-Type: application/json; charset=utf-8
host: localhost:59343
accept: */*

Response DefaultHttpResponse(decodeResult: success, version: HTTP/1.1)
HTTP/1.1 200 OK
Content-Type: application/json; charset=utf-8
cache-control: no-cache
content-length: 46

00:46:14.913 [AsyncHttpClient-1-14] DEBUG org.asynchttpclient.netty.channel.ChannelManager - Adding key: http://localhost:59343 for channel [id: 0x2f7b10b2, L:/127.0.0.1:49582 - R:localhost/127.0.0.1:59343]
00:46:14.915 [Forwarding getCurrentUrl on session 7b0d25c412493843dfb82260bde5734a to remote] DEBUG org.asynchttpclient.netty.request.NettyRequestSender - Using pooled Channel '[id: 0x2f7b10b2, L:/127.0.0.1:49582 - R:localhost/127.0.0.1:59343]' for 'GET' to 'http://localhost:59343/session/7b0d25c412493843dfb82260bde5734a/url'
00:46:14.915 [Forwarding getCurrentUrl on session 7b0d25c412493843dfb82260bde5734a to remote] DEBUG org.asynchttpclient.netty.request.NettyRequestSender - Using open Channel [id: 0x2f7b10b2, L:/127.0.0.1:49582 - R:localhost/127.0.0.1:59343] for GET '/session/7b0d25c412493843dfb82260bde5734a/url'
00:46:14.917 [AsyncHttpClient-1-14] DEBUG org.asynchttpclient.netty.handler.HttpHandler - 

Request DefaultFullHttpRequest(decodeResult: success, version: HTTP/1.1, content: EmptyByteBufBE)
GET /session/7b0d25c412493843dfb82260bde5734a/url HTTP/1.1
User-Agent: selenium/4.1.2 (java windows)
Cache-Control: no-cache
Content-Type: application/json; charset=utf-8
host: localhost:59343
accept: */*

Response DefaultHttpResponse(decodeResult: success, version: HTTP/1.1)
HTTP/1.1 200 OK
Content-Type: application/json; charset=utf-8
cache-control: no-cache
content-length: 46

00:46:14.917 [AsyncHttpClient-1-14] DEBUG org.asynchttpclient.netty.channel.ChannelManager - Adding key: http://localhost:59343 for channel [id: 0x2f7b10b2, L:/127.0.0.1:49582 - R:localhost/127.0.0.1:59343]
00:46:14.920 [main] DEBUG net.serenitybdd.core.photography.Darkroom - Opening darkroom
00:46:14.920 [Darkroom Processing Line] DEBUG net.serenitybdd.core.photography.DarkroomProcessingLine - Darkroom processing line starting up
00:46:14.920 [Forwarding screenshot on session 7b0d25c412493843dfb82260bde5734a to remote] DEBUG org.asynchttpclient.netty.request.NettyRequestSender - Using pooled Channel '[id: 0x2f7b10b2, L:/127.0.0.1:49582 - R:localhost/127.0.0.1:59343]' for 'GET' to 'http://localhost:59343/session/7b0d25c412493843dfb82260bde5734a/screenshot'
00:46:14.921 [Forwarding screenshot on session 7b0d25c412493843dfb82260bde5734a to remote] DEBUG org.asynchttpclient.netty.request.NettyRequestSender - Using open Channel [id: 0x2f7b10b2, L:/127.0.0.1:49582 - R:localhost/127.0.0.1:59343] for GET '/session/7b0d25c412493843dfb82260bde5734a/screenshot'
00:46:15.243 [AsyncHttpClient-1-14] DEBUG org.asynchttpclient.netty.handler.HttpHandler - 

Request DefaultFullHttpRequest(decodeResult: success, version: HTTP/1.1, content: EmptyByteBufBE)
GET /session/7b0d25c412493843dfb82260bde5734a/screenshot HTTP/1.1
User-Agent: selenium/4.1.2 (java windows)
Cache-Control: no-cache
Content-Type: application/json; charset=utf-8
host: localhost:59343
accept: */*

Response DefaultHttpResponse(decodeResult: success, version: HTTP/1.1)
HTTP/1.1 200 OK
Content-Type: application/json; charset=utf-8
cache-control: no-cache
content-length: 575004

00:46:15.244 [AsyncHttpClient-1-14] DEBUG org.asynchttpclient.netty.channel.ChannelManager - Adding key: http://localhost:59343 for channel [id: 0x2f7b10b2, L:/127.0.0.1:49582 - R:localhost/127.0.0.1:59343]
00:46:15.252 [main] DEBUG net.serenitybdd.core.photography.Darkroom - Send negative for processing for target\site\serenity\bdfb3257a55b5f729af578dfc1dc3a5762c89839bea5dc19984e34dd6640fee1.png
00:46:15.253 [main] DEBUG net.thucydides.core.steps.StepInterceptor - STEP DONE: openPage
00:46:15.256 [main] DEBUG net.thucydides.core.steps.StepInterceptor - STARTING STEP: LoginSteps.adminOnLoginPage - validateonLoginPage
00:46:15.258 [Forwarding findElement on session 7b0d25c412493843dfb82260bde5734a to remote] DEBUG org.asynchttpclient.netty.request.NettyRequestSender - Using pooled Channel '[id: 0x2f7b10b2, L:/127.0.0.1:49582 - R:localhost/127.0.0.1:59343]' for 'POST' to 'http://localhost:59343/session/7b0d25c412493843dfb82260bde5734a/element'
00:46:15.258 [Forwarding findElement on session 7b0d25c412493843dfb82260bde5734a to remote] DEBUG org.asynchttpclient.netty.request.NettyRequestSender - Using open Channel [id: 0x2f7b10b2, L:/127.0.0.1:49582 - R:localhost/127.0.0.1:59343] for POST '/session/7b0d25c412493843dfb82260bde5734a/element'
00:46:15.265 [AsyncHttpClient-1-14] DEBUG org.asynchttpclient.netty.handler.HttpHandler - 

Request DefaultHttpRequest(decodeResult: success, version: HTTP/1.1)
POST /session/7b0d25c412493843dfb82260bde5734a/element HTTP/1.1
User-Agent: selenium/4.1.2 (java windows)
Content-Length: 71
Content-Type: application/json; charset=utf-8
host: localhost:59343
accept: */*

Response DefaultHttpResponse(decodeResult: success, version: HTTP/1.1)
HTTP/1.1 200 OK
Content-Type: application/json; charset=utf-8
cache-control: no-cache
content-length: 88

00:46:15.265 [AsyncHttpClient-1-14] DEBUG org.asynchttpclient.netty.channel.ChannelManager - Adding key: http://localhost:59343 for channel [id: 0x2f7b10b2, L:/127.0.0.1:49582 - R:localhost/127.0.0.1:59343]
00:46:15.268 [Forwarding isElementDisplayed on session 7b0d25c412493843dfb82260bde5734a to remote] DEBUG org.asynchttpclient.netty.request.NettyRequestSender - Using pooled Channel '[id: 0x2f7b10b2, L:/127.0.0.1:49582 - R:localhost/127.0.0.1:59343]' for 'POST' to 'http://localhost:59343/session/7b0d25c412493843dfb82260bde5734a/execute/sync'
00:46:15.268 [Forwarding isElementDisplayed on session 7b0d25c412493843dfb82260bde5734a to remote] DEBUG org.asynchttpclient.netty.request.NettyRequestSender - Using open Channel [id: 0x2f7b10b2, L:/127.0.0.1:49582 - R:localhost/127.0.0.1:59343] for POST '/session/7b0d25c412493843dfb82260bde5734a/execute/sync'
00:46:15.276 [AsyncHttpClient-1-14] DEBUG org.asynchttpclient.netty.handler.HttpHandler - 

Request DefaultHttpRequest(decodeResult: success, version: HTTP/1.1)
POST /session/7b0d25c412493843dfb82260bde5734a/execute/sync HTTP/1.1
User-Agent: selenium/4.1.2 (java windows)
Content-Length: 48780
Content-Type: application/json; charset=utf-8
host: localhost:59343
accept: */*

Response DefaultHttpResponse(decodeResult: success, version: HTTP/1.1)
HTTP/1.1 200 OK
Content-Type: application/json; charset=utf-8
cache-control: no-cache
content-length: 14

00:46:15.276 [AsyncHttpClient-1-14] DEBUG org.asynchttpclient.netty.channel.ChannelManager - Adding key: http://localhost:59343 for channel [id: 0x2f7b10b2, L:/127.0.0.1:49582 - R:localhost/127.0.0.1:59343]
00:46:15.279 [main] DEBUG net.thucydides.core.steps.StepInterceptor - STEP DONE: validateonLoginPage
  &amp#27;[32mGiven &amp#27;[0m&amp#27;[32madmin on login page&amp#27;[0m           &amp#27;[90m# starter.definitions.LoginSteps.adminOnLoginPage()&amp#27;[0m
00:46:15.287 [main] DEBUG net.thucydides.core.steps.StepInterceptor - STARTING STEP: LoginSteps.adminInputValidUssername - inputusername
00:46:15.288 [Forwarding findElement on session 7b0d25c412493843dfb82260bde5734a to remote] DEBUG org.asynchttpclient.netty.request.NettyRequestSender - Using pooled Channel '[id: 0x2f7b10b2, L:/127.0.0.1:49582 - R:localhost/127.0.0.1:59343]' for 'POST' to 'http://localhost:59343/session/7b0d25c412493843dfb82260bde5734a/element'
00:46:15.288 [Forwarding findElement on session 7b0d25c412493843dfb82260bde5734a to remote] DEBUG org.asynchttpclient.netty.request.NettyRequestSender - Using open Channel [id: 0x2f7b10b2, L:/127.0.0.1:49582 - R:localhost/127.0.0.1:59343] for POST '/session/7b0d25c412493843dfb82260bde5734a/element'
00:46:15.294 [AsyncHttpClient-1-14] DEBUG org.asynchttpclient.netty.handler.HttpHandler - 

Request DefaultHttpRequest(decodeResult: success, version: HTTP/1.1)
POST /session/7b0d25c412493843dfb82260bde5734a/element HTTP/1.1
User-Agent: selenium/4.1.2 (java windows)
Content-Length: 92
Content-Type: application/json; charset=utf-8
host: localhost:59343
accept: */*

Response DefaultHttpResponse(decodeResult: success, version: HTTP/1.1)
HTTP/1.1 200 OK
Content-Type: application/json; charset=utf-8
cache-control: no-cache
content-length: 88

00:46:15.295 [AsyncHttpClient-1-14] DEBUG org.asynchttpclient.netty.channel.ChannelManager - Adding key: http://localhost:59343 for channel [id: 0x2f7b10b2, L:/127.0.0.1:49582 - R:localhost/127.0.0.1:59343]
00:46:15.295 [Forwarding clearElement on session 7b0d25c412493843dfb82260bde5734a to remote] DEBUG org.asynchttpclient.netty.request.NettyRequestSender - Using pooled Channel '[id: 0x2f7b10b2, L:/127.0.0.1:49582 - R:localhost/127.0.0.1:59343]' for 'POST' to 'http://localhost:59343/session/7b0d25c412493843dfb82260bde5734a/element/47ed37c3-3977-41c0-81e9-362669b9f02d/clear'
00:46:15.295 [Forwarding clearElement on session 7b0d25c412493843dfb82260bde5734a to remote] DEBUG org.asynchttpclient.netty.request.NettyRequestSender - Using open Channel [id: 0x2f7b10b2, L:/127.0.0.1:49582 - R:localhost/127.0.0.1:59343] for POST '/session/7b0d25c412493843dfb82260bde5734a/element/47ed37c3-3977-41c0-81e9-362669b9f02d/clear'
00:46:15.314 [AsyncHttpClient-1-14] DEBUG org.asynchttpclient.netty.handler.HttpHandler - 

Request DefaultHttpRequest(decodeResult: success, version: HTTP/1.1)
POST /session/7b0d25c412493843dfb82260bde5734a/element/47ed37c3-3977-41c0-81e9-362669b9f02d/clear HTTP/1.1
User-Agent: selenium/4.1.2 (java windows)
Content-Length: 50
Content-Type: application/json; charset=utf-8
host: localhost:59343
accept: */*

Response DefaultHttpResponse(decodeResult: success, version: HTTP/1.1)
HTTP/1.1 200 OK
Content-Type: application/json; charset=utf-8
cache-control: no-cache
content-length: 14

00:46:15.314 [AsyncHttpClient-1-14] DEBUG org.asynchttpclient.netty.channel.ChannelManager - Adding key: http://localhost:59343 for channel [id: 0x2f7b10b2, L:/127.0.0.1:49582 - R:localhost/127.0.0.1:59343]
00:46:15.315 [Forwarding sendKeysToElement on session 7b0d25c412493843dfb82260bde5734a to remote] DEBUG org.asynchttpclient.netty.request.NettyRequestSender - Using pooled Channel '[id: 0x2f7b10b2, L:/127.0.0.1:49582 - R:localhost/127.0.0.1:59343]' for 'POST' to 'http://localhost:59343/session/7b0d25c412493843dfb82260bde5734a/element/47ed37c3-3977-41c0-81e9-362669b9f02d/value'
00:46:15.315 [Forwarding sendKeysToElement on session 7b0d25c412493843dfb82260bde5734a to remote] DEBUG org.asynchttpclient.netty.request.NettyRequestSender - Using open Channel [id: 0x2f7b10b2, L:/127.0.0.1:49582 - R:localhost/127.0.0.1:59343] for POST '/session/7b0d25c412493843dfb82260bde5734a/element/47ed37c3-3977-41c0-81e9-362669b9f02d/value'
00:46:15.348 [AsyncHttpClient-1-14] DEBUG org.asynchttpclient.netty.handler.HttpHandler - 

Request DefaultHttpRequest(decodeResult: success, version: HTTP/1.1)
POST /session/7b0d25c412493843dfb82260bde5734a/element/47ed37c3-3977-41c0-81e9-362669b9f02d/value HTTP/1.1
User-Agent: selenium/4.1.2 (java windows)
Content-Length: 151
Content-Type: application/json; charset=utf-8
host: localhost:59343
accept: */*

Response DefaultHttpResponse(decodeResult: success, version: HTTP/1.1)
HTTP/1.1 200 OK
Content-Type: application/json; charset=utf-8
cache-control: no-cache
content-length: 14

00:46:15.348 [AsyncHttpClient-1-14] DEBUG org.asynchttpclient.netty.channel.ChannelManager - Adding key: http://localhost:59343 for channel [id: 0x2f7b10b2, L:/127.0.0.1:49582 - R:localhost/127.0.0.1:59343]
00:46:15.352 [Forwarding screenshot on session 7b0d25c412493843dfb82260bde5734a to remote] DEBUG org.asynchttpclient.netty.request.NettyRequestSender - Using pooled Channel '[id: 0x2f7b10b2, L:/127.0.0.1:49582 - R:localhost/127.0.0.1:59343]' for 'GET' to 'http://localhost:59343/session/7b0d25c412493843dfb82260bde5734a/screenshot'
00:46:15.352 [Forwarding screenshot on session 7b0d25c412493843dfb82260bde5734a to remote] DEBUG org.asynchttpclient.netty.request.NettyRequestSender - Using open Channel [id: 0x2f7b10b2, L:/127.0.0.1:49582 - R:localhost/127.0.0.1:59343] for GET '/session/7b0d25c412493843dfb82260bde5734a/screenshot'
00:46:15.573 [AsyncHttpClient-1-14] DEBUG org.asynchttpclient.netty.handler.HttpHandler - 

Request DefaultFullHttpRequest(decodeResult: success, version: HTTP/1.1, content: EmptyByteBufBE)
GET /session/7b0d25c412493843dfb82260bde5734a/screenshot HTTP/1.1
User-Agent: selenium/4.1.2 (java windows)
Cache-Control: no-cache
Content-Type: application/json; charset=utf-8
host: localhost:59343
accept: */*

Response DefaultHttpResponse(decodeResult: success, version: HTTP/1.1)
HTTP/1.1 200 OK
Content-Type: application/json; charset=utf-8
cache-control: no-cache
content-length: 573184

00:46:15.574 [AsyncHttpClient-1-14] DEBUG org.asynchttpclient.netty.channel.ChannelManager - Adding key: http://localhost:59343 for channel [id: 0x2f7b10b2, L:/127.0.0.1:49582 - R:localhost/127.0.0.1:59343]
00:46:15.583 [main] DEBUG net.serenitybdd.core.photography.Darkroom - Send negative for processing for target\site\serenity\f77c054aa6a666f419ab49e776fdfb7fc10c7c59289c58aa7b77a3e2461e450a.png
00:46:15.583 [main] DEBUG net.thucydides.core.steps.StepInterceptor - STEP DONE: inputusername
  &amp#27;[32mWhen &amp#27;[0m&amp#27;[32madmin input valid ussername&amp#27;[0m    &amp#27;[90m# starter.definitions.LoginSteps.adminInputValidUssername()&amp#27;[0m
00:46:15.592 [main] DEBUG net.thucydides.core.steps.StepInterceptor - STARTING STEP: LoginSteps.adminInputValidPassword - inputPassword
00:46:15.593 [Forwarding findElement on session 7b0d25c412493843dfb82260bde5734a to remote] DEBUG org.asynchttpclient.netty.request.NettyRequestSender - Using pooled Channel '[id: 0x2f7b10b2, L:/127.0.0.1:49582 - R:localhost/127.0.0.1:59343]' for 'POST' to 'http://localhost:59343/session/7b0d25c412493843dfb82260bde5734a/element'
00:46:15.594 [Forwarding findElement on session 7b0d25c412493843dfb82260bde5734a to remote] DEBUG org.asynchttpclient.netty.request.NettyRequestSender - Using open Channel [id: 0x2f7b10b2, L:/127.0.0.1:49582 - R:localhost/127.0.0.1:59343] for POST '/session/7b0d25c412493843dfb82260bde5734a/element'
00:46:15.600 [AsyncHttpClient-1-14] DEBUG org.asynchttpclient.netty.handler.HttpHandler - 

Request DefaultHttpRequest(decodeResult: success, version: HTTP/1.1)
POST /session/7b0d25c412493843dfb82260bde5734a/element HTTP/1.1
User-Agent: selenium/4.1.2 (java windows)
Content-Length: 92
Content-Type: application/json; charset=utf-8
host: localhost:59343
accept: */*

Response DefaultHttpResponse(decodeResult: success, version: HTTP/1.1)
HTTP/1.1 200 OK
Content-Type: application/json; charset=utf-8
cache-control: no-cache
content-length: 88

00:46:15.600 [AsyncHttpClient-1-14] DEBUG org.asynchttpclient.netty.channel.ChannelManager - Adding key: http://localhost:59343 for channel [id: 0x2f7b10b2, L:/127.0.0.1:49582 - R:localhost/127.0.0.1:59343]
00:46:15.601 [Forwarding clearElement on session 7b0d25c412493843dfb82260bde5734a to remote] DEBUG org.asynchttpclient.netty.request.NettyRequestSender - Using pooled Channel '[id: 0x2f7b10b2, L:/127.0.0.1:49582 - R:localhost/127.0.0.1:59343]' for 'POST' to 'http://localhost:59343/session/7b0d25c412493843dfb82260bde5734a/element/5232ac1f-010e-4b43-8ca2-3533ee6dc231/clear'
00:46:15.601 [Forwarding clearElement on session 7b0d25c412493843dfb82260bde5734a to remote] DEBUG org.asynchttpclient.netty.request.NettyRequestSender - Using open Channel [id: 0x2f7b10b2, L:/127.0.0.1:49582 - R:localhost/127.0.0.1:59343] for POST '/session/7b0d25c412493843dfb82260bde5734a/element/5232ac1f-010e-4b43-8ca2-3533ee6dc231/clear'
00:46:15.617 [AsyncHttpClient-1-14] DEBUG org.asynchttpclient.netty.handler.HttpHandler - 

Request DefaultHttpRequest(decodeResult: success, version: HTTP/1.1)
POST /session/7b0d25c412493843dfb82260bde5734a/element/5232ac1f-010e-4b43-8ca2-3533ee6dc231/clear HTTP/1.1
User-Agent: selenium/4.1.2 (java windows)
Content-Length: 50
Content-Type: application/json; charset=utf-8
host: localhost:59343
accept: */*

Response DefaultHttpResponse(decodeResult: success, version: HTTP/1.1)
HTTP/1.1 200 OK
Content-Type: application/json; charset=utf-8
cache-control: no-cache
content-length: 14

00:46:15.617 [AsyncHttpClient-1-14] DEBUG org.asynchttpclient.netty.channel.ChannelManager - Adding key: http://localhost:59343 for channel [id: 0x2f7b10b2, L:/127.0.0.1:49582 - R:localhost/127.0.0.1:59343]
00:46:15.619 [Forwarding sendKeysToElement on session 7b0d25c412493843dfb82260bde5734a to remote] DEBUG org.asynchttpclient.netty.request.NettyRequestSender - Using pooled Channel '[id: 0x2f7b10b2, L:/127.0.0.1:49582 - R:localhost/127.0.0.1:59343]' for 'POST' to 'http://localhost:59343/session/7b0d25c412493843dfb82260bde5734a/element/5232ac1f-010e-4b43-8ca2-3533ee6dc231/value'
00:46:15.619 [Forwarding sendKeysToElement on session 7b0d25c412493843dfb82260bde5734a to remote] DEBUG org.asynchttpclient.netty.request.NettyRequestSender - Using open Channel [id: 0x2f7b10b2, L:/127.0.0.1:49582 - R:localhost/127.0.0.1:59343] for POST '/session/7b0d25c412493843dfb82260bde5734a/element/5232ac1f-010e-4b43-8ca2-3533ee6dc231/value'
00:46:15.666 [AsyncHttpClient-1-14] DEBUG org.asynchttpclient.netty.handler.HttpHandler - 

Request DefaultHttpRequest(decodeResult: success, version: HTTP/1.1)
POST /session/7b0d25c412493843dfb82260bde5734a/element/5232ac1f-010e-4b43-8ca2-3533ee6dc231/value HTTP/1.1
User-Agent: selenium/4.1.2 (java windows)
Content-Length: 291
Content-Type: application/json; charset=utf-8
host: localhost:59343
accept: */*

Response DefaultHttpResponse(decodeResult: success, version: HTTP/1.1)
HTTP/1.1 200 OK
Content-Type: application/json; charset=utf-8
cache-control: no-cache
content-length: 14

00:46:15.666 [AsyncHttpClient-1-14] DEBUG org.asynchttpclient.netty.channel.ChannelManager - Adding key: http://localhost:59343 for channel [id: 0x2f7b10b2, L:/127.0.0.1:49582 - R:localhost/127.0.0.1:59343]
00:46:15.669 [Forwarding screenshot on session 7b0d25c412493843dfb82260bde5734a to remote] DEBUG org.asynchttpclient.netty.request.NettyRequestSender - Using pooled Channel '[id: 0x2f7b10b2, L:/127.0.0.1:49582 - R:localhost/127.0.0.1:59343]' for 'GET' to 'http://localhost:59343/session/7b0d25c412493843dfb82260bde5734a/screenshot'
00:46:15.669 [Forwarding screenshot on session 7b0d25c412493843dfb82260bde5734a to remote] DEBUG org.asynchttpclient.netty.request.NettyRequestSender - Using open Channel [id: 0x2f7b10b2, L:/127.0.0.1:49582 - R:localhost/127.0.0.1:59343] for GET '/session/7b0d25c412493843dfb82260bde5734a/screenshot'
00:46:15.786 [AsyncHttpClient-1-1] DEBUG org.asynchttpclient.netty.channel.DefaultChannelPool - Entry count for : http://localhost:49583 : 1
00:46:15.907 [AsyncHttpClient-1-14] DEBUG org.asynchttpclient.netty.handler.HttpHandler - 

Request DefaultFullHttpRequest(decodeResult: success, version: HTTP/1.1, content: EmptyByteBufBE)
GET /session/7b0d25c412493843dfb82260bde5734a/screenshot HTTP/1.1
User-Agent: selenium/4.1.2 (java windows)
Cache-Control: no-cache
Content-Type: application/json; charset=utf-8
host: localhost:59343
accept: */*

Response DefaultHttpResponse(decodeResult: success, version: HTTP/1.1)
HTTP/1.1 200 OK
Content-Type: application/json; charset=utf-8
cache-control: no-cache
content-length: 569460

00:46:15.908 [AsyncHttpClient-1-14] DEBUG org.asynchttpclient.netty.channel.ChannelManager - Adding key: http://localhost:59343 for channel [id: 0x2f7b10b2, L:/127.0.0.1:49582 - R:localhost/127.0.0.1:59343]
00:46:15.917 [main] DEBUG net.serenitybdd.core.photography.Darkroom - Send negative for processing for target\site\serenity\7121c7966e51ed0bee580053fa8354e56400a63fd65cbfa41529dc1e051e1e6a.png
00:46:15.917 [main] DEBUG net.thucydides.core.steps.StepInterceptor - STEP DONE: inputPassword
  &amp#27;[32mAnd &amp#27;[0m&amp#27;[32madmin input valid password&amp#27;[0m      &amp#27;[90m# starter.definitions.LoginSteps.adminInputValidPassword()&amp#27;[0m
00:46:15.926 [main] DEBUG net.thucydides.core.steps.StepInterceptor - STARTING STEP: LoginSteps.clickLoginButton - clickloginButton
00:46:15.928 [Forwarding findElement on session 7b0d25c412493843dfb82260bde5734a to remote] DEBUG org.asynchttpclient.netty.request.NettyRequestSender - Using pooled Channel '[id: 0x2f7b10b2, L:/127.0.0.1:49582 - R:localhost/127.0.0.1:59343]' for 'POST' to 'http://localhost:59343/session/7b0d25c412493843dfb82260bde5734a/element'
00:46:15.928 [Forwarding findElement on session 7b0d25c412493843dfb82260bde5734a to remote] DEBUG org.asynchttpclient.netty.request.NettyRequestSender - Using open Channel [id: 0x2f7b10b2, L:/127.0.0.1:49582 - R:localhost/127.0.0.1:59343] for POST '/session/7b0d25c412493843dfb82260bde5734a/element'
00:46:15.932 [AsyncHttpClient-1-14] DEBUG org.asynchttpclient.netty.handler.HttpHandler - 

Request DefaultHttpRequest(decodeResult: success, version: HTTP/1.1)
POST /session/7b0d25c412493843dfb82260bde5734a/element HTTP/1.1
User-Agent: selenium/4.1.2 (java windows)
Content-Length: 71
Content-Type: application/json; charset=utf-8
host: localhost:59343
accept: */*

Response DefaultHttpResponse(decodeResult: success, version: HTTP/1.1)
HTTP/1.1 200 OK
Content-Type: application/json; charset=utf-8
cache-control: no-cache
content-length: 88

00:46:15.932 [AsyncHttpClient-1-14] DEBUG org.asynchttpclient.netty.channel.ChannelManager - Adding key: http://localhost:59343 for channel [id: 0x2f7b10b2, L:/127.0.0.1:49582 - R:localhost/127.0.0.1:59343]
00:46:15.933 [Forwarding getElementTagName on session 7b0d25c412493843dfb82260bde5734a to remote] DEBUG org.asynchttpclient.netty.request.NettyRequestSender - Using pooled Channel '[id: 0x2f7b10b2, L:/127.0.0.1:49582 - R:localhost/127.0.0.1:59343]' for 'GET' to 'http://localhost:59343/session/7b0d25c412493843dfb82260bde5734a/element/8c1d7944-9a49-49b8-8b76-4b46d9e1f750/name'
00:46:15.933 [Forwarding getElementTagName on session 7b0d25c412493843dfb82260bde5734a to remote] DEBUG org.asynchttpclient.netty.request.NettyRequestSender - Using open Channel [id: 0x2f7b10b2, L:/127.0.0.1:49582 - R:localhost/127.0.0.1:59343] for GET '/session/7b0d25c412493843dfb82260bde5734a/element/8c1d7944-9a49-49b8-8b76-4b46d9e1f750/name'
00:46:15.935 [AsyncHttpClient-1-14] DEBUG org.asynchttpclient.netty.handler.HttpHandler - 

Request DefaultFullHttpRequest(decodeResult: success, version: HTTP/1.1, content: EmptyByteBufBE)
GET /session/7b0d25c412493843dfb82260bde5734a/element/8c1d7944-9a49-49b8-8b76-4b46d9e1f750/name HTTP/1.1
User-Agent: selenium/4.1.2 (java windows)
Cache-Control: no-cache
Content-Type: application/json; charset=utf-8
host: localhost:59343
accept: */*

Response DefaultHttpResponse(decodeResult: success, version: HTTP/1.1)
HTTP/1.1 200 OK
Content-Type: application/json; charset=utf-8
cache-control: no-cache
content-length: 18

00:46:15.935 [AsyncHttpClient-1-14] DEBUG org.asynchttpclient.netty.channel.ChannelManager - Adding key: http://localhost:59343 for channel [id: 0x2f7b10b2, L:/127.0.0.1:49582 - R:localhost/127.0.0.1:59343]
00:46:15.935 [Forwarding getElementTagName on session 7b0d25c412493843dfb82260bde5734a to remote] DEBUG org.asynchttpclient.netty.request.NettyRequestSender - Using pooled Channel '[id: 0x2f7b10b2, L:/127.0.0.1:49582 - R:localhost/127.0.0.1:59343]' for 'GET' to 'http://localhost:59343/session/7b0d25c412493843dfb82260bde5734a/element/8c1d7944-9a49-49b8-8b76-4b46d9e1f750/name'
00:46:15.935 [Forwarding getElementTagName on session 7b0d25c412493843dfb82260bde5734a to remote] DEBUG org.asynchttpclient.netty.request.NettyRequestSender - Using open Channel [id: 0x2f7b10b2, L:/127.0.0.1:49582 - R:localhost/127.0.0.1:59343] for GET '/session/7b0d25c412493843dfb82260bde5734a/element/8c1d7944-9a49-49b8-8b76-4b46d9e1f750/name'
00:46:15.937 [AsyncHttpClient-1-14] DEBUG org.asynchttpclient.netty.handler.HttpHandler - 

Request DefaultFullHttpRequest(decodeResult: success, version: HTTP/1.1, content: EmptyByteBufBE)
GET /session/7b0d25c412493843dfb82260bde5734a/element/8c1d7944-9a49-49b8-8b76-4b46d9e1f750/name HTTP/1.1
User-Agent: selenium/4.1.2 (java windows)
Cache-Control: no-cache
Content-Type: application/json; charset=utf-8
host: localhost:59343
accept: */*

Response DefaultHttpResponse(decodeResult: success, version: HTTP/1.1)
HTTP/1.1 200 OK
Content-Type: application/json; charset=utf-8
cache-control: no-cache
content-length: 18

00:46:15.937 [AsyncHttpClient-1-14] DEBUG org.asynchttpclient.netty.channel.ChannelManager - Adding key: http://localhost:59343 for channel [id: 0x2f7b10b2, L:/127.0.0.1:49582 - R:localhost/127.0.0.1:59343]
00:46:15.938 [Forwarding isElementEnabled on session 7b0d25c412493843dfb82260bde5734a to remote] DEBUG org.asynchttpclient.netty.request.NettyRequestSender - Using pooled Channel '[id: 0x2f7b10b2, L:/127.0.0.1:49582 - R:localhost/127.0.0.1:59343]' for 'GET' to 'http://localhost:59343/session/7b0d25c412493843dfb82260bde5734a/element/8c1d7944-9a49-49b8-8b76-4b46d9e1f750/enabled'
00:46:15.938 [Forwarding isElementEnabled on session 7b0d25c412493843dfb82260bde5734a to remote] DEBUG org.asynchttpclient.netty.request.NettyRequestSender - Using open Channel [id: 0x2f7b10b2, L:/127.0.0.1:49582 - R:localhost/127.0.0.1:59343] for GET '/session/7b0d25c412493843dfb82260bde5734a/element/8c1d7944-9a49-49b8-8b76-4b46d9e1f750/enabled'
00:46:15.942 [AsyncHttpClient-1-14] DEBUG org.asynchttpclient.netty.handler.HttpHandler - 

Request DefaultFullHttpRequest(decodeResult: success, version: HTTP/1.1, content: EmptyByteBufBE)
GET /session/7b0d25c412493843dfb82260bde5734a/element/8c1d7944-9a49-49b8-8b76-4b46d9e1f750/enabled HTTP/1.1
User-Agent: selenium/4.1.2 (java windows)
Cache-Control: no-cache
Content-Type: application/json; charset=utf-8
host: localhost:59343
accept: */*

Response DefaultHttpResponse(decodeResult: success, version: HTTP/1.1)
HTTP/1.1 200 OK
Content-Type: application/json; charset=utf-8
cache-control: no-cache
content-length: 14

00:46:15.942 [AsyncHttpClient-1-14] DEBUG org.asynchttpclient.netty.channel.ChannelManager - Adding key: http://localhost:59343 for channel [id: 0x2f7b10b2, L:/127.0.0.1:49582 - R:localhost/127.0.0.1:59343]
00:46:15.943 [Forwarding isElementEnabled on session 7b0d25c412493843dfb82260bde5734a to remote] DEBUG org.asynchttpclient.netty.request.NettyRequestSender - Using pooled Channel '[id: 0x2f7b10b2, L:/127.0.0.1:49582 - R:localhost/127.0.0.1:59343]' for 'GET' to 'http://localhost:59343/session/7b0d25c412493843dfb82260bde5734a/element/8c1d7944-9a49-49b8-8b76-4b46d9e1f750/enabled'
00:46:15.943 [Forwarding isElementEnabled on session 7b0d25c412493843dfb82260bde5734a to remote] DEBUG org.asynchttpclient.netty.request.NettyRequestSender - Using open Channel [id: 0x2f7b10b2, L:/127.0.0.1:49582 - R:localhost/127.0.0.1:59343] for GET '/session/7b0d25c412493843dfb82260bde5734a/element/8c1d7944-9a49-49b8-8b76-4b46d9e1f750/enabled'
00:46:15.945 [AsyncHttpClient-1-14] DEBUG org.asynchttpclient.netty.handler.HttpHandler - 

Request DefaultFullHttpRequest(decodeResult: success, version: HTTP/1.1, content: EmptyByteBufBE)
GET /session/7b0d25c412493843dfb82260bde5734a/element/8c1d7944-9a49-49b8-8b76-4b46d9e1f750/enabled HTTP/1.1
User-Agent: selenium/4.1.2 (java windows)
Cache-Control: no-cache
Content-Type: application/json; charset=utf-8
host: localhost:59343
accept: */*

Response DefaultHttpResponse(decodeResult: success, version: HTTP/1.1)
HTTP/1.1 200 OK
Content-Type: application/json; charset=utf-8
cache-control: no-cache
content-length: 14

00:46:15.946 [AsyncHttpClient-1-14] DEBUG org.asynchttpclient.netty.channel.ChannelManager - Adding key: http://localhost:59343 for channel [id: 0x2f7b10b2, L:/127.0.0.1:49582 - R:localhost/127.0.0.1:59343]
00:46:15.946 [Forwarding findElement on session 7b0d25c412493843dfb82260bde5734a to remote] DEBUG org.asynchttpclient.netty.request.NettyRequestSender - Using pooled Channel '[id: 0x2f7b10b2, L:/127.0.0.1:49582 - R:localhost/127.0.0.1:59343]' for 'POST' to 'http://localhost:59343/session/7b0d25c412493843dfb82260bde5734a/element'
00:46:15.946 [Forwarding findElement on session 7b0d25c412493843dfb82260bde5734a to remote] DEBUG org.asynchttpclient.netty.request.NettyRequestSender - Using open Channel [id: 0x2f7b10b2, L:/127.0.0.1:49582 - R:localhost/127.0.0.1:59343] for POST '/session/7b0d25c412493843dfb82260bde5734a/element'
00:46:15.949 [AsyncHttpClient-1-14] DEBUG org.asynchttpclient.netty.handler.HttpHandler - 

Request DefaultHttpRequest(decodeResult: success, version: HTTP/1.1)
POST /session/7b0d25c412493843dfb82260bde5734a/element HTTP/1.1
User-Agent: selenium/4.1.2 (java windows)
Content-Length: 71
Content-Type: application/json; charset=utf-8
host: localhost:59343
accept: */*

Response DefaultHttpResponse(decodeResult: success, version: HTTP/1.1)
HTTP/1.1 200 OK
Content-Type: application/json; charset=utf-8
cache-control: no-cache
content-length: 88

00:46:15.949 [AsyncHttpClient-1-14] DEBUG org.asynchttpclient.netty.channel.ChannelManager - Adding key: http://localhost:59343 for channel [id: 0x2f7b10b2, L:/127.0.0.1:49582 - R:localhost/127.0.0.1:59343]
00:46:15.950 [Forwarding clickElement on session 7b0d25c412493843dfb82260bde5734a to remote] DEBUG org.asynchttpclient.netty.request.NettyRequestSender - Using pooled Channel '[id: 0x2f7b10b2, L:/127.0.0.1:49582 - R:localhost/127.0.0.1:59343]' for 'POST' to 'http://localhost:59343/session/7b0d25c412493843dfb82260bde5734a/element/8c1d7944-9a49-49b8-8b76-4b46d9e1f750/click'
00:46:15.950 [Forwarding clickElement on session 7b0d25c412493843dfb82260bde5734a to remote] DEBUG org.asynchttpclient.netty.request.NettyRequestSender - Using open Channel [id: 0x2f7b10b2, L:/127.0.0.1:49582 - R:localhost/127.0.0.1:59343] for POST '/session/7b0d25c412493843dfb82260bde5734a/element/8c1d7944-9a49-49b8-8b76-4b46d9e1f750/click'
00:46:15.972 [AsyncHttpClient-1-14] DEBUG org.asynchttpclient.netty.handler.HttpHandler - 

Request DefaultHttpRequest(decodeResult: success, version: HTTP/1.1)
POST /session/7b0d25c412493843dfb82260bde5734a/element/8c1d7944-9a49-49b8-8b76-4b46d9e1f750/click HTTP/1.1
User-Agent: selenium/4.1.2 (java windows)
Content-Length: 50
Content-Type: application/json; charset=utf-8
host: localhost:59343
accept: */*

Response DefaultHttpResponse(decodeResult: success, version: HTTP/1.1)
HTTP/1.1 200 OK
Content-Type: application/json; charset=utf-8
cache-control: no-cache
content-length: 14

00:46:15.972 [AsyncHttpClient-1-14] DEBUG org.asynchttpclient.netty.channel.ChannelManager - Adding key: http://localhost:59343 for channel [id: 0x2f7b10b2, L:/127.0.0.1:49582 - R:localhost/127.0.0.1:59343]
00:46:15.977 [Forwarding screenshot on session 7b0d25c412493843dfb82260bde5734a to remote] DEBUG org.asynchttpclient.netty.request.NettyRequestSender - Using pooled Channel '[id: 0x2f7b10b2, L:/127.0.0.1:49582 - R:localhost/127.0.0.1:59343]' for 'GET' to 'http://localhost:59343/session/7b0d25c412493843dfb82260bde5734a/screenshot'
00:46:15.977 [Forwarding screenshot on session 7b0d25c412493843dfb82260bde5734a to remote] DEBUG org.asynchttpclient.netty.request.NettyRequestSender - Using open Channel [id: 0x2f7b10b2, L:/127.0.0.1:49582 - R:localhost/127.0.0.1:59343] for GET '/session/7b0d25c412493843dfb82260bde5734a/screenshot'
00:46:16.210 [AsyncHttpClient-1-14] DEBUG org.asynchttpclient.netty.handler.HttpHandler - 

Request DefaultFullHttpRequest(decodeResult: success, version: HTTP/1.1, content: EmptyByteBufBE)
GET /session/7b0d25c412493843dfb82260bde5734a/screenshot HTTP/1.1
User-Agent: selenium/4.1.2 (java windows)
Cache-Control: no-cache
Content-Type: application/json; charset=utf-8
host: localhost:59343
accept: */*

Response DefaultHttpResponse(decodeResult: success, version: HTTP/1.1)
HTTP/1.1 200 OK
Content-Type: application/json; charset=utf-8
cache-control: no-cache
content-length: 575004

00:46:16.210 [AsyncHttpClient-1-14] DEBUG org.asynchttpclient.netty.channel.ChannelManager - Adding key: http://localhost:59343 for channel [id: 0x2f7b10b2, L:/127.0.0.1:49582 - R:localhost/127.0.0.1:59343]
00:46:16.219 [main] DEBUG net.serenitybdd.core.photography.Darkroom - Send negative for processing for target\site\serenity\bdfb3257a55b5f729af578dfc1dc3a5762c89839bea5dc19984e34dd6640fee1.png
00:46:16.220 [main] DEBUG net.thucydides.core.steps.StepInterceptor - STEP DONE: clickloginButton
  &amp#27;[32mAnd &amp#27;[0m&amp#27;[32mclick login button&amp#27;[0m              &amp#27;[90m# starter.definitions.LoginSteps.clickLoginButton()&amp#27;[0m
00:46:16.228 [main] DEBUG net.thucydides.core.steps.StepInterceptor - STARTING STEP: LoginSteps.clickSucsessLogin - sucseslogin
00:46:16.230 [Forwarding findElement on session 7b0d25c412493843dfb82260bde5734a to remote] DEBUG org.asynchttpclient.netty.request.NettyRequestSender - Using pooled Channel '[id: 0x2f7b10b2, L:/127.0.0.1:49582 - R:localhost/127.0.0.1:59343]' for 'POST' to 'http://localhost:59343/session/7b0d25c412493843dfb82260bde5734a/element'
00:46:16.230 [Forwarding findElement on session 7b0d25c412493843dfb82260bde5734a to remote] DEBUG org.asynchttpclient.netty.request.NettyRequestSender - Using open Channel [id: 0x2f7b10b2, L:/127.0.0.1:49582 - R:localhost/127.0.0.1:59343] for POST '/session/7b0d25c412493843dfb82260bde5734a/element'
00:46:16.355 [AsyncHttpClient-1-14] DEBUG org.asynchttpclient.netty.handler.HttpHandler - 

Request DefaultHttpRequest(decodeResult: success, version: HTTP/1.1)
POST /session/7b0d25c412493843dfb82260bde5734a/element HTTP/1.1
User-Agent: selenium/4.1.2 (java windows)
Content-Length: 79
Content-Type: application/json; charset=utf-8
host: localhost:59343
accept: */*

Response DefaultHttpResponse(decodeResult: success, version: HTTP/1.1)
HTTP/1.1 200 OK
Content-Type: application/json; charset=utf-8
cache-control: no-cache
content-length: 88

00:46:16.355 [AsyncHttpClient-1-14] DEBUG org.asynchttpclient.netty.channel.ChannelManager - Adding key: http://localhost:59343 for channel [id: 0x2f7b10b2, L:/127.0.0.1:49582 - R:localhost/127.0.0.1:59343]
00:46:16.356 [Forwarding getElementTagName on session 7b0d25c412493843dfb82260bde5734a to remote] DEBUG org.asynchttpclient.netty.request.NettyRequestSender - Using pooled Channel '[id: 0x2f7b10b2, L:/127.0.0.1:49582 - R:localhost/127.0.0.1:59343]' for 'GET' to 'http://localhost:59343/session/7b0d25c412493843dfb82260bde5734a/element/cf37c1cc-fb82-4014-9e71-2bdbbd216552/name'
00:46:16.357 [Forwarding getElementTagName on session 7b0d25c412493843dfb82260bde5734a to remote] DEBUG org.asynchttpclient.netty.request.NettyRequestSender - Using open Channel [id: 0x2f7b10b2, L:/127.0.0.1:49582 - R:localhost/127.0.0.1:59343] for GET '/session/7b0d25c412493843dfb82260bde5734a/element/cf37c1cc-fb82-4014-9e71-2bdbbd216552/name'
00:46:16.359 [AsyncHttpClient-1-14] DEBUG org.asynchttpclient.netty.handler.HttpHandler - 

Request DefaultFullHttpRequest(decodeResult: success, version: HTTP/1.1, content: EmptyByteBufBE)
GET /session/7b0d25c412493843dfb82260bde5734a/element/cf37c1cc-fb82-4014-9e71-2bdbbd216552/name HTTP/1.1
User-Agent: selenium/4.1.2 (java windows)
Cache-Control: no-cache
Content-Type: application/json; charset=utf-8
host: localhost:59343
accept: */*

Response DefaultHttpResponse(decodeResult: success, version: HTTP/1.1)
HTTP/1.1 200 OK
Content-Type: application/json; charset=utf-8
cache-control: no-cache
content-length: 18

00:46:16.359 [AsyncHttpClient-1-14] DEBUG org.asynchttpclient.netty.channel.ChannelManager - Adding key: http://localhost:59343 for channel [id: 0x2f7b10b2, L:/127.0.0.1:49582 - R:localhost/127.0.0.1:59343]
00:46:16.360 [Forwarding getElementTagName on session 7b0d25c412493843dfb82260bde5734a to remote] DEBUG org.asynchttpclient.netty.request.NettyRequestSender - Using pooled Channel '[id: 0x2f7b10b2, L:/127.0.0.1:49582 - R:localhost/127.0.0.1:59343]' for 'GET' to 'http://localhost:59343/session/7b0d25c412493843dfb82260bde5734a/element/cf37c1cc-fb82-4014-9e71-2bdbbd216552/name'
00:46:16.360 [Forwarding getElementTagName on session 7b0d25c412493843dfb82260bde5734a to remote] DEBUG org.asynchttpclient.netty.request.NettyRequestSender - Using open Channel [id: 0x2f7b10b2, L:/127.0.0.1:49582 - R:localhost/127.0.0.1:59343] for GET '/session/7b0d25c412493843dfb82260bde5734a/element/cf37c1cc-fb82-4014-9e71-2bdbbd216552/name'
00:46:16.362 [AsyncHttpClient-1-14] DEBUG org.asynchttpclient.netty.handler.HttpHandler - 

Request DefaultFullHttpRequest(decodeResult: success, version: HTTP/1.1, content: EmptyByteBufBE)
GET /session/7b0d25c412493843dfb82260bde5734a/element/cf37c1cc-fb82-4014-9e71-2bdbbd216552/name HTTP/1.1
User-Agent: selenium/4.1.2 (java windows)
Cache-Control: no-cache
Content-Type: application/json; charset=utf-8
host: localhost:59343
accept: */*

Response DefaultHttpResponse(decodeResult: success, version: HTTP/1.1)
HTTP/1.1 200 OK
Content-Type: application/json; charset=utf-8
cache-control: no-cache
content-length: 18

00:46:16.362 [AsyncHttpClient-1-14] DEBUG org.asynchttpclient.netty.channel.ChannelManager - Adding key: http://localhost:59343 for channel [id: 0x2f7b10b2, L:/127.0.0.1:49582 - R:localhost/127.0.0.1:59343]
00:46:16.363 [Forwarding isElementEnabled on session 7b0d25c412493843dfb82260bde5734a to remote] DEBUG org.asynchttpclient.netty.request.NettyRequestSender - Using pooled Channel '[id: 0x2f7b10b2, L:/127.0.0.1:49582 - R:localhost/127.0.0.1:59343]' for 'GET' to 'http://localhost:59343/session/7b0d25c412493843dfb82260bde5734a/element/cf37c1cc-fb82-4014-9e71-2bdbbd216552/enabled'
00:46:16.363 [Forwarding isElementEnabled on session 7b0d25c412493843dfb82260bde5734a to remote] DEBUG org.asynchttpclient.netty.request.NettyRequestSender - Using open Channel [id: 0x2f7b10b2, L:/127.0.0.1:49582 - R:localhost/127.0.0.1:59343] for GET '/session/7b0d25c412493843dfb82260bde5734a/element/cf37c1cc-fb82-4014-9e71-2bdbbd216552/enabled'
00:46:16.368 [AsyncHttpClient-1-14] DEBUG org.asynchttpclient.netty.handler.HttpHandler - 

Request DefaultFullHttpRequest(decodeResult: success, version: HTTP/1.1, content: EmptyByteBufBE)
GET /session/7b0d25c412493843dfb82260bde5734a/element/cf37c1cc-fb82-4014-9e71-2bdbbd216552/enabled HTTP/1.1
User-Agent: selenium/4.1.2 (java windows)
Cache-Control: no-cache
Content-Type: application/json; charset=utf-8
host: localhost:59343
accept: */*

Response DefaultHttpResponse(decodeResult: success, version: HTTP/1.1)
HTTP/1.1 200 OK
Content-Type: application/json; charset=utf-8
cache-control: no-cache
content-length: 14

00:46:16.368 [AsyncHttpClient-1-14] DEBUG org.asynchttpclient.netty.channel.ChannelManager - Adding key: http://localhost:59343 for channel [id: 0x2f7b10b2, L:/127.0.0.1:49582 - R:localhost/127.0.0.1:59343]
00:46:16.369 [Forwarding isElementEnabled on session 7b0d25c412493843dfb82260bde5734a to remote] DEBUG org.asynchttpclient.netty.request.NettyRequestSender - Using pooled Channel '[id: 0x2f7b10b2, L:/127.0.0.1:49582 - R:localhost/127.0.0.1:59343]' for 'GET' to 'http://localhost:59343/session/7b0d25c412493843dfb82260bde5734a/element/cf37c1cc-fb82-4014-9e71-2bdbbd216552/enabled'
00:46:16.369 [Forwarding isElementEnabled on session 7b0d25c412493843dfb82260bde5734a to remote] DEBUG org.asynchttpclient.netty.request.NettyRequestSender - Using open Channel [id: 0x2f7b10b2, L:/127.0.0.1:49582 - R:localhost/127.0.0.1:59343] for GET '/session/7b0d25c412493843dfb82260bde5734a/element/cf37c1cc-fb82-4014-9e71-2bdbbd216552/enabled'
00:46:16.373 [AsyncHttpClient-1-14] DEBUG org.asynchttpclient.netty.handler.HttpHandler - 

Request DefaultFullHttpRequest(decodeResult: success, version: HTTP/1.1, content: EmptyByteBufBE)
GET /session/7b0d25c412493843dfb82260bde5734a/element/cf37c1cc-fb82-4014-9e71-2bdbbd216552/enabled HTTP/1.1
User-Agent: selenium/4.1.2 (java windows)
Cache-Control: no-cache
Content-Type: application/json; charset=utf-8
host: localhost:59343
accept: */*

Response DefaultHttpResponse(decodeResult: success, version: HTTP/1.1)
HTTP/1.1 200 OK
Content-Type: application/json; charset=utf-8
cache-control: no-cache
content-length: 14

00:46:16.373 [AsyncHttpClient-1-14] DEBUG org.asynchttpclient.netty.channel.ChannelManager - Adding key: http://localhost:59343 for channel [id: 0x2f7b10b2, L:/127.0.0.1:49582 - R:localhost/127.0.0.1:59343]
00:46:16.375 [Forwarding findElement on session 7b0d25c412493843dfb82260bde5734a to remote] DEBUG org.asynchttpclient.netty.request.NettyRequestSender - Using pooled Channel '[id: 0x2f7b10b2, L:/127.0.0.1:49582 - R:localhost/127.0.0.1:59343]' for 'POST' to 'http://localhost:59343/session/7b0d25c412493843dfb82260bde5734a/element'
00:46:16.375 [Forwarding findElement on session 7b0d25c412493843dfb82260bde5734a to remote] DEBUG org.asynchttpclient.netty.request.NettyRequestSender - Using open Channel [id: 0x2f7b10b2, L:/127.0.0.1:49582 - R:localhost/127.0.0.1:59343] for POST '/session/7b0d25c412493843dfb82260bde5734a/element'
00:46:16.378 [AsyncHttpClient-1-14] DEBUG org.asynchttpclient.netty.handler.HttpHandler - 

Request DefaultHttpRequest(decodeResult: success, version: HTTP/1.1)
POST /session/7b0d25c412493843dfb82260bde5734a/element HTTP/1.1
User-Agent: selenium/4.1.2 (java windows)
Content-Length: 79
Content-Type: application/json; charset=utf-8
host: localhost:59343
accept: */*

Response DefaultHttpResponse(decodeResult: success, version: HTTP/1.1)
HTTP/1.1 200 OK
Content-Type: application/json; charset=utf-8
cache-control: no-cache
content-length: 88

00:46:16.378 [AsyncHttpClient-1-14] DEBUG org.asynchttpclient.netty.channel.ChannelManager - Adding key: http://localhost:59343 for channel [id: 0x2f7b10b2, L:/127.0.0.1:49582 - R:localhost/127.0.0.1:59343]
00:46:16.379 [Forwarding clickElement on session 7b0d25c412493843dfb82260bde5734a to remote] DEBUG org.asynchttpclient.netty.request.NettyRequestSender - Using pooled Channel '[id: 0x2f7b10b2, L:/127.0.0.1:49582 - R:localhost/127.0.0.1:59343]' for 'POST' to 'http://localhost:59343/session/7b0d25c412493843dfb82260bde5734a/element/cf37c1cc-fb82-4014-9e71-2bdbbd216552/click'
00:46:16.379 [Forwarding clickElement on session 7b0d25c412493843dfb82260bde5734a to remote] DEBUG org.asynchttpclient.netty.request.NettyRequestSender - Using open Channel [id: 0x2f7b10b2, L:/127.0.0.1:49582 - R:localhost/127.0.0.1:59343] for POST '/session/7b0d25c412493843dfb82260bde5734a/element/cf37c1cc-fb82-4014-9e71-2bdbbd216552/click'
00:46:16.397 [AsyncHttpClient-1-14] DEBUG org.asynchttpclient.netty.handler.HttpHandler - 

Request DefaultHttpRequest(decodeResult: success, version: HTTP/1.1)
POST /session/7b0d25c412493843dfb82260bde5734a/element/cf37c1cc-fb82-4014-9e71-2bdbbd216552/click HTTP/1.1
User-Agent: selenium/4.1.2 (java windows)
Content-Length: 50
Content-Type: application/json; charset=utf-8
host: localhost:59343
accept: */*

Response DefaultHttpResponse(decodeResult: success, version: HTTP/1.1)
HTTP/1.1 200 OK
Content-Type: application/json; charset=utf-8
cache-control: no-cache
content-length: 14

00:46:16.397 [AsyncHttpClient-1-14] DEBUG org.asynchttpclient.netty.channel.ChannelManager - Adding key: http://localhost:59343 for channel [id: 0x2f7b10b2, L:/127.0.0.1:49582 - R:localhost/127.0.0.1:59343]
00:46:16.400 [Forwarding screenshot on session 7b0d25c412493843dfb82260bde5734a to remote] DEBUG org.asynchttpclient.netty.request.NettyRequestSender - Using pooled Channel '[id: 0x2f7b10b2, L:/127.0.0.1:49582 - R:localhost/127.0.0.1:59343]' for 'GET' to 'http://localhost:59343/session/7b0d25c412493843dfb82260bde5734a/screenshot'
00:46:16.400 [Forwarding screenshot on session 7b0d25c412493843dfb82260bde5734a to remote] DEBUG org.asynchttpclient.netty.request.NettyRequestSender - Using open Channel [id: 0x2f7b10b2, L:/127.0.0.1:49582 - R:localhost/127.0.0.1:59343] for GET '/session/7b0d25c412493843dfb82260bde5734a/screenshot'
00:46:16.599 [AsyncHttpClient-1-14] DEBUG org.asynchttpclient.netty.handler.HttpHandler - 

Request DefaultFullHttpRequest(decodeResult: success, version: HTTP/1.1, content: EmptyByteBufBE)
GET /session/7b0d25c412493843dfb82260bde5734a/screenshot HTTP/1.1
User-Agent: selenium/4.1.2 (java windows)
Cache-Control: no-cache
Content-Type: application/json; charset=utf-8
host: localhost:59343
accept: */*

Response DefaultHttpResponse(decodeResult: success, version: HTTP/1.1)
HTTP/1.1 200 OK
Content-Type: application/json; charset=utf-8
cache-control: no-cache
content-length: 100384

00:46:16.599 [AsyncHttpClient-1-14] DEBUG org.asynchttpclient.netty.channel.ChannelManager - Adding key: http://localhost:59343 for channel [id: 0x2f7b10b2, L:/127.0.0.1:49582 - R:localhost/127.0.0.1:59343]
00:46:16.601 [main] DEBUG net.serenitybdd.core.photography.Darkroom - Send negative for processing for target\site\serenity\d99b41a9730519d8dc1f58c94eb588495e22efb63269743e1782c287fa69a3b6.png
00:46:16.601 [main] DEBUG net.thucydides.core.steps.StepInterceptor - STEP DONE: sucseslogin
  &amp#27;[32mAnd &amp#27;[0m&amp#27;[32mclick sucsess login&amp#27;[0m             &amp#27;[90m# starter.definitions.LoginSteps.clickSucsessLogin()&amp#27;[0m
00:46:16.601 [Darkroom Processing Line] DEBUG net.serenitybdd.core.photography.DarkroomProcessingLine - Processing screenshot image in /var/screenshots/screenshot-17009350952066467430
00:46:16.602 [Darkroom Processing Line] DEBUG net.serenitybdd.core.photography.DarkroomProcessingLine - Saving screenshot to target\site\serenity\d99b41a9730519d8dc1f58c94eb588495e22efb63269743e1782c287fa69a3b6.png
00:46:16.670 [Forwarding screenshot on session 7b0d25c412493843dfb82260bde5734a to remote] DEBUG org.asynchttpclient.netty.request.NettyRequestSender - Using pooled Channel '[id: 0x2f7b10b2, L:/127.0.0.1:49582 - R:localhost/127.0.0.1:59343]' for 'GET' to 'http://localhost:59343/session/7b0d25c412493843dfb82260bde5734a/screenshot'
00:46:16.671 [Forwarding screenshot on session 7b0d25c412493843dfb82260bde5734a to remote] DEBUG org.asynchttpclient.netty.request.NettyRequestSender - Using open Channel [id: 0x2f7b10b2, L:/127.0.0.1:49582 - R:localhost/127.0.0.1:59343] for GET '/session/7b0d25c412493843dfb82260bde5734a/screenshot'
00:46:16.857 [AsyncHttpClient-1-14] DEBUG org.asynchttpclient.netty.handler.HttpHandler - 

Request DefaultFullHttpRequest(decodeResult: success, version: HTTP/1.1, content: EmptyByteBufBE)
GET /session/7b0d25c412493843dfb82260bde5734a/screenshot HTTP/1.1
User-Agent: selenium/4.1.2 (java windows)
Cache-Control: no-cache
Content-Type: application/json; charset=utf-8
host: localhost:59343
accept: */*

Response DefaultHttpResponse(decodeResult: success, version: HTTP/1.1)
HTTP/1.1 200 OK
Content-Type: application/json; charset=utf-8
cache-control: no-cache
content-length: 117632

00:46:16.857 [AsyncHttpClient-1-14] DEBUG org.asynchttpclient.netty.channel.ChannelManager - Adding key: http://localhost:59343 for channel [id: 0x2f7b10b2, L:/127.0.0.1:49582 - R:localhost/127.0.0.1:59343]
00:46:16.859 [main] DEBUG net.serenitybdd.core.photography.Darkroom - Send negative for processing for target\site\serenity\3a027e8bf64163b8fde6803e849ac617eeb135f2411ce09e0848b1812b5b1821.png
00:46:16.860 [main] DEBUG net.thucydides.core.steps.StepInterceptor - STARTING STEP: ClassSteps.adminindashboard - dashboardpage
00:46:16.860 [Darkroom Processing Line] DEBUG net.serenitybdd.core.photography.DarkroomProcessingLine - Processing screenshot image in /var/screenshots/screenshot-12508143626363166706
00:46:16.860 [Darkroom Processing Line] DEBUG net.serenitybdd.core.photography.DarkroomProcessingLine - Saving screenshot to target\site\serenity\3a027e8bf64163b8fde6803e849ac617eeb135f2411ce09e0848b1812b5b1821.png
00:46:16.861 [Forwarding findElement on session 7b0d25c412493843dfb82260bde5734a to remote] DEBUG org.asynchttpclient.netty.request.NettyRequestSender - Using pooled Channel '[id: 0x2f7b10b2, L:/127.0.0.1:49582 - R:localhost/127.0.0.1:59343]' for 'POST' to 'http://localhost:59343/session/7b0d25c412493843dfb82260bde5734a/element'
00:46:16.861 [Forwarding findElement on session 7b0d25c412493843dfb82260bde5734a to remote] DEBUG org.asynchttpclient.netty.request.NettyRequestSender - Using open Channel [id: 0x2f7b10b2, L:/127.0.0.1:49582 - R:localhost/127.0.0.1:59343] for POST '/session/7b0d25c412493843dfb82260bde5734a/element'
00:46:16.867 [AsyncHttpClient-1-14] DEBUG org.asynchttpclient.netty.handler.HttpHandler - 

Request DefaultHttpRequest(decodeResult: success, version: HTTP/1.1)
POST /session/7b0d25c412493843dfb82260bde5734a/element HTTP/1.1
User-Agent: selenium/4.1.2 (java windows)
Content-Length: 82
Content-Type: application/json; charset=utf-8
host: localhost:59343
accept: */*

Response DefaultHttpResponse(decodeResult: success, version: HTTP/1.1)
HTTP/1.1 200 OK
Content-Type: application/json; charset=utf-8
cache-control: no-cache
content-length: 88

00:46:16.867 [AsyncHttpClient-1-14] DEBUG org.asynchttpclient.netty.channel.ChannelManager - Adding key: http://localhost:59343 for channel [id: 0x2f7b10b2, L:/127.0.0.1:49582 - R:localhost/127.0.0.1:59343]
00:46:16.869 [Forwarding isElementDisplayed on session 7b0d25c412493843dfb82260bde5734a to remote] DEBUG org.asynchttpclient.netty.request.NettyRequestSender - Using pooled Channel '[id: 0x2f7b10b2, L:/127.0.0.1:49582 - R:localhost/127.0.0.1:59343]' for 'POST' to 'http://localhost:59343/session/7b0d25c412493843dfb82260bde5734a/execute/sync'
00:46:16.869 [Forwarding isElementDisplayed on session 7b0d25c412493843dfb82260bde5734a to remote] DEBUG org.asynchttpclient.netty.request.NettyRequestSender - Using open Channel [id: 0x2f7b10b2, L:/127.0.0.1:49582 - R:localhost/127.0.0.1:59343] for POST '/session/7b0d25c412493843dfb82260bde5734a/execute/sync'
00:46:16.877 [AsyncHttpClient-1-14] DEBUG org.asynchttpclient.netty.handler.HttpHandler - 

Request DefaultHttpRequest(decodeResult: success, version: HTTP/1.1)
POST /session/7b0d25c412493843dfb82260bde5734a/execute/sync HTTP/1.1
User-Agent: selenium/4.1.2 (java windows)
Content-Length: 48780
Content-Type: application/json; charset=utf-8
host: localhost:59343
accept: */*

Response DefaultHttpResponse(decodeResult: success, version: HTTP/1.1)
HTTP/1.1 200 OK
Content-Type: application/json; charset=utf-8
cache-control: no-cache
content-length: 14

00:46:16.878 [AsyncHttpClient-1-14] DEBUG org.asynchttpclient.netty.channel.ChannelManager - Adding key: http://localhost:59343 for channel [id: 0x2f7b10b2, L:/127.0.0.1:49582 - R:localhost/127.0.0.1:59343]
00:46:16.880 [main] DEBUG net.thucydides.core.steps.StepInterceptor - STEP DONE: dashboardpage
  &amp#27;[32mGiven &amp#27;[0m&amp#27;[32madmin in dashboard page&amp#27;[0m       &amp#27;[90m# starter.definitions.ClassSteps.adminindashboard()&amp#27;[0m
00:46:16.889 [main] DEBUG net.thucydides.core.steps.StepInterceptor - STARTING STEP: ClassSteps.adminClickClassPage - classpage
00:46:16.891 [Forwarding findElement on session 7b0d25c412493843dfb82260bde5734a to remote] DEBUG org.asynchttpclient.netty.request.NettyRequestSender - Using pooled Channel '[id: 0x2f7b10b2, L:/127.0.0.1:49582 - R:localhost/127.0.0.1:59343]' for 'POST' to 'http://localhost:59343/session/7b0d25c412493843dfb82260bde5734a/element'
00:46:16.891 [Forwarding findElement on session 7b0d25c412493843dfb82260bde5734a to remote] DEBUG org.asynchttpclient.netty.request.NettyRequestSender - Using open Channel [id: 0x2f7b10b2, L:/127.0.0.1:49582 - R:localhost/127.0.0.1:59343] for POST '/session/7b0d25c412493843dfb82260bde5734a/element'
00:46:16.900 [AsyncHttpClient-1-1] DEBUG org.asynchttpclient.netty.channel.DefaultChannelPool - Entry count for : http://localhost:49583 : 1
00:46:17.985 [AsyncHttpClient-1-1] DEBUG org.asynchttpclient.netty.channel.DefaultChannelPool - Entry count for : http://localhost:49583 : 1
00:46:18.909 [AsyncHttpClient-1-14] DEBUG org.asynchttpclient.netty.handler.HttpHandler - 

Request DefaultHttpRequest(decodeResult: success, version: HTTP/1.1)
POST /session/7b0d25c412493843dfb82260bde5734a/element HTTP/1.1
User-Agent: selenium/4.1.2 (java windows)
Content-Length: 71
Content-Type: application/json; charset=utf-8
host: localhost:59343
accept: */*

Response DefaultHttpResponse(decodeResult: success, version: HTTP/1.1)
HTTP/1.1 404 Not Found
Content-Type: application/json; charset=utf-8
cache-control: no-cache
content-length: 1024

00:46:18.909 [AsyncHttpClient-1-14] DEBUG org.asynchttpclient.netty.channel.ChannelManager - Adding key: http://localhost:59343 for channel [id: 0x2f7b10b2, L:/127.0.0.1:49582 - R:localhost/127.0.0.1:59343]
00:46:19.018 [Forwarding findElement on session 7b0d25c412493843dfb82260bde5734a to remote] DEBUG org.asynchttpclient.netty.request.NettyRequestSender - Using pooled Channel '[id: 0x2f7b10b2, L:/127.0.0.1:49582 - R:localhost/127.0.0.1:59343]' for 'POST' to 'http://localhost:59343/session/7b0d25c412493843dfb82260bde5734a/element'
00:46:19.018 [Forwarding findElement on session 7b0d25c412493843dfb82260bde5734a to remote] DEBUG org.asynchttpclient.netty.request.NettyRequestSender - Using open Channel [id: 0x2f7b10b2, L:/127.0.0.1:49582 - R:localhost/127.0.0.1:59343] for POST '/session/7b0d25c412493843dfb82260bde5734a/element'
00:46:19.086 [AsyncHttpClient-1-1] DEBUG org.asynchttpclient.netty.channel.DefaultChannelPool - Entry count for : http://localhost:49583 : 1
00:46:19.274 [AsyncHttpClient-1-14] DEBUG org.asynchttpclient.netty.handler.HttpHandler - 

Request DefaultHttpRequest(decodeResult: success, version: HTTP/1.1)
POST /session/7b0d25c412493843dfb82260bde5734a/element HTTP/1.1
User-Agent: selenium/4.1.2 (java windows)
Content-Length: 71
Content-Type: application/json; charset=utf-8
host: localhost:59343
accept: */*

Response DefaultHttpResponse(decodeResult: success, version: HTTP/1.1)
HTTP/1.1 200 OK
Content-Type: application/json; charset=utf-8
cache-control: no-cache
content-length: 88

00:46:19.275 [AsyncHttpClient-1-14] DEBUG org.asynchttpclient.netty.channel.ChannelManager - Adding key: http://localhost:59343 for channel [id: 0x2f7b10b2, L:/127.0.0.1:49582 - R:localhost/127.0.0.1:59343]
00:46:19.275 [Forwarding getElementTagName on session 7b0d25c412493843dfb82260bde5734a to remote] DEBUG org.asynchttpclient.netty.request.NettyRequestSender - Using pooled Channel '[id: 0x2f7b10b2, L:/127.0.0.1:49582 - R:localhost/127.0.0.1:59343]' for 'GET' to 'http://localhost:59343/session/7b0d25c412493843dfb82260bde5734a/element/5c0fc352-5038-4887-a736-10f2b86cf34d/name'
00:46:19.275 [Forwarding getElementTagName on session 7b0d25c412493843dfb82260bde5734a to remote] DEBUG org.asynchttpclient.netty.request.NettyRequestSender - Using open Channel [id: 0x2f7b10b2, L:/127.0.0.1:49582 - R:localhost/127.0.0.1:59343] for GET '/session/7b0d25c412493843dfb82260bde5734a/element/5c0fc352-5038-4887-a736-10f2b86cf34d/name'
00:46:19.277 [AsyncHttpClient-1-14] DEBUG org.asynchttpclient.netty.handler.HttpHandler - 

Request DefaultFullHttpRequest(decodeResult: success, version: HTTP/1.1, content: EmptyByteBufBE)
GET /session/7b0d25c412493843dfb82260bde5734a/element/5c0fc352-5038-4887-a736-10f2b86cf34d/name HTTP/1.1
User-Agent: selenium/4.1.2 (java windows)
Cache-Control: no-cache
Content-Type: application/json; charset=utf-8
host: localhost:59343
accept: */*

Response DefaultHttpResponse(decodeResult: success, version: HTTP/1.1)
HTTP/1.1 200 OK
Content-Type: application/json; charset=utf-8
cache-control: no-cache
content-length: 13

00:46:19.277 [AsyncHttpClient-1-14] DEBUG org.asynchttpclient.netty.channel.ChannelManager - Adding key: http://localhost:59343 for channel [id: 0x2f7b10b2, L:/127.0.0.1:49582 - R:localhost/127.0.0.1:59343]
00:46:19.278 [Forwarding getElementTagName on session 7b0d25c412493843dfb82260bde5734a to remote] DEBUG org.asynchttpclient.netty.request.NettyRequestSender - Using pooled Channel '[id: 0x2f7b10b2, L:/127.0.0.1:49582 - R:localhost/127.0.0.1:59343]' for 'GET' to 'http://localhost:59343/session/7b0d25c412493843dfb82260bde5734a/element/5c0fc352-5038-4887-a736-10f2b86cf34d/name'
00:46:19.278 [Forwarding getElementTagName on session 7b0d25c412493843dfb82260bde5734a to remote] DEBUG org.asynchttpclient.netty.request.NettyRequestSender - Using open Channel [id: 0x2f7b10b2, L:/127.0.0.1:49582 - R:localhost/127.0.0.1:59343] for GET '/session/7b0d25c412493843dfb82260bde5734a/element/5c0fc352-5038-4887-a736-10f2b86cf34d/name'
00:46:19.279 [AsyncHttpClient-1-14] DEBUG org.asynchttpclient.netty.handler.HttpHandler - 

Request DefaultFullHttpRequest(decodeResult: success, version: HTTP/1.1, content: EmptyByteBufBE)
GET /session/7b0d25c412493843dfb82260bde5734a/element/5c0fc352-5038-4887-a736-10f2b86cf34d/name HTTP/1.1
User-Agent: selenium/4.1.2 (java windows)
Cache-Control: no-cache
Content-Type: application/json; charset=utf-8
host: localhost:59343
accept: */*

Response DefaultHttpResponse(decodeResult: success, version: HTTP/1.1)
HTTP/1.1 200 OK
Content-Type: application/json; charset=utf-8
cache-control: no-cache
content-length: 13

00:46:19.279 [AsyncHttpClient-1-14] DEBUG org.asynchttpclient.netty.channel.ChannelManager - Adding key: http://localhost:59343 for channel [id: 0x2f7b10b2, L:/127.0.0.1:49582 - R:localhost/127.0.0.1:59343]
00:46:19.280 [Forwarding findElement on session 7b0d25c412493843dfb82260bde5734a to remote] DEBUG org.asynchttpclient.netty.request.NettyRequestSender - Using pooled Channel '[id: 0x2f7b10b2, L:/127.0.0.1:49582 - R:localhost/127.0.0.1:59343]' for 'POST' to 'http://localhost:59343/session/7b0d25c412493843dfb82260bde5734a/element'
00:46:19.280 [Forwarding findElement on session 7b0d25c412493843dfb82260bde5734a to remote] DEBUG org.asynchttpclient.netty.request.NettyRequestSender - Using open Channel [id: 0x2f7b10b2, L:/127.0.0.1:49582 - R:localhost/127.0.0.1:59343] for POST '/session/7b0d25c412493843dfb82260bde5734a/element'
00:46:19.283 [AsyncHttpClient-1-14] DEBUG org.asynchttpclient.netty.handler.HttpHandler - 

Request DefaultHttpRequest(decodeResult: success, version: HTTP/1.1)
POST /session/7b0d25c412493843dfb82260bde5734a/element HTTP/1.1
User-Agent: selenium/4.1.2 (java windows)
Content-Length: 71
Content-Type: application/json; charset=utf-8
host: localhost:59343
accept: */*

Response DefaultHttpResponse(decodeResult: success, version: HTTP/1.1)
HTTP/1.1 200 OK
Content-Type: application/json; charset=utf-8
cache-control: no-cache
content-length: 88

00:46:19.284 [AsyncHttpClient-1-14] DEBUG org.asynchttpclient.netty.channel.ChannelManager - Adding key: http://localhost:59343 for channel [id: 0x2f7b10b2, L:/127.0.0.1:49582 - R:localhost/127.0.0.1:59343]
00:46:19.284 [Forwarding clickElement on session 7b0d25c412493843dfb82260bde5734a to remote] DEBUG org.asynchttpclient.netty.request.NettyRequestSender - Using pooled Channel '[id: 0x2f7b10b2, L:/127.0.0.1:49582 - R:localhost/127.0.0.1:59343]' for 'POST' to 'http://localhost:59343/session/7b0d25c412493843dfb82260bde5734a/element/5c0fc352-5038-4887-a736-10f2b86cf34d/click'
00:46:19.284 [Forwarding clickElement on session 7b0d25c412493843dfb82260bde5734a to remote] DEBUG org.asynchttpclient.netty.request.NettyRequestSender - Using open Channel [id: 0x2f7b10b2, L:/127.0.0.1:49582 - R:localhost/127.0.0.1:59343] for POST '/session/7b0d25c412493843dfb82260bde5734a/element/5c0fc352-5038-4887-a736-10f2b86cf34d/click'
00:46:19.328 [AsyncHttpClient-1-14] DEBUG org.asynchttpclient.netty.handler.HttpHandler - 

Request DefaultHttpRequest(decodeResult: success, version: HTTP/1.1)
POST /session/7b0d25c412493843dfb82260bde5734a/element/5c0fc352-5038-4887-a736-10f2b86cf34d/click HTTP/1.1
User-Agent: selenium/4.1.2 (java windows)
Content-Length: 50
Content-Type: application/json; charset=utf-8
host: localhost:59343
accept: */*

Response DefaultHttpResponse(decodeResult: success, version: HTTP/1.1)
HTTP/1.1 200 OK
Content-Type: application/json; charset=utf-8
cache-control: no-cache
content-length: 14

00:46:19.328 [AsyncHttpClient-1-14] DEBUG org.asynchttpclient.netty.channel.ChannelManager - Adding key: http://localhost:59343 for channel [id: 0x2f7b10b2, L:/127.0.0.1:49582 - R:localhost/127.0.0.1:59343]
00:46:19.333 [Forwarding screenshot on session 7b0d25c412493843dfb82260bde5734a to remote] DEBUG org.asynchttpclient.netty.request.NettyRequestSender - Using pooled Channel '[id: 0x2f7b10b2, L:/127.0.0.1:49582 - R:localhost/127.0.0.1:59343]' for 'GET' to 'http://localhost:59343/session/7b0d25c412493843dfb82260bde5734a/screenshot'
00:46:19.333 [Forwarding screenshot on session 7b0d25c412493843dfb82260bde5734a to remote] DEBUG org.asynchttpclient.netty.request.NettyRequestSender - Using open Channel [id: 0x2f7b10b2, L:/127.0.0.1:49582 - R:localhost/127.0.0.1:59343] for GET '/session/7b0d25c412493843dfb82260bde5734a/screenshot'
00:46:19.457 [AsyncHttpClient-1-14] DEBUG org.asynchttpclient.netty.handler.HttpHandler - 

Request DefaultFullHttpRequest(decodeResult: success, version: HTTP/1.1, content: EmptyByteBufBE)
GET /session/7b0d25c412493843dfb82260bde5734a/screenshot HTTP/1.1
User-Agent: selenium/4.1.2 (java windows)
Cache-Control: no-cache
Content-Type: application/json; charset=utf-8
host: localhost:59343
accept: */*

Response DefaultHttpResponse(decodeResult: success, version: HTTP/1.1)
HTTP/1.1 200 OK
Content-Type: application/json; charset=utf-8
cache-control: no-cache
content-length: 95028

00:46:19.457 [AsyncHttpClient-1-14] DEBUG org.asynchttpclient.netty.channel.ChannelManager - Adding key: http://localhost:59343 for channel [id: 0x2f7b10b2, L:/127.0.0.1:49582 - R:localhost/127.0.0.1:59343]
00:46:19.459 [main] DEBUG net.serenitybdd.core.photography.Darkroom - Send negative for processing for target\site\serenity\7e1e9a3c3c93243de210cbb4d7e1f7b9c594ecc3c45a84d3ee564cb6dc3fd397.png
00:46:19.459 [main] DEBUG net.thucydides.core.steps.StepInterceptor - STEP DONE: classpage
  &amp#27;[32mWhen &amp#27;[0m&amp#27;[32madmin click class page&amp#27;[0m         &amp#27;[90m# starter.definitions.ClassSteps.adminClickClassPage()&amp#27;[0m
00:46:19.460 [Darkroom Processing Line] DEBUG net.serenitybdd.core.photography.DarkroomProcessingLine - Processing screenshot image in /var/screenshots/screenshot-1605087925347341678
00:46:19.460 [Darkroom Processing Line] DEBUG net.serenitybdd.core.photography.DarkroomProcessingLine - Saving screenshot to target\site\serenity\7e1e9a3c3c93243de210cbb4d7e1f7b9c594ecc3c45a84d3ee564cb6dc3fd397.png
00:46:19.469 [main] DEBUG net.thucydides.core.steps.StepInterceptor - STARTING STEP: ClassSteps.adminSeeDetailAboutClass - classdetail
00:46:19.470 [Forwarding findElement on session 7b0d25c412493843dfb82260bde5734a to remote] DEBUG org.asynchttpclient.netty.request.NettyRequestSender - Using pooled Channel '[id: 0x2f7b10b2, L:/127.0.0.1:49582 - R:localhost/127.0.0.1:59343]' for 'POST' to 'http://localhost:59343/session/7b0d25c412493843dfb82260bde5734a/element'
00:46:19.470 [Forwarding findElement on session 7b0d25c412493843dfb82260bde5734a to remote] DEBUG org.asynchttpclient.netty.request.NettyRequestSender - Using open Channel [id: 0x2f7b10b2, L:/127.0.0.1:49582 - R:localhost/127.0.0.1:59343] for POST '/session/7b0d25c412493843dfb82260bde5734a/element'
00:46:19.477 [AsyncHttpClient-1-14] DEBUG org.asynchttpclient.netty.handler.HttpHandler - 

Request DefaultHttpRequest(decodeResult: success, version: HTTP/1.1)
POST /session/7b0d25c412493843dfb82260bde5734a/element HTTP/1.1
User-Agent: selenium/4.1.2 (java windows)
Content-Length: 81
Content-Type: application/json; charset=utf-8
host: localhost:59343
accept: */*

Response DefaultHttpResponse(decodeResult: success, version: HTTP/1.1)
HTTP/1.1 200 OK
Content-Type: application/json; charset=utf-8
cache-control: no-cache
content-length: 88

00:46:19.477 [AsyncHttpClient-1-14] DEBUG org.asynchttpclient.netty.channel.ChannelManager - Adding key: http://localhost:59343 for channel [id: 0x2f7b10b2, L:/127.0.0.1:49582 - R:localhost/127.0.0.1:59343]
00:46:19.479 [Forwarding isElementDisplayed on session 7b0d25c412493843dfb82260bde5734a to remote] DEBUG org.asynchttpclient.netty.request.NettyRequestSender - Using pooled Channel '[id: 0x2f7b10b2, L:/127.0.0.1:49582 - R:localhost/127.0.0.1:59343]' for 'POST' to 'http://localhost:59343/session/7b0d25c412493843dfb82260bde5734a/execute/sync'
00:46:19.479 [Forwarding isElementDisplayed on session 7b0d25c412493843dfb82260bde5734a to remote] DEBUG org.asynchttpclient.netty.request.NettyRequestSender - Using open Channel [id: 0x2f7b10b2, L:/127.0.0.1:49582 - R:localhost/127.0.0.1:59343] for POST '/session/7b0d25c412493843dfb82260bde5734a/execute/sync'
00:46:19.484 [AsyncHttpClient-1-14] DEBUG org.asynchttpclient.netty.handler.HttpHandler - 

Request DefaultHttpRequest(decodeResult: success, version: HTTP/1.1)
POST /session/7b0d25c412493843dfb82260bde5734a/execute/sync HTTP/1.1
User-Agent: selenium/4.1.2 (java windows)
Content-Length: 48780
Content-Type: application/json; charset=utf-8
host: localhost:59343
accept: */*

Response DefaultHttpResponse(decodeResult: success, version: HTTP/1.1)
HTTP/1.1 200 OK
Content-Type: application/json; charset=utf-8
cache-control: no-cache
content-length: 14

00:46:19.484 [AsyncHttpClient-1-14] DEBUG org.asynchttpclient.netty.channel.ChannelManager - Adding key: http://localhost:59343 for channel [id: 0x2f7b10b2, L:/127.0.0.1:49582 - R:localhost/127.0.0.1:59343]
00:46:19.487 [main] DEBUG net.thucydides.core.steps.StepInterceptor - STEP DONE: classdetail
  &amp#27;[32mThen &amp#27;[0m&amp#27;[32madmin see detail about class&amp#27;[0m   &amp#27;[90m# starter.definitions.ClassSteps.adminSeeDetailAboutClass()&amp#27;[0m
00:46:19.490 [main] INFO  - 
  _____   ___   ___   _____     ___     _     ___   ___   ___   ___  
 |_   _| | __| / __| |_   _|   | _ \   /_\   / __| / __| | __| |   \ 
   | |   | _|  \__ \   | |     |  _/  / _ \  \__ \ \__ \ | _|  | |) |
   |_|   |___| |___/   |_|     |_|   /_/ \_\ |___/ |___/ |___| |___/ 

admin see detail class page
----------------------------------------------------------------------
00:46:19.491 [AsyncHttpClient-1-16] DEBUG org.asynchttpclient.netty.handler.WebSocketHandler - Channel Closed: [id: 0x9ad0ce38, L:/127.0.0.1:49590 ! R:localhost/127.0.0.1:49583] with attribute NettyResponseFuture{currentRetry=5,
	isDone=1,
	isCancelled=0,
	asyncHandler=org.asynchttpclient.ws.WebSocketUpgradeHandler@46b1870f,
	nettyRequest=org.asynchttpclient.netty.request.NettyRequest@3b301bd,
	future=java.util.concurrent.CompletableFuture@1a3fa0[Completed normally],
	uri=ws://localhost:49583/devtools/browser/8e7ae48e-7971-47e1-b6f0-d01b66dafaa5,
	keepAlive=true,
	redirectCount=0,
	timeoutsHolder=null,
	inAuth=0,
	touch=1658421972853}
00:46:19.491 [AsyncHttpClient-1-16] DEBUG org.asynchttpclient.netty.channel.ChannelManager - Closing Channel [id: 0x9ad0ce38, L:/127.0.0.1:49590 ! R:localhost/127.0.0.1:49583] 
00:46:19.491 [Driver Command Executor] DEBUG org.asynchttpclient.netty.request.NettyRequestSender - Using pooled Channel '[id: 0x2f7b10b2, L:/127.0.0.1:49582 - R:localhost/127.0.0.1:59343]' for 'DELETE' to 'http://localhost:59343/session/7b0d25c412493843dfb82260bde5734a'
00:46:19.491 [Driver Command Executor] DEBUG org.asynchttpclient.netty.request.NettyRequestSender - Using open Channel [id: 0x2f7b10b2, L:/127.0.0.1:49582 - R:localhost/127.0.0.1:59343] for DELETE '/session/7b0d25c412493843dfb82260bde5734a'
00:46:19.512 [AsyncHttpClient-1-15] DEBUG org.asynchttpclient.netty.handler.HttpHandler - Unexpected I/O exception on channel [id: 0x93a444a3, L:/127.0.0.1:49589 - R:localhost/127.0.0.1:49583]
java.net.SocketException: Connection reset
	at java.base/sun.nio.ch.SocketChannelImpl.throwConnectionReset(SocketChannelImpl.java:394)
	at java.base/sun.nio.ch.SocketChannelImpl.read(SocketChannelImpl.java:426)
	at io.netty.buffer.PooledByteBuf.setBytes(PooledByteBuf.java:258)
	at io.netty.buffer.AbstractByteBuf.writeBytes(AbstractByteBuf.java:1132)
	at io.netty.channel.socket.nio.NioSocketChannel.doReadBytes(NioSocketChannel.java:350)
	at io.netty.channel.nio.AbstractNioByteChannel$NioByteUnsafe.read(AbstractNioByteChannel.java:151)
	at io.netty.channel.nio.NioEventLoop.processSelectedKey(NioEventLoop.java:722)
	at io.netty.channel.nio.NioEventLoop.processSelectedKeysOptimized(NioEventLoop.java:658)
	at io.netty.channel.nio.NioEventLoop.processSelectedKeys(NioEventLoop.java:584)
	at io.netty.channel.nio.NioEventLoop.run(NioEventLoop.java:496)
	at io.netty.util.concurrent.SingleThreadEventExecutor$4.run(SingleThreadEventExecutor.java:986)
	at io.netty.util.internal.ThreadExecutorMap$2.run(ThreadExecutorMap.java:74)
	at io.netty.util.concurrent.FastThreadLocalRunnable.run(FastThreadLocalRunnable.java:30)
	at java.base/java.lang.Thread.run(Thread.java:833)
00:46:19.512 [AsyncHttpClient-1-15] DEBUG org.asynchttpclient.netty.channel.ChannelManager - Closing Channel [id: 0x93a444a3, L:/127.0.0.1:49589 - R:localhost/127.0.0.1:49583] 
00:46:19.512 [AsyncHttpClient-1-15] DEBUG org.asynchttpclient.netty.handler.HttpHandler - Channel Closed: [id: 0x93a444a3, L:/127.0.0.1:49589 ! R:localhost/127.0.0.1:49583] with attribute DISCARD
00:46:19.522 [AsyncHttpClient-1-14] DEBUG org.asynchttpclient.netty.handler.HttpHandler - 

Request DefaultFullHttpRequest(decodeResult: success, version: HTTP/1.1, content: EmptyByteBufBE)
DELETE /session/7b0d25c412493843dfb82260bde5734a HTTP/1.1
User-Agent: selenium/4.1.2 (java windows)
Content-Type: application/json; charset=utf-8
host: localhost:59343
accept: */*

Response DefaultHttpResponse(decodeResult: success, version: HTTP/1.1)
HTTP/1.1 200 OK
Content-Type: application/json; charset=utf-8
cache-control: no-cache
content-length: 14

00:46:19.522 [AsyncHttpClient-1-14] DEBUG org.asynchttpclient.netty.channel.ChannelManager - Adding key: http://localhost:59343 for channel [id: 0x2f7b10b2, L:/127.0.0.1:49582 - R:localhost/127.0.0.1:59343]
00:46:19.713 [AsyncHttpClient-1-14] DEBUG org.asynchttpclient.netty.handler.HttpHandler - Channel Closed: [id: 0x2f7b10b2, L:/127.0.0.1:49582 ! R:localhost/127.0.0.1:59343] with attribute DISCARD
]]></system-out>
    <system-err><![CDATA[Starting ChromeDriver 103.0.5060.134 (8ec6fce403b3feb0869b0732eda8bd95011d333c-refs/branch-heads/5060@{#1262}) on port 59343
Only local connections are allowed.
Please see https://chromedriver.chromium.org/security-considerations for suggestions on keeping ChromeDriver safe.
ChromeDriver was started successfully.
Jul 22, 2022 12:46:12 AM org.openqa.selenium.remote.ProtocolHandshake createSession
INFO: Detected dialect: W3C
Jul 22, 2022 12:46:12 AM org.openqa.selenium.devtools.CdpVersionFinder findNearestMatch
WARNING: Unable to find an exact match for CDP version 103, so returning the closest version found: a no-op implementation
Jul 22, 2022 12:46:12 AM org.openqa.selenium.devtools.CdpVersionFinder findNearestMatch
INFO: Unable to find CDP implementation matching 103.
Jul 22, 2022 12:46:12 AM org.openqa.selenium.chromium.ChromiumDriver lambda$new$3
WARNING: Unable to find version of CDP to use for . You may need to include a dependency on a specific version of the CDP using something similar to `org.seleniumhq.selenium:selenium-devtools-v86:4.1.2` where the version ("v86") matches the version of the chromium-based browser you're using and the version number of the artifact is the same as Selenium's.
]]></system-err>
  </testcase>
  <testcase name="sucsess add new class" classname="admin on the class page" time="10.408">
    <system-out><![CDATA[
@class
Scenario: sucsess add new class         &amp#27;[90m# src/test/resources/features/class.feature:15&amp#27;[0m
00:46:19.738 [main] INFO io.cucumber.core.plugin.SerenityReporter - Running feature from file:///D:/capstone%20projek/web%20testing/src/test/resources/features/class.feature
00:46:19.739 [main] INFO  - 
  _____   ___   ___   _____     ___   _____     _     ___   _____   ___   ___  
 |_   _| | __| / __| |_   _|   / __| |_   _|   /_\   | _ \ |_   _| | __| |   \ 
   | |   | _|  \__ \   | |     \__ \   | |    / _ \  |   /   | |   | _|  | |) |
   |_|   |___| |___/   |_|     |___/   |_|   /_/ \_\ |_|_\   |_|   |___| |___/ 

sucsess add new class(admin-on-the-class-page;sucsess-add-new-class)
--------------------------------------------------------------------------------
00:46:19.745 [main] DEBUG net.thucydides.core.steps.StepInterceptor - STARTING STEP: LoginSteps.adminOnLoginPage - openPage
00:46:19.746 [main] INFO net.serenitybdd.core.webdriver.driverproviders.ChromeDriverProvider - Using automatically driver download
00:46:19.819 [main] DEBUG io.github.bonigarcia.wdm.cache.ResolutionCache - Resolution chrome=103 in cache (valid until 01:32:20 22/07/2022 WITA)
00:46:19.823 [main] DEBUG io.github.bonigarcia.wdm.cache.ResolutionCache - Resolution chrome103=103.0.5060.134 in cache (valid until 21:05:58 22/07/2022 WITA)
00:46:19.824 [main] INFO io.github.bonigarcia.wdm.WebDriverManager - Using chromedriver 103.0.5060.134 (resolved driver for Chrome 103)
00:46:19.831 [main] DEBUG io.github.bonigarcia.wdm.WebDriverManager - Driver chromedriver 103.0.5060.134 found in cache
00:46:19.831 [main] INFO io.github.bonigarcia.wdm.WebDriverManager - Exporting webdriver.chrome.driver as C:\Users\Rev\.cache\selenium\chromedriver\win32\103.0.5060.134\chromedriver.exe
00:46:19.913 [main] DEBUG net.serenitybdd.core.webdriver.driverproviders.ProvideNewDriver - Instantiating driver
00:46:19.913 [main] DEBUG net.serenitybdd.core.webdriver.driverproviders.ProvideNewDriver - Driver capabilities: Capabilities {acceptInsecureCerts: false, base.url: https://sportly.rafdev.my.id/, browserName: chrome, chrome.driver: webdriver/chromedriver.exe, driver: chrome, goog:chromeOptions: {args: [], extensions: []}}
00:46:20.020 [AsyncHttpClient-1-17] DEBUG org.asynchttpclient.netty.channel.NettyConnectListener - Using new Channel '[id: 0xfaa7b9f6, L:/127.0.0.1:49619 - R:localhost/127.0.0.1:64781]' for 'POST' to '/session'
00:46:20.188 [AsyncHttpClient-1-1] DEBUG org.asynchttpclient.netty.channel.DefaultChannelPool - Entry count for : http://localhost:59343 : 1
00:46:20.188 [AsyncHttpClient-1-1] DEBUG org.asynchttpclient.netty.channel.DefaultChannelPool - Entry count for : http://localhost:49583 : 1
00:46:20.188 [AsyncHttpClient-1-1] DEBUG org.asynchttpclient.netty.channel.DefaultChannelPool - Adding Candidate expired Channel [id: 0x2f7b10b2, L:/127.0.0.1:49582 ! R:localhost/127.0.0.1:59343] isIdleTimeoutExpired=false isRemotelyClosed=true isTtlExpired=false
00:46:20.188 [AsyncHttpClient-1-1] DEBUG org.asynchttpclient.netty.channel.DefaultChannelPool - Closing Idle Channel [id: 0x2f7b10b2, L:/127.0.0.1:49582 ! R:localhost/127.0.0.1:59343]
00:46:20.188 [AsyncHttpClient-1-1] DEBUG org.asynchttpclient.netty.channel.DefaultChannelPool - Adding Candidate expired Channel [id: 0x93a444a3, L:/127.0.0.1:49589 ! R:localhost/127.0.0.1:49583] isIdleTimeoutExpired=false isRemotelyClosed=true isTtlExpired=false
00:46:20.188 [AsyncHttpClient-1-1] DEBUG org.asynchttpclient.netty.channel.DefaultChannelPool - Closing Idle Channel [id: 0x93a444a3, L:/127.0.0.1:49589 ! R:localhost/127.0.0.1:49583]
00:46:20.188 [AsyncHttpClient-1-1] DEBUG org.asynchttpclient.netty.channel.DefaultChannelPool - Closed 2 connections out of 2 in 0 ms
00:46:20.510 [AsyncHttpClient-1-17] DEBUG org.asynchttpclient.netty.handler.HttpHandler - 

Request DefaultHttpRequest(decodeResult: success, version: HTTP/1.1)
POST /session HTTP/1.1
User-Agent: selenium/4.1.2 (java windows)
Content-Length: 581
Content-Type: application/json; charset=utf-8
host: localhost:64781
accept: */*

Response DefaultHttpResponse(decodeResult: success, version: HTTP/1.1)
HTTP/1.1 200 OK
Content-Type: application/json; charset=utf-8
cache-control: no-cache
content-length: 789

00:46:20.511 [AsyncHttpClient-1-17] DEBUG org.asynchttpclient.netty.channel.ChannelManager - Adding key: http://localhost:64781 for channel [id: 0xfaa7b9f6, L:/127.0.0.1:49619 - R:localhost/127.0.0.1:64781]
00:46:20.514 [AsyncHttpClient-1-18] DEBUG org.asynchttpclient.netty.channel.NettyConnectListener - Using new Channel '[id: 0xc34d4542, L:/127.0.0.1:49626 - R:localhost/127.0.0.1:49620]' for 'GET' to '/json/version'
00:46:20.516 [AsyncHttpClient-1-18] DEBUG org.asynchttpclient.netty.handler.HttpHandler - 

Request DefaultFullHttpRequest(decodeResult: success, version: HTTP/1.1, content: EmptyByteBufBE)
GET /json/version HTTP/1.1
User-Agent: selenium/4.1.2 (java windows)
host: localhost:49620
accept: */*

Response DefaultHttpResponse(decodeResult: success, version: HTTP/1.1)
HTTP/1.1 200 OK
Content-Type: application/json; charset=UTF-8
content-length: 429

00:46:20.517 [AsyncHttpClient-1-18] DEBUG org.asynchttpclient.netty.channel.ChannelManager - Adding key: http://localhost:49620 for channel [id: 0xc34d4542, L:/127.0.0.1:49626 - R:localhost/127.0.0.1:49620]
00:46:20.518 [AsyncHttpClient-1-19] DEBUG org.asynchttpclient.netty.channel.NettyConnectListener - Using new Channel '[id: 0x0139ebcf, L:/127.0.0.1:49627 - R:localhost/127.0.0.1:49620]' for 'GET' to '/devtools/browser/98fe7a5e-f27b-4dea-a604-b0e1a81cd38c'
00:46:20.522 [AsyncHttpClient-1-19] DEBUG org.asynchttpclient.netty.handler.WebSocketHandler - 

Request DefaultFullHttpRequest(decodeResult: success, version: HTTP/1.1, content: EmptyByteBufBE)
GET /devtools/browser/98fe7a5e-f27b-4dea-a604-b0e1a81cd38c HTTP/1.1
upgrade: websocket
connection: upgrade
sec-websocket-key: xF4AtpbiSAYTcDrisCRHfg==
sec-websocket-version: 13
origin: http://localhost:49620
host: localhost:49620
accept: */*
user-agent: AHC/2.1

Response DefaultHttpResponse(decodeResult: success, version: HTTP/1.1)
HTTP/1.1 101 WebSocket Protocol Handshake
Upgrade: WebSocket
Connection: Upgrade
Sec-WebSocket-Accept: CkwqYa9sTVVR6o4szURolkcEmn4=

00:46:20.524 [Forwarding setCurrentWindowSize on session 299b752a33cedd7f48a2d95593e8cd92 to remote] DEBUG org.asynchttpclient.netty.request.NettyRequestSender - Using pooled Channel '[id: 0xfaa7b9f6, L:/127.0.0.1:49619 - R:localhost/127.0.0.1:64781]' for 'POST' to 'http://localhost:64781/session/299b752a33cedd7f48a2d95593e8cd92/window/rect'
00:46:20.524 [Forwarding setCurrentWindowSize on session 299b752a33cedd7f48a2d95593e8cd92 to remote] DEBUG org.asynchttpclient.netty.request.NettyRequestSender - Using open Channel [id: 0xfaa7b9f6, L:/127.0.0.1:49619 - R:localhost/127.0.0.1:64781] for POST '/session/299b752a33cedd7f48a2d95593e8cd92/window/rect'
00:46:20.643 [AsyncHttpClient-1-17] DEBUG org.asynchttpclient.netty.handler.HttpHandler - 

Request DefaultHttpRequest(decodeResult: success, version: HTTP/1.1)
POST /session/299b752a33cedd7f48a2d95593e8cd92/window/rect HTTP/1.1
User-Agent: selenium/4.1.2 (java windows)
Content-Length: 37
Content-Type: application/json; charset=utf-8
host: localhost:64781
accept: */*

Response DefaultHttpResponse(decodeResult: success, version: HTTP/1.1)
HTTP/1.1 200 OK
Content-Type: application/json; charset=utf-8
cache-control: no-cache
content-length: 52

00:46:20.643 [AsyncHttpClient-1-17] DEBUG org.asynchttpclient.netty.channel.ChannelManager - Adding key: http://localhost:64781 for channel [id: 0xfaa7b9f6, L:/127.0.0.1:49619 - R:localhost/127.0.0.1:64781]
00:46:20.644 [Forwarding setWindowPosition on session 299b752a33cedd7f48a2d95593e8cd92 to remote] DEBUG org.asynchttpclient.netty.request.NettyRequestSender - Using pooled Channel '[id: 0xfaa7b9f6, L:/127.0.0.1:49619 - R:localhost/127.0.0.1:64781]' for 'POST' to 'http://localhost:64781/session/299b752a33cedd7f48a2d95593e8cd92/window/rect'
00:46:20.644 [Forwarding setWindowPosition on session 299b752a33cedd7f48a2d95593e8cd92 to remote] DEBUG org.asynchttpclient.netty.request.NettyRequestSender - Using open Channel [id: 0xfaa7b9f6, L:/127.0.0.1:49619 - R:localhost/127.0.0.1:64781] for POST '/session/299b752a33cedd7f48a2d95593e8cd92/window/rect'
00:46:20.755 [AsyncHttpClient-1-17] DEBUG org.asynchttpclient.netty.handler.HttpHandler - 

Request DefaultHttpRequest(decodeResult: success, version: HTTP/1.1)
POST /session/299b752a33cedd7f48a2d95593e8cd92/window/rect HTTP/1.1
User-Agent: selenium/4.1.2 (java windows)
Content-Length: 22
Content-Type: application/json; charset=utf-8
host: localhost:64781
accept: */*

Response DefaultHttpResponse(decodeResult: success, version: HTTP/1.1)
HTTP/1.1 200 OK
Content-Type: application/json; charset=utf-8
cache-control: no-cache
content-length: 50

00:46:20.755 [AsyncHttpClient-1-17] DEBUG org.asynchttpclient.netty.channel.ChannelManager - Adding key: http://localhost:64781 for channel [id: 0xfaa7b9f6, L:/127.0.0.1:49619 - R:localhost/127.0.0.1:64781]
00:46:20.758 [Forwarding get on session 299b752a33cedd7f48a2d95593e8cd92 to remote] DEBUG org.asynchttpclient.netty.request.NettyRequestSender - Using pooled Channel '[id: 0xfaa7b9f6, L:/127.0.0.1:49619 - R:localhost/127.0.0.1:64781]' for 'POST' to 'http://localhost:64781/session/299b752a33cedd7f48a2d95593e8cd92/url'
00:46:20.758 [Forwarding get on session 299b752a33cedd7f48a2d95593e8cd92 to remote] DEBUG org.asynchttpclient.netty.request.NettyRequestSender - Using open Channel [id: 0xfaa7b9f6, L:/127.0.0.1:49619 - R:localhost/127.0.0.1:64781] for POST '/session/299b752a33cedd7f48a2d95593e8cd92/url'
00:46:21.286 [AsyncHttpClient-1-1] DEBUG org.asynchttpclient.netty.channel.DefaultChannelPool - Entry count for : http://localhost:49620 : 1
00:46:22.386 [AsyncHttpClient-1-1] DEBUG org.asynchttpclient.netty.channel.DefaultChannelPool - Entry count for : http://localhost:49620 : 1
00:46:22.448 [AsyncHttpClient-1-17] DEBUG org.asynchttpclient.netty.handler.HttpHandler - 

Request DefaultHttpRequest(decodeResult: success, version: HTTP/1.1)
POST /session/299b752a33cedd7f48a2d95593e8cd92/url HTTP/1.1
User-Agent: selenium/4.1.2 (java windows)
Content-Length: 59
Content-Type: application/json; charset=utf-8
host: localhost:64781
accept: */*

Response DefaultHttpResponse(decodeResult: success, version: HTTP/1.1)
HTTP/1.1 200 OK
Content-Type: application/json; charset=utf-8
cache-control: no-cache
content-length: 14

00:46:22.448 [AsyncHttpClient-1-17] DEBUG org.asynchttpclient.netty.channel.ChannelManager - Adding key: http://localhost:64781 for channel [id: 0xfaa7b9f6, L:/127.0.0.1:49619 - R:localhost/127.0.0.1:64781]
00:46:22.449 [Forwarding setTimeout on session 299b752a33cedd7f48a2d95593e8cd92 to remote] DEBUG org.asynchttpclient.netty.request.NettyRequestSender - Using pooled Channel '[id: 0xfaa7b9f6, L:/127.0.0.1:49619 - R:localhost/127.0.0.1:64781]' for 'POST' to 'http://localhost:64781/session/299b752a33cedd7f48a2d95593e8cd92/timeouts'
00:46:22.449 [Forwarding setTimeout on session 299b752a33cedd7f48a2d95593e8cd92 to remote] DEBUG org.asynchttpclient.netty.request.NettyRequestSender - Using open Channel [id: 0xfaa7b9f6, L:/127.0.0.1:49619 - R:localhost/127.0.0.1:64781] for POST '/session/299b752a33cedd7f48a2d95593e8cd92/timeouts'
00:46:22.449 [AsyncHttpClient-1-17] DEBUG org.asynchttpclient.netty.handler.HttpHandler - 

Request DefaultHttpRequest(decodeResult: success, version: HTTP/1.1)
POST /session/299b752a33cedd7f48a2d95593e8cd92/timeouts HTTP/1.1
User-Agent: selenium/4.1.2 (java windows)
Content-Length: 22
Content-Type: application/json; charset=utf-8
host: localhost:64781
accept: */*

Response DefaultHttpResponse(decodeResult: success, version: HTTP/1.1)
HTTP/1.1 200 OK
Content-Type: application/json; charset=utf-8
cache-control: no-cache
content-length: 14

00:46:22.449 [AsyncHttpClient-1-17] DEBUG org.asynchttpclient.netty.channel.ChannelManager - Adding key: http://localhost:64781 for channel [id: 0xfaa7b9f6, L:/127.0.0.1:49619 - R:localhost/127.0.0.1:64781]
00:46:22.451 [Forwarding getCurrentUrl on session 299b752a33cedd7f48a2d95593e8cd92 to remote] DEBUG org.asynchttpclient.netty.request.NettyRequestSender - Using pooled Channel '[id: 0xfaa7b9f6, L:/127.0.0.1:49619 - R:localhost/127.0.0.1:64781]' for 'GET' to 'http://localhost:64781/session/299b752a33cedd7f48a2d95593e8cd92/url'
00:46:22.451 [Forwarding getCurrentUrl on session 299b752a33cedd7f48a2d95593e8cd92 to remote] DEBUG org.asynchttpclient.netty.request.NettyRequestSender - Using open Channel [id: 0xfaa7b9f6, L:/127.0.0.1:49619 - R:localhost/127.0.0.1:64781] for GET '/session/299b752a33cedd7f48a2d95593e8cd92/url'
00:46:22.453 [AsyncHttpClient-1-17] DEBUG org.asynchttpclient.netty.handler.HttpHandler - 

Request DefaultFullHttpRequest(decodeResult: success, version: HTTP/1.1, content: EmptyByteBufBE)
GET /session/299b752a33cedd7f48a2d95593e8cd92/url HTTP/1.1
User-Agent: selenium/4.1.2 (java windows)
Cache-Control: no-cache
Content-Type: application/json; charset=utf-8
host: localhost:64781
accept: */*

Response DefaultHttpResponse(decodeResult: success, version: HTTP/1.1)
HTTP/1.1 200 OK
Content-Type: application/json; charset=utf-8
cache-control: no-cache
content-length: 46

00:46:22.453 [AsyncHttpClient-1-17] DEBUG org.asynchttpclient.netty.channel.ChannelManager - Adding key: http://localhost:64781 for channel [id: 0xfaa7b9f6, L:/127.0.0.1:49619 - R:localhost/127.0.0.1:64781]
00:46:22.454 [Forwarding getCurrentUrl on session 299b752a33cedd7f48a2d95593e8cd92 to remote] DEBUG org.asynchttpclient.netty.request.NettyRequestSender - Using pooled Channel '[id: 0xfaa7b9f6, L:/127.0.0.1:49619 - R:localhost/127.0.0.1:64781]' for 'GET' to 'http://localhost:64781/session/299b752a33cedd7f48a2d95593e8cd92/url'
00:46:22.454 [Forwarding getCurrentUrl on session 299b752a33cedd7f48a2d95593e8cd92 to remote] DEBUG org.asynchttpclient.netty.request.NettyRequestSender - Using open Channel [id: 0xfaa7b9f6, L:/127.0.0.1:49619 - R:localhost/127.0.0.1:64781] for GET '/session/299b752a33cedd7f48a2d95593e8cd92/url'
00:46:22.473 [AsyncHttpClient-1-17] DEBUG org.asynchttpclient.netty.handler.HttpHandler - 

Request DefaultFullHttpRequest(decodeResult: success, version: HTTP/1.1, content: EmptyByteBufBE)
GET /session/299b752a33cedd7f48a2d95593e8cd92/url HTTP/1.1
User-Agent: selenium/4.1.2 (java windows)
Cache-Control: no-cache
Content-Type: application/json; charset=utf-8
host: localhost:64781
accept: */*

Response DefaultHttpResponse(decodeResult: success, version: HTTP/1.1)
HTTP/1.1 200 OK
Content-Type: application/json; charset=utf-8
cache-control: no-cache
content-length: 46

00:46:22.473 [AsyncHttpClient-1-17] DEBUG org.asynchttpclient.netty.channel.ChannelManager - Adding key: http://localhost:64781 for channel [id: 0xfaa7b9f6, L:/127.0.0.1:49619 - R:localhost/127.0.0.1:64781]
00:46:22.477 [Forwarding screenshot on session 299b752a33cedd7f48a2d95593e8cd92 to remote] DEBUG org.asynchttpclient.netty.request.NettyRequestSender - Using pooled Channel '[id: 0xfaa7b9f6, L:/127.0.0.1:49619 - R:localhost/127.0.0.1:64781]' for 'GET' to 'http://localhost:64781/session/299b752a33cedd7f48a2d95593e8cd92/screenshot'
00:46:22.477 [Forwarding screenshot on session 299b752a33cedd7f48a2d95593e8cd92 to remote] DEBUG org.asynchttpclient.netty.request.NettyRequestSender - Using open Channel [id: 0xfaa7b9f6, L:/127.0.0.1:49619 - R:localhost/127.0.0.1:64781] for GET '/session/299b752a33cedd7f48a2d95593e8cd92/screenshot'
00:46:22.779 [AsyncHttpClient-1-17] DEBUG org.asynchttpclient.netty.handler.HttpHandler - 

Request DefaultFullHttpRequest(decodeResult: success, version: HTTP/1.1, content: EmptyByteBufBE)
GET /session/299b752a33cedd7f48a2d95593e8cd92/screenshot HTTP/1.1
User-Agent: selenium/4.1.2 (java windows)
Cache-Control: no-cache
Content-Type: application/json; charset=utf-8
host: localhost:64781
accept: */*

Response DefaultHttpResponse(decodeResult: success, version: HTTP/1.1)
HTTP/1.1 200 OK
Content-Type: application/json; charset=utf-8
cache-control: no-cache
content-length: 575004

00:46:22.780 [AsyncHttpClient-1-17] DEBUG org.asynchttpclient.netty.channel.ChannelManager - Adding key: http://localhost:64781 for channel [id: 0xfaa7b9f6, L:/127.0.0.1:49619 - R:localhost/127.0.0.1:64781]
00:46:22.789 [main] DEBUG net.serenitybdd.core.photography.Darkroom - Send negative for processing for target\site\serenity\bdfb3257a55b5f729af578dfc1dc3a5762c89839bea5dc19984e34dd6640fee1.png
00:46:22.789 [main] DEBUG net.thucydides.core.steps.StepInterceptor - STEP DONE: openPage
00:46:22.792 [main] DEBUG net.thucydides.core.steps.StepInterceptor - STARTING STEP: LoginSteps.adminOnLoginPage - validateonLoginPage
00:46:22.793 [Forwarding findElement on session 299b752a33cedd7f48a2d95593e8cd92 to remote] DEBUG org.asynchttpclient.netty.request.NettyRequestSender - Using pooled Channel '[id: 0xfaa7b9f6, L:/127.0.0.1:49619 - R:localhost/127.0.0.1:64781]' for 'POST' to 'http://localhost:64781/session/299b752a33cedd7f48a2d95593e8cd92/element'
00:46:22.793 [Forwarding findElement on session 299b752a33cedd7f48a2d95593e8cd92 to remote] DEBUG org.asynchttpclient.netty.request.NettyRequestSender - Using open Channel [id: 0xfaa7b9f6, L:/127.0.0.1:49619 - R:localhost/127.0.0.1:64781] for POST '/session/299b752a33cedd7f48a2d95593e8cd92/element'
00:46:22.800 [AsyncHttpClient-1-17] DEBUG org.asynchttpclient.netty.handler.HttpHandler - 

Request DefaultHttpRequest(decodeResult: success, version: HTTP/1.1)
POST /session/299b752a33cedd7f48a2d95593e8cd92/element HTTP/1.1
User-Agent: selenium/4.1.2 (java windows)
Content-Length: 71
Content-Type: application/json; charset=utf-8
host: localhost:64781
accept: */*

Response DefaultHttpResponse(decodeResult: success, version: HTTP/1.1)
HTTP/1.1 200 OK
Content-Type: application/json; charset=utf-8
cache-control: no-cache
content-length: 88

00:46:22.800 [AsyncHttpClient-1-17] DEBUG org.asynchttpclient.netty.channel.ChannelManager - Adding key: http://localhost:64781 for channel [id: 0xfaa7b9f6, L:/127.0.0.1:49619 - R:localhost/127.0.0.1:64781]
00:46:22.802 [Forwarding isElementDisplayed on session 299b752a33cedd7f48a2d95593e8cd92 to remote] DEBUG org.asynchttpclient.netty.request.NettyRequestSender - Using pooled Channel '[id: 0xfaa7b9f6, L:/127.0.0.1:49619 - R:localhost/127.0.0.1:64781]' for 'POST' to 'http://localhost:64781/session/299b752a33cedd7f48a2d95593e8cd92/execute/sync'
00:46:22.802 [Forwarding isElementDisplayed on session 299b752a33cedd7f48a2d95593e8cd92 to remote] DEBUG org.asynchttpclient.netty.request.NettyRequestSender - Using open Channel [id: 0xfaa7b9f6, L:/127.0.0.1:49619 - R:localhost/127.0.0.1:64781] for POST '/session/299b752a33cedd7f48a2d95593e8cd92/execute/sync'
00:46:22.810 [AsyncHttpClient-1-17] DEBUG org.asynchttpclient.netty.handler.HttpHandler - 

Request DefaultHttpRequest(decodeResult: success, version: HTTP/1.1)
POST /session/299b752a33cedd7f48a2d95593e8cd92/execute/sync HTTP/1.1
User-Agent: selenium/4.1.2 (java windows)
Content-Length: 48780
Content-Type: application/json; charset=utf-8
host: localhost:64781
accept: */*

Response DefaultHttpResponse(decodeResult: success, version: HTTP/1.1)
HTTP/1.1 200 OK
Content-Type: application/json; charset=utf-8
cache-control: no-cache
content-length: 14

00:46:22.810 [AsyncHttpClient-1-17] DEBUG org.asynchttpclient.netty.channel.ChannelManager - Adding key: http://localhost:64781 for channel [id: 0xfaa7b9f6, L:/127.0.0.1:49619 - R:localhost/127.0.0.1:64781]
00:46:22.813 [main] DEBUG net.thucydides.core.steps.StepInterceptor - STEP DONE: validateonLoginPage
  &amp#27;[32mGiven &amp#27;[0m&amp#27;[32madmin on login page&amp#27;[0m             &amp#27;[90m# starter.definitions.LoginSteps.adminOnLoginPage()&amp#27;[0m
00:46:22.820 [main] DEBUG net.thucydides.core.steps.StepInterceptor - STARTING STEP: LoginSteps.adminInputValidUssername - inputusername
00:46:22.822 [Forwarding findElement on session 299b752a33cedd7f48a2d95593e8cd92 to remote] DEBUG org.asynchttpclient.netty.request.NettyRequestSender - Using pooled Channel '[id: 0xfaa7b9f6, L:/127.0.0.1:49619 - R:localhost/127.0.0.1:64781]' for 'POST' to 'http://localhost:64781/session/299b752a33cedd7f48a2d95593e8cd92/element'
00:46:22.822 [Forwarding findElement on session 299b752a33cedd7f48a2d95593e8cd92 to remote] DEBUG org.asynchttpclient.netty.request.NettyRequestSender - Using open Channel [id: 0xfaa7b9f6, L:/127.0.0.1:49619 - R:localhost/127.0.0.1:64781] for POST '/session/299b752a33cedd7f48a2d95593e8cd92/element'
00:46:22.828 [AsyncHttpClient-1-17] DEBUG org.asynchttpclient.netty.handler.HttpHandler - 

Request DefaultHttpRequest(decodeResult: success, version: HTTP/1.1)
POST /session/299b752a33cedd7f48a2d95593e8cd92/element HTTP/1.1
User-Agent: selenium/4.1.2 (java windows)
Content-Length: 92
Content-Type: application/json; charset=utf-8
host: localhost:64781
accept: */*

Response DefaultHttpResponse(decodeResult: success, version: HTTP/1.1)
HTTP/1.1 200 OK
Content-Type: application/json; charset=utf-8
cache-control: no-cache
content-length: 88

00:46:22.828 [AsyncHttpClient-1-17] DEBUG org.asynchttpclient.netty.channel.ChannelManager - Adding key: http://localhost:64781 for channel [id: 0xfaa7b9f6, L:/127.0.0.1:49619 - R:localhost/127.0.0.1:64781]
00:46:22.829 [Forwarding clearElement on session 299b752a33cedd7f48a2d95593e8cd92 to remote] DEBUG org.asynchttpclient.netty.request.NettyRequestSender - Using pooled Channel '[id: 0xfaa7b9f6, L:/127.0.0.1:49619 - R:localhost/127.0.0.1:64781]' for 'POST' to 'http://localhost:64781/session/299b752a33cedd7f48a2d95593e8cd92/element/a4e32cef-6f89-433a-83fa-cb72e25ec5bc/clear'
00:46:22.829 [Forwarding clearElement on session 299b752a33cedd7f48a2d95593e8cd92 to remote] DEBUG org.asynchttpclient.netty.request.NettyRequestSender - Using open Channel [id: 0xfaa7b9f6, L:/127.0.0.1:49619 - R:localhost/127.0.0.1:64781] for POST '/session/299b752a33cedd7f48a2d95593e8cd92/element/a4e32cef-6f89-433a-83fa-cb72e25ec5bc/clear'
00:46:22.847 [AsyncHttpClient-1-17] DEBUG org.asynchttpclient.netty.handler.HttpHandler - 

Request DefaultHttpRequest(decodeResult: success, version: HTTP/1.1)
POST /session/299b752a33cedd7f48a2d95593e8cd92/element/a4e32cef-6f89-433a-83fa-cb72e25ec5bc/clear HTTP/1.1
User-Agent: selenium/4.1.2 (java windows)
Content-Length: 50
Content-Type: application/json; charset=utf-8
host: localhost:64781
accept: */*

Response DefaultHttpResponse(decodeResult: success, version: HTTP/1.1)
HTTP/1.1 200 OK
Content-Type: application/json; charset=utf-8
cache-control: no-cache
content-length: 14

00:46:22.847 [AsyncHttpClient-1-17] DEBUG org.asynchttpclient.netty.channel.ChannelManager - Adding key: http://localhost:64781 for channel [id: 0xfaa7b9f6, L:/127.0.0.1:49619 - R:localhost/127.0.0.1:64781]
00:46:22.848 [Forwarding sendKeysToElement on session 299b752a33cedd7f48a2d95593e8cd92 to remote] DEBUG org.asynchttpclient.netty.request.NettyRequestSender - Using pooled Channel '[id: 0xfaa7b9f6, L:/127.0.0.1:49619 - R:localhost/127.0.0.1:64781]' for 'POST' to 'http://localhost:64781/session/299b752a33cedd7f48a2d95593e8cd92/element/a4e32cef-6f89-433a-83fa-cb72e25ec5bc/value'
00:46:22.848 [Forwarding sendKeysToElement on session 299b752a33cedd7f48a2d95593e8cd92 to remote] DEBUG org.asynchttpclient.netty.request.NettyRequestSender - Using open Channel [id: 0xfaa7b9f6, L:/127.0.0.1:49619 - R:localhost/127.0.0.1:64781] for POST '/session/299b752a33cedd7f48a2d95593e8cd92/element/a4e32cef-6f89-433a-83fa-cb72e25ec5bc/value'
00:46:22.880 [AsyncHttpClient-1-17] DEBUG org.asynchttpclient.netty.handler.HttpHandler - 

Request DefaultHttpRequest(decodeResult: success, version: HTTP/1.1)
POST /session/299b752a33cedd7f48a2d95593e8cd92/element/a4e32cef-6f89-433a-83fa-cb72e25ec5bc/value HTTP/1.1
User-Agent: selenium/4.1.2 (java windows)
Content-Length: 151
Content-Type: application/json; charset=utf-8
host: localhost:64781
accept: */*

Response DefaultHttpResponse(decodeResult: success, version: HTTP/1.1)
HTTP/1.1 200 OK
Content-Type: application/json; charset=utf-8
cache-control: no-cache
content-length: 14

00:46:22.880 [AsyncHttpClient-1-17] DEBUG org.asynchttpclient.netty.channel.ChannelManager - Adding key: http://localhost:64781 for channel [id: 0xfaa7b9f6, L:/127.0.0.1:49619 - R:localhost/127.0.0.1:64781]
00:46:22.883 [Forwarding screenshot on session 299b752a33cedd7f48a2d95593e8cd92 to remote] DEBUG org.asynchttpclient.netty.request.NettyRequestSender - Using pooled Channel '[id: 0xfaa7b9f6, L:/127.0.0.1:49619 - R:localhost/127.0.0.1:64781]' for 'GET' to 'http://localhost:64781/session/299b752a33cedd7f48a2d95593e8cd92/screenshot'
00:46:22.883 [Forwarding screenshot on session 299b752a33cedd7f48a2d95593e8cd92 to remote] DEBUG org.asynchttpclient.netty.request.NettyRequestSender - Using open Channel [id: 0xfaa7b9f6, L:/127.0.0.1:49619 - R:localhost/127.0.0.1:64781] for GET '/session/299b752a33cedd7f48a2d95593e8cd92/screenshot'
00:46:23.109 [AsyncHttpClient-1-17] DEBUG org.asynchttpclient.netty.handler.HttpHandler - 

Request DefaultFullHttpRequest(decodeResult: success, version: HTTP/1.1, content: EmptyByteBufBE)
GET /session/299b752a33cedd7f48a2d95593e8cd92/screenshot HTTP/1.1
User-Agent: selenium/4.1.2 (java windows)
Cache-Control: no-cache
Content-Type: application/json; charset=utf-8
host: localhost:64781
accept: */*

Response DefaultHttpResponse(decodeResult: success, version: HTTP/1.1)
HTTP/1.1 200 OK
Content-Type: application/json; charset=utf-8
cache-control: no-cache
content-length: 573184

00:46:23.110 [AsyncHttpClient-1-17] DEBUG org.asynchttpclient.netty.channel.ChannelManager - Adding key: http://localhost:64781 for channel [id: 0xfaa7b9f6, L:/127.0.0.1:49619 - R:localhost/127.0.0.1:64781]
00:46:23.119 [main] DEBUG net.serenitybdd.core.photography.Darkroom - Send negative for processing for target\site\serenity\f77c054aa6a666f419ab49e776fdfb7fc10c7c59289c58aa7b77a3e2461e450a.png
00:46:23.119 [main] DEBUG net.thucydides.core.steps.StepInterceptor - STEP DONE: inputusername
  &amp#27;[32mWhen &amp#27;[0m&amp#27;[32madmin input valid ussername&amp#27;[0m      &amp#27;[90m# starter.definitions.LoginSteps.adminInputValidUssername()&amp#27;[0m
00:46:23.127 [main] DEBUG net.thucydides.core.steps.StepInterceptor - STARTING STEP: LoginSteps.adminInputValidPassword - inputPassword
00:46:23.128 [Forwarding findElement on session 299b752a33cedd7f48a2d95593e8cd92 to remote] DEBUG org.asynchttpclient.netty.request.NettyRequestSender - Using pooled Channel '[id: 0xfaa7b9f6, L:/127.0.0.1:49619 - R:localhost/127.0.0.1:64781]' for 'POST' to 'http://localhost:64781/session/299b752a33cedd7f48a2d95593e8cd92/element'
00:46:23.128 [Forwarding findElement on session 299b752a33cedd7f48a2d95593e8cd92 to remote] DEBUG org.asynchttpclient.netty.request.NettyRequestSender - Using open Channel [id: 0xfaa7b9f6, L:/127.0.0.1:49619 - R:localhost/127.0.0.1:64781] for POST '/session/299b752a33cedd7f48a2d95593e8cd92/element'
00:46:23.134 [AsyncHttpClient-1-17] DEBUG org.asynchttpclient.netty.handler.HttpHandler - 

Request DefaultHttpRequest(decodeResult: success, version: HTTP/1.1)
POST /session/299b752a33cedd7f48a2d95593e8cd92/element HTTP/1.1
User-Agent: selenium/4.1.2 (java windows)
Content-Length: 92
Content-Type: application/json; charset=utf-8
host: localhost:64781
accept: */*

Response DefaultHttpResponse(decodeResult: success, version: HTTP/1.1)
HTTP/1.1 200 OK
Content-Type: application/json; charset=utf-8
cache-control: no-cache
content-length: 88

00:46:23.134 [AsyncHttpClient-1-17] DEBUG org.asynchttpclient.netty.channel.ChannelManager - Adding key: http://localhost:64781 for channel [id: 0xfaa7b9f6, L:/127.0.0.1:49619 - R:localhost/127.0.0.1:64781]
00:46:23.135 [Forwarding clearElement on session 299b752a33cedd7f48a2d95593e8cd92 to remote] DEBUG org.asynchttpclient.netty.request.NettyRequestSender - Using pooled Channel '[id: 0xfaa7b9f6, L:/127.0.0.1:49619 - R:localhost/127.0.0.1:64781]' for 'POST' to 'http://localhost:64781/session/299b752a33cedd7f48a2d95593e8cd92/element/1aa3fedc-bfee-4888-a1d6-69074d1536c5/clear'
00:46:23.135 [Forwarding clearElement on session 299b752a33cedd7f48a2d95593e8cd92 to remote] DEBUG org.asynchttpclient.netty.request.NettyRequestSender - Using open Channel [id: 0xfaa7b9f6, L:/127.0.0.1:49619 - R:localhost/127.0.0.1:64781] for POST '/session/299b752a33cedd7f48a2d95593e8cd92/element/1aa3fedc-bfee-4888-a1d6-69074d1536c5/clear'
00:46:23.151 [AsyncHttpClient-1-17] DEBUG org.asynchttpclient.netty.handler.HttpHandler - 

Request DefaultHttpRequest(decodeResult: success, version: HTTP/1.1)
POST /session/299b752a33cedd7f48a2d95593e8cd92/element/1aa3fedc-bfee-4888-a1d6-69074d1536c5/clear HTTP/1.1
User-Agent: selenium/4.1.2 (java windows)
Content-Length: 50
Content-Type: application/json; charset=utf-8
host: localhost:64781
accept: */*

Response DefaultHttpResponse(decodeResult: success, version: HTTP/1.1)
HTTP/1.1 200 OK
Content-Type: application/json; charset=utf-8
cache-control: no-cache
content-length: 14

00:46:23.151 [AsyncHttpClient-1-17] DEBUG org.asynchttpclient.netty.channel.ChannelManager - Adding key: http://localhost:64781 for channel [id: 0xfaa7b9f6, L:/127.0.0.1:49619 - R:localhost/127.0.0.1:64781]
00:46:23.153 [Forwarding sendKeysToElement on session 299b752a33cedd7f48a2d95593e8cd92 to remote] DEBUG org.asynchttpclient.netty.request.NettyRequestSender - Using pooled Channel '[id: 0xfaa7b9f6, L:/127.0.0.1:49619 - R:localhost/127.0.0.1:64781]' for 'POST' to 'http://localhost:64781/session/299b752a33cedd7f48a2d95593e8cd92/element/1aa3fedc-bfee-4888-a1d6-69074d1536c5/value'
00:46:23.153 [Forwarding sendKeysToElement on session 299b752a33cedd7f48a2d95593e8cd92 to remote] DEBUG org.asynchttpclient.netty.request.NettyRequestSender - Using open Channel [id: 0xfaa7b9f6, L:/127.0.0.1:49619 - R:localhost/127.0.0.1:64781] for POST '/session/299b752a33cedd7f48a2d95593e8cd92/element/1aa3fedc-bfee-4888-a1d6-69074d1536c5/value'
00:46:23.206 [AsyncHttpClient-1-17] DEBUG org.asynchttpclient.netty.handler.HttpHandler - 

Request DefaultHttpRequest(decodeResult: success, version: HTTP/1.1)
POST /session/299b752a33cedd7f48a2d95593e8cd92/element/1aa3fedc-bfee-4888-a1d6-69074d1536c5/value HTTP/1.1
User-Agent: selenium/4.1.2 (java windows)
Content-Length: 291
Content-Type: application/json; charset=utf-8
host: localhost:64781
accept: */*

Response DefaultHttpResponse(decodeResult: success, version: HTTP/1.1)
HTTP/1.1 200 OK
Content-Type: application/json; charset=utf-8
cache-control: no-cache
content-length: 14

00:46:23.206 [AsyncHttpClient-1-17] DEBUG org.asynchttpclient.netty.channel.ChannelManager - Adding key: http://localhost:64781 for channel [id: 0xfaa7b9f6, L:/127.0.0.1:49619 - R:localhost/127.0.0.1:64781]
00:46:23.210 [Forwarding screenshot on session 299b752a33cedd7f48a2d95593e8cd92 to remote] DEBUG org.asynchttpclient.netty.request.NettyRequestSender - Using pooled Channel '[id: 0xfaa7b9f6, L:/127.0.0.1:49619 - R:localhost/127.0.0.1:64781]' for 'GET' to 'http://localhost:64781/session/299b752a33cedd7f48a2d95593e8cd92/screenshot'
00:46:23.210 [Forwarding screenshot on session 299b752a33cedd7f48a2d95593e8cd92 to remote] DEBUG org.asynchttpclient.netty.request.NettyRequestSender - Using open Channel [id: 0xfaa7b9f6, L:/127.0.0.1:49619 - R:localhost/127.0.0.1:64781] for GET '/session/299b752a33cedd7f48a2d95593e8cd92/screenshot'
00:46:23.441 [AsyncHttpClient-1-17] DEBUG org.asynchttpclient.netty.handler.HttpHandler - 

Request DefaultFullHttpRequest(decodeResult: success, version: HTTP/1.1, content: EmptyByteBufBE)
GET /session/299b752a33cedd7f48a2d95593e8cd92/screenshot HTTP/1.1
User-Agent: selenium/4.1.2 (java windows)
Cache-Control: no-cache
Content-Type: application/json; charset=utf-8
host: localhost:64781
accept: */*

Response DefaultHttpResponse(decodeResult: success, version: HTTP/1.1)
HTTP/1.1 200 OK
Content-Type: application/json; charset=utf-8
cache-control: no-cache
content-length: 569460

00:46:23.442 [AsyncHttpClient-1-17] DEBUG org.asynchttpclient.netty.channel.ChannelManager - Adding key: http://localhost:64781 for channel [id: 0xfaa7b9f6, L:/127.0.0.1:49619 - R:localhost/127.0.0.1:64781]
00:46:23.450 [main] DEBUG net.serenitybdd.core.photography.Darkroom - Send negative for processing for target\site\serenity\7121c7966e51ed0bee580053fa8354e56400a63fd65cbfa41529dc1e051e1e6a.png
00:46:23.451 [main] DEBUG net.thucydides.core.steps.StepInterceptor - STEP DONE: inputPassword
  &amp#27;[32mAnd &amp#27;[0m&amp#27;[32madmin input valid password&amp#27;[0m        &amp#27;[90m# starter.definitions.LoginSteps.adminInputValidPassword()&amp#27;[0m
00:46:23.459 [main] DEBUG net.thucydides.core.steps.StepInterceptor - STARTING STEP: LoginSteps.clickLoginButton - clickloginButton
00:46:23.460 [Forwarding findElement on session 299b752a33cedd7f48a2d95593e8cd92 to remote] DEBUG org.asynchttpclient.netty.request.NettyRequestSender - Using pooled Channel '[id: 0xfaa7b9f6, L:/127.0.0.1:49619 - R:localhost/127.0.0.1:64781]' for 'POST' to 'http://localhost:64781/session/299b752a33cedd7f48a2d95593e8cd92/element'
00:46:23.460 [Forwarding findElement on session 299b752a33cedd7f48a2d95593e8cd92 to remote] DEBUG org.asynchttpclient.netty.request.NettyRequestSender - Using open Channel [id: 0xfaa7b9f6, L:/127.0.0.1:49619 - R:localhost/127.0.0.1:64781] for POST '/session/299b752a33cedd7f48a2d95593e8cd92/element'
00:46:23.463 [AsyncHttpClient-1-17] DEBUG org.asynchttpclient.netty.handler.HttpHandler - 

Request DefaultHttpRequest(decodeResult: success, version: HTTP/1.1)
POST /session/299b752a33cedd7f48a2d95593e8cd92/element HTTP/1.1
User-Agent: selenium/4.1.2 (java windows)
Content-Length: 71
Content-Type: application/json; charset=utf-8
host: localhost:64781
accept: */*

Response DefaultHttpResponse(decodeResult: success, version: HTTP/1.1)
HTTP/1.1 200 OK
Content-Type: application/json; charset=utf-8
cache-control: no-cache
content-length: 88

00:46:23.463 [AsyncHttpClient-1-17] DEBUG org.asynchttpclient.netty.channel.ChannelManager - Adding key: http://localhost:64781 for channel [id: 0xfaa7b9f6, L:/127.0.0.1:49619 - R:localhost/127.0.0.1:64781]
00:46:23.464 [Forwarding getElementTagName on session 299b752a33cedd7f48a2d95593e8cd92 to remote] DEBUG org.asynchttpclient.netty.request.NettyRequestSender - Using pooled Channel '[id: 0xfaa7b9f6, L:/127.0.0.1:49619 - R:localhost/127.0.0.1:64781]' for 'GET' to 'http://localhost:64781/session/299b752a33cedd7f48a2d95593e8cd92/element/53759d3c-05d2-4a63-9fce-d59bdd6275a1/name'
00:46:23.464 [Forwarding getElementTagName on session 299b752a33cedd7f48a2d95593e8cd92 to remote] DEBUG org.asynchttpclient.netty.request.NettyRequestSender - Using open Channel [id: 0xfaa7b9f6, L:/127.0.0.1:49619 - R:localhost/127.0.0.1:64781] for GET '/session/299b752a33cedd7f48a2d95593e8cd92/element/53759d3c-05d2-4a63-9fce-d59bdd6275a1/name'
00:46:23.466 [AsyncHttpClient-1-17] DEBUG org.asynchttpclient.netty.handler.HttpHandler - 

Request DefaultFullHttpRequest(decodeResult: success, version: HTTP/1.1, content: EmptyByteBufBE)
GET /session/299b752a33cedd7f48a2d95593e8cd92/element/53759d3c-05d2-4a63-9fce-d59bdd6275a1/name HTTP/1.1
User-Agent: selenium/4.1.2 (java windows)
Cache-Control: no-cache
Content-Type: application/json; charset=utf-8
host: localhost:64781
accept: */*

Response DefaultHttpResponse(decodeResult: success, version: HTTP/1.1)
HTTP/1.1 200 OK
Content-Type: application/json; charset=utf-8
cache-control: no-cache
content-length: 18

00:46:23.466 [AsyncHttpClient-1-17] DEBUG org.asynchttpclient.netty.channel.ChannelManager - Adding key: http://localhost:64781 for channel [id: 0xfaa7b9f6, L:/127.0.0.1:49619 - R:localhost/127.0.0.1:64781]
00:46:23.466 [Forwarding getElementTagName on session 299b752a33cedd7f48a2d95593e8cd92 to remote] DEBUG org.asynchttpclient.netty.request.NettyRequestSender - Using pooled Channel '[id: 0xfaa7b9f6, L:/127.0.0.1:49619 - R:localhost/127.0.0.1:64781]' for 'GET' to 'http://localhost:64781/session/299b752a33cedd7f48a2d95593e8cd92/element/53759d3c-05d2-4a63-9fce-d59bdd6275a1/name'
00:46:23.467 [Forwarding getElementTagName on session 299b752a33cedd7f48a2d95593e8cd92 to remote] DEBUG org.asynchttpclient.netty.request.NettyRequestSender - Using open Channel [id: 0xfaa7b9f6, L:/127.0.0.1:49619 - R:localhost/127.0.0.1:64781] for GET '/session/299b752a33cedd7f48a2d95593e8cd92/element/53759d3c-05d2-4a63-9fce-d59bdd6275a1/name'
00:46:23.468 [AsyncHttpClient-1-17] DEBUG org.asynchttpclient.netty.handler.HttpHandler - 

Request DefaultFullHttpRequest(decodeResult: success, version: HTTP/1.1, content: EmptyByteBufBE)
GET /session/299b752a33cedd7f48a2d95593e8cd92/element/53759d3c-05d2-4a63-9fce-d59bdd6275a1/name HTTP/1.1
User-Agent: selenium/4.1.2 (java windows)
Cache-Control: no-cache
Content-Type: application/json; charset=utf-8
host: localhost:64781
accept: */*

Response DefaultHttpResponse(decodeResult: success, version: HTTP/1.1)
HTTP/1.1 200 OK
Content-Type: application/json; charset=utf-8
cache-control: no-cache
content-length: 18

00:46:23.468 [AsyncHttpClient-1-17] DEBUG org.asynchttpclient.netty.channel.ChannelManager - Adding key: http://localhost:64781 for channel [id: 0xfaa7b9f6, L:/127.0.0.1:49619 - R:localhost/127.0.0.1:64781]
00:46:23.469 [Forwarding isElementEnabled on session 299b752a33cedd7f48a2d95593e8cd92 to remote] DEBUG org.asynchttpclient.netty.request.NettyRequestSender - Using pooled Channel '[id: 0xfaa7b9f6, L:/127.0.0.1:49619 - R:localhost/127.0.0.1:64781]' for 'GET' to 'http://localhost:64781/session/299b752a33cedd7f48a2d95593e8cd92/element/53759d3c-05d2-4a63-9fce-d59bdd6275a1/enabled'
00:46:23.469 [Forwarding isElementEnabled on session 299b752a33cedd7f48a2d95593e8cd92 to remote] DEBUG org.asynchttpclient.netty.request.NettyRequestSender - Using open Channel [id: 0xfaa7b9f6, L:/127.0.0.1:49619 - R:localhost/127.0.0.1:64781] for GET '/session/299b752a33cedd7f48a2d95593e8cd92/element/53759d3c-05d2-4a63-9fce-d59bdd6275a1/enabled'
00:46:23.473 [AsyncHttpClient-1-17] DEBUG org.asynchttpclient.netty.handler.HttpHandler - 

Request DefaultFullHttpRequest(decodeResult: success, version: HTTP/1.1, content: EmptyByteBufBE)
GET /session/299b752a33cedd7f48a2d95593e8cd92/element/53759d3c-05d2-4a63-9fce-d59bdd6275a1/enabled HTTP/1.1
User-Agent: selenium/4.1.2 (java windows)
Cache-Control: no-cache
Content-Type: application/json; charset=utf-8
host: localhost:64781
accept: */*

Response DefaultHttpResponse(decodeResult: success, version: HTTP/1.1)
HTTP/1.1 200 OK
Content-Type: application/json; charset=utf-8
cache-control: no-cache
content-length: 14

00:46:23.473 [AsyncHttpClient-1-17] DEBUG org.asynchttpclient.netty.channel.ChannelManager - Adding key: http://localhost:64781 for channel [id: 0xfaa7b9f6, L:/127.0.0.1:49619 - R:localhost/127.0.0.1:64781]
00:46:23.474 [Forwarding isElementEnabled on session 299b752a33cedd7f48a2d95593e8cd92 to remote] DEBUG org.asynchttpclient.netty.request.NettyRequestSender - Using pooled Channel '[id: 0xfaa7b9f6, L:/127.0.0.1:49619 - R:localhost/127.0.0.1:64781]' for 'GET' to 'http://localhost:64781/session/299b752a33cedd7f48a2d95593e8cd92/element/53759d3c-05d2-4a63-9fce-d59bdd6275a1/enabled'
00:46:23.474 [Forwarding isElementEnabled on session 299b752a33cedd7f48a2d95593e8cd92 to remote] DEBUG org.asynchttpclient.netty.request.NettyRequestSender - Using open Channel [id: 0xfaa7b9f6, L:/127.0.0.1:49619 - R:localhost/127.0.0.1:64781] for GET '/session/299b752a33cedd7f48a2d95593e8cd92/element/53759d3c-05d2-4a63-9fce-d59bdd6275a1/enabled'
00:46:23.476 [AsyncHttpClient-1-17] DEBUG org.asynchttpclient.netty.handler.HttpHandler - 

Request DefaultFullHttpRequest(decodeResult: success, version: HTTP/1.1, content: EmptyByteBufBE)
GET /session/299b752a33cedd7f48a2d95593e8cd92/element/53759d3c-05d2-4a63-9fce-d59bdd6275a1/enabled HTTP/1.1
User-Agent: selenium/4.1.2 (java windows)
Cache-Control: no-cache
Content-Type: application/json; charset=utf-8
host: localhost:64781
accept: */*

Response DefaultHttpResponse(decodeResult: success, version: HTTP/1.1)
HTTP/1.1 200 OK
Content-Type: application/json; charset=utf-8
cache-control: no-cache
content-length: 14

00:46:23.476 [AsyncHttpClient-1-17] DEBUG org.asynchttpclient.netty.channel.ChannelManager - Adding key: http://localhost:64781 for channel [id: 0xfaa7b9f6, L:/127.0.0.1:49619 - R:localhost/127.0.0.1:64781]
00:46:23.477 [Forwarding findElement on session 299b752a33cedd7f48a2d95593e8cd92 to remote] DEBUG org.asynchttpclient.netty.request.NettyRequestSender - Using pooled Channel '[id: 0xfaa7b9f6, L:/127.0.0.1:49619 - R:localhost/127.0.0.1:64781]' for 'POST' to 'http://localhost:64781/session/299b752a33cedd7f48a2d95593e8cd92/element'
00:46:23.477 [Forwarding findElement on session 299b752a33cedd7f48a2d95593e8cd92 to remote] DEBUG org.asynchttpclient.netty.request.NettyRequestSender - Using open Channel [id: 0xfaa7b9f6, L:/127.0.0.1:49619 - R:localhost/127.0.0.1:64781] for POST '/session/299b752a33cedd7f48a2d95593e8cd92/element'
00:46:23.480 [AsyncHttpClient-1-17] DEBUG org.asynchttpclient.netty.handler.HttpHandler - 

Request DefaultHttpRequest(decodeResult: success, version: HTTP/1.1)
POST /session/299b752a33cedd7f48a2d95593e8cd92/element HTTP/1.1
User-Agent: selenium/4.1.2 (java windows)
Content-Length: 71
Content-Type: application/json; charset=utf-8
host: localhost:64781
accept: */*

Response DefaultHttpResponse(decodeResult: success, version: HTTP/1.1)
HTTP/1.1 200 OK
Content-Type: application/json; charset=utf-8
cache-control: no-cache
content-length: 88

00:46:23.480 [AsyncHttpClient-1-17] DEBUG org.asynchttpclient.netty.channel.ChannelManager - Adding key: http://localhost:64781 for channel [id: 0xfaa7b9f6, L:/127.0.0.1:49619 - R:localhost/127.0.0.1:64781]
00:46:23.480 [Forwarding clickElement on session 299b752a33cedd7f48a2d95593e8cd92 to remote] DEBUG org.asynchttpclient.netty.request.NettyRequestSender - Using pooled Channel '[id: 0xfaa7b9f6, L:/127.0.0.1:49619 - R:localhost/127.0.0.1:64781]' for 'POST' to 'http://localhost:64781/session/299b752a33cedd7f48a2d95593e8cd92/element/53759d3c-05d2-4a63-9fce-d59bdd6275a1/click'
00:46:23.480 [Forwarding clickElement on session 299b752a33cedd7f48a2d95593e8cd92 to remote] DEBUG org.asynchttpclient.netty.request.NettyRequestSender - Using open Channel [id: 0xfaa7b9f6, L:/127.0.0.1:49619 - R:localhost/127.0.0.1:64781] for POST '/session/299b752a33cedd7f48a2d95593e8cd92/element/53759d3c-05d2-4a63-9fce-d59bdd6275a1/click'
00:46:23.487 [AsyncHttpClient-1-1] DEBUG org.asynchttpclient.netty.channel.DefaultChannelPool - Entry count for : http://localhost:49620 : 1
00:46:23.503 [AsyncHttpClient-1-17] DEBUG org.asynchttpclient.netty.handler.HttpHandler - 

Request DefaultHttpRequest(decodeResult: success, version: HTTP/1.1)
POST /session/299b752a33cedd7f48a2d95593e8cd92/element/53759d3c-05d2-4a63-9fce-d59bdd6275a1/click HTTP/1.1
User-Agent: selenium/4.1.2 (java windows)
Content-Length: 50
Content-Type: application/json; charset=utf-8
host: localhost:64781
accept: */*

Response DefaultHttpResponse(decodeResult: success, version: HTTP/1.1)
HTTP/1.1 200 OK
Content-Type: application/json; charset=utf-8
cache-control: no-cache
content-length: 14

00:46:23.503 [AsyncHttpClient-1-17] DEBUG org.asynchttpclient.netty.channel.ChannelManager - Adding key: http://localhost:64781 for channel [id: 0xfaa7b9f6, L:/127.0.0.1:49619 - R:localhost/127.0.0.1:64781]
00:46:23.507 [Forwarding screenshot on session 299b752a33cedd7f48a2d95593e8cd92 to remote] DEBUG org.asynchttpclient.netty.request.NettyRequestSender - Using pooled Channel '[id: 0xfaa7b9f6, L:/127.0.0.1:49619 - R:localhost/127.0.0.1:64781]' for 'GET' to 'http://localhost:64781/session/299b752a33cedd7f48a2d95593e8cd92/screenshot'
00:46:23.508 [Forwarding screenshot on session 299b752a33cedd7f48a2d95593e8cd92 to remote] DEBUG org.asynchttpclient.netty.request.NettyRequestSender - Using open Channel [id: 0xfaa7b9f6, L:/127.0.0.1:49619 - R:localhost/127.0.0.1:64781] for GET '/session/299b752a33cedd7f48a2d95593e8cd92/screenshot'
00:46:23.726 [AsyncHttpClient-1-17] DEBUG org.asynchttpclient.netty.handler.HttpHandler - 

Request DefaultFullHttpRequest(decodeResult: success, version: HTTP/1.1, content: EmptyByteBufBE)
GET /session/299b752a33cedd7f48a2d95593e8cd92/screenshot HTTP/1.1
User-Agent: selenium/4.1.2 (java windows)
Cache-Control: no-cache
Content-Type: application/json; charset=utf-8
host: localhost:64781
accept: */*

Response DefaultHttpResponse(decodeResult: success, version: HTTP/1.1)
HTTP/1.1 200 OK
Content-Type: application/json; charset=utf-8
cache-control: no-cache
content-length: 575004

00:46:23.727 [AsyncHttpClient-1-17] DEBUG org.asynchttpclient.netty.channel.ChannelManager - Adding key: http://localhost:64781 for channel [id: 0xfaa7b9f6, L:/127.0.0.1:49619 - R:localhost/127.0.0.1:64781]
00:46:23.736 [main] DEBUG net.serenitybdd.core.photography.Darkroom - Send negative for processing for target\site\serenity\bdfb3257a55b5f729af578dfc1dc3a5762c89839bea5dc19984e34dd6640fee1.png
00:46:23.736 [main] DEBUG net.thucydides.core.steps.StepInterceptor - STEP DONE: clickloginButton
  &amp#27;[32mAnd &amp#27;[0m&amp#27;[32mclick login button&amp#27;[0m                &amp#27;[90m# starter.definitions.LoginSteps.clickLoginButton()&amp#27;[0m
00:46:23.744 [main] DEBUG net.thucydides.core.steps.StepInterceptor - STARTING STEP: LoginSteps.clickSucsessLogin - sucseslogin
00:46:23.745 [Forwarding findElement on session 299b752a33cedd7f48a2d95593e8cd92 to remote] DEBUG org.asynchttpclient.netty.request.NettyRequestSender - Using pooled Channel '[id: 0xfaa7b9f6, L:/127.0.0.1:49619 - R:localhost/127.0.0.1:64781]' for 'POST' to 'http://localhost:64781/session/299b752a33cedd7f48a2d95593e8cd92/element'
00:46:23.745 [Forwarding findElement on session 299b752a33cedd7f48a2d95593e8cd92 to remote] DEBUG org.asynchttpclient.netty.request.NettyRequestSender - Using open Channel [id: 0xfaa7b9f6, L:/127.0.0.1:49619 - R:localhost/127.0.0.1:64781] for POST '/session/299b752a33cedd7f48a2d95593e8cd92/element'
00:46:24.060 [AsyncHttpClient-1-17] DEBUG org.asynchttpclient.netty.handler.HttpHandler - 

Request DefaultHttpRequest(decodeResult: success, version: HTTP/1.1)
POST /session/299b752a33cedd7f48a2d95593e8cd92/element HTTP/1.1
User-Agent: selenium/4.1.2 (java windows)
Content-Length: 79
Content-Type: application/json; charset=utf-8
host: localhost:64781
accept: */*

Response DefaultHttpResponse(decodeResult: success, version: HTTP/1.1)
HTTP/1.1 200 OK
Content-Type: application/json; charset=utf-8
cache-control: no-cache
content-length: 88

00:46:24.060 [AsyncHttpClient-1-17] DEBUG org.asynchttpclient.netty.channel.ChannelManager - Adding key: http://localhost:64781 for channel [id: 0xfaa7b9f6, L:/127.0.0.1:49619 - R:localhost/127.0.0.1:64781]
00:46:24.061 [Forwarding getElementTagName on session 299b752a33cedd7f48a2d95593e8cd92 to remote] DEBUG org.asynchttpclient.netty.request.NettyRequestSender - Using pooled Channel '[id: 0xfaa7b9f6, L:/127.0.0.1:49619 - R:localhost/127.0.0.1:64781]' for 'GET' to 'http://localhost:64781/session/299b752a33cedd7f48a2d95593e8cd92/element/fa8ed41c-d68f-43db-b045-f7b3fedd74af/name'
00:46:24.061 [Forwarding getElementTagName on session 299b752a33cedd7f48a2d95593e8cd92 to remote] DEBUG org.asynchttpclient.netty.request.NettyRequestSender - Using open Channel [id: 0xfaa7b9f6, L:/127.0.0.1:49619 - R:localhost/127.0.0.1:64781] for GET '/session/299b752a33cedd7f48a2d95593e8cd92/element/fa8ed41c-d68f-43db-b045-f7b3fedd74af/name'
00:46:24.063 [AsyncHttpClient-1-17] DEBUG org.asynchttpclient.netty.handler.HttpHandler - 

Request DefaultFullHttpRequest(decodeResult: success, version: HTTP/1.1, content: EmptyByteBufBE)
GET /session/299b752a33cedd7f48a2d95593e8cd92/element/fa8ed41c-d68f-43db-b045-f7b3fedd74af/name HTTP/1.1
User-Agent: selenium/4.1.2 (java windows)
Cache-Control: no-cache
Content-Type: application/json; charset=utf-8
host: localhost:64781
accept: */*

Response DefaultHttpResponse(decodeResult: success, version: HTTP/1.1)
HTTP/1.1 200 OK
Content-Type: application/json; charset=utf-8
cache-control: no-cache
content-length: 18

00:46:24.063 [AsyncHttpClient-1-17] DEBUG org.asynchttpclient.netty.channel.ChannelManager - Adding key: http://localhost:64781 for channel [id: 0xfaa7b9f6, L:/127.0.0.1:49619 - R:localhost/127.0.0.1:64781]
00:46:24.064 [Forwarding getElementTagName on session 299b752a33cedd7f48a2d95593e8cd92 to remote] DEBUG org.asynchttpclient.netty.request.NettyRequestSender - Using pooled Channel '[id: 0xfaa7b9f6, L:/127.0.0.1:49619 - R:localhost/127.0.0.1:64781]' for 'GET' to 'http://localhost:64781/session/299b752a33cedd7f48a2d95593e8cd92/element/fa8ed41c-d68f-43db-b045-f7b3fedd74af/name'
00:46:24.064 [Forwarding getElementTagName on session 299b752a33cedd7f48a2d95593e8cd92 to remote] DEBUG org.asynchttpclient.netty.request.NettyRequestSender - Using open Channel [id: 0xfaa7b9f6, L:/127.0.0.1:49619 - R:localhost/127.0.0.1:64781] for GET '/session/299b752a33cedd7f48a2d95593e8cd92/element/fa8ed41c-d68f-43db-b045-f7b3fedd74af/name'
00:46:24.066 [AsyncHttpClient-1-17] DEBUG org.asynchttpclient.netty.handler.HttpHandler - 

Request DefaultFullHttpRequest(decodeResult: success, version: HTTP/1.1, content: EmptyByteBufBE)
GET /session/299b752a33cedd7f48a2d95593e8cd92/element/fa8ed41c-d68f-43db-b045-f7b3fedd74af/name HTTP/1.1
User-Agent: selenium/4.1.2 (java windows)
Cache-Control: no-cache
Content-Type: application/json; charset=utf-8
host: localhost:64781
accept: */*

Response DefaultHttpResponse(decodeResult: success, version: HTTP/1.1)
HTTP/1.1 200 OK
Content-Type: application/json; charset=utf-8
cache-control: no-cache
content-length: 18

00:46:24.066 [AsyncHttpClient-1-17] DEBUG org.asynchttpclient.netty.channel.ChannelManager - Adding key: http://localhost:64781 for channel [id: 0xfaa7b9f6, L:/127.0.0.1:49619 - R:localhost/127.0.0.1:64781]
00:46:24.067 [Forwarding isElementEnabled on session 299b752a33cedd7f48a2d95593e8cd92 to remote] DEBUG org.asynchttpclient.netty.request.NettyRequestSender - Using pooled Channel '[id: 0xfaa7b9f6, L:/127.0.0.1:49619 - R:localhost/127.0.0.1:64781]' for 'GET' to 'http://localhost:64781/session/299b752a33cedd7f48a2d95593e8cd92/element/fa8ed41c-d68f-43db-b045-f7b3fedd74af/enabled'
00:46:24.067 [Forwarding isElementEnabled on session 299b752a33cedd7f48a2d95593e8cd92 to remote] DEBUG org.asynchttpclient.netty.request.NettyRequestSender - Using open Channel [id: 0xfaa7b9f6, L:/127.0.0.1:49619 - R:localhost/127.0.0.1:64781] for GET '/session/299b752a33cedd7f48a2d95593e8cd92/element/fa8ed41c-d68f-43db-b045-f7b3fedd74af/enabled'
00:46:24.073 [AsyncHttpClient-1-17] DEBUG org.asynchttpclient.netty.handler.HttpHandler - 

Request DefaultFullHttpRequest(decodeResult: success, version: HTTP/1.1, content: EmptyByteBufBE)
GET /session/299b752a33cedd7f48a2d95593e8cd92/element/fa8ed41c-d68f-43db-b045-f7b3fedd74af/enabled HTTP/1.1
User-Agent: selenium/4.1.2 (java windows)
Cache-Control: no-cache
Content-Type: application/json; charset=utf-8
host: localhost:64781
accept: */*

Response DefaultHttpResponse(decodeResult: success, version: HTTP/1.1)
HTTP/1.1 200 OK
Content-Type: application/json; charset=utf-8
cache-control: no-cache
content-length: 14

00:46:24.073 [AsyncHttpClient-1-17] DEBUG org.asynchttpclient.netty.channel.ChannelManager - Adding key: http://localhost:64781 for channel [id: 0xfaa7b9f6, L:/127.0.0.1:49619 - R:localhost/127.0.0.1:64781]
00:46:24.074 [Forwarding isElementEnabled on session 299b752a33cedd7f48a2d95593e8cd92 to remote] DEBUG org.asynchttpclient.netty.request.NettyRequestSender - Using pooled Channel '[id: 0xfaa7b9f6, L:/127.0.0.1:49619 - R:localhost/127.0.0.1:64781]' for 'GET' to 'http://localhost:64781/session/299b752a33cedd7f48a2d95593e8cd92/element/fa8ed41c-d68f-43db-b045-f7b3fedd74af/enabled'
00:46:24.074 [Forwarding isElementEnabled on session 299b752a33cedd7f48a2d95593e8cd92 to remote] DEBUG org.asynchttpclient.netty.request.NettyRequestSender - Using open Channel [id: 0xfaa7b9f6, L:/127.0.0.1:49619 - R:localhost/127.0.0.1:64781] for GET '/session/299b752a33cedd7f48a2d95593e8cd92/element/fa8ed41c-d68f-43db-b045-f7b3fedd74af/enabled'
00:46:24.077 [AsyncHttpClient-1-17] DEBUG org.asynchttpclient.netty.handler.HttpHandler - 

Request DefaultFullHttpRequest(decodeResult: success, version: HTTP/1.1, content: EmptyByteBufBE)
GET /session/299b752a33cedd7f48a2d95593e8cd92/element/fa8ed41c-d68f-43db-b045-f7b3fedd74af/enabled HTTP/1.1
User-Agent: selenium/4.1.2 (java windows)
Cache-Control: no-cache
Content-Type: application/json; charset=utf-8
host: localhost:64781
accept: */*

Response DefaultHttpResponse(decodeResult: success, version: HTTP/1.1)
HTTP/1.1 200 OK
Content-Type: application/json; charset=utf-8
cache-control: no-cache
content-length: 14

00:46:24.077 [AsyncHttpClient-1-17] DEBUG org.asynchttpclient.netty.channel.ChannelManager - Adding key: http://localhost:64781 for channel [id: 0xfaa7b9f6, L:/127.0.0.1:49619 - R:localhost/127.0.0.1:64781]
00:46:24.078 [Forwarding findElement on session 299b752a33cedd7f48a2d95593e8cd92 to remote] DEBUG org.asynchttpclient.netty.request.NettyRequestSender - Using pooled Channel '[id: 0xfaa7b9f6, L:/127.0.0.1:49619 - R:localhost/127.0.0.1:64781]' for 'POST' to 'http://localhost:64781/session/299b752a33cedd7f48a2d95593e8cd92/element'
00:46:24.078 [Forwarding findElement on session 299b752a33cedd7f48a2d95593e8cd92 to remote] DEBUG org.asynchttpclient.netty.request.NettyRequestSender - Using open Channel [id: 0xfaa7b9f6, L:/127.0.0.1:49619 - R:localhost/127.0.0.1:64781] for POST '/session/299b752a33cedd7f48a2d95593e8cd92/element'
00:46:24.082 [AsyncHttpClient-1-17] DEBUG org.asynchttpclient.netty.handler.HttpHandler - 

Request DefaultHttpRequest(decodeResult: success, version: HTTP/1.1)
POST /session/299b752a33cedd7f48a2d95593e8cd92/element HTTP/1.1
User-Agent: selenium/4.1.2 (java windows)
Content-Length: 79
Content-Type: application/json; charset=utf-8
host: localhost:64781
accept: */*

Response DefaultHttpResponse(decodeResult: success, version: HTTP/1.1)
HTTP/1.1 200 OK
Content-Type: application/json; charset=utf-8
cache-control: no-cache
content-length: 88

00:46:24.082 [AsyncHttpClient-1-17] DEBUG org.asynchttpclient.netty.channel.ChannelManager - Adding key: http://localhost:64781 for channel [id: 0xfaa7b9f6, L:/127.0.0.1:49619 - R:localhost/127.0.0.1:64781]
00:46:24.083 [Forwarding clickElement on session 299b752a33cedd7f48a2d95593e8cd92 to remote] DEBUG org.asynchttpclient.netty.request.NettyRequestSender - Using pooled Channel '[id: 0xfaa7b9f6, L:/127.0.0.1:49619 - R:localhost/127.0.0.1:64781]' for 'POST' to 'http://localhost:64781/session/299b752a33cedd7f48a2d95593e8cd92/element/fa8ed41c-d68f-43db-b045-f7b3fedd74af/click'
00:46:24.083 [Forwarding clickElement on session 299b752a33cedd7f48a2d95593e8cd92 to remote] DEBUG org.asynchttpclient.netty.request.NettyRequestSender - Using open Channel [id: 0xfaa7b9f6, L:/127.0.0.1:49619 - R:localhost/127.0.0.1:64781] for POST '/session/299b752a33cedd7f48a2d95593e8cd92/element/fa8ed41c-d68f-43db-b045-f7b3fedd74af/click'
00:46:24.101 [AsyncHttpClient-1-17] DEBUG org.asynchttpclient.netty.handler.HttpHandler - 

Request DefaultHttpRequest(decodeResult: success, version: HTTP/1.1)
POST /session/299b752a33cedd7f48a2d95593e8cd92/element/fa8ed41c-d68f-43db-b045-f7b3fedd74af/click HTTP/1.1
User-Agent: selenium/4.1.2 (java windows)
Content-Length: 50
Content-Type: application/json; charset=utf-8
host: localhost:64781
accept: */*

Response DefaultHttpResponse(decodeResult: success, version: HTTP/1.1)
HTTP/1.1 200 OK
Content-Type: application/json; charset=utf-8
cache-control: no-cache
content-length: 14

00:46:24.101 [AsyncHttpClient-1-17] DEBUG org.asynchttpclient.netty.channel.ChannelManager - Adding key: http://localhost:64781 for channel [id: 0xfaa7b9f6, L:/127.0.0.1:49619 - R:localhost/127.0.0.1:64781]
00:46:24.105 [Forwarding screenshot on session 299b752a33cedd7f48a2d95593e8cd92 to remote] DEBUG org.asynchttpclient.netty.request.NettyRequestSender - Using pooled Channel '[id: 0xfaa7b9f6, L:/127.0.0.1:49619 - R:localhost/127.0.0.1:64781]' for 'GET' to 'http://localhost:64781/session/299b752a33cedd7f48a2d95593e8cd92/screenshot'
00:46:24.105 [Forwarding screenshot on session 299b752a33cedd7f48a2d95593e8cd92 to remote] DEBUG org.asynchttpclient.netty.request.NettyRequestSender - Using open Channel [id: 0xfaa7b9f6, L:/127.0.0.1:49619 - R:localhost/127.0.0.1:64781] for GET '/session/299b752a33cedd7f48a2d95593e8cd92/screenshot'
00:46:24.303 [AsyncHttpClient-1-17] DEBUG org.asynchttpclient.netty.handler.HttpHandler - 

Request DefaultFullHttpRequest(decodeResult: success, version: HTTP/1.1, content: EmptyByteBufBE)
GET /session/299b752a33cedd7f48a2d95593e8cd92/screenshot HTTP/1.1
User-Agent: selenium/4.1.2 (java windows)
Cache-Control: no-cache
Content-Type: application/json; charset=utf-8
host: localhost:64781
accept: */*

Response DefaultHttpResponse(decodeResult: success, version: HTTP/1.1)
HTTP/1.1 200 OK
Content-Type: application/json; charset=utf-8
cache-control: no-cache
content-length: 100332

00:46:24.303 [AsyncHttpClient-1-17] DEBUG org.asynchttpclient.netty.channel.ChannelManager - Adding key: http://localhost:64781 for channel [id: 0xfaa7b9f6, L:/127.0.0.1:49619 - R:localhost/127.0.0.1:64781]
00:46:24.306 [main] DEBUG net.serenitybdd.core.photography.Darkroom - Send negative for processing for target\site\serenity\ffd8a5a130b82d0e03d65141541739ac9a798b397924d566d5ae9821a9bc9100.png
00:46:24.307 [main] DEBUG net.thucydides.core.steps.StepInterceptor - STEP DONE: sucseslogin
  &amp#27;[32mAnd &amp#27;[0m&amp#27;[32mclick sucsess login&amp#27;[0m               &amp#27;[90m# starter.definitions.LoginSteps.clickSucsessLogin()&amp#27;[0m
00:46:24.307 [Darkroom Processing Line] DEBUG net.serenitybdd.core.photography.DarkroomProcessingLine - Processing screenshot image in /var/screenshots/screenshot-606079912337291733
00:46:24.307 [Darkroom Processing Line] DEBUG net.serenitybdd.core.photography.DarkroomProcessingLine - Saving screenshot to target\site\serenity\ffd8a5a130b82d0e03d65141541739ac9a798b397924d566d5ae9821a9bc9100.png
00:46:24.317 [main] DEBUG net.thucydides.core.steps.StepInterceptor - STARTING STEP: ClassSteps.adminClickClassPage - classpage
00:46:24.319 [Forwarding findElement on session 299b752a33cedd7f48a2d95593e8cd92 to remote] DEBUG org.asynchttpclient.netty.request.NettyRequestSender - Using pooled Channel '[id: 0xfaa7b9f6, L:/127.0.0.1:49619 - R:localhost/127.0.0.1:64781]' for 'POST' to 'http://localhost:64781/session/299b752a33cedd7f48a2d95593e8cd92/element'
00:46:24.319 [Forwarding findElement on session 299b752a33cedd7f48a2d95593e8cd92 to remote] DEBUG org.asynchttpclient.netty.request.NettyRequestSender - Using open Channel [id: 0xfaa7b9f6, L:/127.0.0.1:49619 - R:localhost/127.0.0.1:64781] for POST '/session/299b752a33cedd7f48a2d95593e8cd92/element'
00:46:24.593 [AsyncHttpClient-1-1] DEBUG org.asynchttpclient.netty.channel.DefaultChannelPool - Entry count for : http://localhost:49620 : 1
00:46:25.601 [AsyncHttpClient-1-17] DEBUG org.asynchttpclient.netty.handler.HttpHandler - 

Request DefaultHttpRequest(decodeResult: success, version: HTTP/1.1)
POST /session/299b752a33cedd7f48a2d95593e8cd92/element HTTP/1.1
User-Agent: selenium/4.1.2 (java windows)
Content-Length: 71
Content-Type: application/json; charset=utf-8
host: localhost:64781
accept: */*

Response DefaultHttpResponse(decodeResult: success, version: HTTP/1.1)
HTTP/1.1 200 OK
Content-Type: application/json; charset=utf-8
cache-control: no-cache
content-length: 88

00:46:25.601 [AsyncHttpClient-1-17] DEBUG org.asynchttpclient.netty.channel.ChannelManager - Adding key: http://localhost:64781 for channel [id: 0xfaa7b9f6, L:/127.0.0.1:49619 - R:localhost/127.0.0.1:64781]
00:46:25.602 [Forwarding getElementTagName on session 299b752a33cedd7f48a2d95593e8cd92 to remote] DEBUG org.asynchttpclient.netty.request.NettyRequestSender - Using pooled Channel '[id: 0xfaa7b9f6, L:/127.0.0.1:49619 - R:localhost/127.0.0.1:64781]' for 'GET' to 'http://localhost:64781/session/299b752a33cedd7f48a2d95593e8cd92/element/c098d331-a215-47b0-814e-d86cb93ca51b/name'
00:46:25.602 [Forwarding getElementTagName on session 299b752a33cedd7f48a2d95593e8cd92 to remote] DEBUG org.asynchttpclient.netty.request.NettyRequestSender - Using open Channel [id: 0xfaa7b9f6, L:/127.0.0.1:49619 - R:localhost/127.0.0.1:64781] for GET '/session/299b752a33cedd7f48a2d95593e8cd92/element/c098d331-a215-47b0-814e-d86cb93ca51b/name'
00:46:25.604 [AsyncHttpClient-1-17] DEBUG org.asynchttpclient.netty.handler.HttpHandler - 

Request DefaultFullHttpRequest(decodeResult: success, version: HTTP/1.1, content: EmptyByteBufBE)
GET /session/299b752a33cedd7f48a2d95593e8cd92/element/c098d331-a215-47b0-814e-d86cb93ca51b/name HTTP/1.1
User-Agent: selenium/4.1.2 (java windows)
Cache-Control: no-cache
Content-Type: application/json; charset=utf-8
host: localhost:64781
accept: */*

Response DefaultHttpResponse(decodeResult: success, version: HTTP/1.1)
HTTP/1.1 200 OK
Content-Type: application/json; charset=utf-8
cache-control: no-cache
content-length: 13

00:46:25.604 [AsyncHttpClient-1-17] DEBUG org.asynchttpclient.netty.channel.ChannelManager - Adding key: http://localhost:64781 for channel [id: 0xfaa7b9f6, L:/127.0.0.1:49619 - R:localhost/127.0.0.1:64781]
00:46:25.605 [Forwarding getElementTagName on session 299b752a33cedd7f48a2d95593e8cd92 to remote] DEBUG org.asynchttpclient.netty.request.NettyRequestSender - Using pooled Channel '[id: 0xfaa7b9f6, L:/127.0.0.1:49619 - R:localhost/127.0.0.1:64781]' for 'GET' to 'http://localhost:64781/session/299b752a33cedd7f48a2d95593e8cd92/element/c098d331-a215-47b0-814e-d86cb93ca51b/name'
00:46:25.605 [Forwarding getElementTagName on session 299b752a33cedd7f48a2d95593e8cd92 to remote] DEBUG org.asynchttpclient.netty.request.NettyRequestSender - Using open Channel [id: 0xfaa7b9f6, L:/127.0.0.1:49619 - R:localhost/127.0.0.1:64781] for GET '/session/299b752a33cedd7f48a2d95593e8cd92/element/c098d331-a215-47b0-814e-d86cb93ca51b/name'
00:46:25.607 [AsyncHttpClient-1-17] DEBUG org.asynchttpclient.netty.handler.HttpHandler - 

Request DefaultFullHttpRequest(decodeResult: success, version: HTTP/1.1, content: EmptyByteBufBE)
GET /session/299b752a33cedd7f48a2d95593e8cd92/element/c098d331-a215-47b0-814e-d86cb93ca51b/name HTTP/1.1
User-Agent: selenium/4.1.2 (java windows)
Cache-Control: no-cache
Content-Type: application/json; charset=utf-8
host: localhost:64781
accept: */*

Response DefaultHttpResponse(decodeResult: success, version: HTTP/1.1)
HTTP/1.1 200 OK
Content-Type: application/json; charset=utf-8
cache-control: no-cache
content-length: 13

00:46:25.607 [AsyncHttpClient-1-17] DEBUG org.asynchttpclient.netty.channel.ChannelManager - Adding key: http://localhost:64781 for channel [id: 0xfaa7b9f6, L:/127.0.0.1:49619 - R:localhost/127.0.0.1:64781]
00:46:25.608 [Forwarding findElement on session 299b752a33cedd7f48a2d95593e8cd92 to remote] DEBUG org.asynchttpclient.netty.request.NettyRequestSender - Using pooled Channel '[id: 0xfaa7b9f6, L:/127.0.0.1:49619 - R:localhost/127.0.0.1:64781]' for 'POST' to 'http://localhost:64781/session/299b752a33cedd7f48a2d95593e8cd92/element'
00:46:25.608 [Forwarding findElement on session 299b752a33cedd7f48a2d95593e8cd92 to remote] DEBUG org.asynchttpclient.netty.request.NettyRequestSender - Using open Channel [id: 0xfaa7b9f6, L:/127.0.0.1:49619 - R:localhost/127.0.0.1:64781] for POST '/session/299b752a33cedd7f48a2d95593e8cd92/element'
00:46:25.611 [AsyncHttpClient-1-17] DEBUG org.asynchttpclient.netty.handler.HttpHandler - 

Request DefaultHttpRequest(decodeResult: success, version: HTTP/1.1)
POST /session/299b752a33cedd7f48a2d95593e8cd92/element HTTP/1.1
User-Agent: selenium/4.1.2 (java windows)
Content-Length: 71
Content-Type: application/json; charset=utf-8
host: localhost:64781
accept: */*

Response DefaultHttpResponse(decodeResult: success, version: HTTP/1.1)
HTTP/1.1 200 OK
Content-Type: application/json; charset=utf-8
cache-control: no-cache
content-length: 88

00:46:25.611 [AsyncHttpClient-1-17] DEBUG org.asynchttpclient.netty.channel.ChannelManager - Adding key: http://localhost:64781 for channel [id: 0xfaa7b9f6, L:/127.0.0.1:49619 - R:localhost/127.0.0.1:64781]
00:46:25.612 [Forwarding clickElement on session 299b752a33cedd7f48a2d95593e8cd92 to remote] DEBUG org.asynchttpclient.netty.request.NettyRequestSender - Using pooled Channel '[id: 0xfaa7b9f6, L:/127.0.0.1:49619 - R:localhost/127.0.0.1:64781]' for 'POST' to 'http://localhost:64781/session/299b752a33cedd7f48a2d95593e8cd92/element/c098d331-a215-47b0-814e-d86cb93ca51b/click'
00:46:25.612 [Forwarding clickElement on session 299b752a33cedd7f48a2d95593e8cd92 to remote] DEBUG org.asynchttpclient.netty.request.NettyRequestSender - Using open Channel [id: 0xfaa7b9f6, L:/127.0.0.1:49619 - R:localhost/127.0.0.1:64781] for POST '/session/299b752a33cedd7f48a2d95593e8cd92/element/c098d331-a215-47b0-814e-d86cb93ca51b/click'
00:46:25.654 [AsyncHttpClient-1-17] DEBUG org.asynchttpclient.netty.handler.HttpHandler - 

Request DefaultHttpRequest(decodeResult: success, version: HTTP/1.1)
POST /session/299b752a33cedd7f48a2d95593e8cd92/element/c098d331-a215-47b0-814e-d86cb93ca51b/click HTTP/1.1
User-Agent: selenium/4.1.2 (java windows)
Content-Length: 50
Content-Type: application/json; charset=utf-8
host: localhost:64781
accept: */*

Response DefaultHttpResponse(decodeResult: success, version: HTTP/1.1)
HTTP/1.1 200 OK
Content-Type: application/json; charset=utf-8
cache-control: no-cache
content-length: 14

00:46:25.654 [AsyncHttpClient-1-17] DEBUG org.asynchttpclient.netty.channel.ChannelManager - Adding key: http://localhost:64781 for channel [id: 0xfaa7b9f6, L:/127.0.0.1:49619 - R:localhost/127.0.0.1:64781]
00:46:25.658 [Forwarding screenshot on session 299b752a33cedd7f48a2d95593e8cd92 to remote] DEBUG org.asynchttpclient.netty.request.NettyRequestSender - Using pooled Channel '[id: 0xfaa7b9f6, L:/127.0.0.1:49619 - R:localhost/127.0.0.1:64781]' for 'GET' to 'http://localhost:64781/session/299b752a33cedd7f48a2d95593e8cd92/screenshot'
00:46:25.658 [Forwarding screenshot on session 299b752a33cedd7f48a2d95593e8cd92 to remote] DEBUG org.asynchttpclient.netty.request.NettyRequestSender - Using open Channel [id: 0xfaa7b9f6, L:/127.0.0.1:49619 - R:localhost/127.0.0.1:64781] for GET '/session/299b752a33cedd7f48a2d95593e8cd92/screenshot'
00:46:25.692 [AsyncHttpClient-1-1] DEBUG org.asynchttpclient.netty.channel.DefaultChannelPool - Entry count for : http://localhost:49620 : 1
00:46:25.774 [AsyncHttpClient-1-17] DEBUG org.asynchttpclient.netty.handler.HttpHandler - 

Request DefaultFullHttpRequest(decodeResult: success, version: HTTP/1.1, content: EmptyByteBufBE)
GET /session/299b752a33cedd7f48a2d95593e8cd92/screenshot HTTP/1.1
User-Agent: selenium/4.1.2 (java windows)
Cache-Control: no-cache
Content-Type: application/json; charset=utf-8
host: localhost:64781
accept: */*

Response DefaultHttpResponse(decodeResult: success, version: HTTP/1.1)
HTTP/1.1 200 OK
Content-Type: application/json; charset=utf-8
cache-control: no-cache
content-length: 78804

00:46:25.774 [AsyncHttpClient-1-17] DEBUG org.asynchttpclient.netty.channel.ChannelManager - Adding key: http://localhost:64781 for channel [id: 0xfaa7b9f6, L:/127.0.0.1:49619 - R:localhost/127.0.0.1:64781]
00:46:25.776 [main] DEBUG net.serenitybdd.core.photography.Darkroom - Send negative for processing for target\site\serenity\458f77aa10783a5bb2d254aedce4d3434a70283e09deee674540288425184e6a.png
00:46:25.776 [main] DEBUG net.thucydides.core.steps.StepInterceptor - STEP DONE: classpage
  &amp#27;[32mGiven &amp#27;[0m&amp#27;[32madmin click class page&amp#27;[0m          &amp#27;[90m# starter.definitions.ClassSteps.adminClickClassPage()&amp#27;[0m
00:46:25.776 [Darkroom Processing Line] DEBUG net.serenitybdd.core.photography.DarkroomProcessingLine - Processing screenshot image in /var/screenshots/screenshot-11596054614947153270
00:46:25.777 [Darkroom Processing Line] DEBUG net.serenitybdd.core.photography.DarkroomProcessingLine - Saving screenshot to target\site\serenity\458f77aa10783a5bb2d254aedce4d3434a70283e09deee674540288425184e6a.png
00:46:25.785 [main] DEBUG net.thucydides.core.steps.StepInterceptor - STARTING STEP: ClassSteps.adminClickAddNewClass - addnewclass
00:46:25.788 [Forwarding findElement on session 299b752a33cedd7f48a2d95593e8cd92 to remote] DEBUG org.asynchttpclient.netty.request.NettyRequestSender - Using pooled Channel '[id: 0xfaa7b9f6, L:/127.0.0.1:49619 - R:localhost/127.0.0.1:64781]' for 'POST' to 'http://localhost:64781/session/299b752a33cedd7f48a2d95593e8cd92/element'
00:46:25.788 [Forwarding findElement on session 299b752a33cedd7f48a2d95593e8cd92 to remote] DEBUG org.asynchttpclient.netty.request.NettyRequestSender - Using open Channel [id: 0xfaa7b9f6, L:/127.0.0.1:49619 - R:localhost/127.0.0.1:64781] for POST '/session/299b752a33cedd7f48a2d95593e8cd92/element'
00:46:25.795 [AsyncHttpClient-1-17] DEBUG org.asynchttpclient.netty.handler.HttpHandler - 

Request DefaultHttpRequest(decodeResult: success, version: HTTP/1.1)
POST /session/299b752a33cedd7f48a2d95593e8cd92/element HTTP/1.1
User-Agent: selenium/4.1.2 (java windows)
Content-Length: 71
Content-Type: application/json; charset=utf-8
host: localhost:64781
accept: */*

Response DefaultHttpResponse(decodeResult: success, version: HTTP/1.1)
HTTP/1.1 200 OK
Content-Type: application/json; charset=utf-8
cache-control: no-cache
content-length: 88

00:46:25.795 [AsyncHttpClient-1-17] DEBUG org.asynchttpclient.netty.channel.ChannelManager - Adding key: http://localhost:64781 for channel [id: 0xfaa7b9f6, L:/127.0.0.1:49619 - R:localhost/127.0.0.1:64781]
00:46:25.796 [Forwarding getElementTagName on session 299b752a33cedd7f48a2d95593e8cd92 to remote] DEBUG org.asynchttpclient.netty.request.NettyRequestSender - Using pooled Channel '[id: 0xfaa7b9f6, L:/127.0.0.1:49619 - R:localhost/127.0.0.1:64781]' for 'GET' to 'http://localhost:64781/session/299b752a33cedd7f48a2d95593e8cd92/element/4402dec5-38b7-4734-90eb-c766c8a594e6/name'
00:46:25.796 [Forwarding getElementTagName on session 299b752a33cedd7f48a2d95593e8cd92 to remote] DEBUG org.asynchttpclient.netty.request.NettyRequestSender - Using open Channel [id: 0xfaa7b9f6, L:/127.0.0.1:49619 - R:localhost/127.0.0.1:64781] for GET '/session/299b752a33cedd7f48a2d95593e8cd92/element/4402dec5-38b7-4734-90eb-c766c8a594e6/name'
00:46:25.798 [AsyncHttpClient-1-17] DEBUG org.asynchttpclient.netty.handler.HttpHandler - 

Request DefaultFullHttpRequest(decodeResult: success, version: HTTP/1.1, content: EmptyByteBufBE)
GET /session/299b752a33cedd7f48a2d95593e8cd92/element/4402dec5-38b7-4734-90eb-c766c8a594e6/name HTTP/1.1
User-Agent: selenium/4.1.2 (java windows)
Cache-Control: no-cache
Content-Type: application/json; charset=utf-8
host: localhost:64781
accept: */*

Response DefaultHttpResponse(decodeResult: success, version: HTTP/1.1)
HTTP/1.1 200 OK
Content-Type: application/json; charset=utf-8
cache-control: no-cache
content-length: 18

00:46:25.798 [AsyncHttpClient-1-17] DEBUG org.asynchttpclient.netty.channel.ChannelManager - Adding key: http://localhost:64781 for channel [id: 0xfaa7b9f6, L:/127.0.0.1:49619 - R:localhost/127.0.0.1:64781]
00:46:25.799 [Forwarding getElementTagName on session 299b752a33cedd7f48a2d95593e8cd92 to remote] DEBUG org.asynchttpclient.netty.request.NettyRequestSender - Using pooled Channel '[id: 0xfaa7b9f6, L:/127.0.0.1:49619 - R:localhost/127.0.0.1:64781]' for 'GET' to 'http://localhost:64781/session/299b752a33cedd7f48a2d95593e8cd92/element/4402dec5-38b7-4734-90eb-c766c8a594e6/name'
00:46:25.799 [Forwarding getElementTagName on session 299b752a33cedd7f48a2d95593e8cd92 to remote] DEBUG org.asynchttpclient.netty.request.NettyRequestSender - Using open Channel [id: 0xfaa7b9f6, L:/127.0.0.1:49619 - R:localhost/127.0.0.1:64781] for GET '/session/299b752a33cedd7f48a2d95593e8cd92/element/4402dec5-38b7-4734-90eb-c766c8a594e6/name'
00:46:25.801 [AsyncHttpClient-1-17] DEBUG org.asynchttpclient.netty.handler.HttpHandler - 

Request DefaultFullHttpRequest(decodeResult: success, version: HTTP/1.1, content: EmptyByteBufBE)
GET /session/299b752a33cedd7f48a2d95593e8cd92/element/4402dec5-38b7-4734-90eb-c766c8a594e6/name HTTP/1.1
User-Agent: selenium/4.1.2 (java windows)
Cache-Control: no-cache
Content-Type: application/json; charset=utf-8
host: localhost:64781
accept: */*

Response DefaultHttpResponse(decodeResult: success, version: HTTP/1.1)
HTTP/1.1 200 OK
Content-Type: application/json; charset=utf-8
cache-control: no-cache
content-length: 18

00:46:25.802 [AsyncHttpClient-1-17] DEBUG org.asynchttpclient.netty.channel.ChannelManager - Adding key: http://localhost:64781 for channel [id: 0xfaa7b9f6, L:/127.0.0.1:49619 - R:localhost/127.0.0.1:64781]
00:46:25.803 [Forwarding isElementEnabled on session 299b752a33cedd7f48a2d95593e8cd92 to remote] DEBUG org.asynchttpclient.netty.request.NettyRequestSender - Using pooled Channel '[id: 0xfaa7b9f6, L:/127.0.0.1:49619 - R:localhost/127.0.0.1:64781]' for 'GET' to 'http://localhost:64781/session/299b752a33cedd7f48a2d95593e8cd92/element/4402dec5-38b7-4734-90eb-c766c8a594e6/enabled'
00:46:25.803 [Forwarding isElementEnabled on session 299b752a33cedd7f48a2d95593e8cd92 to remote] DEBUG org.asynchttpclient.netty.request.NettyRequestSender - Using open Channel [id: 0xfaa7b9f6, L:/127.0.0.1:49619 - R:localhost/127.0.0.1:64781] for GET '/session/299b752a33cedd7f48a2d95593e8cd92/element/4402dec5-38b7-4734-90eb-c766c8a594e6/enabled'
00:46:25.808 [AsyncHttpClient-1-17] DEBUG org.asynchttpclient.netty.handler.HttpHandler - 

Request DefaultFullHttpRequest(decodeResult: success, version: HTTP/1.1, content: EmptyByteBufBE)
GET /session/299b752a33cedd7f48a2d95593e8cd92/element/4402dec5-38b7-4734-90eb-c766c8a594e6/enabled HTTP/1.1
User-Agent: selenium/4.1.2 (java windows)
Cache-Control: no-cache
Content-Type: application/json; charset=utf-8
host: localhost:64781
accept: */*

Response DefaultHttpResponse(decodeResult: success, version: HTTP/1.1)
HTTP/1.1 200 OK
Content-Type: application/json; charset=utf-8
cache-control: no-cache
content-length: 14

00:46:25.809 [AsyncHttpClient-1-17] DEBUG org.asynchttpclient.netty.channel.ChannelManager - Adding key: http://localhost:64781 for channel [id: 0xfaa7b9f6, L:/127.0.0.1:49619 - R:localhost/127.0.0.1:64781]
00:46:25.810 [Forwarding isElementEnabled on session 299b752a33cedd7f48a2d95593e8cd92 to remote] DEBUG org.asynchttpclient.netty.request.NettyRequestSender - Using pooled Channel '[id: 0xfaa7b9f6, L:/127.0.0.1:49619 - R:localhost/127.0.0.1:64781]' for 'GET' to 'http://localhost:64781/session/299b752a33cedd7f48a2d95593e8cd92/element/4402dec5-38b7-4734-90eb-c766c8a594e6/enabled'
00:46:25.810 [Forwarding isElementEnabled on session 299b752a33cedd7f48a2d95593e8cd92 to remote] DEBUG org.asynchttpclient.netty.request.NettyRequestSender - Using open Channel [id: 0xfaa7b9f6, L:/127.0.0.1:49619 - R:localhost/127.0.0.1:64781] for GET '/session/299b752a33cedd7f48a2d95593e8cd92/element/4402dec5-38b7-4734-90eb-c766c8a594e6/enabled'
00:46:25.813 [AsyncHttpClient-1-17] DEBUG org.asynchttpclient.netty.handler.HttpHandler - 

Request DefaultFullHttpRequest(decodeResult: success, version: HTTP/1.1, content: EmptyByteBufBE)
GET /session/299b752a33cedd7f48a2d95593e8cd92/element/4402dec5-38b7-4734-90eb-c766c8a594e6/enabled HTTP/1.1
User-Agent: selenium/4.1.2 (java windows)
Cache-Control: no-cache
Content-Type: application/json; charset=utf-8
host: localhost:64781
accept: */*

Response DefaultHttpResponse(decodeResult: success, version: HTTP/1.1)
HTTP/1.1 200 OK
Content-Type: application/json; charset=utf-8
cache-control: no-cache
content-length: 14

00:46:25.813 [AsyncHttpClient-1-17] DEBUG org.asynchttpclient.netty.channel.ChannelManager - Adding key: http://localhost:64781 for channel [id: 0xfaa7b9f6, L:/127.0.0.1:49619 - R:localhost/127.0.0.1:64781]
00:46:25.814 [Forwarding findElement on session 299b752a33cedd7f48a2d95593e8cd92 to remote] DEBUG org.asynchttpclient.netty.request.NettyRequestSender - Using pooled Channel '[id: 0xfaa7b9f6, L:/127.0.0.1:49619 - R:localhost/127.0.0.1:64781]' for 'POST' to 'http://localhost:64781/session/299b752a33cedd7f48a2d95593e8cd92/element'
00:46:25.814 [Forwarding findElement on session 299b752a33cedd7f48a2d95593e8cd92 to remote] DEBUG org.asynchttpclient.netty.request.NettyRequestSender - Using open Channel [id: 0xfaa7b9f6, L:/127.0.0.1:49619 - R:localhost/127.0.0.1:64781] for POST '/session/299b752a33cedd7f48a2d95593e8cd92/element'
00:46:25.818 [AsyncHttpClient-1-17] DEBUG org.asynchttpclient.netty.handler.HttpHandler - 

Request DefaultHttpRequest(decodeResult: success, version: HTTP/1.1)
POST /session/299b752a33cedd7f48a2d95593e8cd92/element HTTP/1.1
User-Agent: selenium/4.1.2 (java windows)
Content-Length: 71
Content-Type: application/json; charset=utf-8
host: localhost:64781
accept: */*

Response DefaultHttpResponse(decodeResult: success, version: HTTP/1.1)
HTTP/1.1 200 OK
Content-Type: application/json; charset=utf-8
cache-control: no-cache
content-length: 88

00:46:25.818 [AsyncHttpClient-1-17] DEBUG org.asynchttpclient.netty.channel.ChannelManager - Adding key: http://localhost:64781 for channel [id: 0xfaa7b9f6, L:/127.0.0.1:49619 - R:localhost/127.0.0.1:64781]
00:46:25.819 [Forwarding clickElement on session 299b752a33cedd7f48a2d95593e8cd92 to remote] DEBUG org.asynchttpclient.netty.request.NettyRequestSender - Using pooled Channel '[id: 0xfaa7b9f6, L:/127.0.0.1:49619 - R:localhost/127.0.0.1:64781]' for 'POST' to 'http://localhost:64781/session/299b752a33cedd7f48a2d95593e8cd92/element/4402dec5-38b7-4734-90eb-c766c8a594e6/click'
00:46:25.819 [Forwarding clickElement on session 299b752a33cedd7f48a2d95593e8cd92 to remote] DEBUG org.asynchttpclient.netty.request.NettyRequestSender - Using open Channel [id: 0xfaa7b9f6, L:/127.0.0.1:49619 - R:localhost/127.0.0.1:64781] for POST '/session/299b752a33cedd7f48a2d95593e8cd92/element/4402dec5-38b7-4734-90eb-c766c8a594e6/click'
00:46:25.873 [AsyncHttpClient-1-17] DEBUG org.asynchttpclient.netty.handler.HttpHandler - 

Request DefaultHttpRequest(decodeResult: success, version: HTTP/1.1)
POST /session/299b752a33cedd7f48a2d95593e8cd92/element/4402dec5-38b7-4734-90eb-c766c8a594e6/click HTTP/1.1
User-Agent: selenium/4.1.2 (java windows)
Content-Length: 50
Content-Type: application/json; charset=utf-8
host: localhost:64781
accept: */*

Response DefaultHttpResponse(decodeResult: success, version: HTTP/1.1)
HTTP/1.1 200 OK
Content-Type: application/json; charset=utf-8
cache-control: no-cache
content-length: 14

00:46:25.873 [AsyncHttpClient-1-17] DEBUG org.asynchttpclient.netty.channel.ChannelManager - Adding key: http://localhost:64781 for channel [id: 0xfaa7b9f6, L:/127.0.0.1:49619 - R:localhost/127.0.0.1:64781]
00:46:25.878 [Forwarding screenshot on session 299b752a33cedd7f48a2d95593e8cd92 to remote] DEBUG org.asynchttpclient.netty.request.NettyRequestSender - Using pooled Channel '[id: 0xfaa7b9f6, L:/127.0.0.1:49619 - R:localhost/127.0.0.1:64781]' for 'GET' to 'http://localhost:64781/session/299b752a33cedd7f48a2d95593e8cd92/screenshot'
00:46:25.878 [Forwarding screenshot on session 299b752a33cedd7f48a2d95593e8cd92 to remote] DEBUG org.asynchttpclient.netty.request.NettyRequestSender - Using open Channel [id: 0xfaa7b9f6, L:/127.0.0.1:49619 - R:localhost/127.0.0.1:64781] for GET '/session/299b752a33cedd7f48a2d95593e8cd92/screenshot'
00:46:26.096 [AsyncHttpClient-1-17] DEBUG org.asynchttpclient.netty.handler.HttpHandler - 

Request DefaultFullHttpRequest(decodeResult: success, version: HTTP/1.1, content: EmptyByteBufBE)
GET /session/299b752a33cedd7f48a2d95593e8cd92/screenshot HTTP/1.1
User-Agent: selenium/4.1.2 (java windows)
Cache-Control: no-cache
Content-Type: application/json; charset=utf-8
host: localhost:64781
accept: */*

Response DefaultHttpResponse(decodeResult: success, version: HTTP/1.1)
HTTP/1.1 200 OK
Content-Type: application/json; charset=utf-8
cache-control: no-cache
content-length: 119420

00:46:26.096 [AsyncHttpClient-1-17] DEBUG org.asynchttpclient.netty.channel.ChannelManager - Adding key: http://localhost:64781 for channel [id: 0xfaa7b9f6, L:/127.0.0.1:49619 - R:localhost/127.0.0.1:64781]
00:46:26.098 [main] DEBUG net.serenitybdd.core.photography.Darkroom - Send negative for processing for target\site\serenity\a2e87c44cbed12c95025e4ab6dcef4955f51da8e283da9f8e76389aca3640dfd.png
00:46:26.099 [main] DEBUG net.thucydides.core.steps.StepInterceptor - STEP DONE: addnewclass
  &amp#27;[32mWhen &amp#27;[0m&amp#27;[32madmin click add new class&amp#27;[0m        &amp#27;[90m# starter.definitions.ClassSteps.adminClickAddNewClass()&amp#27;[0m
00:46:26.099 [Darkroom Processing Line] DEBUG net.serenitybdd.core.photography.DarkroomProcessingLine - Processing screenshot image in /var/screenshots/screenshot-8462570238866974302
00:46:26.099 [Darkroom Processing Line] DEBUG net.serenitybdd.core.photography.DarkroomProcessingLine - Saving screenshot to target\site\serenity\a2e87c44cbed12c95025e4ab6dcef4955f51da8e283da9f8e76389aca3640dfd.png
00:46:26.110 [main] DEBUG net.thucydides.core.steps.StepInterceptor - STARTING STEP: ClassSteps.adminFillInAllThatIsOrdered - roomclick
00:46:26.111 [Forwarding findElement on session 299b752a33cedd7f48a2d95593e8cd92 to remote] DEBUG org.asynchttpclient.netty.request.NettyRequestSender - Using pooled Channel '[id: 0xfaa7b9f6, L:/127.0.0.1:49619 - R:localhost/127.0.0.1:64781]' for 'POST' to 'http://localhost:64781/session/299b752a33cedd7f48a2d95593e8cd92/element'
00:46:26.111 [Forwarding findElement on session 299b752a33cedd7f48a2d95593e8cd92 to remote] DEBUG org.asynchttpclient.netty.request.NettyRequestSender - Using open Channel [id: 0xfaa7b9f6, L:/127.0.0.1:49619 - R:localhost/127.0.0.1:64781] for POST '/session/299b752a33cedd7f48a2d95593e8cd92/element'
00:46:26.118 [AsyncHttpClient-1-17] DEBUG org.asynchttpclient.netty.handler.HttpHandler - 

Request DefaultHttpRequest(decodeResult: success, version: HTTP/1.1)
POST /session/299b752a33cedd7f48a2d95593e8cd92/element HTTP/1.1
User-Agent: selenium/4.1.2 (java windows)
Content-Length: 94
Content-Type: application/json; charset=utf-8
host: localhost:64781
accept: */*

Response DefaultHttpResponse(decodeResult: success, version: HTTP/1.1)
HTTP/1.1 200 OK
Content-Type: application/json; charset=utf-8
cache-control: no-cache
content-length: 88

00:46:26.118 [AsyncHttpClient-1-17] DEBUG org.asynchttpclient.netty.channel.ChannelManager - Adding key: http://localhost:64781 for channel [id: 0xfaa7b9f6, L:/127.0.0.1:49619 - R:localhost/127.0.0.1:64781]
00:46:26.119 [Forwarding getElementTagName on session 299b752a33cedd7f48a2d95593e8cd92 to remote] DEBUG org.asynchttpclient.netty.request.NettyRequestSender - Using pooled Channel '[id: 0xfaa7b9f6, L:/127.0.0.1:49619 - R:localhost/127.0.0.1:64781]' for 'GET' to 'http://localhost:64781/session/299b752a33cedd7f48a2d95593e8cd92/element/9732e0b8-db8d-480c-aba2-95c1eca196e2/name'
00:46:26.119 [Forwarding getElementTagName on session 299b752a33cedd7f48a2d95593e8cd92 to remote] DEBUG org.asynchttpclient.netty.request.NettyRequestSender - Using open Channel [id: 0xfaa7b9f6, L:/127.0.0.1:49619 - R:localhost/127.0.0.1:64781] for GET '/session/299b752a33cedd7f48a2d95593e8cd92/element/9732e0b8-db8d-480c-aba2-95c1eca196e2/name'
00:46:26.121 [AsyncHttpClient-1-17] DEBUG org.asynchttpclient.netty.handler.HttpHandler - 

Request DefaultFullHttpRequest(decodeResult: success, version: HTTP/1.1, content: EmptyByteBufBE)
GET /session/299b752a33cedd7f48a2d95593e8cd92/element/9732e0b8-db8d-480c-aba2-95c1eca196e2/name HTTP/1.1
User-Agent: selenium/4.1.2 (java windows)
Cache-Control: no-cache
Content-Type: application/json; charset=utf-8
host: localhost:64781
accept: */*

Response DefaultHttpResponse(decodeResult: success, version: HTTP/1.1)
HTTP/1.1 200 OK
Content-Type: application/json; charset=utf-8
cache-control: no-cache
content-length: 15

00:46:26.121 [AsyncHttpClient-1-17] DEBUG org.asynchttpclient.netty.channel.ChannelManager - Adding key: http://localhost:64781 for channel [id: 0xfaa7b9f6, L:/127.0.0.1:49619 - R:localhost/127.0.0.1:64781]
00:46:26.122 [Forwarding getElementTagName on session 299b752a33cedd7f48a2d95593e8cd92 to remote] DEBUG org.asynchttpclient.netty.request.NettyRequestSender - Using pooled Channel '[id: 0xfaa7b9f6, L:/127.0.0.1:49619 - R:localhost/127.0.0.1:64781]' for 'GET' to 'http://localhost:64781/session/299b752a33cedd7f48a2d95593e8cd92/element/9732e0b8-db8d-480c-aba2-95c1eca196e2/name'
00:46:26.122 [Forwarding getElementTagName on session 299b752a33cedd7f48a2d95593e8cd92 to remote] DEBUG org.asynchttpclient.netty.request.NettyRequestSender - Using open Channel [id: 0xfaa7b9f6, L:/127.0.0.1:49619 - R:localhost/127.0.0.1:64781] for GET '/session/299b752a33cedd7f48a2d95593e8cd92/element/9732e0b8-db8d-480c-aba2-95c1eca196e2/name'
00:46:26.123 [AsyncHttpClient-1-17] DEBUG org.asynchttpclient.netty.handler.HttpHandler - 

Request DefaultFullHttpRequest(decodeResult: success, version: HTTP/1.1, content: EmptyByteBufBE)
GET /session/299b752a33cedd7f48a2d95593e8cd92/element/9732e0b8-db8d-480c-aba2-95c1eca196e2/name HTTP/1.1
User-Agent: selenium/4.1.2 (java windows)
Cache-Control: no-cache
Content-Type: application/json; charset=utf-8
host: localhost:64781
accept: */*

Response DefaultHttpResponse(decodeResult: success, version: HTTP/1.1)
HTTP/1.1 200 OK
Content-Type: application/json; charset=utf-8
cache-control: no-cache
content-length: 15

00:46:26.123 [AsyncHttpClient-1-17] DEBUG org.asynchttpclient.netty.channel.ChannelManager - Adding key: http://localhost:64781 for channel [id: 0xfaa7b9f6, L:/127.0.0.1:49619 - R:localhost/127.0.0.1:64781]
00:46:26.124 [Forwarding findElement on session 299b752a33cedd7f48a2d95593e8cd92 to remote] DEBUG org.asynchttpclient.netty.request.NettyRequestSender - Using pooled Channel '[id: 0xfaa7b9f6, L:/127.0.0.1:49619 - R:localhost/127.0.0.1:64781]' for 'POST' to 'http://localhost:64781/session/299b752a33cedd7f48a2d95593e8cd92/element'
00:46:26.124 [Forwarding findElement on session 299b752a33cedd7f48a2d95593e8cd92 to remote] DEBUG org.asynchttpclient.netty.request.NettyRequestSender - Using open Channel [id: 0xfaa7b9f6, L:/127.0.0.1:49619 - R:localhost/127.0.0.1:64781] for POST '/session/299b752a33cedd7f48a2d95593e8cd92/element'
00:46:26.127 [AsyncHttpClient-1-17] DEBUG org.asynchttpclient.netty.handler.HttpHandler - 

Request DefaultHttpRequest(decodeResult: success, version: HTTP/1.1)
POST /session/299b752a33cedd7f48a2d95593e8cd92/element HTTP/1.1
User-Agent: selenium/4.1.2 (java windows)
Content-Length: 94
Content-Type: application/json; charset=utf-8
host: localhost:64781
accept: */*

Response DefaultHttpResponse(decodeResult: success, version: HTTP/1.1)
HTTP/1.1 200 OK
Content-Type: application/json; charset=utf-8
cache-control: no-cache
content-length: 88

00:46:26.127 [AsyncHttpClient-1-17] DEBUG org.asynchttpclient.netty.channel.ChannelManager - Adding key: http://localhost:64781 for channel [id: 0xfaa7b9f6, L:/127.0.0.1:49619 - R:localhost/127.0.0.1:64781]
00:46:26.128 [Forwarding clickElement on session 299b752a33cedd7f48a2d95593e8cd92 to remote] DEBUG org.asynchttpclient.netty.request.NettyRequestSender - Using pooled Channel '[id: 0xfaa7b9f6, L:/127.0.0.1:49619 - R:localhost/127.0.0.1:64781]' for 'POST' to 'http://localhost:64781/session/299b752a33cedd7f48a2d95593e8cd92/element/9732e0b8-db8d-480c-aba2-95c1eca196e2/click'
00:46:26.128 [Forwarding clickElement on session 299b752a33cedd7f48a2d95593e8cd92 to remote] DEBUG org.asynchttpclient.netty.request.NettyRequestSender - Using open Channel [id: 0xfaa7b9f6, L:/127.0.0.1:49619 - R:localhost/127.0.0.1:64781] for POST '/session/299b752a33cedd7f48a2d95593e8cd92/element/9732e0b8-db8d-480c-aba2-95c1eca196e2/click'
00:46:26.162 [AsyncHttpClient-1-17] DEBUG org.asynchttpclient.netty.handler.HttpHandler - 

Request DefaultHttpRequest(decodeResult: success, version: HTTP/1.1)
POST /session/299b752a33cedd7f48a2d95593e8cd92/element/9732e0b8-db8d-480c-aba2-95c1eca196e2/click HTTP/1.1
User-Agent: selenium/4.1.2 (java windows)
Content-Length: 50
Content-Type: application/json; charset=utf-8
host: localhost:64781
accept: */*

Response DefaultHttpResponse(decodeResult: success, version: HTTP/1.1)
HTTP/1.1 200 OK
Content-Type: application/json; charset=utf-8
cache-control: no-cache
content-length: 14

00:46:26.162 [AsyncHttpClient-1-17] DEBUG org.asynchttpclient.netty.channel.ChannelManager - Adding key: http://localhost:64781 for channel [id: 0xfaa7b9f6, L:/127.0.0.1:49619 - R:localhost/127.0.0.1:64781]
00:46:26.165 [Forwarding screenshot on session 299b752a33cedd7f48a2d95593e8cd92 to remote] DEBUG org.asynchttpclient.netty.request.NettyRequestSender - Using pooled Channel '[id: 0xfaa7b9f6, L:/127.0.0.1:49619 - R:localhost/127.0.0.1:64781]' for 'GET' to 'http://localhost:64781/session/299b752a33cedd7f48a2d95593e8cd92/screenshot'
00:46:26.165 [Forwarding screenshot on session 299b752a33cedd7f48a2d95593e8cd92 to remote] DEBUG org.asynchttpclient.netty.request.NettyRequestSender - Using open Channel [id: 0xfaa7b9f6, L:/127.0.0.1:49619 - R:localhost/127.0.0.1:64781] for GET '/session/299b752a33cedd7f48a2d95593e8cd92/screenshot'
00:46:26.427 [AsyncHttpClient-1-17] DEBUG org.asynchttpclient.netty.handler.HttpHandler - 

Request DefaultFullHttpRequest(decodeResult: success, version: HTTP/1.1, content: EmptyByteBufBE)
GET /session/299b752a33cedd7f48a2d95593e8cd92/screenshot HTTP/1.1
User-Agent: selenium/4.1.2 (java windows)
Cache-Control: no-cache
Content-Type: application/json; charset=utf-8
host: localhost:64781
accept: */*

Response DefaultHttpResponse(decodeResult: success, version: HTTP/1.1)
HTTP/1.1 200 OK
Content-Type: application/json; charset=utf-8
cache-control: no-cache
content-length: 113572

00:46:26.428 [AsyncHttpClient-1-17] DEBUG org.asynchttpclient.netty.channel.ChannelManager - Adding key: http://localhost:64781 for channel [id: 0xfaa7b9f6, L:/127.0.0.1:49619 - R:localhost/127.0.0.1:64781]
00:46:26.430 [main] DEBUG net.serenitybdd.core.photography.Darkroom - Send negative for processing for target\site\serenity\af0825f72bc3cd66560f9b65c065e4df9395328d7cf61f324d0942d9e49e2a9f.png
00:46:26.430 [main] DEBUG net.thucydides.core.steps.StepInterceptor - STEP DONE: roomclick
00:46:26.430 [Darkroom Processing Line] DEBUG net.serenitybdd.core.photography.DarkroomProcessingLine - Processing screenshot image in /var/screenshots/screenshot-10595108347241312116
00:46:26.430 [Darkroom Processing Line] DEBUG net.serenitybdd.core.photography.DarkroomProcessingLine - Saving screenshot to target\site\serenity\af0825f72bc3cd66560f9b65c065e4df9395328d7cf61f324d0942d9e49e2a9f.png
00:46:26.434 [main] DEBUG net.thucydides.core.steps.StepInterceptor - STARTING STEP: ClassSteps.adminFillInAllThatIsOrdered - selectroom
00:46:26.436 [Forwarding findElement on session 299b752a33cedd7f48a2d95593e8cd92 to remote] DEBUG org.asynchttpclient.netty.request.NettyRequestSender - Using pooled Channel '[id: 0xfaa7b9f6, L:/127.0.0.1:49619 - R:localhost/127.0.0.1:64781]' for 'POST' to 'http://localhost:64781/session/299b752a33cedd7f48a2d95593e8cd92/element'
00:46:26.436 [Forwarding findElement on session 299b752a33cedd7f48a2d95593e8cd92 to remote] DEBUG org.asynchttpclient.netty.request.NettyRequestSender - Using open Channel [id: 0xfaa7b9f6, L:/127.0.0.1:49619 - R:localhost/127.0.0.1:64781] for POST '/session/299b752a33cedd7f48a2d95593e8cd92/element'
00:46:26.443 [AsyncHttpClient-1-17] DEBUG org.asynchttpclient.netty.handler.HttpHandler - 

Request DefaultHttpRequest(decodeResult: success, version: HTTP/1.1)
POST /session/299b752a33cedd7f48a2d95593e8cd92/element HTTP/1.1
User-Agent: selenium/4.1.2 (java windows)
Content-Length: 66
Content-Type: application/json; charset=utf-8
host: localhost:64781
accept: */*

Response DefaultHttpResponse(decodeResult: success, version: HTTP/1.1)
HTTP/1.1 200 OK
Content-Type: application/json; charset=utf-8
cache-control: no-cache
content-length: 88

00:46:26.443 [AsyncHttpClient-1-17] DEBUG org.asynchttpclient.netty.channel.ChannelManager - Adding key: http://localhost:64781 for channel [id: 0xfaa7b9f6, L:/127.0.0.1:49619 - R:localhost/127.0.0.1:64781]
00:46:26.444 [Forwarding getElementTagName on session 299b752a33cedd7f48a2d95593e8cd92 to remote] DEBUG org.asynchttpclient.netty.request.NettyRequestSender - Using pooled Channel '[id: 0xfaa7b9f6, L:/127.0.0.1:49619 - R:localhost/127.0.0.1:64781]' for 'GET' to 'http://localhost:64781/session/299b752a33cedd7f48a2d95593e8cd92/element/bb9f5681-7612-4af2-b32d-aaafb760fae0/name'
00:46:26.444 [Forwarding getElementTagName on session 299b752a33cedd7f48a2d95593e8cd92 to remote] DEBUG org.asynchttpclient.netty.request.NettyRequestSender - Using open Channel [id: 0xfaa7b9f6, L:/127.0.0.1:49619 - R:localhost/127.0.0.1:64781] for GET '/session/299b752a33cedd7f48a2d95593e8cd92/element/bb9f5681-7612-4af2-b32d-aaafb760fae0/name'
00:46:26.446 [AsyncHttpClient-1-17] DEBUG org.asynchttpclient.netty.handler.HttpHandler - 

Request DefaultFullHttpRequest(decodeResult: success, version: HTTP/1.1, content: EmptyByteBufBE)
GET /session/299b752a33cedd7f48a2d95593e8cd92/element/bb9f5681-7612-4af2-b32d-aaafb760fae0/name HTTP/1.1
User-Agent: selenium/4.1.2 (java windows)
Cache-Control: no-cache
Content-Type: application/json; charset=utf-8
host: localhost:64781
accept: */*

Response DefaultHttpResponse(decodeResult: success, version: HTTP/1.1)
HTTP/1.1 200 OK
Content-Type: application/json; charset=utf-8
cache-control: no-cache
content-length: 15

00:46:26.446 [AsyncHttpClient-1-17] DEBUG org.asynchttpclient.netty.channel.ChannelManager - Adding key: http://localhost:64781 for channel [id: 0xfaa7b9f6, L:/127.0.0.1:49619 - R:localhost/127.0.0.1:64781]
00:46:26.446 [Forwarding getElementTagName on session 299b752a33cedd7f48a2d95593e8cd92 to remote] DEBUG org.asynchttpclient.netty.request.NettyRequestSender - Using pooled Channel '[id: 0xfaa7b9f6, L:/127.0.0.1:49619 - R:localhost/127.0.0.1:64781]' for 'GET' to 'http://localhost:64781/session/299b752a33cedd7f48a2d95593e8cd92/element/bb9f5681-7612-4af2-b32d-aaafb760fae0/name'
00:46:26.446 [Forwarding getElementTagName on session 299b752a33cedd7f48a2d95593e8cd92 to remote] DEBUG org.asynchttpclient.netty.request.NettyRequestSender - Using open Channel [id: 0xfaa7b9f6, L:/127.0.0.1:49619 - R:localhost/127.0.0.1:64781] for GET '/session/299b752a33cedd7f48a2d95593e8cd92/element/bb9f5681-7612-4af2-b32d-aaafb760fae0/name'
00:46:26.447 [AsyncHttpClient-1-17] DEBUG org.asynchttpclient.netty.handler.HttpHandler - 

Request DefaultFullHttpRequest(decodeResult: success, version: HTTP/1.1, content: EmptyByteBufBE)
GET /session/299b752a33cedd7f48a2d95593e8cd92/element/bb9f5681-7612-4af2-b32d-aaafb760fae0/name HTTP/1.1
User-Agent: selenium/4.1.2 (java windows)
Cache-Control: no-cache
Content-Type: application/json; charset=utf-8
host: localhost:64781
accept: */*

Response DefaultHttpResponse(decodeResult: success, version: HTTP/1.1)
HTTP/1.1 200 OK
Content-Type: application/json; charset=utf-8
cache-control: no-cache
content-length: 15

00:46:26.447 [AsyncHttpClient-1-17] DEBUG org.asynchttpclient.netty.channel.ChannelManager - Adding key: http://localhost:64781 for channel [id: 0xfaa7b9f6, L:/127.0.0.1:49619 - R:localhost/127.0.0.1:64781]
00:46:26.449 [Forwarding findElement on session 299b752a33cedd7f48a2d95593e8cd92 to remote] DEBUG org.asynchttpclient.netty.request.NettyRequestSender - Using pooled Channel '[id: 0xfaa7b9f6, L:/127.0.0.1:49619 - R:localhost/127.0.0.1:64781]' for 'POST' to 'http://localhost:64781/session/299b752a33cedd7f48a2d95593e8cd92/element'
00:46:26.449 [Forwarding findElement on session 299b752a33cedd7f48a2d95593e8cd92 to remote] DEBUG org.asynchttpclient.netty.request.NettyRequestSender - Using open Channel [id: 0xfaa7b9f6, L:/127.0.0.1:49619 - R:localhost/127.0.0.1:64781] for POST '/session/299b752a33cedd7f48a2d95593e8cd92/element'
00:46:26.452 [AsyncHttpClient-1-17] DEBUG org.asynchttpclient.netty.handler.HttpHandler - 

Request DefaultHttpRequest(decodeResult: success, version: HTTP/1.1)
POST /session/299b752a33cedd7f48a2d95593e8cd92/element HTTP/1.1
User-Agent: selenium/4.1.2 (java windows)
Content-Length: 66
Content-Type: application/json; charset=utf-8
host: localhost:64781
accept: */*

Response DefaultHttpResponse(decodeResult: success, version: HTTP/1.1)
HTTP/1.1 200 OK
Content-Type: application/json; charset=utf-8
cache-control: no-cache
content-length: 88

00:46:26.452 [AsyncHttpClient-1-17] DEBUG org.asynchttpclient.netty.channel.ChannelManager - Adding key: http://localhost:64781 for channel [id: 0xfaa7b9f6, L:/127.0.0.1:49619 - R:localhost/127.0.0.1:64781]
00:46:26.452 [Forwarding clickElement on session 299b752a33cedd7f48a2d95593e8cd92 to remote] DEBUG org.asynchttpclient.netty.request.NettyRequestSender - Using pooled Channel '[id: 0xfaa7b9f6, L:/127.0.0.1:49619 - R:localhost/127.0.0.1:64781]' for 'POST' to 'http://localhost:64781/session/299b752a33cedd7f48a2d95593e8cd92/element/bb9f5681-7612-4af2-b32d-aaafb760fae0/click'
00:46:26.452 [Forwarding clickElement on session 299b752a33cedd7f48a2d95593e8cd92 to remote] DEBUG org.asynchttpclient.netty.request.NettyRequestSender - Using open Channel [id: 0xfaa7b9f6, L:/127.0.0.1:49619 - R:localhost/127.0.0.1:64781] for POST '/session/299b752a33cedd7f48a2d95593e8cd92/element/bb9f5681-7612-4af2-b32d-aaafb760fae0/click'
00:46:26.482 [AsyncHttpClient-1-17] DEBUG org.asynchttpclient.netty.handler.HttpHandler - 

Request DefaultHttpRequest(decodeResult: success, version: HTTP/1.1)
POST /session/299b752a33cedd7f48a2d95593e8cd92/element/bb9f5681-7612-4af2-b32d-aaafb760fae0/click HTTP/1.1
User-Agent: selenium/4.1.2 (java windows)
Content-Length: 50
Content-Type: application/json; charset=utf-8
host: localhost:64781
accept: */*

Response DefaultHttpResponse(decodeResult: success, version: HTTP/1.1)
HTTP/1.1 200 OK
Content-Type: application/json; charset=utf-8
cache-control: no-cache
content-length: 14

00:46:26.482 [AsyncHttpClient-1-17] DEBUG org.asynchttpclient.netty.channel.ChannelManager - Adding key: http://localhost:64781 for channel [id: 0xfaa7b9f6, L:/127.0.0.1:49619 - R:localhost/127.0.0.1:64781]
00:46:26.486 [Forwarding screenshot on session 299b752a33cedd7f48a2d95593e8cd92 to remote] DEBUG org.asynchttpclient.netty.request.NettyRequestSender - Using pooled Channel '[id: 0xfaa7b9f6, L:/127.0.0.1:49619 - R:localhost/127.0.0.1:64781]' for 'GET' to 'http://localhost:64781/session/299b752a33cedd7f48a2d95593e8cd92/screenshot'
00:46:26.486 [Forwarding screenshot on session 299b752a33cedd7f48a2d95593e8cd92 to remote] DEBUG org.asynchttpclient.netty.request.NettyRequestSender - Using open Channel [id: 0xfaa7b9f6, L:/127.0.0.1:49619 - R:localhost/127.0.0.1:64781] for GET '/session/299b752a33cedd7f48a2d95593e8cd92/screenshot'
00:46:26.589 [AsyncHttpClient-1-17] DEBUG org.asynchttpclient.netty.handler.HttpHandler - 

Request DefaultFullHttpRequest(decodeResult: success, version: HTTP/1.1, content: EmptyByteBufBE)
GET /session/299b752a33cedd7f48a2d95593e8cd92/screenshot HTTP/1.1
User-Agent: selenium/4.1.2 (java windows)
Cache-Control: no-cache
Content-Type: application/json; charset=utf-8
host: localhost:64781
accept: */*

Response DefaultHttpResponse(decodeResult: success, version: HTTP/1.1)
HTTP/1.1 200 OK
Content-Type: application/json; charset=utf-8
cache-control: no-cache
content-length: 120148

00:46:26.589 [AsyncHttpClient-1-17] DEBUG org.asynchttpclient.netty.channel.ChannelManager - Adding key: http://localhost:64781 for channel [id: 0xfaa7b9f6, L:/127.0.0.1:49619 - R:localhost/127.0.0.1:64781]
00:46:26.592 [main] DEBUG net.serenitybdd.core.photography.Darkroom - Send negative for processing for target\site\serenity\5f44adc52ba7302dd45f9d9e6a6a774627ee33385d37d67839fefaf1d49485c6.png
00:46:26.592 [main] DEBUG net.thucydides.core.steps.StepInterceptor - STEP DONE: selectroom
00:46:26.592 [Darkroom Processing Line] DEBUG net.serenitybdd.core.photography.DarkroomProcessingLine - Processing screenshot image in /var/screenshots/screenshot-4930551944538356310
00:46:26.592 [Darkroom Processing Line] DEBUG net.serenitybdd.core.photography.DarkroomProcessingLine - Saving screenshot to target\site\serenity\5f44adc52ba7302dd45f9d9e6a6a774627ee33385d37d67839fefaf1d49485c6.png
00:46:26.596 [main] DEBUG net.thucydides.core.steps.StepInterceptor - STARTING STEP: ClassSteps.adminFillInAllThatIsOrdered - instructureclick
00:46:26.597 [Forwarding findElement on session 299b752a33cedd7f48a2d95593e8cd92 to remote] DEBUG org.asynchttpclient.netty.request.NettyRequestSender - Using pooled Channel '[id: 0xfaa7b9f6, L:/127.0.0.1:49619 - R:localhost/127.0.0.1:64781]' for 'POST' to 'http://localhost:64781/session/299b752a33cedd7f48a2d95593e8cd92/element'
00:46:26.597 [Forwarding findElement on session 299b752a33cedd7f48a2d95593e8cd92 to remote] DEBUG org.asynchttpclient.netty.request.NettyRequestSender - Using open Channel [id: 0xfaa7b9f6, L:/127.0.0.1:49619 - R:localhost/127.0.0.1:64781] for POST '/session/299b752a33cedd7f48a2d95593e8cd92/element'
00:46:26.605 [AsyncHttpClient-1-17] DEBUG org.asynchttpclient.netty.handler.HttpHandler - 

Request DefaultHttpRequest(decodeResult: success, version: HTTP/1.1)
POST /session/299b752a33cedd7f48a2d95593e8cd92/element HTTP/1.1
User-Agent: selenium/4.1.2 (java windows)
Content-Length: 94
Content-Type: application/json; charset=utf-8
host: localhost:64781
accept: */*

Response DefaultHttpResponse(decodeResult: success, version: HTTP/1.1)
HTTP/1.1 200 OK
Content-Type: application/json; charset=utf-8
cache-control: no-cache
content-length: 88

00:46:26.605 [AsyncHttpClient-1-17] DEBUG org.asynchttpclient.netty.channel.ChannelManager - Adding key: http://localhost:64781 for channel [id: 0xfaa7b9f6, L:/127.0.0.1:49619 - R:localhost/127.0.0.1:64781]
00:46:26.606 [Forwarding getElementTagName on session 299b752a33cedd7f48a2d95593e8cd92 to remote] DEBUG org.asynchttpclient.netty.request.NettyRequestSender - Using pooled Channel '[id: 0xfaa7b9f6, L:/127.0.0.1:49619 - R:localhost/127.0.0.1:64781]' for 'GET' to 'http://localhost:64781/session/299b752a33cedd7f48a2d95593e8cd92/element/b3535df3-47ca-4b18-a783-544f5e113490/name'
00:46:26.606 [Forwarding getElementTagName on session 299b752a33cedd7f48a2d95593e8cd92 to remote] DEBUG org.asynchttpclient.netty.request.NettyRequestSender - Using open Channel [id: 0xfaa7b9f6, L:/127.0.0.1:49619 - R:localhost/127.0.0.1:64781] for GET '/session/299b752a33cedd7f48a2d95593e8cd92/element/b3535df3-47ca-4b18-a783-544f5e113490/name'
00:46:26.608 [AsyncHttpClient-1-17] DEBUG org.asynchttpclient.netty.handler.HttpHandler - 

Request DefaultFullHttpRequest(decodeResult: success, version: HTTP/1.1, content: EmptyByteBufBE)
GET /session/299b752a33cedd7f48a2d95593e8cd92/element/b3535df3-47ca-4b18-a783-544f5e113490/name HTTP/1.1
User-Agent: selenium/4.1.2 (java windows)
Cache-Control: no-cache
Content-Type: application/json; charset=utf-8
host: localhost:64781
accept: */*

Response DefaultHttpResponse(decodeResult: success, version: HTTP/1.1)
HTTP/1.1 200 OK
Content-Type: application/json; charset=utf-8
cache-control: no-cache
content-length: 15

00:46:26.608 [AsyncHttpClient-1-17] DEBUG org.asynchttpclient.netty.channel.ChannelManager - Adding key: http://localhost:64781 for channel [id: 0xfaa7b9f6, L:/127.0.0.1:49619 - R:localhost/127.0.0.1:64781]
00:46:26.609 [Forwarding getElementTagName on session 299b752a33cedd7f48a2d95593e8cd92 to remote] DEBUG org.asynchttpclient.netty.request.NettyRequestSender - Using pooled Channel '[id: 0xfaa7b9f6, L:/127.0.0.1:49619 - R:localhost/127.0.0.1:64781]' for 'GET' to 'http://localhost:64781/session/299b752a33cedd7f48a2d95593e8cd92/element/b3535df3-47ca-4b18-a783-544f5e113490/name'
00:46:26.609 [Forwarding getElementTagName on session 299b752a33cedd7f48a2d95593e8cd92 to remote] DEBUG org.asynchttpclient.netty.request.NettyRequestSender - Using open Channel [id: 0xfaa7b9f6, L:/127.0.0.1:49619 - R:localhost/127.0.0.1:64781] for GET '/session/299b752a33cedd7f48a2d95593e8cd92/element/b3535df3-47ca-4b18-a783-544f5e113490/name'
00:46:26.610 [AsyncHttpClient-1-17] DEBUG org.asynchttpclient.netty.handler.HttpHandler - 

Request DefaultFullHttpRequest(decodeResult: success, version: HTTP/1.1, content: EmptyByteBufBE)
GET /session/299b752a33cedd7f48a2d95593e8cd92/element/b3535df3-47ca-4b18-a783-544f5e113490/name HTTP/1.1
User-Agent: selenium/4.1.2 (java windows)
Cache-Control: no-cache
Content-Type: application/json; charset=utf-8
host: localhost:64781
accept: */*

Response DefaultHttpResponse(decodeResult: success, version: HTTP/1.1)
HTTP/1.1 200 OK
Content-Type: application/json; charset=utf-8
cache-control: no-cache
content-length: 15

00:46:26.610 [AsyncHttpClient-1-17] DEBUG org.asynchttpclient.netty.channel.ChannelManager - Adding key: http://localhost:64781 for channel [id: 0xfaa7b9f6, L:/127.0.0.1:49619 - R:localhost/127.0.0.1:64781]
00:46:26.611 [Forwarding findElement on session 299b752a33cedd7f48a2d95593e8cd92 to remote] DEBUG org.asynchttpclient.netty.request.NettyRequestSender - Using pooled Channel '[id: 0xfaa7b9f6, L:/127.0.0.1:49619 - R:localhost/127.0.0.1:64781]' for 'POST' to 'http://localhost:64781/session/299b752a33cedd7f48a2d95593e8cd92/element'
00:46:26.611 [Forwarding findElement on session 299b752a33cedd7f48a2d95593e8cd92 to remote] DEBUG org.asynchttpclient.netty.request.NettyRequestSender - Using open Channel [id: 0xfaa7b9f6, L:/127.0.0.1:49619 - R:localhost/127.0.0.1:64781] for POST '/session/299b752a33cedd7f48a2d95593e8cd92/element'
00:46:26.615 [AsyncHttpClient-1-17] DEBUG org.asynchttpclient.netty.handler.HttpHandler - 

Request DefaultHttpRequest(decodeResult: success, version: HTTP/1.1)
POST /session/299b752a33cedd7f48a2d95593e8cd92/element HTTP/1.1
User-Agent: selenium/4.1.2 (java windows)
Content-Length: 94
Content-Type: application/json; charset=utf-8
host: localhost:64781
accept: */*

Response DefaultHttpResponse(decodeResult: success, version: HTTP/1.1)
HTTP/1.1 200 OK
Content-Type: application/json; charset=utf-8
cache-control: no-cache
content-length: 88

00:46:26.615 [AsyncHttpClient-1-17] DEBUG org.asynchttpclient.netty.channel.ChannelManager - Adding key: http://localhost:64781 for channel [id: 0xfaa7b9f6, L:/127.0.0.1:49619 - R:localhost/127.0.0.1:64781]
00:46:26.615 [Forwarding clickElement on session 299b752a33cedd7f48a2d95593e8cd92 to remote] DEBUG org.asynchttpclient.netty.request.NettyRequestSender - Using pooled Channel '[id: 0xfaa7b9f6, L:/127.0.0.1:49619 - R:localhost/127.0.0.1:64781]' for 'POST' to 'http://localhost:64781/session/299b752a33cedd7f48a2d95593e8cd92/element/b3535df3-47ca-4b18-a783-544f5e113490/click'
00:46:26.615 [Forwarding clickElement on session 299b752a33cedd7f48a2d95593e8cd92 to remote] DEBUG org.asynchttpclient.netty.request.NettyRequestSender - Using open Channel [id: 0xfaa7b9f6, L:/127.0.0.1:49619 - R:localhost/127.0.0.1:64781] for POST '/session/299b752a33cedd7f48a2d95593e8cd92/element/b3535df3-47ca-4b18-a783-544f5e113490/click'
00:46:26.646 [AsyncHttpClient-1-17] DEBUG org.asynchttpclient.netty.handler.HttpHandler - 

Request DefaultHttpRequest(decodeResult: success, version: HTTP/1.1)
POST /session/299b752a33cedd7f48a2d95593e8cd92/element/b3535df3-47ca-4b18-a783-544f5e113490/click HTTP/1.1
User-Agent: selenium/4.1.2 (java windows)
Content-Length: 50
Content-Type: application/json; charset=utf-8
host: localhost:64781
accept: */*

Response DefaultHttpResponse(decodeResult: success, version: HTTP/1.1)
HTTP/1.1 200 OK
Content-Type: application/json; charset=utf-8
cache-control: no-cache
content-length: 14

00:46:26.646 [AsyncHttpClient-1-17] DEBUG org.asynchttpclient.netty.channel.ChannelManager - Adding key: http://localhost:64781 for channel [id: 0xfaa7b9f6, L:/127.0.0.1:49619 - R:localhost/127.0.0.1:64781]
00:46:26.649 [Forwarding screenshot on session 299b752a33cedd7f48a2d95593e8cd92 to remote] DEBUG org.asynchttpclient.netty.request.NettyRequestSender - Using pooled Channel '[id: 0xfaa7b9f6, L:/127.0.0.1:49619 - R:localhost/127.0.0.1:64781]' for 'GET' to 'http://localhost:64781/session/299b752a33cedd7f48a2d95593e8cd92/screenshot'
00:46:26.649 [Forwarding screenshot on session 299b752a33cedd7f48a2d95593e8cd92 to remote] DEBUG org.asynchttpclient.netty.request.NettyRequestSender - Using open Channel [id: 0xfaa7b9f6, L:/127.0.0.1:49619 - R:localhost/127.0.0.1:64781] for GET '/session/299b752a33cedd7f48a2d95593e8cd92/screenshot'
00:46:26.774 [AsyncHttpClient-1-17] DEBUG org.asynchttpclient.netty.handler.HttpHandler - 

Request DefaultFullHttpRequest(decodeResult: success, version: HTTP/1.1, content: EmptyByteBufBE)
GET /session/299b752a33cedd7f48a2d95593e8cd92/screenshot HTTP/1.1
User-Agent: selenium/4.1.2 (java windows)
Cache-Control: no-cache
Content-Type: application/json; charset=utf-8
host: localhost:64781
accept: */*

Response DefaultHttpResponse(decodeResult: success, version: HTTP/1.1)
HTTP/1.1 200 OK
Content-Type: application/json; charset=utf-8
cache-control: no-cache
content-length: 133260

00:46:26.774 [AsyncHttpClient-1-17] DEBUG org.asynchttpclient.netty.channel.ChannelManager - Adding key: http://localhost:64781 for channel [id: 0xfaa7b9f6, L:/127.0.0.1:49619 - R:localhost/127.0.0.1:64781]
00:46:26.777 [main] DEBUG net.serenitybdd.core.photography.Darkroom - Send negative for processing for target\site\serenity\8e48f8c8a297b75dced0d31ea9af01b66894dec0632a7bd585211147852f1e66.png
00:46:26.777 [main] DEBUG net.thucydides.core.steps.StepInterceptor - STEP DONE: instructureclick
00:46:26.777 [Darkroom Processing Line] DEBUG net.serenitybdd.core.photography.DarkroomProcessingLine - Processing screenshot image in /var/screenshots/screenshot-10581679936822928842
00:46:26.777 [Darkroom Processing Line] DEBUG net.serenitybdd.core.photography.DarkroomProcessingLine - Saving screenshot to target\site\serenity\8e48f8c8a297b75dced0d31ea9af01b66894dec0632a7bd585211147852f1e66.png
00:46:26.781 [main] DEBUG net.thucydides.core.steps.StepInterceptor - STARTING STEP: ClassSteps.adminFillInAllThatIsOrdered - selectinstructure
00:46:26.782 [Forwarding findElement on session 299b752a33cedd7f48a2d95593e8cd92 to remote] DEBUG org.asynchttpclient.netty.request.NettyRequestSender - Using pooled Channel '[id: 0xfaa7b9f6, L:/127.0.0.1:49619 - R:localhost/127.0.0.1:64781]' for 'POST' to 'http://localhost:64781/session/299b752a33cedd7f48a2d95593e8cd92/element'
00:46:26.782 [Forwarding findElement on session 299b752a33cedd7f48a2d95593e8cd92 to remote] DEBUG org.asynchttpclient.netty.request.NettyRequestSender - Using open Channel [id: 0xfaa7b9f6, L:/127.0.0.1:49619 - R:localhost/127.0.0.1:64781] for POST '/session/299b752a33cedd7f48a2d95593e8cd92/element'
00:46:26.789 [AsyncHttpClient-1-17] DEBUG org.asynchttpclient.netty.handler.HttpHandler - 

Request DefaultHttpRequest(decodeResult: success, version: HTTP/1.1)
POST /session/299b752a33cedd7f48a2d95593e8cd92/element HTTP/1.1
User-Agent: selenium/4.1.2 (java windows)
Content-Length: 76
Content-Type: application/json; charset=utf-8
host: localhost:64781
accept: */*

Response DefaultHttpResponse(decodeResult: success, version: HTTP/1.1)
HTTP/1.1 200 OK
Content-Type: application/json; charset=utf-8
cache-control: no-cache
content-length: 88

00:46:26.790 [AsyncHttpClient-1-17] DEBUG org.asynchttpclient.netty.channel.ChannelManager - Adding key: http://localhost:64781 for channel [id: 0xfaa7b9f6, L:/127.0.0.1:49619 - R:localhost/127.0.0.1:64781]
00:46:26.790 [Forwarding getElementTagName on session 299b752a33cedd7f48a2d95593e8cd92 to remote] DEBUG org.asynchttpclient.netty.request.NettyRequestSender - Using pooled Channel '[id: 0xfaa7b9f6, L:/127.0.0.1:49619 - R:localhost/127.0.0.1:64781]' for 'GET' to 'http://localhost:64781/session/299b752a33cedd7f48a2d95593e8cd92/element/ec5a32e4-b003-4faf-9f80-381abef8f66d/name'
00:46:26.791 [Forwarding getElementTagName on session 299b752a33cedd7f48a2d95593e8cd92 to remote] DEBUG org.asynchttpclient.netty.request.NettyRequestSender - Using open Channel [id: 0xfaa7b9f6, L:/127.0.0.1:49619 - R:localhost/127.0.0.1:64781] for GET '/session/299b752a33cedd7f48a2d95593e8cd92/element/ec5a32e4-b003-4faf-9f80-381abef8f66d/name'
00:46:26.791 [AsyncHttpClient-1-1] DEBUG org.asynchttpclient.netty.channel.DefaultChannelPool - Entry count for : http://localhost:49620 : 1
00:46:26.793 [AsyncHttpClient-1-17] DEBUG org.asynchttpclient.netty.handler.HttpHandler - 

Request DefaultFullHttpRequest(decodeResult: success, version: HTTP/1.1, content: EmptyByteBufBE)
GET /session/299b752a33cedd7f48a2d95593e8cd92/element/ec5a32e4-b003-4faf-9f80-381abef8f66d/name HTTP/1.1
User-Agent: selenium/4.1.2 (java windows)
Cache-Control: no-cache
Content-Type: application/json; charset=utf-8
host: localhost:64781
accept: */*

Response DefaultHttpResponse(decodeResult: success, version: HTTP/1.1)
HTTP/1.1 200 OK
Content-Type: application/json; charset=utf-8
cache-control: no-cache
content-length: 15

00:46:26.793 [AsyncHttpClient-1-17] DEBUG org.asynchttpclient.netty.channel.ChannelManager - Adding key: http://localhost:64781 for channel [id: 0xfaa7b9f6, L:/127.0.0.1:49619 - R:localhost/127.0.0.1:64781]
00:46:26.793 [Forwarding getElementTagName on session 299b752a33cedd7f48a2d95593e8cd92 to remote] DEBUG org.asynchttpclient.netty.request.NettyRequestSender - Using pooled Channel '[id: 0xfaa7b9f6, L:/127.0.0.1:49619 - R:localhost/127.0.0.1:64781]' for 'GET' to 'http://localhost:64781/session/299b752a33cedd7f48a2d95593e8cd92/element/ec5a32e4-b003-4faf-9f80-381abef8f66d/name'
00:46:26.793 [Forwarding getElementTagName on session 299b752a33cedd7f48a2d95593e8cd92 to remote] DEBUG org.asynchttpclient.netty.request.NettyRequestSender - Using open Channel [id: 0xfaa7b9f6, L:/127.0.0.1:49619 - R:localhost/127.0.0.1:64781] for GET '/session/299b752a33cedd7f48a2d95593e8cd92/element/ec5a32e4-b003-4faf-9f80-381abef8f66d/name'
00:46:26.795 [AsyncHttpClient-1-17] DEBUG org.asynchttpclient.netty.handler.HttpHandler - 

Request DefaultFullHttpRequest(decodeResult: success, version: HTTP/1.1, content: EmptyByteBufBE)
GET /session/299b752a33cedd7f48a2d95593e8cd92/element/ec5a32e4-b003-4faf-9f80-381abef8f66d/name HTTP/1.1
User-Agent: selenium/4.1.2 (java windows)
Cache-Control: no-cache
Content-Type: application/json; charset=utf-8
host: localhost:64781
accept: */*

Response DefaultHttpResponse(decodeResult: success, version: HTTP/1.1)
HTTP/1.1 200 OK
Content-Type: application/json; charset=utf-8
cache-control: no-cache
content-length: 15

00:46:26.795 [AsyncHttpClient-1-17] DEBUG org.asynchttpclient.netty.channel.ChannelManager - Adding key: http://localhost:64781 for channel [id: 0xfaa7b9f6, L:/127.0.0.1:49619 - R:localhost/127.0.0.1:64781]
00:46:26.796 [Forwarding findElement on session 299b752a33cedd7f48a2d95593e8cd92 to remote] DEBUG org.asynchttpclient.netty.request.NettyRequestSender - Using pooled Channel '[id: 0xfaa7b9f6, L:/127.0.0.1:49619 - R:localhost/127.0.0.1:64781]' for 'POST' to 'http://localhost:64781/session/299b752a33cedd7f48a2d95593e8cd92/element'
00:46:26.796 [Forwarding findElement on session 299b752a33cedd7f48a2d95593e8cd92 to remote] DEBUG org.asynchttpclient.netty.request.NettyRequestSender - Using open Channel [id: 0xfaa7b9f6, L:/127.0.0.1:49619 - R:localhost/127.0.0.1:64781] for POST '/session/299b752a33cedd7f48a2d95593e8cd92/element'
00:46:26.799 [AsyncHttpClient-1-17] DEBUG org.asynchttpclient.netty.handler.HttpHandler - 

Request DefaultHttpRequest(decodeResult: success, version: HTTP/1.1)
POST /session/299b752a33cedd7f48a2d95593e8cd92/element HTTP/1.1
User-Agent: selenium/4.1.2 (java windows)
Content-Length: 76
Content-Type: application/json; charset=utf-8
host: localhost:64781
accept: */*

Response DefaultHttpResponse(decodeResult: success, version: HTTP/1.1)
HTTP/1.1 200 OK
Content-Type: application/json; charset=utf-8
cache-control: no-cache
content-length: 88

00:46:26.799 [AsyncHttpClient-1-17] DEBUG org.asynchttpclient.netty.channel.ChannelManager - Adding key: http://localhost:64781 for channel [id: 0xfaa7b9f6, L:/127.0.0.1:49619 - R:localhost/127.0.0.1:64781]
00:46:26.800 [Forwarding clickElement on session 299b752a33cedd7f48a2d95593e8cd92 to remote] DEBUG org.asynchttpclient.netty.request.NettyRequestSender - Using pooled Channel '[id: 0xfaa7b9f6, L:/127.0.0.1:49619 - R:localhost/127.0.0.1:64781]' for 'POST' to 'http://localhost:64781/session/299b752a33cedd7f48a2d95593e8cd92/element/ec5a32e4-b003-4faf-9f80-381abef8f66d/click'
00:46:26.800 [Forwarding clickElement on session 299b752a33cedd7f48a2d95593e8cd92 to remote] DEBUG org.asynchttpclient.netty.request.NettyRequestSender - Using open Channel [id: 0xfaa7b9f6, L:/127.0.0.1:49619 - R:localhost/127.0.0.1:64781] for POST '/session/299b752a33cedd7f48a2d95593e8cd92/element/ec5a32e4-b003-4faf-9f80-381abef8f66d/click'
00:46:26.833 [AsyncHttpClient-1-17] DEBUG org.asynchttpclient.netty.handler.HttpHandler - 

Request DefaultHttpRequest(decodeResult: success, version: HTTP/1.1)
POST /session/299b752a33cedd7f48a2d95593e8cd92/element/ec5a32e4-b003-4faf-9f80-381abef8f66d/click HTTP/1.1
User-Agent: selenium/4.1.2 (java windows)
Content-Length: 50
Content-Type: application/json; charset=utf-8
host: localhost:64781
accept: */*

Response DefaultHttpResponse(decodeResult: success, version: HTTP/1.1)
HTTP/1.1 200 OK
Content-Type: application/json; charset=utf-8
cache-control: no-cache
content-length: 14

00:46:26.833 [AsyncHttpClient-1-17] DEBUG org.asynchttpclient.netty.channel.ChannelManager - Adding key: http://localhost:64781 for channel [id: 0xfaa7b9f6, L:/127.0.0.1:49619 - R:localhost/127.0.0.1:64781]
00:46:26.837 [Forwarding screenshot on session 299b752a33cedd7f48a2d95593e8cd92 to remote] DEBUG org.asynchttpclient.netty.request.NettyRequestSender - Using pooled Channel '[id: 0xfaa7b9f6, L:/127.0.0.1:49619 - R:localhost/127.0.0.1:64781]' for 'GET' to 'http://localhost:64781/session/299b752a33cedd7f48a2d95593e8cd92/screenshot'
00:46:26.837 [Forwarding screenshot on session 299b752a33cedd7f48a2d95593e8cd92 to remote] DEBUG org.asynchttpclient.netty.request.NettyRequestSender - Using open Channel [id: 0xfaa7b9f6, L:/127.0.0.1:49619 - R:localhost/127.0.0.1:64781] for GET '/session/299b752a33cedd7f48a2d95593e8cd92/screenshot'
00:46:26.956 [AsyncHttpClient-1-17] DEBUG org.asynchttpclient.netty.handler.HttpHandler - 

Request DefaultFullHttpRequest(decodeResult: success, version: HTTP/1.1, content: EmptyByteBufBE)
GET /session/299b752a33cedd7f48a2d95593e8cd92/screenshot HTTP/1.1
User-Agent: selenium/4.1.2 (java windows)
Cache-Control: no-cache
Content-Type: application/json; charset=utf-8
host: localhost:64781
accept: */*

Response DefaultHttpResponse(decodeResult: success, version: HTTP/1.1)
HTTP/1.1 200 OK
Content-Type: application/json; charset=utf-8
cache-control: no-cache
content-length: 120744

00:46:26.956 [AsyncHttpClient-1-17] DEBUG org.asynchttpclient.netty.channel.ChannelManager - Adding key: http://localhost:64781 for channel [id: 0xfaa7b9f6, L:/127.0.0.1:49619 - R:localhost/127.0.0.1:64781]
00:46:26.959 [main] DEBUG net.serenitybdd.core.photography.Darkroom - Send negative for processing for target\site\serenity\99595a0e6592d781880aa2bd9e347b2712f2950e1f44169da2edf8d980c0d027.png
00:46:26.959 [main] DEBUG net.thucydides.core.steps.StepInterceptor - STEP DONE: selectinstructure
00:46:26.959 [Darkroom Processing Line] DEBUG net.serenitybdd.core.photography.DarkroomProcessingLine - Processing screenshot image in /var/screenshots/screenshot-16211597665738814322
00:46:26.959 [Darkroom Processing Line] DEBUG net.serenitybdd.core.photography.DarkroomProcessingLine - Saving screenshot to target\site\serenity\99595a0e6592d781880aa2bd9e347b2712f2950e1f44169da2edf8d980c0d027.png
00:46:26.962 [main] DEBUG net.thucydides.core.steps.StepInterceptor - STARTING STEP: ClassSteps.adminFillInAllThatIsOrdered - typeclick
00:46:26.964 [Forwarding findElement on session 299b752a33cedd7f48a2d95593e8cd92 to remote] DEBUG org.asynchttpclient.netty.request.NettyRequestSender - Using pooled Channel '[id: 0xfaa7b9f6, L:/127.0.0.1:49619 - R:localhost/127.0.0.1:64781]' for 'POST' to 'http://localhost:64781/session/299b752a33cedd7f48a2d95593e8cd92/element'
00:46:26.964 [Forwarding findElement on session 299b752a33cedd7f48a2d95593e8cd92 to remote] DEBUG org.asynchttpclient.netty.request.NettyRequestSender - Using open Channel [id: 0xfaa7b9f6, L:/127.0.0.1:49619 - R:localhost/127.0.0.1:64781] for POST '/session/299b752a33cedd7f48a2d95593e8cd92/element'
00:46:26.971 [AsyncHttpClient-1-17] DEBUG org.asynchttpclient.netty.handler.HttpHandler - 

Request DefaultHttpRequest(decodeResult: success, version: HTTP/1.1)
POST /session/299b752a33cedd7f48a2d95593e8cd92/element HTTP/1.1
User-Agent: selenium/4.1.2 (java windows)
Content-Length: 94
Content-Type: application/json; charset=utf-8
host: localhost:64781
accept: */*

Response DefaultHttpResponse(decodeResult: success, version: HTTP/1.1)
HTTP/1.1 200 OK
Content-Type: application/json; charset=utf-8
cache-control: no-cache
content-length: 88

00:46:26.971 [AsyncHttpClient-1-17] DEBUG org.asynchttpclient.netty.channel.ChannelManager - Adding key: http://localhost:64781 for channel [id: 0xfaa7b9f6, L:/127.0.0.1:49619 - R:localhost/127.0.0.1:64781]
00:46:26.972 [Forwarding getElementTagName on session 299b752a33cedd7f48a2d95593e8cd92 to remote] DEBUG org.asynchttpclient.netty.request.NettyRequestSender - Using pooled Channel '[id: 0xfaa7b9f6, L:/127.0.0.1:49619 - R:localhost/127.0.0.1:64781]' for 'GET' to 'http://localhost:64781/session/299b752a33cedd7f48a2d95593e8cd92/element/5022be9f-b4b6-4267-ad85-be1404abbba3/name'
00:46:26.972 [Forwarding getElementTagName on session 299b752a33cedd7f48a2d95593e8cd92 to remote] DEBUG org.asynchttpclient.netty.request.NettyRequestSender - Using open Channel [id: 0xfaa7b9f6, L:/127.0.0.1:49619 - R:localhost/127.0.0.1:64781] for GET '/session/299b752a33cedd7f48a2d95593e8cd92/element/5022be9f-b4b6-4267-ad85-be1404abbba3/name'
00:46:26.974 [AsyncHttpClient-1-17] DEBUG org.asynchttpclient.netty.handler.HttpHandler - 

Request DefaultFullHttpRequest(decodeResult: success, version: HTTP/1.1, content: EmptyByteBufBE)
GET /session/299b752a33cedd7f48a2d95593e8cd92/element/5022be9f-b4b6-4267-ad85-be1404abbba3/name HTTP/1.1
User-Agent: selenium/4.1.2 (java windows)
Cache-Control: no-cache
Content-Type: application/json; charset=utf-8
host: localhost:64781
accept: */*

Response DefaultHttpResponse(decodeResult: success, version: HTTP/1.1)
HTTP/1.1 200 OK
Content-Type: application/json; charset=utf-8
cache-control: no-cache
content-length: 15

00:46:26.974 [AsyncHttpClient-1-17] DEBUG org.asynchttpclient.netty.channel.ChannelManager - Adding key: http://localhost:64781 for channel [id: 0xfaa7b9f6, L:/127.0.0.1:49619 - R:localhost/127.0.0.1:64781]
00:46:26.975 [Forwarding getElementTagName on session 299b752a33cedd7f48a2d95593e8cd92 to remote] DEBUG org.asynchttpclient.netty.request.NettyRequestSender - Using pooled Channel '[id: 0xfaa7b9f6, L:/127.0.0.1:49619 - R:localhost/127.0.0.1:64781]' for 'GET' to 'http://localhost:64781/session/299b752a33cedd7f48a2d95593e8cd92/element/5022be9f-b4b6-4267-ad85-be1404abbba3/name'
00:46:26.975 [Forwarding getElementTagName on session 299b752a33cedd7f48a2d95593e8cd92 to remote] DEBUG org.asynchttpclient.netty.request.NettyRequestSender - Using open Channel [id: 0xfaa7b9f6, L:/127.0.0.1:49619 - R:localhost/127.0.0.1:64781] for GET '/session/299b752a33cedd7f48a2d95593e8cd92/element/5022be9f-b4b6-4267-ad85-be1404abbba3/name'
00:46:26.977 [AsyncHttpClient-1-17] DEBUG org.asynchttpclient.netty.handler.HttpHandler - 

Request DefaultFullHttpRequest(decodeResult: success, version: HTTP/1.1, content: EmptyByteBufBE)
GET /session/299b752a33cedd7f48a2d95593e8cd92/element/5022be9f-b4b6-4267-ad85-be1404abbba3/name HTTP/1.1
User-Agent: selenium/4.1.2 (java windows)
Cache-Control: no-cache
Content-Type: application/json; charset=utf-8
host: localhost:64781
accept: */*

Response DefaultHttpResponse(decodeResult: success, version: HTTP/1.1)
HTTP/1.1 200 OK
Content-Type: application/json; charset=utf-8
cache-control: no-cache
content-length: 15

00:46:26.977 [AsyncHttpClient-1-17] DEBUG org.asynchttpclient.netty.channel.ChannelManager - Adding key: http://localhost:64781 for channel [id: 0xfaa7b9f6, L:/127.0.0.1:49619 - R:localhost/127.0.0.1:64781]
00:46:26.978 [Forwarding findElement on session 299b752a33cedd7f48a2d95593e8cd92 to remote] DEBUG org.asynchttpclient.netty.request.NettyRequestSender - Using pooled Channel '[id: 0xfaa7b9f6, L:/127.0.0.1:49619 - R:localhost/127.0.0.1:64781]' for 'POST' to 'http://localhost:64781/session/299b752a33cedd7f48a2d95593e8cd92/element'
00:46:26.978 [Forwarding findElement on session 299b752a33cedd7f48a2d95593e8cd92 to remote] DEBUG org.asynchttpclient.netty.request.NettyRequestSender - Using open Channel [id: 0xfaa7b9f6, L:/127.0.0.1:49619 - R:localhost/127.0.0.1:64781] for POST '/session/299b752a33cedd7f48a2d95593e8cd92/element'
00:46:26.981 [AsyncHttpClient-1-17] DEBUG org.asynchttpclient.netty.handler.HttpHandler - 

Request DefaultHttpRequest(decodeResult: success, version: HTTP/1.1)
POST /session/299b752a33cedd7f48a2d95593e8cd92/element HTTP/1.1
User-Agent: selenium/4.1.2 (java windows)
Content-Length: 94
Content-Type: application/json; charset=utf-8
host: localhost:64781
accept: */*

Response DefaultHttpResponse(decodeResult: success, version: HTTP/1.1)
HTTP/1.1 200 OK
Content-Type: application/json; charset=utf-8
cache-control: no-cache
content-length: 88

00:46:26.981 [AsyncHttpClient-1-17] DEBUG org.asynchttpclient.netty.channel.ChannelManager - Adding key: http://localhost:64781 for channel [id: 0xfaa7b9f6, L:/127.0.0.1:49619 - R:localhost/127.0.0.1:64781]
00:46:26.982 [Forwarding clickElement on session 299b752a33cedd7f48a2d95593e8cd92 to remote] DEBUG org.asynchttpclient.netty.request.NettyRequestSender - Using pooled Channel '[id: 0xfaa7b9f6, L:/127.0.0.1:49619 - R:localhost/127.0.0.1:64781]' for 'POST' to 'http://localhost:64781/session/299b752a33cedd7f48a2d95593e8cd92/element/5022be9f-b4b6-4267-ad85-be1404abbba3/click'
00:46:26.982 [Forwarding clickElement on session 299b752a33cedd7f48a2d95593e8cd92 to remote] DEBUG org.asynchttpclient.netty.request.NettyRequestSender - Using open Channel [id: 0xfaa7b9f6, L:/127.0.0.1:49619 - R:localhost/127.0.0.1:64781] for POST '/session/299b752a33cedd7f48a2d95593e8cd92/element/5022be9f-b4b6-4267-ad85-be1404abbba3/click'
00:46:27.010 [AsyncHttpClient-1-17] DEBUG org.asynchttpclient.netty.handler.HttpHandler - 

Request DefaultHttpRequest(decodeResult: success, version: HTTP/1.1)
POST /session/299b752a33cedd7f48a2d95593e8cd92/element/5022be9f-b4b6-4267-ad85-be1404abbba3/click HTTP/1.1
User-Agent: selenium/4.1.2 (java windows)
Content-Length: 50
Content-Type: application/json; charset=utf-8
host: localhost:64781
accept: */*

Response DefaultHttpResponse(decodeResult: success, version: HTTP/1.1)
HTTP/1.1 200 OK
Content-Type: application/json; charset=utf-8
cache-control: no-cache
content-length: 14

00:46:27.011 [AsyncHttpClient-1-17] DEBUG org.asynchttpclient.netty.channel.ChannelManager - Adding key: http://localhost:64781 for channel [id: 0xfaa7b9f6, L:/127.0.0.1:49619 - R:localhost/127.0.0.1:64781]
00:46:27.015 [Forwarding screenshot on session 299b752a33cedd7f48a2d95593e8cd92 to remote] DEBUG org.asynchttpclient.netty.request.NettyRequestSender - Using pooled Channel '[id: 0xfaa7b9f6, L:/127.0.0.1:49619 - R:localhost/127.0.0.1:64781]' for 'GET' to 'http://localhost:64781/session/299b752a33cedd7f48a2d95593e8cd92/screenshot'
00:46:27.015 [Forwarding screenshot on session 299b752a33cedd7f48a2d95593e8cd92 to remote] DEBUG org.asynchttpclient.netty.request.NettyRequestSender - Using open Channel [id: 0xfaa7b9f6, L:/127.0.0.1:49619 - R:localhost/127.0.0.1:64781] for GET '/session/299b752a33cedd7f48a2d95593e8cd92/screenshot'
00:46:27.145 [AsyncHttpClient-1-17] DEBUG org.asynchttpclient.netty.handler.HttpHandler - 

Request DefaultFullHttpRequest(decodeResult: success, version: HTTP/1.1, content: EmptyByteBufBE)
GET /session/299b752a33cedd7f48a2d95593e8cd92/screenshot HTTP/1.1
User-Agent: selenium/4.1.2 (java windows)
Cache-Control: no-cache
Content-Type: application/json; charset=utf-8
host: localhost:64781
accept: */*

Response DefaultHttpResponse(decodeResult: success, version: HTTP/1.1)
HTTP/1.1 200 OK
Content-Type: application/json; charset=utf-8
cache-control: no-cache
content-length: 130836

00:46:27.145 [AsyncHttpClient-1-17] DEBUG org.asynchttpclient.netty.channel.ChannelManager - Adding key: http://localhost:64781 for channel [id: 0xfaa7b9f6, L:/127.0.0.1:49619 - R:localhost/127.0.0.1:64781]
00:46:27.148 [main] DEBUG net.serenitybdd.core.photography.Darkroom - Send negative for processing for target\site\serenity\e8825bd84fceb568263961ca29c4a7634f87710e229758e3096abb96edf0c604.png
00:46:27.148 [main] DEBUG net.thucydides.core.steps.StepInterceptor - STEP DONE: typeclick
00:46:27.148 [Darkroom Processing Line] DEBUG net.serenitybdd.core.photography.DarkroomProcessingLine - Processing screenshot image in /var/screenshots/screenshot-7358053224884557621
00:46:27.148 [Darkroom Processing Line] DEBUG net.serenitybdd.core.photography.DarkroomProcessingLine - Saving screenshot to target\site\serenity\e8825bd84fceb568263961ca29c4a7634f87710e229758e3096abb96edf0c604.png
00:46:27.151 [main] DEBUG net.thucydides.core.steps.StepInterceptor - STARTING STEP: ClassSteps.adminFillInAllThatIsOrdered - selecttype
00:46:27.153 [Forwarding findElement on session 299b752a33cedd7f48a2d95593e8cd92 to remote] DEBUG org.asynchttpclient.netty.request.NettyRequestSender - Using pooled Channel '[id: 0xfaa7b9f6, L:/127.0.0.1:49619 - R:localhost/127.0.0.1:64781]' for 'POST' to 'http://localhost:64781/session/299b752a33cedd7f48a2d95593e8cd92/element'
00:46:27.153 [Forwarding findElement on session 299b752a33cedd7f48a2d95593e8cd92 to remote] DEBUG org.asynchttpclient.netty.request.NettyRequestSender - Using open Channel [id: 0xfaa7b9f6, L:/127.0.0.1:49619 - R:localhost/127.0.0.1:64781] for POST '/session/299b752a33cedd7f48a2d95593e8cd92/element'
00:46:27.160 [AsyncHttpClient-1-17] DEBUG org.asynchttpclient.netty.handler.HttpHandler - 

Request DefaultHttpRequest(decodeResult: success, version: HTTP/1.1)
POST /session/299b752a33cedd7f48a2d95593e8cd92/element HTTP/1.1
User-Agent: selenium/4.1.2 (java windows)
Content-Length: 70
Content-Type: application/json; charset=utf-8
host: localhost:64781
accept: */*

Response DefaultHttpResponse(decodeResult: success, version: HTTP/1.1)
HTTP/1.1 200 OK
Content-Type: application/json; charset=utf-8
cache-control: no-cache
content-length: 88

00:46:27.160 [AsyncHttpClient-1-17] DEBUG org.asynchttpclient.netty.channel.ChannelManager - Adding key: http://localhost:64781 for channel [id: 0xfaa7b9f6, L:/127.0.0.1:49619 - R:localhost/127.0.0.1:64781]
00:46:27.161 [Forwarding getElementTagName on session 299b752a33cedd7f48a2d95593e8cd92 to remote] DEBUG org.asynchttpclient.netty.request.NettyRequestSender - Using pooled Channel '[id: 0xfaa7b9f6, L:/127.0.0.1:49619 - R:localhost/127.0.0.1:64781]' for 'GET' to 'http://localhost:64781/session/299b752a33cedd7f48a2d95593e8cd92/element/14605203-2118-45f5-83f1-d6b196dd44df/name'
00:46:27.161 [Forwarding getElementTagName on session 299b752a33cedd7f48a2d95593e8cd92 to remote] DEBUG org.asynchttpclient.netty.request.NettyRequestSender - Using open Channel [id: 0xfaa7b9f6, L:/127.0.0.1:49619 - R:localhost/127.0.0.1:64781] for GET '/session/299b752a33cedd7f48a2d95593e8cd92/element/14605203-2118-45f5-83f1-d6b196dd44df/name'
00:46:27.162 [AsyncHttpClient-1-17] DEBUG org.asynchttpclient.netty.handler.HttpHandler - 

Request DefaultFullHttpRequest(decodeResult: success, version: HTTP/1.1, content: EmptyByteBufBE)
GET /session/299b752a33cedd7f48a2d95593e8cd92/element/14605203-2118-45f5-83f1-d6b196dd44df/name HTTP/1.1
User-Agent: selenium/4.1.2 (java windows)
Cache-Control: no-cache
Content-Type: application/json; charset=utf-8
host: localhost:64781
accept: */*

Response DefaultHttpResponse(decodeResult: success, version: HTTP/1.1)
HTTP/1.1 200 OK
Content-Type: application/json; charset=utf-8
cache-control: no-cache
content-length: 15

00:46:27.163 [AsyncHttpClient-1-17] DEBUG org.asynchttpclient.netty.channel.ChannelManager - Adding key: http://localhost:64781 for channel [id: 0xfaa7b9f6, L:/127.0.0.1:49619 - R:localhost/127.0.0.1:64781]
00:46:27.163 [Forwarding getElementTagName on session 299b752a33cedd7f48a2d95593e8cd92 to remote] DEBUG org.asynchttpclient.netty.request.NettyRequestSender - Using pooled Channel '[id: 0xfaa7b9f6, L:/127.0.0.1:49619 - R:localhost/127.0.0.1:64781]' for 'GET' to 'http://localhost:64781/session/299b752a33cedd7f48a2d95593e8cd92/element/14605203-2118-45f5-83f1-d6b196dd44df/name'
00:46:27.163 [Forwarding getElementTagName on session 299b752a33cedd7f48a2d95593e8cd92 to remote] DEBUG org.asynchttpclient.netty.request.NettyRequestSender - Using open Channel [id: 0xfaa7b9f6, L:/127.0.0.1:49619 - R:localhost/127.0.0.1:64781] for GET '/session/299b752a33cedd7f48a2d95593e8cd92/element/14605203-2118-45f5-83f1-d6b196dd44df/name'
00:46:27.164 [AsyncHttpClient-1-17] DEBUG org.asynchttpclient.netty.handler.HttpHandler - 

Request DefaultFullHttpRequest(decodeResult: success, version: HTTP/1.1, content: EmptyByteBufBE)
GET /session/299b752a33cedd7f48a2d95593e8cd92/element/14605203-2118-45f5-83f1-d6b196dd44df/name HTTP/1.1
User-Agent: selenium/4.1.2 (java windows)
Cache-Control: no-cache
Content-Type: application/json; charset=utf-8
host: localhost:64781
accept: */*

Response DefaultHttpResponse(decodeResult: success, version: HTTP/1.1)
HTTP/1.1 200 OK
Content-Type: application/json; charset=utf-8
cache-control: no-cache
content-length: 15

00:46:27.165 [AsyncHttpClient-1-17] DEBUG org.asynchttpclient.netty.channel.ChannelManager - Adding key: http://localhost:64781 for channel [id: 0xfaa7b9f6, L:/127.0.0.1:49619 - R:localhost/127.0.0.1:64781]
00:46:27.165 [Forwarding findElement on session 299b752a33cedd7f48a2d95593e8cd92 to remote] DEBUG org.asynchttpclient.netty.request.NettyRequestSender - Using pooled Channel '[id: 0xfaa7b9f6, L:/127.0.0.1:49619 - R:localhost/127.0.0.1:64781]' for 'POST' to 'http://localhost:64781/session/299b752a33cedd7f48a2d95593e8cd92/element'
00:46:27.165 [Forwarding findElement on session 299b752a33cedd7f48a2d95593e8cd92 to remote] DEBUG org.asynchttpclient.netty.request.NettyRequestSender - Using open Channel [id: 0xfaa7b9f6, L:/127.0.0.1:49619 - R:localhost/127.0.0.1:64781] for POST '/session/299b752a33cedd7f48a2d95593e8cd92/element'
00:46:27.168 [AsyncHttpClient-1-17] DEBUG org.asynchttpclient.netty.handler.HttpHandler - 

Request DefaultHttpRequest(decodeResult: success, version: HTTP/1.1)
POST /session/299b752a33cedd7f48a2d95593e8cd92/element HTTP/1.1
User-Agent: selenium/4.1.2 (java windows)
Content-Length: 70
Content-Type: application/json; charset=utf-8
host: localhost:64781
accept: */*

Response DefaultHttpResponse(decodeResult: success, version: HTTP/1.1)
HTTP/1.1 200 OK
Content-Type: application/json; charset=utf-8
cache-control: no-cache
content-length: 88

00:46:27.168 [AsyncHttpClient-1-17] DEBUG org.asynchttpclient.netty.channel.ChannelManager - Adding key: http://localhost:64781 for channel [id: 0xfaa7b9f6, L:/127.0.0.1:49619 - R:localhost/127.0.0.1:64781]
00:46:27.169 [Forwarding clickElement on session 299b752a33cedd7f48a2d95593e8cd92 to remote] DEBUG org.asynchttpclient.netty.request.NettyRequestSender - Using pooled Channel '[id: 0xfaa7b9f6, L:/127.0.0.1:49619 - R:localhost/127.0.0.1:64781]' for 'POST' to 'http://localhost:64781/session/299b752a33cedd7f48a2d95593e8cd92/element/14605203-2118-45f5-83f1-d6b196dd44df/click'
00:46:27.169 [Forwarding clickElement on session 299b752a33cedd7f48a2d95593e8cd92 to remote] DEBUG org.asynchttpclient.netty.request.NettyRequestSender - Using open Channel [id: 0xfaa7b9f6, L:/127.0.0.1:49619 - R:localhost/127.0.0.1:64781] for POST '/session/299b752a33cedd7f48a2d95593e8cd92/element/14605203-2118-45f5-83f1-d6b196dd44df/click'
00:46:27.201 [AsyncHttpClient-1-17] DEBUG org.asynchttpclient.netty.handler.HttpHandler - 

Request DefaultHttpRequest(decodeResult: success, version: HTTP/1.1)
POST /session/299b752a33cedd7f48a2d95593e8cd92/element/14605203-2118-45f5-83f1-d6b196dd44df/click HTTP/1.1
User-Agent: selenium/4.1.2 (java windows)
Content-Length: 50
Content-Type: application/json; charset=utf-8
host: localhost:64781
accept: */*

Response DefaultHttpResponse(decodeResult: success, version: HTTP/1.1)
HTTP/1.1 200 OK
Content-Type: application/json; charset=utf-8
cache-control: no-cache
content-length: 14

00:46:27.201 [AsyncHttpClient-1-17] DEBUG org.asynchttpclient.netty.channel.ChannelManager - Adding key: http://localhost:64781 for channel [id: 0xfaa7b9f6, L:/127.0.0.1:49619 - R:localhost/127.0.0.1:64781]
00:46:27.205 [Forwarding screenshot on session 299b752a33cedd7f48a2d95593e8cd92 to remote] DEBUG org.asynchttpclient.netty.request.NettyRequestSender - Using pooled Channel '[id: 0xfaa7b9f6, L:/127.0.0.1:49619 - R:localhost/127.0.0.1:64781]' for 'GET' to 'http://localhost:64781/session/299b752a33cedd7f48a2d95593e8cd92/screenshot'
00:46:27.205 [Forwarding screenshot on session 299b752a33cedd7f48a2d95593e8cd92 to remote] DEBUG org.asynchttpclient.netty.request.NettyRequestSender - Using open Channel [id: 0xfaa7b9f6, L:/127.0.0.1:49619 - R:localhost/127.0.0.1:64781] for GET '/session/299b752a33cedd7f48a2d95593e8cd92/screenshot'
00:46:27.323 [AsyncHttpClient-1-17] DEBUG org.asynchttpclient.netty.handler.HttpHandler - 

Request DefaultFullHttpRequest(decodeResult: success, version: HTTP/1.1, content: EmptyByteBufBE)
GET /session/299b752a33cedd7f48a2d95593e8cd92/screenshot HTTP/1.1
User-Agent: selenium/4.1.2 (java windows)
Cache-Control: no-cache
Content-Type: application/json; charset=utf-8
host: localhost:64781
accept: */*

Response DefaultHttpResponse(decodeResult: success, version: HTTP/1.1)
HTTP/1.1 200 OK
Content-Type: application/json; charset=utf-8
cache-control: no-cache
content-length: 121068

00:46:27.323 [AsyncHttpClient-1-17] DEBUG org.asynchttpclient.netty.channel.ChannelManager - Adding key: http://localhost:64781 for channel [id: 0xfaa7b9f6, L:/127.0.0.1:49619 - R:localhost/127.0.0.1:64781]
00:46:27.325 [main] DEBUG net.serenitybdd.core.photography.Darkroom - Send negative for processing for target\site\serenity\3b8cddb3df7699e909c0e436fe816ae79958f8eb6c8916b5c201fc23a8306b9d.png
00:46:27.326 [main] DEBUG net.thucydides.core.steps.StepInterceptor - STEP DONE: selecttype
00:46:27.326 [Darkroom Processing Line] DEBUG net.serenitybdd.core.photography.DarkroomProcessingLine - Processing screenshot image in /var/screenshots/screenshot-14579770770704613947
00:46:27.326 [Darkroom Processing Line] DEBUG net.serenitybdd.core.photography.DarkroomProcessingLine - Saving screenshot to target\site\serenity\3b8cddb3df7699e909c0e436fe816ae79958f8eb6c8916b5c201fc23a8306b9d.png
00:46:27.329 [main] DEBUG net.thucydides.core.steps.StepInterceptor - STARTING STEP: ClassSteps.adminFillInAllThatIsOrdered - descriptionclick
00:46:27.330 [Forwarding findElement on session 299b752a33cedd7f48a2d95593e8cd92 to remote] DEBUG org.asynchttpclient.netty.request.NettyRequestSender - Using pooled Channel '[id: 0xfaa7b9f6, L:/127.0.0.1:49619 - R:localhost/127.0.0.1:64781]' for 'POST' to 'http://localhost:64781/session/299b752a33cedd7f48a2d95593e8cd92/element'
00:46:27.331 [Forwarding findElement on session 299b752a33cedd7f48a2d95593e8cd92 to remote] DEBUG org.asynchttpclient.netty.request.NettyRequestSender - Using open Channel [id: 0xfaa7b9f6, L:/127.0.0.1:49619 - R:localhost/127.0.0.1:64781] for POST '/session/299b752a33cedd7f48a2d95593e8cd92/element'
00:46:27.337 [AsyncHttpClient-1-17] DEBUG org.asynchttpclient.netty.handler.HttpHandler - 

Request DefaultHttpRequest(decodeResult: success, version: HTTP/1.1)
POST /session/299b752a33cedd7f48a2d95593e8cd92/element HTTP/1.1
User-Agent: selenium/4.1.2 (java windows)
Content-Length: 95
Content-Type: application/json; charset=utf-8
host: localhost:64781
accept: */*

Response DefaultHttpResponse(decodeResult: success, version: HTTP/1.1)
HTTP/1.1 200 OK
Content-Type: application/json; charset=utf-8
cache-control: no-cache
content-length: 88

00:46:27.337 [AsyncHttpClient-1-17] DEBUG org.asynchttpclient.netty.channel.ChannelManager - Adding key: http://localhost:64781 for channel [id: 0xfaa7b9f6, L:/127.0.0.1:49619 - R:localhost/127.0.0.1:64781]
00:46:27.338 [Forwarding clearElement on session 299b752a33cedd7f48a2d95593e8cd92 to remote] DEBUG org.asynchttpclient.netty.request.NettyRequestSender - Using pooled Channel '[id: 0xfaa7b9f6, L:/127.0.0.1:49619 - R:localhost/127.0.0.1:64781]' for 'POST' to 'http://localhost:64781/session/299b752a33cedd7f48a2d95593e8cd92/element/d017750d-f1a5-40ca-bb69-3765c3ce7fb8/clear'
00:46:27.338 [Forwarding clearElement on session 299b752a33cedd7f48a2d95593e8cd92 to remote] DEBUG org.asynchttpclient.netty.request.NettyRequestSender - Using open Channel [id: 0xfaa7b9f6, L:/127.0.0.1:49619 - R:localhost/127.0.0.1:64781] for POST '/session/299b752a33cedd7f48a2d95593e8cd92/element/d017750d-f1a5-40ca-bb69-3765c3ce7fb8/clear'
00:46:27.351 [AsyncHttpClient-1-17] DEBUG org.asynchttpclient.netty.handler.HttpHandler - 

Request DefaultHttpRequest(decodeResult: success, version: HTTP/1.1)
POST /session/299b752a33cedd7f48a2d95593e8cd92/element/d017750d-f1a5-40ca-bb69-3765c3ce7fb8/clear HTTP/1.1
User-Agent: selenium/4.1.2 (java windows)
Content-Length: 50
Content-Type: application/json; charset=utf-8
host: localhost:64781
accept: */*

Response DefaultHttpResponse(decodeResult: success, version: HTTP/1.1)
HTTP/1.1 200 OK
Content-Type: application/json; charset=utf-8
cache-control: no-cache
content-length: 14

00:46:27.351 [AsyncHttpClient-1-17] DEBUG org.asynchttpclient.netty.channel.ChannelManager - Adding key: http://localhost:64781 for channel [id: 0xfaa7b9f6, L:/127.0.0.1:49619 - R:localhost/127.0.0.1:64781]
00:46:27.352 [Forwarding sendKeysToElement on session 299b752a33cedd7f48a2d95593e8cd92 to remote] DEBUG org.asynchttpclient.netty.request.NettyRequestSender - Using pooled Channel '[id: 0xfaa7b9f6, L:/127.0.0.1:49619 - R:localhost/127.0.0.1:64781]' for 'POST' to 'http://localhost:64781/session/299b752a33cedd7f48a2d95593e8cd92/element/d017750d-f1a5-40ca-bb69-3765c3ce7fb8/value'
00:46:27.353 [Forwarding sendKeysToElement on session 299b752a33cedd7f48a2d95593e8cd92 to remote] DEBUG org.asynchttpclient.netty.request.NettyRequestSender - Using open Channel [id: 0xfaa7b9f6, L:/127.0.0.1:49619 - R:localhost/127.0.0.1:64781] for POST '/session/299b752a33cedd7f48a2d95593e8cd92/element/d017750d-f1a5-40ca-bb69-3765c3ce7fb8/value'
00:46:27.610 [AsyncHttpClient-1-17] DEBUG org.asynchttpclient.netty.handler.HttpHandler - 

Request DefaultHttpRequest(decodeResult: success, version: HTTP/1.1)
POST /session/299b752a33cedd7f48a2d95593e8cd92/element/d017750d-f1a5-40ca-bb69-3765c3ce7fb8/value HTTP/1.1
User-Agent: selenium/4.1.2 (java windows)
Content-Length: 381
Content-Type: application/json; charset=utf-8
host: localhost:64781
accept: */*

Response DefaultHttpResponse(decodeResult: success, version: HTTP/1.1)
HTTP/1.1 200 OK
Content-Type: application/json; charset=utf-8
cache-control: no-cache
content-length: 14

00:46:27.611 [AsyncHttpClient-1-17] DEBUG org.asynchttpclient.netty.channel.ChannelManager - Adding key: http://localhost:64781 for channel [id: 0xfaa7b9f6, L:/127.0.0.1:49619 - R:localhost/127.0.0.1:64781]
00:46:27.614 [Forwarding screenshot on session 299b752a33cedd7f48a2d95593e8cd92 to remote] DEBUG org.asynchttpclient.netty.request.NettyRequestSender - Using pooled Channel '[id: 0xfaa7b9f6, L:/127.0.0.1:49619 - R:localhost/127.0.0.1:64781]' for 'GET' to 'http://localhost:64781/session/299b752a33cedd7f48a2d95593e8cd92/screenshot'
00:46:27.614 [Forwarding screenshot on session 299b752a33cedd7f48a2d95593e8cd92 to remote] DEBUG org.asynchttpclient.netty.request.NettyRequestSender - Using open Channel [id: 0xfaa7b9f6, L:/127.0.0.1:49619 - R:localhost/127.0.0.1:64781] for GET '/session/299b752a33cedd7f48a2d95593e8cd92/screenshot'
00:46:27.717 [AsyncHttpClient-1-17] DEBUG org.asynchttpclient.netty.handler.HttpHandler - 

Request DefaultFullHttpRequest(decodeResult: success, version: HTTP/1.1, content: EmptyByteBufBE)
GET /session/299b752a33cedd7f48a2d95593e8cd92/screenshot HTTP/1.1
User-Agent: selenium/4.1.2 (java windows)
Cache-Control: no-cache
Content-Type: application/json; charset=utf-8
host: localhost:64781
accept: */*

Response DefaultHttpResponse(decodeResult: success, version: HTTP/1.1)
HTTP/1.1 200 OK
Content-Type: application/json; charset=utf-8
cache-control: no-cache
content-length: 120844

00:46:27.717 [AsyncHttpClient-1-17] DEBUG org.asynchttpclient.netty.channel.ChannelManager - Adding key: http://localhost:64781 for channel [id: 0xfaa7b9f6, L:/127.0.0.1:49619 - R:localhost/127.0.0.1:64781]
00:46:27.720 [main] DEBUG net.serenitybdd.core.photography.Darkroom - Send negative for processing for target\site\serenity\4f7e1b33bd472b7ebe180c4b9aa2a7928d5a1a6ea68ced6a370857b552b04948.png
00:46:27.720 [main] DEBUG net.thucydides.core.steps.StepInterceptor - STEP DONE: descriptionclick
00:46:27.720 [Darkroom Processing Line] DEBUG net.serenitybdd.core.photography.DarkroomProcessingLine - Processing screenshot image in /var/screenshots/screenshot-10061880244440507033
00:46:27.720 [Darkroom Processing Line] DEBUG net.serenitybdd.core.photography.DarkroomProcessingLine - Saving screenshot to target\site\serenity\4f7e1b33bd472b7ebe180c4b9aa2a7928d5a1a6ea68ced6a370857b552b04948.png
00:46:27.723 [main] DEBUG net.thucydides.core.steps.StepInterceptor - STARTING STEP: ClassSteps.adminFillInAllThatIsOrdered - categoryclick
00:46:27.725 [Forwarding findElement on session 299b752a33cedd7f48a2d95593e8cd92 to remote] DEBUG org.asynchttpclient.netty.request.NettyRequestSender - Using pooled Channel '[id: 0xfaa7b9f6, L:/127.0.0.1:49619 - R:localhost/127.0.0.1:64781]' for 'POST' to 'http://localhost:64781/session/299b752a33cedd7f48a2d95593e8cd92/element'
00:46:27.725 [Forwarding findElement on session 299b752a33cedd7f48a2d95593e8cd92 to remote] DEBUG org.asynchttpclient.netty.request.NettyRequestSender - Using open Channel [id: 0xfaa7b9f6, L:/127.0.0.1:49619 - R:localhost/127.0.0.1:64781] for POST '/session/299b752a33cedd7f48a2d95593e8cd92/element'
00:46:27.731 [AsyncHttpClient-1-17] DEBUG org.asynchttpclient.netty.handler.HttpHandler - 

Request DefaultHttpRequest(decodeResult: success, version: HTTP/1.1)
POST /session/299b752a33cedd7f48a2d95593e8cd92/element HTTP/1.1
User-Agent: selenium/4.1.2 (java windows)
Content-Length: 94
Content-Type: application/json; charset=utf-8
host: localhost:64781
accept: */*

Response DefaultHttpResponse(decodeResult: success, version: HTTP/1.1)
HTTP/1.1 200 OK
Content-Type: application/json; charset=utf-8
cache-control: no-cache
content-length: 88

00:46:27.731 [AsyncHttpClient-1-17] DEBUG org.asynchttpclient.netty.channel.ChannelManager - Adding key: http://localhost:64781 for channel [id: 0xfaa7b9f6, L:/127.0.0.1:49619 - R:localhost/127.0.0.1:64781]
00:46:27.732 [Forwarding getElementTagName on session 299b752a33cedd7f48a2d95593e8cd92 to remote] DEBUG org.asynchttpclient.netty.request.NettyRequestSender - Using pooled Channel '[id: 0xfaa7b9f6, L:/127.0.0.1:49619 - R:localhost/127.0.0.1:64781]' for 'GET' to 'http://localhost:64781/session/299b752a33cedd7f48a2d95593e8cd92/element/ca00aa29-24f2-492f-bda8-02fa12a7f3a7/name'
00:46:27.732 [Forwarding getElementTagName on session 299b752a33cedd7f48a2d95593e8cd92 to remote] DEBUG org.asynchttpclient.netty.request.NettyRequestSender - Using open Channel [id: 0xfaa7b9f6, L:/127.0.0.1:49619 - R:localhost/127.0.0.1:64781] for GET '/session/299b752a33cedd7f48a2d95593e8cd92/element/ca00aa29-24f2-492f-bda8-02fa12a7f3a7/name'
00:46:27.734 [AsyncHttpClient-1-17] DEBUG org.asynchttpclient.netty.handler.HttpHandler - 

Request DefaultFullHttpRequest(decodeResult: success, version: HTTP/1.1, content: EmptyByteBufBE)
GET /session/299b752a33cedd7f48a2d95593e8cd92/element/ca00aa29-24f2-492f-bda8-02fa12a7f3a7/name HTTP/1.1
User-Agent: selenium/4.1.2 (java windows)
Cache-Control: no-cache
Content-Type: application/json; charset=utf-8
host: localhost:64781
accept: */*

Response DefaultHttpResponse(decodeResult: success, version: HTTP/1.1)
HTTP/1.1 200 OK
Content-Type: application/json; charset=utf-8
cache-control: no-cache
content-length: 15

00:46:27.734 [AsyncHttpClient-1-17] DEBUG org.asynchttpclient.netty.channel.ChannelManager - Adding key: http://localhost:64781 for channel [id: 0xfaa7b9f6, L:/127.0.0.1:49619 - R:localhost/127.0.0.1:64781]
00:46:27.735 [Forwarding getElementTagName on session 299b752a33cedd7f48a2d95593e8cd92 to remote] DEBUG org.asynchttpclient.netty.request.NettyRequestSender - Using pooled Channel '[id: 0xfaa7b9f6, L:/127.0.0.1:49619 - R:localhost/127.0.0.1:64781]' for 'GET' to 'http://localhost:64781/session/299b752a33cedd7f48a2d95593e8cd92/element/ca00aa29-24f2-492f-bda8-02fa12a7f3a7/name'
00:46:27.735 [Forwarding getElementTagName on session 299b752a33cedd7f48a2d95593e8cd92 to remote] DEBUG org.asynchttpclient.netty.request.NettyRequestSender - Using open Channel [id: 0xfaa7b9f6, L:/127.0.0.1:49619 - R:localhost/127.0.0.1:64781] for GET '/session/299b752a33cedd7f48a2d95593e8cd92/element/ca00aa29-24f2-492f-bda8-02fa12a7f3a7/name'
00:46:27.736 [AsyncHttpClient-1-17] DEBUG org.asynchttpclient.netty.handler.HttpHandler - 

Request DefaultFullHttpRequest(decodeResult: success, version: HTTP/1.1, content: EmptyByteBufBE)
GET /session/299b752a33cedd7f48a2d95593e8cd92/element/ca00aa29-24f2-492f-bda8-02fa12a7f3a7/name HTTP/1.1
User-Agent: selenium/4.1.2 (java windows)
Cache-Control: no-cache
Content-Type: application/json; charset=utf-8
host: localhost:64781
accept: */*

Response DefaultHttpResponse(decodeResult: success, version: HTTP/1.1)
HTTP/1.1 200 OK
Content-Type: application/json; charset=utf-8
cache-control: no-cache
content-length: 15

00:46:27.736 [AsyncHttpClient-1-17] DEBUG org.asynchttpclient.netty.channel.ChannelManager - Adding key: http://localhost:64781 for channel [id: 0xfaa7b9f6, L:/127.0.0.1:49619 - R:localhost/127.0.0.1:64781]
00:46:27.737 [Forwarding findElement on session 299b752a33cedd7f48a2d95593e8cd92 to remote] DEBUG org.asynchttpclient.netty.request.NettyRequestSender - Using pooled Channel '[id: 0xfaa7b9f6, L:/127.0.0.1:49619 - R:localhost/127.0.0.1:64781]' for 'POST' to 'http://localhost:64781/session/299b752a33cedd7f48a2d95593e8cd92/element'
00:46:27.737 [Forwarding findElement on session 299b752a33cedd7f48a2d95593e8cd92 to remote] DEBUG org.asynchttpclient.netty.request.NettyRequestSender - Using open Channel [id: 0xfaa7b9f6, L:/127.0.0.1:49619 - R:localhost/127.0.0.1:64781] for POST '/session/299b752a33cedd7f48a2d95593e8cd92/element'
00:46:27.740 [AsyncHttpClient-1-17] DEBUG org.asynchttpclient.netty.handler.HttpHandler - 

Request DefaultHttpRequest(decodeResult: success, version: HTTP/1.1)
POST /session/299b752a33cedd7f48a2d95593e8cd92/element HTTP/1.1
User-Agent: selenium/4.1.2 (java windows)
Content-Length: 94
Content-Type: application/json; charset=utf-8
host: localhost:64781
accept: */*

Response DefaultHttpResponse(decodeResult: success, version: HTTP/1.1)
HTTP/1.1 200 OK
Content-Type: application/json; charset=utf-8
cache-control: no-cache
content-length: 88

00:46:27.740 [AsyncHttpClient-1-17] DEBUG org.asynchttpclient.netty.channel.ChannelManager - Adding key: http://localhost:64781 for channel [id: 0xfaa7b9f6, L:/127.0.0.1:49619 - R:localhost/127.0.0.1:64781]
00:46:27.741 [Forwarding clickElement on session 299b752a33cedd7f48a2d95593e8cd92 to remote] DEBUG org.asynchttpclient.netty.request.NettyRequestSender - Using pooled Channel '[id: 0xfaa7b9f6, L:/127.0.0.1:49619 - R:localhost/127.0.0.1:64781]' for 'POST' to 'http://localhost:64781/session/299b752a33cedd7f48a2d95593e8cd92/element/ca00aa29-24f2-492f-bda8-02fa12a7f3a7/click'
00:46:27.741 [Forwarding clickElement on session 299b752a33cedd7f48a2d95593e8cd92 to remote] DEBUG org.asynchttpclient.netty.request.NettyRequestSender - Using open Channel [id: 0xfaa7b9f6, L:/127.0.0.1:49619 - R:localhost/127.0.0.1:64781] for POST '/session/299b752a33cedd7f48a2d95593e8cd92/element/ca00aa29-24f2-492f-bda8-02fa12a7f3a7/click'
00:46:27.764 [AsyncHttpClient-1-17] DEBUG org.asynchttpclient.netty.handler.HttpHandler - 

Request DefaultHttpRequest(decodeResult: success, version: HTTP/1.1)
POST /session/299b752a33cedd7f48a2d95593e8cd92/element/ca00aa29-24f2-492f-bda8-02fa12a7f3a7/click HTTP/1.1
User-Agent: selenium/4.1.2 (java windows)
Content-Length: 50
Content-Type: application/json; charset=utf-8
host: localhost:64781
accept: */*

Response DefaultHttpResponse(decodeResult: success, version: HTTP/1.1)
HTTP/1.1 200 OK
Content-Type: application/json; charset=utf-8
cache-control: no-cache
content-length: 14

00:46:27.764 [AsyncHttpClient-1-17] DEBUG org.asynchttpclient.netty.channel.ChannelManager - Adding key: http://localhost:64781 for channel [id: 0xfaa7b9f6, L:/127.0.0.1:49619 - R:localhost/127.0.0.1:64781]
00:46:27.767 [main] DEBUG net.thucydides.core.steps.StepInterceptor - STEP DONE: categoryclick
00:46:27.771 [Forwarding screenshot on session 299b752a33cedd7f48a2d95593e8cd92 to remote] DEBUG org.asynchttpclient.netty.request.NettyRequestSender - Using pooled Channel '[id: 0xfaa7b9f6, L:/127.0.0.1:49619 - R:localhost/127.0.0.1:64781]' for 'GET' to 'http://localhost:64781/session/299b752a33cedd7f48a2d95593e8cd92/screenshot'
00:46:27.771 [Forwarding screenshot on session 299b752a33cedd7f48a2d95593e8cd92 to remote] DEBUG org.asynchttpclient.netty.request.NettyRequestSender - Using open Channel [id: 0xfaa7b9f6, L:/127.0.0.1:49619 - R:localhost/127.0.0.1:64781] for GET '/session/299b752a33cedd7f48a2d95593e8cd92/screenshot'
00:46:27.887 [AsyncHttpClient-1-1] DEBUG org.asynchttpclient.netty.channel.DefaultChannelPool - Entry count for : http://localhost:49620 : 1
00:46:27.891 [AsyncHttpClient-1-17] DEBUG org.asynchttpclient.netty.handler.HttpHandler - 

Request DefaultFullHttpRequest(decodeResult: success, version: HTTP/1.1, content: EmptyByteBufBE)
GET /session/299b752a33cedd7f48a2d95593e8cd92/screenshot HTTP/1.1
User-Agent: selenium/4.1.2 (java windows)
Cache-Control: no-cache
Content-Type: application/json; charset=utf-8
host: localhost:64781
accept: */*

Response DefaultHttpResponse(decodeResult: success, version: HTTP/1.1)
HTTP/1.1 200 OK
Content-Type: application/json; charset=utf-8
cache-control: no-cache
content-length: 123452

00:46:27.891 [AsyncHttpClient-1-17] DEBUG org.asynchttpclient.netty.channel.ChannelManager - Adding key: http://localhost:64781 for channel [id: 0xfaa7b9f6, L:/127.0.0.1:49619 - R:localhost/127.0.0.1:64781]
00:46:27.893 [main] DEBUG net.serenitybdd.core.photography.Darkroom - Send negative for processing for target\site\serenity\506ceb9fb2c8db0947f758111715f65935a3b65a7b26489c17f491abbcf6d828.png
00:46:27.893 [main] DEBUG net.thucydides.core.steps.StepInterceptor - STARTING STEP: ClassSteps.adminFillInAllThatIsOrdered - selectcategory
00:46:27.894 [Darkroom Processing Line] DEBUG net.serenitybdd.core.photography.DarkroomProcessingLine - Processing screenshot image in /var/screenshots/screenshot-8548552696392515009
00:46:27.894 [Darkroom Processing Line] DEBUG net.serenitybdd.core.photography.DarkroomProcessingLine - Saving screenshot to target\site\serenity\506ceb9fb2c8db0947f758111715f65935a3b65a7b26489c17f491abbcf6d828.png
00:46:27.895 [Forwarding findElement on session 299b752a33cedd7f48a2d95593e8cd92 to remote] DEBUG org.asynchttpclient.netty.request.NettyRequestSender - Using pooled Channel '[id: 0xfaa7b9f6, L:/127.0.0.1:49619 - R:localhost/127.0.0.1:64781]' for 'POST' to 'http://localhost:64781/session/299b752a33cedd7f48a2d95593e8cd92/element'
00:46:27.895 [Forwarding findElement on session 299b752a33cedd7f48a2d95593e8cd92 to remote] DEBUG org.asynchttpclient.netty.request.NettyRequestSender - Using open Channel [id: 0xfaa7b9f6, L:/127.0.0.1:49619 - R:localhost/127.0.0.1:64781] for POST '/session/299b752a33cedd7f48a2d95593e8cd92/element'
00:46:27.902 [AsyncHttpClient-1-17] DEBUG org.asynchttpclient.netty.handler.HttpHandler - 

Request DefaultHttpRequest(decodeResult: success, version: HTTP/1.1)
POST /session/299b752a33cedd7f48a2d95593e8cd92/element HTTP/1.1
User-Agent: selenium/4.1.2 (java windows)
Content-Length: 71
Content-Type: application/json; charset=utf-8
host: localhost:64781
accept: */*

Response DefaultHttpResponse(decodeResult: success, version: HTTP/1.1)
HTTP/1.1 200 OK
Content-Type: application/json; charset=utf-8
cache-control: no-cache
content-length: 88

00:46:27.902 [AsyncHttpClient-1-17] DEBUG org.asynchttpclient.netty.channel.ChannelManager - Adding key: http://localhost:64781 for channel [id: 0xfaa7b9f6, L:/127.0.0.1:49619 - R:localhost/127.0.0.1:64781]
00:46:27.902 [Forwarding getElementTagName on session 299b752a33cedd7f48a2d95593e8cd92 to remote] DEBUG org.asynchttpclient.netty.request.NettyRequestSender - Using pooled Channel '[id: 0xfaa7b9f6, L:/127.0.0.1:49619 - R:localhost/127.0.0.1:64781]' for 'GET' to 'http://localhost:64781/session/299b752a33cedd7f48a2d95593e8cd92/element/38eaae37-95b2-4ab1-9e93-b6026184723d/name'
00:46:27.902 [Forwarding getElementTagName on session 299b752a33cedd7f48a2d95593e8cd92 to remote] DEBUG org.asynchttpclient.netty.request.NettyRequestSender - Using open Channel [id: 0xfaa7b9f6, L:/127.0.0.1:49619 - R:localhost/127.0.0.1:64781] for GET '/session/299b752a33cedd7f48a2d95593e8cd92/element/38eaae37-95b2-4ab1-9e93-b6026184723d/name'
00:46:27.905 [AsyncHttpClient-1-17] DEBUG org.asynchttpclient.netty.handler.HttpHandler - 

Request DefaultFullHttpRequest(decodeResult: success, version: HTTP/1.1, content: EmptyByteBufBE)
GET /session/299b752a33cedd7f48a2d95593e8cd92/element/38eaae37-95b2-4ab1-9e93-b6026184723d/name HTTP/1.1
User-Agent: selenium/4.1.2 (java windows)
Cache-Control: no-cache
Content-Type: application/json; charset=utf-8
host: localhost:64781
accept: */*

Response DefaultHttpResponse(decodeResult: success, version: HTTP/1.1)
HTTP/1.1 200 OK
Content-Type: application/json; charset=utf-8
cache-control: no-cache
content-length: 15

00:46:27.905 [AsyncHttpClient-1-17] DEBUG org.asynchttpclient.netty.channel.ChannelManager - Adding key: http://localhost:64781 for channel [id: 0xfaa7b9f6, L:/127.0.0.1:49619 - R:localhost/127.0.0.1:64781]
00:46:27.906 [Forwarding getElementTagName on session 299b752a33cedd7f48a2d95593e8cd92 to remote] DEBUG org.asynchttpclient.netty.request.NettyRequestSender - Using pooled Channel '[id: 0xfaa7b9f6, L:/127.0.0.1:49619 - R:localhost/127.0.0.1:64781]' for 'GET' to 'http://localhost:64781/session/299b752a33cedd7f48a2d95593e8cd92/element/38eaae37-95b2-4ab1-9e93-b6026184723d/name'
00:46:27.906 [Forwarding getElementTagName on session 299b752a33cedd7f48a2d95593e8cd92 to remote] DEBUG org.asynchttpclient.netty.request.NettyRequestSender - Using open Channel [id: 0xfaa7b9f6, L:/127.0.0.1:49619 - R:localhost/127.0.0.1:64781] for GET '/session/299b752a33cedd7f48a2d95593e8cd92/element/38eaae37-95b2-4ab1-9e93-b6026184723d/name'
00:46:27.908 [AsyncHttpClient-1-17] DEBUG org.asynchttpclient.netty.handler.HttpHandler - 

Request DefaultFullHttpRequest(decodeResult: success, version: HTTP/1.1, content: EmptyByteBufBE)
GET /session/299b752a33cedd7f48a2d95593e8cd92/element/38eaae37-95b2-4ab1-9e93-b6026184723d/name HTTP/1.1
User-Agent: selenium/4.1.2 (java windows)
Cache-Control: no-cache
Content-Type: application/json; charset=utf-8
host: localhost:64781
accept: */*

Response DefaultHttpResponse(decodeResult: success, version: HTTP/1.1)
HTTP/1.1 200 OK
Content-Type: application/json; charset=utf-8
cache-control: no-cache
content-length: 15

00:46:27.908 [AsyncHttpClient-1-17] DEBUG org.asynchttpclient.netty.channel.ChannelManager - Adding key: http://localhost:64781 for channel [id: 0xfaa7b9f6, L:/127.0.0.1:49619 - R:localhost/127.0.0.1:64781]
00:46:27.909 [Forwarding findElement on session 299b752a33cedd7f48a2d95593e8cd92 to remote] DEBUG org.asynchttpclient.netty.request.NettyRequestSender - Using pooled Channel '[id: 0xfaa7b9f6, L:/127.0.0.1:49619 - R:localhost/127.0.0.1:64781]' for 'POST' to 'http://localhost:64781/session/299b752a33cedd7f48a2d95593e8cd92/element'
00:46:27.909 [Forwarding findElement on session 299b752a33cedd7f48a2d95593e8cd92 to remote] DEBUG org.asynchttpclient.netty.request.NettyRequestSender - Using open Channel [id: 0xfaa7b9f6, L:/127.0.0.1:49619 - R:localhost/127.0.0.1:64781] for POST '/session/299b752a33cedd7f48a2d95593e8cd92/element'
00:46:27.912 [AsyncHttpClient-1-17] DEBUG org.asynchttpclient.netty.handler.HttpHandler - 

Request DefaultHttpRequest(decodeResult: success, version: HTTP/1.1)
POST /session/299b752a33cedd7f48a2d95593e8cd92/element HTTP/1.1
User-Agent: selenium/4.1.2 (java windows)
Content-Length: 71
Content-Type: application/json; charset=utf-8
host: localhost:64781
accept: */*

Response DefaultHttpResponse(decodeResult: success, version: HTTP/1.1)
HTTP/1.1 200 OK
Content-Type: application/json; charset=utf-8
cache-control: no-cache
content-length: 88

00:46:27.912 [AsyncHttpClient-1-17] DEBUG org.asynchttpclient.netty.channel.ChannelManager - Adding key: http://localhost:64781 for channel [id: 0xfaa7b9f6, L:/127.0.0.1:49619 - R:localhost/127.0.0.1:64781]
00:46:27.913 [Forwarding clickElement on session 299b752a33cedd7f48a2d95593e8cd92 to remote] DEBUG org.asynchttpclient.netty.request.NettyRequestSender - Using pooled Channel '[id: 0xfaa7b9f6, L:/127.0.0.1:49619 - R:localhost/127.0.0.1:64781]' for 'POST' to 'http://localhost:64781/session/299b752a33cedd7f48a2d95593e8cd92/element/38eaae37-95b2-4ab1-9e93-b6026184723d/click'
00:46:27.913 [Forwarding clickElement on session 299b752a33cedd7f48a2d95593e8cd92 to remote] DEBUG org.asynchttpclient.netty.request.NettyRequestSender - Using open Channel [id: 0xfaa7b9f6, L:/127.0.0.1:49619 - R:localhost/127.0.0.1:64781] for POST '/session/299b752a33cedd7f48a2d95593e8cd92/element/38eaae37-95b2-4ab1-9e93-b6026184723d/click'
00:46:27.940 [AsyncHttpClient-1-17] DEBUG org.asynchttpclient.netty.handler.HttpHandler - 

Request DefaultHttpRequest(decodeResult: success, version: HTTP/1.1)
POST /session/299b752a33cedd7f48a2d95593e8cd92/element/38eaae37-95b2-4ab1-9e93-b6026184723d/click HTTP/1.1
User-Agent: selenium/4.1.2 (java windows)
Content-Length: 50
Content-Type: application/json; charset=utf-8
host: localhost:64781
accept: */*

Response DefaultHttpResponse(decodeResult: success, version: HTTP/1.1)
HTTP/1.1 200 OK
Content-Type: application/json; charset=utf-8
cache-control: no-cache
content-length: 14

00:46:27.940 [AsyncHttpClient-1-17] DEBUG org.asynchttpclient.netty.channel.ChannelManager - Adding key: http://localhost:64781 for channel [id: 0xfaa7b9f6, L:/127.0.0.1:49619 - R:localhost/127.0.0.1:64781]
00:46:27.944 [Forwarding screenshot on session 299b752a33cedd7f48a2d95593e8cd92 to remote] DEBUG org.asynchttpclient.netty.request.NettyRequestSender - Using pooled Channel '[id: 0xfaa7b9f6, L:/127.0.0.1:49619 - R:localhost/127.0.0.1:64781]' for 'GET' to 'http://localhost:64781/session/299b752a33cedd7f48a2d95593e8cd92/screenshot'
00:46:27.944 [Forwarding screenshot on session 299b752a33cedd7f48a2d95593e8cd92 to remote] DEBUG org.asynchttpclient.netty.request.NettyRequestSender - Using open Channel [id: 0xfaa7b9f6, L:/127.0.0.1:49619 - R:localhost/127.0.0.1:64781] for GET '/session/299b752a33cedd7f48a2d95593e8cd92/screenshot'
00:46:28.053 [AsyncHttpClient-1-17] DEBUG org.asynchttpclient.netty.handler.HttpHandler - 

Request DefaultFullHttpRequest(decodeResult: success, version: HTTP/1.1, content: EmptyByteBufBE)
GET /session/299b752a33cedd7f48a2d95593e8cd92/screenshot HTTP/1.1
User-Agent: selenium/4.1.2 (java windows)
Cache-Control: no-cache
Content-Type: application/json; charset=utf-8
host: localhost:64781
accept: */*

Response DefaultHttpResponse(decodeResult: success, version: HTTP/1.1)
HTTP/1.1 200 OK
Content-Type: application/json; charset=utf-8
cache-control: no-cache
content-length: 121180

00:46:28.053 [AsyncHttpClient-1-17] DEBUG org.asynchttpclient.netty.channel.ChannelManager - Adding key: http://localhost:64781 for channel [id: 0xfaa7b9f6, L:/127.0.0.1:49619 - R:localhost/127.0.0.1:64781]
00:46:28.056 [main] DEBUG net.serenitybdd.core.photography.Darkroom - Send negative for processing for target\site\serenity\a17379290abf043b56a4dfeaae77bcaa44c2dfa018b91f81fcb15d113c2b6a0b.png
00:46:28.056 [main] DEBUG net.thucydides.core.steps.StepInterceptor - STEP DONE: selectcategory
00:46:28.056 [Darkroom Processing Line] DEBUG net.serenitybdd.core.photography.DarkroomProcessingLine - Processing screenshot image in /var/screenshots/screenshot-1499620475734861865
00:46:28.056 [Darkroom Processing Line] DEBUG net.serenitybdd.core.photography.DarkroomProcessingLine - Saving screenshot to target\site\serenity\a17379290abf043b56a4dfeaae77bcaa44c2dfa018b91f81fcb15d113c2b6a0b.png
00:46:28.060 [main] DEBUG net.thucydides.core.steps.StepInterceptor - STARTING STEP: ClassSteps.adminFillInAllThatIsOrdered - linkclick
00:46:28.061 [Forwarding findElement on session 299b752a33cedd7f48a2d95593e8cd92 to remote] DEBUG org.asynchttpclient.netty.request.NettyRequestSender - Using pooled Channel '[id: 0xfaa7b9f6, L:/127.0.0.1:49619 - R:localhost/127.0.0.1:64781]' for 'POST' to 'http://localhost:64781/session/299b752a33cedd7f48a2d95593e8cd92/element'
00:46:28.061 [Forwarding findElement on session 299b752a33cedd7f48a2d95593e8cd92 to remote] DEBUG org.asynchttpclient.netty.request.NettyRequestSender - Using open Channel [id: 0xfaa7b9f6, L:/127.0.0.1:49619 - R:localhost/127.0.0.1:64781] for POST '/session/299b752a33cedd7f48a2d95593e8cd92/element'
00:46:28.068 [AsyncHttpClient-1-17] DEBUG org.asynchttpclient.netty.handler.HttpHandler - 

Request DefaultHttpRequest(decodeResult: success, version: HTTP/1.1)
POST /session/299b752a33cedd7f48a2d95593e8cd92/element HTTP/1.1
User-Agent: selenium/4.1.2 (java windows)
Content-Length: 92
Content-Type: application/json; charset=utf-8
host: localhost:64781
accept: */*

Response DefaultHttpResponse(decodeResult: success, version: HTTP/1.1)
HTTP/1.1 200 OK
Content-Type: application/json; charset=utf-8
cache-control: no-cache
content-length: 88

00:46:28.068 [AsyncHttpClient-1-17] DEBUG org.asynchttpclient.netty.channel.ChannelManager - Adding key: http://localhost:64781 for channel [id: 0xfaa7b9f6, L:/127.0.0.1:49619 - R:localhost/127.0.0.1:64781]
00:46:28.068 [Forwarding clearElement on session 299b752a33cedd7f48a2d95593e8cd92 to remote] DEBUG org.asynchttpclient.netty.request.NettyRequestSender - Using pooled Channel '[id: 0xfaa7b9f6, L:/127.0.0.1:49619 - R:localhost/127.0.0.1:64781]' for 'POST' to 'http://localhost:64781/session/299b752a33cedd7f48a2d95593e8cd92/element/707e7cb2-7a56-47bd-9bc8-d125ccfc70d3/clear'
00:46:28.068 [Forwarding clearElement on session 299b752a33cedd7f48a2d95593e8cd92 to remote] DEBUG org.asynchttpclient.netty.request.NettyRequestSender - Using open Channel [id: 0xfaa7b9f6, L:/127.0.0.1:49619 - R:localhost/127.0.0.1:64781] for POST '/session/299b752a33cedd7f48a2d95593e8cd92/element/707e7cb2-7a56-47bd-9bc8-d125ccfc70d3/clear'
00:46:28.085 [AsyncHttpClient-1-17] DEBUG org.asynchttpclient.netty.handler.HttpHandler - 

Request DefaultHttpRequest(decodeResult: success, version: HTTP/1.1)
POST /session/299b752a33cedd7f48a2d95593e8cd92/element/707e7cb2-7a56-47bd-9bc8-d125ccfc70d3/clear HTTP/1.1
User-Agent: selenium/4.1.2 (java windows)
Content-Length: 50
Content-Type: application/json; charset=utf-8
host: localhost:64781
accept: */*

Response DefaultHttpResponse(decodeResult: success, version: HTTP/1.1)
HTTP/1.1 200 OK
Content-Type: application/json; charset=utf-8
cache-control: no-cache
content-length: 14

00:46:28.085 [AsyncHttpClient-1-17] DEBUG org.asynchttpclient.netty.channel.ChannelManager - Adding key: http://localhost:64781 for channel [id: 0xfaa7b9f6, L:/127.0.0.1:49619 - R:localhost/127.0.0.1:64781]
00:46:28.086 [Forwarding sendKeysToElement on session 299b752a33cedd7f48a2d95593e8cd92 to remote] DEBUG org.asynchttpclient.netty.request.NettyRequestSender - Using pooled Channel '[id: 0xfaa7b9f6, L:/127.0.0.1:49619 - R:localhost/127.0.0.1:64781]' for 'POST' to 'http://localhost:64781/session/299b752a33cedd7f48a2d95593e8cd92/element/707e7cb2-7a56-47bd-9bc8-d125ccfc70d3/value'
00:46:28.086 [Forwarding sendKeysToElement on session 299b752a33cedd7f48a2d95593e8cd92 to remote] DEBUG org.asynchttpclient.netty.request.NettyRequestSender - Using open Channel [id: 0xfaa7b9f6, L:/127.0.0.1:49619 - R:localhost/127.0.0.1:64781] for POST '/session/299b752a33cedd7f48a2d95593e8cd92/element/707e7cb2-7a56-47bd-9bc8-d125ccfc70d3/value'
00:46:28.430 [AsyncHttpClient-1-17] DEBUG org.asynchttpclient.netty.handler.HttpHandler - 

Request DefaultHttpRequest(decodeResult: success, version: HTTP/1.1)
POST /session/299b752a33cedd7f48a2d95593e8cd92/element/707e7cb2-7a56-47bd-9bc8-d125ccfc70d3/value HTTP/1.1
User-Agent: selenium/4.1.2 (java windows)
Content-Length: 541
Content-Type: application/json; charset=utf-8
host: localhost:64781
accept: */*

Response DefaultHttpResponse(decodeResult: success, version: HTTP/1.1)
HTTP/1.1 200 OK
Content-Type: application/json; charset=utf-8
cache-control: no-cache
content-length: 14

00:46:28.430 [AsyncHttpClient-1-17] DEBUG org.asynchttpclient.netty.channel.ChannelManager - Adding key: http://localhost:64781 for channel [id: 0xfaa7b9f6, L:/127.0.0.1:49619 - R:localhost/127.0.0.1:64781]
00:46:28.434 [Forwarding screenshot on session 299b752a33cedd7f48a2d95593e8cd92 to remote] DEBUG org.asynchttpclient.netty.request.NettyRequestSender - Using pooled Channel '[id: 0xfaa7b9f6, L:/127.0.0.1:49619 - R:localhost/127.0.0.1:64781]' for 'GET' to 'http://localhost:64781/session/299b752a33cedd7f48a2d95593e8cd92/screenshot'
00:46:28.434 [Forwarding screenshot on session 299b752a33cedd7f48a2d95593e8cd92 to remote] DEBUG org.asynchttpclient.netty.request.NettyRequestSender - Using open Channel [id: 0xfaa7b9f6, L:/127.0.0.1:49619 - R:localhost/127.0.0.1:64781] for GET '/session/299b752a33cedd7f48a2d95593e8cd92/screenshot'
00:46:28.540 [AsyncHttpClient-1-17] DEBUG org.asynchttpclient.netty.handler.HttpHandler - 

Request DefaultFullHttpRequest(decodeResult: success, version: HTTP/1.1, content: EmptyByteBufBE)
GET /session/299b752a33cedd7f48a2d95593e8cd92/screenshot HTTP/1.1
User-Agent: selenium/4.1.2 (java windows)
Cache-Control: no-cache
Content-Type: application/json; charset=utf-8
host: localhost:64781
accept: */*

Response DefaultHttpResponse(decodeResult: success, version: HTTP/1.1)
HTTP/1.1 200 OK
Content-Type: application/json; charset=utf-8
cache-control: no-cache
content-length: 125112

00:46:28.540 [AsyncHttpClient-1-17] DEBUG org.asynchttpclient.netty.channel.ChannelManager - Adding key: http://localhost:64781 for channel [id: 0xfaa7b9f6, L:/127.0.0.1:49619 - R:localhost/127.0.0.1:64781]
00:46:28.542 [main] DEBUG net.serenitybdd.core.photography.Darkroom - Send negative for processing for target\site\serenity\de174a345050798c581db0298284221d6028ded32198f8269460510275c3ddda.png
00:46:28.543 [main] DEBUG net.thucydides.core.steps.StepInterceptor - STEP DONE: linkclick
00:46:28.543 [Darkroom Processing Line] DEBUG net.serenitybdd.core.photography.DarkroomProcessingLine - Processing screenshot image in /var/screenshots/screenshot-11964817812532309647
00:46:28.543 [Darkroom Processing Line] DEBUG net.serenitybdd.core.photography.DarkroomProcessingLine - Saving screenshot to target\site\serenity\de174a345050798c581db0298284221d6028ded32198f8269460510275c3ddda.png
00:46:28.546 [main] DEBUG net.thucydides.core.steps.StepInterceptor - STARTING STEP: ClassSteps.adminFillInAllThatIsOrdered - statusclick
00:46:28.548 [Forwarding findElement on session 299b752a33cedd7f48a2d95593e8cd92 to remote] DEBUG org.asynchttpclient.netty.request.NettyRequestSender - Using pooled Channel '[id: 0xfaa7b9f6, L:/127.0.0.1:49619 - R:localhost/127.0.0.1:64781]' for 'POST' to 'http://localhost:64781/session/299b752a33cedd7f48a2d95593e8cd92/element'
00:46:28.548 [Forwarding findElement on session 299b752a33cedd7f48a2d95593e8cd92 to remote] DEBUG org.asynchttpclient.netty.request.NettyRequestSender - Using open Channel [id: 0xfaa7b9f6, L:/127.0.0.1:49619 - R:localhost/127.0.0.1:64781] for POST '/session/299b752a33cedd7f48a2d95593e8cd92/element'
00:46:28.555 [AsyncHttpClient-1-17] DEBUG org.asynchttpclient.netty.handler.HttpHandler - 

Request DefaultHttpRequest(decodeResult: success, version: HTTP/1.1)
POST /session/299b752a33cedd7f48a2d95593e8cd92/element HTTP/1.1
User-Agent: selenium/4.1.2 (java windows)
Content-Length: 94
Content-Type: application/json; charset=utf-8
host: localhost:64781
accept: */*

Response DefaultHttpResponse(decodeResult: success, version: HTTP/1.1)
HTTP/1.1 200 OK
Content-Type: application/json; charset=utf-8
cache-control: no-cache
content-length: 88

00:46:28.555 [AsyncHttpClient-1-17] DEBUG org.asynchttpclient.netty.channel.ChannelManager - Adding key: http://localhost:64781 for channel [id: 0xfaa7b9f6, L:/127.0.0.1:49619 - R:localhost/127.0.0.1:64781]
00:46:28.556 [Forwarding getElementTagName on session 299b752a33cedd7f48a2d95593e8cd92 to remote] DEBUG org.asynchttpclient.netty.request.NettyRequestSender - Using pooled Channel '[id: 0xfaa7b9f6, L:/127.0.0.1:49619 - R:localhost/127.0.0.1:64781]' for 'GET' to 'http://localhost:64781/session/299b752a33cedd7f48a2d95593e8cd92/element/323ad2d5-ca24-4944-ad17-4b040243a6f0/name'
00:46:28.556 [Forwarding getElementTagName on session 299b752a33cedd7f48a2d95593e8cd92 to remote] DEBUG org.asynchttpclient.netty.request.NettyRequestSender - Using open Channel [id: 0xfaa7b9f6, L:/127.0.0.1:49619 - R:localhost/127.0.0.1:64781] for GET '/session/299b752a33cedd7f48a2d95593e8cd92/element/323ad2d5-ca24-4944-ad17-4b040243a6f0/name'
00:46:28.558 [AsyncHttpClient-1-17] DEBUG org.asynchttpclient.netty.handler.HttpHandler - 

Request DefaultFullHttpRequest(decodeResult: success, version: HTTP/1.1, content: EmptyByteBufBE)
GET /session/299b752a33cedd7f48a2d95593e8cd92/element/323ad2d5-ca24-4944-ad17-4b040243a6f0/name HTTP/1.1
User-Agent: selenium/4.1.2 (java windows)
Cache-Control: no-cache
Content-Type: application/json; charset=utf-8
host: localhost:64781
accept: */*

Response DefaultHttpResponse(decodeResult: success, version: HTTP/1.1)
HTTP/1.1 200 OK
Content-Type: application/json; charset=utf-8
cache-control: no-cache
content-length: 15

00:46:28.558 [AsyncHttpClient-1-17] DEBUG org.asynchttpclient.netty.channel.ChannelManager - Adding key: http://localhost:64781 for channel [id: 0xfaa7b9f6, L:/127.0.0.1:49619 - R:localhost/127.0.0.1:64781]
00:46:28.559 [Forwarding getElementTagName on session 299b752a33cedd7f48a2d95593e8cd92 to remote] DEBUG org.asynchttpclient.netty.request.NettyRequestSender - Using pooled Channel '[id: 0xfaa7b9f6, L:/127.0.0.1:49619 - R:localhost/127.0.0.1:64781]' for 'GET' to 'http://localhost:64781/session/299b752a33cedd7f48a2d95593e8cd92/element/323ad2d5-ca24-4944-ad17-4b040243a6f0/name'
00:46:28.559 [Forwarding getElementTagName on session 299b752a33cedd7f48a2d95593e8cd92 to remote] DEBUG org.asynchttpclient.netty.request.NettyRequestSender - Using open Channel [id: 0xfaa7b9f6, L:/127.0.0.1:49619 - R:localhost/127.0.0.1:64781] for GET '/session/299b752a33cedd7f48a2d95593e8cd92/element/323ad2d5-ca24-4944-ad17-4b040243a6f0/name'
00:46:28.560 [AsyncHttpClient-1-17] DEBUG org.asynchttpclient.netty.handler.HttpHandler - 

Request DefaultFullHttpRequest(decodeResult: success, version: HTTP/1.1, content: EmptyByteBufBE)
GET /session/299b752a33cedd7f48a2d95593e8cd92/element/323ad2d5-ca24-4944-ad17-4b040243a6f0/name HTTP/1.1
User-Agent: selenium/4.1.2 (java windows)
Cache-Control: no-cache
Content-Type: application/json; charset=utf-8
host: localhost:64781
accept: */*

Response DefaultHttpResponse(decodeResult: success, version: HTTP/1.1)
HTTP/1.1 200 OK
Content-Type: application/json; charset=utf-8
cache-control: no-cache
content-length: 15

00:46:28.560 [AsyncHttpClient-1-17] DEBUG org.asynchttpclient.netty.channel.ChannelManager - Adding key: http://localhost:64781 for channel [id: 0xfaa7b9f6, L:/127.0.0.1:49619 - R:localhost/127.0.0.1:64781]
00:46:28.561 [Forwarding findElement on session 299b752a33cedd7f48a2d95593e8cd92 to remote] DEBUG org.asynchttpclient.netty.request.NettyRequestSender - Using pooled Channel '[id: 0xfaa7b9f6, L:/127.0.0.1:49619 - R:localhost/127.0.0.1:64781]' for 'POST' to 'http://localhost:64781/session/299b752a33cedd7f48a2d95593e8cd92/element'
00:46:28.561 [Forwarding findElement on session 299b752a33cedd7f48a2d95593e8cd92 to remote] DEBUG org.asynchttpclient.netty.request.NettyRequestSender - Using open Channel [id: 0xfaa7b9f6, L:/127.0.0.1:49619 - R:localhost/127.0.0.1:64781] for POST '/session/299b752a33cedd7f48a2d95593e8cd92/element'
00:46:28.564 [AsyncHttpClient-1-17] DEBUG org.asynchttpclient.netty.handler.HttpHandler - 

Request DefaultHttpRequest(decodeResult: success, version: HTTP/1.1)
POST /session/299b752a33cedd7f48a2d95593e8cd92/element HTTP/1.1
User-Agent: selenium/4.1.2 (java windows)
Content-Length: 94
Content-Type: application/json; charset=utf-8
host: localhost:64781
accept: */*

Response DefaultHttpResponse(decodeResult: success, version: HTTP/1.1)
HTTP/1.1 200 OK
Content-Type: application/json; charset=utf-8
cache-control: no-cache
content-length: 88

00:46:28.564 [AsyncHttpClient-1-17] DEBUG org.asynchttpclient.netty.channel.ChannelManager - Adding key: http://localhost:64781 for channel [id: 0xfaa7b9f6, L:/127.0.0.1:49619 - R:localhost/127.0.0.1:64781]
00:46:28.564 [Forwarding clickElement on session 299b752a33cedd7f48a2d95593e8cd92 to remote] DEBUG org.asynchttpclient.netty.request.NettyRequestSender - Using pooled Channel '[id: 0xfaa7b9f6, L:/127.0.0.1:49619 - R:localhost/127.0.0.1:64781]' for 'POST' to 'http://localhost:64781/session/299b752a33cedd7f48a2d95593e8cd92/element/323ad2d5-ca24-4944-ad17-4b040243a6f0/click'
00:46:28.564 [Forwarding clickElement on session 299b752a33cedd7f48a2d95593e8cd92 to remote] DEBUG org.asynchttpclient.netty.request.NettyRequestSender - Using open Channel [id: 0xfaa7b9f6, L:/127.0.0.1:49619 - R:localhost/127.0.0.1:64781] for POST '/session/299b752a33cedd7f48a2d95593e8cd92/element/323ad2d5-ca24-4944-ad17-4b040243a6f0/click'
00:46:28.588 [AsyncHttpClient-1-17] DEBUG org.asynchttpclient.netty.handler.HttpHandler - 

Request DefaultHttpRequest(decodeResult: success, version: HTTP/1.1)
POST /session/299b752a33cedd7f48a2d95593e8cd92/element/323ad2d5-ca24-4944-ad17-4b040243a6f0/click HTTP/1.1
User-Agent: selenium/4.1.2 (java windows)
Content-Length: 50
Content-Type: application/json; charset=utf-8
host: localhost:64781
accept: */*

Response DefaultHttpResponse(decodeResult: success, version: HTTP/1.1)
HTTP/1.1 200 OK
Content-Type: application/json; charset=utf-8
cache-control: no-cache
content-length: 14

00:46:28.589 [AsyncHttpClient-1-17] DEBUG org.asynchttpclient.netty.channel.ChannelManager - Adding key: http://localhost:64781 for channel [id: 0xfaa7b9f6, L:/127.0.0.1:49619 - R:localhost/127.0.0.1:64781]
00:46:28.593 [Forwarding screenshot on session 299b752a33cedd7f48a2d95593e8cd92 to remote] DEBUG org.asynchttpclient.netty.request.NettyRequestSender - Using pooled Channel '[id: 0xfaa7b9f6, L:/127.0.0.1:49619 - R:localhost/127.0.0.1:64781]' for 'GET' to 'http://localhost:64781/session/299b752a33cedd7f48a2d95593e8cd92/screenshot'
00:46:28.593 [Forwarding screenshot on session 299b752a33cedd7f48a2d95593e8cd92 to remote] DEBUG org.asynchttpclient.netty.request.NettyRequestSender - Using open Channel [id: 0xfaa7b9f6, L:/127.0.0.1:49619 - R:localhost/127.0.0.1:64781] for GET '/session/299b752a33cedd7f48a2d95593e8cd92/screenshot'
00:46:28.705 [AsyncHttpClient-1-17] DEBUG org.asynchttpclient.netty.handler.HttpHandler - 

Request DefaultFullHttpRequest(decodeResult: success, version: HTTP/1.1, content: EmptyByteBufBE)
GET /session/299b752a33cedd7f48a2d95593e8cd92/screenshot HTTP/1.1
User-Agent: selenium/4.1.2 (java windows)
Cache-Control: no-cache
Content-Type: application/json; charset=utf-8
host: localhost:64781
accept: */*

Response DefaultHttpResponse(decodeResult: success, version: HTTP/1.1)
HTTP/1.1 200 OK
Content-Type: application/json; charset=utf-8
cache-control: no-cache
content-length: 128972

00:46:28.705 [AsyncHttpClient-1-17] DEBUG org.asynchttpclient.netty.channel.ChannelManager - Adding key: http://localhost:64781 for channel [id: 0xfaa7b9f6, L:/127.0.0.1:49619 - R:localhost/127.0.0.1:64781]
00:46:28.707 [main] DEBUG net.serenitybdd.core.photography.Darkroom - Send negative for processing for target\site\serenity\0f2bc9792b5d344514749034e2fdfd3f17c6bd62e1765d84b09358787049ea9f.png
00:46:28.707 [main] DEBUG net.thucydides.core.steps.StepInterceptor - STEP DONE: statusclick
00:46:28.708 [Darkroom Processing Line] DEBUG net.serenitybdd.core.photography.DarkroomProcessingLine - Processing screenshot image in /var/screenshots/screenshot-2819483248132820015
00:46:28.708 [Darkroom Processing Line] DEBUG net.serenitybdd.core.photography.DarkroomProcessingLine - Saving screenshot to target\site\serenity\0f2bc9792b5d344514749034e2fdfd3f17c6bd62e1765d84b09358787049ea9f.png
00:46:28.711 [main] DEBUG net.thucydides.core.steps.StepInterceptor - STARTING STEP: ClassSteps.adminFillInAllThatIsOrdered - selectstatus
00:46:28.712 [Forwarding findElement on session 299b752a33cedd7f48a2d95593e8cd92 to remote] DEBUG org.asynchttpclient.netty.request.NettyRequestSender - Using pooled Channel '[id: 0xfaa7b9f6, L:/127.0.0.1:49619 - R:localhost/127.0.0.1:64781]' for 'POST' to 'http://localhost:64781/session/299b752a33cedd7f48a2d95593e8cd92/element'
00:46:28.712 [Forwarding findElement on session 299b752a33cedd7f48a2d95593e8cd92 to remote] DEBUG org.asynchttpclient.netty.request.NettyRequestSender - Using open Channel [id: 0xfaa7b9f6, L:/127.0.0.1:49619 - R:localhost/127.0.0.1:64781] for POST '/session/299b752a33cedd7f48a2d95593e8cd92/element'
00:46:28.718 [AsyncHttpClient-1-17] DEBUG org.asynchttpclient.netty.handler.HttpHandler - 

Request DefaultHttpRequest(decodeResult: success, version: HTTP/1.1)
POST /session/299b752a33cedd7f48a2d95593e8cd92/element HTTP/1.1
User-Agent: selenium/4.1.2 (java windows)
Content-Length: 71
Content-Type: application/json; charset=utf-8
host: localhost:64781
accept: */*

Response DefaultHttpResponse(decodeResult: success, version: HTTP/1.1)
HTTP/1.1 200 OK
Content-Type: application/json; charset=utf-8
cache-control: no-cache
content-length: 88

00:46:28.719 [AsyncHttpClient-1-17] DEBUG org.asynchttpclient.netty.channel.ChannelManager - Adding key: http://localhost:64781 for channel [id: 0xfaa7b9f6, L:/127.0.0.1:49619 - R:localhost/127.0.0.1:64781]
00:46:28.719 [Forwarding getElementTagName on session 299b752a33cedd7f48a2d95593e8cd92 to remote] DEBUG org.asynchttpclient.netty.request.NettyRequestSender - Using pooled Channel '[id: 0xfaa7b9f6, L:/127.0.0.1:49619 - R:localhost/127.0.0.1:64781]' for 'GET' to 'http://localhost:64781/session/299b752a33cedd7f48a2d95593e8cd92/element/69f88860-b156-4dd1-b857-0af76f3054ed/name'
00:46:28.719 [Forwarding getElementTagName on session 299b752a33cedd7f48a2d95593e8cd92 to remote] DEBUG org.asynchttpclient.netty.request.NettyRequestSender - Using open Channel [id: 0xfaa7b9f6, L:/127.0.0.1:49619 - R:localhost/127.0.0.1:64781] for GET '/session/299b752a33cedd7f48a2d95593e8cd92/element/69f88860-b156-4dd1-b857-0af76f3054ed/name'
00:46:28.721 [AsyncHttpClient-1-17] DEBUG org.asynchttpclient.netty.handler.HttpHandler - 

Request DefaultFullHttpRequest(decodeResult: success, version: HTTP/1.1, content: EmptyByteBufBE)
GET /session/299b752a33cedd7f48a2d95593e8cd92/element/69f88860-b156-4dd1-b857-0af76f3054ed/name HTTP/1.1
User-Agent: selenium/4.1.2 (java windows)
Cache-Control: no-cache
Content-Type: application/json; charset=utf-8
host: localhost:64781
accept: */*

Response DefaultHttpResponse(decodeResult: success, version: HTTP/1.1)
HTTP/1.1 200 OK
Content-Type: application/json; charset=utf-8
cache-control: no-cache
content-length: 15

00:46:28.722 [AsyncHttpClient-1-17] DEBUG org.asynchttpclient.netty.channel.ChannelManager - Adding key: http://localhost:64781 for channel [id: 0xfaa7b9f6, L:/127.0.0.1:49619 - R:localhost/127.0.0.1:64781]
00:46:28.722 [Forwarding getElementTagName on session 299b752a33cedd7f48a2d95593e8cd92 to remote] DEBUG org.asynchttpclient.netty.request.NettyRequestSender - Using pooled Channel '[id: 0xfaa7b9f6, L:/127.0.0.1:49619 - R:localhost/127.0.0.1:64781]' for 'GET' to 'http://localhost:64781/session/299b752a33cedd7f48a2d95593e8cd92/element/69f88860-b156-4dd1-b857-0af76f3054ed/name'
00:46:28.722 [Forwarding getElementTagName on session 299b752a33cedd7f48a2d95593e8cd92 to remote] DEBUG org.asynchttpclient.netty.request.NettyRequestSender - Using open Channel [id: 0xfaa7b9f6, L:/127.0.0.1:49619 - R:localhost/127.0.0.1:64781] for GET '/session/299b752a33cedd7f48a2d95593e8cd92/element/69f88860-b156-4dd1-b857-0af76f3054ed/name'
00:46:28.723 [AsyncHttpClient-1-17] DEBUG org.asynchttpclient.netty.handler.HttpHandler - 

Request DefaultFullHttpRequest(decodeResult: success, version: HTTP/1.1, content: EmptyByteBufBE)
GET /session/299b752a33cedd7f48a2d95593e8cd92/element/69f88860-b156-4dd1-b857-0af76f3054ed/name HTTP/1.1
User-Agent: selenium/4.1.2 (java windows)
Cache-Control: no-cache
Content-Type: application/json; charset=utf-8
host: localhost:64781
accept: */*

Response DefaultHttpResponse(decodeResult: success, version: HTTP/1.1)
HTTP/1.1 200 OK
Content-Type: application/json; charset=utf-8
cache-control: no-cache
content-length: 15

00:46:28.723 [AsyncHttpClient-1-17] DEBUG org.asynchttpclient.netty.channel.ChannelManager - Adding key: http://localhost:64781 for channel [id: 0xfaa7b9f6, L:/127.0.0.1:49619 - R:localhost/127.0.0.1:64781]
00:46:28.724 [Forwarding findElement on session 299b752a33cedd7f48a2d95593e8cd92 to remote] DEBUG org.asynchttpclient.netty.request.NettyRequestSender - Using pooled Channel '[id: 0xfaa7b9f6, L:/127.0.0.1:49619 - R:localhost/127.0.0.1:64781]' for 'POST' to 'http://localhost:64781/session/299b752a33cedd7f48a2d95593e8cd92/element'
00:46:28.724 [Forwarding findElement on session 299b752a33cedd7f48a2d95593e8cd92 to remote] DEBUG org.asynchttpclient.netty.request.NettyRequestSender - Using open Channel [id: 0xfaa7b9f6, L:/127.0.0.1:49619 - R:localhost/127.0.0.1:64781] for POST '/session/299b752a33cedd7f48a2d95593e8cd92/element'
00:46:28.728 [AsyncHttpClient-1-17] DEBUG org.asynchttpclient.netty.handler.HttpHandler - 

Request DefaultHttpRequest(decodeResult: success, version: HTTP/1.1)
POST /session/299b752a33cedd7f48a2d95593e8cd92/element HTTP/1.1
User-Agent: selenium/4.1.2 (java windows)
Content-Length: 71
Content-Type: application/json; charset=utf-8
host: localhost:64781
accept: */*

Response DefaultHttpResponse(decodeResult: success, version: HTTP/1.1)
HTTP/1.1 200 OK
Content-Type: application/json; charset=utf-8
cache-control: no-cache
content-length: 88

00:46:28.728 [AsyncHttpClient-1-17] DEBUG org.asynchttpclient.netty.channel.ChannelManager - Adding key: http://localhost:64781 for channel [id: 0xfaa7b9f6, L:/127.0.0.1:49619 - R:localhost/127.0.0.1:64781]
00:46:28.729 [Forwarding clickElement on session 299b752a33cedd7f48a2d95593e8cd92 to remote] DEBUG org.asynchttpclient.netty.request.NettyRequestSender - Using pooled Channel '[id: 0xfaa7b9f6, L:/127.0.0.1:49619 - R:localhost/127.0.0.1:64781]' for 'POST' to 'http://localhost:64781/session/299b752a33cedd7f48a2d95593e8cd92/element/69f88860-b156-4dd1-b857-0af76f3054ed/click'
00:46:28.729 [Forwarding clickElement on session 299b752a33cedd7f48a2d95593e8cd92 to remote] DEBUG org.asynchttpclient.netty.request.NettyRequestSender - Using open Channel [id: 0xfaa7b9f6, L:/127.0.0.1:49619 - R:localhost/127.0.0.1:64781] for POST '/session/299b752a33cedd7f48a2d95593e8cd92/element/69f88860-b156-4dd1-b857-0af76f3054ed/click'
00:46:28.753 [AsyncHttpClient-1-17] DEBUG org.asynchttpclient.netty.handler.HttpHandler - 

Request DefaultHttpRequest(decodeResult: success, version: HTTP/1.1)
POST /session/299b752a33cedd7f48a2d95593e8cd92/element/69f88860-b156-4dd1-b857-0af76f3054ed/click HTTP/1.1
User-Agent: selenium/4.1.2 (java windows)
Content-Length: 50
Content-Type: application/json; charset=utf-8
host: localhost:64781
accept: */*

Response DefaultHttpResponse(decodeResult: success, version: HTTP/1.1)
HTTP/1.1 200 OK
Content-Type: application/json; charset=utf-8
cache-control: no-cache
content-length: 14

00:46:28.753 [AsyncHttpClient-1-17] DEBUG org.asynchttpclient.netty.channel.ChannelManager - Adding key: http://localhost:64781 for channel [id: 0xfaa7b9f6, L:/127.0.0.1:49619 - R:localhost/127.0.0.1:64781]
00:46:28.757 [Forwarding screenshot on session 299b752a33cedd7f48a2d95593e8cd92 to remote] DEBUG org.asynchttpclient.netty.request.NettyRequestSender - Using pooled Channel '[id: 0xfaa7b9f6, L:/127.0.0.1:49619 - R:localhost/127.0.0.1:64781]' for 'GET' to 'http://localhost:64781/session/299b752a33cedd7f48a2d95593e8cd92/screenshot'
00:46:28.757 [Forwarding screenshot on session 299b752a33cedd7f48a2d95593e8cd92 to remote] DEBUG org.asynchttpclient.netty.request.NettyRequestSender - Using open Channel [id: 0xfaa7b9f6, L:/127.0.0.1:49619 - R:localhost/127.0.0.1:64781] for GET '/session/299b752a33cedd7f48a2d95593e8cd92/screenshot'
00:46:28.871 [AsyncHttpClient-1-17] DEBUG org.asynchttpclient.netty.handler.HttpHandler - 

Request DefaultFullHttpRequest(decodeResult: success, version: HTTP/1.1, content: EmptyByteBufBE)
GET /session/299b752a33cedd7f48a2d95593e8cd92/screenshot HTTP/1.1
User-Agent: selenium/4.1.2 (java windows)
Cache-Control: no-cache
Content-Type: application/json; charset=utf-8
host: localhost:64781
accept: */*

Response DefaultHttpResponse(decodeResult: success, version: HTTP/1.1)
HTTP/1.1 200 OK
Content-Type: application/json; charset=utf-8
cache-control: no-cache
content-length: 126172

00:46:28.872 [AsyncHttpClient-1-17] DEBUG org.asynchttpclient.netty.channel.ChannelManager - Adding key: http://localhost:64781 for channel [id: 0xfaa7b9f6, L:/127.0.0.1:49619 - R:localhost/127.0.0.1:64781]
00:46:28.874 [main] DEBUG net.serenitybdd.core.photography.Darkroom - Send negative for processing for target\site\serenity\46131cd72044e8ec23fa25db5a4aa558c9e455365702209f1e8655705606cf01.png
00:46:28.874 [main] DEBUG net.thucydides.core.steps.StepInterceptor - STEP DONE: selectstatus
00:46:28.874 [Darkroom Processing Line] DEBUG net.serenitybdd.core.photography.DarkroomProcessingLine - Processing screenshot image in /var/screenshots/screenshot-14166852006304961667
00:46:28.874 [Darkroom Processing Line] DEBUG net.serenitybdd.core.photography.DarkroomProcessingLine - Saving screenshot to target\site\serenity\46131cd72044e8ec23fa25db5a4aa558c9e455365702209f1e8655705606cf01.png
00:46:28.877 [main] DEBUG net.thucydides.core.steps.StepInterceptor - STARTING STEP: ClassSteps.adminFillInAllThatIsOrdered - capacityclick
00:46:28.879 [Forwarding findElement on session 299b752a33cedd7f48a2d95593e8cd92 to remote] DEBUG org.asynchttpclient.netty.request.NettyRequestSender - Using pooled Channel '[id: 0xfaa7b9f6, L:/127.0.0.1:49619 - R:localhost/127.0.0.1:64781]' for 'POST' to 'http://localhost:64781/session/299b752a33cedd7f48a2d95593e8cd92/element'
00:46:28.879 [Forwarding findElement on session 299b752a33cedd7f48a2d95593e8cd92 to remote] DEBUG org.asynchttpclient.netty.request.NettyRequestSender - Using open Channel [id: 0xfaa7b9f6, L:/127.0.0.1:49619 - R:localhost/127.0.0.1:64781] for POST '/session/299b752a33cedd7f48a2d95593e8cd92/element'
00:46:28.885 [AsyncHttpClient-1-17] DEBUG org.asynchttpclient.netty.handler.HttpHandler - 

Request DefaultHttpRequest(decodeResult: success, version: HTTP/1.1)
POST /session/299b752a33cedd7f48a2d95593e8cd92/element HTTP/1.1
User-Agent: selenium/4.1.2 (java windows)
Content-Length: 103
Content-Type: application/json; charset=utf-8
host: localhost:64781
accept: */*

Response DefaultHttpResponse(decodeResult: success, version: HTTP/1.1)
HTTP/1.1 200 OK
Content-Type: application/json; charset=utf-8
cache-control: no-cache
content-length: 88

00:46:28.886 [AsyncHttpClient-1-17] DEBUG org.asynchttpclient.netty.channel.ChannelManager - Adding key: http://localhost:64781 for channel [id: 0xfaa7b9f6, L:/127.0.0.1:49619 - R:localhost/127.0.0.1:64781]
00:46:28.887 [Forwarding clearElement on session 299b752a33cedd7f48a2d95593e8cd92 to remote] DEBUG org.asynchttpclient.netty.request.NettyRequestSender - Using pooled Channel '[id: 0xfaa7b9f6, L:/127.0.0.1:49619 - R:localhost/127.0.0.1:64781]' for 'POST' to 'http://localhost:64781/session/299b752a33cedd7f48a2d95593e8cd92/element/f2119e04-98ae-4ba4-9ddf-92d34ee692c8/clear'
00:46:28.887 [Forwarding clearElement on session 299b752a33cedd7f48a2d95593e8cd92 to remote] DEBUG org.asynchttpclient.netty.request.NettyRequestSender - Using open Channel [id: 0xfaa7b9f6, L:/127.0.0.1:49619 - R:localhost/127.0.0.1:64781] for POST '/session/299b752a33cedd7f48a2d95593e8cd92/element/f2119e04-98ae-4ba4-9ddf-92d34ee692c8/clear'
00:46:28.916 [AsyncHttpClient-1-17] DEBUG org.asynchttpclient.netty.handler.HttpHandler - 

Request DefaultHttpRequest(decodeResult: success, version: HTTP/1.1)
POST /session/299b752a33cedd7f48a2d95593e8cd92/element/f2119e04-98ae-4ba4-9ddf-92d34ee692c8/clear HTTP/1.1
User-Agent: selenium/4.1.2 (java windows)
Content-Length: 50
Content-Type: application/json; charset=utf-8
host: localhost:64781
accept: */*

Response DefaultHttpResponse(decodeResult: success, version: HTTP/1.1)
HTTP/1.1 200 OK
Content-Type: application/json; charset=utf-8
cache-control: no-cache
content-length: 14

00:46:28.916 [AsyncHttpClient-1-17] DEBUG org.asynchttpclient.netty.channel.ChannelManager - Adding key: http://localhost:64781 for channel [id: 0xfaa7b9f6, L:/127.0.0.1:49619 - R:localhost/127.0.0.1:64781]
00:46:28.917 [Forwarding sendKeysToElement on session 299b752a33cedd7f48a2d95593e8cd92 to remote] DEBUG org.asynchttpclient.netty.request.NettyRequestSender - Using pooled Channel '[id: 0xfaa7b9f6, L:/127.0.0.1:49619 - R:localhost/127.0.0.1:64781]' for 'POST' to 'http://localhost:64781/session/299b752a33cedd7f48a2d95593e8cd92/element/f2119e04-98ae-4ba4-9ddf-92d34ee692c8/value'
00:46:28.917 [Forwarding sendKeysToElement on session 299b752a33cedd7f48a2d95593e8cd92 to remote] DEBUG org.asynchttpclient.netty.request.NettyRequestSender - Using open Channel [id: 0xfaa7b9f6, L:/127.0.0.1:49619 - R:localhost/127.0.0.1:64781] for POST '/session/299b752a33cedd7f48a2d95593e8cd92/element/f2119e04-98ae-4ba4-9ddf-92d34ee692c8/value'
00:46:28.947 [AsyncHttpClient-1-17] DEBUG org.asynchttpclient.netty.handler.HttpHandler - 

Request DefaultHttpRequest(decodeResult: success, version: HTTP/1.1)
POST /session/299b752a33cedd7f48a2d95593e8cd92/element/f2119e04-98ae-4ba4-9ddf-92d34ee692c8/value HTTP/1.1
User-Agent: selenium/4.1.2 (java windows)
Content-Length: 91
Content-Type: application/json; charset=utf-8
host: localhost:64781
accept: */*

Response DefaultHttpResponse(decodeResult: success, version: HTTP/1.1)
HTTP/1.1 200 OK
Content-Type: application/json; charset=utf-8
cache-control: no-cache
content-length: 14

00:46:28.947 [AsyncHttpClient-1-17] DEBUG org.asynchttpclient.netty.channel.ChannelManager - Adding key: http://localhost:64781 for channel [id: 0xfaa7b9f6, L:/127.0.0.1:49619 - R:localhost/127.0.0.1:64781]
00:46:28.951 [Forwarding screenshot on session 299b752a33cedd7f48a2d95593e8cd92 to remote] DEBUG org.asynchttpclient.netty.request.NettyRequestSender - Using pooled Channel '[id: 0xfaa7b9f6, L:/127.0.0.1:49619 - R:localhost/127.0.0.1:64781]' for 'GET' to 'http://localhost:64781/session/299b752a33cedd7f48a2d95593e8cd92/screenshot'
00:46:28.951 [Forwarding screenshot on session 299b752a33cedd7f48a2d95593e8cd92 to remote] DEBUG org.asynchttpclient.netty.request.NettyRequestSender - Using open Channel [id: 0xfaa7b9f6, L:/127.0.0.1:49619 - R:localhost/127.0.0.1:64781] for GET '/session/299b752a33cedd7f48a2d95593e8cd92/screenshot'
00:46:28.990 [AsyncHttpClient-1-1] DEBUG org.asynchttpclient.netty.channel.DefaultChannelPool - Entry count for : http://localhost:49620 : 1
00:46:29.055 [AsyncHttpClient-1-17] DEBUG org.asynchttpclient.netty.handler.HttpHandler - 

Request DefaultFullHttpRequest(decodeResult: success, version: HTTP/1.1, content: EmptyByteBufBE)
GET /session/299b752a33cedd7f48a2d95593e8cd92/screenshot HTTP/1.1
User-Agent: selenium/4.1.2 (java windows)
Cache-Control: no-cache
Content-Type: application/json; charset=utf-8
host: localhost:64781
accept: */*

Response DefaultHttpResponse(decodeResult: success, version: HTTP/1.1)
HTTP/1.1 200 OK
Content-Type: application/json; charset=utf-8
cache-control: no-cache
content-length: 125248

00:46:29.055 [AsyncHttpClient-1-17] DEBUG org.asynchttpclient.netty.channel.ChannelManager - Adding key: http://localhost:64781 for channel [id: 0xfaa7b9f6, L:/127.0.0.1:49619 - R:localhost/127.0.0.1:64781]
00:46:29.057 [main] DEBUG net.serenitybdd.core.photography.Darkroom - Send negative for processing for target\site\serenity\10724abf6ce72207cb28f6250c05e2db77a71969fdaffab222f509513e5254cb.png
00:46:29.057 [main] DEBUG net.thucydides.core.steps.StepInterceptor - STEP DONE: capacityclick
00:46:29.057 [Darkroom Processing Line] DEBUG net.serenitybdd.core.photography.DarkroomProcessingLine - Processing screenshot image in /var/screenshots/screenshot-6373917584073628631
00:46:29.057 [Darkroom Processing Line] DEBUG net.serenitybdd.core.photography.DarkroomProcessingLine - Saving screenshot to target\site\serenity\10724abf6ce72207cb28f6250c05e2db77a71969fdaffab222f509513e5254cb.png
00:46:29.060 [main] DEBUG net.thucydides.core.steps.StepInterceptor - STARTING STEP: ClassSteps.adminFillInAllThatIsOrdered - calenderclick
00:46:29.062 [Forwarding findElement on session 299b752a33cedd7f48a2d95593e8cd92 to remote] DEBUG org.asynchttpclient.netty.request.NettyRequestSender - Using pooled Channel '[id: 0xfaa7b9f6, L:/127.0.0.1:49619 - R:localhost/127.0.0.1:64781]' for 'POST' to 'http://localhost:64781/session/299b752a33cedd7f48a2d95593e8cd92/element'
00:46:29.062 [Forwarding findElement on session 299b752a33cedd7f48a2d95593e8cd92 to remote] DEBUG org.asynchttpclient.netty.request.NettyRequestSender - Using open Channel [id: 0xfaa7b9f6, L:/127.0.0.1:49619 - R:localhost/127.0.0.1:64781] for POST '/session/299b752a33cedd7f48a2d95593e8cd92/element'
00:46:29.069 [AsyncHttpClient-1-17] DEBUG org.asynchttpclient.netty.handler.HttpHandler - 

Request DefaultHttpRequest(decodeResult: success, version: HTTP/1.1)
POST /session/299b752a33cedd7f48a2d95593e8cd92/element HTTP/1.1
User-Agent: selenium/4.1.2 (java windows)
Content-Length: 89
Content-Type: application/json; charset=utf-8
host: localhost:64781
accept: */*

Response DefaultHttpResponse(decodeResult: success, version: HTTP/1.1)
HTTP/1.1 200 OK
Content-Type: application/json; charset=utf-8
cache-control: no-cache
content-length: 88

00:46:29.069 [AsyncHttpClient-1-17] DEBUG org.asynchttpclient.netty.channel.ChannelManager - Adding key: http://localhost:64781 for channel [id: 0xfaa7b9f6, L:/127.0.0.1:49619 - R:localhost/127.0.0.1:64781]
00:46:29.069 [Forwarding clearElement on session 299b752a33cedd7f48a2d95593e8cd92 to remote] DEBUG org.asynchttpclient.netty.request.NettyRequestSender - Using pooled Channel '[id: 0xfaa7b9f6, L:/127.0.0.1:49619 - R:localhost/127.0.0.1:64781]' for 'POST' to 'http://localhost:64781/session/299b752a33cedd7f48a2d95593e8cd92/element/f3afc0a8-ca4f-4d90-846a-dc5e224a91c1/clear'
00:46:29.069 [Forwarding clearElement on session 299b752a33cedd7f48a2d95593e8cd92 to remote] DEBUG org.asynchttpclient.netty.request.NettyRequestSender - Using open Channel [id: 0xfaa7b9f6, L:/127.0.0.1:49619 - R:localhost/127.0.0.1:64781] for POST '/session/299b752a33cedd7f48a2d95593e8cd92/element/f3afc0a8-ca4f-4d90-846a-dc5e224a91c1/clear'
00:46:29.086 [AsyncHttpClient-1-17] DEBUG org.asynchttpclient.netty.handler.HttpHandler - 

Request DefaultHttpRequest(decodeResult: success, version: HTTP/1.1)
POST /session/299b752a33cedd7f48a2d95593e8cd92/element/f3afc0a8-ca4f-4d90-846a-dc5e224a91c1/clear HTTP/1.1
User-Agent: selenium/4.1.2 (java windows)
Content-Length: 50
Content-Type: application/json; charset=utf-8
host: localhost:64781
accept: */*

Response DefaultHttpResponse(decodeResult: success, version: HTTP/1.1)
HTTP/1.1 200 OK
Content-Type: application/json; charset=utf-8
cache-control: no-cache
content-length: 14

00:46:29.086 [AsyncHttpClient-1-17] DEBUG org.asynchttpclient.netty.channel.ChannelManager - Adding key: http://localhost:64781 for channel [id: 0xfaa7b9f6, L:/127.0.0.1:49619 - R:localhost/127.0.0.1:64781]
00:46:29.088 [Forwarding sendKeysToElement on session 299b752a33cedd7f48a2d95593e8cd92 to remote] DEBUG org.asynchttpclient.netty.request.NettyRequestSender - Using pooled Channel '[id: 0xfaa7b9f6, L:/127.0.0.1:49619 - R:localhost/127.0.0.1:64781]' for 'POST' to 'http://localhost:64781/session/299b752a33cedd7f48a2d95593e8cd92/element/f3afc0a8-ca4f-4d90-846a-dc5e224a91c1/value'
00:46:29.088 [Forwarding sendKeysToElement on session 299b752a33cedd7f48a2d95593e8cd92 to remote] DEBUG org.asynchttpclient.netty.request.NettyRequestSender - Using open Channel [id: 0xfaa7b9f6, L:/127.0.0.1:49619 - R:localhost/127.0.0.1:64781] for POST '/session/299b752a33cedd7f48a2d95593e8cd92/element/f3afc0a8-ca4f-4d90-846a-dc5e224a91c1/value'
00:46:29.142 [AsyncHttpClient-1-17] DEBUG org.asynchttpclient.netty.handler.HttpHandler - 

Request DefaultHttpRequest(decodeResult: success, version: HTTP/1.1)
POST /session/299b752a33cedd7f48a2d95593e8cd92/element/f3afc0a8-ca4f-4d90-846a-dc5e224a91c1/value HTTP/1.1
User-Agent: selenium/4.1.2 (java windows)
Content-Length: 201
Content-Type: application/json; charset=utf-8
host: localhost:64781
accept: */*

Response DefaultHttpResponse(decodeResult: success, version: HTTP/1.1)
HTTP/1.1 200 OK
Content-Type: application/json; charset=utf-8
cache-control: no-cache
content-length: 14

00:46:29.142 [AsyncHttpClient-1-17] DEBUG org.asynchttpclient.netty.channel.ChannelManager - Adding key: http://localhost:64781 for channel [id: 0xfaa7b9f6, L:/127.0.0.1:49619 - R:localhost/127.0.0.1:64781]
00:46:29.146 [Forwarding screenshot on session 299b752a33cedd7f48a2d95593e8cd92 to remote] DEBUG org.asynchttpclient.netty.request.NettyRequestSender - Using pooled Channel '[id: 0xfaa7b9f6, L:/127.0.0.1:49619 - R:localhost/127.0.0.1:64781]' for 'GET' to 'http://localhost:64781/session/299b752a33cedd7f48a2d95593e8cd92/screenshot'
00:46:29.146 [Forwarding screenshot on session 299b752a33cedd7f48a2d95593e8cd92 to remote] DEBUG org.asynchttpclient.netty.request.NettyRequestSender - Using open Channel [id: 0xfaa7b9f6, L:/127.0.0.1:49619 - R:localhost/127.0.0.1:64781] for GET '/session/299b752a33cedd7f48a2d95593e8cd92/screenshot'
00:46:29.253 [AsyncHttpClient-1-17] DEBUG org.asynchttpclient.netty.handler.HttpHandler - 

Request DefaultFullHttpRequest(decodeResult: success, version: HTTP/1.1, content: EmptyByteBufBE)
GET /session/299b752a33cedd7f48a2d95593e8cd92/screenshot HTTP/1.1
User-Agent: selenium/4.1.2 (java windows)
Cache-Control: no-cache
Content-Type: application/json; charset=utf-8
host: localhost:64781
accept: */*

Response DefaultHttpResponse(decodeResult: success, version: HTTP/1.1)
HTTP/1.1 200 OK
Content-Type: application/json; charset=utf-8
cache-control: no-cache
content-length: 125484

00:46:29.253 [AsyncHttpClient-1-17] DEBUG org.asynchttpclient.netty.channel.ChannelManager - Adding key: http://localhost:64781 for channel [id: 0xfaa7b9f6, L:/127.0.0.1:49619 - R:localhost/127.0.0.1:64781]
00:46:29.256 [main] DEBUG net.serenitybdd.core.photography.Darkroom - Send negative for processing for target\site\serenity\3a3bb01db326915e6372d37dd962d107db80fc62c86f19bd64f33b2b08a8d396.png
00:46:29.256 [main] DEBUG net.thucydides.core.steps.StepInterceptor - STEP DONE: calenderclick
00:46:29.256 [Darkroom Processing Line] DEBUG net.serenitybdd.core.photography.DarkroomProcessingLine - Processing screenshot image in /var/screenshots/screenshot-15963102764114177393
00:46:29.256 [Darkroom Processing Line] DEBUG net.serenitybdd.core.photography.DarkroomProcessingLine - Saving screenshot to target\site\serenity\3a3bb01db326915e6372d37dd962d107db80fc62c86f19bd64f33b2b08a8d396.png
00:46:29.259 [main] DEBUG net.thucydides.core.steps.StepInterceptor - STARTING STEP: ClassSteps.adminFillInAllThatIsOrdered - priceclick
00:46:29.261 [Forwarding findElement on session 299b752a33cedd7f48a2d95593e8cd92 to remote] DEBUG org.asynchttpclient.netty.request.NettyRequestSender - Using pooled Channel '[id: 0xfaa7b9f6, L:/127.0.0.1:49619 - R:localhost/127.0.0.1:64781]' for 'POST' to 'http://localhost:64781/session/299b752a33cedd7f48a2d95593e8cd92/element'
00:46:29.261 [Forwarding findElement on session 299b752a33cedd7f48a2d95593e8cd92 to remote] DEBUG org.asynchttpclient.netty.request.NettyRequestSender - Using open Channel [id: 0xfaa7b9f6, L:/127.0.0.1:49619 - R:localhost/127.0.0.1:64781] for POST '/session/299b752a33cedd7f48a2d95593e8cd92/element'
00:46:29.268 [AsyncHttpClient-1-17] DEBUG org.asynchttpclient.netty.handler.HttpHandler - 

Request DefaultHttpRequest(decodeResult: success, version: HTTP/1.1)
POST /session/299b752a33cedd7f48a2d95593e8cd92/element HTTP/1.1
User-Agent: selenium/4.1.2 (java windows)
Content-Length: 90
Content-Type: application/json; charset=utf-8
host: localhost:64781
accept: */*

Response DefaultHttpResponse(decodeResult: success, version: HTTP/1.1)
HTTP/1.1 200 OK
Content-Type: application/json; charset=utf-8
cache-control: no-cache
content-length: 88

00:46:29.268 [AsyncHttpClient-1-17] DEBUG org.asynchttpclient.netty.channel.ChannelManager - Adding key: http://localhost:64781 for channel [id: 0xfaa7b9f6, L:/127.0.0.1:49619 - R:localhost/127.0.0.1:64781]
00:46:29.268 [Forwarding clearElement on session 299b752a33cedd7f48a2d95593e8cd92 to remote] DEBUG org.asynchttpclient.netty.request.NettyRequestSender - Using pooled Channel '[id: 0xfaa7b9f6, L:/127.0.0.1:49619 - R:localhost/127.0.0.1:64781]' for 'POST' to 'http://localhost:64781/session/299b752a33cedd7f48a2d95593e8cd92/element/e8f77d26-9479-481a-881e-42c39eb3fdf9/clear'
00:46:29.268 [Forwarding clearElement on session 299b752a33cedd7f48a2d95593e8cd92 to remote] DEBUG org.asynchttpclient.netty.request.NettyRequestSender - Using open Channel [id: 0xfaa7b9f6, L:/127.0.0.1:49619 - R:localhost/127.0.0.1:64781] for POST '/session/299b752a33cedd7f48a2d95593e8cd92/element/e8f77d26-9479-481a-881e-42c39eb3fdf9/clear'
00:46:29.286 [AsyncHttpClient-1-17] DEBUG org.asynchttpclient.netty.handler.HttpHandler - 

Request DefaultHttpRequest(decodeResult: success, version: HTTP/1.1)
POST /session/299b752a33cedd7f48a2d95593e8cd92/element/e8f77d26-9479-481a-881e-42c39eb3fdf9/clear HTTP/1.1
User-Agent: selenium/4.1.2 (java windows)
Content-Length: 50
Content-Type: application/json; charset=utf-8
host: localhost:64781
accept: */*

Response DefaultHttpResponse(decodeResult: success, version: HTTP/1.1)
HTTP/1.1 200 OK
Content-Type: application/json; charset=utf-8
cache-control: no-cache
content-length: 14

00:46:29.287 [AsyncHttpClient-1-17] DEBUG org.asynchttpclient.netty.channel.ChannelManager - Adding key: http://localhost:64781 for channel [id: 0xfaa7b9f6, L:/127.0.0.1:49619 - R:localhost/127.0.0.1:64781]
00:46:29.289 [Forwarding sendKeysToElement on session 299b752a33cedd7f48a2d95593e8cd92 to remote] DEBUG org.asynchttpclient.netty.request.NettyRequestSender - Using pooled Channel '[id: 0xfaa7b9f6, L:/127.0.0.1:49619 - R:localhost/127.0.0.1:64781]' for 'POST' to 'http://localhost:64781/session/299b752a33cedd7f48a2d95593e8cd92/element/e8f77d26-9479-481a-881e-42c39eb3fdf9/value'
00:46:29.289 [Forwarding sendKeysToElement on session 299b752a33cedd7f48a2d95593e8cd92 to remote] DEBUG org.asynchttpclient.netty.request.NettyRequestSender - Using open Channel [id: 0xfaa7b9f6, L:/127.0.0.1:49619 - R:localhost/127.0.0.1:64781] for POST '/session/299b752a33cedd7f48a2d95593e8cd92/element/e8f77d26-9479-481a-881e-42c39eb3fdf9/value'
00:46:29.351 [AsyncHttpClient-1-17] DEBUG org.asynchttpclient.netty.handler.HttpHandler - 

Request DefaultHttpRequest(decodeResult: success, version: HTTP/1.1)
POST /session/299b752a33cedd7f48a2d95593e8cd92/element/e8f77d26-9479-481a-881e-42c39eb3fdf9/value HTTP/1.1
User-Agent: selenium/4.1.2 (java windows)
Content-Length: 141
Content-Type: application/json; charset=utf-8
host: localhost:64781
accept: */*

Response DefaultHttpResponse(decodeResult: success, version: HTTP/1.1)
HTTP/1.1 200 OK
Content-Type: application/json; charset=utf-8
cache-control: no-cache
content-length: 14

00:46:29.351 [AsyncHttpClient-1-17] DEBUG org.asynchttpclient.netty.channel.ChannelManager - Adding key: http://localhost:64781 for channel [id: 0xfaa7b9f6, L:/127.0.0.1:49619 - R:localhost/127.0.0.1:64781]
00:46:29.356 [Forwarding screenshot on session 299b752a33cedd7f48a2d95593e8cd92 to remote] DEBUG org.asynchttpclient.netty.request.NettyRequestSender - Using pooled Channel '[id: 0xfaa7b9f6, L:/127.0.0.1:49619 - R:localhost/127.0.0.1:64781]' for 'GET' to 'http://localhost:64781/session/299b752a33cedd7f48a2d95593e8cd92/screenshot'
00:46:29.356 [Forwarding screenshot on session 299b752a33cedd7f48a2d95593e8cd92 to remote] DEBUG org.asynchttpclient.netty.request.NettyRequestSender - Using open Channel [id: 0xfaa7b9f6, L:/127.0.0.1:49619 - R:localhost/127.0.0.1:64781] for GET '/session/299b752a33cedd7f48a2d95593e8cd92/screenshot'
00:46:29.453 [AsyncHttpClient-1-17] DEBUG org.asynchttpclient.netty.handler.HttpHandler - 

Request DefaultFullHttpRequest(decodeResult: success, version: HTTP/1.1, content: EmptyByteBufBE)
GET /session/299b752a33cedd7f48a2d95593e8cd92/screenshot HTTP/1.1
User-Agent: selenium/4.1.2 (java windows)
Cache-Control: no-cache
Content-Type: application/json; charset=utf-8
host: localhost:64781
accept: */*

Response DefaultHttpResponse(decodeResult: success, version: HTTP/1.1)
HTTP/1.1 200 OK
Content-Type: application/json; charset=utf-8
cache-control: no-cache
content-length: 123868

00:46:29.453 [AsyncHttpClient-1-17] DEBUG org.asynchttpclient.netty.channel.ChannelManager - Adding key: http://localhost:64781 for channel [id: 0xfaa7b9f6, L:/127.0.0.1:49619 - R:localhost/127.0.0.1:64781]
00:46:29.456 [main] DEBUG net.serenitybdd.core.photography.Darkroom - Send negative for processing for target\site\serenity\d766e5919f4350f4d48a060e84d52ef93f2de06894d0171fc1be88e3900816a9.png
00:46:29.456 [main] DEBUG net.thucydides.core.steps.StepInterceptor - STEP DONE: priceclick
  &amp#27;[32mAnd &amp#27;[0m&amp#27;[32mAdmin fill in all that is ordered&amp#27;[0m &amp#27;[90m# starter.definitions.ClassSteps.adminFillInAllThatIsOrdered()&amp#27;[0m
00:46:29.456 [Darkroom Processing Line] DEBUG net.serenitybdd.core.photography.DarkroomProcessingLine - Processing screenshot image in /var/screenshots/screenshot-13037368031823150841
00:46:29.456 [Darkroom Processing Line] DEBUG net.serenitybdd.core.photography.DarkroomProcessingLine - Saving screenshot to target\site\serenity\d766e5919f4350f4d48a060e84d52ef93f2de06894d0171fc1be88e3900816a9.png
00:46:29.464 [main] DEBUG net.thucydides.core.steps.StepInterceptor - STARTING STEP: ClassSteps.adminSuccsessCreateNewClass - saveclick
00:46:29.466 [Forwarding findElement on session 299b752a33cedd7f48a2d95593e8cd92 to remote] DEBUG org.asynchttpclient.netty.request.NettyRequestSender - Using pooled Channel '[id: 0xfaa7b9f6, L:/127.0.0.1:49619 - R:localhost/127.0.0.1:64781]' for 'POST' to 'http://localhost:64781/session/299b752a33cedd7f48a2d95593e8cd92/element'
00:46:29.466 [Forwarding findElement on session 299b752a33cedd7f48a2d95593e8cd92 to remote] DEBUG org.asynchttpclient.netty.request.NettyRequestSender - Using open Channel [id: 0xfaa7b9f6, L:/127.0.0.1:49619 - R:localhost/127.0.0.1:64781] for POST '/session/299b752a33cedd7f48a2d95593e8cd92/element'
00:46:29.469 [AsyncHttpClient-1-17] DEBUG org.asynchttpclient.netty.handler.HttpHandler - 

Request DefaultHttpRequest(decodeResult: success, version: HTTP/1.1)
POST /session/299b752a33cedd7f48a2d95593e8cd92/element HTTP/1.1
User-Agent: selenium/4.1.2 (java windows)
Content-Length: 71
Content-Type: application/json; charset=utf-8
host: localhost:64781
accept: */*

Response DefaultHttpResponse(decodeResult: success, version: HTTP/1.1)
HTTP/1.1 200 OK
Content-Type: application/json; charset=utf-8
cache-control: no-cache
content-length: 88

00:46:29.469 [AsyncHttpClient-1-17] DEBUG org.asynchttpclient.netty.channel.ChannelManager - Adding key: http://localhost:64781 for channel [id: 0xfaa7b9f6, L:/127.0.0.1:49619 - R:localhost/127.0.0.1:64781]
00:46:29.470 [Forwarding getElementTagName on session 299b752a33cedd7f48a2d95593e8cd92 to remote] DEBUG org.asynchttpclient.netty.request.NettyRequestSender - Using pooled Channel '[id: 0xfaa7b9f6, L:/127.0.0.1:49619 - R:localhost/127.0.0.1:64781]' for 'GET' to 'http://localhost:64781/session/299b752a33cedd7f48a2d95593e8cd92/element/2fbfcbeb-938b-4d1f-b561-aaf605d1c476/name'
00:46:29.470 [Forwarding getElementTagName on session 299b752a33cedd7f48a2d95593e8cd92 to remote] DEBUG org.asynchttpclient.netty.request.NettyRequestSender - Using open Channel [id: 0xfaa7b9f6, L:/127.0.0.1:49619 - R:localhost/127.0.0.1:64781] for GET '/session/299b752a33cedd7f48a2d95593e8cd92/element/2fbfcbeb-938b-4d1f-b561-aaf605d1c476/name'
00:46:29.472 [AsyncHttpClient-1-17] DEBUG org.asynchttpclient.netty.handler.HttpHandler - 

Request DefaultFullHttpRequest(decodeResult: success, version: HTTP/1.1, content: EmptyByteBufBE)
GET /session/299b752a33cedd7f48a2d95593e8cd92/element/2fbfcbeb-938b-4d1f-b561-aaf605d1c476/name HTTP/1.1
User-Agent: selenium/4.1.2 (java windows)
Cache-Control: no-cache
Content-Type: application/json; charset=utf-8
host: localhost:64781
accept: */*

Response DefaultHttpResponse(decodeResult: success, version: HTTP/1.1)
HTTP/1.1 200 OK
Content-Type: application/json; charset=utf-8
cache-control: no-cache
content-length: 18

00:46:29.472 [AsyncHttpClient-1-17] DEBUG org.asynchttpclient.netty.channel.ChannelManager - Adding key: http://localhost:64781 for channel [id: 0xfaa7b9f6, L:/127.0.0.1:49619 - R:localhost/127.0.0.1:64781]
00:46:29.473 [Forwarding getElementTagName on session 299b752a33cedd7f48a2d95593e8cd92 to remote] DEBUG org.asynchttpclient.netty.request.NettyRequestSender - Using pooled Channel '[id: 0xfaa7b9f6, L:/127.0.0.1:49619 - R:localhost/127.0.0.1:64781]' for 'GET' to 'http://localhost:64781/session/299b752a33cedd7f48a2d95593e8cd92/element/2fbfcbeb-938b-4d1f-b561-aaf605d1c476/name'
00:46:29.473 [Forwarding getElementTagName on session 299b752a33cedd7f48a2d95593e8cd92 to remote] DEBUG org.asynchttpclient.netty.request.NettyRequestSender - Using open Channel [id: 0xfaa7b9f6, L:/127.0.0.1:49619 - R:localhost/127.0.0.1:64781] for GET '/session/299b752a33cedd7f48a2d95593e8cd92/element/2fbfcbeb-938b-4d1f-b561-aaf605d1c476/name'
00:46:29.474 [AsyncHttpClient-1-17] DEBUG org.asynchttpclient.netty.handler.HttpHandler - 

Request DefaultFullHttpRequest(decodeResult: success, version: HTTP/1.1, content: EmptyByteBufBE)
GET /session/299b752a33cedd7f48a2d95593e8cd92/element/2fbfcbeb-938b-4d1f-b561-aaf605d1c476/name HTTP/1.1
User-Agent: selenium/4.1.2 (java windows)
Cache-Control: no-cache
Content-Type: application/json; charset=utf-8
host: localhost:64781
accept: */*

Response DefaultHttpResponse(decodeResult: success, version: HTTP/1.1)
HTTP/1.1 200 OK
Content-Type: application/json; charset=utf-8
cache-control: no-cache
content-length: 18

00:46:29.474 [AsyncHttpClient-1-17] DEBUG org.asynchttpclient.netty.channel.ChannelManager - Adding key: http://localhost:64781 for channel [id: 0xfaa7b9f6, L:/127.0.0.1:49619 - R:localhost/127.0.0.1:64781]
00:46:29.475 [Forwarding isElementEnabled on session 299b752a33cedd7f48a2d95593e8cd92 to remote] DEBUG org.asynchttpclient.netty.request.NettyRequestSender - Using pooled Channel '[id: 0xfaa7b9f6, L:/127.0.0.1:49619 - R:localhost/127.0.0.1:64781]' for 'GET' to 'http://localhost:64781/session/299b752a33cedd7f48a2d95593e8cd92/element/2fbfcbeb-938b-4d1f-b561-aaf605d1c476/enabled'
00:46:29.475 [Forwarding isElementEnabled on session 299b752a33cedd7f48a2d95593e8cd92 to remote] DEBUG org.asynchttpclient.netty.request.NettyRequestSender - Using open Channel [id: 0xfaa7b9f6, L:/127.0.0.1:49619 - R:localhost/127.0.0.1:64781] for GET '/session/299b752a33cedd7f48a2d95593e8cd92/element/2fbfcbeb-938b-4d1f-b561-aaf605d1c476/enabled'
00:46:29.479 [AsyncHttpClient-1-17] DEBUG org.asynchttpclient.netty.handler.HttpHandler - 

Request DefaultFullHttpRequest(decodeResult: success, version: HTTP/1.1, content: EmptyByteBufBE)
GET /session/299b752a33cedd7f48a2d95593e8cd92/element/2fbfcbeb-938b-4d1f-b561-aaf605d1c476/enabled HTTP/1.1
User-Agent: selenium/4.1.2 (java windows)
Cache-Control: no-cache
Content-Type: application/json; charset=utf-8
host: localhost:64781
accept: */*

Response DefaultHttpResponse(decodeResult: success, version: HTTP/1.1)
HTTP/1.1 200 OK
Content-Type: application/json; charset=utf-8
cache-control: no-cache
content-length: 14

00:46:29.479 [AsyncHttpClient-1-17] DEBUG org.asynchttpclient.netty.channel.ChannelManager - Adding key: http://localhost:64781 for channel [id: 0xfaa7b9f6, L:/127.0.0.1:49619 - R:localhost/127.0.0.1:64781]
00:46:29.480 [Forwarding isElementEnabled on session 299b752a33cedd7f48a2d95593e8cd92 to remote] DEBUG org.asynchttpclient.netty.request.NettyRequestSender - Using pooled Channel '[id: 0xfaa7b9f6, L:/127.0.0.1:49619 - R:localhost/127.0.0.1:64781]' for 'GET' to 'http://localhost:64781/session/299b752a33cedd7f48a2d95593e8cd92/element/2fbfcbeb-938b-4d1f-b561-aaf605d1c476/enabled'
00:46:29.480 [Forwarding isElementEnabled on session 299b752a33cedd7f48a2d95593e8cd92 to remote] DEBUG org.asynchttpclient.netty.request.NettyRequestSender - Using open Channel [id: 0xfaa7b9f6, L:/127.0.0.1:49619 - R:localhost/127.0.0.1:64781] for GET '/session/299b752a33cedd7f48a2d95593e8cd92/element/2fbfcbeb-938b-4d1f-b561-aaf605d1c476/enabled'
00:46:29.482 [AsyncHttpClient-1-17] DEBUG org.asynchttpclient.netty.handler.HttpHandler - 

Request DefaultFullHttpRequest(decodeResult: success, version: HTTP/1.1, content: EmptyByteBufBE)
GET /session/299b752a33cedd7f48a2d95593e8cd92/element/2fbfcbeb-938b-4d1f-b561-aaf605d1c476/enabled HTTP/1.1
User-Agent: selenium/4.1.2 (java windows)
Cache-Control: no-cache
Content-Type: application/json; charset=utf-8
host: localhost:64781
accept: */*

Response DefaultHttpResponse(decodeResult: success, version: HTTP/1.1)
HTTP/1.1 200 OK
Content-Type: application/json; charset=utf-8
cache-control: no-cache
content-length: 14

00:46:29.482 [AsyncHttpClient-1-17] DEBUG org.asynchttpclient.netty.channel.ChannelManager - Adding key: http://localhost:64781 for channel [id: 0xfaa7b9f6, L:/127.0.0.1:49619 - R:localhost/127.0.0.1:64781]
00:46:29.482 [Forwarding findElement on session 299b752a33cedd7f48a2d95593e8cd92 to remote] DEBUG org.asynchttpclient.netty.request.NettyRequestSender - Using pooled Channel '[id: 0xfaa7b9f6, L:/127.0.0.1:49619 - R:localhost/127.0.0.1:64781]' for 'POST' to 'http://localhost:64781/session/299b752a33cedd7f48a2d95593e8cd92/element'
00:46:29.482 [Forwarding findElement on session 299b752a33cedd7f48a2d95593e8cd92 to remote] DEBUG org.asynchttpclient.netty.request.NettyRequestSender - Using open Channel [id: 0xfaa7b9f6, L:/127.0.0.1:49619 - R:localhost/127.0.0.1:64781] for POST '/session/299b752a33cedd7f48a2d95593e8cd92/element'
00:46:29.486 [AsyncHttpClient-1-17] DEBUG org.asynchttpclient.netty.handler.HttpHandler - 

Request DefaultHttpRequest(decodeResult: success, version: HTTP/1.1)
POST /session/299b752a33cedd7f48a2d95593e8cd92/element HTTP/1.1
User-Agent: selenium/4.1.2 (java windows)
Content-Length: 71
Content-Type: application/json; charset=utf-8
host: localhost:64781
accept: */*

Response DefaultHttpResponse(decodeResult: success, version: HTTP/1.1)
HTTP/1.1 200 OK
Content-Type: application/json; charset=utf-8
cache-control: no-cache
content-length: 88

00:46:29.486 [AsyncHttpClient-1-17] DEBUG org.asynchttpclient.netty.channel.ChannelManager - Adding key: http://localhost:64781 for channel [id: 0xfaa7b9f6, L:/127.0.0.1:49619 - R:localhost/127.0.0.1:64781]
00:46:29.486 [Forwarding clickElement on session 299b752a33cedd7f48a2d95593e8cd92 to remote] DEBUG org.asynchttpclient.netty.request.NettyRequestSender - Using pooled Channel '[id: 0xfaa7b9f6, L:/127.0.0.1:49619 - R:localhost/127.0.0.1:64781]' for 'POST' to 'http://localhost:64781/session/299b752a33cedd7f48a2d95593e8cd92/element/2fbfcbeb-938b-4d1f-b561-aaf605d1c476/click'
00:46:29.486 [Forwarding clickElement on session 299b752a33cedd7f48a2d95593e8cd92 to remote] DEBUG org.asynchttpclient.netty.request.NettyRequestSender - Using open Channel [id: 0xfaa7b9f6, L:/127.0.0.1:49619 - R:localhost/127.0.0.1:64781] for POST '/session/299b752a33cedd7f48a2d95593e8cd92/element/2fbfcbeb-938b-4d1f-b561-aaf605d1c476/click'
00:46:29.514 [AsyncHttpClient-1-17] DEBUG org.asynchttpclient.netty.handler.HttpHandler - 

Request DefaultHttpRequest(decodeResult: success, version: HTTP/1.1)
POST /session/299b752a33cedd7f48a2d95593e8cd92/element/2fbfcbeb-938b-4d1f-b561-aaf605d1c476/click HTTP/1.1
User-Agent: selenium/4.1.2 (java windows)
Content-Length: 50
Content-Type: application/json; charset=utf-8
host: localhost:64781
accept: */*

Response DefaultHttpResponse(decodeResult: success, version: HTTP/1.1)
HTTP/1.1 200 OK
Content-Type: application/json; charset=utf-8
cache-control: no-cache
content-length: 14

00:46:29.514 [AsyncHttpClient-1-17] DEBUG org.asynchttpclient.netty.channel.ChannelManager - Adding key: http://localhost:64781 for channel [id: 0xfaa7b9f6, L:/127.0.0.1:49619 - R:localhost/127.0.0.1:64781]
00:46:29.518 [Forwarding screenshot on session 299b752a33cedd7f48a2d95593e8cd92 to remote] DEBUG org.asynchttpclient.netty.request.NettyRequestSender - Using pooled Channel '[id: 0xfaa7b9f6, L:/127.0.0.1:49619 - R:localhost/127.0.0.1:64781]' for 'GET' to 'http://localhost:64781/session/299b752a33cedd7f48a2d95593e8cd92/screenshot'
00:46:29.518 [Forwarding screenshot on session 299b752a33cedd7f48a2d95593e8cd92 to remote] DEBUG org.asynchttpclient.netty.request.NettyRequestSender - Using open Channel [id: 0xfaa7b9f6, L:/127.0.0.1:49619 - R:localhost/127.0.0.1:64781] for GET '/session/299b752a33cedd7f48a2d95593e8cd92/screenshot'
00:46:29.641 [AsyncHttpClient-1-17] DEBUG org.asynchttpclient.netty.handler.HttpHandler - 

Request DefaultFullHttpRequest(decodeResult: success, version: HTTP/1.1, content: EmptyByteBufBE)
GET /session/299b752a33cedd7f48a2d95593e8cd92/screenshot HTTP/1.1
User-Agent: selenium/4.1.2 (java windows)
Cache-Control: no-cache
Content-Type: application/json; charset=utf-8
host: localhost:64781
accept: */*

Response DefaultHttpResponse(decodeResult: success, version: HTTP/1.1)
HTTP/1.1 200 OK
Content-Type: application/json; charset=utf-8
cache-control: no-cache
content-length: 130320

00:46:29.641 [AsyncHttpClient-1-17] DEBUG org.asynchttpclient.netty.channel.ChannelManager - Adding key: http://localhost:64781 for channel [id: 0xfaa7b9f6, L:/127.0.0.1:49619 - R:localhost/127.0.0.1:64781]
00:46:29.643 [main] DEBUG net.serenitybdd.core.photography.Darkroom - Send negative for processing for target\site\serenity\8612b6754a67b6955f8b086638234a3b4c60d186fd9acea797696768b7e61a2a.png
00:46:29.643 [main] DEBUG net.thucydides.core.steps.StepInterceptor - STEP DONE: saveclick
00:46:29.644 [Darkroom Processing Line] DEBUG net.serenitybdd.core.photography.DarkroomProcessingLine - Processing screenshot image in /var/screenshots/screenshot-7171610295796219326
00:46:29.644 [Darkroom Processing Line] DEBUG net.serenitybdd.core.photography.DarkroomProcessingLine - Saving screenshot to target\site\serenity\8612b6754a67b6955f8b086638234a3b4c60d186fd9acea797696768b7e61a2a.png
00:46:29.647 [main] DEBUG net.thucydides.core.steps.StepInterceptor - STARTING STEP: ClassSteps.adminSuccsessCreateNewClass - yesclick
00:46:29.648 [Forwarding findElement on session 299b752a33cedd7f48a2d95593e8cd92 to remote] DEBUG org.asynchttpclient.netty.request.NettyRequestSender - Using pooled Channel '[id: 0xfaa7b9f6, L:/127.0.0.1:49619 - R:localhost/127.0.0.1:64781]' for 'POST' to 'http://localhost:64781/session/299b752a33cedd7f48a2d95593e8cd92/element'
00:46:29.648 [Forwarding findElement on session 299b752a33cedd7f48a2d95593e8cd92 to remote] DEBUG org.asynchttpclient.netty.request.NettyRequestSender - Using open Channel [id: 0xfaa7b9f6, L:/127.0.0.1:49619 - R:localhost/127.0.0.1:64781] for POST '/session/299b752a33cedd7f48a2d95593e8cd92/element'
00:46:29.655 [AsyncHttpClient-1-17] DEBUG org.asynchttpclient.netty.handler.HttpHandler - 

Request DefaultHttpRequest(decodeResult: success, version: HTTP/1.1)
POST /session/299b752a33cedd7f48a2d95593e8cd92/element HTTP/1.1
User-Agent: selenium/4.1.2 (java windows)
Content-Length: 79
Content-Type: application/json; charset=utf-8
host: localhost:64781
accept: */*

Response DefaultHttpResponse(decodeResult: success, version: HTTP/1.1)
HTTP/1.1 200 OK
Content-Type: application/json; charset=utf-8
cache-control: no-cache
content-length: 88

00:46:29.655 [AsyncHttpClient-1-17] DEBUG org.asynchttpclient.netty.channel.ChannelManager - Adding key: http://localhost:64781 for channel [id: 0xfaa7b9f6, L:/127.0.0.1:49619 - R:localhost/127.0.0.1:64781]
00:46:29.656 [Forwarding getElementTagName on session 299b752a33cedd7f48a2d95593e8cd92 to remote] DEBUG org.asynchttpclient.netty.request.NettyRequestSender - Using pooled Channel '[id: 0xfaa7b9f6, L:/127.0.0.1:49619 - R:localhost/127.0.0.1:64781]' for 'GET' to 'http://localhost:64781/session/299b752a33cedd7f48a2d95593e8cd92/element/63eaafdd-a8a5-4228-8139-f8f52eb599de/name'
00:46:29.656 [Forwarding getElementTagName on session 299b752a33cedd7f48a2d95593e8cd92 to remote] DEBUG org.asynchttpclient.netty.request.NettyRequestSender - Using open Channel [id: 0xfaa7b9f6, L:/127.0.0.1:49619 - R:localhost/127.0.0.1:64781] for GET '/session/299b752a33cedd7f48a2d95593e8cd92/element/63eaafdd-a8a5-4228-8139-f8f52eb599de/name'
00:46:29.658 [AsyncHttpClient-1-17] DEBUG org.asynchttpclient.netty.handler.HttpHandler - 

Request DefaultFullHttpRequest(decodeResult: success, version: HTTP/1.1, content: EmptyByteBufBE)
GET /session/299b752a33cedd7f48a2d95593e8cd92/element/63eaafdd-a8a5-4228-8139-f8f52eb599de/name HTTP/1.1
User-Agent: selenium/4.1.2 (java windows)
Cache-Control: no-cache
Content-Type: application/json; charset=utf-8
host: localhost:64781
accept: */*

Response DefaultHttpResponse(decodeResult: success, version: HTTP/1.1)
HTTP/1.1 200 OK
Content-Type: application/json; charset=utf-8
cache-control: no-cache
content-length: 18

00:46:29.658 [AsyncHttpClient-1-17] DEBUG org.asynchttpclient.netty.channel.ChannelManager - Adding key: http://localhost:64781 for channel [id: 0xfaa7b9f6, L:/127.0.0.1:49619 - R:localhost/127.0.0.1:64781]
00:46:29.659 [Forwarding getElementTagName on session 299b752a33cedd7f48a2d95593e8cd92 to remote] DEBUG org.asynchttpclient.netty.request.NettyRequestSender - Using pooled Channel '[id: 0xfaa7b9f6, L:/127.0.0.1:49619 - R:localhost/127.0.0.1:64781]' for 'GET' to 'http://localhost:64781/session/299b752a33cedd7f48a2d95593e8cd92/element/63eaafdd-a8a5-4228-8139-f8f52eb599de/name'
00:46:29.659 [Forwarding getElementTagName on session 299b752a33cedd7f48a2d95593e8cd92 to remote] DEBUG org.asynchttpclient.netty.request.NettyRequestSender - Using open Channel [id: 0xfaa7b9f6, L:/127.0.0.1:49619 - R:localhost/127.0.0.1:64781] for GET '/session/299b752a33cedd7f48a2d95593e8cd92/element/63eaafdd-a8a5-4228-8139-f8f52eb599de/name'
00:46:29.660 [AsyncHttpClient-1-17] DEBUG org.asynchttpclient.netty.handler.HttpHandler - 

Request DefaultFullHttpRequest(decodeResult: success, version: HTTP/1.1, content: EmptyByteBufBE)
GET /session/299b752a33cedd7f48a2d95593e8cd92/element/63eaafdd-a8a5-4228-8139-f8f52eb599de/name HTTP/1.1
User-Agent: selenium/4.1.2 (java windows)
Cache-Control: no-cache
Content-Type: application/json; charset=utf-8
host: localhost:64781
accept: */*

Response DefaultHttpResponse(decodeResult: success, version: HTTP/1.1)
HTTP/1.1 200 OK
Content-Type: application/json; charset=utf-8
cache-control: no-cache
content-length: 18

00:46:29.660 [AsyncHttpClient-1-17] DEBUG org.asynchttpclient.netty.channel.ChannelManager - Adding key: http://localhost:64781 for channel [id: 0xfaa7b9f6, L:/127.0.0.1:49619 - R:localhost/127.0.0.1:64781]
00:46:29.661 [Forwarding isElementEnabled on session 299b752a33cedd7f48a2d95593e8cd92 to remote] DEBUG org.asynchttpclient.netty.request.NettyRequestSender - Using pooled Channel '[id: 0xfaa7b9f6, L:/127.0.0.1:49619 - R:localhost/127.0.0.1:64781]' for 'GET' to 'http://localhost:64781/session/299b752a33cedd7f48a2d95593e8cd92/element/63eaafdd-a8a5-4228-8139-f8f52eb599de/enabled'
00:46:29.661 [Forwarding isElementEnabled on session 299b752a33cedd7f48a2d95593e8cd92 to remote] DEBUG org.asynchttpclient.netty.request.NettyRequestSender - Using open Channel [id: 0xfaa7b9f6, L:/127.0.0.1:49619 - R:localhost/127.0.0.1:64781] for GET '/session/299b752a33cedd7f48a2d95593e8cd92/element/63eaafdd-a8a5-4228-8139-f8f52eb599de/enabled'
00:46:29.665 [AsyncHttpClient-1-17] DEBUG org.asynchttpclient.netty.handler.HttpHandler - 

Request DefaultFullHttpRequest(decodeResult: success, version: HTTP/1.1, content: EmptyByteBufBE)
GET /session/299b752a33cedd7f48a2d95593e8cd92/element/63eaafdd-a8a5-4228-8139-f8f52eb599de/enabled HTTP/1.1
User-Agent: selenium/4.1.2 (java windows)
Cache-Control: no-cache
Content-Type: application/json; charset=utf-8
host: localhost:64781
accept: */*

Response DefaultHttpResponse(decodeResult: success, version: HTTP/1.1)
HTTP/1.1 200 OK
Content-Type: application/json; charset=utf-8
cache-control: no-cache
content-length: 14

00:46:29.665 [AsyncHttpClient-1-17] DEBUG org.asynchttpclient.netty.channel.ChannelManager - Adding key: http://localhost:64781 for channel [id: 0xfaa7b9f6, L:/127.0.0.1:49619 - R:localhost/127.0.0.1:64781]
00:46:29.666 [Forwarding isElementEnabled on session 299b752a33cedd7f48a2d95593e8cd92 to remote] DEBUG org.asynchttpclient.netty.request.NettyRequestSender - Using pooled Channel '[id: 0xfaa7b9f6, L:/127.0.0.1:49619 - R:localhost/127.0.0.1:64781]' for 'GET' to 'http://localhost:64781/session/299b752a33cedd7f48a2d95593e8cd92/element/63eaafdd-a8a5-4228-8139-f8f52eb599de/enabled'
00:46:29.666 [Forwarding isElementEnabled on session 299b752a33cedd7f48a2d95593e8cd92 to remote] DEBUG org.asynchttpclient.netty.request.NettyRequestSender - Using open Channel [id: 0xfaa7b9f6, L:/127.0.0.1:49619 - R:localhost/127.0.0.1:64781] for GET '/session/299b752a33cedd7f48a2d95593e8cd92/element/63eaafdd-a8a5-4228-8139-f8f52eb599de/enabled'
00:46:29.668 [AsyncHttpClient-1-17] DEBUG org.asynchttpclient.netty.handler.HttpHandler - 

Request DefaultFullHttpRequest(decodeResult: success, version: HTTP/1.1, content: EmptyByteBufBE)
GET /session/299b752a33cedd7f48a2d95593e8cd92/element/63eaafdd-a8a5-4228-8139-f8f52eb599de/enabled HTTP/1.1
User-Agent: selenium/4.1.2 (java windows)
Cache-Control: no-cache
Content-Type: application/json; charset=utf-8
host: localhost:64781
accept: */*

Response DefaultHttpResponse(decodeResult: success, version: HTTP/1.1)
HTTP/1.1 200 OK
Content-Type: application/json; charset=utf-8
cache-control: no-cache
content-length: 14

00:46:29.668 [AsyncHttpClient-1-17] DEBUG org.asynchttpclient.netty.channel.ChannelManager - Adding key: http://localhost:64781 for channel [id: 0xfaa7b9f6, L:/127.0.0.1:49619 - R:localhost/127.0.0.1:64781]
00:46:29.669 [Forwarding findElement on session 299b752a33cedd7f48a2d95593e8cd92 to remote] DEBUG org.asynchttpclient.netty.request.NettyRequestSender - Using pooled Channel '[id: 0xfaa7b9f6, L:/127.0.0.1:49619 - R:localhost/127.0.0.1:64781]' for 'POST' to 'http://localhost:64781/session/299b752a33cedd7f48a2d95593e8cd92/element'
00:46:29.669 [Forwarding findElement on session 299b752a33cedd7f48a2d95593e8cd92 to remote] DEBUG org.asynchttpclient.netty.request.NettyRequestSender - Using open Channel [id: 0xfaa7b9f6, L:/127.0.0.1:49619 - R:localhost/127.0.0.1:64781] for POST '/session/299b752a33cedd7f48a2d95593e8cd92/element'
00:46:29.673 [AsyncHttpClient-1-17] DEBUG org.asynchttpclient.netty.handler.HttpHandler - 

Request DefaultHttpRequest(decodeResult: success, version: HTTP/1.1)
POST /session/299b752a33cedd7f48a2d95593e8cd92/element HTTP/1.1
User-Agent: selenium/4.1.2 (java windows)
Content-Length: 79
Content-Type: application/json; charset=utf-8
host: localhost:64781
accept: */*

Response DefaultHttpResponse(decodeResult: success, version: HTTP/1.1)
HTTP/1.1 200 OK
Content-Type: application/json; charset=utf-8
cache-control: no-cache
content-length: 88

00:46:29.673 [AsyncHttpClient-1-17] DEBUG org.asynchttpclient.netty.channel.ChannelManager - Adding key: http://localhost:64781 for channel [id: 0xfaa7b9f6, L:/127.0.0.1:49619 - R:localhost/127.0.0.1:64781]
00:46:29.673 [Forwarding clickElement on session 299b752a33cedd7f48a2d95593e8cd92 to remote] DEBUG org.asynchttpclient.netty.request.NettyRequestSender - Using pooled Channel '[id: 0xfaa7b9f6, L:/127.0.0.1:49619 - R:localhost/127.0.0.1:64781]' for 'POST' to 'http://localhost:64781/session/299b752a33cedd7f48a2d95593e8cd92/element/63eaafdd-a8a5-4228-8139-f8f52eb599de/click'
00:46:29.673 [Forwarding clickElement on session 299b752a33cedd7f48a2d95593e8cd92 to remote] DEBUG org.asynchttpclient.netty.request.NettyRequestSender - Using open Channel [id: 0xfaa7b9f6, L:/127.0.0.1:49619 - R:localhost/127.0.0.1:64781] for POST '/session/299b752a33cedd7f48a2d95593e8cd92/element/63eaafdd-a8a5-4228-8139-f8f52eb599de/click'
00:46:29.692 [AsyncHttpClient-1-17] DEBUG org.asynchttpclient.netty.handler.HttpHandler - 

Request DefaultHttpRequest(decodeResult: success, version: HTTP/1.1)
POST /session/299b752a33cedd7f48a2d95593e8cd92/element/63eaafdd-a8a5-4228-8139-f8f52eb599de/click HTTP/1.1
User-Agent: selenium/4.1.2 (java windows)
Content-Length: 50
Content-Type: application/json; charset=utf-8
host: localhost:64781
accept: */*

Response DefaultHttpResponse(decodeResult: success, version: HTTP/1.1)
HTTP/1.1 200 OK
Content-Type: application/json; charset=utf-8
cache-control: no-cache
content-length: 14

00:46:29.692 [AsyncHttpClient-1-17] DEBUG org.asynchttpclient.netty.channel.ChannelManager - Adding key: http://localhost:64781 for channel [id: 0xfaa7b9f6, L:/127.0.0.1:49619 - R:localhost/127.0.0.1:64781]
00:46:29.695 [Forwarding screenshot on session 299b752a33cedd7f48a2d95593e8cd92 to remote] DEBUG org.asynchttpclient.netty.request.NettyRequestSender - Using pooled Channel '[id: 0xfaa7b9f6, L:/127.0.0.1:49619 - R:localhost/127.0.0.1:64781]' for 'GET' to 'http://localhost:64781/session/299b752a33cedd7f48a2d95593e8cd92/screenshot'
00:46:29.695 [Forwarding screenshot on session 299b752a33cedd7f48a2d95593e8cd92 to remote] DEBUG org.asynchttpclient.netty.request.NettyRequestSender - Using open Channel [id: 0xfaa7b9f6, L:/127.0.0.1:49619 - R:localhost/127.0.0.1:64781] for GET '/session/299b752a33cedd7f48a2d95593e8cd92/screenshot'
00:46:29.810 [AsyncHttpClient-1-17] DEBUG org.asynchttpclient.netty.handler.HttpHandler - 

Request DefaultFullHttpRequest(decodeResult: success, version: HTTP/1.1, content: EmptyByteBufBE)
GET /session/299b752a33cedd7f48a2d95593e8cd92/screenshot HTTP/1.1
User-Agent: selenium/4.1.2 (java windows)
Cache-Control: no-cache
Content-Type: application/json; charset=utf-8
host: localhost:64781
accept: */*

Response DefaultHttpResponse(decodeResult: success, version: HTTP/1.1)
HTTP/1.1 200 OK
Content-Type: application/json; charset=utf-8
cache-control: no-cache
content-length: 142920

00:46:29.810 [AsyncHttpClient-1-17] DEBUG org.asynchttpclient.netty.channel.ChannelManager - Adding key: http://localhost:64781 for channel [id: 0xfaa7b9f6, L:/127.0.0.1:49619 - R:localhost/127.0.0.1:64781]
00:46:29.812 [main] DEBUG net.serenitybdd.core.photography.Darkroom - Send negative for processing for target\site\serenity\59b2e7583afdc30d83770f7d7bb15e665079ccb35d6fb2cdebba9f0939e405f8.png
00:46:29.812 [main] DEBUG net.thucydides.core.steps.StepInterceptor - STEP DONE: yesclick
00:46:29.813 [Darkroom Processing Line] DEBUG net.serenitybdd.core.photography.DarkroomProcessingLine - Processing screenshot image in /var/screenshots/screenshot-12585690900119249018
00:46:29.813 [Darkroom Processing Line] DEBUG net.serenitybdd.core.photography.DarkroomProcessingLine - Saving screenshot to target\site\serenity\59b2e7583afdc30d83770f7d7bb15e665079ccb35d6fb2cdebba9f0939e405f8.png
00:46:29.816 [main] DEBUG net.thucydides.core.steps.StepInterceptor - STARTING STEP: ClassSteps.adminSuccsessCreateNewClass - classdetail
00:46:29.817 [Forwarding findElement on session 299b752a33cedd7f48a2d95593e8cd92 to remote] DEBUG org.asynchttpclient.netty.request.NettyRequestSender - Using pooled Channel '[id: 0xfaa7b9f6, L:/127.0.0.1:49619 - R:localhost/127.0.0.1:64781]' for 'POST' to 'http://localhost:64781/session/299b752a33cedd7f48a2d95593e8cd92/element'
00:46:29.817 [Forwarding findElement on session 299b752a33cedd7f48a2d95593e8cd92 to remote] DEBUG org.asynchttpclient.netty.request.NettyRequestSender - Using open Channel [id: 0xfaa7b9f6, L:/127.0.0.1:49619 - R:localhost/127.0.0.1:64781] for POST '/session/299b752a33cedd7f48a2d95593e8cd92/element'
00:46:29.879 [AsyncHttpClient-1-17] DEBUG org.asynchttpclient.netty.handler.HttpHandler - 

Request DefaultHttpRequest(decodeResult: success, version: HTTP/1.1)
POST /session/299b752a33cedd7f48a2d95593e8cd92/element HTTP/1.1
User-Agent: selenium/4.1.2 (java windows)
Content-Length: 81
Content-Type: application/json; charset=utf-8
host: localhost:64781
accept: */*

Response DefaultHttpResponse(decodeResult: success, version: HTTP/1.1)
HTTP/1.1 200 OK
Content-Type: application/json; charset=utf-8
cache-control: no-cache
content-length: 88

00:46:29.879 [AsyncHttpClient-1-17] DEBUG org.asynchttpclient.netty.channel.ChannelManager - Adding key: http://localhost:64781 for channel [id: 0xfaa7b9f6, L:/127.0.0.1:49619 - R:localhost/127.0.0.1:64781]
00:46:29.881 [Forwarding isElementDisplayed on session 299b752a33cedd7f48a2d95593e8cd92 to remote] DEBUG org.asynchttpclient.netty.request.NettyRequestSender - Using pooled Channel '[id: 0xfaa7b9f6, L:/127.0.0.1:49619 - R:localhost/127.0.0.1:64781]' for 'POST' to 'http://localhost:64781/session/299b752a33cedd7f48a2d95593e8cd92/execute/sync'
00:46:29.881 [Forwarding isElementDisplayed on session 299b752a33cedd7f48a2d95593e8cd92 to remote] DEBUG org.asynchttpclient.netty.request.NettyRequestSender - Using open Channel [id: 0xfaa7b9f6, L:/127.0.0.1:49619 - R:localhost/127.0.0.1:64781] for POST '/session/299b752a33cedd7f48a2d95593e8cd92/execute/sync'
00:46:29.889 [AsyncHttpClient-1-17] DEBUG org.asynchttpclient.netty.handler.HttpHandler - 

Request DefaultHttpRequest(decodeResult: success, version: HTTP/1.1)
POST /session/299b752a33cedd7f48a2d95593e8cd92/execute/sync HTTP/1.1
User-Agent: selenium/4.1.2 (java windows)
Content-Length: 48780
Content-Type: application/json; charset=utf-8
host: localhost:64781
accept: */*

Response DefaultHttpResponse(decodeResult: success, version: HTTP/1.1)
HTTP/1.1 200 OK
Content-Type: application/json; charset=utf-8
cache-control: no-cache
content-length: 14

00:46:29.889 [AsyncHttpClient-1-17] DEBUG org.asynchttpclient.netty.channel.ChannelManager - Adding key: http://localhost:64781 for channel [id: 0xfaa7b9f6, L:/127.0.0.1:49619 - R:localhost/127.0.0.1:64781]
00:46:29.892 [Forwarding screenshot on session 299b752a33cedd7f48a2d95593e8cd92 to remote] DEBUG org.asynchttpclient.netty.request.NettyRequestSender - Using pooled Channel '[id: 0xfaa7b9f6, L:/127.0.0.1:49619 - R:localhost/127.0.0.1:64781]' for 'GET' to 'http://localhost:64781/session/299b752a33cedd7f48a2d95593e8cd92/screenshot'
00:46:29.892 [Forwarding screenshot on session 299b752a33cedd7f48a2d95593e8cd92 to remote] DEBUG org.asynchttpclient.netty.request.NettyRequestSender - Using open Channel [id: 0xfaa7b9f6, L:/127.0.0.1:49619 - R:localhost/127.0.0.1:64781] for GET '/session/299b752a33cedd7f48a2d95593e8cd92/screenshot'
00:46:30.008 [AsyncHttpClient-1-17] DEBUG org.asynchttpclient.netty.handler.HttpHandler - 

Request DefaultFullHttpRequest(decodeResult: success, version: HTTP/1.1, content: EmptyByteBufBE)
GET /session/299b752a33cedd7f48a2d95593e8cd92/screenshot HTTP/1.1
User-Agent: selenium/4.1.2 (java windows)
Cache-Control: no-cache
Content-Type: application/json; charset=utf-8
host: localhost:64781
accept: */*

Response DefaultHttpResponse(decodeResult: success, version: HTTP/1.1)
HTTP/1.1 200 OK
Content-Type: application/json; charset=utf-8
cache-control: no-cache
content-length: 106896

00:46:30.008 [AsyncHttpClient-1-17] DEBUG org.asynchttpclient.netty.channel.ChannelManager - Adding key: http://localhost:64781 for channel [id: 0xfaa7b9f6, L:/127.0.0.1:49619 - R:localhost/127.0.0.1:64781]
00:46:30.010 [main] DEBUG net.serenitybdd.core.photography.Darkroom - Send negative for processing for target\site\serenity\7ad2657610fea0f1770dbc07f68064f10cc5dc81293036baeeffe02d6c1d69cd.png
00:46:30.010 [main] DEBUG net.thucydides.core.steps.StepInterceptor - STEP DONE: classdetail
  &amp#27;[32mThen &amp#27;[0m&amp#27;[32madmin succsess create new class&amp#27;[0m  &amp#27;[90m# starter.definitions.ClassSteps.adminSuccsessCreateNewClass()&amp#27;[0m
00:46:30.010 [Darkroom Processing Line] DEBUG net.serenitybdd.core.photography.DarkroomProcessingLine - Processing screenshot image in /var/screenshots/screenshot-2111909122142355606
00:46:30.010 [Darkroom Processing Line] DEBUG net.serenitybdd.core.photography.DarkroomProcessingLine - Saving screenshot to target\site\serenity\7ad2657610fea0f1770dbc07f68064f10cc5dc81293036baeeffe02d6c1d69cd.png
00:46:30.013 [main] INFO  - 
  _____   ___   ___   _____     ___     _     ___   ___   ___   ___  
 |_   _| | __| / __| |_   _|   | _ \   /_\   / __| / __| | __| |   \ 
   | |   | _|  \__ \   | |     |  _/  / _ \  \__ \ \__ \ | _|  | |) |
   |_|   |___| |___/   |_|     |_|   /_/ \_\ |___/ |___/ |___| |___/ 

sucsess add new class
----------------------------------------------------------------------
00:46:30.014 [AsyncHttpClient-1-19] DEBUG org.asynchttpclient.netty.handler.WebSocketHandler - Channel Closed: [id: 0x0139ebcf, L:/127.0.0.1:49627 ! R:localhost/127.0.0.1:49620] with attribute NettyResponseFuture{currentRetry=5,
	isDone=1,
	isCancelled=0,
	asyncHandler=org.asynchttpclient.ws.WebSocketUpgradeHandler@4e22be80,
	nettyRequest=org.asynchttpclient.netty.request.NettyRequest@b203920,
	future=java.util.concurrent.CompletableFuture@194718e1[Completed normally],
	uri=ws://localhost:49620/devtools/browser/98fe7a5e-f27b-4dea-a604-b0e1a81cd38c,
	keepAlive=true,
	redirectCount=0,
	timeoutsHolder=null,
	inAuth=0,
	touch=1658421980522}
00:46:30.014 [AsyncHttpClient-1-19] DEBUG org.asynchttpclient.netty.channel.ChannelManager - Closing Channel [id: 0x0139ebcf, L:/127.0.0.1:49627 ! R:localhost/127.0.0.1:49620] 
00:46:30.014 [Driver Command Executor] DEBUG org.asynchttpclient.netty.request.NettyRequestSender - Using pooled Channel '[id: 0xfaa7b9f6, L:/127.0.0.1:49619 - R:localhost/127.0.0.1:64781]' for 'DELETE' to 'http://localhost:64781/session/299b752a33cedd7f48a2d95593e8cd92'
00:46:30.014 [Driver Command Executor] DEBUG org.asynchttpclient.netty.request.NettyRequestSender - Using open Channel [id: 0xfaa7b9f6, L:/127.0.0.1:49619 - R:localhost/127.0.0.1:64781] for DELETE '/session/299b752a33cedd7f48a2d95593e8cd92'
00:46:30.032 [AsyncHttpClient-1-18] DEBUG org.asynchttpclient.netty.handler.HttpHandler - Unexpected I/O exception on channel [id: 0xc34d4542, L:/127.0.0.1:49626 - R:localhost/127.0.0.1:49620]
java.net.SocketException: Connection reset
	at java.base/sun.nio.ch.SocketChannelImpl.throwConnectionReset(SocketChannelImpl.java:394)
	at java.base/sun.nio.ch.SocketChannelImpl.read(SocketChannelImpl.java:426)
	at io.netty.buffer.PooledByteBuf.setBytes(PooledByteBuf.java:258)
	at io.netty.buffer.AbstractByteBuf.writeBytes(AbstractByteBuf.java:1132)
	at io.netty.channel.socket.nio.NioSocketChannel.doReadBytes(NioSocketChannel.java:350)
	at io.netty.channel.nio.AbstractNioByteChannel$NioByteUnsafe.read(AbstractNioByteChannel.java:151)
	at io.netty.channel.nio.NioEventLoop.processSelectedKey(NioEventLoop.java:722)
	at io.netty.channel.nio.NioEventLoop.processSelectedKeysOptimized(NioEventLoop.java:658)
	at io.netty.channel.nio.NioEventLoop.processSelectedKeys(NioEventLoop.java:584)
	at io.netty.channel.nio.NioEventLoop.run(NioEventLoop.java:496)
	at io.netty.util.concurrent.SingleThreadEventExecutor$4.run(SingleThreadEventExecutor.java:986)
	at io.netty.util.internal.ThreadExecutorMap$2.run(ThreadExecutorMap.java:74)
	at io.netty.util.concurrent.FastThreadLocalRunnable.run(FastThreadLocalRunnable.java:30)
	at java.base/java.lang.Thread.run(Thread.java:833)
00:46:30.032 [AsyncHttpClient-1-18] DEBUG org.asynchttpclient.netty.channel.ChannelManager - Closing Channel [id: 0xc34d4542, L:/127.0.0.1:49626 - R:localhost/127.0.0.1:49620] 
00:46:30.032 [AsyncHttpClient-1-18] DEBUG org.asynchttpclient.netty.handler.HttpHandler - Channel Closed: [id: 0xc34d4542, L:/127.0.0.1:49626 ! R:localhost/127.0.0.1:49620] with attribute DISCARD
00:46:30.044 [AsyncHttpClient-1-17] DEBUG org.asynchttpclient.netty.handler.HttpHandler - 

Request DefaultFullHttpRequest(decodeResult: success, version: HTTP/1.1, content: EmptyByteBufBE)
DELETE /session/299b752a33cedd7f48a2d95593e8cd92 HTTP/1.1
User-Agent: selenium/4.1.2 (java windows)
Content-Type: application/json; charset=utf-8
host: localhost:64781
accept: */*

Response DefaultHttpResponse(decodeResult: success, version: HTTP/1.1)
HTTP/1.1 200 OK
Content-Type: application/json; charset=utf-8
cache-control: no-cache
content-length: 14

00:46:30.044 [AsyncHttpClient-1-17] DEBUG org.asynchttpclient.netty.channel.ChannelManager - Adding key: http://localhost:64781 for channel [id: 0xfaa7b9f6, L:/127.0.0.1:49619 - R:localhost/127.0.0.1:64781]
00:46:30.093 [AsyncHttpClient-1-1] DEBUG org.asynchttpclient.netty.channel.DefaultChannelPool - Entry count for : http://localhost:49620 : 1
00:46:30.093 [AsyncHttpClient-1-1] DEBUG org.asynchttpclient.netty.channel.DefaultChannelPool - Entry count for : http://localhost:64781 : 1
00:46:30.093 [AsyncHttpClient-1-1] DEBUG org.asynchttpclient.netty.channel.DefaultChannelPool - Adding Candidate expired Channel [id: 0xc34d4542, L:/127.0.0.1:49626 ! R:localhost/127.0.0.1:49620] isIdleTimeoutExpired=false isRemotelyClosed=true isTtlExpired=false
00:46:30.093 [AsyncHttpClient-1-1] DEBUG org.asynchttpclient.netty.channel.DefaultChannelPool - Closing Idle Channel [id: 0xc34d4542, L:/127.0.0.1:49626 ! R:localhost/127.0.0.1:49620]
00:46:30.093 [AsyncHttpClient-1-1] DEBUG org.asynchttpclient.netty.channel.DefaultChannelPool - Closed 1 connections out of 2 in 0 ms
00:46:30.094 [AsyncHttpClient-1-17] DEBUG org.asynchttpclient.netty.handler.HttpHandler - Channel Closed: [id: 0xfaa7b9f6, L:/127.0.0.1:49619 ! R:localhost/127.0.0.1:64781] with attribute DISCARD
]]></system-out>
    <system-err><![CDATA[Starting ChromeDriver 103.0.5060.134 (8ec6fce403b3feb0869b0732eda8bd95011d333c-refs/branch-heads/5060@{#1262}) on port 64781
Only local connections are allowed.
Please see https://chromedriver.chromium.org/security-considerations for suggestions on keeping ChromeDriver safe.
ChromeDriver was started successfully.
Jul 22, 2022 12:46:20 AM org.openqa.selenium.remote.ProtocolHandshake createSession
INFO: Detected dialect: W3C
Jul 22, 2022 12:46:20 AM org.openqa.selenium.devtools.CdpVersionFinder findNearestMatch
WARNING: Unable to find an exact match for CDP version 103, so returning the closest version found: a no-op implementation
Jul 22, 2022 12:46:20 AM org.openqa.selenium.devtools.CdpVersionFinder findNearestMatch
INFO: Unable to find CDP implementation matching 103.
Jul 22, 2022 12:46:20 AM org.openqa.selenium.chromium.ChromiumDriver lambda$new$3
WARNING: Unable to find version of CDP to use for . You may need to include a dependency on a specific version of the CDP using something similar to `org.seleniumhq.selenium:selenium-devtools-v86:4.1.2` where the version ("v86") matches the version of the chromium-based browser you're using and the version number of the artifact is the same as Selenium's.
]]></system-err>
  </testcase>
  <testcase name="admin select class" classname="admin on the class page" time="6.846">
    <system-out><![CDATA[
@class
Scenario: admin select class              &amp#27;[90m# src/test/resources/features/class.feature:21&amp#27;[0m
00:46:30.145 [main] INFO io.cucumber.core.plugin.SerenityReporter - Running feature from file:///D:/capstone%20projek/web%20testing/src/test/resources/features/class.feature
00:46:30.146 [main] INFO  - 
  _____   ___   ___   _____     ___   _____     _     ___   _____   ___   ___  
 |_   _| | __| / __| |_   _|   / __| |_   _|   /_\   | _ \ |_   _| | __| |   \ 
   | |   | _|  \__ \   | |     \__ \   | |    / _ \  |   /   | |   | _|  | |) |
   |_|   |___| |___/   |_|     |___/   |_|   /_/ \_\ |_|_\   |_|   |___| |___/ 

admin select class(admin-on-the-class-page;admin-select-class)
--------------------------------------------------------------------------------
00:46:30.153 [main] DEBUG net.thucydides.core.steps.StepInterceptor - STARTING STEP: LoginSteps.adminOnLoginPage - openPage
00:46:30.153 [main] INFO net.serenitybdd.core.webdriver.driverproviders.ChromeDriverProvider - Using automatically driver download
00:46:30.225 [main] DEBUG io.github.bonigarcia.wdm.cache.ResolutionCache - Resolution chrome=103 in cache (valid until 01:32:20 22/07/2022 WITA)
00:46:30.227 [main] DEBUG io.github.bonigarcia.wdm.cache.ResolutionCache - Resolution chrome103=103.0.5060.134 in cache (valid until 21:05:58 22/07/2022 WITA)
00:46:30.228 [main] INFO io.github.bonigarcia.wdm.WebDriverManager - Using chromedriver 103.0.5060.134 (resolved driver for Chrome 103)
00:46:30.234 [main] DEBUG io.github.bonigarcia.wdm.WebDriverManager - Driver chromedriver 103.0.5060.134 found in cache
00:46:30.234 [main] INFO io.github.bonigarcia.wdm.WebDriverManager - Exporting webdriver.chrome.driver as C:\Users\Rev\.cache\selenium\chromedriver\win32\103.0.5060.134\chromedriver.exe
00:46:30.314 [main] DEBUG net.serenitybdd.core.webdriver.driverproviders.ProvideNewDriver - Instantiating driver
00:46:30.314 [main] DEBUG net.serenitybdd.core.webdriver.driverproviders.ProvideNewDriver - Driver capabilities: Capabilities {acceptInsecureCerts: false, base.url: https://sportly.rafdev.my.id/, browserName: chrome, chrome.driver: webdriver/chromedriver.exe, driver: chrome, goog:chromeOptions: {args: [], extensions: []}}
00:46:30.429 [AsyncHttpClient-1-20] DEBUG org.asynchttpclient.netty.channel.NettyConnectListener - Using new Channel '[id: 0x661cc9a0, L:/127.0.0.1:49659 - R:localhost/127.0.0.1:56085]' for 'POST' to '/session'
00:46:30.901 [AsyncHttpClient-1-20] DEBUG org.asynchttpclient.netty.handler.HttpHandler - 

Request DefaultHttpRequest(decodeResult: success, version: HTTP/1.1)
POST /session HTTP/1.1
User-Agent: selenium/4.1.2 (java windows)
Content-Length: 581
Content-Type: application/json; charset=utf-8
host: localhost:56085
accept: */*

Response DefaultHttpResponse(decodeResult: success, version: HTTP/1.1)
HTTP/1.1 200 OK
Content-Type: application/json; charset=utf-8
cache-control: no-cache
content-length: 790

00:46:30.901 [AsyncHttpClient-1-20] DEBUG org.asynchttpclient.netty.channel.ChannelManager - Adding key: http://localhost:56085 for channel [id: 0x661cc9a0, L:/127.0.0.1:49659 - R:localhost/127.0.0.1:56085]
00:46:30.907 [AsyncHttpClient-1-21] DEBUG org.asynchttpclient.netty.channel.NettyConnectListener - Using new Channel '[id: 0x699eb52e, L:/127.0.0.1:49673 - R:localhost/127.0.0.1:49660]' for 'GET' to '/json/version'
00:46:30.910 [AsyncHttpClient-1-21] DEBUG org.asynchttpclient.netty.handler.HttpHandler - 

Request DefaultFullHttpRequest(decodeResult: success, version: HTTP/1.1, content: EmptyByteBufBE)
GET /json/version HTTP/1.1
User-Agent: selenium/4.1.2 (java windows)
host: localhost:49660
accept: */*

Response DefaultHttpResponse(decodeResult: success, version: HTTP/1.1)
HTTP/1.1 200 OK
Content-Type: application/json; charset=UTF-8
content-length: 429

00:46:30.910 [AsyncHttpClient-1-21] DEBUG org.asynchttpclient.netty.channel.ChannelManager - Adding key: http://localhost:49660 for channel [id: 0x699eb52e, L:/127.0.0.1:49673 - R:localhost/127.0.0.1:49660]
00:46:30.913 [AsyncHttpClient-1-22] DEBUG org.asynchttpclient.netty.channel.NettyConnectListener - Using new Channel '[id: 0x4885ee3f, L:/127.0.0.1:49674 - R:localhost/127.0.0.1:49660]' for 'GET' to '/devtools/browser/68acf6e4-734c-49ee-bbbd-9bca728a8004'
00:46:30.917 [AsyncHttpClient-1-22] DEBUG org.asynchttpclient.netty.handler.WebSocketHandler - 

Request DefaultFullHttpRequest(decodeResult: success, version: HTTP/1.1, content: EmptyByteBufBE)
GET /devtools/browser/68acf6e4-734c-49ee-bbbd-9bca728a8004 HTTP/1.1
upgrade: websocket
connection: upgrade
sec-websocket-key: JcW6za6cP0Hc8gxvqJwFfA==
sec-websocket-version: 13
origin: http://localhost:49660
host: localhost:49660
accept: */*
user-agent: AHC/2.1

Response DefaultHttpResponse(decodeResult: success, version: HTTP/1.1)
HTTP/1.1 101 WebSocket Protocol Handshake
Upgrade: WebSocket
Connection: Upgrade
Sec-WebSocket-Accept: hQMgxwtnsYtgYpMkiYYfrSi/X5M=

00:46:30.921 [Forwarding setCurrentWindowSize on session 1ec675e36f1c2a6a69f1da342f9eaf0a to remote] DEBUG org.asynchttpclient.netty.request.NettyRequestSender - Using pooled Channel '[id: 0x661cc9a0, L:/127.0.0.1:49659 - R:localhost/127.0.0.1:56085]' for 'POST' to 'http://localhost:56085/session/1ec675e36f1c2a6a69f1da342f9eaf0a/window/rect'
00:46:30.921 [Forwarding setCurrentWindowSize on session 1ec675e36f1c2a6a69f1da342f9eaf0a to remote] DEBUG org.asynchttpclient.netty.request.NettyRequestSender - Using open Channel [id: 0x661cc9a0, L:/127.0.0.1:49659 - R:localhost/127.0.0.1:56085] for POST '/session/1ec675e36f1c2a6a69f1da342f9eaf0a/window/rect'
00:46:31.044 [AsyncHttpClient-1-20] DEBUG org.asynchttpclient.netty.handler.HttpHandler - 

Request DefaultHttpRequest(decodeResult: success, version: HTTP/1.1)
POST /session/1ec675e36f1c2a6a69f1da342f9eaf0a/window/rect HTTP/1.1
User-Agent: selenium/4.1.2 (java windows)
Content-Length: 37
Content-Type: application/json; charset=utf-8
host: localhost:56085
accept: */*

Response DefaultHttpResponse(decodeResult: success, version: HTTP/1.1)
HTTP/1.1 200 OK
Content-Type: application/json; charset=utf-8
cache-control: no-cache
content-length: 52

00:46:31.044 [AsyncHttpClient-1-20] DEBUG org.asynchttpclient.netty.channel.ChannelManager - Adding key: http://localhost:56085 for channel [id: 0x661cc9a0, L:/127.0.0.1:49659 - R:localhost/127.0.0.1:56085]
00:46:31.045 [Forwarding setWindowPosition on session 1ec675e36f1c2a6a69f1da342f9eaf0a to remote] DEBUG org.asynchttpclient.netty.request.NettyRequestSender - Using pooled Channel '[id: 0x661cc9a0, L:/127.0.0.1:49659 - R:localhost/127.0.0.1:56085]' for 'POST' to 'http://localhost:56085/session/1ec675e36f1c2a6a69f1da342f9eaf0a/window/rect'
00:46:31.045 [Forwarding setWindowPosition on session 1ec675e36f1c2a6a69f1da342f9eaf0a to remote] DEBUG org.asynchttpclient.netty.request.NettyRequestSender - Using open Channel [id: 0x661cc9a0, L:/127.0.0.1:49659 - R:localhost/127.0.0.1:56085] for POST '/session/1ec675e36f1c2a6a69f1da342f9eaf0a/window/rect'
00:46:31.155 [AsyncHttpClient-1-20] DEBUG org.asynchttpclient.netty.handler.HttpHandler - 

Request DefaultHttpRequest(decodeResult: success, version: HTTP/1.1)
POST /session/1ec675e36f1c2a6a69f1da342f9eaf0a/window/rect HTTP/1.1
User-Agent: selenium/4.1.2 (java windows)
Content-Length: 22
Content-Type: application/json; charset=utf-8
host: localhost:56085
accept: */*

Response DefaultHttpResponse(decodeResult: success, version: HTTP/1.1)
HTTP/1.1 200 OK
Content-Type: application/json; charset=utf-8
cache-control: no-cache
content-length: 50

00:46:31.155 [AsyncHttpClient-1-20] DEBUG org.asynchttpclient.netty.channel.ChannelManager - Adding key: http://localhost:56085 for channel [id: 0x661cc9a0, L:/127.0.0.1:49659 - R:localhost/127.0.0.1:56085]
00:46:31.155 [Forwarding get on session 1ec675e36f1c2a6a69f1da342f9eaf0a to remote] DEBUG org.asynchttpclient.netty.request.NettyRequestSender - Using pooled Channel '[id: 0x661cc9a0, L:/127.0.0.1:49659 - R:localhost/127.0.0.1:56085]' for 'POST' to 'http://localhost:56085/session/1ec675e36f1c2a6a69f1da342f9eaf0a/url'
00:46:31.155 [Forwarding get on session 1ec675e36f1c2a6a69f1da342f9eaf0a to remote] DEBUG org.asynchttpclient.netty.request.NettyRequestSender - Using open Channel [id: 0x661cc9a0, L:/127.0.0.1:49659 - R:localhost/127.0.0.1:56085] for POST '/session/1ec675e36f1c2a6a69f1da342f9eaf0a/url'
00:46:31.186 [AsyncHttpClient-1-1] DEBUG org.asynchttpclient.netty.channel.DefaultChannelPool - Entry count for : http://localhost:49660 : 1
00:46:31.186 [AsyncHttpClient-1-1] DEBUG org.asynchttpclient.netty.channel.DefaultChannelPool - Entry count for : http://localhost:64781 : 1
00:46:31.186 [AsyncHttpClient-1-1] DEBUG org.asynchttpclient.netty.channel.DefaultChannelPool - Adding Candidate expired Channel [id: 0xfaa7b9f6, L:/127.0.0.1:49619 ! R:localhost/127.0.0.1:64781] isIdleTimeoutExpired=false isRemotelyClosed=true isTtlExpired=false
00:46:31.186 [AsyncHttpClient-1-1] DEBUG org.asynchttpclient.netty.channel.DefaultChannelPool - Closing Idle Channel [id: 0xfaa7b9f6, L:/127.0.0.1:49619 ! R:localhost/127.0.0.1:64781]
00:46:31.186 [AsyncHttpClient-1-1] DEBUG org.asynchttpclient.netty.channel.DefaultChannelPool - Closed 1 connections out of 2 in 0 ms
00:46:32.289 [AsyncHttpClient-1-1] DEBUG org.asynchttpclient.netty.channel.DefaultChannelPool - Entry count for : http://localhost:49660 : 1
00:46:32.960 [AsyncHttpClient-1-20] DEBUG org.asynchttpclient.netty.handler.HttpHandler - 

Request DefaultHttpRequest(decodeResult: success, version: HTTP/1.1)
POST /session/1ec675e36f1c2a6a69f1da342f9eaf0a/url HTTP/1.1
User-Agent: selenium/4.1.2 (java windows)
Content-Length: 59
Content-Type: application/json; charset=utf-8
host: localhost:56085
accept: */*

Response DefaultHttpResponse(decodeResult: success, version: HTTP/1.1)
HTTP/1.1 200 OK
Content-Type: application/json; charset=utf-8
cache-control: no-cache
content-length: 14

00:46:32.960 [AsyncHttpClient-1-20] DEBUG org.asynchttpclient.netty.channel.ChannelManager - Adding key: http://localhost:56085 for channel [id: 0x661cc9a0, L:/127.0.0.1:49659 - R:localhost/127.0.0.1:56085]
00:46:32.961 [Forwarding setTimeout on session 1ec675e36f1c2a6a69f1da342f9eaf0a to remote] DEBUG org.asynchttpclient.netty.request.NettyRequestSender - Using pooled Channel '[id: 0x661cc9a0, L:/127.0.0.1:49659 - R:localhost/127.0.0.1:56085]' for 'POST' to 'http://localhost:56085/session/1ec675e36f1c2a6a69f1da342f9eaf0a/timeouts'
00:46:32.961 [Forwarding setTimeout on session 1ec675e36f1c2a6a69f1da342f9eaf0a to remote] DEBUG org.asynchttpclient.netty.request.NettyRequestSender - Using open Channel [id: 0x661cc9a0, L:/127.0.0.1:49659 - R:localhost/127.0.0.1:56085] for POST '/session/1ec675e36f1c2a6a69f1da342f9eaf0a/timeouts'
00:46:32.961 [AsyncHttpClient-1-20] DEBUG org.asynchttpclient.netty.handler.HttpHandler - 

Request DefaultHttpRequest(decodeResult: success, version: HTTP/1.1)
POST /session/1ec675e36f1c2a6a69f1da342f9eaf0a/timeouts HTTP/1.1
User-Agent: selenium/4.1.2 (java windows)
Content-Length: 22
Content-Type: application/json; charset=utf-8
host: localhost:56085
accept: */*

Response DefaultHttpResponse(decodeResult: success, version: HTTP/1.1)
HTTP/1.1 200 OK
Content-Type: application/json; charset=utf-8
cache-control: no-cache
content-length: 14

00:46:32.961 [AsyncHttpClient-1-20] DEBUG org.asynchttpclient.netty.channel.ChannelManager - Adding key: http://localhost:56085 for channel [id: 0x661cc9a0, L:/127.0.0.1:49659 - R:localhost/127.0.0.1:56085]
00:46:32.963 [Forwarding getCurrentUrl on session 1ec675e36f1c2a6a69f1da342f9eaf0a to remote] DEBUG org.asynchttpclient.netty.request.NettyRequestSender - Using pooled Channel '[id: 0x661cc9a0, L:/127.0.0.1:49659 - R:localhost/127.0.0.1:56085]' for 'GET' to 'http://localhost:56085/session/1ec675e36f1c2a6a69f1da342f9eaf0a/url'
00:46:32.963 [Forwarding getCurrentUrl on session 1ec675e36f1c2a6a69f1da342f9eaf0a to remote] DEBUG org.asynchttpclient.netty.request.NettyRequestSender - Using open Channel [id: 0x661cc9a0, L:/127.0.0.1:49659 - R:localhost/127.0.0.1:56085] for GET '/session/1ec675e36f1c2a6a69f1da342f9eaf0a/url'
00:46:32.980 [AsyncHttpClient-1-20] DEBUG org.asynchttpclient.netty.handler.HttpHandler - 

Request DefaultFullHttpRequest(decodeResult: success, version: HTTP/1.1, content: EmptyByteBufBE)
GET /session/1ec675e36f1c2a6a69f1da342f9eaf0a/url HTTP/1.1
User-Agent: selenium/4.1.2 (java windows)
Cache-Control: no-cache
Content-Type: application/json; charset=utf-8
host: localhost:56085
accept: */*

Response DefaultHttpResponse(decodeResult: success, version: HTTP/1.1)
HTTP/1.1 200 OK
Content-Type: application/json; charset=utf-8
cache-control: no-cache
content-length: 46

00:46:32.980 [AsyncHttpClient-1-20] DEBUG org.asynchttpclient.netty.channel.ChannelManager - Adding key: http://localhost:56085 for channel [id: 0x661cc9a0, L:/127.0.0.1:49659 - R:localhost/127.0.0.1:56085]
00:46:32.982 [Forwarding getCurrentUrl on session 1ec675e36f1c2a6a69f1da342f9eaf0a to remote] DEBUG org.asynchttpclient.netty.request.NettyRequestSender - Using pooled Channel '[id: 0x661cc9a0, L:/127.0.0.1:49659 - R:localhost/127.0.0.1:56085]' for 'GET' to 'http://localhost:56085/session/1ec675e36f1c2a6a69f1da342f9eaf0a/url'
00:46:32.982 [Forwarding getCurrentUrl on session 1ec675e36f1c2a6a69f1da342f9eaf0a to remote] DEBUG org.asynchttpclient.netty.request.NettyRequestSender - Using open Channel [id: 0x661cc9a0, L:/127.0.0.1:49659 - R:localhost/127.0.0.1:56085] for GET '/session/1ec675e36f1c2a6a69f1da342f9eaf0a/url'
00:46:32.983 [AsyncHttpClient-1-20] DEBUG org.asynchttpclient.netty.handler.HttpHandler - 

Request DefaultFullHttpRequest(decodeResult: success, version: HTTP/1.1, content: EmptyByteBufBE)
GET /session/1ec675e36f1c2a6a69f1da342f9eaf0a/url HTTP/1.1
User-Agent: selenium/4.1.2 (java windows)
Cache-Control: no-cache
Content-Type: application/json; charset=utf-8
host: localhost:56085
accept: */*

Response DefaultHttpResponse(decodeResult: success, version: HTTP/1.1)
HTTP/1.1 200 OK
Content-Type: application/json; charset=utf-8
cache-control: no-cache
content-length: 46

00:46:32.983 [AsyncHttpClient-1-20] DEBUG org.asynchttpclient.netty.channel.ChannelManager - Adding key: http://localhost:56085 for channel [id: 0x661cc9a0, L:/127.0.0.1:49659 - R:localhost/127.0.0.1:56085]
00:46:32.986 [Forwarding screenshot on session 1ec675e36f1c2a6a69f1da342f9eaf0a to remote] DEBUG org.asynchttpclient.netty.request.NettyRequestSender - Using pooled Channel '[id: 0x661cc9a0, L:/127.0.0.1:49659 - R:localhost/127.0.0.1:56085]' for 'GET' to 'http://localhost:56085/session/1ec675e36f1c2a6a69f1da342f9eaf0a/screenshot'
00:46:32.986 [Forwarding screenshot on session 1ec675e36f1c2a6a69f1da342f9eaf0a to remote] DEBUG org.asynchttpclient.netty.request.NettyRequestSender - Using open Channel [id: 0x661cc9a0, L:/127.0.0.1:49659 - R:localhost/127.0.0.1:56085] for GET '/session/1ec675e36f1c2a6a69f1da342f9eaf0a/screenshot'
00:46:33.281 [AsyncHttpClient-1-20] DEBUG org.asynchttpclient.netty.handler.HttpHandler - 

Request DefaultFullHttpRequest(decodeResult: success, version: HTTP/1.1, content: EmptyByteBufBE)
GET /session/1ec675e36f1c2a6a69f1da342f9eaf0a/screenshot HTTP/1.1
User-Agent: selenium/4.1.2 (java windows)
Cache-Control: no-cache
Content-Type: application/json; charset=utf-8
host: localhost:56085
accept: */*

Response DefaultHttpResponse(decodeResult: success, version: HTTP/1.1)
HTTP/1.1 200 OK
Content-Type: application/json; charset=utf-8
cache-control: no-cache
content-length: 575004

00:46:33.282 [AsyncHttpClient-1-20] DEBUG org.asynchttpclient.netty.channel.ChannelManager - Adding key: http://localhost:56085 for channel [id: 0x661cc9a0, L:/127.0.0.1:49659 - R:localhost/127.0.0.1:56085]
00:46:33.288 [main] DEBUG net.serenitybdd.core.photography.Darkroom - Send negative for processing for target\site\serenity\bdfb3257a55b5f729af578dfc1dc3a5762c89839bea5dc19984e34dd6640fee1.png
00:46:33.288 [main] DEBUG net.thucydides.core.steps.StepInterceptor - STEP DONE: openPage
00:46:33.292 [main] DEBUG net.thucydides.core.steps.StepInterceptor - STARTING STEP: LoginSteps.adminOnLoginPage - validateonLoginPage
00:46:33.292 [Forwarding findElement on session 1ec675e36f1c2a6a69f1da342f9eaf0a to remote] DEBUG org.asynchttpclient.netty.request.NettyRequestSender - Using pooled Channel '[id: 0x661cc9a0, L:/127.0.0.1:49659 - R:localhost/127.0.0.1:56085]' for 'POST' to 'http://localhost:56085/session/1ec675e36f1c2a6a69f1da342f9eaf0a/element'
00:46:33.292 [Forwarding findElement on session 1ec675e36f1c2a6a69f1da342f9eaf0a to remote] DEBUG org.asynchttpclient.netty.request.NettyRequestSender - Using open Channel [id: 0x661cc9a0, L:/127.0.0.1:49659 - R:localhost/127.0.0.1:56085] for POST '/session/1ec675e36f1c2a6a69f1da342f9eaf0a/element'
00:46:33.299 [AsyncHttpClient-1-20] DEBUG org.asynchttpclient.netty.handler.HttpHandler - 

Request DefaultHttpRequest(decodeResult: success, version: HTTP/1.1)
POST /session/1ec675e36f1c2a6a69f1da342f9eaf0a/element HTTP/1.1
User-Agent: selenium/4.1.2 (java windows)
Content-Length: 71
Content-Type: application/json; charset=utf-8
host: localhost:56085
accept: */*

Response DefaultHttpResponse(decodeResult: success, version: HTTP/1.1)
HTTP/1.1 200 OK
Content-Type: application/json; charset=utf-8
cache-control: no-cache
content-length: 88

00:46:33.299 [AsyncHttpClient-1-20] DEBUG org.asynchttpclient.netty.channel.ChannelManager - Adding key: http://localhost:56085 for channel [id: 0x661cc9a0, L:/127.0.0.1:49659 - R:localhost/127.0.0.1:56085]
00:46:33.301 [Forwarding isElementDisplayed on session 1ec675e36f1c2a6a69f1da342f9eaf0a to remote] DEBUG org.asynchttpclient.netty.request.NettyRequestSender - Using pooled Channel '[id: 0x661cc9a0, L:/127.0.0.1:49659 - R:localhost/127.0.0.1:56085]' for 'POST' to 'http://localhost:56085/session/1ec675e36f1c2a6a69f1da342f9eaf0a/execute/sync'
00:46:33.301 [Forwarding isElementDisplayed on session 1ec675e36f1c2a6a69f1da342f9eaf0a to remote] DEBUG org.asynchttpclient.netty.request.NettyRequestSender - Using open Channel [id: 0x661cc9a0, L:/127.0.0.1:49659 - R:localhost/127.0.0.1:56085] for POST '/session/1ec675e36f1c2a6a69f1da342f9eaf0a/execute/sync'
00:46:33.308 [AsyncHttpClient-1-20] DEBUG org.asynchttpclient.netty.handler.HttpHandler - 

Request DefaultHttpRequest(decodeResult: success, version: HTTP/1.1)
POST /session/1ec675e36f1c2a6a69f1da342f9eaf0a/execute/sync HTTP/1.1
User-Agent: selenium/4.1.2 (java windows)
Content-Length: 48780
Content-Type: application/json; charset=utf-8
host: localhost:56085
accept: */*

Response DefaultHttpResponse(decodeResult: success, version: HTTP/1.1)
HTTP/1.1 200 OK
Content-Type: application/json; charset=utf-8
cache-control: no-cache
content-length: 14

00:46:33.309 [AsyncHttpClient-1-20] DEBUG org.asynchttpclient.netty.channel.ChannelManager - Adding key: http://localhost:56085 for channel [id: 0x661cc9a0, L:/127.0.0.1:49659 - R:localhost/127.0.0.1:56085]
00:46:33.311 [main] DEBUG net.thucydides.core.steps.StepInterceptor - STEP DONE: validateonLoginPage
  &amp#27;[32mGiven &amp#27;[0m&amp#27;[32madmin on login page&amp#27;[0m               &amp#27;[90m# starter.definitions.LoginSteps.adminOnLoginPage()&amp#27;[0m
00:46:33.318 [main] DEBUG net.thucydides.core.steps.StepInterceptor - STARTING STEP: LoginSteps.adminInputValidUssername - inputusername
00:46:33.319 [Forwarding findElement on session 1ec675e36f1c2a6a69f1da342f9eaf0a to remote] DEBUG org.asynchttpclient.netty.request.NettyRequestSender - Using pooled Channel '[id: 0x661cc9a0, L:/127.0.0.1:49659 - R:localhost/127.0.0.1:56085]' for 'POST' to 'http://localhost:56085/session/1ec675e36f1c2a6a69f1da342f9eaf0a/element'
00:46:33.319 [Forwarding findElement on session 1ec675e36f1c2a6a69f1da342f9eaf0a to remote] DEBUG org.asynchttpclient.netty.request.NettyRequestSender - Using open Channel [id: 0x661cc9a0, L:/127.0.0.1:49659 - R:localhost/127.0.0.1:56085] for POST '/session/1ec675e36f1c2a6a69f1da342f9eaf0a/element'
00:46:33.326 [AsyncHttpClient-1-20] DEBUG org.asynchttpclient.netty.handler.HttpHandler - 

Request DefaultHttpRequest(decodeResult: success, version: HTTP/1.1)
POST /session/1ec675e36f1c2a6a69f1da342f9eaf0a/element HTTP/1.1
User-Agent: selenium/4.1.2 (java windows)
Content-Length: 92
Content-Type: application/json; charset=utf-8
host: localhost:56085
accept: */*

Response DefaultHttpResponse(decodeResult: success, version: HTTP/1.1)
HTTP/1.1 200 OK
Content-Type: application/json; charset=utf-8
cache-control: no-cache
content-length: 88

00:46:33.327 [AsyncHttpClient-1-20] DEBUG org.asynchttpclient.netty.channel.ChannelManager - Adding key: http://localhost:56085 for channel [id: 0x661cc9a0, L:/127.0.0.1:49659 - R:localhost/127.0.0.1:56085]
00:46:33.327 [Forwarding clearElement on session 1ec675e36f1c2a6a69f1da342f9eaf0a to remote] DEBUG org.asynchttpclient.netty.request.NettyRequestSender - Using pooled Channel '[id: 0x661cc9a0, L:/127.0.0.1:49659 - R:localhost/127.0.0.1:56085]' for 'POST' to 'http://localhost:56085/session/1ec675e36f1c2a6a69f1da342f9eaf0a/element/f38417fb-f06b-4d10-b812-9242afb3a864/clear'
00:46:33.327 [Forwarding clearElement on session 1ec675e36f1c2a6a69f1da342f9eaf0a to remote] DEBUG org.asynchttpclient.netty.request.NettyRequestSender - Using open Channel [id: 0x661cc9a0, L:/127.0.0.1:49659 - R:localhost/127.0.0.1:56085] for POST '/session/1ec675e36f1c2a6a69f1da342f9eaf0a/element/f38417fb-f06b-4d10-b812-9242afb3a864/clear'
00:46:33.344 [AsyncHttpClient-1-20] DEBUG org.asynchttpclient.netty.handler.HttpHandler - 

Request DefaultHttpRequest(decodeResult: success, version: HTTP/1.1)
POST /session/1ec675e36f1c2a6a69f1da342f9eaf0a/element/f38417fb-f06b-4d10-b812-9242afb3a864/clear HTTP/1.1
User-Agent: selenium/4.1.2 (java windows)
Content-Length: 50
Content-Type: application/json; charset=utf-8
host: localhost:56085
accept: */*

Response DefaultHttpResponse(decodeResult: success, version: HTTP/1.1)
HTTP/1.1 200 OK
Content-Type: application/json; charset=utf-8
cache-control: no-cache
content-length: 14

00:46:33.344 [AsyncHttpClient-1-20] DEBUG org.asynchttpclient.netty.channel.ChannelManager - Adding key: http://localhost:56085 for channel [id: 0x661cc9a0, L:/127.0.0.1:49659 - R:localhost/127.0.0.1:56085]
00:46:33.345 [Forwarding sendKeysToElement on session 1ec675e36f1c2a6a69f1da342f9eaf0a to remote] DEBUG org.asynchttpclient.netty.request.NettyRequestSender - Using pooled Channel '[id: 0x661cc9a0, L:/127.0.0.1:49659 - R:localhost/127.0.0.1:56085]' for 'POST' to 'http://localhost:56085/session/1ec675e36f1c2a6a69f1da342f9eaf0a/element/f38417fb-f06b-4d10-b812-9242afb3a864/value'
00:46:33.345 [Forwarding sendKeysToElement on session 1ec675e36f1c2a6a69f1da342f9eaf0a to remote] DEBUG org.asynchttpclient.netty.request.NettyRequestSender - Using open Channel [id: 0x661cc9a0, L:/127.0.0.1:49659 - R:localhost/127.0.0.1:56085] for POST '/session/1ec675e36f1c2a6a69f1da342f9eaf0a/element/f38417fb-f06b-4d10-b812-9242afb3a864/value'
00:46:33.378 [AsyncHttpClient-1-20] DEBUG org.asynchttpclient.netty.handler.HttpHandler - 

Request DefaultHttpRequest(decodeResult: success, version: HTTP/1.1)
POST /session/1ec675e36f1c2a6a69f1da342f9eaf0a/element/f38417fb-f06b-4d10-b812-9242afb3a864/value HTTP/1.1
User-Agent: selenium/4.1.2 (java windows)
Content-Length: 151
Content-Type: application/json; charset=utf-8
host: localhost:56085
accept: */*

Response DefaultHttpResponse(decodeResult: success, version: HTTP/1.1)
HTTP/1.1 200 OK
Content-Type: application/json; charset=utf-8
cache-control: no-cache
content-length: 14

00:46:33.378 [AsyncHttpClient-1-20] DEBUG org.asynchttpclient.netty.channel.ChannelManager - Adding key: http://localhost:56085 for channel [id: 0x661cc9a0, L:/127.0.0.1:49659 - R:localhost/127.0.0.1:56085]
00:46:33.381 [Forwarding screenshot on session 1ec675e36f1c2a6a69f1da342f9eaf0a to remote] DEBUG org.asynchttpclient.netty.request.NettyRequestSender - Using pooled Channel '[id: 0x661cc9a0, L:/127.0.0.1:49659 - R:localhost/127.0.0.1:56085]' for 'GET' to 'http://localhost:56085/session/1ec675e36f1c2a6a69f1da342f9eaf0a/screenshot'
00:46:33.381 [Forwarding screenshot on session 1ec675e36f1c2a6a69f1da342f9eaf0a to remote] DEBUG org.asynchttpclient.netty.request.NettyRequestSender - Using open Channel [id: 0x661cc9a0, L:/127.0.0.1:49659 - R:localhost/127.0.0.1:56085] for GET '/session/1ec675e36f1c2a6a69f1da342f9eaf0a/screenshot'
00:46:33.389 [AsyncHttpClient-1-1] DEBUG org.asynchttpclient.netty.channel.DefaultChannelPool - Entry count for : http://localhost:49660 : 1
00:46:33.605 [AsyncHttpClient-1-20] DEBUG org.asynchttpclient.netty.handler.HttpHandler - 

Request DefaultFullHttpRequest(decodeResult: success, version: HTTP/1.1, content: EmptyByteBufBE)
GET /session/1ec675e36f1c2a6a69f1da342f9eaf0a/screenshot HTTP/1.1
User-Agent: selenium/4.1.2 (java windows)
Cache-Control: no-cache
Content-Type: application/json; charset=utf-8
host: localhost:56085
accept: */*

Response DefaultHttpResponse(decodeResult: success, version: HTTP/1.1)
HTTP/1.1 200 OK
Content-Type: application/json; charset=utf-8
cache-control: no-cache
content-length: 573184

00:46:33.606 [AsyncHttpClient-1-20] DEBUG org.asynchttpclient.netty.channel.ChannelManager - Adding key: http://localhost:56085 for channel [id: 0x661cc9a0, L:/127.0.0.1:49659 - R:localhost/127.0.0.1:56085]
00:46:33.613 [main] DEBUG net.serenitybdd.core.photography.Darkroom - Send negative for processing for target\site\serenity\f77c054aa6a666f419ab49e776fdfb7fc10c7c59289c58aa7b77a3e2461e450a.png
00:46:33.613 [main] DEBUG net.thucydides.core.steps.StepInterceptor - STEP DONE: inputusername
  &amp#27;[32mWhen &amp#27;[0m&amp#27;[32madmin input valid ussername&amp#27;[0m        &amp#27;[90m# starter.definitions.LoginSteps.adminInputValidUssername()&amp#27;[0m
00:46:33.621 [main] DEBUG net.thucydides.core.steps.StepInterceptor - STARTING STEP: LoginSteps.adminInputValidPassword - inputPassword
00:46:33.622 [Forwarding findElement on session 1ec675e36f1c2a6a69f1da342f9eaf0a to remote] DEBUG org.asynchttpclient.netty.request.NettyRequestSender - Using pooled Channel '[id: 0x661cc9a0, L:/127.0.0.1:49659 - R:localhost/127.0.0.1:56085]' for 'POST' to 'http://localhost:56085/session/1ec675e36f1c2a6a69f1da342f9eaf0a/element'
00:46:33.622 [Forwarding findElement on session 1ec675e36f1c2a6a69f1da342f9eaf0a to remote] DEBUG org.asynchttpclient.netty.request.NettyRequestSender - Using open Channel [id: 0x661cc9a0, L:/127.0.0.1:49659 - R:localhost/127.0.0.1:56085] for POST '/session/1ec675e36f1c2a6a69f1da342f9eaf0a/element'
00:46:33.628 [AsyncHttpClient-1-20] DEBUG org.asynchttpclient.netty.handler.HttpHandler - 

Request DefaultHttpRequest(decodeResult: success, version: HTTP/1.1)
POST /session/1ec675e36f1c2a6a69f1da342f9eaf0a/element HTTP/1.1
User-Agent: selenium/4.1.2 (java windows)
Content-Length: 92
Content-Type: application/json; charset=utf-8
host: localhost:56085
accept: */*

Response DefaultHttpResponse(decodeResult: success, version: HTTP/1.1)
HTTP/1.1 200 OK
Content-Type: application/json; charset=utf-8
cache-control: no-cache
content-length: 88

00:46:33.629 [AsyncHttpClient-1-20] DEBUG org.asynchttpclient.netty.channel.ChannelManager - Adding key: http://localhost:56085 for channel [id: 0x661cc9a0, L:/127.0.0.1:49659 - R:localhost/127.0.0.1:56085]
00:46:33.629 [Forwarding clearElement on session 1ec675e36f1c2a6a69f1da342f9eaf0a to remote] DEBUG org.asynchttpclient.netty.request.NettyRequestSender - Using pooled Channel '[id: 0x661cc9a0, L:/127.0.0.1:49659 - R:localhost/127.0.0.1:56085]' for 'POST' to 'http://localhost:56085/session/1ec675e36f1c2a6a69f1da342f9eaf0a/element/4b86e2af-a8fd-4033-9df1-9393302f6c15/clear'
00:46:33.629 [Forwarding clearElement on session 1ec675e36f1c2a6a69f1da342f9eaf0a to remote] DEBUG org.asynchttpclient.netty.request.NettyRequestSender - Using open Channel [id: 0x661cc9a0, L:/127.0.0.1:49659 - R:localhost/127.0.0.1:56085] for POST '/session/1ec675e36f1c2a6a69f1da342f9eaf0a/element/4b86e2af-a8fd-4033-9df1-9393302f6c15/clear'
00:46:33.646 [AsyncHttpClient-1-20] DEBUG org.asynchttpclient.netty.handler.HttpHandler - 

Request DefaultHttpRequest(decodeResult: success, version: HTTP/1.1)
POST /session/1ec675e36f1c2a6a69f1da342f9eaf0a/element/4b86e2af-a8fd-4033-9df1-9393302f6c15/clear HTTP/1.1
User-Agent: selenium/4.1.2 (java windows)
Content-Length: 50
Content-Type: application/json; charset=utf-8
host: localhost:56085
accept: */*

Response DefaultHttpResponse(decodeResult: success, version: HTTP/1.1)
HTTP/1.1 200 OK
Content-Type: application/json; charset=utf-8
cache-control: no-cache
content-length: 14

00:46:33.646 [AsyncHttpClient-1-20] DEBUG org.asynchttpclient.netty.channel.ChannelManager - Adding key: http://localhost:56085 for channel [id: 0x661cc9a0, L:/127.0.0.1:49659 - R:localhost/127.0.0.1:56085]
00:46:33.647 [Forwarding sendKeysToElement on session 1ec675e36f1c2a6a69f1da342f9eaf0a to remote] DEBUG org.asynchttpclient.netty.request.NettyRequestSender - Using pooled Channel '[id: 0x661cc9a0, L:/127.0.0.1:49659 - R:localhost/127.0.0.1:56085]' for 'POST' to 'http://localhost:56085/session/1ec675e36f1c2a6a69f1da342f9eaf0a/element/4b86e2af-a8fd-4033-9df1-9393302f6c15/value'
00:46:33.647 [Forwarding sendKeysToElement on session 1ec675e36f1c2a6a69f1da342f9eaf0a to remote] DEBUG org.asynchttpclient.netty.request.NettyRequestSender - Using open Channel [id: 0x661cc9a0, L:/127.0.0.1:49659 - R:localhost/127.0.0.1:56085] for POST '/session/1ec675e36f1c2a6a69f1da342f9eaf0a/element/4b86e2af-a8fd-4033-9df1-9393302f6c15/value'
00:46:33.694 [AsyncHttpClient-1-20] DEBUG org.asynchttpclient.netty.handler.HttpHandler - 

Request DefaultHttpRequest(decodeResult: success, version: HTTP/1.1)
POST /session/1ec675e36f1c2a6a69f1da342f9eaf0a/element/4b86e2af-a8fd-4033-9df1-9393302f6c15/value HTTP/1.1
User-Agent: selenium/4.1.2 (java windows)
Content-Length: 291
Content-Type: application/json; charset=utf-8
host: localhost:56085
accept: */*

Response DefaultHttpResponse(decodeResult: success, version: HTTP/1.1)
HTTP/1.1 200 OK
Content-Type: application/json; charset=utf-8
cache-control: no-cache
content-length: 14

00:46:33.694 [AsyncHttpClient-1-20] DEBUG org.asynchttpclient.netty.channel.ChannelManager - Adding key: http://localhost:56085 for channel [id: 0x661cc9a0, L:/127.0.0.1:49659 - R:localhost/127.0.0.1:56085]
00:46:33.698 [Forwarding screenshot on session 1ec675e36f1c2a6a69f1da342f9eaf0a to remote] DEBUG org.asynchttpclient.netty.request.NettyRequestSender - Using pooled Channel '[id: 0x661cc9a0, L:/127.0.0.1:49659 - R:localhost/127.0.0.1:56085]' for 'GET' to 'http://localhost:56085/session/1ec675e36f1c2a6a69f1da342f9eaf0a/screenshot'
00:46:33.698 [Forwarding screenshot on session 1ec675e36f1c2a6a69f1da342f9eaf0a to remote] DEBUG org.asynchttpclient.netty.request.NettyRequestSender - Using open Channel [id: 0x661cc9a0, L:/127.0.0.1:49659 - R:localhost/127.0.0.1:56085] for GET '/session/1ec675e36f1c2a6a69f1da342f9eaf0a/screenshot'
00:46:33.925 [AsyncHttpClient-1-20] DEBUG org.asynchttpclient.netty.handler.HttpHandler - 

Request DefaultFullHttpRequest(decodeResult: success, version: HTTP/1.1, content: EmptyByteBufBE)
GET /session/1ec675e36f1c2a6a69f1da342f9eaf0a/screenshot HTTP/1.1
User-Agent: selenium/4.1.2 (java windows)
Cache-Control: no-cache
Content-Type: application/json; charset=utf-8
host: localhost:56085
accept: */*

Response DefaultHttpResponse(decodeResult: success, version: HTTP/1.1)
HTTP/1.1 200 OK
Content-Type: application/json; charset=utf-8
cache-control: no-cache
content-length: 569460

00:46:33.925 [AsyncHttpClient-1-20] DEBUG org.asynchttpclient.netty.channel.ChannelManager - Adding key: http://localhost:56085 for channel [id: 0x661cc9a0, L:/127.0.0.1:49659 - R:localhost/127.0.0.1:56085]
00:46:33.932 [main] DEBUG net.serenitybdd.core.photography.Darkroom - Send negative for processing for target\site\serenity\7121c7966e51ed0bee580053fa8354e56400a63fd65cbfa41529dc1e051e1e6a.png
00:46:33.932 [main] DEBUG net.thucydides.core.steps.StepInterceptor - STEP DONE: inputPassword
  &amp#27;[32mAnd &amp#27;[0m&amp#27;[32madmin input valid password&amp#27;[0m          &amp#27;[90m# starter.definitions.LoginSteps.adminInputValidPassword()&amp#27;[0m
00:46:33.939 [main] DEBUG net.thucydides.core.steps.StepInterceptor - STARTING STEP: LoginSteps.clickLoginButton - clickloginButton
00:46:33.941 [Forwarding findElement on session 1ec675e36f1c2a6a69f1da342f9eaf0a to remote] DEBUG org.asynchttpclient.netty.request.NettyRequestSender - Using pooled Channel '[id: 0x661cc9a0, L:/127.0.0.1:49659 - R:localhost/127.0.0.1:56085]' for 'POST' to 'http://localhost:56085/session/1ec675e36f1c2a6a69f1da342f9eaf0a/element'
00:46:33.941 [Forwarding findElement on session 1ec675e36f1c2a6a69f1da342f9eaf0a to remote] DEBUG org.asynchttpclient.netty.request.NettyRequestSender - Using open Channel [id: 0x661cc9a0, L:/127.0.0.1:49659 - R:localhost/127.0.0.1:56085] for POST '/session/1ec675e36f1c2a6a69f1da342f9eaf0a/element'
00:46:33.945 [AsyncHttpClient-1-20] DEBUG org.asynchttpclient.netty.handler.HttpHandler - 

Request DefaultHttpRequest(decodeResult: success, version: HTTP/1.1)
POST /session/1ec675e36f1c2a6a69f1da342f9eaf0a/element HTTP/1.1
User-Agent: selenium/4.1.2 (java windows)
Content-Length: 71
Content-Type: application/json; charset=utf-8
host: localhost:56085
accept: */*

Response DefaultHttpResponse(decodeResult: success, version: HTTP/1.1)
HTTP/1.1 200 OK
Content-Type: application/json; charset=utf-8
cache-control: no-cache
content-length: 88

00:46:33.945 [AsyncHttpClient-1-20] DEBUG org.asynchttpclient.netty.channel.ChannelManager - Adding key: http://localhost:56085 for channel [id: 0x661cc9a0, L:/127.0.0.1:49659 - R:localhost/127.0.0.1:56085]
00:46:33.945 [Forwarding getElementTagName on session 1ec675e36f1c2a6a69f1da342f9eaf0a to remote] DEBUG org.asynchttpclient.netty.request.NettyRequestSender - Using pooled Channel '[id: 0x661cc9a0, L:/127.0.0.1:49659 - R:localhost/127.0.0.1:56085]' for 'GET' to 'http://localhost:56085/session/1ec675e36f1c2a6a69f1da342f9eaf0a/element/84cad281-2f34-45ed-8e30-686a64617d69/name'
00:46:33.945 [Forwarding getElementTagName on session 1ec675e36f1c2a6a69f1da342f9eaf0a to remote] DEBUG org.asynchttpclient.netty.request.NettyRequestSender - Using open Channel [id: 0x661cc9a0, L:/127.0.0.1:49659 - R:localhost/127.0.0.1:56085] for GET '/session/1ec675e36f1c2a6a69f1da342f9eaf0a/element/84cad281-2f34-45ed-8e30-686a64617d69/name'
00:46:33.947 [AsyncHttpClient-1-20] DEBUG org.asynchttpclient.netty.handler.HttpHandler - 

Request DefaultFullHttpRequest(decodeResult: success, version: HTTP/1.1, content: EmptyByteBufBE)
GET /session/1ec675e36f1c2a6a69f1da342f9eaf0a/element/84cad281-2f34-45ed-8e30-686a64617d69/name HTTP/1.1
User-Agent: selenium/4.1.2 (java windows)
Cache-Control: no-cache
Content-Type: application/json; charset=utf-8
host: localhost:56085
accept: */*

Response DefaultHttpResponse(decodeResult: success, version: HTTP/1.1)
HTTP/1.1 200 OK
Content-Type: application/json; charset=utf-8
cache-control: no-cache
content-length: 18

00:46:33.947 [AsyncHttpClient-1-20] DEBUG org.asynchttpclient.netty.channel.ChannelManager - Adding key: http://localhost:56085 for channel [id: 0x661cc9a0, L:/127.0.0.1:49659 - R:localhost/127.0.0.1:56085]
00:46:33.948 [Forwarding getElementTagName on session 1ec675e36f1c2a6a69f1da342f9eaf0a to remote] DEBUG org.asynchttpclient.netty.request.NettyRequestSender - Using pooled Channel '[id: 0x661cc9a0, L:/127.0.0.1:49659 - R:localhost/127.0.0.1:56085]' for 'GET' to 'http://localhost:56085/session/1ec675e36f1c2a6a69f1da342f9eaf0a/element/84cad281-2f34-45ed-8e30-686a64617d69/name'
00:46:33.948 [Forwarding getElementTagName on session 1ec675e36f1c2a6a69f1da342f9eaf0a to remote] DEBUG org.asynchttpclient.netty.request.NettyRequestSender - Using open Channel [id: 0x661cc9a0, L:/127.0.0.1:49659 - R:localhost/127.0.0.1:56085] for GET '/session/1ec675e36f1c2a6a69f1da342f9eaf0a/element/84cad281-2f34-45ed-8e30-686a64617d69/name'
00:46:33.949 [AsyncHttpClient-1-20] DEBUG org.asynchttpclient.netty.handler.HttpHandler - 

Request DefaultFullHttpRequest(decodeResult: success, version: HTTP/1.1, content: EmptyByteBufBE)
GET /session/1ec675e36f1c2a6a69f1da342f9eaf0a/element/84cad281-2f34-45ed-8e30-686a64617d69/name HTTP/1.1
User-Agent: selenium/4.1.2 (java windows)
Cache-Control: no-cache
Content-Type: application/json; charset=utf-8
host: localhost:56085
accept: */*

Response DefaultHttpResponse(decodeResult: success, version: HTTP/1.1)
HTTP/1.1 200 OK
Content-Type: application/json; charset=utf-8
cache-control: no-cache
content-length: 18

00:46:33.949 [AsyncHttpClient-1-20] DEBUG org.asynchttpclient.netty.channel.ChannelManager - Adding key: http://localhost:56085 for channel [id: 0x661cc9a0, L:/127.0.0.1:49659 - R:localhost/127.0.0.1:56085]
00:46:33.950 [Forwarding isElementEnabled on session 1ec675e36f1c2a6a69f1da342f9eaf0a to remote] DEBUG org.asynchttpclient.netty.request.NettyRequestSender - Using pooled Channel '[id: 0x661cc9a0, L:/127.0.0.1:49659 - R:localhost/127.0.0.1:56085]' for 'GET' to 'http://localhost:56085/session/1ec675e36f1c2a6a69f1da342f9eaf0a/element/84cad281-2f34-45ed-8e30-686a64617d69/enabled'
00:46:33.950 [Forwarding isElementEnabled on session 1ec675e36f1c2a6a69f1da342f9eaf0a to remote] DEBUG org.asynchttpclient.netty.request.NettyRequestSender - Using open Channel [id: 0x661cc9a0, L:/127.0.0.1:49659 - R:localhost/127.0.0.1:56085] for GET '/session/1ec675e36f1c2a6a69f1da342f9eaf0a/element/84cad281-2f34-45ed-8e30-686a64617d69/enabled'
00:46:33.954 [AsyncHttpClient-1-20] DEBUG org.asynchttpclient.netty.handler.HttpHandler - 

Request DefaultFullHttpRequest(decodeResult: success, version: HTTP/1.1, content: EmptyByteBufBE)
GET /session/1ec675e36f1c2a6a69f1da342f9eaf0a/element/84cad281-2f34-45ed-8e30-686a64617d69/enabled HTTP/1.1
User-Agent: selenium/4.1.2 (java windows)
Cache-Control: no-cache
Content-Type: application/json; charset=utf-8
host: localhost:56085
accept: */*

Response DefaultHttpResponse(decodeResult: success, version: HTTP/1.1)
HTTP/1.1 200 OK
Content-Type: application/json; charset=utf-8
cache-control: no-cache
content-length: 14

00:46:33.954 [AsyncHttpClient-1-20] DEBUG org.asynchttpclient.netty.channel.ChannelManager - Adding key: http://localhost:56085 for channel [id: 0x661cc9a0, L:/127.0.0.1:49659 - R:localhost/127.0.0.1:56085]
00:46:33.954 [Forwarding isElementEnabled on session 1ec675e36f1c2a6a69f1da342f9eaf0a to remote] DEBUG org.asynchttpclient.netty.request.NettyRequestSender - Using pooled Channel '[id: 0x661cc9a0, L:/127.0.0.1:49659 - R:localhost/127.0.0.1:56085]' for 'GET' to 'http://localhost:56085/session/1ec675e36f1c2a6a69f1da342f9eaf0a/element/84cad281-2f34-45ed-8e30-686a64617d69/enabled'
00:46:33.954 [Forwarding isElementEnabled on session 1ec675e36f1c2a6a69f1da342f9eaf0a to remote] DEBUG org.asynchttpclient.netty.request.NettyRequestSender - Using open Channel [id: 0x661cc9a0, L:/127.0.0.1:49659 - R:localhost/127.0.0.1:56085] for GET '/session/1ec675e36f1c2a6a69f1da342f9eaf0a/element/84cad281-2f34-45ed-8e30-686a64617d69/enabled'
00:46:33.957 [AsyncHttpClient-1-20] DEBUG org.asynchttpclient.netty.handler.HttpHandler - 

Request DefaultFullHttpRequest(decodeResult: success, version: HTTP/1.1, content: EmptyByteBufBE)
GET /session/1ec675e36f1c2a6a69f1da342f9eaf0a/element/84cad281-2f34-45ed-8e30-686a64617d69/enabled HTTP/1.1
User-Agent: selenium/4.1.2 (java windows)
Cache-Control: no-cache
Content-Type: application/json; charset=utf-8
host: localhost:56085
accept: */*

Response DefaultHttpResponse(decodeResult: success, version: HTTP/1.1)
HTTP/1.1 200 OK
Content-Type: application/json; charset=utf-8
cache-control: no-cache
content-length: 14

00:46:33.957 [AsyncHttpClient-1-20] DEBUG org.asynchttpclient.netty.channel.ChannelManager - Adding key: http://localhost:56085 for channel [id: 0x661cc9a0, L:/127.0.0.1:49659 - R:localhost/127.0.0.1:56085]
00:46:33.958 [Forwarding findElement on session 1ec675e36f1c2a6a69f1da342f9eaf0a to remote] DEBUG org.asynchttpclient.netty.request.NettyRequestSender - Using pooled Channel '[id: 0x661cc9a0, L:/127.0.0.1:49659 - R:localhost/127.0.0.1:56085]' for 'POST' to 'http://localhost:56085/session/1ec675e36f1c2a6a69f1da342f9eaf0a/element'
00:46:33.958 [Forwarding findElement on session 1ec675e36f1c2a6a69f1da342f9eaf0a to remote] DEBUG org.asynchttpclient.netty.request.NettyRequestSender - Using open Channel [id: 0x661cc9a0, L:/127.0.0.1:49659 - R:localhost/127.0.0.1:56085] for POST '/session/1ec675e36f1c2a6a69f1da342f9eaf0a/element'
00:46:33.962 [AsyncHttpClient-1-20] DEBUG org.asynchttpclient.netty.handler.HttpHandler - 

Request DefaultHttpRequest(decodeResult: success, version: HTTP/1.1)
POST /session/1ec675e36f1c2a6a69f1da342f9eaf0a/element HTTP/1.1
User-Agent: selenium/4.1.2 (java windows)
Content-Length: 71
Content-Type: application/json; charset=utf-8
host: localhost:56085
accept: */*

Response DefaultHttpResponse(decodeResult: success, version: HTTP/1.1)
HTTP/1.1 200 OK
Content-Type: application/json; charset=utf-8
cache-control: no-cache
content-length: 88

00:46:33.962 [AsyncHttpClient-1-20] DEBUG org.asynchttpclient.netty.channel.ChannelManager - Adding key: http://localhost:56085 for channel [id: 0x661cc9a0, L:/127.0.0.1:49659 - R:localhost/127.0.0.1:56085]
00:46:33.962 [Forwarding clickElement on session 1ec675e36f1c2a6a69f1da342f9eaf0a to remote] DEBUG org.asynchttpclient.netty.request.NettyRequestSender - Using pooled Channel '[id: 0x661cc9a0, L:/127.0.0.1:49659 - R:localhost/127.0.0.1:56085]' for 'POST' to 'http://localhost:56085/session/1ec675e36f1c2a6a69f1da342f9eaf0a/element/84cad281-2f34-45ed-8e30-686a64617d69/click'
00:46:33.962 [Forwarding clickElement on session 1ec675e36f1c2a6a69f1da342f9eaf0a to remote] DEBUG org.asynchttpclient.netty.request.NettyRequestSender - Using open Channel [id: 0x661cc9a0, L:/127.0.0.1:49659 - R:localhost/127.0.0.1:56085] for POST '/session/1ec675e36f1c2a6a69f1da342f9eaf0a/element/84cad281-2f34-45ed-8e30-686a64617d69/click'
00:46:33.984 [AsyncHttpClient-1-20] DEBUG org.asynchttpclient.netty.handler.HttpHandler - 

Request DefaultHttpRequest(decodeResult: success, version: HTTP/1.1)
POST /session/1ec675e36f1c2a6a69f1da342f9eaf0a/element/84cad281-2f34-45ed-8e30-686a64617d69/click HTTP/1.1
User-Agent: selenium/4.1.2 (java windows)
Content-Length: 50
Content-Type: application/json; charset=utf-8
host: localhost:56085
accept: */*

Response DefaultHttpResponse(decodeResult: success, version: HTTP/1.1)
HTTP/1.1 200 OK
Content-Type: application/json; charset=utf-8
cache-control: no-cache
content-length: 14

00:46:33.985 [AsyncHttpClient-1-20] DEBUG org.asynchttpclient.netty.channel.ChannelManager - Adding key: http://localhost:56085 for channel [id: 0x661cc9a0, L:/127.0.0.1:49659 - R:localhost/127.0.0.1:56085]
00:46:33.988 [Forwarding screenshot on session 1ec675e36f1c2a6a69f1da342f9eaf0a to remote] DEBUG org.asynchttpclient.netty.request.NettyRequestSender - Using pooled Channel '[id: 0x661cc9a0, L:/127.0.0.1:49659 - R:localhost/127.0.0.1:56085]' for 'GET' to 'http://localhost:56085/session/1ec675e36f1c2a6a69f1da342f9eaf0a/screenshot'
00:46:33.988 [Forwarding screenshot on session 1ec675e36f1c2a6a69f1da342f9eaf0a to remote] DEBUG org.asynchttpclient.netty.request.NettyRequestSender - Using open Channel [id: 0x661cc9a0, L:/127.0.0.1:49659 - R:localhost/127.0.0.1:56085] for GET '/session/1ec675e36f1c2a6a69f1da342f9eaf0a/screenshot'
00:46:34.209 [AsyncHttpClient-1-20] DEBUG org.asynchttpclient.netty.handler.HttpHandler - 

Request DefaultFullHttpRequest(decodeResult: success, version: HTTP/1.1, content: EmptyByteBufBE)
GET /session/1ec675e36f1c2a6a69f1da342f9eaf0a/screenshot HTTP/1.1
User-Agent: selenium/4.1.2 (java windows)
Cache-Control: no-cache
Content-Type: application/json; charset=utf-8
host: localhost:56085
accept: */*

Response DefaultHttpResponse(decodeResult: success, version: HTTP/1.1)
HTTP/1.1 200 OK
Content-Type: application/json; charset=utf-8
cache-control: no-cache
content-length: 575004

00:46:34.210 [AsyncHttpClient-1-20] DEBUG org.asynchttpclient.netty.channel.ChannelManager - Adding key: http://localhost:56085 for channel [id: 0x661cc9a0, L:/127.0.0.1:49659 - R:localhost/127.0.0.1:56085]
00:46:34.217 [main] DEBUG net.serenitybdd.core.photography.Darkroom - Send negative for processing for target\site\serenity\bdfb3257a55b5f729af578dfc1dc3a5762c89839bea5dc19984e34dd6640fee1.png
00:46:34.217 [main] DEBUG net.thucydides.core.steps.StepInterceptor - STEP DONE: clickloginButton
  &amp#27;[32mAnd &amp#27;[0m&amp#27;[32mclick login button&amp#27;[0m                  &amp#27;[90m# starter.definitions.LoginSteps.clickLoginButton()&amp#27;[0m
00:46:34.225 [main] DEBUG net.thucydides.core.steps.StepInterceptor - STARTING STEP: LoginSteps.clickSucsessLogin - sucseslogin
00:46:34.226 [Forwarding findElement on session 1ec675e36f1c2a6a69f1da342f9eaf0a to remote] DEBUG org.asynchttpclient.netty.request.NettyRequestSender - Using pooled Channel '[id: 0x661cc9a0, L:/127.0.0.1:49659 - R:localhost/127.0.0.1:56085]' for 'POST' to 'http://localhost:56085/session/1ec675e36f1c2a6a69f1da342f9eaf0a/element'
00:46:34.226 [Forwarding findElement on session 1ec675e36f1c2a6a69f1da342f9eaf0a to remote] DEBUG org.asynchttpclient.netty.request.NettyRequestSender - Using open Channel [id: 0x661cc9a0, L:/127.0.0.1:49659 - R:localhost/127.0.0.1:56085] for POST '/session/1ec675e36f1c2a6a69f1da342f9eaf0a/element'
00:46:34.485 [AsyncHttpClient-1-1] DEBUG org.asynchttpclient.netty.channel.DefaultChannelPool - Entry count for : http://localhost:49660 : 1
00:46:34.616 [AsyncHttpClient-1-20] DEBUG org.asynchttpclient.netty.handler.HttpHandler - 

Request DefaultHttpRequest(decodeResult: success, version: HTTP/1.1)
POST /session/1ec675e36f1c2a6a69f1da342f9eaf0a/element HTTP/1.1
User-Agent: selenium/4.1.2 (java windows)
Content-Length: 79
Content-Type: application/json; charset=utf-8
host: localhost:56085
accept: */*

Response DefaultHttpResponse(decodeResult: success, version: HTTP/1.1)
HTTP/1.1 200 OK
Content-Type: application/json; charset=utf-8
cache-control: no-cache
content-length: 88

00:46:34.616 [AsyncHttpClient-1-20] DEBUG org.asynchttpclient.netty.channel.ChannelManager - Adding key: http://localhost:56085 for channel [id: 0x661cc9a0, L:/127.0.0.1:49659 - R:localhost/127.0.0.1:56085]
00:46:34.617 [Forwarding getElementTagName on session 1ec675e36f1c2a6a69f1da342f9eaf0a to remote] DEBUG org.asynchttpclient.netty.request.NettyRequestSender - Using pooled Channel '[id: 0x661cc9a0, L:/127.0.0.1:49659 - R:localhost/127.0.0.1:56085]' for 'GET' to 'http://localhost:56085/session/1ec675e36f1c2a6a69f1da342f9eaf0a/element/0521e5be-ebfd-4855-aafc-162c37672257/name'
00:46:34.617 [Forwarding getElementTagName on session 1ec675e36f1c2a6a69f1da342f9eaf0a to remote] DEBUG org.asynchttpclient.netty.request.NettyRequestSender - Using open Channel [id: 0x661cc9a0, L:/127.0.0.1:49659 - R:localhost/127.0.0.1:56085] for GET '/session/1ec675e36f1c2a6a69f1da342f9eaf0a/element/0521e5be-ebfd-4855-aafc-162c37672257/name'
00:46:34.621 [AsyncHttpClient-1-20] DEBUG org.asynchttpclient.netty.handler.HttpHandler - 

Request DefaultFullHttpRequest(decodeResult: success, version: HTTP/1.1, content: EmptyByteBufBE)
GET /session/1ec675e36f1c2a6a69f1da342f9eaf0a/element/0521e5be-ebfd-4855-aafc-162c37672257/name HTTP/1.1
User-Agent: selenium/4.1.2 (java windows)
Cache-Control: no-cache
Content-Type: application/json; charset=utf-8
host: localhost:56085
accept: */*

Response DefaultHttpResponse(decodeResult: success, version: HTTP/1.1)
HTTP/1.1 200 OK
Content-Type: application/json; charset=utf-8
cache-control: no-cache
content-length: 18

00:46:34.621 [AsyncHttpClient-1-20] DEBUG org.asynchttpclient.netty.channel.ChannelManager - Adding key: http://localhost:56085 for channel [id: 0x661cc9a0, L:/127.0.0.1:49659 - R:localhost/127.0.0.1:56085]
00:46:34.622 [Forwarding getElementTagName on session 1ec675e36f1c2a6a69f1da342f9eaf0a to remote] DEBUG org.asynchttpclient.netty.request.NettyRequestSender - Using pooled Channel '[id: 0x661cc9a0, L:/127.0.0.1:49659 - R:localhost/127.0.0.1:56085]' for 'GET' to 'http://localhost:56085/session/1ec675e36f1c2a6a69f1da342f9eaf0a/element/0521e5be-ebfd-4855-aafc-162c37672257/name'
00:46:34.622 [Forwarding getElementTagName on session 1ec675e36f1c2a6a69f1da342f9eaf0a to remote] DEBUG org.asynchttpclient.netty.request.NettyRequestSender - Using open Channel [id: 0x661cc9a0, L:/127.0.0.1:49659 - R:localhost/127.0.0.1:56085] for GET '/session/1ec675e36f1c2a6a69f1da342f9eaf0a/element/0521e5be-ebfd-4855-aafc-162c37672257/name'
00:46:34.624 [AsyncHttpClient-1-20] DEBUG org.asynchttpclient.netty.handler.HttpHandler - 

Request DefaultFullHttpRequest(decodeResult: success, version: HTTP/1.1, content: EmptyByteBufBE)
GET /session/1ec675e36f1c2a6a69f1da342f9eaf0a/element/0521e5be-ebfd-4855-aafc-162c37672257/name HTTP/1.1
User-Agent: selenium/4.1.2 (java windows)
Cache-Control: no-cache
Content-Type: application/json; charset=utf-8
host: localhost:56085
accept: */*

Response DefaultHttpResponse(decodeResult: success, version: HTTP/1.1)
HTTP/1.1 200 OK
Content-Type: application/json; charset=utf-8
cache-control: no-cache
content-length: 18

00:46:34.624 [AsyncHttpClient-1-20] DEBUG org.asynchttpclient.netty.channel.ChannelManager - Adding key: http://localhost:56085 for channel [id: 0x661cc9a0, L:/127.0.0.1:49659 - R:localhost/127.0.0.1:56085]
00:46:34.625 [Forwarding isElementEnabled on session 1ec675e36f1c2a6a69f1da342f9eaf0a to remote] DEBUG org.asynchttpclient.netty.request.NettyRequestSender - Using pooled Channel '[id: 0x661cc9a0, L:/127.0.0.1:49659 - R:localhost/127.0.0.1:56085]' for 'GET' to 'http://localhost:56085/session/1ec675e36f1c2a6a69f1da342f9eaf0a/element/0521e5be-ebfd-4855-aafc-162c37672257/enabled'
00:46:34.625 [Forwarding isElementEnabled on session 1ec675e36f1c2a6a69f1da342f9eaf0a to remote] DEBUG org.asynchttpclient.netty.request.NettyRequestSender - Using open Channel [id: 0x661cc9a0, L:/127.0.0.1:49659 - R:localhost/127.0.0.1:56085] for GET '/session/1ec675e36f1c2a6a69f1da342f9eaf0a/element/0521e5be-ebfd-4855-aafc-162c37672257/enabled'
00:46:34.629 [AsyncHttpClient-1-20] DEBUG org.asynchttpclient.netty.handler.HttpHandler - 

Request DefaultFullHttpRequest(decodeResult: success, version: HTTP/1.1, content: EmptyByteBufBE)
GET /session/1ec675e36f1c2a6a69f1da342f9eaf0a/element/0521e5be-ebfd-4855-aafc-162c37672257/enabled HTTP/1.1
User-Agent: selenium/4.1.2 (java windows)
Cache-Control: no-cache
Content-Type: application/json; charset=utf-8
host: localhost:56085
accept: */*

Response DefaultHttpResponse(decodeResult: success, version: HTTP/1.1)
HTTP/1.1 200 OK
Content-Type: application/json; charset=utf-8
cache-control: no-cache
content-length: 14

00:46:34.629 [AsyncHttpClient-1-20] DEBUG org.asynchttpclient.netty.channel.ChannelManager - Adding key: http://localhost:56085 for channel [id: 0x661cc9a0, L:/127.0.0.1:49659 - R:localhost/127.0.0.1:56085]
00:46:34.630 [Forwarding isElementEnabled on session 1ec675e36f1c2a6a69f1da342f9eaf0a to remote] DEBUG org.asynchttpclient.netty.request.NettyRequestSender - Using pooled Channel '[id: 0x661cc9a0, L:/127.0.0.1:49659 - R:localhost/127.0.0.1:56085]' for 'GET' to 'http://localhost:56085/session/1ec675e36f1c2a6a69f1da342f9eaf0a/element/0521e5be-ebfd-4855-aafc-162c37672257/enabled'
00:46:34.630 [Forwarding isElementEnabled on session 1ec675e36f1c2a6a69f1da342f9eaf0a to remote] DEBUG org.asynchttpclient.netty.request.NettyRequestSender - Using open Channel [id: 0x661cc9a0, L:/127.0.0.1:49659 - R:localhost/127.0.0.1:56085] for GET '/session/1ec675e36f1c2a6a69f1da342f9eaf0a/element/0521e5be-ebfd-4855-aafc-162c37672257/enabled'
00:46:34.632 [AsyncHttpClient-1-20] DEBUG org.asynchttpclient.netty.handler.HttpHandler - 

Request DefaultFullHttpRequest(decodeResult: success, version: HTTP/1.1, content: EmptyByteBufBE)
GET /session/1ec675e36f1c2a6a69f1da342f9eaf0a/element/0521e5be-ebfd-4855-aafc-162c37672257/enabled HTTP/1.1
User-Agent: selenium/4.1.2 (java windows)
Cache-Control: no-cache
Content-Type: application/json; charset=utf-8
host: localhost:56085
accept: */*

Response DefaultHttpResponse(decodeResult: success, version: HTTP/1.1)
HTTP/1.1 200 OK
Content-Type: application/json; charset=utf-8
cache-control: no-cache
content-length: 14

00:46:34.632 [AsyncHttpClient-1-20] DEBUG org.asynchttpclient.netty.channel.ChannelManager - Adding key: http://localhost:56085 for channel [id: 0x661cc9a0, L:/127.0.0.1:49659 - R:localhost/127.0.0.1:56085]
00:46:34.633 [Forwarding findElement on session 1ec675e36f1c2a6a69f1da342f9eaf0a to remote] DEBUG org.asynchttpclient.netty.request.NettyRequestSender - Using pooled Channel '[id: 0x661cc9a0, L:/127.0.0.1:49659 - R:localhost/127.0.0.1:56085]' for 'POST' to 'http://localhost:56085/session/1ec675e36f1c2a6a69f1da342f9eaf0a/element'
00:46:34.633 [Forwarding findElement on session 1ec675e36f1c2a6a69f1da342f9eaf0a to remote] DEBUG org.asynchttpclient.netty.request.NettyRequestSender - Using open Channel [id: 0x661cc9a0, L:/127.0.0.1:49659 - R:localhost/127.0.0.1:56085] for POST '/session/1ec675e36f1c2a6a69f1da342f9eaf0a/element'
00:46:34.636 [AsyncHttpClient-1-20] DEBUG org.asynchttpclient.netty.handler.HttpHandler - 

Request DefaultHttpRequest(decodeResult: success, version: HTTP/1.1)
POST /session/1ec675e36f1c2a6a69f1da342f9eaf0a/element HTTP/1.1
User-Agent: selenium/4.1.2 (java windows)
Content-Length: 79
Content-Type: application/json; charset=utf-8
host: localhost:56085
accept: */*

Response DefaultHttpResponse(decodeResult: success, version: HTTP/1.1)
HTTP/1.1 200 OK
Content-Type: application/json; charset=utf-8
cache-control: no-cache
content-length: 88

00:46:34.636 [AsyncHttpClient-1-20] DEBUG org.asynchttpclient.netty.channel.ChannelManager - Adding key: http://localhost:56085 for channel [id: 0x661cc9a0, L:/127.0.0.1:49659 - R:localhost/127.0.0.1:56085]
00:46:34.637 [Forwarding clickElement on session 1ec675e36f1c2a6a69f1da342f9eaf0a to remote] DEBUG org.asynchttpclient.netty.request.NettyRequestSender - Using pooled Channel '[id: 0x661cc9a0, L:/127.0.0.1:49659 - R:localhost/127.0.0.1:56085]' for 'POST' to 'http://localhost:56085/session/1ec675e36f1c2a6a69f1da342f9eaf0a/element/0521e5be-ebfd-4855-aafc-162c37672257/click'
00:46:34.637 [Forwarding clickElement on session 1ec675e36f1c2a6a69f1da342f9eaf0a to remote] DEBUG org.asynchttpclient.netty.request.NettyRequestSender - Using open Channel [id: 0x661cc9a0, L:/127.0.0.1:49659 - R:localhost/127.0.0.1:56085] for POST '/session/1ec675e36f1c2a6a69f1da342f9eaf0a/element/0521e5be-ebfd-4855-aafc-162c37672257/click'
00:46:34.656 [AsyncHttpClient-1-20] DEBUG org.asynchttpclient.netty.handler.HttpHandler - 

Request DefaultHttpRequest(decodeResult: success, version: HTTP/1.1)
POST /session/1ec675e36f1c2a6a69f1da342f9eaf0a/element/0521e5be-ebfd-4855-aafc-162c37672257/click HTTP/1.1
User-Agent: selenium/4.1.2 (java windows)
Content-Length: 50
Content-Type: application/json; charset=utf-8
host: localhost:56085
accept: */*

Response DefaultHttpResponse(decodeResult: success, version: HTTP/1.1)
HTTP/1.1 200 OK
Content-Type: application/json; charset=utf-8
cache-control: no-cache
content-length: 14

00:46:34.656 [AsyncHttpClient-1-20] DEBUG org.asynchttpclient.netty.channel.ChannelManager - Adding key: http://localhost:56085 for channel [id: 0x661cc9a0, L:/127.0.0.1:49659 - R:localhost/127.0.0.1:56085]
00:46:34.659 [Forwarding screenshot on session 1ec675e36f1c2a6a69f1da342f9eaf0a to remote] DEBUG org.asynchttpclient.netty.request.NettyRequestSender - Using pooled Channel '[id: 0x661cc9a0, L:/127.0.0.1:49659 - R:localhost/127.0.0.1:56085]' for 'GET' to 'http://localhost:56085/session/1ec675e36f1c2a6a69f1da342f9eaf0a/screenshot'
00:46:34.659 [Forwarding screenshot on session 1ec675e36f1c2a6a69f1da342f9eaf0a to remote] DEBUG org.asynchttpclient.netty.request.NettyRequestSender - Using open Channel [id: 0x661cc9a0, L:/127.0.0.1:49659 - R:localhost/127.0.0.1:56085] for GET '/session/1ec675e36f1c2a6a69f1da342f9eaf0a/screenshot'
00:46:34.860 [AsyncHttpClient-1-20] DEBUG org.asynchttpclient.netty.handler.HttpHandler - 

Request DefaultFullHttpRequest(decodeResult: success, version: HTTP/1.1, content: EmptyByteBufBE)
GET /session/1ec675e36f1c2a6a69f1da342f9eaf0a/screenshot HTTP/1.1
User-Agent: selenium/4.1.2 (java windows)
Cache-Control: no-cache
Content-Type: application/json; charset=utf-8
host: localhost:56085
accept: */*

Response DefaultHttpResponse(decodeResult: success, version: HTTP/1.1)
HTTP/1.1 200 OK
Content-Type: application/json; charset=utf-8
cache-control: no-cache
content-length: 100380

00:46:34.860 [AsyncHttpClient-1-20] DEBUG org.asynchttpclient.netty.channel.ChannelManager - Adding key: http://localhost:56085 for channel [id: 0x661cc9a0, L:/127.0.0.1:49659 - R:localhost/127.0.0.1:56085]
00:46:34.862 [main] DEBUG net.serenitybdd.core.photography.Darkroom - Send negative for processing for target\site\serenity\06f6745b72413689ebe10f42f97cfdb227c6d79ae6d24eeced93c79e20eeab0d.png
00:46:34.862 [main] DEBUG net.thucydides.core.steps.StepInterceptor - STEP DONE: sucseslogin
  &amp#27;[32mAnd &amp#27;[0m&amp#27;[32mclick sucsess login&amp#27;[0m                 &amp#27;[90m# starter.definitions.LoginSteps.clickSucsessLogin()&amp#27;[0m
00:46:34.862 [Darkroom Processing Line] DEBUG net.serenitybdd.core.photography.DarkroomProcessingLine - Processing screenshot image in /var/screenshots/screenshot-2159586550772268676
00:46:34.862 [Darkroom Processing Line] DEBUG net.serenitybdd.core.photography.DarkroomProcessingLine - Saving screenshot to target\site\serenity\06f6745b72413689ebe10f42f97cfdb227c6d79ae6d24eeced93c79e20eeab0d.png
00:46:34.874 [main] DEBUG net.thucydides.core.steps.StepInterceptor - STARTING STEP: ClassSteps.adminindashboard - dashboardpage
00:46:34.875 [Forwarding findElement on session 1ec675e36f1c2a6a69f1da342f9eaf0a to remote] DEBUG org.asynchttpclient.netty.request.NettyRequestSender - Using pooled Channel '[id: 0x661cc9a0, L:/127.0.0.1:49659 - R:localhost/127.0.0.1:56085]' for 'POST' to 'http://localhost:56085/session/1ec675e36f1c2a6a69f1da342f9eaf0a/element'
00:46:34.875 [Forwarding findElement on session 1ec675e36f1c2a6a69f1da342f9eaf0a to remote] DEBUG org.asynchttpclient.netty.request.NettyRequestSender - Using open Channel [id: 0x661cc9a0, L:/127.0.0.1:49659 - R:localhost/127.0.0.1:56085] for POST '/session/1ec675e36f1c2a6a69f1da342f9eaf0a/element'
00:46:34.907 [AsyncHttpClient-1-20] DEBUG org.asynchttpclient.netty.handler.HttpHandler - 

Request DefaultHttpRequest(decodeResult: success, version: HTTP/1.1)
POST /session/1ec675e36f1c2a6a69f1da342f9eaf0a/element HTTP/1.1
User-Agent: selenium/4.1.2 (java windows)
Content-Length: 82
Content-Type: application/json; charset=utf-8
host: localhost:56085
accept: */*

Response DefaultHttpResponse(decodeResult: success, version: HTTP/1.1)
HTTP/1.1 200 OK
Content-Type: application/json; charset=utf-8
cache-control: no-cache
content-length: 88

00:46:34.907 [AsyncHttpClient-1-20] DEBUG org.asynchttpclient.netty.channel.ChannelManager - Adding key: http://localhost:56085 for channel [id: 0x661cc9a0, L:/127.0.0.1:49659 - R:localhost/127.0.0.1:56085]
00:46:34.909 [Forwarding isElementDisplayed on session 1ec675e36f1c2a6a69f1da342f9eaf0a to remote] DEBUG org.asynchttpclient.netty.request.NettyRequestSender - Using pooled Channel '[id: 0x661cc9a0, L:/127.0.0.1:49659 - R:localhost/127.0.0.1:56085]' for 'POST' to 'http://localhost:56085/session/1ec675e36f1c2a6a69f1da342f9eaf0a/execute/sync'
00:46:34.909 [Forwarding isElementDisplayed on session 1ec675e36f1c2a6a69f1da342f9eaf0a to remote] DEBUG org.asynchttpclient.netty.request.NettyRequestSender - Using open Channel [id: 0x661cc9a0, L:/127.0.0.1:49659 - R:localhost/127.0.0.1:56085] for POST '/session/1ec675e36f1c2a6a69f1da342f9eaf0a/execute/sync'
00:46:34.916 [AsyncHttpClient-1-20] DEBUG org.asynchttpclient.netty.handler.HttpHandler - 

Request DefaultHttpRequest(decodeResult: success, version: HTTP/1.1)
POST /session/1ec675e36f1c2a6a69f1da342f9eaf0a/execute/sync HTTP/1.1
User-Agent: selenium/4.1.2 (java windows)
Content-Length: 48780
Content-Type: application/json; charset=utf-8
host: localhost:56085
accept: */*

Response DefaultHttpResponse(decodeResult: success, version: HTTP/1.1)
HTTP/1.1 200 OK
Content-Type: application/json; charset=utf-8
cache-control: no-cache
content-length: 14

00:46:34.916 [AsyncHttpClient-1-20] DEBUG org.asynchttpclient.netty.channel.ChannelManager - Adding key: http://localhost:56085 for channel [id: 0x661cc9a0, L:/127.0.0.1:49659 - R:localhost/127.0.0.1:56085]
00:46:34.919 [Forwarding screenshot on session 1ec675e36f1c2a6a69f1da342f9eaf0a to remote] DEBUG org.asynchttpclient.netty.request.NettyRequestSender - Using pooled Channel '[id: 0x661cc9a0, L:/127.0.0.1:49659 - R:localhost/127.0.0.1:56085]' for 'GET' to 'http://localhost:56085/session/1ec675e36f1c2a6a69f1da342f9eaf0a/screenshot'
00:46:34.919 [Forwarding screenshot on session 1ec675e36f1c2a6a69f1da342f9eaf0a to remote] DEBUG org.asynchttpclient.netty.request.NettyRequestSender - Using open Channel [id: 0x661cc9a0, L:/127.0.0.1:49659 - R:localhost/127.0.0.1:56085] for GET '/session/1ec675e36f1c2a6a69f1da342f9eaf0a/screenshot'
00:46:35.086 [AsyncHttpClient-1-20] DEBUG org.asynchttpclient.netty.handler.HttpHandler - 

Request DefaultFullHttpRequest(decodeResult: success, version: HTTP/1.1, content: EmptyByteBufBE)
GET /session/1ec675e36f1c2a6a69f1da342f9eaf0a/screenshot HTTP/1.1
User-Agent: selenium/4.1.2 (java windows)
Cache-Control: no-cache
Content-Type: application/json; charset=utf-8
host: localhost:56085
accept: */*

Response DefaultHttpResponse(decodeResult: success, version: HTTP/1.1)
HTTP/1.1 200 OK
Content-Type: application/json; charset=utf-8
cache-control: no-cache
content-length: 109592

00:46:35.086 [AsyncHttpClient-1-20] DEBUG org.asynchttpclient.netty.channel.ChannelManager - Adding key: http://localhost:56085 for channel [id: 0x661cc9a0, L:/127.0.0.1:49659 - R:localhost/127.0.0.1:56085]
00:46:35.088 [main] DEBUG net.serenitybdd.core.photography.Darkroom - Send negative for processing for target\site\serenity\ceb9b5fe6e16e6583ba0e9451ebe58cf1578ab1adfc97a68c0704a72f8b0839e.png
00:46:35.088 [main] DEBUG net.thucydides.core.steps.StepInterceptor - STEP DONE: dashboardpage
  &amp#27;[32mGiven &amp#27;[0m&amp#27;[32madmin in dashboard page&amp#27;[0m           &amp#27;[90m# starter.definitions.ClassSteps.adminindashboard()&amp#27;[0m
00:46:35.088 [Darkroom Processing Line] DEBUG net.serenitybdd.core.photography.DarkroomProcessingLine - Processing screenshot image in /var/screenshots/screenshot-7869567763358222492
00:46:35.088 [Darkroom Processing Line] DEBUG net.serenitybdd.core.photography.DarkroomProcessingLine - Saving screenshot to target\site\serenity\ceb9b5fe6e16e6583ba0e9451ebe58cf1578ab1adfc97a68c0704a72f8b0839e.png
00:46:35.096 [main] DEBUG net.thucydides.core.steps.StepInterceptor - STARTING STEP: ClassSteps.adminClickClassPage - classpage
00:46:35.097 [Forwarding findElement on session 1ec675e36f1c2a6a69f1da342f9eaf0a to remote] DEBUG org.asynchttpclient.netty.request.NettyRequestSender - Using pooled Channel '[id: 0x661cc9a0, L:/127.0.0.1:49659 - R:localhost/127.0.0.1:56085]' for 'POST' to 'http://localhost:56085/session/1ec675e36f1c2a6a69f1da342f9eaf0a/element'
00:46:35.097 [Forwarding findElement on session 1ec675e36f1c2a6a69f1da342f9eaf0a to remote] DEBUG org.asynchttpclient.netty.request.NettyRequestSender - Using open Channel [id: 0x661cc9a0, L:/127.0.0.1:49659 - R:localhost/127.0.0.1:56085] for POST '/session/1ec675e36f1c2a6a69f1da342f9eaf0a/element'
00:46:35.587 [AsyncHttpClient-1-1] DEBUG org.asynchttpclient.netty.channel.DefaultChannelPool - Entry count for : http://localhost:49660 : 1
00:46:36.231 [AsyncHttpClient-1-20] DEBUG org.asynchttpclient.netty.handler.HttpHandler - 

Request DefaultHttpRequest(decodeResult: success, version: HTTP/1.1)
POST /session/1ec675e36f1c2a6a69f1da342f9eaf0a/element HTTP/1.1
User-Agent: selenium/4.1.2 (java windows)
Content-Length: 71
Content-Type: application/json; charset=utf-8
host: localhost:56085
accept: */*

Response DefaultHttpResponse(decodeResult: success, version: HTTP/1.1)
HTTP/1.1 200 OK
Content-Type: application/json; charset=utf-8
cache-control: no-cache
content-length: 88

00:46:36.231 [AsyncHttpClient-1-20] DEBUG org.asynchttpclient.netty.channel.ChannelManager - Adding key: http://localhost:56085 for channel [id: 0x661cc9a0, L:/127.0.0.1:49659 - R:localhost/127.0.0.1:56085]
00:46:36.232 [Forwarding getElementTagName on session 1ec675e36f1c2a6a69f1da342f9eaf0a to remote] DEBUG org.asynchttpclient.netty.request.NettyRequestSender - Using pooled Channel '[id: 0x661cc9a0, L:/127.0.0.1:49659 - R:localhost/127.0.0.1:56085]' for 'GET' to 'http://localhost:56085/session/1ec675e36f1c2a6a69f1da342f9eaf0a/element/71246cce-ba01-4dbd-bc24-b1bde19a8275/name'
00:46:36.232 [Forwarding getElementTagName on session 1ec675e36f1c2a6a69f1da342f9eaf0a to remote] DEBUG org.asynchttpclient.netty.request.NettyRequestSender - Using open Channel [id: 0x661cc9a0, L:/127.0.0.1:49659 - R:localhost/127.0.0.1:56085] for GET '/session/1ec675e36f1c2a6a69f1da342f9eaf0a/element/71246cce-ba01-4dbd-bc24-b1bde19a8275/name'
00:46:36.234 [AsyncHttpClient-1-20] DEBUG org.asynchttpclient.netty.handler.HttpHandler - 

Request DefaultFullHttpRequest(decodeResult: success, version: HTTP/1.1, content: EmptyByteBufBE)
GET /session/1ec675e36f1c2a6a69f1da342f9eaf0a/element/71246cce-ba01-4dbd-bc24-b1bde19a8275/name HTTP/1.1
User-Agent: selenium/4.1.2 (java windows)
Cache-Control: no-cache
Content-Type: application/json; charset=utf-8
host: localhost:56085
accept: */*

Response DefaultHttpResponse(decodeResult: success, version: HTTP/1.1)
HTTP/1.1 200 OK
Content-Type: application/json; charset=utf-8
cache-control: no-cache
content-length: 13

00:46:36.234 [AsyncHttpClient-1-20] DEBUG org.asynchttpclient.netty.channel.ChannelManager - Adding key: http://localhost:56085 for channel [id: 0x661cc9a0, L:/127.0.0.1:49659 - R:localhost/127.0.0.1:56085]
00:46:36.235 [Forwarding getElementTagName on session 1ec675e36f1c2a6a69f1da342f9eaf0a to remote] DEBUG org.asynchttpclient.netty.request.NettyRequestSender - Using pooled Channel '[id: 0x661cc9a0, L:/127.0.0.1:49659 - R:localhost/127.0.0.1:56085]' for 'GET' to 'http://localhost:56085/session/1ec675e36f1c2a6a69f1da342f9eaf0a/element/71246cce-ba01-4dbd-bc24-b1bde19a8275/name'
00:46:36.235 [Forwarding getElementTagName on session 1ec675e36f1c2a6a69f1da342f9eaf0a to remote] DEBUG org.asynchttpclient.netty.request.NettyRequestSender - Using open Channel [id: 0x661cc9a0, L:/127.0.0.1:49659 - R:localhost/127.0.0.1:56085] for GET '/session/1ec675e36f1c2a6a69f1da342f9eaf0a/element/71246cce-ba01-4dbd-bc24-b1bde19a8275/name'
00:46:36.236 [AsyncHttpClient-1-20] DEBUG org.asynchttpclient.netty.handler.HttpHandler - 

Request DefaultFullHttpRequest(decodeResult: success, version: HTTP/1.1, content: EmptyByteBufBE)
GET /session/1ec675e36f1c2a6a69f1da342f9eaf0a/element/71246cce-ba01-4dbd-bc24-b1bde19a8275/name HTTP/1.1
User-Agent: selenium/4.1.2 (java windows)
Cache-Control: no-cache
Content-Type: application/json; charset=utf-8
host: localhost:56085
accept: */*

Response DefaultHttpResponse(decodeResult: success, version: HTTP/1.1)
HTTP/1.1 200 OK
Content-Type: application/json; charset=utf-8
cache-control: no-cache
content-length: 13

00:46:36.237 [AsyncHttpClient-1-20] DEBUG org.asynchttpclient.netty.channel.ChannelManager - Adding key: http://localhost:56085 for channel [id: 0x661cc9a0, L:/127.0.0.1:49659 - R:localhost/127.0.0.1:56085]
00:46:36.237 [Forwarding findElement on session 1ec675e36f1c2a6a69f1da342f9eaf0a to remote] DEBUG org.asynchttpclient.netty.request.NettyRequestSender - Using pooled Channel '[id: 0x661cc9a0, L:/127.0.0.1:49659 - R:localhost/127.0.0.1:56085]' for 'POST' to 'http://localhost:56085/session/1ec675e36f1c2a6a69f1da342f9eaf0a/element'
00:46:36.237 [Forwarding findElement on session 1ec675e36f1c2a6a69f1da342f9eaf0a to remote] DEBUG org.asynchttpclient.netty.request.NettyRequestSender - Using open Channel [id: 0x661cc9a0, L:/127.0.0.1:49659 - R:localhost/127.0.0.1:56085] for POST '/session/1ec675e36f1c2a6a69f1da342f9eaf0a/element'
00:46:36.241 [AsyncHttpClient-1-20] DEBUG org.asynchttpclient.netty.handler.HttpHandler - 

Request DefaultHttpRequest(decodeResult: success, version: HTTP/1.1)
POST /session/1ec675e36f1c2a6a69f1da342f9eaf0a/element HTTP/1.1
User-Agent: selenium/4.1.2 (java windows)
Content-Length: 71
Content-Type: application/json; charset=utf-8
host: localhost:56085
accept: */*

Response DefaultHttpResponse(decodeResult: success, version: HTTP/1.1)
HTTP/1.1 200 OK
Content-Type: application/json; charset=utf-8
cache-control: no-cache
content-length: 88

00:46:36.242 [AsyncHttpClient-1-20] DEBUG org.asynchttpclient.netty.channel.ChannelManager - Adding key: http://localhost:56085 for channel [id: 0x661cc9a0, L:/127.0.0.1:49659 - R:localhost/127.0.0.1:56085]
00:46:36.242 [Forwarding clickElement on session 1ec675e36f1c2a6a69f1da342f9eaf0a to remote] DEBUG org.asynchttpclient.netty.request.NettyRequestSender - Using pooled Channel '[id: 0x661cc9a0, L:/127.0.0.1:49659 - R:localhost/127.0.0.1:56085]' for 'POST' to 'http://localhost:56085/session/1ec675e36f1c2a6a69f1da342f9eaf0a/element/71246cce-ba01-4dbd-bc24-b1bde19a8275/click'
00:46:36.242 [Forwarding clickElement on session 1ec675e36f1c2a6a69f1da342f9eaf0a to remote] DEBUG org.asynchttpclient.netty.request.NettyRequestSender - Using open Channel [id: 0x661cc9a0, L:/127.0.0.1:49659 - R:localhost/127.0.0.1:56085] for POST '/session/1ec675e36f1c2a6a69f1da342f9eaf0a/element/71246cce-ba01-4dbd-bc24-b1bde19a8275/click'
00:46:36.287 [AsyncHttpClient-1-20] DEBUG org.asynchttpclient.netty.handler.HttpHandler - 

Request DefaultHttpRequest(decodeResult: success, version: HTTP/1.1)
POST /session/1ec675e36f1c2a6a69f1da342f9eaf0a/element/71246cce-ba01-4dbd-bc24-b1bde19a8275/click HTTP/1.1
User-Agent: selenium/4.1.2 (java windows)
Content-Length: 50
Content-Type: application/json; charset=utf-8
host: localhost:56085
accept: */*

Response DefaultHttpResponse(decodeResult: success, version: HTTP/1.1)
HTTP/1.1 200 OK
Content-Type: application/json; charset=utf-8
cache-control: no-cache
content-length: 14

00:46:36.287 [AsyncHttpClient-1-20] DEBUG org.asynchttpclient.netty.channel.ChannelManager - Adding key: http://localhost:56085 for channel [id: 0x661cc9a0, L:/127.0.0.1:49659 - R:localhost/127.0.0.1:56085]
00:46:36.290 [Forwarding screenshot on session 1ec675e36f1c2a6a69f1da342f9eaf0a to remote] DEBUG org.asynchttpclient.netty.request.NettyRequestSender - Using pooled Channel '[id: 0x661cc9a0, L:/127.0.0.1:49659 - R:localhost/127.0.0.1:56085]' for 'GET' to 'http://localhost:56085/session/1ec675e36f1c2a6a69f1da342f9eaf0a/screenshot'
00:46:36.290 [Forwarding screenshot on session 1ec675e36f1c2a6a69f1da342f9eaf0a to remote] DEBUG org.asynchttpclient.netty.request.NettyRequestSender - Using open Channel [id: 0x661cc9a0, L:/127.0.0.1:49659 - R:localhost/127.0.0.1:56085] for GET '/session/1ec675e36f1c2a6a69f1da342f9eaf0a/screenshot'
00:46:36.414 [AsyncHttpClient-1-20] DEBUG org.asynchttpclient.netty.handler.HttpHandler - 

Request DefaultFullHttpRequest(decodeResult: success, version: HTTP/1.1, content: EmptyByteBufBE)
GET /session/1ec675e36f1c2a6a69f1da342f9eaf0a/screenshot HTTP/1.1
User-Agent: selenium/4.1.2 (java windows)
Cache-Control: no-cache
Content-Type: application/json; charset=utf-8
host: localhost:56085
accept: */*

Response DefaultHttpResponse(decodeResult: success, version: HTTP/1.1)
HTTP/1.1 200 OK
Content-Type: application/json; charset=utf-8
cache-control: no-cache
content-length: 78804

00:46:36.414 [AsyncHttpClient-1-20] DEBUG org.asynchttpclient.netty.channel.ChannelManager - Adding key: http://localhost:56085 for channel [id: 0x661cc9a0, L:/127.0.0.1:49659 - R:localhost/127.0.0.1:56085]
00:46:36.416 [main] DEBUG net.serenitybdd.core.photography.Darkroom - Send negative for processing for target\site\serenity\458f77aa10783a5bb2d254aedce4d3434a70283e09deee674540288425184e6a.png
00:46:36.416 [main] DEBUG net.thucydides.core.steps.StepInterceptor - STEP DONE: classpage
  &amp#27;[32mWhen &amp#27;[0m&amp#27;[32madmin click class page&amp#27;[0m             &amp#27;[90m# starter.definitions.ClassSteps.adminClickClassPage()&amp#27;[0m
00:46:36.425 [main] DEBUG net.thucydides.core.steps.StepInterceptor - STARTING STEP: ClassSteps.adminClickClassOnTheClassPage - classclick
00:46:36.426 [Forwarding findElement on session 1ec675e36f1c2a6a69f1da342f9eaf0a to remote] DEBUG org.asynchttpclient.netty.request.NettyRequestSender - Using pooled Channel '[id: 0x661cc9a0, L:/127.0.0.1:49659 - R:localhost/127.0.0.1:56085]' for 'POST' to 'http://localhost:56085/session/1ec675e36f1c2a6a69f1da342f9eaf0a/element'
00:46:36.426 [Forwarding findElement on session 1ec675e36f1c2a6a69f1da342f9eaf0a to remote] DEBUG org.asynchttpclient.netty.request.NettyRequestSender - Using open Channel [id: 0x661cc9a0, L:/127.0.0.1:49659 - R:localhost/127.0.0.1:56085] for POST '/session/1ec675e36f1c2a6a69f1da342f9eaf0a/element'
00:46:36.434 [AsyncHttpClient-1-20] DEBUG org.asynchttpclient.netty.handler.HttpHandler - 

Request DefaultHttpRequest(decodeResult: success, version: HTTP/1.1)
POST /session/1ec675e36f1c2a6a69f1da342f9eaf0a/element HTTP/1.1
User-Agent: selenium/4.1.2 (java windows)
Content-Length: 91
Content-Type: application/json; charset=utf-8
host: localhost:56085
accept: */*

Response DefaultHttpResponse(decodeResult: success, version: HTTP/1.1)
HTTP/1.1 200 OK
Content-Type: application/json; charset=utf-8
cache-control: no-cache
content-length: 88

00:46:36.434 [AsyncHttpClient-1-20] DEBUG org.asynchttpclient.netty.channel.ChannelManager - Adding key: http://localhost:56085 for channel [id: 0x661cc9a0, L:/127.0.0.1:49659 - R:localhost/127.0.0.1:56085]
00:46:36.435 [Forwarding getElementTagName on session 1ec675e36f1c2a6a69f1da342f9eaf0a to remote] DEBUG org.asynchttpclient.netty.request.NettyRequestSender - Using pooled Channel '[id: 0x661cc9a0, L:/127.0.0.1:49659 - R:localhost/127.0.0.1:56085]' for 'GET' to 'http://localhost:56085/session/1ec675e36f1c2a6a69f1da342f9eaf0a/element/8995d136-3488-4c84-b101-06dd2931e95d/name'
00:46:36.435 [Forwarding getElementTagName on session 1ec675e36f1c2a6a69f1da342f9eaf0a to remote] DEBUG org.asynchttpclient.netty.request.NettyRequestSender - Using open Channel [id: 0x661cc9a0, L:/127.0.0.1:49659 - R:localhost/127.0.0.1:56085] for GET '/session/1ec675e36f1c2a6a69f1da342f9eaf0a/element/8995d136-3488-4c84-b101-06dd2931e95d/name'
00:46:36.438 [AsyncHttpClient-1-20] DEBUG org.asynchttpclient.netty.handler.HttpHandler - 

Request DefaultFullHttpRequest(decodeResult: success, version: HTTP/1.1, content: EmptyByteBufBE)
GET /session/1ec675e36f1c2a6a69f1da342f9eaf0a/element/8995d136-3488-4c84-b101-06dd2931e95d/name HTTP/1.1
User-Agent: selenium/4.1.2 (java windows)
Cache-Control: no-cache
Content-Type: application/json; charset=utf-8
host: localhost:56085
accept: */*

Response DefaultHttpResponse(decodeResult: success, version: HTTP/1.1)
HTTP/1.1 200 OK
Content-Type: application/json; charset=utf-8
cache-control: no-cache
content-length: 15

00:46:36.438 [AsyncHttpClient-1-20] DEBUG org.asynchttpclient.netty.channel.ChannelManager - Adding key: http://localhost:56085 for channel [id: 0x661cc9a0, L:/127.0.0.1:49659 - R:localhost/127.0.0.1:56085]
00:46:36.439 [Forwarding getElementTagName on session 1ec675e36f1c2a6a69f1da342f9eaf0a to remote] DEBUG org.asynchttpclient.netty.request.NettyRequestSender - Using pooled Channel '[id: 0x661cc9a0, L:/127.0.0.1:49659 - R:localhost/127.0.0.1:56085]' for 'GET' to 'http://localhost:56085/session/1ec675e36f1c2a6a69f1da342f9eaf0a/element/8995d136-3488-4c84-b101-06dd2931e95d/name'
00:46:36.439 [Forwarding getElementTagName on session 1ec675e36f1c2a6a69f1da342f9eaf0a to remote] DEBUG org.asynchttpclient.netty.request.NettyRequestSender - Using open Channel [id: 0x661cc9a0, L:/127.0.0.1:49659 - R:localhost/127.0.0.1:56085] for GET '/session/1ec675e36f1c2a6a69f1da342f9eaf0a/element/8995d136-3488-4c84-b101-06dd2931e95d/name'
00:46:36.441 [AsyncHttpClient-1-20] DEBUG org.asynchttpclient.netty.handler.HttpHandler - 

Request DefaultFullHttpRequest(decodeResult: success, version: HTTP/1.1, content: EmptyByteBufBE)
GET /session/1ec675e36f1c2a6a69f1da342f9eaf0a/element/8995d136-3488-4c84-b101-06dd2931e95d/name HTTP/1.1
User-Agent: selenium/4.1.2 (java windows)
Cache-Control: no-cache
Content-Type: application/json; charset=utf-8
host: localhost:56085
accept: */*

Response DefaultHttpResponse(decodeResult: success, version: HTTP/1.1)
HTTP/1.1 200 OK
Content-Type: application/json; charset=utf-8
cache-control: no-cache
content-length: 15

00:46:36.441 [AsyncHttpClient-1-20] DEBUG org.asynchttpclient.netty.channel.ChannelManager - Adding key: http://localhost:56085 for channel [id: 0x661cc9a0, L:/127.0.0.1:49659 - R:localhost/127.0.0.1:56085]
00:46:36.442 [Forwarding findElement on session 1ec675e36f1c2a6a69f1da342f9eaf0a to remote] DEBUG org.asynchttpclient.netty.request.NettyRequestSender - Using pooled Channel '[id: 0x661cc9a0, L:/127.0.0.1:49659 - R:localhost/127.0.0.1:56085]' for 'POST' to 'http://localhost:56085/session/1ec675e36f1c2a6a69f1da342f9eaf0a/element'
00:46:36.442 [Forwarding findElement on session 1ec675e36f1c2a6a69f1da342f9eaf0a to remote] DEBUG org.asynchttpclient.netty.request.NettyRequestSender - Using open Channel [id: 0x661cc9a0, L:/127.0.0.1:49659 - R:localhost/127.0.0.1:56085] for POST '/session/1ec675e36f1c2a6a69f1da342f9eaf0a/element'
00:46:36.446 [AsyncHttpClient-1-20] DEBUG org.asynchttpclient.netty.handler.HttpHandler - 

Request DefaultHttpRequest(decodeResult: success, version: HTTP/1.1)
POST /session/1ec675e36f1c2a6a69f1da342f9eaf0a/element HTTP/1.1
User-Agent: selenium/4.1.2 (java windows)
Content-Length: 91
Content-Type: application/json; charset=utf-8
host: localhost:56085
accept: */*

Response DefaultHttpResponse(decodeResult: success, version: HTTP/1.1)
HTTP/1.1 200 OK
Content-Type: application/json; charset=utf-8
cache-control: no-cache
content-length: 88

00:46:36.446 [AsyncHttpClient-1-20] DEBUG org.asynchttpclient.netty.channel.ChannelManager - Adding key: http://localhost:56085 for channel [id: 0x661cc9a0, L:/127.0.0.1:49659 - R:localhost/127.0.0.1:56085]
00:46:36.447 [Forwarding clickElement on session 1ec675e36f1c2a6a69f1da342f9eaf0a to remote] DEBUG org.asynchttpclient.netty.request.NettyRequestSender - Using pooled Channel '[id: 0x661cc9a0, L:/127.0.0.1:49659 - R:localhost/127.0.0.1:56085]' for 'POST' to 'http://localhost:56085/session/1ec675e36f1c2a6a69f1da342f9eaf0a/element/8995d136-3488-4c84-b101-06dd2931e95d/click'
00:46:36.447 [Forwarding clickElement on session 1ec675e36f1c2a6a69f1da342f9eaf0a to remote] DEBUG org.asynchttpclient.netty.request.NettyRequestSender - Using open Channel [id: 0x661cc9a0, L:/127.0.0.1:49659 - R:localhost/127.0.0.1:56085] for POST '/session/1ec675e36f1c2a6a69f1da342f9eaf0a/element/8995d136-3488-4c84-b101-06dd2931e95d/click'
00:46:36.486 [AsyncHttpClient-1-20] DEBUG org.asynchttpclient.netty.handler.HttpHandler - 

Request DefaultHttpRequest(decodeResult: success, version: HTTP/1.1)
POST /session/1ec675e36f1c2a6a69f1da342f9eaf0a/element/8995d136-3488-4c84-b101-06dd2931e95d/click HTTP/1.1
User-Agent: selenium/4.1.2 (java windows)
Content-Length: 50
Content-Type: application/json; charset=utf-8
host: localhost:56085
accept: */*

Response DefaultHttpResponse(decodeResult: success, version: HTTP/1.1)
HTTP/1.1 200 OK
Content-Type: application/json; charset=utf-8
cache-control: no-cache
content-length: 14

00:46:36.486 [AsyncHttpClient-1-20] DEBUG org.asynchttpclient.netty.channel.ChannelManager - Adding key: http://localhost:56085 for channel [id: 0x661cc9a0, L:/127.0.0.1:49659 - R:localhost/127.0.0.1:56085]
00:46:36.490 [Forwarding screenshot on session 1ec675e36f1c2a6a69f1da342f9eaf0a to remote] DEBUG org.asynchttpclient.netty.request.NettyRequestSender - Using pooled Channel '[id: 0x661cc9a0, L:/127.0.0.1:49659 - R:localhost/127.0.0.1:56085]' for 'GET' to 'http://localhost:56085/session/1ec675e36f1c2a6a69f1da342f9eaf0a/screenshot'
00:46:36.490 [Forwarding screenshot on session 1ec675e36f1c2a6a69f1da342f9eaf0a to remote] DEBUG org.asynchttpclient.netty.request.NettyRequestSender - Using open Channel [id: 0x661cc9a0, L:/127.0.0.1:49659 - R:localhost/127.0.0.1:56085] for GET '/session/1ec675e36f1c2a6a69f1da342f9eaf0a/screenshot'
00:46:36.685 [AsyncHttpClient-1-1] DEBUG org.asynchttpclient.netty.channel.DefaultChannelPool - Entry count for : http://localhost:49660 : 1
00:46:36.692 [AsyncHttpClient-1-20] DEBUG org.asynchttpclient.netty.handler.HttpHandler - 

Request DefaultFullHttpRequest(decodeResult: success, version: HTTP/1.1, content: EmptyByteBufBE)
GET /session/1ec675e36f1c2a6a69f1da342f9eaf0a/screenshot HTTP/1.1
User-Agent: selenium/4.1.2 (java windows)
Cache-Control: no-cache
Content-Type: application/json; charset=utf-8
host: localhost:56085
accept: */*

Response DefaultHttpResponse(decodeResult: success, version: HTTP/1.1)
HTTP/1.1 200 OK
Content-Type: application/json; charset=utf-8
cache-control: no-cache
content-length: 113540

00:46:36.692 [AsyncHttpClient-1-20] DEBUG org.asynchttpclient.netty.channel.ChannelManager - Adding key: http://localhost:56085 for channel [id: 0x661cc9a0, L:/127.0.0.1:49659 - R:localhost/127.0.0.1:56085]
00:46:36.694 [main] DEBUG net.serenitybdd.core.photography.Darkroom - Send negative for processing for target\site\serenity\2e031e80b586e95c98a7d1c007c1c68bcb8002cce5aabc8e62d81b8e975372c9.png
00:46:36.694 [main] DEBUG net.thucydides.core.steps.StepInterceptor - STEP DONE: classclick
00:46:36.695 [Darkroom Processing Line] DEBUG net.serenitybdd.core.photography.DarkroomProcessingLine - Processing screenshot image in /var/screenshots/screenshot-796313946457510390
00:46:36.695 [Darkroom Processing Line] DEBUG net.serenitybdd.core.photography.DarkroomProcessingLine - Saving screenshot to target\site\serenity\2e031e80b586e95c98a7d1c007c1c68bcb8002cce5aabc8e62d81b8e975372c9.png
00:46:36.697 [main] DEBUG net.thucydides.core.steps.StepInterceptor - STARTING STEP: ClassSteps.adminClickClassOnTheClassPage - putclass
00:46:36.698 [Forwarding findElement on session 1ec675e36f1c2a6a69f1da342f9eaf0a to remote] DEBUG org.asynchttpclient.netty.request.NettyRequestSender - Using pooled Channel '[id: 0x661cc9a0, L:/127.0.0.1:49659 - R:localhost/127.0.0.1:56085]' for 'POST' to 'http://localhost:56085/session/1ec675e36f1c2a6a69f1da342f9eaf0a/element'
00:46:36.699 [Forwarding findElement on session 1ec675e36f1c2a6a69f1da342f9eaf0a to remote] DEBUG org.asynchttpclient.netty.request.NettyRequestSender - Using open Channel [id: 0x661cc9a0, L:/127.0.0.1:49659 - R:localhost/127.0.0.1:56085] for POST '/session/1ec675e36f1c2a6a69f1da342f9eaf0a/element'
00:46:36.707 [AsyncHttpClient-1-20] DEBUG org.asynchttpclient.netty.handler.HttpHandler - 

Request DefaultHttpRequest(decodeResult: success, version: HTTP/1.1)
POST /session/1ec675e36f1c2a6a69f1da342f9eaf0a/element HTTP/1.1
User-Agent: selenium/4.1.2 (java windows)
Content-Length: 89
Content-Type: application/json; charset=utf-8
host: localhost:56085
accept: */*

Response DefaultHttpResponse(decodeResult: success, version: HTTP/1.1)
HTTP/1.1 200 OK
Content-Type: application/json; charset=utf-8
cache-control: no-cache
content-length: 88

00:46:36.707 [AsyncHttpClient-1-20] DEBUG org.asynchttpclient.netty.channel.ChannelManager - Adding key: http://localhost:56085 for channel [id: 0x661cc9a0, L:/127.0.0.1:49659 - R:localhost/127.0.0.1:56085]
00:46:36.708 [Forwarding getElementTagName on session 1ec675e36f1c2a6a69f1da342f9eaf0a to remote] DEBUG org.asynchttpclient.netty.request.NettyRequestSender - Using pooled Channel '[id: 0x661cc9a0, L:/127.0.0.1:49659 - R:localhost/127.0.0.1:56085]' for 'GET' to 'http://localhost:56085/session/1ec675e36f1c2a6a69f1da342f9eaf0a/element/7f32b20f-8444-4215-8a1e-117f28e5359e/name'
00:46:36.708 [Forwarding getElementTagName on session 1ec675e36f1c2a6a69f1da342f9eaf0a to remote] DEBUG org.asynchttpclient.netty.request.NettyRequestSender - Using open Channel [id: 0x661cc9a0, L:/127.0.0.1:49659 - R:localhost/127.0.0.1:56085] for GET '/session/1ec675e36f1c2a6a69f1da342f9eaf0a/element/7f32b20f-8444-4215-8a1e-117f28e5359e/name'
00:46:36.710 [AsyncHttpClient-1-20] DEBUG org.asynchttpclient.netty.handler.HttpHandler - 

Request DefaultFullHttpRequest(decodeResult: success, version: HTTP/1.1, content: EmptyByteBufBE)
GET /session/1ec675e36f1c2a6a69f1da342f9eaf0a/element/7f32b20f-8444-4215-8a1e-117f28e5359e/name HTTP/1.1
User-Agent: selenium/4.1.2 (java windows)
Cache-Control: no-cache
Content-Type: application/json; charset=utf-8
host: localhost:56085
accept: */*

Response DefaultHttpResponse(decodeResult: success, version: HTTP/1.1)
HTTP/1.1 200 OK
Content-Type: application/json; charset=utf-8
cache-control: no-cache
content-length: 15

00:46:36.710 [AsyncHttpClient-1-20] DEBUG org.asynchttpclient.netty.channel.ChannelManager - Adding key: http://localhost:56085 for channel [id: 0x661cc9a0, L:/127.0.0.1:49659 - R:localhost/127.0.0.1:56085]
00:46:36.710 [Forwarding getElementTagName on session 1ec675e36f1c2a6a69f1da342f9eaf0a to remote] DEBUG org.asynchttpclient.netty.request.NettyRequestSender - Using pooled Channel '[id: 0x661cc9a0, L:/127.0.0.1:49659 - R:localhost/127.0.0.1:56085]' for 'GET' to 'http://localhost:56085/session/1ec675e36f1c2a6a69f1da342f9eaf0a/element/7f32b20f-8444-4215-8a1e-117f28e5359e/name'
00:46:36.710 [Forwarding getElementTagName on session 1ec675e36f1c2a6a69f1da342f9eaf0a to remote] DEBUG org.asynchttpclient.netty.request.NettyRequestSender - Using open Channel [id: 0x661cc9a0, L:/127.0.0.1:49659 - R:localhost/127.0.0.1:56085] for GET '/session/1ec675e36f1c2a6a69f1da342f9eaf0a/element/7f32b20f-8444-4215-8a1e-117f28e5359e/name'
00:46:36.711 [AsyncHttpClient-1-20] DEBUG org.asynchttpclient.netty.handler.HttpHandler - 

Request DefaultFullHttpRequest(decodeResult: success, version: HTTP/1.1, content: EmptyByteBufBE)
GET /session/1ec675e36f1c2a6a69f1da342f9eaf0a/element/7f32b20f-8444-4215-8a1e-117f28e5359e/name HTTP/1.1
User-Agent: selenium/4.1.2 (java windows)
Cache-Control: no-cache
Content-Type: application/json; charset=utf-8
host: localhost:56085
accept: */*

Response DefaultHttpResponse(decodeResult: success, version: HTTP/1.1)
HTTP/1.1 200 OK
Content-Type: application/json; charset=utf-8
cache-control: no-cache
content-length: 15

00:46:36.711 [AsyncHttpClient-1-20] DEBUG org.asynchttpclient.netty.channel.ChannelManager - Adding key: http://localhost:56085 for channel [id: 0x661cc9a0, L:/127.0.0.1:49659 - R:localhost/127.0.0.1:56085]
00:46:36.712 [Forwarding findElement on session 1ec675e36f1c2a6a69f1da342f9eaf0a to remote] DEBUG org.asynchttpclient.netty.request.NettyRequestSender - Using pooled Channel '[id: 0x661cc9a0, L:/127.0.0.1:49659 - R:localhost/127.0.0.1:56085]' for 'POST' to 'http://localhost:56085/session/1ec675e36f1c2a6a69f1da342f9eaf0a/element'
00:46:36.712 [Forwarding findElement on session 1ec675e36f1c2a6a69f1da342f9eaf0a to remote] DEBUG org.asynchttpclient.netty.request.NettyRequestSender - Using open Channel [id: 0x661cc9a0, L:/127.0.0.1:49659 - R:localhost/127.0.0.1:56085] for POST '/session/1ec675e36f1c2a6a69f1da342f9eaf0a/element'
00:46:36.716 [AsyncHttpClient-1-20] DEBUG org.asynchttpclient.netty.handler.HttpHandler - 

Request DefaultHttpRequest(decodeResult: success, version: HTTP/1.1)
POST /session/1ec675e36f1c2a6a69f1da342f9eaf0a/element HTTP/1.1
User-Agent: selenium/4.1.2 (java windows)
Content-Length: 89
Content-Type: application/json; charset=utf-8
host: localhost:56085
accept: */*

Response DefaultHttpResponse(decodeResult: success, version: HTTP/1.1)
HTTP/1.1 200 OK
Content-Type: application/json; charset=utf-8
cache-control: no-cache
content-length: 88

00:46:36.716 [AsyncHttpClient-1-20] DEBUG org.asynchttpclient.netty.channel.ChannelManager - Adding key: http://localhost:56085 for channel [id: 0x661cc9a0, L:/127.0.0.1:49659 - R:localhost/127.0.0.1:56085]
00:46:36.716 [Forwarding clickElement on session 1ec675e36f1c2a6a69f1da342f9eaf0a to remote] DEBUG org.asynchttpclient.netty.request.NettyRequestSender - Using pooled Channel '[id: 0x661cc9a0, L:/127.0.0.1:49659 - R:localhost/127.0.0.1:56085]' for 'POST' to 'http://localhost:56085/session/1ec675e36f1c2a6a69f1da342f9eaf0a/element/7f32b20f-8444-4215-8a1e-117f28e5359e/click'
00:46:36.717 [Forwarding clickElement on session 1ec675e36f1c2a6a69f1da342f9eaf0a to remote] DEBUG org.asynchttpclient.netty.request.NettyRequestSender - Using open Channel [id: 0x661cc9a0, L:/127.0.0.1:49659 - R:localhost/127.0.0.1:56085] for POST '/session/1ec675e36f1c2a6a69f1da342f9eaf0a/element/7f32b20f-8444-4215-8a1e-117f28e5359e/click'
00:46:36.743 [AsyncHttpClient-1-20] DEBUG org.asynchttpclient.netty.handler.HttpHandler - 

Request DefaultHttpRequest(decodeResult: success, version: HTTP/1.1)
POST /session/1ec675e36f1c2a6a69f1da342f9eaf0a/element/7f32b20f-8444-4215-8a1e-117f28e5359e/click HTTP/1.1
User-Agent: selenium/4.1.2 (java windows)
Content-Length: 50
Content-Type: application/json; charset=utf-8
host: localhost:56085
accept: */*

Response DefaultHttpResponse(decodeResult: success, version: HTTP/1.1)
HTTP/1.1 200 OK
Content-Type: application/json; charset=utf-8
cache-control: no-cache
content-length: 14

00:46:36.743 [AsyncHttpClient-1-20] DEBUG org.asynchttpclient.netty.channel.ChannelManager - Adding key: http://localhost:56085 for channel [id: 0x661cc9a0, L:/127.0.0.1:49659 - R:localhost/127.0.0.1:56085]
00:46:36.746 [Forwarding screenshot on session 1ec675e36f1c2a6a69f1da342f9eaf0a to remote] DEBUG org.asynchttpclient.netty.request.NettyRequestSender - Using pooled Channel '[id: 0x661cc9a0, L:/127.0.0.1:49659 - R:localhost/127.0.0.1:56085]' for 'GET' to 'http://localhost:56085/session/1ec675e36f1c2a6a69f1da342f9eaf0a/screenshot'
00:46:36.746 [Forwarding screenshot on session 1ec675e36f1c2a6a69f1da342f9eaf0a to remote] DEBUG org.asynchttpclient.netty.request.NettyRequestSender - Using open Channel [id: 0x661cc9a0, L:/127.0.0.1:49659 - R:localhost/127.0.0.1:56085] for GET '/session/1ec675e36f1c2a6a69f1da342f9eaf0a/screenshot'
00:46:36.858 [AsyncHttpClient-1-20] DEBUG org.asynchttpclient.netty.handler.HttpHandler - 

Request DefaultFullHttpRequest(decodeResult: success, version: HTTP/1.1, content: EmptyByteBufBE)
GET /session/1ec675e36f1c2a6a69f1da342f9eaf0a/screenshot HTTP/1.1
User-Agent: selenium/4.1.2 (java windows)
Cache-Control: no-cache
Content-Type: application/json; charset=utf-8
host: localhost:56085
accept: */*

Response DefaultHttpResponse(decodeResult: success, version: HTTP/1.1)
HTTP/1.1 200 OK
Content-Type: application/json; charset=utf-8
cache-control: no-cache
content-length: 105156

00:46:36.858 [AsyncHttpClient-1-20] DEBUG org.asynchttpclient.netty.channel.ChannelManager - Adding key: http://localhost:56085 for channel [id: 0x661cc9a0, L:/127.0.0.1:49659 - R:localhost/127.0.0.1:56085]
00:46:36.860 [main] DEBUG net.serenitybdd.core.photography.Darkroom - Send negative for processing for target\site\serenity\1edca1c353d6f86840e20cf7f44c781f8bd99ec433c479fb656042d820b6e67d.png
00:46:36.860 [main] DEBUG net.thucydides.core.steps.StepInterceptor - STEP DONE: putclass
  &amp#27;[32mAnd &amp#27;[0m&amp#27;[32madmin click class on the class page&amp#27;[0m &amp#27;[90m# starter.definitions.ClassSteps.adminClickClassOnTheClassPage()&amp#27;[0m
00:46:36.860 [Darkroom Processing Line] DEBUG net.serenitybdd.core.photography.DarkroomProcessingLine - Processing screenshot image in /var/screenshots/screenshot-82631319657709325
00:46:36.860 [Darkroom Processing Line] DEBUG net.serenitybdd.core.photography.DarkroomProcessingLine - Saving screenshot to target\site\serenity\1edca1c353d6f86840e20cf7f44c781f8bd99ec433c479fb656042d820b6e67d.png
  &amp#27;[32mThen &amp#27;[0m&amp#27;[32muser succses select or see class&amp#27;[0m   &amp#27;[90m# starter.definitions.ClassSteps.userSuccsesSelectOrSeeClass()&amp#27;[0m
00:46:36.867 [main] INFO  - 
  _____   ___   ___   _____     ___     _     ___   ___   ___   ___  
 |_   _| | __| / __| |_   _|   | _ \   /_\   / __| / __| | __| |   \ 
   | |   | _|  \__ \   | |     |  _/  / _ \  \__ \ \__ \ | _|  | |) |
   |_|   |___| |___/   |_|     |_|   /_/ \_\ |___/ |___/ |___| |___/ 

admin select class
----------------------------------------------------------------------
00:46:36.868 [AsyncHttpClient-1-22] DEBUG org.asynchttpclient.netty.handler.WebSocketHandler - Channel Closed: [id: 0x4885ee3f, L:/127.0.0.1:49674 ! R:localhost/127.0.0.1:49660] with attribute NettyResponseFuture{currentRetry=5,
	isDone=1,
	isCancelled=0,
	asyncHandler=org.asynchttpclient.ws.WebSocketUpgradeHandler@514c4b13,
	nettyRequest=org.asynchttpclient.netty.request.NettyRequest@144edf5e,
	future=java.util.concurrent.CompletableFuture@6e03428c[Completed normally],
	uri=ws://localhost:49660/devtools/browser/68acf6e4-734c-49ee-bbbd-9bca728a8004,
	keepAlive=true,
	redirectCount=0,
	timeoutsHolder=null,
	inAuth=0,
	touch=1658421990917}
00:46:36.868 [Driver Command Executor] DEBUG org.asynchttpclient.netty.request.NettyRequestSender - Using pooled Channel '[id: 0x661cc9a0, L:/127.0.0.1:49659 - R:localhost/127.0.0.1:56085]' for 'DELETE' to 'http://localhost:56085/session/1ec675e36f1c2a6a69f1da342f9eaf0a'
00:46:36.868 [AsyncHttpClient-1-22] DEBUG org.asynchttpclient.netty.channel.ChannelManager - Closing Channel [id: 0x4885ee3f, L:/127.0.0.1:49674 ! R:localhost/127.0.0.1:49660] 
00:46:36.868 [Driver Command Executor] DEBUG org.asynchttpclient.netty.request.NettyRequestSender - Using open Channel [id: 0x661cc9a0, L:/127.0.0.1:49659 - R:localhost/127.0.0.1:56085] for DELETE '/session/1ec675e36f1c2a6a69f1da342f9eaf0a'
00:46:36.885 [AsyncHttpClient-1-21] DEBUG org.asynchttpclient.netty.handler.HttpHandler - Unexpected I/O exception on channel [id: 0x699eb52e, L:/127.0.0.1:49673 - R:localhost/127.0.0.1:49660]
java.net.SocketException: Connection reset
	at java.base/sun.nio.ch.SocketChannelImpl.throwConnectionReset(SocketChannelImpl.java:394)
	at java.base/sun.nio.ch.SocketChannelImpl.read(SocketChannelImpl.java:426)
	at io.netty.buffer.PooledByteBuf.setBytes(PooledByteBuf.java:258)
	at io.netty.buffer.AbstractByteBuf.writeBytes(AbstractByteBuf.java:1132)
	at io.netty.channel.socket.nio.NioSocketChannel.doReadBytes(NioSocketChannel.java:350)
	at io.netty.channel.nio.AbstractNioByteChannel$NioByteUnsafe.read(AbstractNioByteChannel.java:151)
	at io.netty.channel.nio.NioEventLoop.processSelectedKey(NioEventLoop.java:722)
	at io.netty.channel.nio.NioEventLoop.processSelectedKeysOptimized(NioEventLoop.java:658)
	at io.netty.channel.nio.NioEventLoop.processSelectedKeys(NioEventLoop.java:584)
	at io.netty.channel.nio.NioEventLoop.run(NioEventLoop.java:496)
	at io.netty.util.concurrent.SingleThreadEventExecutor$4.run(SingleThreadEventExecutor.java:986)
	at io.netty.util.internal.ThreadExecutorMap$2.run(ThreadExecutorMap.java:74)
	at io.netty.util.concurrent.FastThreadLocalRunnable.run(FastThreadLocalRunnable.java:30)
	at java.base/java.lang.Thread.run(Thread.java:833)
00:46:36.885 [AsyncHttpClient-1-21] DEBUG org.asynchttpclient.netty.channel.ChannelManager - Closing Channel [id: 0x699eb52e, L:/127.0.0.1:49673 - R:localhost/127.0.0.1:49660] 
00:46:36.885 [AsyncHttpClient-1-21] DEBUG org.asynchttpclient.netty.handler.HttpHandler - Channel Closed: [id: 0x699eb52e, L:/127.0.0.1:49673 ! R:localhost/127.0.0.1:49660] with attribute DISCARD
00:46:36.896 [AsyncHttpClient-1-20] DEBUG org.asynchttpclient.netty.handler.HttpHandler - 

Request DefaultFullHttpRequest(decodeResult: success, version: HTTP/1.1, content: EmptyByteBufBE)
DELETE /session/1ec675e36f1c2a6a69f1da342f9eaf0a HTTP/1.1
User-Agent: selenium/4.1.2 (java windows)
Content-Type: application/json; charset=utf-8
host: localhost:56085
accept: */*

Response DefaultHttpResponse(decodeResult: success, version: HTTP/1.1)
HTTP/1.1 200 OK
Content-Type: application/json; charset=utf-8
cache-control: no-cache
content-length: 14

00:46:36.896 [AsyncHttpClient-1-20] DEBUG org.asynchttpclient.netty.channel.ChannelManager - Adding key: http://localhost:56085 for channel [id: 0x661cc9a0, L:/127.0.0.1:49659 - R:localhost/127.0.0.1:56085]
00:46:36.955 [AsyncHttpClient-1-20] DEBUG org.asynchttpclient.netty.handler.HttpHandler - Channel Closed: [id: 0x661cc9a0, L:/127.0.0.1:49659 ! R:localhost/127.0.0.1:56085] with attribute DISCARD
]]></system-out>
    <system-err><![CDATA[Starting ChromeDriver 103.0.5060.134 (8ec6fce403b3feb0869b0732eda8bd95011d333c-refs/branch-heads/5060@{#1262}) on port 56085
Only local connections are allowed.
Please see https://chromedriver.chromium.org/security-considerations for suggestions on keeping ChromeDriver safe.
ChromeDriver was started successfully.
Jul 22, 2022 12:46:30 AM org.openqa.selenium.remote.ProtocolHandshake createSession
INFO: Detected dialect: W3C
Jul 22, 2022 12:46:30 AM org.openqa.selenium.devtools.CdpVersionFinder findNearestMatch
WARNING: Unable to find an exact match for CDP version 103, so returning the closest version found: a no-op implementation
Jul 22, 2022 12:46:30 AM org.openqa.selenium.devtools.CdpVersionFinder findNearestMatch
INFO: Unable to find CDP implementation matching 103.
Jul 22, 2022 12:46:30 AM org.openqa.selenium.chromium.ChromiumDriver lambda$new$3
WARNING: Unable to find version of CDP to use for . You may need to include a dependency on a specific version of the CDP using something similar to `org.seleniumhq.selenium:selenium-devtools-v86:4.1.2` where the version ("v86") matches the version of the chromium-based browser you're using and the version number of the artifact is the same as Selenium's.
]]></system-err>
  </testcase>
  <testcase name="admin send new content" classname="admin can see detail content page" time="6.913">
    <system-out><![CDATA[00:46:36.987 [main] INFO io.cucumber.core.plugin.SerenityReporter - Running feature from file:///D:/capstone%20projek/web%20testing/src/test/resources/features/content.feature
00:46:36.988 [main] DEBUG net.thucydides.core.steps.StepEventBus - Test suite started for story net.thucydides.core.model.Story@1e597557
00:46:36.988 [main] INFO  - Test Suite Started: admin can see detail content page

@content
Scenario: admin send new content                                          &amp#27;[90m# src/test/resources/features/content.feature:11&amp#27;[0m
00:46:36.994 [main] INFO io.cucumber.core.plugin.SerenityReporter - Running feature from file:///D:/capstone%20projek/web%20testing/src/test/resources/features/content.feature
00:46:36.995 [main] INFO  - 
  _____   ___   ___   _____     ___   _____     _     ___   _____   ___   ___  
 |_   _| | __| / __| |_   _|   / __| |_   _|   /_\   | _ \ |_   _| | __| |   \ 
   | |   | _|  \__ \   | |     \__ \   | |    / _ \  |   /   | |   | _|  | |) |
   |_|   |___| |___/   |_|     |___/   |_|   /_/ \_\ |_|_\   |_|   |___| |___/ 

admin send new content(admin-can-see-detail-content-page;admin-send-new-content)
--------------------------------------------------------------------------------
00:46:37.003 [main] DEBUG net.thucydides.core.steps.StepInterceptor - STARTING STEP: LoginSteps.adminOnLoginPage - openPage
00:46:37.004 [main] INFO net.serenitybdd.core.webdriver.driverproviders.ChromeDriverProvider - Using automatically driver download
00:46:37.078 [main] DEBUG io.github.bonigarcia.wdm.cache.ResolutionCache - Resolution chrome=103 in cache (valid until 01:32:20 22/07/2022 WITA)
00:46:37.080 [main] DEBUG io.github.bonigarcia.wdm.cache.ResolutionCache - Resolution chrome103=103.0.5060.134 in cache (valid until 21:05:58 22/07/2022 WITA)
00:46:37.081 [main] INFO io.github.bonigarcia.wdm.WebDriverManager - Using chromedriver 103.0.5060.134 (resolved driver for Chrome 103)
00:46:37.087 [main] DEBUG io.github.bonigarcia.wdm.WebDriverManager - Driver chromedriver 103.0.5060.134 found in cache
00:46:37.088 [main] INFO io.github.bonigarcia.wdm.WebDriverManager - Exporting webdriver.chrome.driver as C:\Users\Rev\.cache\selenium\chromedriver\win32\103.0.5060.134\chromedriver.exe
00:46:37.161 [main] DEBUG net.serenitybdd.core.webdriver.driverproviders.ProvideNewDriver - Instantiating driver
00:46:37.161 [main] DEBUG net.serenitybdd.core.webdriver.driverproviders.ProvideNewDriver - Driver capabilities: Capabilities {acceptInsecureCerts: false, base.url: https://sportly.rafdev.my.id/, browserName: chrome, chrome.driver: webdriver/chromedriver.exe, driver: chrome, goog:chromeOptions: {args: [], extensions: []}}
00:46:37.387 [AsyncHttpClient-1-23] DEBUG org.asynchttpclient.netty.channel.NettyConnectListener - Using new Channel '[id: 0xcc4a4831, L:/127.0.0.1:49703 - R:localhost/127.0.0.1:50435]' for 'POST' to '/session'
00:46:37.786 [AsyncHttpClient-1-1] DEBUG org.asynchttpclient.netty.channel.DefaultChannelPool - Entry count for : http://localhost:56085 : 1
00:46:37.786 [AsyncHttpClient-1-1] DEBUG org.asynchttpclient.netty.channel.DefaultChannelPool - Entry count for : http://localhost:49660 : 1
00:46:37.786 [AsyncHttpClient-1-1] DEBUG org.asynchttpclient.netty.channel.DefaultChannelPool - Adding Candidate expired Channel [id: 0x661cc9a0, L:/127.0.0.1:49659 ! R:localhost/127.0.0.1:56085] isIdleTimeoutExpired=false isRemotelyClosed=true isTtlExpired=false
00:46:37.786 [AsyncHttpClient-1-1] DEBUG org.asynchttpclient.netty.channel.DefaultChannelPool - Closing Idle Channel [id: 0x661cc9a0, L:/127.0.0.1:49659 ! R:localhost/127.0.0.1:56085]
00:46:37.786 [AsyncHttpClient-1-1] DEBUG org.asynchttpclient.netty.channel.DefaultChannelPool - Adding Candidate expired Channel [id: 0x699eb52e, L:/127.0.0.1:49673 ! R:localhost/127.0.0.1:49660] isIdleTimeoutExpired=false isRemotelyClosed=true isTtlExpired=false
00:46:37.786 [AsyncHttpClient-1-1] DEBUG org.asynchttpclient.netty.channel.DefaultChannelPool - Closing Idle Channel [id: 0x699eb52e, L:/127.0.0.1:49673 ! R:localhost/127.0.0.1:49660]
00:46:37.786 [AsyncHttpClient-1-1] DEBUG org.asynchttpclient.netty.channel.DefaultChannelPool - Closed 2 connections out of 2 in 0 ms
00:46:37.887 [AsyncHttpClient-1-23] DEBUG org.asynchttpclient.netty.handler.HttpHandler - 

Request DefaultHttpRequest(decodeResult: success, version: HTTP/1.1)
POST /session HTTP/1.1
User-Agent: selenium/4.1.2 (java windows)
Content-Length: 581
Content-Type: application/json; charset=utf-8
host: localhost:50435
accept: */*

Response DefaultHttpResponse(decodeResult: success, version: HTTP/1.1)
HTTP/1.1 200 OK
Content-Type: application/json; charset=utf-8
cache-control: no-cache
content-length: 791

00:46:37.887 [AsyncHttpClient-1-23] DEBUG org.asynchttpclient.netty.channel.ChannelManager - Adding key: http://localhost:50435 for channel [id: 0xcc4a4831, L:/127.0.0.1:49703 - R:localhost/127.0.0.1:50435]
00:46:37.893 [AsyncHttpClient-1-24] DEBUG org.asynchttpclient.netty.channel.NettyConnectListener - Using new Channel '[id: 0x6335e145, L:/127.0.0.1:49710 - R:localhost/127.0.0.1:49704]' for 'GET' to '/json/version'
00:46:37.898 [AsyncHttpClient-1-24] DEBUG org.asynchttpclient.netty.handler.HttpHandler - 

Request DefaultFullHttpRequest(decodeResult: success, version: HTTP/1.1, content: EmptyByteBufBE)
GET /json/version HTTP/1.1
User-Agent: selenium/4.1.2 (java windows)
host: localhost:49704
accept: */*

Response DefaultHttpResponse(decodeResult: success, version: HTTP/1.1)
HTTP/1.1 200 OK
Content-Type: application/json; charset=UTF-8
content-length: 429

00:46:37.898 [AsyncHttpClient-1-24] DEBUG org.asynchttpclient.netty.channel.ChannelManager - Adding key: http://localhost:49704 for channel [id: 0x6335e145, L:/127.0.0.1:49710 - R:localhost/127.0.0.1:49704]
00:46:37.931 [AsyncHttpClient-1-25] DEBUG org.asynchttpclient.netty.channel.NettyConnectListener - Using new Channel '[id: 0xd765c5bc, L:/127.0.0.1:49711 - R:localhost/127.0.0.1:49704]' for 'GET' to '/devtools/browser/707cb50c-e2d1-4609-90c8-31eb78392214'
00:46:37.952 [AsyncHttpClient-1-25] DEBUG org.asynchttpclient.netty.handler.WebSocketHandler - 

Request DefaultFullHttpRequest(decodeResult: success, version: HTTP/1.1, content: EmptyByteBufBE)
GET /devtools/browser/707cb50c-e2d1-4609-90c8-31eb78392214 HTTP/1.1
upgrade: websocket
connection: upgrade
sec-websocket-key: /jpjqYTj5AyxwnRJ5ZBMCQ==
sec-websocket-version: 13
origin: http://localhost:49704
host: localhost:49704
accept: */*
user-agent: AHC/2.1

Response DefaultHttpResponse(decodeResult: success, version: HTTP/1.1)
HTTP/1.1 101 WebSocket Protocol Handshake
Upgrade: WebSocket
Connection: Upgrade
Sec-WebSocket-Accept: sJ0PODHTRI6iqiQM/9N9WhDcX7I=

00:46:37.956 [Forwarding setCurrentWindowSize on session 44d3dfff17fd5586cc610623c8b44b6a to remote] DEBUG org.asynchttpclient.netty.request.NettyRequestSender - Using pooled Channel '[id: 0xcc4a4831, L:/127.0.0.1:49703 - R:localhost/127.0.0.1:50435]' for 'POST' to 'http://localhost:50435/session/44d3dfff17fd5586cc610623c8b44b6a/window/rect'
00:46:37.956 [Forwarding setCurrentWindowSize on session 44d3dfff17fd5586cc610623c8b44b6a to remote] DEBUG org.asynchttpclient.netty.request.NettyRequestSender - Using open Channel [id: 0xcc4a4831, L:/127.0.0.1:49703 - R:localhost/127.0.0.1:50435] for POST '/session/44d3dfff17fd5586cc610623c8b44b6a/window/rect'
00:46:38.081 [AsyncHttpClient-1-23] DEBUG org.asynchttpclient.netty.handler.HttpHandler - 

Request DefaultHttpRequest(decodeResult: success, version: HTTP/1.1)
POST /session/44d3dfff17fd5586cc610623c8b44b6a/window/rect HTTP/1.1
User-Agent: selenium/4.1.2 (java windows)
Content-Length: 37
Content-Type: application/json; charset=utf-8
host: localhost:50435
accept: */*

Response DefaultHttpResponse(decodeResult: success, version: HTTP/1.1)
HTTP/1.1 200 OK
Content-Type: application/json; charset=utf-8
cache-control: no-cache
content-length: 52

00:46:38.081 [AsyncHttpClient-1-23] DEBUG org.asynchttpclient.netty.channel.ChannelManager - Adding key: http://localhost:50435 for channel [id: 0xcc4a4831, L:/127.0.0.1:49703 - R:localhost/127.0.0.1:50435]
00:46:38.082 [Forwarding setWindowPosition on session 44d3dfff17fd5586cc610623c8b44b6a to remote] DEBUG org.asynchttpclient.netty.request.NettyRequestSender - Using pooled Channel '[id: 0xcc4a4831, L:/127.0.0.1:49703 - R:localhost/127.0.0.1:50435]' for 'POST' to 'http://localhost:50435/session/44d3dfff17fd5586cc610623c8b44b6a/window/rect'
00:46:38.082 [Forwarding setWindowPosition on session 44d3dfff17fd5586cc610623c8b44b6a to remote] DEBUG org.asynchttpclient.netty.request.NettyRequestSender - Using open Channel [id: 0xcc4a4831, L:/127.0.0.1:49703 - R:localhost/127.0.0.1:50435] for POST '/session/44d3dfff17fd5586cc610623c8b44b6a/window/rect'
00:46:38.192 [AsyncHttpClient-1-23] DEBUG org.asynchttpclient.netty.handler.HttpHandler - 

Request DefaultHttpRequest(decodeResult: success, version: HTTP/1.1)
POST /session/44d3dfff17fd5586cc610623c8b44b6a/window/rect HTTP/1.1
User-Agent: selenium/4.1.2 (java windows)
Content-Length: 22
Content-Type: application/json; charset=utf-8
host: localhost:50435
accept: */*

Response DefaultHttpResponse(decodeResult: success, version: HTTP/1.1)
HTTP/1.1 200 OK
Content-Type: application/json; charset=utf-8
cache-control: no-cache
content-length: 50

00:46:38.192 [AsyncHttpClient-1-23] DEBUG org.asynchttpclient.netty.channel.ChannelManager - Adding key: http://localhost:50435 for channel [id: 0xcc4a4831, L:/127.0.0.1:49703 - R:localhost/127.0.0.1:50435]
00:46:38.193 [Forwarding get on session 44d3dfff17fd5586cc610623c8b44b6a to remote] DEBUG org.asynchttpclient.netty.request.NettyRequestSender - Using pooled Channel '[id: 0xcc4a4831, L:/127.0.0.1:49703 - R:localhost/127.0.0.1:50435]' for 'POST' to 'http://localhost:50435/session/44d3dfff17fd5586cc610623c8b44b6a/url'
00:46:38.193 [Forwarding get on session 44d3dfff17fd5586cc610623c8b44b6a to remote] DEBUG org.asynchttpclient.netty.request.NettyRequestSender - Using open Channel [id: 0xcc4a4831, L:/127.0.0.1:49703 - R:localhost/127.0.0.1:50435] for POST '/session/44d3dfff17fd5586cc610623c8b44b6a/url'
00:46:38.885 [AsyncHttpClient-1-1] DEBUG org.asynchttpclient.netty.channel.DefaultChannelPool - Entry count for : http://localhost:49704 : 1
00:46:39.990 [AsyncHttpClient-1-1] DEBUG org.asynchttpclient.netty.channel.DefaultChannelPool - Entry count for : http://localhost:49704 : 1
00:46:40.018 [AsyncHttpClient-1-23] DEBUG org.asynchttpclient.netty.handler.HttpHandler - 

Request DefaultHttpRequest(decodeResult: success, version: HTTP/1.1)
POST /session/44d3dfff17fd5586cc610623c8b44b6a/url HTTP/1.1
User-Agent: selenium/4.1.2 (java windows)
Content-Length: 59
Content-Type: application/json; charset=utf-8
host: localhost:50435
accept: */*

Response DefaultHttpResponse(decodeResult: success, version: HTTP/1.1)
HTTP/1.1 200 OK
Content-Type: application/json; charset=utf-8
cache-control: no-cache
content-length: 14

00:46:40.018 [AsyncHttpClient-1-23] DEBUG org.asynchttpclient.netty.channel.ChannelManager - Adding key: http://localhost:50435 for channel [id: 0xcc4a4831, L:/127.0.0.1:49703 - R:localhost/127.0.0.1:50435]
00:46:40.019 [Forwarding setTimeout on session 44d3dfff17fd5586cc610623c8b44b6a to remote] DEBUG org.asynchttpclient.netty.request.NettyRequestSender - Using pooled Channel '[id: 0xcc4a4831, L:/127.0.0.1:49703 - R:localhost/127.0.0.1:50435]' for 'POST' to 'http://localhost:50435/session/44d3dfff17fd5586cc610623c8b44b6a/timeouts'
00:46:40.019 [Forwarding setTimeout on session 44d3dfff17fd5586cc610623c8b44b6a to remote] DEBUG org.asynchttpclient.netty.request.NettyRequestSender - Using open Channel [id: 0xcc4a4831, L:/127.0.0.1:49703 - R:localhost/127.0.0.1:50435] for POST '/session/44d3dfff17fd5586cc610623c8b44b6a/timeouts'
00:46:40.019 [AsyncHttpClient-1-23] DEBUG org.asynchttpclient.netty.handler.HttpHandler - 

Request DefaultHttpRequest(decodeResult: success, version: HTTP/1.1)
POST /session/44d3dfff17fd5586cc610623c8b44b6a/timeouts HTTP/1.1
User-Agent: selenium/4.1.2 (java windows)
Content-Length: 22
Content-Type: application/json; charset=utf-8
host: localhost:50435
accept: */*

Response DefaultHttpResponse(decodeResult: success, version: HTTP/1.1)
HTTP/1.1 200 OK
Content-Type: application/json; charset=utf-8
cache-control: no-cache
content-length: 14

00:46:40.019 [AsyncHttpClient-1-23] DEBUG org.asynchttpclient.netty.channel.ChannelManager - Adding key: http://localhost:50435 for channel [id: 0xcc4a4831, L:/127.0.0.1:49703 - R:localhost/127.0.0.1:50435]
00:46:40.021 [Forwarding getCurrentUrl on session 44d3dfff17fd5586cc610623c8b44b6a to remote] DEBUG org.asynchttpclient.netty.request.NettyRequestSender - Using pooled Channel '[id: 0xcc4a4831, L:/127.0.0.1:49703 - R:localhost/127.0.0.1:50435]' for 'GET' to 'http://localhost:50435/session/44d3dfff17fd5586cc610623c8b44b6a/url'
00:46:40.021 [Forwarding getCurrentUrl on session 44d3dfff17fd5586cc610623c8b44b6a to remote] DEBUG org.asynchttpclient.netty.request.NettyRequestSender - Using open Channel [id: 0xcc4a4831, L:/127.0.0.1:49703 - R:localhost/127.0.0.1:50435] for GET '/session/44d3dfff17fd5586cc610623c8b44b6a/url'
00:46:40.041 [AsyncHttpClient-1-23] DEBUG org.asynchttpclient.netty.handler.HttpHandler - 

Request DefaultFullHttpRequest(decodeResult: success, version: HTTP/1.1, content: EmptyByteBufBE)
GET /session/44d3dfff17fd5586cc610623c8b44b6a/url HTTP/1.1
User-Agent: selenium/4.1.2 (java windows)
Cache-Control: no-cache
Content-Type: application/json; charset=utf-8
host: localhost:50435
accept: */*

Response DefaultHttpResponse(decodeResult: success, version: HTTP/1.1)
HTTP/1.1 200 OK
Content-Type: application/json; charset=utf-8
cache-control: no-cache
content-length: 46

00:46:40.041 [AsyncHttpClient-1-23] DEBUG org.asynchttpclient.netty.channel.ChannelManager - Adding key: http://localhost:50435 for channel [id: 0xcc4a4831, L:/127.0.0.1:49703 - R:localhost/127.0.0.1:50435]
00:46:40.043 [Forwarding getCurrentUrl on session 44d3dfff17fd5586cc610623c8b44b6a to remote] DEBUG org.asynchttpclient.netty.request.NettyRequestSender - Using pooled Channel '[id: 0xcc4a4831, L:/127.0.0.1:49703 - R:localhost/127.0.0.1:50435]' for 'GET' to 'http://localhost:50435/session/44d3dfff17fd5586cc610623c8b44b6a/url'
00:46:40.043 [Forwarding getCurrentUrl on session 44d3dfff17fd5586cc610623c8b44b6a to remote] DEBUG org.asynchttpclient.netty.request.NettyRequestSender - Using open Channel [id: 0xcc4a4831, L:/127.0.0.1:49703 - R:localhost/127.0.0.1:50435] for GET '/session/44d3dfff17fd5586cc610623c8b44b6a/url'
00:46:40.044 [AsyncHttpClient-1-23] DEBUG org.asynchttpclient.netty.handler.HttpHandler - 

Request DefaultFullHttpRequest(decodeResult: success, version: HTTP/1.1, content: EmptyByteBufBE)
GET /session/44d3dfff17fd5586cc610623c8b44b6a/url HTTP/1.1
User-Agent: selenium/4.1.2 (java windows)
Cache-Control: no-cache
Content-Type: application/json; charset=utf-8
host: localhost:50435
accept: */*

Response DefaultHttpResponse(decodeResult: success, version: HTTP/1.1)
HTTP/1.1 200 OK
Content-Type: application/json; charset=utf-8
cache-control: no-cache
content-length: 46

00:46:40.044 [AsyncHttpClient-1-23] DEBUG org.asynchttpclient.netty.channel.ChannelManager - Adding key: http://localhost:50435 for channel [id: 0xcc4a4831, L:/127.0.0.1:49703 - R:localhost/127.0.0.1:50435]
00:46:40.048 [main] DEBUG net.serenitybdd.core.photography.Darkroom - Opening darkroom
00:46:40.048 [Darkroom Processing Line] DEBUG net.serenitybdd.core.photography.DarkroomProcessingLine - Darkroom processing line starting up
00:46:40.048 [Forwarding screenshot on session 44d3dfff17fd5586cc610623c8b44b6a to remote] DEBUG org.asynchttpclient.netty.request.NettyRequestSender - Using pooled Channel '[id: 0xcc4a4831, L:/127.0.0.1:49703 - R:localhost/127.0.0.1:50435]' for 'GET' to 'http://localhost:50435/session/44d3dfff17fd5586cc610623c8b44b6a/screenshot'
00:46:40.048 [Forwarding screenshot on session 44d3dfff17fd5586cc610623c8b44b6a to remote] DEBUG org.asynchttpclient.netty.request.NettyRequestSender - Using open Channel [id: 0xcc4a4831, L:/127.0.0.1:49703 - R:localhost/127.0.0.1:50435] for GET '/session/44d3dfff17fd5586cc610623c8b44b6a/screenshot'
00:46:40.358 [AsyncHttpClient-1-23] DEBUG org.asynchttpclient.netty.handler.HttpHandler - 

Request DefaultFullHttpRequest(decodeResult: success, version: HTTP/1.1, content: EmptyByteBufBE)
GET /session/44d3dfff17fd5586cc610623c8b44b6a/screenshot HTTP/1.1
User-Agent: selenium/4.1.2 (java windows)
Cache-Control: no-cache
Content-Type: application/json; charset=utf-8
host: localhost:50435
accept: */*

Response DefaultHttpResponse(decodeResult: success, version: HTTP/1.1)
HTTP/1.1 200 OK
Content-Type: application/json; charset=utf-8
cache-control: no-cache
content-length: 575004

00:46:40.359 [AsyncHttpClient-1-23] DEBUG org.asynchttpclient.netty.channel.ChannelManager - Adding key: http://localhost:50435 for channel [id: 0xcc4a4831, L:/127.0.0.1:49703 - R:localhost/127.0.0.1:50435]
00:46:40.366 [main] DEBUG net.serenitybdd.core.photography.Darkroom - Send negative for processing for target\site\serenity\bdfb3257a55b5f729af578dfc1dc3a5762c89839bea5dc19984e34dd6640fee1.png
00:46:40.366 [main] DEBUG net.thucydides.core.steps.StepInterceptor - STEP DONE: openPage
00:46:40.369 [main] DEBUG net.thucydides.core.steps.StepInterceptor - STARTING STEP: LoginSteps.adminOnLoginPage - validateonLoginPage
00:46:40.370 [Forwarding findElement on session 44d3dfff17fd5586cc610623c8b44b6a to remote] DEBUG org.asynchttpclient.netty.request.NettyRequestSender - Using pooled Channel '[id: 0xcc4a4831, L:/127.0.0.1:49703 - R:localhost/127.0.0.1:50435]' for 'POST' to 'http://localhost:50435/session/44d3dfff17fd5586cc610623c8b44b6a/element'
00:46:40.370 [Forwarding findElement on session 44d3dfff17fd5586cc610623c8b44b6a to remote] DEBUG org.asynchttpclient.netty.request.NettyRequestSender - Using open Channel [id: 0xcc4a4831, L:/127.0.0.1:49703 - R:localhost/127.0.0.1:50435] for POST '/session/44d3dfff17fd5586cc610623c8b44b6a/element'
00:46:40.377 [AsyncHttpClient-1-23] DEBUG org.asynchttpclient.netty.handler.HttpHandler - 

Request DefaultHttpRequest(decodeResult: success, version: HTTP/1.1)
POST /session/44d3dfff17fd5586cc610623c8b44b6a/element HTTP/1.1
User-Agent: selenium/4.1.2 (java windows)
Content-Length: 71
Content-Type: application/json; charset=utf-8
host: localhost:50435
accept: */*

Response DefaultHttpResponse(decodeResult: success, version: HTTP/1.1)
HTTP/1.1 200 OK
Content-Type: application/json; charset=utf-8
cache-control: no-cache
content-length: 88

00:46:40.377 [AsyncHttpClient-1-23] DEBUG org.asynchttpclient.netty.channel.ChannelManager - Adding key: http://localhost:50435 for channel [id: 0xcc4a4831, L:/127.0.0.1:49703 - R:localhost/127.0.0.1:50435]
00:46:40.379 [Forwarding isElementDisplayed on session 44d3dfff17fd5586cc610623c8b44b6a to remote] DEBUG org.asynchttpclient.netty.request.NettyRequestSender - Using pooled Channel '[id: 0xcc4a4831, L:/127.0.0.1:49703 - R:localhost/127.0.0.1:50435]' for 'POST' to 'http://localhost:50435/session/44d3dfff17fd5586cc610623c8b44b6a/execute/sync'
00:46:40.379 [Forwarding isElementDisplayed on session 44d3dfff17fd5586cc610623c8b44b6a to remote] DEBUG org.asynchttpclient.netty.request.NettyRequestSender - Using open Channel [id: 0xcc4a4831, L:/127.0.0.1:49703 - R:localhost/127.0.0.1:50435] for POST '/session/44d3dfff17fd5586cc610623c8b44b6a/execute/sync'
00:46:40.387 [AsyncHttpClient-1-23] DEBUG org.asynchttpclient.netty.handler.HttpHandler - 

Request DefaultHttpRequest(decodeResult: success, version: HTTP/1.1)
POST /session/44d3dfff17fd5586cc610623c8b44b6a/execute/sync HTTP/1.1
User-Agent: selenium/4.1.2 (java windows)
Content-Length: 48780
Content-Type: application/json; charset=utf-8
host: localhost:50435
accept: */*

Response DefaultHttpResponse(decodeResult: success, version: HTTP/1.1)
HTTP/1.1 200 OK
Content-Type: application/json; charset=utf-8
cache-control: no-cache
content-length: 14

00:46:40.387 [AsyncHttpClient-1-23] DEBUG org.asynchttpclient.netty.channel.ChannelManager - Adding key: http://localhost:50435 for channel [id: 0xcc4a4831, L:/127.0.0.1:49703 - R:localhost/127.0.0.1:50435]
00:46:40.389 [main] DEBUG net.thucydides.core.steps.StepInterceptor - STEP DONE: validateonLoginPage
  &amp#27;[32mGiven &amp#27;[0m&amp#27;[32madmin on login page&amp#27;[0m                                               &amp#27;[90m# starter.definitions.LoginSteps.adminOnLoginPage()&amp#27;[0m
00:46:40.396 [main] DEBUG net.thucydides.core.steps.StepInterceptor - STARTING STEP: LoginSteps.adminInputValidUssername - inputusername
00:46:40.397 [Forwarding findElement on session 44d3dfff17fd5586cc610623c8b44b6a to remote] DEBUG org.asynchttpclient.netty.request.NettyRequestSender - Using pooled Channel '[id: 0xcc4a4831, L:/127.0.0.1:49703 - R:localhost/127.0.0.1:50435]' for 'POST' to 'http://localhost:50435/session/44d3dfff17fd5586cc610623c8b44b6a/element'
00:46:40.397 [Forwarding findElement on session 44d3dfff17fd5586cc610623c8b44b6a to remote] DEBUG org.asynchttpclient.netty.request.NettyRequestSender - Using open Channel [id: 0xcc4a4831, L:/127.0.0.1:49703 - R:localhost/127.0.0.1:50435] for POST '/session/44d3dfff17fd5586cc610623c8b44b6a/element'
00:46:40.404 [AsyncHttpClient-1-23] DEBUG org.asynchttpclient.netty.handler.HttpHandler - 

Request DefaultHttpRequest(decodeResult: success, version: HTTP/1.1)
POST /session/44d3dfff17fd5586cc610623c8b44b6a/element HTTP/1.1
User-Agent: selenium/4.1.2 (java windows)
Content-Length: 92
Content-Type: application/json; charset=utf-8
host: localhost:50435
accept: */*

Response DefaultHttpResponse(decodeResult: success, version: HTTP/1.1)
HTTP/1.1 200 OK
Content-Type: application/json; charset=utf-8
cache-control: no-cache
content-length: 88

00:46:40.404 [AsyncHttpClient-1-23] DEBUG org.asynchttpclient.netty.channel.ChannelManager - Adding key: http://localhost:50435 for channel [id: 0xcc4a4831, L:/127.0.0.1:49703 - R:localhost/127.0.0.1:50435]
00:46:40.405 [Forwarding clearElement on session 44d3dfff17fd5586cc610623c8b44b6a to remote] DEBUG org.asynchttpclient.netty.request.NettyRequestSender - Using pooled Channel '[id: 0xcc4a4831, L:/127.0.0.1:49703 - R:localhost/127.0.0.1:50435]' for 'POST' to 'http://localhost:50435/session/44d3dfff17fd5586cc610623c8b44b6a/element/598e0f04-5a5a-49ad-a575-c17f3e1b5822/clear'
00:46:40.405 [Forwarding clearElement on session 44d3dfff17fd5586cc610623c8b44b6a to remote] DEBUG org.asynchttpclient.netty.request.NettyRequestSender - Using open Channel [id: 0xcc4a4831, L:/127.0.0.1:49703 - R:localhost/127.0.0.1:50435] for POST '/session/44d3dfff17fd5586cc610623c8b44b6a/element/598e0f04-5a5a-49ad-a575-c17f3e1b5822/clear'
00:46:40.423 [AsyncHttpClient-1-23] DEBUG org.asynchttpclient.netty.handler.HttpHandler - 

Request DefaultHttpRequest(decodeResult: success, version: HTTP/1.1)
POST /session/44d3dfff17fd5586cc610623c8b44b6a/element/598e0f04-5a5a-49ad-a575-c17f3e1b5822/clear HTTP/1.1
User-Agent: selenium/4.1.2 (java windows)
Content-Length: 50
Content-Type: application/json; charset=utf-8
host: localhost:50435
accept: */*

Response DefaultHttpResponse(decodeResult: success, version: HTTP/1.1)
HTTP/1.1 200 OK
Content-Type: application/json; charset=utf-8
cache-control: no-cache
content-length: 14

00:46:40.424 [AsyncHttpClient-1-23] DEBUG org.asynchttpclient.netty.channel.ChannelManager - Adding key: http://localhost:50435 for channel [id: 0xcc4a4831, L:/127.0.0.1:49703 - R:localhost/127.0.0.1:50435]
00:46:40.425 [Forwarding sendKeysToElement on session 44d3dfff17fd5586cc610623c8b44b6a to remote] DEBUG org.asynchttpclient.netty.request.NettyRequestSender - Using pooled Channel '[id: 0xcc4a4831, L:/127.0.0.1:49703 - R:localhost/127.0.0.1:50435]' for 'POST' to 'http://localhost:50435/session/44d3dfff17fd5586cc610623c8b44b6a/element/598e0f04-5a5a-49ad-a575-c17f3e1b5822/value'
00:46:40.425 [Forwarding sendKeysToElement on session 44d3dfff17fd5586cc610623c8b44b6a to remote] DEBUG org.asynchttpclient.netty.request.NettyRequestSender - Using open Channel [id: 0xcc4a4831, L:/127.0.0.1:49703 - R:localhost/127.0.0.1:50435] for POST '/session/44d3dfff17fd5586cc610623c8b44b6a/element/598e0f04-5a5a-49ad-a575-c17f3e1b5822/value'
00:46:40.458 [AsyncHttpClient-1-23] DEBUG org.asynchttpclient.netty.handler.HttpHandler - 

Request DefaultHttpRequest(decodeResult: success, version: HTTP/1.1)
POST /session/44d3dfff17fd5586cc610623c8b44b6a/element/598e0f04-5a5a-49ad-a575-c17f3e1b5822/value HTTP/1.1
User-Agent: selenium/4.1.2 (java windows)
Content-Length: 151
Content-Type: application/json; charset=utf-8
host: localhost:50435
accept: */*

Response DefaultHttpResponse(decodeResult: success, version: HTTP/1.1)
HTTP/1.1 200 OK
Content-Type: application/json; charset=utf-8
cache-control: no-cache
content-length: 14

00:46:40.458 [AsyncHttpClient-1-23] DEBUG org.asynchttpclient.netty.channel.ChannelManager - Adding key: http://localhost:50435 for channel [id: 0xcc4a4831, L:/127.0.0.1:49703 - R:localhost/127.0.0.1:50435]
00:46:40.461 [Forwarding screenshot on session 44d3dfff17fd5586cc610623c8b44b6a to remote] DEBUG org.asynchttpclient.netty.request.NettyRequestSender - Using pooled Channel '[id: 0xcc4a4831, L:/127.0.0.1:49703 - R:localhost/127.0.0.1:50435]' for 'GET' to 'http://localhost:50435/session/44d3dfff17fd5586cc610623c8b44b6a/screenshot'
00:46:40.461 [Forwarding screenshot on session 44d3dfff17fd5586cc610623c8b44b6a to remote] DEBUG org.asynchttpclient.netty.request.NettyRequestSender - Using open Channel [id: 0xcc4a4831, L:/127.0.0.1:49703 - R:localhost/127.0.0.1:50435] for GET '/session/44d3dfff17fd5586cc610623c8b44b6a/screenshot'
00:46:40.695 [AsyncHttpClient-1-23] DEBUG org.asynchttpclient.netty.handler.HttpHandler - 

Request DefaultFullHttpRequest(decodeResult: success, version: HTTP/1.1, content: EmptyByteBufBE)
GET /session/44d3dfff17fd5586cc610623c8b44b6a/screenshot HTTP/1.1
User-Agent: selenium/4.1.2 (java windows)
Cache-Control: no-cache
Content-Type: application/json; charset=utf-8
host: localhost:50435
accept: */*

Response DefaultHttpResponse(decodeResult: success, version: HTTP/1.1)
HTTP/1.1 200 OK
Content-Type: application/json; charset=utf-8
cache-control: no-cache
content-length: 573184

00:46:40.696 [AsyncHttpClient-1-23] DEBUG org.asynchttpclient.netty.channel.ChannelManager - Adding key: http://localhost:50435 for channel [id: 0xcc4a4831, L:/127.0.0.1:49703 - R:localhost/127.0.0.1:50435]
00:46:40.703 [main] DEBUG net.serenitybdd.core.photography.Darkroom - Send negative for processing for target\site\serenity\f77c054aa6a666f419ab49e776fdfb7fc10c7c59289c58aa7b77a3e2461e450a.png
00:46:40.703 [main] DEBUG net.thucydides.core.steps.StepInterceptor - STEP DONE: inputusername
  &amp#27;[32mWhen &amp#27;[0m&amp#27;[32madmin input valid ussername&amp#27;[0m                                        &amp#27;[90m# starter.definitions.LoginSteps.adminInputValidUssername()&amp#27;[0m
00:46:40.711 [main] DEBUG net.thucydides.core.steps.StepInterceptor - STARTING STEP: LoginSteps.adminInputValidPassword - inputPassword
00:46:40.712 [Forwarding findElement on session 44d3dfff17fd5586cc610623c8b44b6a to remote] DEBUG org.asynchttpclient.netty.request.NettyRequestSender - Using pooled Channel '[id: 0xcc4a4831, L:/127.0.0.1:49703 - R:localhost/127.0.0.1:50435]' for 'POST' to 'http://localhost:50435/session/44d3dfff17fd5586cc610623c8b44b6a/element'
00:46:40.712 [Forwarding findElement on session 44d3dfff17fd5586cc610623c8b44b6a to remote] DEBUG org.asynchttpclient.netty.request.NettyRequestSender - Using open Channel [id: 0xcc4a4831, L:/127.0.0.1:49703 - R:localhost/127.0.0.1:50435] for POST '/session/44d3dfff17fd5586cc610623c8b44b6a/element'
00:46:40.718 [AsyncHttpClient-1-23] DEBUG org.asynchttpclient.netty.handler.HttpHandler - 

Request DefaultHttpRequest(decodeResult: success, version: HTTP/1.1)
POST /session/44d3dfff17fd5586cc610623c8b44b6a/element HTTP/1.1
User-Agent: selenium/4.1.2 (java windows)
Content-Length: 92
Content-Type: application/json; charset=utf-8
host: localhost:50435
accept: */*

Response DefaultHttpResponse(decodeResult: success, version: HTTP/1.1)
HTTP/1.1 200 OK
Content-Type: application/json; charset=utf-8
cache-control: no-cache
content-length: 88

00:46:40.718 [AsyncHttpClient-1-23] DEBUG org.asynchttpclient.netty.channel.ChannelManager - Adding key: http://localhost:50435 for channel [id: 0xcc4a4831, L:/127.0.0.1:49703 - R:localhost/127.0.0.1:50435]
00:46:40.719 [Forwarding clearElement on session 44d3dfff17fd5586cc610623c8b44b6a to remote] DEBUG org.asynchttpclient.netty.request.NettyRequestSender - Using pooled Channel '[id: 0xcc4a4831, L:/127.0.0.1:49703 - R:localhost/127.0.0.1:50435]' for 'POST' to 'http://localhost:50435/session/44d3dfff17fd5586cc610623c8b44b6a/element/846a6ce2-bb0c-46f4-be9e-bd9815530347/clear'
00:46:40.719 [Forwarding clearElement on session 44d3dfff17fd5586cc610623c8b44b6a to remote] DEBUG org.asynchttpclient.netty.request.NettyRequestSender - Using open Channel [id: 0xcc4a4831, L:/127.0.0.1:49703 - R:localhost/127.0.0.1:50435] for POST '/session/44d3dfff17fd5586cc610623c8b44b6a/element/846a6ce2-bb0c-46f4-be9e-bd9815530347/clear'
00:46:40.735 [AsyncHttpClient-1-23] DEBUG org.asynchttpclient.netty.handler.HttpHandler - 

Request DefaultHttpRequest(decodeResult: success, version: HTTP/1.1)
POST /session/44d3dfff17fd5586cc610623c8b44b6a/element/846a6ce2-bb0c-46f4-be9e-bd9815530347/clear HTTP/1.1
User-Agent: selenium/4.1.2 (java windows)
Content-Length: 50
Content-Type: application/json; charset=utf-8
host: localhost:50435
accept: */*

Response DefaultHttpResponse(decodeResult: success, version: HTTP/1.1)
HTTP/1.1 200 OK
Content-Type: application/json; charset=utf-8
cache-control: no-cache
content-length: 14

00:46:40.735 [AsyncHttpClient-1-23] DEBUG org.asynchttpclient.netty.channel.ChannelManager - Adding key: http://localhost:50435 for channel [id: 0xcc4a4831, L:/127.0.0.1:49703 - R:localhost/127.0.0.1:50435]
00:46:40.737 [Forwarding sendKeysToElement on session 44d3dfff17fd5586cc610623c8b44b6a to remote] DEBUG org.asynchttpclient.netty.request.NettyRequestSender - Using pooled Channel '[id: 0xcc4a4831, L:/127.0.0.1:49703 - R:localhost/127.0.0.1:50435]' for 'POST' to 'http://localhost:50435/session/44d3dfff17fd5586cc610623c8b44b6a/element/846a6ce2-bb0c-46f4-be9e-bd9815530347/value'
00:46:40.737 [Forwarding sendKeysToElement on session 44d3dfff17fd5586cc610623c8b44b6a to remote] DEBUG org.asynchttpclient.netty.request.NettyRequestSender - Using open Channel [id: 0xcc4a4831, L:/127.0.0.1:49703 - R:localhost/127.0.0.1:50435] for POST '/session/44d3dfff17fd5586cc610623c8b44b6a/element/846a6ce2-bb0c-46f4-be9e-bd9815530347/value'
00:46:40.793 [AsyncHttpClient-1-23] DEBUG org.asynchttpclient.netty.handler.HttpHandler - 

Request DefaultHttpRequest(decodeResult: success, version: HTTP/1.1)
POST /session/44d3dfff17fd5586cc610623c8b44b6a/element/846a6ce2-bb0c-46f4-be9e-bd9815530347/value HTTP/1.1
User-Agent: selenium/4.1.2 (java windows)
Content-Length: 291
Content-Type: application/json; charset=utf-8
host: localhost:50435
accept: */*

Response DefaultHttpResponse(decodeResult: success, version: HTTP/1.1)
HTTP/1.1 200 OK
Content-Type: application/json; charset=utf-8
cache-control: no-cache
content-length: 14

00:46:40.793 [AsyncHttpClient-1-23] DEBUG org.asynchttpclient.netty.channel.ChannelManager - Adding key: http://localhost:50435 for channel [id: 0xcc4a4831, L:/127.0.0.1:49703 - R:localhost/127.0.0.1:50435]
00:46:40.797 [Forwarding screenshot on session 44d3dfff17fd5586cc610623c8b44b6a to remote] DEBUG org.asynchttpclient.netty.request.NettyRequestSender - Using pooled Channel '[id: 0xcc4a4831, L:/127.0.0.1:49703 - R:localhost/127.0.0.1:50435]' for 'GET' to 'http://localhost:50435/session/44d3dfff17fd5586cc610623c8b44b6a/screenshot'
00:46:40.797 [Forwarding screenshot on session 44d3dfff17fd5586cc610623c8b44b6a to remote] DEBUG org.asynchttpclient.netty.request.NettyRequestSender - Using open Channel [id: 0xcc4a4831, L:/127.0.0.1:49703 - R:localhost/127.0.0.1:50435] for GET '/session/44d3dfff17fd5586cc610623c8b44b6a/screenshot'
00:46:41.028 [AsyncHttpClient-1-23] DEBUG org.asynchttpclient.netty.handler.HttpHandler - 

Request DefaultFullHttpRequest(decodeResult: success, version: HTTP/1.1, content: EmptyByteBufBE)
GET /session/44d3dfff17fd5586cc610623c8b44b6a/screenshot HTTP/1.1
User-Agent: selenium/4.1.2 (java windows)
Cache-Control: no-cache
Content-Type: application/json; charset=utf-8
host: localhost:50435
accept: */*

Response DefaultHttpResponse(decodeResult: success, version: HTTP/1.1)
HTTP/1.1 200 OK
Content-Type: application/json; charset=utf-8
cache-control: no-cache
content-length: 569460

00:46:41.029 [AsyncHttpClient-1-23] DEBUG org.asynchttpclient.netty.channel.ChannelManager - Adding key: http://localhost:50435 for channel [id: 0xcc4a4831, L:/127.0.0.1:49703 - R:localhost/127.0.0.1:50435]
00:46:41.036 [main] DEBUG net.serenitybdd.core.photography.Darkroom - Send negative for processing for target\site\serenity\7121c7966e51ed0bee580053fa8354e56400a63fd65cbfa41529dc1e051e1e6a.png
00:46:41.036 [main] DEBUG net.thucydides.core.steps.StepInterceptor - STEP DONE: inputPassword
  &amp#27;[32mAnd &amp#27;[0m&amp#27;[32madmin input valid password&amp#27;[0m                                          &amp#27;[90m# starter.definitions.LoginSteps.adminInputValidPassword()&amp#27;[0m
00:46:41.046 [main] DEBUG net.thucydides.core.steps.StepInterceptor - STARTING STEP: LoginSteps.clickLoginButton - clickloginButton
00:46:41.048 [Forwarding findElement on session 44d3dfff17fd5586cc610623c8b44b6a to remote] DEBUG org.asynchttpclient.netty.request.NettyRequestSender - Using pooled Channel '[id: 0xcc4a4831, L:/127.0.0.1:49703 - R:localhost/127.0.0.1:50435]' for 'POST' to 'http://localhost:50435/session/44d3dfff17fd5586cc610623c8b44b6a/element'
00:46:41.048 [Forwarding findElement on session 44d3dfff17fd5586cc610623c8b44b6a to remote] DEBUG org.asynchttpclient.netty.request.NettyRequestSender - Using open Channel [id: 0xcc4a4831, L:/127.0.0.1:49703 - R:localhost/127.0.0.1:50435] for POST '/session/44d3dfff17fd5586cc610623c8b44b6a/element'
00:46:41.052 [AsyncHttpClient-1-23] DEBUG org.asynchttpclient.netty.handler.HttpHandler - 

Request DefaultHttpRequest(decodeResult: success, version: HTTP/1.1)
POST /session/44d3dfff17fd5586cc610623c8b44b6a/element HTTP/1.1
User-Agent: selenium/4.1.2 (java windows)
Content-Length: 71
Content-Type: application/json; charset=utf-8
host: localhost:50435
accept: */*

Response DefaultHttpResponse(decodeResult: success, version: HTTP/1.1)
HTTP/1.1 200 OK
Content-Type: application/json; charset=utf-8
cache-control: no-cache
content-length: 88

00:46:41.052 [AsyncHttpClient-1-23] DEBUG org.asynchttpclient.netty.channel.ChannelManager - Adding key: http://localhost:50435 for channel [id: 0xcc4a4831, L:/127.0.0.1:49703 - R:localhost/127.0.0.1:50435]
00:46:41.052 [Forwarding getElementTagName on session 44d3dfff17fd5586cc610623c8b44b6a to remote] DEBUG org.asynchttpclient.netty.request.NettyRequestSender - Using pooled Channel '[id: 0xcc4a4831, L:/127.0.0.1:49703 - R:localhost/127.0.0.1:50435]' for 'GET' to 'http://localhost:50435/session/44d3dfff17fd5586cc610623c8b44b6a/element/df78bd37-7bef-4131-a780-dfa917f16a1a/name'
00:46:41.052 [Forwarding getElementTagName on session 44d3dfff17fd5586cc610623c8b44b6a to remote] DEBUG org.asynchttpclient.netty.request.NettyRequestSender - Using open Channel [id: 0xcc4a4831, L:/127.0.0.1:49703 - R:localhost/127.0.0.1:50435] for GET '/session/44d3dfff17fd5586cc610623c8b44b6a/element/df78bd37-7bef-4131-a780-dfa917f16a1a/name'
00:46:41.055 [AsyncHttpClient-1-23] DEBUG org.asynchttpclient.netty.handler.HttpHandler - 

Request DefaultFullHttpRequest(decodeResult: success, version: HTTP/1.1, content: EmptyByteBufBE)
GET /session/44d3dfff17fd5586cc610623c8b44b6a/element/df78bd37-7bef-4131-a780-dfa917f16a1a/name HTTP/1.1
User-Agent: selenium/4.1.2 (java windows)
Cache-Control: no-cache
Content-Type: application/json; charset=utf-8
host: localhost:50435
accept: */*

Response DefaultHttpResponse(decodeResult: success, version: HTTP/1.1)
HTTP/1.1 200 OK
Content-Type: application/json; charset=utf-8
cache-control: no-cache
content-length: 18

00:46:41.055 [AsyncHttpClient-1-23] DEBUG org.asynchttpclient.netty.channel.ChannelManager - Adding key: http://localhost:50435 for channel [id: 0xcc4a4831, L:/127.0.0.1:49703 - R:localhost/127.0.0.1:50435]
00:46:41.055 [Forwarding getElementTagName on session 44d3dfff17fd5586cc610623c8b44b6a to remote] DEBUG org.asynchttpclient.netty.request.NettyRequestSender - Using pooled Channel '[id: 0xcc4a4831, L:/127.0.0.1:49703 - R:localhost/127.0.0.1:50435]' for 'GET' to 'http://localhost:50435/session/44d3dfff17fd5586cc610623c8b44b6a/element/df78bd37-7bef-4131-a780-dfa917f16a1a/name'
00:46:41.055 [Forwarding getElementTagName on session 44d3dfff17fd5586cc610623c8b44b6a to remote] DEBUG org.asynchttpclient.netty.request.NettyRequestSender - Using open Channel [id: 0xcc4a4831, L:/127.0.0.1:49703 - R:localhost/127.0.0.1:50435] for GET '/session/44d3dfff17fd5586cc610623c8b44b6a/element/df78bd37-7bef-4131-a780-dfa917f16a1a/name'
00:46:41.057 [AsyncHttpClient-1-23] DEBUG org.asynchttpclient.netty.handler.HttpHandler - 

Request DefaultFullHttpRequest(decodeResult: success, version: HTTP/1.1, content: EmptyByteBufBE)
GET /session/44d3dfff17fd5586cc610623c8b44b6a/element/df78bd37-7bef-4131-a780-dfa917f16a1a/name HTTP/1.1
User-Agent: selenium/4.1.2 (java windows)
Cache-Control: no-cache
Content-Type: application/json; charset=utf-8
host: localhost:50435
accept: */*

Response DefaultHttpResponse(decodeResult: success, version: HTTP/1.1)
HTTP/1.1 200 OK
Content-Type: application/json; charset=utf-8
cache-control: no-cache
content-length: 18

00:46:41.057 [AsyncHttpClient-1-23] DEBUG org.asynchttpclient.netty.channel.ChannelManager - Adding key: http://localhost:50435 for channel [id: 0xcc4a4831, L:/127.0.0.1:49703 - R:localhost/127.0.0.1:50435]
00:46:41.058 [Forwarding isElementEnabled on session 44d3dfff17fd5586cc610623c8b44b6a to remote] DEBUG org.asynchttpclient.netty.request.NettyRequestSender - Using pooled Channel '[id: 0xcc4a4831, L:/127.0.0.1:49703 - R:localhost/127.0.0.1:50435]' for 'GET' to 'http://localhost:50435/session/44d3dfff17fd5586cc610623c8b44b6a/element/df78bd37-7bef-4131-a780-dfa917f16a1a/enabled'
00:46:41.058 [Forwarding isElementEnabled on session 44d3dfff17fd5586cc610623c8b44b6a to remote] DEBUG org.asynchttpclient.netty.request.NettyRequestSender - Using open Channel [id: 0xcc4a4831, L:/127.0.0.1:49703 - R:localhost/127.0.0.1:50435] for GET '/session/44d3dfff17fd5586cc610623c8b44b6a/element/df78bd37-7bef-4131-a780-dfa917f16a1a/enabled'
00:46:41.062 [AsyncHttpClient-1-23] DEBUG org.asynchttpclient.netty.handler.HttpHandler - 

Request DefaultFullHttpRequest(decodeResult: success, version: HTTP/1.1, content: EmptyByteBufBE)
GET /session/44d3dfff17fd5586cc610623c8b44b6a/element/df78bd37-7bef-4131-a780-dfa917f16a1a/enabled HTTP/1.1
User-Agent: selenium/4.1.2 (java windows)
Cache-Control: no-cache
Content-Type: application/json; charset=utf-8
host: localhost:50435
accept: */*

Response DefaultHttpResponse(decodeResult: success, version: HTTP/1.1)
HTTP/1.1 200 OK
Content-Type: application/json; charset=utf-8
cache-control: no-cache
content-length: 14

00:46:41.062 [AsyncHttpClient-1-23] DEBUG org.asynchttpclient.netty.channel.ChannelManager - Adding key: http://localhost:50435 for channel [id: 0xcc4a4831, L:/127.0.0.1:49703 - R:localhost/127.0.0.1:50435]
00:46:41.063 [Forwarding isElementEnabled on session 44d3dfff17fd5586cc610623c8b44b6a to remote] DEBUG org.asynchttpclient.netty.request.NettyRequestSender - Using pooled Channel '[id: 0xcc4a4831, L:/127.0.0.1:49703 - R:localhost/127.0.0.1:50435]' for 'GET' to 'http://localhost:50435/session/44d3dfff17fd5586cc610623c8b44b6a/element/df78bd37-7bef-4131-a780-dfa917f16a1a/enabled'
00:46:41.063 [Forwarding isElementEnabled on session 44d3dfff17fd5586cc610623c8b44b6a to remote] DEBUG org.asynchttpclient.netty.request.NettyRequestSender - Using open Channel [id: 0xcc4a4831, L:/127.0.0.1:49703 - R:localhost/127.0.0.1:50435] for GET '/session/44d3dfff17fd5586cc610623c8b44b6a/element/df78bd37-7bef-4131-a780-dfa917f16a1a/enabled'
00:46:41.066 [AsyncHttpClient-1-23] DEBUG org.asynchttpclient.netty.handler.HttpHandler - 

Request DefaultFullHttpRequest(decodeResult: success, version: HTTP/1.1, content: EmptyByteBufBE)
GET /session/44d3dfff17fd5586cc610623c8b44b6a/element/df78bd37-7bef-4131-a780-dfa917f16a1a/enabled HTTP/1.1
User-Agent: selenium/4.1.2 (java windows)
Cache-Control: no-cache
Content-Type: application/json; charset=utf-8
host: localhost:50435
accept: */*

Response DefaultHttpResponse(decodeResult: success, version: HTTP/1.1)
HTTP/1.1 200 OK
Content-Type: application/json; charset=utf-8
cache-control: no-cache
content-length: 14

00:46:41.066 [AsyncHttpClient-1-23] DEBUG org.asynchttpclient.netty.channel.ChannelManager - Adding key: http://localhost:50435 for channel [id: 0xcc4a4831, L:/127.0.0.1:49703 - R:localhost/127.0.0.1:50435]
00:46:41.067 [Forwarding findElement on session 44d3dfff17fd5586cc610623c8b44b6a to remote] DEBUG org.asynchttpclient.netty.request.NettyRequestSender - Using pooled Channel '[id: 0xcc4a4831, L:/127.0.0.1:49703 - R:localhost/127.0.0.1:50435]' for 'POST' to 'http://localhost:50435/session/44d3dfff17fd5586cc610623c8b44b6a/element'
00:46:41.067 [Forwarding findElement on session 44d3dfff17fd5586cc610623c8b44b6a to remote] DEBUG org.asynchttpclient.netty.request.NettyRequestSender - Using open Channel [id: 0xcc4a4831, L:/127.0.0.1:49703 - R:localhost/127.0.0.1:50435] for POST '/session/44d3dfff17fd5586cc610623c8b44b6a/element'
00:46:41.070 [AsyncHttpClient-1-23] DEBUG org.asynchttpclient.netty.handler.HttpHandler - 

Request DefaultHttpRequest(decodeResult: success, version: HTTP/1.1)
POST /session/44d3dfff17fd5586cc610623c8b44b6a/element HTTP/1.1
User-Agent: selenium/4.1.2 (java windows)
Content-Length: 71
Content-Type: application/json; charset=utf-8
host: localhost:50435
accept: */*

Response DefaultHttpResponse(decodeResult: success, version: HTTP/1.1)
HTTP/1.1 200 OK
Content-Type: application/json; charset=utf-8
cache-control: no-cache
content-length: 88

00:46:41.070 [AsyncHttpClient-1-23] DEBUG org.asynchttpclient.netty.channel.ChannelManager - Adding key: http://localhost:50435 for channel [id: 0xcc4a4831, L:/127.0.0.1:49703 - R:localhost/127.0.0.1:50435]
00:46:41.071 [Forwarding clickElement on session 44d3dfff17fd5586cc610623c8b44b6a to remote] DEBUG org.asynchttpclient.netty.request.NettyRequestSender - Using pooled Channel '[id: 0xcc4a4831, L:/127.0.0.1:49703 - R:localhost/127.0.0.1:50435]' for 'POST' to 'http://localhost:50435/session/44d3dfff17fd5586cc610623c8b44b6a/element/df78bd37-7bef-4131-a780-dfa917f16a1a/click'
00:46:41.071 [Forwarding clickElement on session 44d3dfff17fd5586cc610623c8b44b6a to remote] DEBUG org.asynchttpclient.netty.request.NettyRequestSender - Using open Channel [id: 0xcc4a4831, L:/127.0.0.1:49703 - R:localhost/127.0.0.1:50435] for POST '/session/44d3dfff17fd5586cc610623c8b44b6a/element/df78bd37-7bef-4131-a780-dfa917f16a1a/click'
00:46:41.086 [AsyncHttpClient-1-1] DEBUG org.asynchttpclient.netty.channel.DefaultChannelPool - Entry count for : http://localhost:49704 : 1
00:46:41.095 [AsyncHttpClient-1-23] DEBUG org.asynchttpclient.netty.handler.HttpHandler - 

Request DefaultHttpRequest(decodeResult: success, version: HTTP/1.1)
POST /session/44d3dfff17fd5586cc610623c8b44b6a/element/df78bd37-7bef-4131-a780-dfa917f16a1a/click HTTP/1.1
User-Agent: selenium/4.1.2 (java windows)
Content-Length: 50
Content-Type: application/json; charset=utf-8
host: localhost:50435
accept: */*

Response DefaultHttpResponse(decodeResult: success, version: HTTP/1.1)
HTTP/1.1 200 OK
Content-Type: application/json; charset=utf-8
cache-control: no-cache
content-length: 14

00:46:41.095 [AsyncHttpClient-1-23] DEBUG org.asynchttpclient.netty.channel.ChannelManager - Adding key: http://localhost:50435 for channel [id: 0xcc4a4831, L:/127.0.0.1:49703 - R:localhost/127.0.0.1:50435]
00:46:41.099 [Forwarding screenshot on session 44d3dfff17fd5586cc610623c8b44b6a to remote] DEBUG org.asynchttpclient.netty.request.NettyRequestSender - Using pooled Channel '[id: 0xcc4a4831, L:/127.0.0.1:49703 - R:localhost/127.0.0.1:50435]' for 'GET' to 'http://localhost:50435/session/44d3dfff17fd5586cc610623c8b44b6a/screenshot'
00:46:41.099 [Forwarding screenshot on session 44d3dfff17fd5586cc610623c8b44b6a to remote] DEBUG org.asynchttpclient.netty.request.NettyRequestSender - Using open Channel [id: 0xcc4a4831, L:/127.0.0.1:49703 - R:localhost/127.0.0.1:50435] for GET '/session/44d3dfff17fd5586cc610623c8b44b6a/screenshot'
00:46:41.333 [AsyncHttpClient-1-23] DEBUG org.asynchttpclient.netty.handler.HttpHandler - 

Request DefaultFullHttpRequest(decodeResult: success, version: HTTP/1.1, content: EmptyByteBufBE)
GET /session/44d3dfff17fd5586cc610623c8b44b6a/screenshot HTTP/1.1
User-Agent: selenium/4.1.2 (java windows)
Cache-Control: no-cache
Content-Type: application/json; charset=utf-8
host: localhost:50435
accept: */*

Response DefaultHttpResponse(decodeResult: success, version: HTTP/1.1)
HTTP/1.1 200 OK
Content-Type: application/json; charset=utf-8
cache-control: no-cache
content-length: 575004

00:46:41.334 [AsyncHttpClient-1-23] DEBUG org.asynchttpclient.netty.channel.ChannelManager - Adding key: http://localhost:50435 for channel [id: 0xcc4a4831, L:/127.0.0.1:49703 - R:localhost/127.0.0.1:50435]
00:46:41.342 [main] DEBUG net.serenitybdd.core.photography.Darkroom - Send negative for processing for target\site\serenity\bdfb3257a55b5f729af578dfc1dc3a5762c89839bea5dc19984e34dd6640fee1.png
00:46:41.343 [main] DEBUG net.thucydides.core.steps.StepInterceptor - STEP DONE: clickloginButton
  &amp#27;[32mAnd &amp#27;[0m&amp#27;[32mclick login button&amp#27;[0m                                                  &amp#27;[90m# starter.definitions.LoginSteps.clickLoginButton()&amp#27;[0m
00:46:41.350 [main] DEBUG net.thucydides.core.steps.StepInterceptor - STARTING STEP: LoginSteps.clickSucsessLogin - sucseslogin
00:46:41.352 [Forwarding findElement on session 44d3dfff17fd5586cc610623c8b44b6a to remote] DEBUG org.asynchttpclient.netty.request.NettyRequestSender - Using pooled Channel '[id: 0xcc4a4831, L:/127.0.0.1:49703 - R:localhost/127.0.0.1:50435]' for 'POST' to 'http://localhost:50435/session/44d3dfff17fd5586cc610623c8b44b6a/element'
00:46:41.352 [Forwarding findElement on session 44d3dfff17fd5586cc610623c8b44b6a to remote] DEBUG org.asynchttpclient.netty.request.NettyRequestSender - Using open Channel [id: 0xcc4a4831, L:/127.0.0.1:49703 - R:localhost/127.0.0.1:50435] for POST '/session/44d3dfff17fd5586cc610623c8b44b6a/element'
00:46:41.662 [AsyncHttpClient-1-23] DEBUG org.asynchttpclient.netty.handler.HttpHandler - 

Request DefaultHttpRequest(decodeResult: success, version: HTTP/1.1)
POST /session/44d3dfff17fd5586cc610623c8b44b6a/element HTTP/1.1
User-Agent: selenium/4.1.2 (java windows)
Content-Length: 79
Content-Type: application/json; charset=utf-8
host: localhost:50435
accept: */*

Response DefaultHttpResponse(decodeResult: success, version: HTTP/1.1)
HTTP/1.1 200 OK
Content-Type: application/json; charset=utf-8
cache-control: no-cache
content-length: 88

00:46:41.662 [AsyncHttpClient-1-23] DEBUG org.asynchttpclient.netty.channel.ChannelManager - Adding key: http://localhost:50435 for channel [id: 0xcc4a4831, L:/127.0.0.1:49703 - R:localhost/127.0.0.1:50435]
00:46:41.663 [Forwarding getElementTagName on session 44d3dfff17fd5586cc610623c8b44b6a to remote] DEBUG org.asynchttpclient.netty.request.NettyRequestSender - Using pooled Channel '[id: 0xcc4a4831, L:/127.0.0.1:49703 - R:localhost/127.0.0.1:50435]' for 'GET' to 'http://localhost:50435/session/44d3dfff17fd5586cc610623c8b44b6a/element/0d8de220-ef5c-44df-bda4-ad94172739fc/name'
00:46:41.663 [Forwarding getElementTagName on session 44d3dfff17fd5586cc610623c8b44b6a to remote] DEBUG org.asynchttpclient.netty.request.NettyRequestSender - Using open Channel [id: 0xcc4a4831, L:/127.0.0.1:49703 - R:localhost/127.0.0.1:50435] for GET '/session/44d3dfff17fd5586cc610623c8b44b6a/element/0d8de220-ef5c-44df-bda4-ad94172739fc/name'
00:46:41.665 [AsyncHttpClient-1-23] DEBUG org.asynchttpclient.netty.handler.HttpHandler - 

Request DefaultFullHttpRequest(decodeResult: success, version: HTTP/1.1, content: EmptyByteBufBE)
GET /session/44d3dfff17fd5586cc610623c8b44b6a/element/0d8de220-ef5c-44df-bda4-ad94172739fc/name HTTP/1.1
User-Agent: selenium/4.1.2 (java windows)
Cache-Control: no-cache
Content-Type: application/json; charset=utf-8
host: localhost:50435
accept: */*

Response DefaultHttpResponse(decodeResult: success, version: HTTP/1.1)
HTTP/1.1 200 OK
Content-Type: application/json; charset=utf-8
cache-control: no-cache
content-length: 18

00:46:41.666 [AsyncHttpClient-1-23] DEBUG org.asynchttpclient.netty.channel.ChannelManager - Adding key: http://localhost:50435 for channel [id: 0xcc4a4831, L:/127.0.0.1:49703 - R:localhost/127.0.0.1:50435]
00:46:41.666 [Forwarding getElementTagName on session 44d3dfff17fd5586cc610623c8b44b6a to remote] DEBUG org.asynchttpclient.netty.request.NettyRequestSender - Using pooled Channel '[id: 0xcc4a4831, L:/127.0.0.1:49703 - R:localhost/127.0.0.1:50435]' for 'GET' to 'http://localhost:50435/session/44d3dfff17fd5586cc610623c8b44b6a/element/0d8de220-ef5c-44df-bda4-ad94172739fc/name'
00:46:41.666 [Forwarding getElementTagName on session 44d3dfff17fd5586cc610623c8b44b6a to remote] DEBUG org.asynchttpclient.netty.request.NettyRequestSender - Using open Channel [id: 0xcc4a4831, L:/127.0.0.1:49703 - R:localhost/127.0.0.1:50435] for GET '/session/44d3dfff17fd5586cc610623c8b44b6a/element/0d8de220-ef5c-44df-bda4-ad94172739fc/name'
00:46:41.668 [AsyncHttpClient-1-23] DEBUG org.asynchttpclient.netty.handler.HttpHandler - 

Request DefaultFullHttpRequest(decodeResult: success, version: HTTP/1.1, content: EmptyByteBufBE)
GET /session/44d3dfff17fd5586cc610623c8b44b6a/element/0d8de220-ef5c-44df-bda4-ad94172739fc/name HTTP/1.1
User-Agent: selenium/4.1.2 (java windows)
Cache-Control: no-cache
Content-Type: application/json; charset=utf-8
host: localhost:50435
accept: */*

Response DefaultHttpResponse(decodeResult: success, version: HTTP/1.1)
HTTP/1.1 200 OK
Content-Type: application/json; charset=utf-8
cache-control: no-cache
content-length: 18

00:46:41.668 [AsyncHttpClient-1-23] DEBUG org.asynchttpclient.netty.channel.ChannelManager - Adding key: http://localhost:50435 for channel [id: 0xcc4a4831, L:/127.0.0.1:49703 - R:localhost/127.0.0.1:50435]
00:46:41.669 [Forwarding isElementEnabled on session 44d3dfff17fd5586cc610623c8b44b6a to remote] DEBUG org.asynchttpclient.netty.request.NettyRequestSender - Using pooled Channel '[id: 0xcc4a4831, L:/127.0.0.1:49703 - R:localhost/127.0.0.1:50435]' for 'GET' to 'http://localhost:50435/session/44d3dfff17fd5586cc610623c8b44b6a/element/0d8de220-ef5c-44df-bda4-ad94172739fc/enabled'
00:46:41.669 [Forwarding isElementEnabled on session 44d3dfff17fd5586cc610623c8b44b6a to remote] DEBUG org.asynchttpclient.netty.request.NettyRequestSender - Using open Channel [id: 0xcc4a4831, L:/127.0.0.1:49703 - R:localhost/127.0.0.1:50435] for GET '/session/44d3dfff17fd5586cc610623c8b44b6a/element/0d8de220-ef5c-44df-bda4-ad94172739fc/enabled'
00:46:41.675 [AsyncHttpClient-1-23] DEBUG org.asynchttpclient.netty.handler.HttpHandler - 

Request DefaultFullHttpRequest(decodeResult: success, version: HTTP/1.1, content: EmptyByteBufBE)
GET /session/44d3dfff17fd5586cc610623c8b44b6a/element/0d8de220-ef5c-44df-bda4-ad94172739fc/enabled HTTP/1.1
User-Agent: selenium/4.1.2 (java windows)
Cache-Control: no-cache
Content-Type: application/json; charset=utf-8
host: localhost:50435
accept: */*

Response DefaultHttpResponse(decodeResult: success, version: HTTP/1.1)
HTTP/1.1 200 OK
Content-Type: application/json; charset=utf-8
cache-control: no-cache
content-length: 14

00:46:41.675 [AsyncHttpClient-1-23] DEBUG org.asynchttpclient.netty.channel.ChannelManager - Adding key: http://localhost:50435 for channel [id: 0xcc4a4831, L:/127.0.0.1:49703 - R:localhost/127.0.0.1:50435]
00:46:41.676 [Forwarding isElementEnabled on session 44d3dfff17fd5586cc610623c8b44b6a to remote] DEBUG org.asynchttpclient.netty.request.NettyRequestSender - Using pooled Channel '[id: 0xcc4a4831, L:/127.0.0.1:49703 - R:localhost/127.0.0.1:50435]' for 'GET' to 'http://localhost:50435/session/44d3dfff17fd5586cc610623c8b44b6a/element/0d8de220-ef5c-44df-bda4-ad94172739fc/enabled'
00:46:41.676 [Forwarding isElementEnabled on session 44d3dfff17fd5586cc610623c8b44b6a to remote] DEBUG org.asynchttpclient.netty.request.NettyRequestSender - Using open Channel [id: 0xcc4a4831, L:/127.0.0.1:49703 - R:localhost/127.0.0.1:50435] for GET '/session/44d3dfff17fd5586cc610623c8b44b6a/element/0d8de220-ef5c-44df-bda4-ad94172739fc/enabled'
00:46:41.678 [AsyncHttpClient-1-23] DEBUG org.asynchttpclient.netty.handler.HttpHandler - 

Request DefaultFullHttpRequest(decodeResult: success, version: HTTP/1.1, content: EmptyByteBufBE)
GET /session/44d3dfff17fd5586cc610623c8b44b6a/element/0d8de220-ef5c-44df-bda4-ad94172739fc/enabled HTTP/1.1
User-Agent: selenium/4.1.2 (java windows)
Cache-Control: no-cache
Content-Type: application/json; charset=utf-8
host: localhost:50435
accept: */*

Response DefaultHttpResponse(decodeResult: success, version: HTTP/1.1)
HTTP/1.1 200 OK
Content-Type: application/json; charset=utf-8
cache-control: no-cache
content-length: 14

00:46:41.678 [AsyncHttpClient-1-23] DEBUG org.asynchttpclient.netty.channel.ChannelManager - Adding key: http://localhost:50435 for channel [id: 0xcc4a4831, L:/127.0.0.1:49703 - R:localhost/127.0.0.1:50435]
00:46:41.679 [Forwarding findElement on session 44d3dfff17fd5586cc610623c8b44b6a to remote] DEBUG org.asynchttpclient.netty.request.NettyRequestSender - Using pooled Channel '[id: 0xcc4a4831, L:/127.0.0.1:49703 - R:localhost/127.0.0.1:50435]' for 'POST' to 'http://localhost:50435/session/44d3dfff17fd5586cc610623c8b44b6a/element'
00:46:41.679 [Forwarding findElement on session 44d3dfff17fd5586cc610623c8b44b6a to remote] DEBUG org.asynchttpclient.netty.request.NettyRequestSender - Using open Channel [id: 0xcc4a4831, L:/127.0.0.1:49703 - R:localhost/127.0.0.1:50435] for POST '/session/44d3dfff17fd5586cc610623c8b44b6a/element'
00:46:41.683 [AsyncHttpClient-1-23] DEBUG org.asynchttpclient.netty.handler.HttpHandler - 

Request DefaultHttpRequest(decodeResult: success, version: HTTP/1.1)
POST /session/44d3dfff17fd5586cc610623c8b44b6a/element HTTP/1.1
User-Agent: selenium/4.1.2 (java windows)
Content-Length: 79
Content-Type: application/json; charset=utf-8
host: localhost:50435
accept: */*

Response DefaultHttpResponse(decodeResult: success, version: HTTP/1.1)
HTTP/1.1 200 OK
Content-Type: application/json; charset=utf-8
cache-control: no-cache
content-length: 88

00:46:41.683 [AsyncHttpClient-1-23] DEBUG org.asynchttpclient.netty.channel.ChannelManager - Adding key: http://localhost:50435 for channel [id: 0xcc4a4831, L:/127.0.0.1:49703 - R:localhost/127.0.0.1:50435]
00:46:41.683 [Forwarding clickElement on session 44d3dfff17fd5586cc610623c8b44b6a to remote] DEBUG org.asynchttpclient.netty.request.NettyRequestSender - Using pooled Channel '[id: 0xcc4a4831, L:/127.0.0.1:49703 - R:localhost/127.0.0.1:50435]' for 'POST' to 'http://localhost:50435/session/44d3dfff17fd5586cc610623c8b44b6a/element/0d8de220-ef5c-44df-bda4-ad94172739fc/click'
00:46:41.683 [Forwarding clickElement on session 44d3dfff17fd5586cc610623c8b44b6a to remote] DEBUG org.asynchttpclient.netty.request.NettyRequestSender - Using open Channel [id: 0xcc4a4831, L:/127.0.0.1:49703 - R:localhost/127.0.0.1:50435] for POST '/session/44d3dfff17fd5586cc610623c8b44b6a/element/0d8de220-ef5c-44df-bda4-ad94172739fc/click'
00:46:41.702 [AsyncHttpClient-1-23] DEBUG org.asynchttpclient.netty.handler.HttpHandler - 

Request DefaultHttpRequest(decodeResult: success, version: HTTP/1.1)
POST /session/44d3dfff17fd5586cc610623c8b44b6a/element/0d8de220-ef5c-44df-bda4-ad94172739fc/click HTTP/1.1
User-Agent: selenium/4.1.2 (java windows)
Content-Length: 50
Content-Type: application/json; charset=utf-8
host: localhost:50435
accept: */*

Response DefaultHttpResponse(decodeResult: success, version: HTTP/1.1)
HTTP/1.1 200 OK
Content-Type: application/json; charset=utf-8
cache-control: no-cache
content-length: 14

00:46:41.702 [AsyncHttpClient-1-23] DEBUG org.asynchttpclient.netty.channel.ChannelManager - Adding key: http://localhost:50435 for channel [id: 0xcc4a4831, L:/127.0.0.1:49703 - R:localhost/127.0.0.1:50435]
00:46:41.706 [Forwarding screenshot on session 44d3dfff17fd5586cc610623c8b44b6a to remote] DEBUG org.asynchttpclient.netty.request.NettyRequestSender - Using pooled Channel '[id: 0xcc4a4831, L:/127.0.0.1:49703 - R:localhost/127.0.0.1:50435]' for 'GET' to 'http://localhost:50435/session/44d3dfff17fd5586cc610623c8b44b6a/screenshot'
00:46:41.706 [Forwarding screenshot on session 44d3dfff17fd5586cc610623c8b44b6a to remote] DEBUG org.asynchttpclient.netty.request.NettyRequestSender - Using open Channel [id: 0xcc4a4831, L:/127.0.0.1:49703 - R:localhost/127.0.0.1:50435] for GET '/session/44d3dfff17fd5586cc610623c8b44b6a/screenshot'
00:46:41.908 [AsyncHttpClient-1-23] DEBUG org.asynchttpclient.netty.handler.HttpHandler - 

Request DefaultFullHttpRequest(decodeResult: success, version: HTTP/1.1, content: EmptyByteBufBE)
GET /session/44d3dfff17fd5586cc610623c8b44b6a/screenshot HTTP/1.1
User-Agent: selenium/4.1.2 (java windows)
Cache-Control: no-cache
Content-Type: application/json; charset=utf-8
host: localhost:50435
accept: */*

Response DefaultHttpResponse(decodeResult: success, version: HTTP/1.1)
HTTP/1.1 200 OK
Content-Type: application/json; charset=utf-8
cache-control: no-cache
content-length: 100244

00:46:41.908 [AsyncHttpClient-1-23] DEBUG org.asynchttpclient.netty.channel.ChannelManager - Adding key: http://localhost:50435 for channel [id: 0xcc4a4831, L:/127.0.0.1:49703 - R:localhost/127.0.0.1:50435]
00:46:41.910 [main] DEBUG net.serenitybdd.core.photography.Darkroom - Send negative for processing for target\site\serenity\7b85e44d70e1d0fd49f506ce01a6a529d1763e5d18ad9bf3286088726bbfdaea.png
00:46:41.910 [main] DEBUG net.thucydides.core.steps.StepInterceptor - STEP DONE: sucseslogin
  &amp#27;[32mAnd &amp#27;[0m&amp#27;[32mclick sucsess login&amp#27;[0m                                                 &amp#27;[90m# starter.definitions.LoginSteps.clickSucsessLogin()&amp#27;[0m
00:46:41.910 [Darkroom Processing Line] DEBUG net.serenitybdd.core.photography.DarkroomProcessingLine - Processing screenshot image in /var/screenshots/screenshot-11910376190619125936
00:46:41.910 [Darkroom Processing Line] DEBUG net.serenitybdd.core.photography.DarkroomProcessingLine - Saving screenshot to target\site\serenity\7b85e44d70e1d0fd49f506ce01a6a529d1763e5d18ad9bf3286088726bbfdaea.png
00:46:41.969 [Forwarding screenshot on session 44d3dfff17fd5586cc610623c8b44b6a to remote] DEBUG org.asynchttpclient.netty.request.NettyRequestSender - Using pooled Channel '[id: 0xcc4a4831, L:/127.0.0.1:49703 - R:localhost/127.0.0.1:50435]' for 'GET' to 'http://localhost:50435/session/44d3dfff17fd5586cc610623c8b44b6a/screenshot'
00:46:41.969 [Forwarding screenshot on session 44d3dfff17fd5586cc610623c8b44b6a to remote] DEBUG org.asynchttpclient.netty.request.NettyRequestSender - Using open Channel [id: 0xcc4a4831, L:/127.0.0.1:49703 - R:localhost/127.0.0.1:50435] for GET '/session/44d3dfff17fd5586cc610623c8b44b6a/screenshot'
00:46:42.186 [AsyncHttpClient-1-23] DEBUG org.asynchttpclient.netty.handler.HttpHandler - 

Request DefaultFullHttpRequest(decodeResult: success, version: HTTP/1.1, content: EmptyByteBufBE)
GET /session/44d3dfff17fd5586cc610623c8b44b6a/screenshot HTTP/1.1
User-Agent: selenium/4.1.2 (java windows)
Cache-Control: no-cache
Content-Type: application/json; charset=utf-8
host: localhost:50435
accept: */*

Response DefaultHttpResponse(decodeResult: success, version: HTTP/1.1)
HTTP/1.1 200 OK
Content-Type: application/json; charset=utf-8
cache-control: no-cache
content-length: 120960

00:46:42.186 [AsyncHttpClient-1-23] DEBUG org.asynchttpclient.netty.channel.ChannelManager - Adding key: http://localhost:50435 for channel [id: 0xcc4a4831, L:/127.0.0.1:49703 - R:localhost/127.0.0.1:50435]
00:46:42.187 [AsyncHttpClient-1-1] DEBUG org.asynchttpclient.netty.channel.DefaultChannelPool - Entry count for : http://localhost:50435 : 1
00:46:42.187 [AsyncHttpClient-1-1] DEBUG org.asynchttpclient.netty.channel.DefaultChannelPool - Entry count for : http://localhost:49704 : 1
00:46:42.188 [main] DEBUG net.serenitybdd.core.photography.Darkroom - Send negative for processing for target\site\serenity\296a181aace603b117abedce22012d71252e87bb51914fb26a25ce2fcd62bdeb.png
00:46:42.188 [main] DEBUG net.thucydides.core.steps.StepInterceptor - STARTING STEP: ContentSteps.adminTheDashboardPage - dashboardpage
00:46:42.189 [Darkroom Processing Line] DEBUG net.serenitybdd.core.photography.DarkroomProcessingLine - Processing screenshot image in /var/screenshots/screenshot-12658742166454039230
00:46:42.189 [Darkroom Processing Line] DEBUG net.serenitybdd.core.photography.DarkroomProcessingLine - Saving screenshot to target\site\serenity\296a181aace603b117abedce22012d71252e87bb51914fb26a25ce2fcd62bdeb.png
00:46:42.189 [Forwarding findElement on session 44d3dfff17fd5586cc610623c8b44b6a to remote] DEBUG org.asynchttpclient.netty.request.NettyRequestSender - Using pooled Channel '[id: 0xcc4a4831, L:/127.0.0.1:49703 - R:localhost/127.0.0.1:50435]' for 'POST' to 'http://localhost:50435/session/44d3dfff17fd5586cc610623c8b44b6a/element'
00:46:42.189 [Forwarding findElement on session 44d3dfff17fd5586cc610623c8b44b6a to remote] DEBUG org.asynchttpclient.netty.request.NettyRequestSender - Using open Channel [id: 0xcc4a4831, L:/127.0.0.1:49703 - R:localhost/127.0.0.1:50435] for POST '/session/44d3dfff17fd5586cc610623c8b44b6a/element'
00:46:42.196 [AsyncHttpClient-1-23] DEBUG org.asynchttpclient.netty.handler.HttpHandler - 

Request DefaultHttpRequest(decodeResult: success, version: HTTP/1.1)
POST /session/44d3dfff17fd5586cc610623c8b44b6a/element HTTP/1.1
User-Agent: selenium/4.1.2 (java windows)
Content-Length: 82
Content-Type: application/json; charset=utf-8
host: localhost:50435
accept: */*

Response DefaultHttpResponse(decodeResult: success, version: HTTP/1.1)
HTTP/1.1 200 OK
Content-Type: application/json; charset=utf-8
cache-control: no-cache
content-length: 88

00:46:42.196 [AsyncHttpClient-1-23] DEBUG org.asynchttpclient.netty.channel.ChannelManager - Adding key: http://localhost:50435 for channel [id: 0xcc4a4831, L:/127.0.0.1:49703 - R:localhost/127.0.0.1:50435]
00:46:42.197 [Forwarding isElementDisplayed on session 44d3dfff17fd5586cc610623c8b44b6a to remote] DEBUG org.asynchttpclient.netty.request.NettyRequestSender - Using pooled Channel '[id: 0xcc4a4831, L:/127.0.0.1:49703 - R:localhost/127.0.0.1:50435]' for 'POST' to 'http://localhost:50435/session/44d3dfff17fd5586cc610623c8b44b6a/execute/sync'
00:46:42.197 [Forwarding isElementDisplayed on session 44d3dfff17fd5586cc610623c8b44b6a to remote] DEBUG org.asynchttpclient.netty.request.NettyRequestSender - Using open Channel [id: 0xcc4a4831, L:/127.0.0.1:49703 - R:localhost/127.0.0.1:50435] for POST '/session/44d3dfff17fd5586cc610623c8b44b6a/execute/sync'
00:46:42.206 [AsyncHttpClient-1-23] DEBUG org.asynchttpclient.netty.handler.HttpHandler - 

Request DefaultHttpRequest(decodeResult: success, version: HTTP/1.1)
POST /session/44d3dfff17fd5586cc610623c8b44b6a/execute/sync HTTP/1.1
User-Agent: selenium/4.1.2 (java windows)
Content-Length: 48780
Content-Type: application/json; charset=utf-8
host: localhost:50435
accept: */*

Response DefaultHttpResponse(decodeResult: success, version: HTTP/1.1)
HTTP/1.1 200 OK
Content-Type: application/json; charset=utf-8
cache-control: no-cache
content-length: 14

00:46:42.206 [AsyncHttpClient-1-23] DEBUG org.asynchttpclient.netty.channel.ChannelManager - Adding key: http://localhost:50435 for channel [id: 0xcc4a4831, L:/127.0.0.1:49703 - R:localhost/127.0.0.1:50435]
00:46:42.209 [main] DEBUG net.thucydides.core.steps.StepInterceptor - STEP DONE: dashboardpage
  &amp#27;[32mGiven &amp#27;[0m&amp#27;[32madmin the dashboard page&amp#27;[0m                                          &amp#27;[90m# starter.definitions.ContentSteps.adminTheDashboardPage()&amp#27;[0m
00:46:42.218 [main] DEBUG net.thucydides.core.steps.StepInterceptor - STARTING STEP: ContentSteps.adminClickContentPage - contentpage
00:46:42.220 [Forwarding findElement on session 44d3dfff17fd5586cc610623c8b44b6a to remote] DEBUG org.asynchttpclient.netty.request.NettyRequestSender - Using pooled Channel '[id: 0xcc4a4831, L:/127.0.0.1:49703 - R:localhost/127.0.0.1:50435]' for 'POST' to 'http://localhost:50435/session/44d3dfff17fd5586cc610623c8b44b6a/element'
00:46:42.220 [Forwarding findElement on session 44d3dfff17fd5586cc610623c8b44b6a to remote] DEBUG org.asynchttpclient.netty.request.NettyRequestSender - Using open Channel [id: 0xcc4a4831, L:/127.0.0.1:49703 - R:localhost/127.0.0.1:50435] for POST '/session/44d3dfff17fd5586cc610623c8b44b6a/element'
00:46:42.670 [AsyncHttpClient-1-23] DEBUG org.asynchttpclient.netty.handler.HttpHandler - 

Request DefaultHttpRequest(decodeResult: success, version: HTTP/1.1)
POST /session/44d3dfff17fd5586cc610623c8b44b6a/element HTTP/1.1
User-Agent: selenium/4.1.2 (java windows)
Content-Length: 119
Content-Type: application/json; charset=utf-8
host: localhost:50435
accept: */*

Response DefaultHttpResponse(decodeResult: success, version: HTTP/1.1)
HTTP/1.1 200 OK
Content-Type: application/json; charset=utf-8
cache-control: no-cache
content-length: 88

00:46:42.670 [AsyncHttpClient-1-23] DEBUG org.asynchttpclient.netty.channel.ChannelManager - Adding key: http://localhost:50435 for channel [id: 0xcc4a4831, L:/127.0.0.1:49703 - R:localhost/127.0.0.1:50435]
00:46:42.672 [Forwarding getElementTagName on session 44d3dfff17fd5586cc610623c8b44b6a to remote] DEBUG org.asynchttpclient.netty.request.NettyRequestSender - Using pooled Channel '[id: 0xcc4a4831, L:/127.0.0.1:49703 - R:localhost/127.0.0.1:50435]' for 'GET' to 'http://localhost:50435/session/44d3dfff17fd5586cc610623c8b44b6a/element/af8d5bb7-46a0-4c3d-b1f1-815d379f7347/name'
00:46:42.672 [Forwarding getElementTagName on session 44d3dfff17fd5586cc610623c8b44b6a to remote] DEBUG org.asynchttpclient.netty.request.NettyRequestSender - Using open Channel [id: 0xcc4a4831, L:/127.0.0.1:49703 - R:localhost/127.0.0.1:50435] for GET '/session/44d3dfff17fd5586cc610623c8b44b6a/element/af8d5bb7-46a0-4c3d-b1f1-815d379f7347/name'
00:46:42.679 [AsyncHttpClient-1-23] DEBUG org.asynchttpclient.netty.handler.HttpHandler - 

Request DefaultFullHttpRequest(decodeResult: success, version: HTTP/1.1, content: EmptyByteBufBE)
GET /session/44d3dfff17fd5586cc610623c8b44b6a/element/af8d5bb7-46a0-4c3d-b1f1-815d379f7347/name HTTP/1.1
User-Agent: selenium/4.1.2 (java windows)
Cache-Control: no-cache
Content-Type: application/json; charset=utf-8
host: localhost:50435
accept: */*

Response DefaultHttpResponse(decodeResult: success, version: HTTP/1.1)
HTTP/1.1 200 OK
Content-Type: application/json; charset=utf-8
cache-control: no-cache
content-length: 15

00:46:42.679 [AsyncHttpClient-1-23] DEBUG org.asynchttpclient.netty.channel.ChannelManager - Adding key: http://localhost:50435 for channel [id: 0xcc4a4831, L:/127.0.0.1:49703 - R:localhost/127.0.0.1:50435]
00:46:42.680 [Forwarding getElementTagName on session 44d3dfff17fd5586cc610623c8b44b6a to remote] DEBUG org.asynchttpclient.netty.request.NettyRequestSender - Using pooled Channel '[id: 0xcc4a4831, L:/127.0.0.1:49703 - R:localhost/127.0.0.1:50435]' for 'GET' to 'http://localhost:50435/session/44d3dfff17fd5586cc610623c8b44b6a/element/af8d5bb7-46a0-4c3d-b1f1-815d379f7347/name'
00:46:42.680 [Forwarding getElementTagName on session 44d3dfff17fd5586cc610623c8b44b6a to remote] DEBUG org.asynchttpclient.netty.request.NettyRequestSender - Using open Channel [id: 0xcc4a4831, L:/127.0.0.1:49703 - R:localhost/127.0.0.1:50435] for GET '/session/44d3dfff17fd5586cc610623c8b44b6a/element/af8d5bb7-46a0-4c3d-b1f1-815d379f7347/name'
00:46:42.681 [AsyncHttpClient-1-23] DEBUG org.asynchttpclient.netty.handler.HttpHandler - 

Request DefaultFullHttpRequest(decodeResult: success, version: HTTP/1.1, content: EmptyByteBufBE)
GET /session/44d3dfff17fd5586cc610623c8b44b6a/element/af8d5bb7-46a0-4c3d-b1f1-815d379f7347/name HTTP/1.1
User-Agent: selenium/4.1.2 (java windows)
Cache-Control: no-cache
Content-Type: application/json; charset=utf-8
host: localhost:50435
accept: */*

Response DefaultHttpResponse(decodeResult: success, version: HTTP/1.1)
HTTP/1.1 200 OK
Content-Type: application/json; charset=utf-8
cache-control: no-cache
content-length: 15

00:46:42.681 [AsyncHttpClient-1-23] DEBUG org.asynchttpclient.netty.channel.ChannelManager - Adding key: http://localhost:50435 for channel [id: 0xcc4a4831, L:/127.0.0.1:49703 - R:localhost/127.0.0.1:50435]
00:46:42.682 [Forwarding findElement on session 44d3dfff17fd5586cc610623c8b44b6a to remote] DEBUG org.asynchttpclient.netty.request.NettyRequestSender - Using pooled Channel '[id: 0xcc4a4831, L:/127.0.0.1:49703 - R:localhost/127.0.0.1:50435]' for 'POST' to 'http://localhost:50435/session/44d3dfff17fd5586cc610623c8b44b6a/element'
00:46:42.682 [Forwarding findElement on session 44d3dfff17fd5586cc610623c8b44b6a to remote] DEBUG org.asynchttpclient.netty.request.NettyRequestSender - Using open Channel [id: 0xcc4a4831, L:/127.0.0.1:49703 - R:localhost/127.0.0.1:50435] for POST '/session/44d3dfff17fd5586cc610623c8b44b6a/element'
00:46:42.686 [AsyncHttpClient-1-23] DEBUG org.asynchttpclient.netty.handler.HttpHandler - 

Request DefaultHttpRequest(decodeResult: success, version: HTTP/1.1)
POST /session/44d3dfff17fd5586cc610623c8b44b6a/element HTTP/1.1
User-Agent: selenium/4.1.2 (java windows)
Content-Length: 119
Content-Type: application/json; charset=utf-8
host: localhost:50435
accept: */*

Response DefaultHttpResponse(decodeResult: success, version: HTTP/1.1)
HTTP/1.1 200 OK
Content-Type: application/json; charset=utf-8
cache-control: no-cache
content-length: 88

00:46:42.686 [AsyncHttpClient-1-23] DEBUG org.asynchttpclient.netty.channel.ChannelManager - Adding key: http://localhost:50435 for channel [id: 0xcc4a4831, L:/127.0.0.1:49703 - R:localhost/127.0.0.1:50435]
00:46:42.686 [Forwarding clickElement on session 44d3dfff17fd5586cc610623c8b44b6a to remote] DEBUG org.asynchttpclient.netty.request.NettyRequestSender - Using pooled Channel '[id: 0xcc4a4831, L:/127.0.0.1:49703 - R:localhost/127.0.0.1:50435]' for 'POST' to 'http://localhost:50435/session/44d3dfff17fd5586cc610623c8b44b6a/element/af8d5bb7-46a0-4c3d-b1f1-815d379f7347/click'
00:46:42.687 [Forwarding clickElement on session 44d3dfff17fd5586cc610623c8b44b6a to remote] DEBUG org.asynchttpclient.netty.request.NettyRequestSender - Using open Channel [id: 0xcc4a4831, L:/127.0.0.1:49703 - R:localhost/127.0.0.1:50435] for POST '/session/44d3dfff17fd5586cc610623c8b44b6a/element/af8d5bb7-46a0-4c3d-b1f1-815d379f7347/click'
00:46:42.719 [AsyncHttpClient-1-23] DEBUG org.asynchttpclient.netty.handler.HttpHandler - 

Request DefaultHttpRequest(decodeResult: success, version: HTTP/1.1)
POST /session/44d3dfff17fd5586cc610623c8b44b6a/element/af8d5bb7-46a0-4c3d-b1f1-815d379f7347/click HTTP/1.1
User-Agent: selenium/4.1.2 (java windows)
Content-Length: 50
Content-Type: application/json; charset=utf-8
host: localhost:50435
accept: */*

Response DefaultHttpResponse(decodeResult: success, version: HTTP/1.1)
HTTP/1.1 200 OK
Content-Type: application/json; charset=utf-8
cache-control: no-cache
content-length: 14

00:46:42.719 [AsyncHttpClient-1-23] DEBUG org.asynchttpclient.netty.channel.ChannelManager - Adding key: http://localhost:50435 for channel [id: 0xcc4a4831, L:/127.0.0.1:49703 - R:localhost/127.0.0.1:50435]
00:46:42.724 [Forwarding screenshot on session 44d3dfff17fd5586cc610623c8b44b6a to remote] DEBUG org.asynchttpclient.netty.request.NettyRequestSender - Using pooled Channel '[id: 0xcc4a4831, L:/127.0.0.1:49703 - R:localhost/127.0.0.1:50435]' for 'GET' to 'http://localhost:50435/session/44d3dfff17fd5586cc610623c8b44b6a/screenshot'
00:46:42.724 [Forwarding screenshot on session 44d3dfff17fd5586cc610623c8b44b6a to remote] DEBUG org.asynchttpclient.netty.request.NettyRequestSender - Using open Channel [id: 0xcc4a4831, L:/127.0.0.1:49703 - R:localhost/127.0.0.1:50435] for GET '/session/44d3dfff17fd5586cc610623c8b44b6a/screenshot'
00:46:42.999 [AsyncHttpClient-1-23] DEBUG org.asynchttpclient.netty.handler.HttpHandler - 

Request DefaultFullHttpRequest(decodeResult: success, version: HTTP/1.1, content: EmptyByteBufBE)
GET /session/44d3dfff17fd5586cc610623c8b44b6a/screenshot HTTP/1.1
User-Agent: selenium/4.1.2 (java windows)
Cache-Control: no-cache
Content-Type: application/json; charset=utf-8
host: localhost:50435
accept: */*

Response DefaultHttpResponse(decodeResult: success, version: HTTP/1.1)
HTTP/1.1 200 OK
Content-Type: application/json; charset=utf-8
cache-control: no-cache
content-length: 112756

00:46:42.999 [AsyncHttpClient-1-23] DEBUG org.asynchttpclient.netty.channel.ChannelManager - Adding key: http://localhost:50435 for channel [id: 0xcc4a4831, L:/127.0.0.1:49703 - R:localhost/127.0.0.1:50435]
00:46:43.001 [main] DEBUG net.serenitybdd.core.photography.Darkroom - Send negative for processing for target\site\serenity\bee28c913680c96aded294145e660b703c96c83bb7aabb5534c84c1851438c90.png
00:46:43.001 [main] DEBUG net.thucydides.core.steps.StepInterceptor - STEP DONE: contentpage
  &amp#27;[32mWhen &amp#27;[0m&amp#27;[32madmin click content page&amp#27;[0m                                           &amp#27;[90m# starter.definitions.ContentSteps.adminClickContentPage()&amp#27;[0m
00:46:43.001 [Darkroom Processing Line] DEBUG net.serenitybdd.core.photography.DarkroomProcessingLine - Processing screenshot image in /var/screenshots/screenshot-4001564271402986353
00:46:43.001 [Darkroom Processing Line] DEBUG net.serenitybdd.core.photography.DarkroomProcessingLine - Saving screenshot to target\site\serenity\bee28c913680c96aded294145e660b703c96c83bb7aabb5534c84c1851438c90.png
00:46:43.009 [main] DEBUG net.thucydides.core.steps.StepInterceptor - STARTING STEP: ContentSteps.adminFillInTheDesiredTitleAndFillLinkAfterThatClickSend - filltitle
00:46:43.010 [Forwarding findElement on session 44d3dfff17fd5586cc610623c8b44b6a to remote] DEBUG org.asynchttpclient.netty.request.NettyRequestSender - Using pooled Channel '[id: 0xcc4a4831, L:/127.0.0.1:49703 - R:localhost/127.0.0.1:50435]' for 'POST' to 'http://localhost:50435/session/44d3dfff17fd5586cc610623c8b44b6a/element'
00:46:43.010 [Forwarding findElement on session 44d3dfff17fd5586cc610623c8b44b6a to remote] DEBUG org.asynchttpclient.netty.request.NettyRequestSender - Using open Channel [id: 0xcc4a4831, L:/127.0.0.1:49703 - R:localhost/127.0.0.1:50435] for POST '/session/44d3dfff17fd5586cc610623c8b44b6a/element'
00:46:43.016 [AsyncHttpClient-1-23] DEBUG org.asynchttpclient.netty.handler.HttpHandler - 

Request DefaultHttpRequest(decodeResult: success, version: HTTP/1.1)
POST /session/44d3dfff17fd5586cc610623c8b44b6a/element HTTP/1.1
User-Agent: selenium/4.1.2 (java windows)
Content-Length: 94
Content-Type: application/json; charset=utf-8
host: localhost:50435
accept: */*

Response DefaultHttpResponse(decodeResult: success, version: HTTP/1.1)
HTTP/1.1 200 OK
Content-Type: application/json; charset=utf-8
cache-control: no-cache
content-length: 88

00:46:43.016 [AsyncHttpClient-1-23] DEBUG org.asynchttpclient.netty.channel.ChannelManager - Adding key: http://localhost:50435 for channel [id: 0xcc4a4831, L:/127.0.0.1:49703 - R:localhost/127.0.0.1:50435]
00:46:43.017 [Forwarding clearElement on session 44d3dfff17fd5586cc610623c8b44b6a to remote] DEBUG org.asynchttpclient.netty.request.NettyRequestSender - Using pooled Channel '[id: 0xcc4a4831, L:/127.0.0.1:49703 - R:localhost/127.0.0.1:50435]' for 'POST' to 'http://localhost:50435/session/44d3dfff17fd5586cc610623c8b44b6a/element/033be393-f321-4faf-bc47-b085e0e8d779/clear'
00:46:43.017 [Forwarding clearElement on session 44d3dfff17fd5586cc610623c8b44b6a to remote] DEBUG org.asynchttpclient.netty.request.NettyRequestSender - Using open Channel [id: 0xcc4a4831, L:/127.0.0.1:49703 - R:localhost/127.0.0.1:50435] for POST '/session/44d3dfff17fd5586cc610623c8b44b6a/element/033be393-f321-4faf-bc47-b085e0e8d779/clear'
00:46:43.033 [AsyncHttpClient-1-23] DEBUG org.asynchttpclient.netty.handler.HttpHandler - 

Request DefaultHttpRequest(decodeResult: success, version: HTTP/1.1)
POST /session/44d3dfff17fd5586cc610623c8b44b6a/element/033be393-f321-4faf-bc47-b085e0e8d779/clear HTTP/1.1
User-Agent: selenium/4.1.2 (java windows)
Content-Length: 50
Content-Type: application/json; charset=utf-8
host: localhost:50435
accept: */*

Response DefaultHttpResponse(decodeResult: success, version: HTTP/1.1)
HTTP/1.1 200 OK
Content-Type: application/json; charset=utf-8
cache-control: no-cache
content-length: 14

00:46:43.033 [AsyncHttpClient-1-23] DEBUG org.asynchttpclient.netty.channel.ChannelManager - Adding key: http://localhost:50435 for channel [id: 0xcc4a4831, L:/127.0.0.1:49703 - R:localhost/127.0.0.1:50435]
00:46:43.034 [Forwarding sendKeysToElement on session 44d3dfff17fd5586cc610623c8b44b6a to remote] DEBUG org.asynchttpclient.netty.request.NettyRequestSender - Using pooled Channel '[id: 0xcc4a4831, L:/127.0.0.1:49703 - R:localhost/127.0.0.1:50435]' for 'POST' to 'http://localhost:50435/session/44d3dfff17fd5586cc610623c8b44b6a/element/033be393-f321-4faf-bc47-b085e0e8d779/value'
00:46:43.034 [Forwarding sendKeysToElement on session 44d3dfff17fd5586cc610623c8b44b6a to remote] DEBUG org.asynchttpclient.netty.request.NettyRequestSender - Using open Channel [id: 0xcc4a4831, L:/127.0.0.1:49703 - R:localhost/127.0.0.1:50435] for POST '/session/44d3dfff17fd5586cc610623c8b44b6a/element/033be393-f321-4faf-bc47-b085e0e8d779/value'
00:46:43.079 [AsyncHttpClient-1-23] DEBUG org.asynchttpclient.netty.handler.HttpHandler - 

Request DefaultHttpRequest(decodeResult: success, version: HTTP/1.1)
POST /session/44d3dfff17fd5586cc610623c8b44b6a/element/033be393-f321-4faf-bc47-b085e0e8d779/value HTTP/1.1
User-Agent: selenium/4.1.2 (java windows)
Content-Length: 261
Content-Type: application/json; charset=utf-8
host: localhost:50435
accept: */*

Response DefaultHttpResponse(decodeResult: success, version: HTTP/1.1)
HTTP/1.1 200 OK
Content-Type: application/json; charset=utf-8
cache-control: no-cache
content-length: 14

00:46:43.079 [AsyncHttpClient-1-23] DEBUG org.asynchttpclient.netty.channel.ChannelManager - Adding key: http://localhost:50435 for channel [id: 0xcc4a4831, L:/127.0.0.1:49703 - R:localhost/127.0.0.1:50435]
00:46:43.082 [Forwarding screenshot on session 44d3dfff17fd5586cc610623c8b44b6a to remote] DEBUG org.asynchttpclient.netty.request.NettyRequestSender - Using pooled Channel '[id: 0xcc4a4831, L:/127.0.0.1:49703 - R:localhost/127.0.0.1:50435]' for 'GET' to 'http://localhost:50435/session/44d3dfff17fd5586cc610623c8b44b6a/screenshot'
00:46:43.082 [Forwarding screenshot on session 44d3dfff17fd5586cc610623c8b44b6a to remote] DEBUG org.asynchttpclient.netty.request.NettyRequestSender - Using open Channel [id: 0xcc4a4831, L:/127.0.0.1:49703 - R:localhost/127.0.0.1:50435] for GET '/session/44d3dfff17fd5586cc610623c8b44b6a/screenshot'
00:46:43.181 [AsyncHttpClient-1-23] DEBUG org.asynchttpclient.netty.handler.HttpHandler - 

Request DefaultFullHttpRequest(decodeResult: success, version: HTTP/1.1, content: EmptyByteBufBE)
GET /session/44d3dfff17fd5586cc610623c8b44b6a/screenshot HTTP/1.1
User-Agent: selenium/4.1.2 (java windows)
Cache-Control: no-cache
Content-Type: application/json; charset=utf-8
host: localhost:50435
accept: */*

Response DefaultHttpResponse(decodeResult: success, version: HTTP/1.1)
HTTP/1.1 200 OK
Content-Type: application/json; charset=utf-8
cache-control: no-cache
content-length: 112220

00:46:43.182 [AsyncHttpClient-1-23] DEBUG org.asynchttpclient.netty.channel.ChannelManager - Adding key: http://localhost:50435 for channel [id: 0xcc4a4831, L:/127.0.0.1:49703 - R:localhost/127.0.0.1:50435]
00:46:43.183 [main] DEBUG net.serenitybdd.core.photography.Darkroom - Send negative for processing for target\site\serenity\65117bca9b964807182eb645dd513d157b4dcca4add602eadf8814a47c8fdd71.png
00:46:43.183 [main] DEBUG net.thucydides.core.steps.StepInterceptor - STEP DONE: filltitle
00:46:43.184 [Darkroom Processing Line] DEBUG net.serenitybdd.core.photography.DarkroomProcessingLine - Processing screenshot image in /var/screenshots/screenshot-7200824176694085854
00:46:43.184 [Darkroom Processing Line] DEBUG net.serenitybdd.core.photography.DarkroomProcessingLine - Saving screenshot to target\site\serenity\65117bca9b964807182eb645dd513d157b4dcca4add602eadf8814a47c8fdd71.png
00:46:43.186 [main] DEBUG net.thucydides.core.steps.StepInterceptor - STARTING STEP: ContentSteps.adminFillInTheDesiredTitleAndFillLinkAfterThatClickSend - filllink
00:46:43.188 [Forwarding findElement on session 44d3dfff17fd5586cc610623c8b44b6a to remote] DEBUG org.asynchttpclient.netty.request.NettyRequestSender - Using pooled Channel '[id: 0xcc4a4831, L:/127.0.0.1:49703 - R:localhost/127.0.0.1:50435]' for 'POST' to 'http://localhost:50435/session/44d3dfff17fd5586cc610623c8b44b6a/element'
00:46:43.188 [Forwarding findElement on session 44d3dfff17fd5586cc610623c8b44b6a to remote] DEBUG org.asynchttpclient.netty.request.NettyRequestSender - Using open Channel [id: 0xcc4a4831, L:/127.0.0.1:49703 - R:localhost/127.0.0.1:50435] for POST '/session/44d3dfff17fd5586cc610623c8b44b6a/element'
00:46:43.194 [AsyncHttpClient-1-23] DEBUG org.asynchttpclient.netty.handler.HttpHandler - 

Request DefaultHttpRequest(decodeResult: success, version: HTTP/1.1)
POST /session/44d3dfff17fd5586cc610623c8b44b6a/element HTTP/1.1
User-Agent: selenium/4.1.2 (java windows)
Content-Length: 104
Content-Type: application/json; charset=utf-8
host: localhost:50435
accept: */*

Response DefaultHttpResponse(decodeResult: success, version: HTTP/1.1)
HTTP/1.1 200 OK
Content-Type: application/json; charset=utf-8
cache-control: no-cache
content-length: 88

00:46:43.194 [AsyncHttpClient-1-23] DEBUG org.asynchttpclient.netty.channel.ChannelManager - Adding key: http://localhost:50435 for channel [id: 0xcc4a4831, L:/127.0.0.1:49703 - R:localhost/127.0.0.1:50435]
00:46:43.195 [Forwarding clearElement on session 44d3dfff17fd5586cc610623c8b44b6a to remote] DEBUG org.asynchttpclient.netty.request.NettyRequestSender - Using pooled Channel '[id: 0xcc4a4831, L:/127.0.0.1:49703 - R:localhost/127.0.0.1:50435]' for 'POST' to 'http://localhost:50435/session/44d3dfff17fd5586cc610623c8b44b6a/element/27078579-c955-46e7-8736-7701bcb7c254/clear'
00:46:43.195 [Forwarding clearElement on session 44d3dfff17fd5586cc610623c8b44b6a to remote] DEBUG org.asynchttpclient.netty.request.NettyRequestSender - Using open Channel [id: 0xcc4a4831, L:/127.0.0.1:49703 - R:localhost/127.0.0.1:50435] for POST '/session/44d3dfff17fd5586cc610623c8b44b6a/element/27078579-c955-46e7-8736-7701bcb7c254/clear'
00:46:43.208 [AsyncHttpClient-1-23] DEBUG org.asynchttpclient.netty.handler.HttpHandler - 

Request DefaultHttpRequest(decodeResult: success, version: HTTP/1.1)
POST /session/44d3dfff17fd5586cc610623c8b44b6a/element/27078579-c955-46e7-8736-7701bcb7c254/clear HTTP/1.1
User-Agent: selenium/4.1.2 (java windows)
Content-Length: 50
Content-Type: application/json; charset=utf-8
host: localhost:50435
accept: */*

Response DefaultHttpResponse(decodeResult: success, version: HTTP/1.1)
HTTP/1.1 200 OK
Content-Type: application/json; charset=utf-8
cache-control: no-cache
content-length: 14

00:46:43.208 [AsyncHttpClient-1-23] DEBUG org.asynchttpclient.netty.channel.ChannelManager - Adding key: http://localhost:50435 for channel [id: 0xcc4a4831, L:/127.0.0.1:49703 - R:localhost/127.0.0.1:50435]
00:46:43.209 [Forwarding sendKeysToElement on session 44d3dfff17fd5586cc610623c8b44b6a to remote] DEBUG org.asynchttpclient.netty.request.NettyRequestSender - Using pooled Channel '[id: 0xcc4a4831, L:/127.0.0.1:49703 - R:localhost/127.0.0.1:50435]' for 'POST' to 'http://localhost:50435/session/44d3dfff17fd5586cc610623c8b44b6a/element/27078579-c955-46e7-8736-7701bcb7c254/value'
00:46:43.209 [Forwarding sendKeysToElement on session 44d3dfff17fd5586cc610623c8b44b6a to remote] DEBUG org.asynchttpclient.netty.request.NettyRequestSender - Using open Channel [id: 0xcc4a4831, L:/127.0.0.1:49703 - R:localhost/127.0.0.1:50435] for POST '/session/44d3dfff17fd5586cc610623c8b44b6a/element/27078579-c955-46e7-8736-7701bcb7c254/value'
00:46:43.279 [AsyncHttpClient-1-23] DEBUG org.asynchttpclient.netty.handler.HttpHandler - 

Request DefaultHttpRequest(decodeResult: success, version: HTTP/1.1)
POST /session/44d3dfff17fd5586cc610623c8b44b6a/element/27078579-c955-46e7-8736-7701bcb7c254/value HTTP/1.1
User-Agent: selenium/4.1.2 (java windows)
Content-Length: 541
Content-Type: application/json; charset=utf-8
host: localhost:50435
accept: */*

Response DefaultHttpResponse(decodeResult: success, version: HTTP/1.1)
HTTP/1.1 200 OK
Content-Type: application/json; charset=utf-8
cache-control: no-cache
content-length: 14

00:46:43.279 [AsyncHttpClient-1-23] DEBUG org.asynchttpclient.netty.channel.ChannelManager - Adding key: http://localhost:50435 for channel [id: 0xcc4a4831, L:/127.0.0.1:49703 - R:localhost/127.0.0.1:50435]
00:46:43.282 [Forwarding screenshot on session 44d3dfff17fd5586cc610623c8b44b6a to remote] DEBUG org.asynchttpclient.netty.request.NettyRequestSender - Using pooled Channel '[id: 0xcc4a4831, L:/127.0.0.1:49703 - R:localhost/127.0.0.1:50435]' for 'GET' to 'http://localhost:50435/session/44d3dfff17fd5586cc610623c8b44b6a/screenshot'
00:46:43.282 [Forwarding screenshot on session 44d3dfff17fd5586cc610623c8b44b6a to remote] DEBUG org.asynchttpclient.netty.request.NettyRequestSender - Using open Channel [id: 0xcc4a4831, L:/127.0.0.1:49703 - R:localhost/127.0.0.1:50435] for GET '/session/44d3dfff17fd5586cc610623c8b44b6a/screenshot'
00:46:43.286 [AsyncHttpClient-1-1] DEBUG org.asynchttpclient.netty.channel.DefaultChannelPool - Entry count for : http://localhost:49704 : 1
00:46:43.386 [AsyncHttpClient-1-23] DEBUG org.asynchttpclient.netty.handler.HttpHandler - 

Request DefaultFullHttpRequest(decodeResult: success, version: HTTP/1.1, content: EmptyByteBufBE)
GET /session/44d3dfff17fd5586cc610623c8b44b6a/screenshot HTTP/1.1
User-Agent: selenium/4.1.2 (java windows)
Cache-Control: no-cache
Content-Type: application/json; charset=utf-8
host: localhost:50435
accept: */*

Response DefaultHttpResponse(decodeResult: success, version: HTTP/1.1)
HTTP/1.1 200 OK
Content-Type: application/json; charset=utf-8
cache-control: no-cache
content-length: 115856

00:46:43.386 [AsyncHttpClient-1-23] DEBUG org.asynchttpclient.netty.channel.ChannelManager - Adding key: http://localhost:50435 for channel [id: 0xcc4a4831, L:/127.0.0.1:49703 - R:localhost/127.0.0.1:50435]
00:46:43.388 [main] DEBUG net.serenitybdd.core.photography.Darkroom - Send negative for processing for target\site\serenity\b3f0f9d07cd47519bd8d15d7777438f757befc8778ddf17a06ee972964cd3da3.png
00:46:43.388 [main] DEBUG net.thucydides.core.steps.StepInterceptor - STEP DONE: filllink
  &amp#27;[32mAnd &amp#27;[0m&amp#27;[32madmin fill in the desired title and fill link after that click send&amp#27;[0m &amp#27;[90m# starter.definitions.ContentSteps.adminFillInTheDesiredTitleAndFillLinkAfterThatClickSend()&amp#27;[0m
00:46:43.388 [Darkroom Processing Line] DEBUG net.serenitybdd.core.photography.DarkroomProcessingLine - Processing screenshot image in /var/screenshots/screenshot-9218861259667278247
00:46:43.388 [Darkroom Processing Line] DEBUG net.serenitybdd.core.photography.DarkroomProcessingLine - Saving screenshot to target\site\serenity\b3f0f9d07cd47519bd8d15d7777438f757befc8778ddf17a06ee972964cd3da3.png
00:46:43.395 [main] DEBUG net.thucydides.core.steps.StepInterceptor - STARTING STEP: ContentSteps.adminSucsessSendTheContent - contentsend
00:46:43.397 [Forwarding findElement on session 44d3dfff17fd5586cc610623c8b44b6a to remote] DEBUG org.asynchttpclient.netty.request.NettyRequestSender - Using pooled Channel '[id: 0xcc4a4831, L:/127.0.0.1:49703 - R:localhost/127.0.0.1:50435]' for 'POST' to 'http://localhost:50435/session/44d3dfff17fd5586cc610623c8b44b6a/element'
00:46:43.397 [Forwarding findElement on session 44d3dfff17fd5586cc610623c8b44b6a to remote] DEBUG org.asynchttpclient.netty.request.NettyRequestSender - Using open Channel [id: 0xcc4a4831, L:/127.0.0.1:49703 - R:localhost/127.0.0.1:50435] for POST '/session/44d3dfff17fd5586cc610623c8b44b6a/element'
00:46:43.400 [AsyncHttpClient-1-23] DEBUG org.asynchttpclient.netty.handler.HttpHandler - 

Request DefaultHttpRequest(decodeResult: success, version: HTTP/1.1)
POST /session/44d3dfff17fd5586cc610623c8b44b6a/element HTTP/1.1
User-Agent: selenium/4.1.2 (java windows)
Content-Length: 71
Content-Type: application/json; charset=utf-8
host: localhost:50435
accept: */*

Response DefaultHttpResponse(decodeResult: success, version: HTTP/1.1)
HTTP/1.1 200 OK
Content-Type: application/json; charset=utf-8
cache-control: no-cache
content-length: 88

00:46:43.400 [AsyncHttpClient-1-23] DEBUG org.asynchttpclient.netty.channel.ChannelManager - Adding key: http://localhost:50435 for channel [id: 0xcc4a4831, L:/127.0.0.1:49703 - R:localhost/127.0.0.1:50435]
00:46:43.401 [Forwarding getElementTagName on session 44d3dfff17fd5586cc610623c8b44b6a to remote] DEBUG org.asynchttpclient.netty.request.NettyRequestSender - Using pooled Channel '[id: 0xcc4a4831, L:/127.0.0.1:49703 - R:localhost/127.0.0.1:50435]' for 'GET' to 'http://localhost:50435/session/44d3dfff17fd5586cc610623c8b44b6a/element/7a8d1989-cef7-43b0-a8f9-1acee2005f20/name'
00:46:43.401 [Forwarding getElementTagName on session 44d3dfff17fd5586cc610623c8b44b6a to remote] DEBUG org.asynchttpclient.netty.request.NettyRequestSender - Using open Channel [id: 0xcc4a4831, L:/127.0.0.1:49703 - R:localhost/127.0.0.1:50435] for GET '/session/44d3dfff17fd5586cc610623c8b44b6a/element/7a8d1989-cef7-43b0-a8f9-1acee2005f20/name'
00:46:43.403 [AsyncHttpClient-1-23] DEBUG org.asynchttpclient.netty.handler.HttpHandler - 

Request DefaultFullHttpRequest(decodeResult: success, version: HTTP/1.1, content: EmptyByteBufBE)
GET /session/44d3dfff17fd5586cc610623c8b44b6a/element/7a8d1989-cef7-43b0-a8f9-1acee2005f20/name HTTP/1.1
User-Agent: selenium/4.1.2 (java windows)
Cache-Control: no-cache
Content-Type: application/json; charset=utf-8
host: localhost:50435
accept: */*

Response DefaultHttpResponse(decodeResult: success, version: HTTP/1.1)
HTTP/1.1 200 OK
Content-Type: application/json; charset=utf-8
cache-control: no-cache
content-length: 18

00:46:43.403 [AsyncHttpClient-1-23] DEBUG org.asynchttpclient.netty.channel.ChannelManager - Adding key: http://localhost:50435 for channel [id: 0xcc4a4831, L:/127.0.0.1:49703 - R:localhost/127.0.0.1:50435]
00:46:43.403 [Forwarding getElementTagName on session 44d3dfff17fd5586cc610623c8b44b6a to remote] DEBUG org.asynchttpclient.netty.request.NettyRequestSender - Using pooled Channel '[id: 0xcc4a4831, L:/127.0.0.1:49703 - R:localhost/127.0.0.1:50435]' for 'GET' to 'http://localhost:50435/session/44d3dfff17fd5586cc610623c8b44b6a/element/7a8d1989-cef7-43b0-a8f9-1acee2005f20/name'
00:46:43.403 [Forwarding getElementTagName on session 44d3dfff17fd5586cc610623c8b44b6a to remote] DEBUG org.asynchttpclient.netty.request.NettyRequestSender - Using open Channel [id: 0xcc4a4831, L:/127.0.0.1:49703 - R:localhost/127.0.0.1:50435] for GET '/session/44d3dfff17fd5586cc610623c8b44b6a/element/7a8d1989-cef7-43b0-a8f9-1acee2005f20/name'
00:46:43.405 [AsyncHttpClient-1-23] DEBUG org.asynchttpclient.netty.handler.HttpHandler - 

Request DefaultFullHttpRequest(decodeResult: success, version: HTTP/1.1, content: EmptyByteBufBE)
GET /session/44d3dfff17fd5586cc610623c8b44b6a/element/7a8d1989-cef7-43b0-a8f9-1acee2005f20/name HTTP/1.1
User-Agent: selenium/4.1.2 (java windows)
Cache-Control: no-cache
Content-Type: application/json; charset=utf-8
host: localhost:50435
accept: */*

Response DefaultHttpResponse(decodeResult: success, version: HTTP/1.1)
HTTP/1.1 200 OK
Content-Type: application/json; charset=utf-8
cache-control: no-cache
content-length: 18

00:46:43.405 [AsyncHttpClient-1-23] DEBUG org.asynchttpclient.netty.channel.ChannelManager - Adding key: http://localhost:50435 for channel [id: 0xcc4a4831, L:/127.0.0.1:49703 - R:localhost/127.0.0.1:50435]
00:46:43.406 [Forwarding isElementEnabled on session 44d3dfff17fd5586cc610623c8b44b6a to remote] DEBUG org.asynchttpclient.netty.request.NettyRequestSender - Using pooled Channel '[id: 0xcc4a4831, L:/127.0.0.1:49703 - R:localhost/127.0.0.1:50435]' for 'GET' to 'http://localhost:50435/session/44d3dfff17fd5586cc610623c8b44b6a/element/7a8d1989-cef7-43b0-a8f9-1acee2005f20/enabled'
00:46:43.406 [Forwarding isElementEnabled on session 44d3dfff17fd5586cc610623c8b44b6a to remote] DEBUG org.asynchttpclient.netty.request.NettyRequestSender - Using open Channel [id: 0xcc4a4831, L:/127.0.0.1:49703 - R:localhost/127.0.0.1:50435] for GET '/session/44d3dfff17fd5586cc610623c8b44b6a/element/7a8d1989-cef7-43b0-a8f9-1acee2005f20/enabled'
00:46:43.410 [AsyncHttpClient-1-23] DEBUG org.asynchttpclient.netty.handler.HttpHandler - 

Request DefaultFullHttpRequest(decodeResult: success, version: HTTP/1.1, content: EmptyByteBufBE)
GET /session/44d3dfff17fd5586cc610623c8b44b6a/element/7a8d1989-cef7-43b0-a8f9-1acee2005f20/enabled HTTP/1.1
User-Agent: selenium/4.1.2 (java windows)
Cache-Control: no-cache
Content-Type: application/json; charset=utf-8
host: localhost:50435
accept: */*

Response DefaultHttpResponse(decodeResult: success, version: HTTP/1.1)
HTTP/1.1 200 OK
Content-Type: application/json; charset=utf-8
cache-control: no-cache
content-length: 14

00:46:43.410 [AsyncHttpClient-1-23] DEBUG org.asynchttpclient.netty.channel.ChannelManager - Adding key: http://localhost:50435 for channel [id: 0xcc4a4831, L:/127.0.0.1:49703 - R:localhost/127.0.0.1:50435]
00:46:43.410 [Forwarding isElementEnabled on session 44d3dfff17fd5586cc610623c8b44b6a to remote] DEBUG org.asynchttpclient.netty.request.NettyRequestSender - Using pooled Channel '[id: 0xcc4a4831, L:/127.0.0.1:49703 - R:localhost/127.0.0.1:50435]' for 'GET' to 'http://localhost:50435/session/44d3dfff17fd5586cc610623c8b44b6a/element/7a8d1989-cef7-43b0-a8f9-1acee2005f20/enabled'
00:46:43.410 [Forwarding isElementEnabled on session 44d3dfff17fd5586cc610623c8b44b6a to remote] DEBUG org.asynchttpclient.netty.request.NettyRequestSender - Using open Channel [id: 0xcc4a4831, L:/127.0.0.1:49703 - R:localhost/127.0.0.1:50435] for GET '/session/44d3dfff17fd5586cc610623c8b44b6a/element/7a8d1989-cef7-43b0-a8f9-1acee2005f20/enabled'
00:46:43.413 [AsyncHttpClient-1-23] DEBUG org.asynchttpclient.netty.handler.HttpHandler - 

Request DefaultFullHttpRequest(decodeResult: success, version: HTTP/1.1, content: EmptyByteBufBE)
GET /session/44d3dfff17fd5586cc610623c8b44b6a/element/7a8d1989-cef7-43b0-a8f9-1acee2005f20/enabled HTTP/1.1
User-Agent: selenium/4.1.2 (java windows)
Cache-Control: no-cache
Content-Type: application/json; charset=utf-8
host: localhost:50435
accept: */*

Response DefaultHttpResponse(decodeResult: success, version: HTTP/1.1)
HTTP/1.1 200 OK
Content-Type: application/json; charset=utf-8
cache-control: no-cache
content-length: 14

00:46:43.413 [AsyncHttpClient-1-23] DEBUG org.asynchttpclient.netty.channel.ChannelManager - Adding key: http://localhost:50435 for channel [id: 0xcc4a4831, L:/127.0.0.1:49703 - R:localhost/127.0.0.1:50435]
00:46:43.413 [Forwarding findElement on session 44d3dfff17fd5586cc610623c8b44b6a to remote] DEBUG org.asynchttpclient.netty.request.NettyRequestSender - Using pooled Channel '[id: 0xcc4a4831, L:/127.0.0.1:49703 - R:localhost/127.0.0.1:50435]' for 'POST' to 'http://localhost:50435/session/44d3dfff17fd5586cc610623c8b44b6a/element'
00:46:43.414 [Forwarding findElement on session 44d3dfff17fd5586cc610623c8b44b6a to remote] DEBUG org.asynchttpclient.netty.request.NettyRequestSender - Using open Channel [id: 0xcc4a4831, L:/127.0.0.1:49703 - R:localhost/127.0.0.1:50435] for POST '/session/44d3dfff17fd5586cc610623c8b44b6a/element'
00:46:43.416 [AsyncHttpClient-1-23] DEBUG org.asynchttpclient.netty.handler.HttpHandler - 

Request DefaultHttpRequest(decodeResult: success, version: HTTP/1.1)
POST /session/44d3dfff17fd5586cc610623c8b44b6a/element HTTP/1.1
User-Agent: selenium/4.1.2 (java windows)
Content-Length: 71
Content-Type: application/json; charset=utf-8
host: localhost:50435
accept: */*

Response DefaultHttpResponse(decodeResult: success, version: HTTP/1.1)
HTTP/1.1 200 OK
Content-Type: application/json; charset=utf-8
cache-control: no-cache
content-length: 88

00:46:43.417 [AsyncHttpClient-1-23] DEBUG org.asynchttpclient.netty.channel.ChannelManager - Adding key: http://localhost:50435 for channel [id: 0xcc4a4831, L:/127.0.0.1:49703 - R:localhost/127.0.0.1:50435]
00:46:43.417 [Forwarding clickElement on session 44d3dfff17fd5586cc610623c8b44b6a to remote] DEBUG org.asynchttpclient.netty.request.NettyRequestSender - Using pooled Channel '[id: 0xcc4a4831, L:/127.0.0.1:49703 - R:localhost/127.0.0.1:50435]' for 'POST' to 'http://localhost:50435/session/44d3dfff17fd5586cc610623c8b44b6a/element/7a8d1989-cef7-43b0-a8f9-1acee2005f20/click'
00:46:43.417 [Forwarding clickElement on session 44d3dfff17fd5586cc610623c8b44b6a to remote] DEBUG org.asynchttpclient.netty.request.NettyRequestSender - Using open Channel [id: 0xcc4a4831, L:/127.0.0.1:49703 - R:localhost/127.0.0.1:50435] for POST '/session/44d3dfff17fd5586cc610623c8b44b6a/element/7a8d1989-cef7-43b0-a8f9-1acee2005f20/click'
00:46:43.440 [AsyncHttpClient-1-23] DEBUG org.asynchttpclient.netty.handler.HttpHandler - 

Request DefaultHttpRequest(decodeResult: success, version: HTTP/1.1)
POST /session/44d3dfff17fd5586cc610623c8b44b6a/element/7a8d1989-cef7-43b0-a8f9-1acee2005f20/click HTTP/1.1
User-Agent: selenium/4.1.2 (java windows)
Content-Length: 50
Content-Type: application/json; charset=utf-8
host: localhost:50435
accept: */*

Response DefaultHttpResponse(decodeResult: success, version: HTTP/1.1)
HTTP/1.1 200 OK
Content-Type: application/json; charset=utf-8
cache-control: no-cache
content-length: 14

00:46:43.440 [AsyncHttpClient-1-23] DEBUG org.asynchttpclient.netty.channel.ChannelManager - Adding key: http://localhost:50435 for channel [id: 0xcc4a4831, L:/127.0.0.1:49703 - R:localhost/127.0.0.1:50435]
00:46:43.443 [Forwarding screenshot on session 44d3dfff17fd5586cc610623c8b44b6a to remote] DEBUG org.asynchttpclient.netty.request.NettyRequestSender - Using pooled Channel '[id: 0xcc4a4831, L:/127.0.0.1:49703 - R:localhost/127.0.0.1:50435]' for 'GET' to 'http://localhost:50435/session/44d3dfff17fd5586cc610623c8b44b6a/screenshot'
00:46:43.443 [Forwarding screenshot on session 44d3dfff17fd5586cc610623c8b44b6a to remote] DEBUG org.asynchttpclient.netty.request.NettyRequestSender - Using open Channel [id: 0xcc4a4831, L:/127.0.0.1:49703 - R:localhost/127.0.0.1:50435] for GET '/session/44d3dfff17fd5586cc610623c8b44b6a/screenshot'
00:46:43.568 [AsyncHttpClient-1-23] DEBUG org.asynchttpclient.netty.handler.HttpHandler - 

Request DefaultFullHttpRequest(decodeResult: success, version: HTTP/1.1, content: EmptyByteBufBE)
GET /session/44d3dfff17fd5586cc610623c8b44b6a/screenshot HTTP/1.1
User-Agent: selenium/4.1.2 (java windows)
Cache-Control: no-cache
Content-Type: application/json; charset=utf-8
host: localhost:50435
accept: */*

Response DefaultHttpResponse(decodeResult: success, version: HTTP/1.1)
HTTP/1.1 200 OK
Content-Type: application/json; charset=utf-8
cache-control: no-cache
content-length: 125856

00:46:43.568 [AsyncHttpClient-1-23] DEBUG org.asynchttpclient.netty.channel.ChannelManager - Adding key: http://localhost:50435 for channel [id: 0xcc4a4831, L:/127.0.0.1:49703 - R:localhost/127.0.0.1:50435]
00:46:43.570 [main] DEBUG net.serenitybdd.core.photography.Darkroom - Send negative for processing for target\site\serenity\571871ba1c9ea7539bcd0edf9b474c9b70a87f20895da195cbd1da34c280fcaa.png
00:46:43.570 [main] DEBUG net.thucydides.core.steps.StepInterceptor - STEP DONE: contentsend
00:46:43.570 [Darkroom Processing Line] DEBUG net.serenitybdd.core.photography.DarkroomProcessingLine - Processing screenshot image in /var/screenshots/screenshot-12546494861361688100
00:46:43.570 [Darkroom Processing Line] DEBUG net.serenitybdd.core.photography.DarkroomProcessingLine - Saving screenshot to target\site\serenity\571871ba1c9ea7539bcd0edf9b474c9b70a87f20895da195cbd1da34c280fcaa.png
00:46:43.574 [main] DEBUG net.thucydides.core.steps.StepInterceptor - STARTING STEP: ContentSteps.adminSucsessSendTheContent - okclick
00:46:43.575 [Forwarding findElement on session 44d3dfff17fd5586cc610623c8b44b6a to remote] DEBUG org.asynchttpclient.netty.request.NettyRequestSender - Using pooled Channel '[id: 0xcc4a4831, L:/127.0.0.1:49703 - R:localhost/127.0.0.1:50435]' for 'POST' to 'http://localhost:50435/session/44d3dfff17fd5586cc610623c8b44b6a/element'
00:46:43.575 [Forwarding findElement on session 44d3dfff17fd5586cc610623c8b44b6a to remote] DEBUG org.asynchttpclient.netty.request.NettyRequestSender - Using open Channel [id: 0xcc4a4831, L:/127.0.0.1:49703 - R:localhost/127.0.0.1:50435] for POST '/session/44d3dfff17fd5586cc610623c8b44b6a/element'
00:46:43.581 [AsyncHttpClient-1-23] DEBUG org.asynchttpclient.netty.handler.HttpHandler - 

Request DefaultHttpRequest(decodeResult: success, version: HTTP/1.1)
POST /session/44d3dfff17fd5586cc610623c8b44b6a/element HTTP/1.1
User-Agent: selenium/4.1.2 (java windows)
Content-Length: 90
Content-Type: application/json; charset=utf-8
host: localhost:50435
accept: */*

Response DefaultHttpResponse(decodeResult: success, version: HTTP/1.1)
HTTP/1.1 200 OK
Content-Type: application/json; charset=utf-8
cache-control: no-cache
content-length: 88

00:46:43.581 [AsyncHttpClient-1-23] DEBUG org.asynchttpclient.netty.channel.ChannelManager - Adding key: http://localhost:50435 for channel [id: 0xcc4a4831, L:/127.0.0.1:49703 - R:localhost/127.0.0.1:50435]
00:46:43.582 [Forwarding getElementTagName on session 44d3dfff17fd5586cc610623c8b44b6a to remote] DEBUG org.asynchttpclient.netty.request.NettyRequestSender - Using pooled Channel '[id: 0xcc4a4831, L:/127.0.0.1:49703 - R:localhost/127.0.0.1:50435]' for 'GET' to 'http://localhost:50435/session/44d3dfff17fd5586cc610623c8b44b6a/element/9ccfe34e-b366-4fb2-a2e0-7d40447ce72a/name'
00:46:43.582 [Forwarding getElementTagName on session 44d3dfff17fd5586cc610623c8b44b6a to remote] DEBUG org.asynchttpclient.netty.request.NettyRequestSender - Using open Channel [id: 0xcc4a4831, L:/127.0.0.1:49703 - R:localhost/127.0.0.1:50435] for GET '/session/44d3dfff17fd5586cc610623c8b44b6a/element/9ccfe34e-b366-4fb2-a2e0-7d40447ce72a/name'
00:46:43.584 [AsyncHttpClient-1-23] DEBUG org.asynchttpclient.netty.handler.HttpHandler - 

Request DefaultFullHttpRequest(decodeResult: success, version: HTTP/1.1, content: EmptyByteBufBE)
GET /session/44d3dfff17fd5586cc610623c8b44b6a/element/9ccfe34e-b366-4fb2-a2e0-7d40447ce72a/name HTTP/1.1
User-Agent: selenium/4.1.2 (java windows)
Cache-Control: no-cache
Content-Type: application/json; charset=utf-8
host: localhost:50435
accept: */*

Response DefaultHttpResponse(decodeResult: success, version: HTTP/1.1)
HTTP/1.1 200 OK
Content-Type: application/json; charset=utf-8
cache-control: no-cache
content-length: 18

00:46:43.584 [AsyncHttpClient-1-23] DEBUG org.asynchttpclient.netty.channel.ChannelManager - Adding key: http://localhost:50435 for channel [id: 0xcc4a4831, L:/127.0.0.1:49703 - R:localhost/127.0.0.1:50435]
00:46:43.584 [Forwarding getElementTagName on session 44d3dfff17fd5586cc610623c8b44b6a to remote] DEBUG org.asynchttpclient.netty.request.NettyRequestSender - Using pooled Channel '[id: 0xcc4a4831, L:/127.0.0.1:49703 - R:localhost/127.0.0.1:50435]' for 'GET' to 'http://localhost:50435/session/44d3dfff17fd5586cc610623c8b44b6a/element/9ccfe34e-b366-4fb2-a2e0-7d40447ce72a/name'
00:46:43.584 [Forwarding getElementTagName on session 44d3dfff17fd5586cc610623c8b44b6a to remote] DEBUG org.asynchttpclient.netty.request.NettyRequestSender - Using open Channel [id: 0xcc4a4831, L:/127.0.0.1:49703 - R:localhost/127.0.0.1:50435] for GET '/session/44d3dfff17fd5586cc610623c8b44b6a/element/9ccfe34e-b366-4fb2-a2e0-7d40447ce72a/name'
00:46:43.585 [AsyncHttpClient-1-23] DEBUG org.asynchttpclient.netty.handler.HttpHandler - 

Request DefaultFullHttpRequest(decodeResult: success, version: HTTP/1.1, content: EmptyByteBufBE)
GET /session/44d3dfff17fd5586cc610623c8b44b6a/element/9ccfe34e-b366-4fb2-a2e0-7d40447ce72a/name HTTP/1.1
User-Agent: selenium/4.1.2 (java windows)
Cache-Control: no-cache
Content-Type: application/json; charset=utf-8
host: localhost:50435
accept: */*

Response DefaultHttpResponse(decodeResult: success, version: HTTP/1.1)
HTTP/1.1 200 OK
Content-Type: application/json; charset=utf-8
cache-control: no-cache
content-length: 18

00:46:43.585 [AsyncHttpClient-1-23] DEBUG org.asynchttpclient.netty.channel.ChannelManager - Adding key: http://localhost:50435 for channel [id: 0xcc4a4831, L:/127.0.0.1:49703 - R:localhost/127.0.0.1:50435]
00:46:43.586 [Forwarding isElementEnabled on session 44d3dfff17fd5586cc610623c8b44b6a to remote] DEBUG org.asynchttpclient.netty.request.NettyRequestSender - Using pooled Channel '[id: 0xcc4a4831, L:/127.0.0.1:49703 - R:localhost/127.0.0.1:50435]' for 'GET' to 'http://localhost:50435/session/44d3dfff17fd5586cc610623c8b44b6a/element/9ccfe34e-b366-4fb2-a2e0-7d40447ce72a/enabled'
00:46:43.586 [Forwarding isElementEnabled on session 44d3dfff17fd5586cc610623c8b44b6a to remote] DEBUG org.asynchttpclient.netty.request.NettyRequestSender - Using open Channel [id: 0xcc4a4831, L:/127.0.0.1:49703 - R:localhost/127.0.0.1:50435] for GET '/session/44d3dfff17fd5586cc610623c8b44b6a/element/9ccfe34e-b366-4fb2-a2e0-7d40447ce72a/enabled'
00:46:43.591 [AsyncHttpClient-1-23] DEBUG org.asynchttpclient.netty.handler.HttpHandler - 

Request DefaultFullHttpRequest(decodeResult: success, version: HTTP/1.1, content: EmptyByteBufBE)
GET /session/44d3dfff17fd5586cc610623c8b44b6a/element/9ccfe34e-b366-4fb2-a2e0-7d40447ce72a/enabled HTTP/1.1
User-Agent: selenium/4.1.2 (java windows)
Cache-Control: no-cache
Content-Type: application/json; charset=utf-8
host: localhost:50435
accept: */*

Response DefaultHttpResponse(decodeResult: success, version: HTTP/1.1)
HTTP/1.1 200 OK
Content-Type: application/json; charset=utf-8
cache-control: no-cache
content-length: 14

00:46:43.591 [AsyncHttpClient-1-23] DEBUG org.asynchttpclient.netty.channel.ChannelManager - Adding key: http://localhost:50435 for channel [id: 0xcc4a4831, L:/127.0.0.1:49703 - R:localhost/127.0.0.1:50435]
00:46:43.592 [Forwarding isElementEnabled on session 44d3dfff17fd5586cc610623c8b44b6a to remote] DEBUG org.asynchttpclient.netty.request.NettyRequestSender - Using pooled Channel '[id: 0xcc4a4831, L:/127.0.0.1:49703 - R:localhost/127.0.0.1:50435]' for 'GET' to 'http://localhost:50435/session/44d3dfff17fd5586cc610623c8b44b6a/element/9ccfe34e-b366-4fb2-a2e0-7d40447ce72a/enabled'
00:46:43.592 [Forwarding isElementEnabled on session 44d3dfff17fd5586cc610623c8b44b6a to remote] DEBUG org.asynchttpclient.netty.request.NettyRequestSender - Using open Channel [id: 0xcc4a4831, L:/127.0.0.1:49703 - R:localhost/127.0.0.1:50435] for GET '/session/44d3dfff17fd5586cc610623c8b44b6a/element/9ccfe34e-b366-4fb2-a2e0-7d40447ce72a/enabled'
00:46:43.595 [AsyncHttpClient-1-23] DEBUG org.asynchttpclient.netty.handler.HttpHandler - 

Request DefaultFullHttpRequest(decodeResult: success, version: HTTP/1.1, content: EmptyByteBufBE)
GET /session/44d3dfff17fd5586cc610623c8b44b6a/element/9ccfe34e-b366-4fb2-a2e0-7d40447ce72a/enabled HTTP/1.1
User-Agent: selenium/4.1.2 (java windows)
Cache-Control: no-cache
Content-Type: application/json; charset=utf-8
host: localhost:50435
accept: */*

Response DefaultHttpResponse(decodeResult: success, version: HTTP/1.1)
HTTP/1.1 200 OK
Content-Type: application/json; charset=utf-8
cache-control: no-cache
content-length: 14

00:46:43.595 [AsyncHttpClient-1-23] DEBUG org.asynchttpclient.netty.channel.ChannelManager - Adding key: http://localhost:50435 for channel [id: 0xcc4a4831, L:/127.0.0.1:49703 - R:localhost/127.0.0.1:50435]
00:46:43.596 [Forwarding findElement on session 44d3dfff17fd5586cc610623c8b44b6a to remote] DEBUG org.asynchttpclient.netty.request.NettyRequestSender - Using pooled Channel '[id: 0xcc4a4831, L:/127.0.0.1:49703 - R:localhost/127.0.0.1:50435]' for 'POST' to 'http://localhost:50435/session/44d3dfff17fd5586cc610623c8b44b6a/element'
00:46:43.596 [Forwarding findElement on session 44d3dfff17fd5586cc610623c8b44b6a to remote] DEBUG org.asynchttpclient.netty.request.NettyRequestSender - Using open Channel [id: 0xcc4a4831, L:/127.0.0.1:49703 - R:localhost/127.0.0.1:50435] for POST '/session/44d3dfff17fd5586cc610623c8b44b6a/element'
00:46:43.599 [AsyncHttpClient-1-23] DEBUG org.asynchttpclient.netty.handler.HttpHandler - 

Request DefaultHttpRequest(decodeResult: success, version: HTTP/1.1)
POST /session/44d3dfff17fd5586cc610623c8b44b6a/element HTTP/1.1
User-Agent: selenium/4.1.2 (java windows)
Content-Length: 90
Content-Type: application/json; charset=utf-8
host: localhost:50435
accept: */*

Response DefaultHttpResponse(decodeResult: success, version: HTTP/1.1)
HTTP/1.1 200 OK
Content-Type: application/json; charset=utf-8
cache-control: no-cache
content-length: 88

00:46:43.599 [AsyncHttpClient-1-23] DEBUG org.asynchttpclient.netty.channel.ChannelManager - Adding key: http://localhost:50435 for channel [id: 0xcc4a4831, L:/127.0.0.1:49703 - R:localhost/127.0.0.1:50435]
00:46:43.600 [Forwarding clickElement on session 44d3dfff17fd5586cc610623c8b44b6a to remote] DEBUG org.asynchttpclient.netty.request.NettyRequestSender - Using pooled Channel '[id: 0xcc4a4831, L:/127.0.0.1:49703 - R:localhost/127.0.0.1:50435]' for 'POST' to 'http://localhost:50435/session/44d3dfff17fd5586cc610623c8b44b6a/element/9ccfe34e-b366-4fb2-a2e0-7d40447ce72a/click'
00:46:43.600 [Forwarding clickElement on session 44d3dfff17fd5586cc610623c8b44b6a to remote] DEBUG org.asynchttpclient.netty.request.NettyRequestSender - Using open Channel [id: 0xcc4a4831, L:/127.0.0.1:49703 - R:localhost/127.0.0.1:50435] for POST '/session/44d3dfff17fd5586cc610623c8b44b6a/element/9ccfe34e-b366-4fb2-a2e0-7d40447ce72a/click'
00:46:43.623 [AsyncHttpClient-1-23] DEBUG org.asynchttpclient.netty.handler.HttpHandler - 

Request DefaultHttpRequest(decodeResult: success, version: HTTP/1.1)
POST /session/44d3dfff17fd5586cc610623c8b44b6a/element/9ccfe34e-b366-4fb2-a2e0-7d40447ce72a/click HTTP/1.1
User-Agent: selenium/4.1.2 (java windows)
Content-Length: 50
Content-Type: application/json; charset=utf-8
host: localhost:50435
accept: */*

Response DefaultHttpResponse(decodeResult: success, version: HTTP/1.1)
HTTP/1.1 200 OK
Content-Type: application/json; charset=utf-8
cache-control: no-cache
content-length: 14

00:46:43.623 [AsyncHttpClient-1-23] DEBUG org.asynchttpclient.netty.channel.ChannelManager - Adding key: http://localhost:50435 for channel [id: 0xcc4a4831, L:/127.0.0.1:49703 - R:localhost/127.0.0.1:50435]
00:46:43.626 [Forwarding screenshot on session 44d3dfff17fd5586cc610623c8b44b6a to remote] DEBUG org.asynchttpclient.netty.request.NettyRequestSender - Using pooled Channel '[id: 0xcc4a4831, L:/127.0.0.1:49703 - R:localhost/127.0.0.1:50435]' for 'GET' to 'http://localhost:50435/session/44d3dfff17fd5586cc610623c8b44b6a/screenshot'
00:46:43.626 [Forwarding screenshot on session 44d3dfff17fd5586cc610623c8b44b6a to remote] DEBUG org.asynchttpclient.netty.request.NettyRequestSender - Using open Channel [id: 0xcc4a4831, L:/127.0.0.1:49703 - R:localhost/127.0.0.1:50435] for GET '/session/44d3dfff17fd5586cc610623c8b44b6a/screenshot'
00:46:43.734 [AsyncHttpClient-1-23] DEBUG org.asynchttpclient.netty.handler.HttpHandler - 

Request DefaultFullHttpRequest(decodeResult: success, version: HTTP/1.1, content: EmptyByteBufBE)
GET /session/44d3dfff17fd5586cc610623c8b44b6a/screenshot HTTP/1.1
User-Agent: selenium/4.1.2 (java windows)
Cache-Control: no-cache
Content-Type: application/json; charset=utf-8
host: localhost:50435
accept: */*

Response DefaultHttpResponse(decodeResult: success, version: HTTP/1.1)
HTTP/1.1 200 OK
Content-Type: application/json; charset=utf-8
cache-control: no-cache
content-length: 125976

00:46:43.734 [AsyncHttpClient-1-23] DEBUG org.asynchttpclient.netty.channel.ChannelManager - Adding key: http://localhost:50435 for channel [id: 0xcc4a4831, L:/127.0.0.1:49703 - R:localhost/127.0.0.1:50435]
00:46:43.736 [main] DEBUG net.serenitybdd.core.photography.Darkroom - Send negative for processing for target\site\serenity\ae90864ac32842b143270c43a672eebced24c264623890c232631c5cb292ad1f.png
00:46:43.736 [main] DEBUG net.thucydides.core.steps.StepInterceptor - STEP DONE: okclick
00:46:43.736 [Darkroom Processing Line] DEBUG net.serenitybdd.core.photography.DarkroomProcessingLine - Processing screenshot image in /var/screenshots/screenshot-12442939355208454998
00:46:43.736 [Darkroom Processing Line] DEBUG net.serenitybdd.core.photography.DarkroomProcessingLine - Saving screenshot to target\site\serenity\ae90864ac32842b143270c43a672eebced24c264623890c232631c5cb292ad1f.png
00:46:43.740 [main] DEBUG net.thucydides.core.steps.StepInterceptor - STARTING STEP: ContentSteps.adminSucsessSendTheContent - contentsee
00:46:43.741 [Forwarding findElement on session 44d3dfff17fd5586cc610623c8b44b6a to remote] DEBUG org.asynchttpclient.netty.request.NettyRequestSender - Using pooled Channel '[id: 0xcc4a4831, L:/127.0.0.1:49703 - R:localhost/127.0.0.1:50435]' for 'POST' to 'http://localhost:50435/session/44d3dfff17fd5586cc610623c8b44b6a/element'
00:46:43.741 [Forwarding findElement on session 44d3dfff17fd5586cc610623c8b44b6a to remote] DEBUG org.asynchttpclient.netty.request.NettyRequestSender - Using open Channel [id: 0xcc4a4831, L:/127.0.0.1:49703 - R:localhost/127.0.0.1:50435] for POST '/session/44d3dfff17fd5586cc610623c8b44b6a/element'
00:46:43.748 [AsyncHttpClient-1-23] DEBUG org.asynchttpclient.netty.handler.HttpHandler - 

Request DefaultHttpRequest(decodeResult: success, version: HTTP/1.1)
POST /session/44d3dfff17fd5586cc610623c8b44b6a/element HTTP/1.1
User-Agent: selenium/4.1.2 (java windows)
Content-Length: 85
Content-Type: application/json; charset=utf-8
host: localhost:50435
accept: */*

Response DefaultHttpResponse(decodeResult: success, version: HTTP/1.1)
HTTP/1.1 200 OK
Content-Type: application/json; charset=utf-8
cache-control: no-cache
content-length: 88

00:46:43.748 [AsyncHttpClient-1-23] DEBUG org.asynchttpclient.netty.channel.ChannelManager - Adding key: http://localhost:50435 for channel [id: 0xcc4a4831, L:/127.0.0.1:49703 - R:localhost/127.0.0.1:50435]
00:46:43.750 [Forwarding isElementDisplayed on session 44d3dfff17fd5586cc610623c8b44b6a to remote] DEBUG org.asynchttpclient.netty.request.NettyRequestSender - Using pooled Channel '[id: 0xcc4a4831, L:/127.0.0.1:49703 - R:localhost/127.0.0.1:50435]' for 'POST' to 'http://localhost:50435/session/44d3dfff17fd5586cc610623c8b44b6a/execute/sync'
00:46:43.750 [Forwarding isElementDisplayed on session 44d3dfff17fd5586cc610623c8b44b6a to remote] DEBUG org.asynchttpclient.netty.request.NettyRequestSender - Using open Channel [id: 0xcc4a4831, L:/127.0.0.1:49703 - R:localhost/127.0.0.1:50435] for POST '/session/44d3dfff17fd5586cc610623c8b44b6a/execute/sync'
00:46:43.756 [AsyncHttpClient-1-23] DEBUG org.asynchttpclient.netty.handler.HttpHandler - 

Request DefaultHttpRequest(decodeResult: success, version: HTTP/1.1)
POST /session/44d3dfff17fd5586cc610623c8b44b6a/execute/sync HTTP/1.1
User-Agent: selenium/4.1.2 (java windows)
Content-Length: 48780
Content-Type: application/json; charset=utf-8
host: localhost:50435
accept: */*

Response DefaultHttpResponse(decodeResult: success, version: HTTP/1.1)
HTTP/1.1 200 OK
Content-Type: application/json; charset=utf-8
cache-control: no-cache
content-length: 14

00:46:43.756 [AsyncHttpClient-1-23] DEBUG org.asynchttpclient.netty.channel.ChannelManager - Adding key: http://localhost:50435 for channel [id: 0xcc4a4831, L:/127.0.0.1:49703 - R:localhost/127.0.0.1:50435]
00:46:43.759 [main] DEBUG net.thucydides.core.steps.StepInterceptor - STEP DONE: contentsee
  &amp#27;[32mThen &amp#27;[0m&amp#27;[32madmin sucsess send the content&amp#27;[0m                                     &amp#27;[90m# starter.definitions.ContentSteps.adminSucsessSendTheContent()&amp#27;[0m
00:46:43.761 [main] INFO  - 
  _____   ___   ___   _____     ___     _     ___   ___   ___   ___  
 |_   _| | __| / __| |_   _|   | _ \   /_\   / __| / __| | __| |   \ 
   | |   | _|  \__ \   | |     |  _/  / _ \  \__ \ \__ \ | _|  | |) |
   |_|   |___| |___/   |_|     |_|   /_/ \_\ |___/ |___/ |___| |___/ 

admin send new content
----------------------------------------------------------------------
00:46:43.762 [AsyncHttpClient-1-25] DEBUG org.asynchttpclient.netty.handler.WebSocketHandler - Channel Closed: [id: 0xd765c5bc, L:/127.0.0.1:49711 ! R:localhost/127.0.0.1:49704] with attribute NettyResponseFuture{currentRetry=5,
	isDone=1,
	isCancelled=0,
	asyncHandler=org.asynchttpclient.ws.WebSocketUpgradeHandler@6cd3cf31,
	nettyRequest=org.asynchttpclient.netty.request.NettyRequest@29d14ccf,
	future=java.util.concurrent.CompletableFuture@1263ec18[Completed normally],
	uri=ws://localhost:49704/devtools/browser/707cb50c-e2d1-4609-90c8-31eb78392214,
	keepAlive=true,
	redirectCount=0,
	timeoutsHolder=null,
	inAuth=0,
	touch=1658421997953}
00:46:43.762 [AsyncHttpClient-1-25] DEBUG org.asynchttpclient.netty.channel.ChannelManager - Closing Channel [id: 0xd765c5bc, L:/127.0.0.1:49711 ! R:localhost/127.0.0.1:49704] 
00:46:43.762 [Driver Command Executor] DEBUG org.asynchttpclient.netty.request.NettyRequestSender - Using pooled Channel '[id: 0xcc4a4831, L:/127.0.0.1:49703 - R:localhost/127.0.0.1:50435]' for 'DELETE' to 'http://localhost:50435/session/44d3dfff17fd5586cc610623c8b44b6a'
00:46:43.762 [Driver Command Executor] DEBUG org.asynchttpclient.netty.request.NettyRequestSender - Using open Channel [id: 0xcc4a4831, L:/127.0.0.1:49703 - R:localhost/127.0.0.1:50435] for DELETE '/session/44d3dfff17fd5586cc610623c8b44b6a'
00:46:43.781 [AsyncHttpClient-1-24] DEBUG org.asynchttpclient.netty.handler.HttpHandler - Unexpected I/O exception on channel [id: 0x6335e145, L:/127.0.0.1:49710 - R:localhost/127.0.0.1:49704]
java.net.SocketException: Connection reset
	at java.base/sun.nio.ch.SocketChannelImpl.throwConnectionReset(SocketChannelImpl.java:394)
	at java.base/sun.nio.ch.SocketChannelImpl.read(SocketChannelImpl.java:426)
	at io.netty.buffer.PooledByteBuf.setBytes(PooledByteBuf.java:258)
	at io.netty.buffer.AbstractByteBuf.writeBytes(AbstractByteBuf.java:1132)
	at io.netty.channel.socket.nio.NioSocketChannel.doReadBytes(NioSocketChannel.java:350)
	at io.netty.channel.nio.AbstractNioByteChannel$NioByteUnsafe.read(AbstractNioByteChannel.java:151)
	at io.netty.channel.nio.NioEventLoop.processSelectedKey(NioEventLoop.java:722)
	at io.netty.channel.nio.NioEventLoop.processSelectedKeysOptimized(NioEventLoop.java:658)
	at io.netty.channel.nio.NioEventLoop.processSelectedKeys(NioEventLoop.java:584)
	at io.netty.channel.nio.NioEventLoop.run(NioEventLoop.java:496)
	at io.netty.util.concurrent.SingleThreadEventExecutor$4.run(SingleThreadEventExecutor.java:986)
	at io.netty.util.internal.ThreadExecutorMap$2.run(ThreadExecutorMap.java:74)
	at io.netty.util.concurrent.FastThreadLocalRunnable.run(FastThreadLocalRunnable.java:30)
	at java.base/java.lang.Thread.run(Thread.java:833)
00:46:43.781 [AsyncHttpClient-1-24] DEBUG org.asynchttpclient.netty.channel.ChannelManager - Closing Channel [id: 0x6335e145, L:/127.0.0.1:49710 - R:localhost/127.0.0.1:49704] 
00:46:43.781 [AsyncHttpClient-1-24] DEBUG org.asynchttpclient.netty.handler.HttpHandler - Channel Closed: [id: 0x6335e145, L:/127.0.0.1:49710 ! R:localhost/127.0.0.1:49704] with attribute DISCARD
00:46:43.791 [AsyncHttpClient-1-23] DEBUG org.asynchttpclient.netty.handler.HttpHandler - 

Request DefaultFullHttpRequest(decodeResult: success, version: HTTP/1.1, content: EmptyByteBufBE)
DELETE /session/44d3dfff17fd5586cc610623c8b44b6a HTTP/1.1
User-Agent: selenium/4.1.2 (java windows)
Content-Type: application/json; charset=utf-8
host: localhost:50435
accept: */*

Response DefaultHttpResponse(decodeResult: success, version: HTTP/1.1)
HTTP/1.1 200 OK
Content-Type: application/json; charset=utf-8
cache-control: no-cache
content-length: 14

00:46:43.791 [AsyncHttpClient-1-23] DEBUG org.asynchttpclient.netty.channel.ChannelManager - Adding key: http://localhost:50435 for channel [id: 0xcc4a4831, L:/127.0.0.1:49703 - R:localhost/127.0.0.1:50435]
00:46:43.838 [AsyncHttpClient-1-23] DEBUG org.asynchttpclient.netty.handler.HttpHandler - Channel Closed: [id: 0xcc4a4831, L:/127.0.0.1:49703 ! R:localhost/127.0.0.1:50435] with attribute DISCARD
]]></system-out>
    <system-err><![CDATA[Starting ChromeDriver 103.0.5060.134 (8ec6fce403b3feb0869b0732eda8bd95011d333c-refs/branch-heads/5060@{#1262}) on port 50435
Only local connections are allowed.
Please see https://chromedriver.chromium.org/security-considerations for suggestions on keeping ChromeDriver safe.
ChromeDriver was started successfully.
Jul 22, 2022 12:46:37 AM org.openqa.selenium.remote.ProtocolHandshake createSession
INFO: Detected dialect: W3C
Jul 22, 2022 12:46:37 AM org.openqa.selenium.devtools.CdpVersionFinder findNearestMatch
WARNING: Unable to find an exact match for CDP version 103, so returning the closest version found: a no-op implementation
Jul 22, 2022 12:46:37 AM org.openqa.selenium.devtools.CdpVersionFinder findNearestMatch
INFO: Unable to find CDP implementation matching 103.
Jul 22, 2022 12:46:37 AM org.openqa.selenium.chromium.ChromiumDriver lambda$new$3
WARNING: Unable to find version of CDP to use for . You may need to include a dependency on a specific version of the CDP using something similar to `org.seleniumhq.selenium:selenium-devtools-v86:4.1.2` where the version ("v86") matches the version of the chromium-based browser you're using and the version number of the artifact is the same as Selenium's.
]]></system-err>
  </testcase>
  <testcase name="admin see content" classname="admin can see detail content page" time="8.675">
    <system-out><![CDATA[
@content
Scenario: admin see content                                               &amp#27;[90m# src/test/resources/features/content.feature:17&amp#27;[0m
00:46:43.906 [main] INFO io.cucumber.core.plugin.SerenityReporter - Running feature from file:///D:/capstone%20projek/web%20testing/src/test/resources/features/content.feature
00:46:43.906 [main] INFO  - 
  _____   ___   ___   _____     ___   _____     _     ___   _____   ___   ___  
 |_   _| | __| / __| |_   _|   / __| |_   _|   /_\   | _ \ |_   _| | __| |   \ 
   | |   | _|  \__ \   | |     \__ \   | |    / _ \  |   /   | |   | _|  | |) |
   |_|   |___| |___/   |_|     |___/   |_|   /_/ \_\ |_|_\   |_|   |___| |___/ 

admin see content(admin-can-see-detail-content-page;admin-see-content)
--------------------------------------------------------------------------------
00:46:43.912 [main] DEBUG net.thucydides.core.steps.StepInterceptor - STARTING STEP: LoginSteps.adminOnLoginPage - openPage
00:46:43.913 [main] INFO net.serenitybdd.core.webdriver.driverproviders.ChromeDriverProvider - Using automatically driver download
00:46:43.983 [main] DEBUG io.github.bonigarcia.wdm.cache.ResolutionCache - Resolution chrome=103 in cache (valid until 01:32:20 22/07/2022 WITA)
00:46:43.985 [main] DEBUG io.github.bonigarcia.wdm.cache.ResolutionCache - Resolution chrome103=103.0.5060.134 in cache (valid until 21:05:58 22/07/2022 WITA)
00:46:43.986 [main] INFO io.github.bonigarcia.wdm.WebDriverManager - Using chromedriver 103.0.5060.134 (resolved driver for Chrome 103)
00:46:43.991 [main] DEBUG io.github.bonigarcia.wdm.WebDriverManager - Driver chromedriver 103.0.5060.134 found in cache
00:46:43.992 [main] INFO io.github.bonigarcia.wdm.WebDriverManager - Exporting webdriver.chrome.driver as C:\Users\Rev\.cache\selenium\chromedriver\win32\103.0.5060.134\chromedriver.exe
00:46:44.064 [main] DEBUG net.serenitybdd.core.webdriver.driverproviders.ProvideNewDriver - Instantiating driver
00:46:44.064 [main] DEBUG net.serenitybdd.core.webdriver.driverproviders.ProvideNewDriver - Driver capabilities: Capabilities {acceptInsecureCerts: false, base.url: https://sportly.rafdev.my.id/, browserName: chrome, chrome.driver: webdriver/chromedriver.exe, driver: chrome, goog:chromeOptions: {args: [], extensions: []}}
00:46:44.175 [AsyncHttpClient-1-2] DEBUG org.asynchttpclient.netty.channel.NettyConnectListener - Using new Channel '[id: 0x6586102d, L:/127.0.0.1:49742 - R:localhost/127.0.0.1:56885]' for 'POST' to '/session'
00:46:44.393 [AsyncHttpClient-1-1] DEBUG org.asynchttpclient.netty.channel.DefaultChannelPool - Entry count for : http://localhost:50435 : 1
00:46:44.393 [AsyncHttpClient-1-1] DEBUG org.asynchttpclient.netty.channel.DefaultChannelPool - Entry count for : http://localhost:49704 : 1
00:46:44.393 [AsyncHttpClient-1-1] DEBUG org.asynchttpclient.netty.channel.DefaultChannelPool - Adding Candidate expired Channel [id: 0xcc4a4831, L:/127.0.0.1:49703 ! R:localhost/127.0.0.1:50435] isIdleTimeoutExpired=false isRemotelyClosed=true isTtlExpired=false
00:46:44.393 [AsyncHttpClient-1-1] DEBUG org.asynchttpclient.netty.channel.DefaultChannelPool - Closing Idle Channel [id: 0xcc4a4831, L:/127.0.0.1:49703 ! R:localhost/127.0.0.1:50435]
00:46:44.393 [AsyncHttpClient-1-1] DEBUG org.asynchttpclient.netty.channel.DefaultChannelPool - Adding Candidate expired Channel [id: 0x6335e145, L:/127.0.0.1:49710 ! R:localhost/127.0.0.1:49704] isIdleTimeoutExpired=false isRemotelyClosed=true isTtlExpired=false
00:46:44.393 [AsyncHttpClient-1-1] DEBUG org.asynchttpclient.netty.channel.DefaultChannelPool - Closing Idle Channel [id: 0x6335e145, L:/127.0.0.1:49710 ! R:localhost/127.0.0.1:49704]
00:46:44.393 [AsyncHttpClient-1-1] DEBUG org.asynchttpclient.netty.channel.DefaultChannelPool - Closed 2 connections out of 2 in 0 ms
00:46:44.640 [AsyncHttpClient-1-2] DEBUG org.asynchttpclient.netty.handler.HttpHandler - 

Request DefaultHttpRequest(decodeResult: success, version: HTTP/1.1)
POST /session HTTP/1.1
User-Agent: selenium/4.1.2 (java windows)
Content-Length: 581
Content-Type: application/json; charset=utf-8
host: localhost:56885
accept: */*

Response DefaultHttpResponse(decodeResult: success, version: HTTP/1.1)
HTTP/1.1 200 OK
Content-Type: application/json; charset=utf-8
cache-control: no-cache
content-length: 791

00:46:44.640 [AsyncHttpClient-1-2] DEBUG org.asynchttpclient.netty.channel.ChannelManager - Adding key: http://localhost:56885 for channel [id: 0x6586102d, L:/127.0.0.1:49742 - R:localhost/127.0.0.1:56885]
00:46:44.643 [AsyncHttpClient-1-3] DEBUG org.asynchttpclient.netty.channel.NettyConnectListener - Using new Channel '[id: 0x2c67c248, L:/127.0.0.1:49750 - R:localhost/127.0.0.1:49743]' for 'GET' to '/json/version'
00:46:44.643 [AsyncHttpClient-1-3] DEBUG org.asynchttpclient.netty.handler.HttpHandler - 

Request DefaultFullHttpRequest(decodeResult: success, version: HTTP/1.1, content: EmptyByteBufBE)
GET /json/version HTTP/1.1
User-Agent: selenium/4.1.2 (java windows)
host: localhost:49743
accept: */*

Response DefaultHttpResponse(decodeResult: success, version: HTTP/1.1)
HTTP/1.1 200 OK
Content-Type: application/json; charset=UTF-8
content-length: 429

00:46:44.643 [AsyncHttpClient-1-3] DEBUG org.asynchttpclient.netty.channel.ChannelManager - Adding key: http://localhost:49743 for channel [id: 0x2c67c248, L:/127.0.0.1:49750 - R:localhost/127.0.0.1:49743]
00:46:44.644 [AsyncHttpClient-1-4] DEBUG org.asynchttpclient.netty.channel.NettyConnectListener - Using new Channel '[id: 0xac180b4e, L:/127.0.0.1:49751 - R:localhost/127.0.0.1:49743]' for 'GET' to '/devtools/browser/fc66b9e9-d238-47b3-ab64-7222ee908e3b'
00:46:44.645 [AsyncHttpClient-1-4] DEBUG org.asynchttpclient.netty.handler.WebSocketHandler - 

Request DefaultFullHttpRequest(decodeResult: success, version: HTTP/1.1, content: EmptyByteBufBE)
GET /devtools/browser/fc66b9e9-d238-47b3-ab64-7222ee908e3b HTTP/1.1
upgrade: websocket
connection: upgrade
sec-websocket-key: NpwJ/3jSZaURu4T/UjygXw==
sec-websocket-version: 13
origin: http://localhost:49743
host: localhost:49743
accept: */*
user-agent: AHC/2.1

Response DefaultHttpResponse(decodeResult: success, version: HTTP/1.1)
HTTP/1.1 101 WebSocket Protocol Handshake
Upgrade: WebSocket
Connection: Upgrade
Sec-WebSocket-Accept: DAFzlmqmdXHzrHG+fa5AghBEHqI=

00:46:44.646 [Forwarding setCurrentWindowSize on session fd38b48bd8a59d2b28f997cfe1a727bf to remote] DEBUG org.asynchttpclient.netty.request.NettyRequestSender - Using pooled Channel '[id: 0x6586102d, L:/127.0.0.1:49742 - R:localhost/127.0.0.1:56885]' for 'POST' to 'http://localhost:56885/session/fd38b48bd8a59d2b28f997cfe1a727bf/window/rect'
00:46:44.646 [Forwarding setCurrentWindowSize on session fd38b48bd8a59d2b28f997cfe1a727bf to remote] DEBUG org.asynchttpclient.netty.request.NettyRequestSender - Using open Channel [id: 0x6586102d, L:/127.0.0.1:49742 - R:localhost/127.0.0.1:56885] for POST '/session/fd38b48bd8a59d2b28f997cfe1a727bf/window/rect'
00:46:44.757 [AsyncHttpClient-1-2] DEBUG org.asynchttpclient.netty.handler.HttpHandler - 

Request DefaultHttpRequest(decodeResult: success, version: HTTP/1.1)
POST /session/fd38b48bd8a59d2b28f997cfe1a727bf/window/rect HTTP/1.1
User-Agent: selenium/4.1.2 (java windows)
Content-Length: 37
Content-Type: application/json; charset=utf-8
host: localhost:56885
accept: */*

Response DefaultHttpResponse(decodeResult: success, version: HTTP/1.1)
HTTP/1.1 200 OK
Content-Type: application/json; charset=utf-8
cache-control: no-cache
content-length: 52

00:46:44.757 [AsyncHttpClient-1-2] DEBUG org.asynchttpclient.netty.channel.ChannelManager - Adding key: http://localhost:56885 for channel [id: 0x6586102d, L:/127.0.0.1:49742 - R:localhost/127.0.0.1:56885]
00:46:44.757 [Forwarding setWindowPosition on session fd38b48bd8a59d2b28f997cfe1a727bf to remote] DEBUG org.asynchttpclient.netty.request.NettyRequestSender - Using pooled Channel '[id: 0x6586102d, L:/127.0.0.1:49742 - R:localhost/127.0.0.1:56885]' for 'POST' to 'http://localhost:56885/session/fd38b48bd8a59d2b28f997cfe1a727bf/window/rect'
00:46:44.757 [Forwarding setWindowPosition on session fd38b48bd8a59d2b28f997cfe1a727bf to remote] DEBUG org.asynchttpclient.netty.request.NettyRequestSender - Using open Channel [id: 0x6586102d, L:/127.0.0.1:49742 - R:localhost/127.0.0.1:56885] for POST '/session/fd38b48bd8a59d2b28f997cfe1a727bf/window/rect'
00:46:44.866 [AsyncHttpClient-1-2] DEBUG org.asynchttpclient.netty.handler.HttpHandler - 

Request DefaultHttpRequest(decodeResult: success, version: HTTP/1.1)
POST /session/fd38b48bd8a59d2b28f997cfe1a727bf/window/rect HTTP/1.1
User-Agent: selenium/4.1.2 (java windows)
Content-Length: 22
Content-Type: application/json; charset=utf-8
host: localhost:56885
accept: */*

Response DefaultHttpResponse(decodeResult: success, version: HTTP/1.1)
HTTP/1.1 200 OK
Content-Type: application/json; charset=utf-8
cache-control: no-cache
content-length: 50

00:46:44.866 [AsyncHttpClient-1-2] DEBUG org.asynchttpclient.netty.channel.ChannelManager - Adding key: http://localhost:56885 for channel [id: 0x6586102d, L:/127.0.0.1:49742 - R:localhost/127.0.0.1:56885]
00:46:44.867 [Forwarding get on session fd38b48bd8a59d2b28f997cfe1a727bf to remote] DEBUG org.asynchttpclient.netty.request.NettyRequestSender - Using pooled Channel '[id: 0x6586102d, L:/127.0.0.1:49742 - R:localhost/127.0.0.1:56885]' for 'POST' to 'http://localhost:56885/session/fd38b48bd8a59d2b28f997cfe1a727bf/url'
00:46:44.867 [Forwarding get on session fd38b48bd8a59d2b28f997cfe1a727bf to remote] DEBUG org.asynchttpclient.netty.request.NettyRequestSender - Using open Channel [id: 0x6586102d, L:/127.0.0.1:49742 - R:localhost/127.0.0.1:56885] for POST '/session/fd38b48bd8a59d2b28f997cfe1a727bf/url'
00:46:45.486 [AsyncHttpClient-1-1] DEBUG org.asynchttpclient.netty.channel.DefaultChannelPool - Entry count for : http://localhost:49743 : 1
00:46:46.585 [AsyncHttpClient-1-1] DEBUG org.asynchttpclient.netty.channel.DefaultChannelPool - Entry count for : http://localhost:49743 : 1
00:46:46.714 [AsyncHttpClient-1-2] DEBUG org.asynchttpclient.netty.handler.HttpHandler - 

Request DefaultHttpRequest(decodeResult: success, version: HTTP/1.1)
POST /session/fd38b48bd8a59d2b28f997cfe1a727bf/url HTTP/1.1
User-Agent: selenium/4.1.2 (java windows)
Content-Length: 59
Content-Type: application/json; charset=utf-8
host: localhost:56885
accept: */*

Response DefaultHttpResponse(decodeResult: success, version: HTTP/1.1)
HTTP/1.1 200 OK
Content-Type: application/json; charset=utf-8
cache-control: no-cache
content-length: 14

00:46:46.714 [AsyncHttpClient-1-2] DEBUG org.asynchttpclient.netty.channel.ChannelManager - Adding key: http://localhost:56885 for channel [id: 0x6586102d, L:/127.0.0.1:49742 - R:localhost/127.0.0.1:56885]
00:46:46.715 [Forwarding setTimeout on session fd38b48bd8a59d2b28f997cfe1a727bf to remote] DEBUG org.asynchttpclient.netty.request.NettyRequestSender - Using pooled Channel '[id: 0x6586102d, L:/127.0.0.1:49742 - R:localhost/127.0.0.1:56885]' for 'POST' to 'http://localhost:56885/session/fd38b48bd8a59d2b28f997cfe1a727bf/timeouts'
00:46:46.715 [Forwarding setTimeout on session fd38b48bd8a59d2b28f997cfe1a727bf to remote] DEBUG org.asynchttpclient.netty.request.NettyRequestSender - Using open Channel [id: 0x6586102d, L:/127.0.0.1:49742 - R:localhost/127.0.0.1:56885] for POST '/session/fd38b48bd8a59d2b28f997cfe1a727bf/timeouts'
00:46:46.715 [AsyncHttpClient-1-2] DEBUG org.asynchttpclient.netty.handler.HttpHandler - 

Request DefaultHttpRequest(decodeResult: success, version: HTTP/1.1)
POST /session/fd38b48bd8a59d2b28f997cfe1a727bf/timeouts HTTP/1.1
User-Agent: selenium/4.1.2 (java windows)
Content-Length: 22
Content-Type: application/json; charset=utf-8
host: localhost:56885
accept: */*

Response DefaultHttpResponse(decodeResult: success, version: HTTP/1.1)
HTTP/1.1 200 OK
Content-Type: application/json; charset=utf-8
cache-control: no-cache
content-length: 14

00:46:46.715 [AsyncHttpClient-1-2] DEBUG org.asynchttpclient.netty.channel.ChannelManager - Adding key: http://localhost:56885 for channel [id: 0x6586102d, L:/127.0.0.1:49742 - R:localhost/127.0.0.1:56885]
00:46:46.716 [Forwarding getCurrentUrl on session fd38b48bd8a59d2b28f997cfe1a727bf to remote] DEBUG org.asynchttpclient.netty.request.NettyRequestSender - Using pooled Channel '[id: 0x6586102d, L:/127.0.0.1:49742 - R:localhost/127.0.0.1:56885]' for 'GET' to 'http://localhost:56885/session/fd38b48bd8a59d2b28f997cfe1a727bf/url'
00:46:46.716 [Forwarding getCurrentUrl on session fd38b48bd8a59d2b28f997cfe1a727bf to remote] DEBUG org.asynchttpclient.netty.request.NettyRequestSender - Using open Channel [id: 0x6586102d, L:/127.0.0.1:49742 - R:localhost/127.0.0.1:56885] for GET '/session/fd38b48bd8a59d2b28f997cfe1a727bf/url'
00:46:46.718 [AsyncHttpClient-1-2] DEBUG org.asynchttpclient.netty.handler.HttpHandler - 

Request DefaultFullHttpRequest(decodeResult: success, version: HTTP/1.1, content: EmptyByteBufBE)
GET /session/fd38b48bd8a59d2b28f997cfe1a727bf/url HTTP/1.1
User-Agent: selenium/4.1.2 (java windows)
Cache-Control: no-cache
Content-Type: application/json; charset=utf-8
host: localhost:56885
accept: */*

Response DefaultHttpResponse(decodeResult: success, version: HTTP/1.1)
HTTP/1.1 200 OK
Content-Type: application/json; charset=utf-8
cache-control: no-cache
content-length: 46

00:46:46.718 [AsyncHttpClient-1-2] DEBUG org.asynchttpclient.netty.channel.ChannelManager - Adding key: http://localhost:56885 for channel [id: 0x6586102d, L:/127.0.0.1:49742 - R:localhost/127.0.0.1:56885]
00:46:46.719 [Forwarding getCurrentUrl on session fd38b48bd8a59d2b28f997cfe1a727bf to remote] DEBUG org.asynchttpclient.netty.request.NettyRequestSender - Using pooled Channel '[id: 0x6586102d, L:/127.0.0.1:49742 - R:localhost/127.0.0.1:56885]' for 'GET' to 'http://localhost:56885/session/fd38b48bd8a59d2b28f997cfe1a727bf/url'
00:46:46.719 [Forwarding getCurrentUrl on session fd38b48bd8a59d2b28f997cfe1a727bf to remote] DEBUG org.asynchttpclient.netty.request.NettyRequestSender - Using open Channel [id: 0x6586102d, L:/127.0.0.1:49742 - R:localhost/127.0.0.1:56885] for GET '/session/fd38b48bd8a59d2b28f997cfe1a727bf/url'
00:46:46.739 [AsyncHttpClient-1-2] DEBUG org.asynchttpclient.netty.handler.HttpHandler - 

Request DefaultFullHttpRequest(decodeResult: success, version: HTTP/1.1, content: EmptyByteBufBE)
GET /session/fd38b48bd8a59d2b28f997cfe1a727bf/url HTTP/1.1
User-Agent: selenium/4.1.2 (java windows)
Cache-Control: no-cache
Content-Type: application/json; charset=utf-8
host: localhost:56885
accept: */*

Response DefaultHttpResponse(decodeResult: success, version: HTTP/1.1)
HTTP/1.1 200 OK
Content-Type: application/json; charset=utf-8
cache-control: no-cache
content-length: 46

00:46:46.739 [AsyncHttpClient-1-2] DEBUG org.asynchttpclient.netty.channel.ChannelManager - Adding key: http://localhost:56885 for channel [id: 0x6586102d, L:/127.0.0.1:49742 - R:localhost/127.0.0.1:56885]
00:46:46.741 [Forwarding screenshot on session fd38b48bd8a59d2b28f997cfe1a727bf to remote] DEBUG org.asynchttpclient.netty.request.NettyRequestSender - Using pooled Channel '[id: 0x6586102d, L:/127.0.0.1:49742 - R:localhost/127.0.0.1:56885]' for 'GET' to 'http://localhost:56885/session/fd38b48bd8a59d2b28f997cfe1a727bf/screenshot'
00:46:46.741 [Forwarding screenshot on session fd38b48bd8a59d2b28f997cfe1a727bf to remote] DEBUG org.asynchttpclient.netty.request.NettyRequestSender - Using open Channel [id: 0x6586102d, L:/127.0.0.1:49742 - R:localhost/127.0.0.1:56885] for GET '/session/fd38b48bd8a59d2b28f997cfe1a727bf/screenshot'
00:46:47.057 [AsyncHttpClient-1-2] DEBUG org.asynchttpclient.netty.handler.HttpHandler - 

Request DefaultFullHttpRequest(decodeResult: success, version: HTTP/1.1, content: EmptyByteBufBE)
GET /session/fd38b48bd8a59d2b28f997cfe1a727bf/screenshot HTTP/1.1
User-Agent: selenium/4.1.2 (java windows)
Cache-Control: no-cache
Content-Type: application/json; charset=utf-8
host: localhost:56885
accept: */*

Response DefaultHttpResponse(decodeResult: success, version: HTTP/1.1)
HTTP/1.1 200 OK
Content-Type: application/json; charset=utf-8
cache-control: no-cache
content-length: 575004

00:46:47.057 [AsyncHttpClient-1-2] DEBUG org.asynchttpclient.netty.channel.ChannelManager - Adding key: http://localhost:56885 for channel [id: 0x6586102d, L:/127.0.0.1:49742 - R:localhost/127.0.0.1:56885]
00:46:47.065 [main] DEBUG net.serenitybdd.core.photography.Darkroom - Send negative for processing for target\site\serenity\bdfb3257a55b5f729af578dfc1dc3a5762c89839bea5dc19984e34dd6640fee1.png
00:46:47.066 [main] DEBUG net.thucydides.core.steps.StepInterceptor - STEP DONE: openPage
00:46:47.069 [main] DEBUG net.thucydides.core.steps.StepInterceptor - STARTING STEP: LoginSteps.adminOnLoginPage - validateonLoginPage
00:46:47.070 [Forwarding findElement on session fd38b48bd8a59d2b28f997cfe1a727bf to remote] DEBUG org.asynchttpclient.netty.request.NettyRequestSender - Using pooled Channel '[id: 0x6586102d, L:/127.0.0.1:49742 - R:localhost/127.0.0.1:56885]' for 'POST' to 'http://localhost:56885/session/fd38b48bd8a59d2b28f997cfe1a727bf/element'
00:46:47.070 [Forwarding findElement on session fd38b48bd8a59d2b28f997cfe1a727bf to remote] DEBUG org.asynchttpclient.netty.request.NettyRequestSender - Using open Channel [id: 0x6586102d, L:/127.0.0.1:49742 - R:localhost/127.0.0.1:56885] for POST '/session/fd38b48bd8a59d2b28f997cfe1a727bf/element'
00:46:47.076 [AsyncHttpClient-1-2] DEBUG org.asynchttpclient.netty.handler.HttpHandler - 

Request DefaultHttpRequest(decodeResult: success, version: HTTP/1.1)
POST /session/fd38b48bd8a59d2b28f997cfe1a727bf/element HTTP/1.1
User-Agent: selenium/4.1.2 (java windows)
Content-Length: 71
Content-Type: application/json; charset=utf-8
host: localhost:56885
accept: */*

Response DefaultHttpResponse(decodeResult: success, version: HTTP/1.1)
HTTP/1.1 200 OK
Content-Type: application/json; charset=utf-8
cache-control: no-cache
content-length: 88

00:46:47.077 [AsyncHttpClient-1-2] DEBUG org.asynchttpclient.netty.channel.ChannelManager - Adding key: http://localhost:56885 for channel [id: 0x6586102d, L:/127.0.0.1:49742 - R:localhost/127.0.0.1:56885]
00:46:47.078 [Forwarding isElementDisplayed on session fd38b48bd8a59d2b28f997cfe1a727bf to remote] DEBUG org.asynchttpclient.netty.request.NettyRequestSender - Using pooled Channel '[id: 0x6586102d, L:/127.0.0.1:49742 - R:localhost/127.0.0.1:56885]' for 'POST' to 'http://localhost:56885/session/fd38b48bd8a59d2b28f997cfe1a727bf/execute/sync'
00:46:47.078 [Forwarding isElementDisplayed on session fd38b48bd8a59d2b28f997cfe1a727bf to remote] DEBUG org.asynchttpclient.netty.request.NettyRequestSender - Using open Channel [id: 0x6586102d, L:/127.0.0.1:49742 - R:localhost/127.0.0.1:56885] for POST '/session/fd38b48bd8a59d2b28f997cfe1a727bf/execute/sync'
00:46:47.086 [AsyncHttpClient-1-2] DEBUG org.asynchttpclient.netty.handler.HttpHandler - 

Request DefaultHttpRequest(decodeResult: success, version: HTTP/1.1)
POST /session/fd38b48bd8a59d2b28f997cfe1a727bf/execute/sync HTTP/1.1
User-Agent: selenium/4.1.2 (java windows)
Content-Length: 48780
Content-Type: application/json; charset=utf-8
host: localhost:56885
accept: */*

Response DefaultHttpResponse(decodeResult: success, version: HTTP/1.1)
HTTP/1.1 200 OK
Content-Type: application/json; charset=utf-8
cache-control: no-cache
content-length: 14

00:46:47.086 [AsyncHttpClient-1-2] DEBUG org.asynchttpclient.netty.channel.ChannelManager - Adding key: http://localhost:56885 for channel [id: 0x6586102d, L:/127.0.0.1:49742 - R:localhost/127.0.0.1:56885]
00:46:47.088 [main] DEBUG net.thucydides.core.steps.StepInterceptor - STEP DONE: validateonLoginPage
  &amp#27;[32mGiven &amp#27;[0m&amp#27;[32madmin on login page&amp#27;[0m                                               &amp#27;[90m# starter.definitions.LoginSteps.adminOnLoginPage()&amp#27;[0m
00:46:47.095 [main] DEBUG net.thucydides.core.steps.StepInterceptor - STARTING STEP: LoginSteps.adminInputValidUssername - inputusername
00:46:47.096 [Forwarding findElement on session fd38b48bd8a59d2b28f997cfe1a727bf to remote] DEBUG org.asynchttpclient.netty.request.NettyRequestSender - Using pooled Channel '[id: 0x6586102d, L:/127.0.0.1:49742 - R:localhost/127.0.0.1:56885]' for 'POST' to 'http://localhost:56885/session/fd38b48bd8a59d2b28f997cfe1a727bf/element'
00:46:47.096 [Forwarding findElement on session fd38b48bd8a59d2b28f997cfe1a727bf to remote] DEBUG org.asynchttpclient.netty.request.NettyRequestSender - Using open Channel [id: 0x6586102d, L:/127.0.0.1:49742 - R:localhost/127.0.0.1:56885] for POST '/session/fd38b48bd8a59d2b28f997cfe1a727bf/element'
00:46:47.103 [AsyncHttpClient-1-2] DEBUG org.asynchttpclient.netty.handler.HttpHandler - 

Request DefaultHttpRequest(decodeResult: success, version: HTTP/1.1)
POST /session/fd38b48bd8a59d2b28f997cfe1a727bf/element HTTP/1.1
User-Agent: selenium/4.1.2 (java windows)
Content-Length: 92
Content-Type: application/json; charset=utf-8
host: localhost:56885
accept: */*

Response DefaultHttpResponse(decodeResult: success, version: HTTP/1.1)
HTTP/1.1 200 OK
Content-Type: application/json; charset=utf-8
cache-control: no-cache
content-length: 88

00:46:47.103 [AsyncHttpClient-1-2] DEBUG org.asynchttpclient.netty.channel.ChannelManager - Adding key: http://localhost:56885 for channel [id: 0x6586102d, L:/127.0.0.1:49742 - R:localhost/127.0.0.1:56885]
00:46:47.103 [Forwarding clearElement on session fd38b48bd8a59d2b28f997cfe1a727bf to remote] DEBUG org.asynchttpclient.netty.request.NettyRequestSender - Using pooled Channel '[id: 0x6586102d, L:/127.0.0.1:49742 - R:localhost/127.0.0.1:56885]' for 'POST' to 'http://localhost:56885/session/fd38b48bd8a59d2b28f997cfe1a727bf/element/298ba0da-7bc2-4e93-89d7-44bbd73ab2a3/clear'
00:46:47.103 [Forwarding clearElement on session fd38b48bd8a59d2b28f997cfe1a727bf to remote] DEBUG org.asynchttpclient.netty.request.NettyRequestSender - Using open Channel [id: 0x6586102d, L:/127.0.0.1:49742 - R:localhost/127.0.0.1:56885] for POST '/session/fd38b48bd8a59d2b28f997cfe1a727bf/element/298ba0da-7bc2-4e93-89d7-44bbd73ab2a3/clear'
00:46:47.121 [AsyncHttpClient-1-2] DEBUG org.asynchttpclient.netty.handler.HttpHandler - 

Request DefaultHttpRequest(decodeResult: success, version: HTTP/1.1)
POST /session/fd38b48bd8a59d2b28f997cfe1a727bf/element/298ba0da-7bc2-4e93-89d7-44bbd73ab2a3/clear HTTP/1.1
User-Agent: selenium/4.1.2 (java windows)
Content-Length: 50
Content-Type: application/json; charset=utf-8
host: localhost:56885
accept: */*

Response DefaultHttpResponse(decodeResult: success, version: HTTP/1.1)
HTTP/1.1 200 OK
Content-Type: application/json; charset=utf-8
cache-control: no-cache
content-length: 14

00:46:47.121 [AsyncHttpClient-1-2] DEBUG org.asynchttpclient.netty.channel.ChannelManager - Adding key: http://localhost:56885 for channel [id: 0x6586102d, L:/127.0.0.1:49742 - R:localhost/127.0.0.1:56885]
00:46:47.122 [Forwarding sendKeysToElement on session fd38b48bd8a59d2b28f997cfe1a727bf to remote] DEBUG org.asynchttpclient.netty.request.NettyRequestSender - Using pooled Channel '[id: 0x6586102d, L:/127.0.0.1:49742 - R:localhost/127.0.0.1:56885]' for 'POST' to 'http://localhost:56885/session/fd38b48bd8a59d2b28f997cfe1a727bf/element/298ba0da-7bc2-4e93-89d7-44bbd73ab2a3/value'
00:46:47.122 [Forwarding sendKeysToElement on session fd38b48bd8a59d2b28f997cfe1a727bf to remote] DEBUG org.asynchttpclient.netty.request.NettyRequestSender - Using open Channel [id: 0x6586102d, L:/127.0.0.1:49742 - R:localhost/127.0.0.1:56885] for POST '/session/fd38b48bd8a59d2b28f997cfe1a727bf/element/298ba0da-7bc2-4e93-89d7-44bbd73ab2a3/value'
00:46:47.153 [AsyncHttpClient-1-2] DEBUG org.asynchttpclient.netty.handler.HttpHandler - 

Request DefaultHttpRequest(decodeResult: success, version: HTTP/1.1)
POST /session/fd38b48bd8a59d2b28f997cfe1a727bf/element/298ba0da-7bc2-4e93-89d7-44bbd73ab2a3/value HTTP/1.1
User-Agent: selenium/4.1.2 (java windows)
Content-Length: 151
Content-Type: application/json; charset=utf-8
host: localhost:56885
accept: */*

Response DefaultHttpResponse(decodeResult: success, version: HTTP/1.1)
HTTP/1.1 200 OK
Content-Type: application/json; charset=utf-8
cache-control: no-cache
content-length: 14

00:46:47.153 [AsyncHttpClient-1-2] DEBUG org.asynchttpclient.netty.channel.ChannelManager - Adding key: http://localhost:56885 for channel [id: 0x6586102d, L:/127.0.0.1:49742 - R:localhost/127.0.0.1:56885]
00:46:47.156 [Forwarding screenshot on session fd38b48bd8a59d2b28f997cfe1a727bf to remote] DEBUG org.asynchttpclient.netty.request.NettyRequestSender - Using pooled Channel '[id: 0x6586102d, L:/127.0.0.1:49742 - R:localhost/127.0.0.1:56885]' for 'GET' to 'http://localhost:56885/session/fd38b48bd8a59d2b28f997cfe1a727bf/screenshot'
00:46:47.156 [Forwarding screenshot on session fd38b48bd8a59d2b28f997cfe1a727bf to remote] DEBUG org.asynchttpclient.netty.request.NettyRequestSender - Using open Channel [id: 0x6586102d, L:/127.0.0.1:49742 - R:localhost/127.0.0.1:56885] for GET '/session/fd38b48bd8a59d2b28f997cfe1a727bf/screenshot'
00:46:47.388 [AsyncHttpClient-1-2] DEBUG org.asynchttpclient.netty.handler.HttpHandler - 

Request DefaultFullHttpRequest(decodeResult: success, version: HTTP/1.1, content: EmptyByteBufBE)
GET /session/fd38b48bd8a59d2b28f997cfe1a727bf/screenshot HTTP/1.1
User-Agent: selenium/4.1.2 (java windows)
Cache-Control: no-cache
Content-Type: application/json; charset=utf-8
host: localhost:56885
accept: */*

Response DefaultHttpResponse(decodeResult: success, version: HTTP/1.1)
HTTP/1.1 200 OK
Content-Type: application/json; charset=utf-8
cache-control: no-cache
content-length: 573184

00:46:47.389 [AsyncHttpClient-1-2] DEBUG org.asynchttpclient.netty.channel.ChannelManager - Adding key: http://localhost:56885 for channel [id: 0x6586102d, L:/127.0.0.1:49742 - R:localhost/127.0.0.1:56885]
00:46:47.396 [main] DEBUG net.serenitybdd.core.photography.Darkroom - Send negative for processing for target\site\serenity\f77c054aa6a666f419ab49e776fdfb7fc10c7c59289c58aa7b77a3e2461e450a.png
00:46:47.397 [main] DEBUG net.thucydides.core.steps.StepInterceptor - STEP DONE: inputusername
  &amp#27;[32mWhen &amp#27;[0m&amp#27;[32madmin input valid ussername&amp#27;[0m                                        &amp#27;[90m# starter.definitions.LoginSteps.adminInputValidUssername()&amp#27;[0m
00:46:47.403 [main] DEBUG net.thucydides.core.steps.StepInterceptor - STARTING STEP: LoginSteps.adminInputValidPassword - inputPassword
00:46:47.405 [Forwarding findElement on session fd38b48bd8a59d2b28f997cfe1a727bf to remote] DEBUG org.asynchttpclient.netty.request.NettyRequestSender - Using pooled Channel '[id: 0x6586102d, L:/127.0.0.1:49742 - R:localhost/127.0.0.1:56885]' for 'POST' to 'http://localhost:56885/session/fd38b48bd8a59d2b28f997cfe1a727bf/element'
00:46:47.405 [Forwarding findElement on session fd38b48bd8a59d2b28f997cfe1a727bf to remote] DEBUG org.asynchttpclient.netty.request.NettyRequestSender - Using open Channel [id: 0x6586102d, L:/127.0.0.1:49742 - R:localhost/127.0.0.1:56885] for POST '/session/fd38b48bd8a59d2b28f997cfe1a727bf/element'
00:46:47.411 [AsyncHttpClient-1-2] DEBUG org.asynchttpclient.netty.handler.HttpHandler - 

Request DefaultHttpRequest(decodeResult: success, version: HTTP/1.1)
POST /session/fd38b48bd8a59d2b28f997cfe1a727bf/element HTTP/1.1
User-Agent: selenium/4.1.2 (java windows)
Content-Length: 92
Content-Type: application/json; charset=utf-8
host: localhost:56885
accept: */*

Response DefaultHttpResponse(decodeResult: success, version: HTTP/1.1)
HTTP/1.1 200 OK
Content-Type: application/json; charset=utf-8
cache-control: no-cache
content-length: 88

00:46:47.411 [AsyncHttpClient-1-2] DEBUG org.asynchttpclient.netty.channel.ChannelManager - Adding key: http://localhost:56885 for channel [id: 0x6586102d, L:/127.0.0.1:49742 - R:localhost/127.0.0.1:56885]
00:46:47.412 [Forwarding clearElement on session fd38b48bd8a59d2b28f997cfe1a727bf to remote] DEBUG org.asynchttpclient.netty.request.NettyRequestSender - Using pooled Channel '[id: 0x6586102d, L:/127.0.0.1:49742 - R:localhost/127.0.0.1:56885]' for 'POST' to 'http://localhost:56885/session/fd38b48bd8a59d2b28f997cfe1a727bf/element/373bc96c-2848-43b8-8c58-fd7c9aa862dd/clear'
00:46:47.412 [Forwarding clearElement on session fd38b48bd8a59d2b28f997cfe1a727bf to remote] DEBUG org.asynchttpclient.netty.request.NettyRequestSender - Using open Channel [id: 0x6586102d, L:/127.0.0.1:49742 - R:localhost/127.0.0.1:56885] for POST '/session/fd38b48bd8a59d2b28f997cfe1a727bf/element/373bc96c-2848-43b8-8c58-fd7c9aa862dd/clear'
00:46:47.429 [AsyncHttpClient-1-2] DEBUG org.asynchttpclient.netty.handler.HttpHandler - 

Request DefaultHttpRequest(decodeResult: success, version: HTTP/1.1)
POST /session/fd38b48bd8a59d2b28f997cfe1a727bf/element/373bc96c-2848-43b8-8c58-fd7c9aa862dd/clear HTTP/1.1
User-Agent: selenium/4.1.2 (java windows)
Content-Length: 50
Content-Type: application/json; charset=utf-8
host: localhost:56885
accept: */*

Response DefaultHttpResponse(decodeResult: success, version: HTTP/1.1)
HTTP/1.1 200 OK
Content-Type: application/json; charset=utf-8
cache-control: no-cache
content-length: 14

00:46:47.429 [AsyncHttpClient-1-2] DEBUG org.asynchttpclient.netty.channel.ChannelManager - Adding key: http://localhost:56885 for channel [id: 0x6586102d, L:/127.0.0.1:49742 - R:localhost/127.0.0.1:56885]
00:46:47.431 [Forwarding sendKeysToElement on session fd38b48bd8a59d2b28f997cfe1a727bf to remote] DEBUG org.asynchttpclient.netty.request.NettyRequestSender - Using pooled Channel '[id: 0x6586102d, L:/127.0.0.1:49742 - R:localhost/127.0.0.1:56885]' for 'POST' to 'http://localhost:56885/session/fd38b48bd8a59d2b28f997cfe1a727bf/element/373bc96c-2848-43b8-8c58-fd7c9aa862dd/value'
00:46:47.431 [Forwarding sendKeysToElement on session fd38b48bd8a59d2b28f997cfe1a727bf to remote] DEBUG org.asynchttpclient.netty.request.NettyRequestSender - Using open Channel [id: 0x6586102d, L:/127.0.0.1:49742 - R:localhost/127.0.0.1:56885] for POST '/session/fd38b48bd8a59d2b28f997cfe1a727bf/element/373bc96c-2848-43b8-8c58-fd7c9aa862dd/value'
00:46:47.480 [AsyncHttpClient-1-2] DEBUG org.asynchttpclient.netty.handler.HttpHandler - 

Request DefaultHttpRequest(decodeResult: success, version: HTTP/1.1)
POST /session/fd38b48bd8a59d2b28f997cfe1a727bf/element/373bc96c-2848-43b8-8c58-fd7c9aa862dd/value HTTP/1.1
User-Agent: selenium/4.1.2 (java windows)
Content-Length: 291
Content-Type: application/json; charset=utf-8
host: localhost:56885
accept: */*

Response DefaultHttpResponse(decodeResult: success, version: HTTP/1.1)
HTTP/1.1 200 OK
Content-Type: application/json; charset=utf-8
cache-control: no-cache
content-length: 14

00:46:47.480 [AsyncHttpClient-1-2] DEBUG org.asynchttpclient.netty.channel.ChannelManager - Adding key: http://localhost:56885 for channel [id: 0x6586102d, L:/127.0.0.1:49742 - R:localhost/127.0.0.1:56885]
00:46:47.483 [Forwarding screenshot on session fd38b48bd8a59d2b28f997cfe1a727bf to remote] DEBUG org.asynchttpclient.netty.request.NettyRequestSender - Using pooled Channel '[id: 0x6586102d, L:/127.0.0.1:49742 - R:localhost/127.0.0.1:56885]' for 'GET' to 'http://localhost:56885/session/fd38b48bd8a59d2b28f997cfe1a727bf/screenshot'
00:46:47.483 [Forwarding screenshot on session fd38b48bd8a59d2b28f997cfe1a727bf to remote] DEBUG org.asynchttpclient.netty.request.NettyRequestSender - Using open Channel [id: 0x6586102d, L:/127.0.0.1:49742 - R:localhost/127.0.0.1:56885] for GET '/session/fd38b48bd8a59d2b28f997cfe1a727bf/screenshot'
00:46:47.686 [AsyncHttpClient-1-1] DEBUG org.asynchttpclient.netty.channel.DefaultChannelPool - Entry count for : http://localhost:49743 : 1
00:46:47.707 [AsyncHttpClient-1-2] DEBUG org.asynchttpclient.netty.handler.HttpHandler - 

Request DefaultFullHttpRequest(decodeResult: success, version: HTTP/1.1, content: EmptyByteBufBE)
GET /session/fd38b48bd8a59d2b28f997cfe1a727bf/screenshot HTTP/1.1
User-Agent: selenium/4.1.2 (java windows)
Cache-Control: no-cache
Content-Type: application/json; charset=utf-8
host: localhost:56885
accept: */*

Response DefaultHttpResponse(decodeResult: success, version: HTTP/1.1)
HTTP/1.1 200 OK
Content-Type: application/json; charset=utf-8
cache-control: no-cache
content-length: 569460

00:46:47.708 [AsyncHttpClient-1-2] DEBUG org.asynchttpclient.netty.channel.ChannelManager - Adding key: http://localhost:56885 for channel [id: 0x6586102d, L:/127.0.0.1:49742 - R:localhost/127.0.0.1:56885]
00:46:47.716 [main] DEBUG net.serenitybdd.core.photography.Darkroom - Send negative for processing for target\site\serenity\7121c7966e51ed0bee580053fa8354e56400a63fd65cbfa41529dc1e051e1e6a.png
00:46:47.716 [main] DEBUG net.thucydides.core.steps.StepInterceptor - STEP DONE: inputPassword
  &amp#27;[32mAnd &amp#27;[0m&amp#27;[32madmin input valid password&amp#27;[0m                                          &amp#27;[90m# starter.definitions.LoginSteps.adminInputValidPassword()&amp#27;[0m
00:46:47.723 [main] DEBUG net.thucydides.core.steps.StepInterceptor - STARTING STEP: LoginSteps.clickLoginButton - clickloginButton
00:46:47.725 [Forwarding findElement on session fd38b48bd8a59d2b28f997cfe1a727bf to remote] DEBUG org.asynchttpclient.netty.request.NettyRequestSender - Using pooled Channel '[id: 0x6586102d, L:/127.0.0.1:49742 - R:localhost/127.0.0.1:56885]' for 'POST' to 'http://localhost:56885/session/fd38b48bd8a59d2b28f997cfe1a727bf/element'
00:46:47.725 [Forwarding findElement on session fd38b48bd8a59d2b28f997cfe1a727bf to remote] DEBUG org.asynchttpclient.netty.request.NettyRequestSender - Using open Channel [id: 0x6586102d, L:/127.0.0.1:49742 - R:localhost/127.0.0.1:56885] for POST '/session/fd38b48bd8a59d2b28f997cfe1a727bf/element'
00:46:47.728 [AsyncHttpClient-1-2] DEBUG org.asynchttpclient.netty.handler.HttpHandler - 

Request DefaultHttpRequest(decodeResult: success, version: HTTP/1.1)
POST /session/fd38b48bd8a59d2b28f997cfe1a727bf/element HTTP/1.1
User-Agent: selenium/4.1.2 (java windows)
Content-Length: 71
Content-Type: application/json; charset=utf-8
host: localhost:56885
accept: */*

Response DefaultHttpResponse(decodeResult: success, version: HTTP/1.1)
HTTP/1.1 200 OK
Content-Type: application/json; charset=utf-8
cache-control: no-cache
content-length: 88

00:46:47.728 [AsyncHttpClient-1-2] DEBUG org.asynchttpclient.netty.channel.ChannelManager - Adding key: http://localhost:56885 for channel [id: 0x6586102d, L:/127.0.0.1:49742 - R:localhost/127.0.0.1:56885]
00:46:47.729 [Forwarding getElementTagName on session fd38b48bd8a59d2b28f997cfe1a727bf to remote] DEBUG org.asynchttpclient.netty.request.NettyRequestSender - Using pooled Channel '[id: 0x6586102d, L:/127.0.0.1:49742 - R:localhost/127.0.0.1:56885]' for 'GET' to 'http://localhost:56885/session/fd38b48bd8a59d2b28f997cfe1a727bf/element/1ced9e8b-4879-4c0e-ad46-11d3063456bc/name'
00:46:47.729 [Forwarding getElementTagName on session fd38b48bd8a59d2b28f997cfe1a727bf to remote] DEBUG org.asynchttpclient.netty.request.NettyRequestSender - Using open Channel [id: 0x6586102d, L:/127.0.0.1:49742 - R:localhost/127.0.0.1:56885] for GET '/session/fd38b48bd8a59d2b28f997cfe1a727bf/element/1ced9e8b-4879-4c0e-ad46-11d3063456bc/name'
00:46:47.731 [AsyncHttpClient-1-2] DEBUG org.asynchttpclient.netty.handler.HttpHandler - 

Request DefaultFullHttpRequest(decodeResult: success, version: HTTP/1.1, content: EmptyByteBufBE)
GET /session/fd38b48bd8a59d2b28f997cfe1a727bf/element/1ced9e8b-4879-4c0e-ad46-11d3063456bc/name HTTP/1.1
User-Agent: selenium/4.1.2 (java windows)
Cache-Control: no-cache
Content-Type: application/json; charset=utf-8
host: localhost:56885
accept: */*

Response DefaultHttpResponse(decodeResult: success, version: HTTP/1.1)
HTTP/1.1 200 OK
Content-Type: application/json; charset=utf-8
cache-control: no-cache
content-length: 18

00:46:47.731 [AsyncHttpClient-1-2] DEBUG org.asynchttpclient.netty.channel.ChannelManager - Adding key: http://localhost:56885 for channel [id: 0x6586102d, L:/127.0.0.1:49742 - R:localhost/127.0.0.1:56885]
00:46:47.731 [Forwarding getElementTagName on session fd38b48bd8a59d2b28f997cfe1a727bf to remote] DEBUG org.asynchttpclient.netty.request.NettyRequestSender - Using pooled Channel '[id: 0x6586102d, L:/127.0.0.1:49742 - R:localhost/127.0.0.1:56885]' for 'GET' to 'http://localhost:56885/session/fd38b48bd8a59d2b28f997cfe1a727bf/element/1ced9e8b-4879-4c0e-ad46-11d3063456bc/name'
00:46:47.731 [Forwarding getElementTagName on session fd38b48bd8a59d2b28f997cfe1a727bf to remote] DEBUG org.asynchttpclient.netty.request.NettyRequestSender - Using open Channel [id: 0x6586102d, L:/127.0.0.1:49742 - R:localhost/127.0.0.1:56885] for GET '/session/fd38b48bd8a59d2b28f997cfe1a727bf/element/1ced9e8b-4879-4c0e-ad46-11d3063456bc/name'
00:46:47.732 [AsyncHttpClient-1-2] DEBUG org.asynchttpclient.netty.handler.HttpHandler - 

Request DefaultFullHttpRequest(decodeResult: success, version: HTTP/1.1, content: EmptyByteBufBE)
GET /session/fd38b48bd8a59d2b28f997cfe1a727bf/element/1ced9e8b-4879-4c0e-ad46-11d3063456bc/name HTTP/1.1
User-Agent: selenium/4.1.2 (java windows)
Cache-Control: no-cache
Content-Type: application/json; charset=utf-8
host: localhost:56885
accept: */*

Response DefaultHttpResponse(decodeResult: success, version: HTTP/1.1)
HTTP/1.1 200 OK
Content-Type: application/json; charset=utf-8
cache-control: no-cache
content-length: 18

00:46:47.732 [AsyncHttpClient-1-2] DEBUG org.asynchttpclient.netty.channel.ChannelManager - Adding key: http://localhost:56885 for channel [id: 0x6586102d, L:/127.0.0.1:49742 - R:localhost/127.0.0.1:56885]
00:46:47.733 [Forwarding isElementEnabled on session fd38b48bd8a59d2b28f997cfe1a727bf to remote] DEBUG org.asynchttpclient.netty.request.NettyRequestSender - Using pooled Channel '[id: 0x6586102d, L:/127.0.0.1:49742 - R:localhost/127.0.0.1:56885]' for 'GET' to 'http://localhost:56885/session/fd38b48bd8a59d2b28f997cfe1a727bf/element/1ced9e8b-4879-4c0e-ad46-11d3063456bc/enabled'
00:46:47.733 [Forwarding isElementEnabled on session fd38b48bd8a59d2b28f997cfe1a727bf to remote] DEBUG org.asynchttpclient.netty.request.NettyRequestSender - Using open Channel [id: 0x6586102d, L:/127.0.0.1:49742 - R:localhost/127.0.0.1:56885] for GET '/session/fd38b48bd8a59d2b28f997cfe1a727bf/element/1ced9e8b-4879-4c0e-ad46-11d3063456bc/enabled'
00:46:47.737 [AsyncHttpClient-1-2] DEBUG org.asynchttpclient.netty.handler.HttpHandler - 

Request DefaultFullHttpRequest(decodeResult: success, version: HTTP/1.1, content: EmptyByteBufBE)
GET /session/fd38b48bd8a59d2b28f997cfe1a727bf/element/1ced9e8b-4879-4c0e-ad46-11d3063456bc/enabled HTTP/1.1
User-Agent: selenium/4.1.2 (java windows)
Cache-Control: no-cache
Content-Type: application/json; charset=utf-8
host: localhost:56885
accept: */*

Response DefaultHttpResponse(decodeResult: success, version: HTTP/1.1)
HTTP/1.1 200 OK
Content-Type: application/json; charset=utf-8
cache-control: no-cache
content-length: 14

00:46:47.737 [AsyncHttpClient-1-2] DEBUG org.asynchttpclient.netty.channel.ChannelManager - Adding key: http://localhost:56885 for channel [id: 0x6586102d, L:/127.0.0.1:49742 - R:localhost/127.0.0.1:56885]
00:46:47.738 [Forwarding isElementEnabled on session fd38b48bd8a59d2b28f997cfe1a727bf to remote] DEBUG org.asynchttpclient.netty.request.NettyRequestSender - Using pooled Channel '[id: 0x6586102d, L:/127.0.0.1:49742 - R:localhost/127.0.0.1:56885]' for 'GET' to 'http://localhost:56885/session/fd38b48bd8a59d2b28f997cfe1a727bf/element/1ced9e8b-4879-4c0e-ad46-11d3063456bc/enabled'
00:46:47.738 [Forwarding isElementEnabled on session fd38b48bd8a59d2b28f997cfe1a727bf to remote] DEBUG org.asynchttpclient.netty.request.NettyRequestSender - Using open Channel [id: 0x6586102d, L:/127.0.0.1:49742 - R:localhost/127.0.0.1:56885] for GET '/session/fd38b48bd8a59d2b28f997cfe1a727bf/element/1ced9e8b-4879-4c0e-ad46-11d3063456bc/enabled'
00:46:47.740 [AsyncHttpClient-1-2] DEBUG org.asynchttpclient.netty.handler.HttpHandler - 

Request DefaultFullHttpRequest(decodeResult: success, version: HTTP/1.1, content: EmptyByteBufBE)
GET /session/fd38b48bd8a59d2b28f997cfe1a727bf/element/1ced9e8b-4879-4c0e-ad46-11d3063456bc/enabled HTTP/1.1
User-Agent: selenium/4.1.2 (java windows)
Cache-Control: no-cache
Content-Type: application/json; charset=utf-8
host: localhost:56885
accept: */*

Response DefaultHttpResponse(decodeResult: success, version: HTTP/1.1)
HTTP/1.1 200 OK
Content-Type: application/json; charset=utf-8
cache-control: no-cache
content-length: 14

00:46:47.741 [AsyncHttpClient-1-2] DEBUG org.asynchttpclient.netty.channel.ChannelManager - Adding key: http://localhost:56885 for channel [id: 0x6586102d, L:/127.0.0.1:49742 - R:localhost/127.0.0.1:56885]
00:46:47.742 [Forwarding findElement on session fd38b48bd8a59d2b28f997cfe1a727bf to remote] DEBUG org.asynchttpclient.netty.request.NettyRequestSender - Using pooled Channel '[id: 0x6586102d, L:/127.0.0.1:49742 - R:localhost/127.0.0.1:56885]' for 'POST' to 'http://localhost:56885/session/fd38b48bd8a59d2b28f997cfe1a727bf/element'
00:46:47.742 [Forwarding findElement on session fd38b48bd8a59d2b28f997cfe1a727bf to remote] DEBUG org.asynchttpclient.netty.request.NettyRequestSender - Using open Channel [id: 0x6586102d, L:/127.0.0.1:49742 - R:localhost/127.0.0.1:56885] for POST '/session/fd38b48bd8a59d2b28f997cfe1a727bf/element'
00:46:47.745 [AsyncHttpClient-1-2] DEBUG org.asynchttpclient.netty.handler.HttpHandler - 

Request DefaultHttpRequest(decodeResult: success, version: HTTP/1.1)
POST /session/fd38b48bd8a59d2b28f997cfe1a727bf/element HTTP/1.1
User-Agent: selenium/4.1.2 (java windows)
Content-Length: 71
Content-Type: application/json; charset=utf-8
host: localhost:56885
accept: */*

Response DefaultHttpResponse(decodeResult: success, version: HTTP/1.1)
HTTP/1.1 200 OK
Content-Type: application/json; charset=utf-8
cache-control: no-cache
content-length: 88

00:46:47.745 [AsyncHttpClient-1-2] DEBUG org.asynchttpclient.netty.channel.ChannelManager - Adding key: http://localhost:56885 for channel [id: 0x6586102d, L:/127.0.0.1:49742 - R:localhost/127.0.0.1:56885]
00:46:47.745 [Forwarding clickElement on session fd38b48bd8a59d2b28f997cfe1a727bf to remote] DEBUG org.asynchttpclient.netty.request.NettyRequestSender - Using pooled Channel '[id: 0x6586102d, L:/127.0.0.1:49742 - R:localhost/127.0.0.1:56885]' for 'POST' to 'http://localhost:56885/session/fd38b48bd8a59d2b28f997cfe1a727bf/element/1ced9e8b-4879-4c0e-ad46-11d3063456bc/click'
00:46:47.745 [Forwarding clickElement on session fd38b48bd8a59d2b28f997cfe1a727bf to remote] DEBUG org.asynchttpclient.netty.request.NettyRequestSender - Using open Channel [id: 0x6586102d, L:/127.0.0.1:49742 - R:localhost/127.0.0.1:56885] for POST '/session/fd38b48bd8a59d2b28f997cfe1a727bf/element/1ced9e8b-4879-4c0e-ad46-11d3063456bc/click'
00:46:47.766 [AsyncHttpClient-1-2] DEBUG org.asynchttpclient.netty.handler.HttpHandler - 

Request DefaultHttpRequest(decodeResult: success, version: HTTP/1.1)
POST /session/fd38b48bd8a59d2b28f997cfe1a727bf/element/1ced9e8b-4879-4c0e-ad46-11d3063456bc/click HTTP/1.1
User-Agent: selenium/4.1.2 (java windows)
Content-Length: 50
Content-Type: application/json; charset=utf-8
host: localhost:56885
accept: */*

Response DefaultHttpResponse(decodeResult: success, version: HTTP/1.1)
HTTP/1.1 200 OK
Content-Type: application/json; charset=utf-8
cache-control: no-cache
content-length: 14

00:46:47.766 [AsyncHttpClient-1-2] DEBUG org.asynchttpclient.netty.channel.ChannelManager - Adding key: http://localhost:56885 for channel [id: 0x6586102d, L:/127.0.0.1:49742 - R:localhost/127.0.0.1:56885]
00:46:47.770 [Forwarding screenshot on session fd38b48bd8a59d2b28f997cfe1a727bf to remote] DEBUG org.asynchttpclient.netty.request.NettyRequestSender - Using pooled Channel '[id: 0x6586102d, L:/127.0.0.1:49742 - R:localhost/127.0.0.1:56885]' for 'GET' to 'http://localhost:56885/session/fd38b48bd8a59d2b28f997cfe1a727bf/screenshot'
00:46:47.770 [Forwarding screenshot on session fd38b48bd8a59d2b28f997cfe1a727bf to remote] DEBUG org.asynchttpclient.netty.request.NettyRequestSender - Using open Channel [id: 0x6586102d, L:/127.0.0.1:49742 - R:localhost/127.0.0.1:56885] for GET '/session/fd38b48bd8a59d2b28f997cfe1a727bf/screenshot'
00:46:47.988 [AsyncHttpClient-1-2] DEBUG org.asynchttpclient.netty.handler.HttpHandler - 

Request DefaultFullHttpRequest(decodeResult: success, version: HTTP/1.1, content: EmptyByteBufBE)
GET /session/fd38b48bd8a59d2b28f997cfe1a727bf/screenshot HTTP/1.1
User-Agent: selenium/4.1.2 (java windows)
Cache-Control: no-cache
Content-Type: application/json; charset=utf-8
host: localhost:56885
accept: */*

Response DefaultHttpResponse(decodeResult: success, version: HTTP/1.1)
HTTP/1.1 200 OK
Content-Type: application/json; charset=utf-8
cache-control: no-cache
content-length: 575004

00:46:47.989 [AsyncHttpClient-1-2] DEBUG org.asynchttpclient.netty.channel.ChannelManager - Adding key: http://localhost:56885 for channel [id: 0x6586102d, L:/127.0.0.1:49742 - R:localhost/127.0.0.1:56885]
00:46:47.996 [main] DEBUG net.serenitybdd.core.photography.Darkroom - Send negative for processing for target\site\serenity\bdfb3257a55b5f729af578dfc1dc3a5762c89839bea5dc19984e34dd6640fee1.png
00:46:47.996 [main] DEBUG net.thucydides.core.steps.StepInterceptor - STEP DONE: clickloginButton
  &amp#27;[32mAnd &amp#27;[0m&amp#27;[32mclick login button&amp#27;[0m                                                  &amp#27;[90m# starter.definitions.LoginSteps.clickLoginButton()&amp#27;[0m
00:46:48.004 [main] DEBUG net.thucydides.core.steps.StepInterceptor - STARTING STEP: LoginSteps.clickSucsessLogin - sucseslogin
00:46:48.005 [Forwarding findElement on session fd38b48bd8a59d2b28f997cfe1a727bf to remote] DEBUG org.asynchttpclient.netty.request.NettyRequestSender - Using pooled Channel '[id: 0x6586102d, L:/127.0.0.1:49742 - R:localhost/127.0.0.1:56885]' for 'POST' to 'http://localhost:56885/session/fd38b48bd8a59d2b28f997cfe1a727bf/element'
00:46:48.005 [Forwarding findElement on session fd38b48bd8a59d2b28f997cfe1a727bf to remote] DEBUG org.asynchttpclient.netty.request.NettyRequestSender - Using open Channel [id: 0x6586102d, L:/127.0.0.1:49742 - R:localhost/127.0.0.1:56885] for POST '/session/fd38b48bd8a59d2b28f997cfe1a727bf/element'
00:46:48.339 [AsyncHttpClient-1-2] DEBUG org.asynchttpclient.netty.handler.HttpHandler - 

Request DefaultHttpRequest(decodeResult: success, version: HTTP/1.1)
POST /session/fd38b48bd8a59d2b28f997cfe1a727bf/element HTTP/1.1
User-Agent: selenium/4.1.2 (java windows)
Content-Length: 79
Content-Type: application/json; charset=utf-8
host: localhost:56885
accept: */*

Response DefaultHttpResponse(decodeResult: success, version: HTTP/1.1)
HTTP/1.1 200 OK
Content-Type: application/json; charset=utf-8
cache-control: no-cache
content-length: 88

00:46:48.339 [AsyncHttpClient-1-2] DEBUG org.asynchttpclient.netty.channel.ChannelManager - Adding key: http://localhost:56885 for channel [id: 0x6586102d, L:/127.0.0.1:49742 - R:localhost/127.0.0.1:56885]
00:46:48.340 [Forwarding getElementTagName on session fd38b48bd8a59d2b28f997cfe1a727bf to remote] DEBUG org.asynchttpclient.netty.request.NettyRequestSender - Using pooled Channel '[id: 0x6586102d, L:/127.0.0.1:49742 - R:localhost/127.0.0.1:56885]' for 'GET' to 'http://localhost:56885/session/fd38b48bd8a59d2b28f997cfe1a727bf/element/ac75f454-784c-4186-9f32-d08e4156c12e/name'
00:46:48.340 [Forwarding getElementTagName on session fd38b48bd8a59d2b28f997cfe1a727bf to remote] DEBUG org.asynchttpclient.netty.request.NettyRequestSender - Using open Channel [id: 0x6586102d, L:/127.0.0.1:49742 - R:localhost/127.0.0.1:56885] for GET '/session/fd38b48bd8a59d2b28f997cfe1a727bf/element/ac75f454-784c-4186-9f32-d08e4156c12e/name'
00:46:48.344 [AsyncHttpClient-1-2] DEBUG org.asynchttpclient.netty.handler.HttpHandler - 

Request DefaultFullHttpRequest(decodeResult: success, version: HTTP/1.1, content: EmptyByteBufBE)
GET /session/fd38b48bd8a59d2b28f997cfe1a727bf/element/ac75f454-784c-4186-9f32-d08e4156c12e/name HTTP/1.1
User-Agent: selenium/4.1.2 (java windows)
Cache-Control: no-cache
Content-Type: application/json; charset=utf-8
host: localhost:56885
accept: */*

Response DefaultHttpResponse(decodeResult: success, version: HTTP/1.1)
HTTP/1.1 200 OK
Content-Type: application/json; charset=utf-8
cache-control: no-cache
content-length: 18

00:46:48.344 [AsyncHttpClient-1-2] DEBUG org.asynchttpclient.netty.channel.ChannelManager - Adding key: http://localhost:56885 for channel [id: 0x6586102d, L:/127.0.0.1:49742 - R:localhost/127.0.0.1:56885]
00:46:48.344 [Forwarding getElementTagName on session fd38b48bd8a59d2b28f997cfe1a727bf to remote] DEBUG org.asynchttpclient.netty.request.NettyRequestSender - Using pooled Channel '[id: 0x6586102d, L:/127.0.0.1:49742 - R:localhost/127.0.0.1:56885]' for 'GET' to 'http://localhost:56885/session/fd38b48bd8a59d2b28f997cfe1a727bf/element/ac75f454-784c-4186-9f32-d08e4156c12e/name'
00:46:48.344 [Forwarding getElementTagName on session fd38b48bd8a59d2b28f997cfe1a727bf to remote] DEBUG org.asynchttpclient.netty.request.NettyRequestSender - Using open Channel [id: 0x6586102d, L:/127.0.0.1:49742 - R:localhost/127.0.0.1:56885] for GET '/session/fd38b48bd8a59d2b28f997cfe1a727bf/element/ac75f454-784c-4186-9f32-d08e4156c12e/name'
00:46:48.346 [AsyncHttpClient-1-2] DEBUG org.asynchttpclient.netty.handler.HttpHandler - 

Request DefaultFullHttpRequest(decodeResult: success, version: HTTP/1.1, content: EmptyByteBufBE)
GET /session/fd38b48bd8a59d2b28f997cfe1a727bf/element/ac75f454-784c-4186-9f32-d08e4156c12e/name HTTP/1.1
User-Agent: selenium/4.1.2 (java windows)
Cache-Control: no-cache
Content-Type: application/json; charset=utf-8
host: localhost:56885
accept: */*

Response DefaultHttpResponse(decodeResult: success, version: HTTP/1.1)
HTTP/1.1 200 OK
Content-Type: application/json; charset=utf-8
cache-control: no-cache
content-length: 18

00:46:48.346 [AsyncHttpClient-1-2] DEBUG org.asynchttpclient.netty.channel.ChannelManager - Adding key: http://localhost:56885 for channel [id: 0x6586102d, L:/127.0.0.1:49742 - R:localhost/127.0.0.1:56885]
00:46:48.347 [Forwarding isElementEnabled on session fd38b48bd8a59d2b28f997cfe1a727bf to remote] DEBUG org.asynchttpclient.netty.request.NettyRequestSender - Using pooled Channel '[id: 0x6586102d, L:/127.0.0.1:49742 - R:localhost/127.0.0.1:56885]' for 'GET' to 'http://localhost:56885/session/fd38b48bd8a59d2b28f997cfe1a727bf/element/ac75f454-784c-4186-9f32-d08e4156c12e/enabled'
00:46:48.347 [Forwarding isElementEnabled on session fd38b48bd8a59d2b28f997cfe1a727bf to remote] DEBUG org.asynchttpclient.netty.request.NettyRequestSender - Using open Channel [id: 0x6586102d, L:/127.0.0.1:49742 - R:localhost/127.0.0.1:56885] for GET '/session/fd38b48bd8a59d2b28f997cfe1a727bf/element/ac75f454-784c-4186-9f32-d08e4156c12e/enabled'
00:46:48.351 [AsyncHttpClient-1-2] DEBUG org.asynchttpclient.netty.handler.HttpHandler - 

Request DefaultFullHttpRequest(decodeResult: success, version: HTTP/1.1, content: EmptyByteBufBE)
GET /session/fd38b48bd8a59d2b28f997cfe1a727bf/element/ac75f454-784c-4186-9f32-d08e4156c12e/enabled HTTP/1.1
User-Agent: selenium/4.1.2 (java windows)
Cache-Control: no-cache
Content-Type: application/json; charset=utf-8
host: localhost:56885
accept: */*

Response DefaultHttpResponse(decodeResult: success, version: HTTP/1.1)
HTTP/1.1 200 OK
Content-Type: application/json; charset=utf-8
cache-control: no-cache
content-length: 14

00:46:48.351 [AsyncHttpClient-1-2] DEBUG org.asynchttpclient.netty.channel.ChannelManager - Adding key: http://localhost:56885 for channel [id: 0x6586102d, L:/127.0.0.1:49742 - R:localhost/127.0.0.1:56885]
00:46:48.352 [Forwarding isElementEnabled on session fd38b48bd8a59d2b28f997cfe1a727bf to remote] DEBUG org.asynchttpclient.netty.request.NettyRequestSender - Using pooled Channel '[id: 0x6586102d, L:/127.0.0.1:49742 - R:localhost/127.0.0.1:56885]' for 'GET' to 'http://localhost:56885/session/fd38b48bd8a59d2b28f997cfe1a727bf/element/ac75f454-784c-4186-9f32-d08e4156c12e/enabled'
00:46:48.352 [Forwarding isElementEnabled on session fd38b48bd8a59d2b28f997cfe1a727bf to remote] DEBUG org.asynchttpclient.netty.request.NettyRequestSender - Using open Channel [id: 0x6586102d, L:/127.0.0.1:49742 - R:localhost/127.0.0.1:56885] for GET '/session/fd38b48bd8a59d2b28f997cfe1a727bf/element/ac75f454-784c-4186-9f32-d08e4156c12e/enabled'
00:46:48.357 [AsyncHttpClient-1-2] DEBUG org.asynchttpclient.netty.handler.HttpHandler - 

Request DefaultFullHttpRequest(decodeResult: success, version: HTTP/1.1, content: EmptyByteBufBE)
GET /session/fd38b48bd8a59d2b28f997cfe1a727bf/element/ac75f454-784c-4186-9f32-d08e4156c12e/enabled HTTP/1.1
User-Agent: selenium/4.1.2 (java windows)
Cache-Control: no-cache
Content-Type: application/json; charset=utf-8
host: localhost:56885
accept: */*

Response DefaultHttpResponse(decodeResult: success, version: HTTP/1.1)
HTTP/1.1 200 OK
Content-Type: application/json; charset=utf-8
cache-control: no-cache
content-length: 14

00:46:48.357 [AsyncHttpClient-1-2] DEBUG org.asynchttpclient.netty.channel.ChannelManager - Adding key: http://localhost:56885 for channel [id: 0x6586102d, L:/127.0.0.1:49742 - R:localhost/127.0.0.1:56885]
00:46:48.358 [Forwarding findElement on session fd38b48bd8a59d2b28f997cfe1a727bf to remote] DEBUG org.asynchttpclient.netty.request.NettyRequestSender - Using pooled Channel '[id: 0x6586102d, L:/127.0.0.1:49742 - R:localhost/127.0.0.1:56885]' for 'POST' to 'http://localhost:56885/session/fd38b48bd8a59d2b28f997cfe1a727bf/element'
00:46:48.358 [Forwarding findElement on session fd38b48bd8a59d2b28f997cfe1a727bf to remote] DEBUG org.asynchttpclient.netty.request.NettyRequestSender - Using open Channel [id: 0x6586102d, L:/127.0.0.1:49742 - R:localhost/127.0.0.1:56885] for POST '/session/fd38b48bd8a59d2b28f997cfe1a727bf/element'
00:46:48.361 [AsyncHttpClient-1-2] DEBUG org.asynchttpclient.netty.handler.HttpHandler - 

Request DefaultHttpRequest(decodeResult: success, version: HTTP/1.1)
POST /session/fd38b48bd8a59d2b28f997cfe1a727bf/element HTTP/1.1
User-Agent: selenium/4.1.2 (java windows)
Content-Length: 79
Content-Type: application/json; charset=utf-8
host: localhost:56885
accept: */*

Response DefaultHttpResponse(decodeResult: success, version: HTTP/1.1)
HTTP/1.1 200 OK
Content-Type: application/json; charset=utf-8
cache-control: no-cache
content-length: 88

00:46:48.361 [AsyncHttpClient-1-2] DEBUG org.asynchttpclient.netty.channel.ChannelManager - Adding key: http://localhost:56885 for channel [id: 0x6586102d, L:/127.0.0.1:49742 - R:localhost/127.0.0.1:56885]
00:46:48.362 [Forwarding clickElement on session fd38b48bd8a59d2b28f997cfe1a727bf to remote] DEBUG org.asynchttpclient.netty.request.NettyRequestSender - Using pooled Channel '[id: 0x6586102d, L:/127.0.0.1:49742 - R:localhost/127.0.0.1:56885]' for 'POST' to 'http://localhost:56885/session/fd38b48bd8a59d2b28f997cfe1a727bf/element/ac75f454-784c-4186-9f32-d08e4156c12e/click'
00:46:48.362 [Forwarding clickElement on session fd38b48bd8a59d2b28f997cfe1a727bf to remote] DEBUG org.asynchttpclient.netty.request.NettyRequestSender - Using open Channel [id: 0x6586102d, L:/127.0.0.1:49742 - R:localhost/127.0.0.1:56885] for POST '/session/fd38b48bd8a59d2b28f997cfe1a727bf/element/ac75f454-784c-4186-9f32-d08e4156c12e/click'
00:46:48.379 [AsyncHttpClient-1-2] DEBUG org.asynchttpclient.netty.handler.HttpHandler - 

Request DefaultHttpRequest(decodeResult: success, version: HTTP/1.1)
POST /session/fd38b48bd8a59d2b28f997cfe1a727bf/element/ac75f454-784c-4186-9f32-d08e4156c12e/click HTTP/1.1
User-Agent: selenium/4.1.2 (java windows)
Content-Length: 50
Content-Type: application/json; charset=utf-8
host: localhost:56885
accept: */*

Response DefaultHttpResponse(decodeResult: success, version: HTTP/1.1)
HTTP/1.1 200 OK
Content-Type: application/json; charset=utf-8
cache-control: no-cache
content-length: 14

00:46:48.379 [AsyncHttpClient-1-2] DEBUG org.asynchttpclient.netty.channel.ChannelManager - Adding key: http://localhost:56885 for channel [id: 0x6586102d, L:/127.0.0.1:49742 - R:localhost/127.0.0.1:56885]
00:46:48.382 [Forwarding screenshot on session fd38b48bd8a59d2b28f997cfe1a727bf to remote] DEBUG org.asynchttpclient.netty.request.NettyRequestSender - Using pooled Channel '[id: 0x6586102d, L:/127.0.0.1:49742 - R:localhost/127.0.0.1:56885]' for 'GET' to 'http://localhost:56885/session/fd38b48bd8a59d2b28f997cfe1a727bf/screenshot'
00:46:48.382 [Forwarding screenshot on session fd38b48bd8a59d2b28f997cfe1a727bf to remote] DEBUG org.asynchttpclient.netty.request.NettyRequestSender - Using open Channel [id: 0x6586102d, L:/127.0.0.1:49742 - R:localhost/127.0.0.1:56885] for GET '/session/fd38b48bd8a59d2b28f997cfe1a727bf/screenshot'
00:46:48.572 [AsyncHttpClient-1-2] DEBUG org.asynchttpclient.netty.handler.HttpHandler - 

Request DefaultFullHttpRequest(decodeResult: success, version: HTTP/1.1, content: EmptyByteBufBE)
GET /session/fd38b48bd8a59d2b28f997cfe1a727bf/screenshot HTTP/1.1
User-Agent: selenium/4.1.2 (java windows)
Cache-Control: no-cache
Content-Type: application/json; charset=utf-8
host: localhost:56885
accept: */*

Response DefaultHttpResponse(decodeResult: success, version: HTTP/1.1)
HTTP/1.1 200 OK
Content-Type: application/json; charset=utf-8
cache-control: no-cache
content-length: 100284

00:46:48.572 [AsyncHttpClient-1-2] DEBUG org.asynchttpclient.netty.channel.ChannelManager - Adding key: http://localhost:56885 for channel [id: 0x6586102d, L:/127.0.0.1:49742 - R:localhost/127.0.0.1:56885]
00:46:48.573 [main] DEBUG net.serenitybdd.core.photography.Darkroom - Send negative for processing for target\site\serenity\7c260e579f8b2e7fc7c6e1a11554aad6613c0ced15d3c4f333929e0ce6294032.png
00:46:48.574 [main] DEBUG net.thucydides.core.steps.StepInterceptor - STEP DONE: sucseslogin
  &amp#27;[32mAnd &amp#27;[0m&amp#27;[32mclick sucsess login&amp#27;[0m                                                 &amp#27;[90m# starter.definitions.LoginSteps.clickSucsessLogin()&amp#27;[0m
00:46:48.574 [Darkroom Processing Line] DEBUG net.serenitybdd.core.photography.DarkroomProcessingLine - Processing screenshot image in /var/screenshots/screenshot-9684665297495633407
00:46:48.574 [Darkroom Processing Line] DEBUG net.serenitybdd.core.photography.DarkroomProcessingLine - Saving screenshot to target\site\serenity\7c260e579f8b2e7fc7c6e1a11554aad6613c0ced15d3c4f333929e0ce6294032.png
00:46:48.585 [main] DEBUG net.thucydides.core.steps.StepInterceptor - STARTING STEP: ContentSteps.adminTheDashboardPage - dashboardpage
00:46:48.586 [Forwarding findElement on session fd38b48bd8a59d2b28f997cfe1a727bf to remote] DEBUG org.asynchttpclient.netty.request.NettyRequestSender - Using pooled Channel '[id: 0x6586102d, L:/127.0.0.1:49742 - R:localhost/127.0.0.1:56885]' for 'POST' to 'http://localhost:56885/session/fd38b48bd8a59d2b28f997cfe1a727bf/element'
00:46:48.586 [Forwarding findElement on session fd38b48bd8a59d2b28f997cfe1a727bf to remote] DEBUG org.asynchttpclient.netty.request.NettyRequestSender - Using open Channel [id: 0x6586102d, L:/127.0.0.1:49742 - R:localhost/127.0.0.1:56885] for POST '/session/fd38b48bd8a59d2b28f997cfe1a727bf/element'
00:46:48.594 [AsyncHttpClient-1-2] DEBUG org.asynchttpclient.netty.handler.HttpHandler - 

Request DefaultHttpRequest(decodeResult: success, version: HTTP/1.1)
POST /session/fd38b48bd8a59d2b28f997cfe1a727bf/element HTTP/1.1
User-Agent: selenium/4.1.2 (java windows)
Content-Length: 82
Content-Type: application/json; charset=utf-8
host: localhost:56885
accept: */*

Response DefaultHttpResponse(decodeResult: success, version: HTTP/1.1)
HTTP/1.1 200 OK
Content-Type: application/json; charset=utf-8
cache-control: no-cache
content-length: 88

00:46:48.594 [AsyncHttpClient-1-2] DEBUG org.asynchttpclient.netty.channel.ChannelManager - Adding key: http://localhost:56885 for channel [id: 0x6586102d, L:/127.0.0.1:49742 - R:localhost/127.0.0.1:56885]
00:46:48.596 [Forwarding isElementDisplayed on session fd38b48bd8a59d2b28f997cfe1a727bf to remote] DEBUG org.asynchttpclient.netty.request.NettyRequestSender - Using pooled Channel '[id: 0x6586102d, L:/127.0.0.1:49742 - R:localhost/127.0.0.1:56885]' for 'POST' to 'http://localhost:56885/session/fd38b48bd8a59d2b28f997cfe1a727bf/execute/sync'
00:46:48.596 [Forwarding isElementDisplayed on session fd38b48bd8a59d2b28f997cfe1a727bf to remote] DEBUG org.asynchttpclient.netty.request.NettyRequestSender - Using open Channel [id: 0x6586102d, L:/127.0.0.1:49742 - R:localhost/127.0.0.1:56885] for POST '/session/fd38b48bd8a59d2b28f997cfe1a727bf/execute/sync'
00:46:48.611 [AsyncHttpClient-1-2] DEBUG org.asynchttpclient.netty.handler.HttpHandler - 

Request DefaultHttpRequest(decodeResult: success, version: HTTP/1.1)
POST /session/fd38b48bd8a59d2b28f997cfe1a727bf/execute/sync HTTP/1.1
User-Agent: selenium/4.1.2 (java windows)
Content-Length: 48780
Content-Type: application/json; charset=utf-8
host: localhost:56885
accept: */*

Response DefaultHttpResponse(decodeResult: success, version: HTTP/1.1)
HTTP/1.1 200 OK
Content-Type: application/json; charset=utf-8
cache-control: no-cache
content-length: 14

00:46:48.611 [AsyncHttpClient-1-2] DEBUG org.asynchttpclient.netty.channel.ChannelManager - Adding key: http://localhost:56885 for channel [id: 0x6586102d, L:/127.0.0.1:49742 - R:localhost/127.0.0.1:56885]
00:46:48.614 [main] DEBUG net.thucydides.core.steps.StepInterceptor - STEP DONE: dashboardpage
  &amp#27;[32mGiven &amp#27;[0m&amp#27;[32madmin the dashboard page&amp#27;[0m                                          &amp#27;[90m# starter.definitions.ContentSteps.adminTheDashboardPage()&amp#27;[0m
00:46:48.621 [main] DEBUG net.thucydides.core.steps.StepInterceptor - STARTING STEP: ContentSteps.adminClickContentPage - contentpage
00:46:48.623 [Forwarding findElement on session fd38b48bd8a59d2b28f997cfe1a727bf to remote] DEBUG org.asynchttpclient.netty.request.NettyRequestSender - Using pooled Channel '[id: 0x6586102d, L:/127.0.0.1:49742 - R:localhost/127.0.0.1:56885]' for 'POST' to 'http://localhost:56885/session/fd38b48bd8a59d2b28f997cfe1a727bf/element'
00:46:48.623 [Forwarding findElement on session fd38b48bd8a59d2b28f997cfe1a727bf to remote] DEBUG org.asynchttpclient.netty.request.NettyRequestSender - Using open Channel [id: 0x6586102d, L:/127.0.0.1:49742 - R:localhost/127.0.0.1:56885] for POST '/session/fd38b48bd8a59d2b28f997cfe1a727bf/element'
00:46:48.785 [AsyncHttpClient-1-1] DEBUG org.asynchttpclient.netty.channel.DefaultChannelPool - Entry count for : http://localhost:49743 : 1
00:46:49.887 [AsyncHttpClient-1-1] DEBUG org.asynchttpclient.netty.channel.DefaultChannelPool - Entry count for : http://localhost:49743 : 1
00:46:50.643 [AsyncHttpClient-1-2] DEBUG org.asynchttpclient.netty.handler.HttpHandler - 

Request DefaultHttpRequest(decodeResult: success, version: HTTP/1.1)
POST /session/fd38b48bd8a59d2b28f997cfe1a727bf/element HTTP/1.1
User-Agent: selenium/4.1.2 (java windows)
Content-Length: 119
Content-Type: application/json; charset=utf-8
host: localhost:56885
accept: */*

Response DefaultHttpResponse(decodeResult: success, version: HTTP/1.1)
HTTP/1.1 404 Not Found
Content-Type: application/json; charset=utf-8
cache-control: no-cache
content-length: 1077

00:46:50.643 [AsyncHttpClient-1-2] DEBUG org.asynchttpclient.netty.channel.ChannelManager - Adding key: http://localhost:56885 for channel [id: 0x6586102d, L:/127.0.0.1:49742 - R:localhost/127.0.0.1:56885]
00:46:50.751 [Forwarding findElement on session fd38b48bd8a59d2b28f997cfe1a727bf to remote] DEBUG org.asynchttpclient.netty.request.NettyRequestSender - Using pooled Channel '[id: 0x6586102d, L:/127.0.0.1:49742 - R:localhost/127.0.0.1:56885]' for 'POST' to 'http://localhost:56885/session/fd38b48bd8a59d2b28f997cfe1a727bf/element'
00:46:50.751 [Forwarding findElement on session fd38b48bd8a59d2b28f997cfe1a727bf to remote] DEBUG org.asynchttpclient.netty.request.NettyRequestSender - Using open Channel [id: 0x6586102d, L:/127.0.0.1:49742 - R:localhost/127.0.0.1:56885] for POST '/session/fd38b48bd8a59d2b28f997cfe1a727bf/element'
00:46:50.988 [AsyncHttpClient-1-1] DEBUG org.asynchttpclient.netty.channel.DefaultChannelPool - Entry count for : http://localhost:49743 : 1
00:46:52.014 [AsyncHttpClient-1-2] DEBUG org.asynchttpclient.netty.handler.HttpHandler - 

Request DefaultHttpRequest(decodeResult: success, version: HTTP/1.1)
POST /session/fd38b48bd8a59d2b28f997cfe1a727bf/element HTTP/1.1
User-Agent: selenium/4.1.2 (java windows)
Content-Length: 119
Content-Type: application/json; charset=utf-8
host: localhost:56885
accept: */*

Response DefaultHttpResponse(decodeResult: success, version: HTTP/1.1)
HTTP/1.1 200 OK
Content-Type: application/json; charset=utf-8
cache-control: no-cache
content-length: 88

00:46:52.014 [AsyncHttpClient-1-2] DEBUG org.asynchttpclient.netty.channel.ChannelManager - Adding key: http://localhost:56885 for channel [id: 0x6586102d, L:/127.0.0.1:49742 - R:localhost/127.0.0.1:56885]
00:46:52.015 [Forwarding getElementTagName on session fd38b48bd8a59d2b28f997cfe1a727bf to remote] DEBUG org.asynchttpclient.netty.request.NettyRequestSender - Using pooled Channel '[id: 0x6586102d, L:/127.0.0.1:49742 - R:localhost/127.0.0.1:56885]' for 'GET' to 'http://localhost:56885/session/fd38b48bd8a59d2b28f997cfe1a727bf/element/73cde408-ff36-47bb-8924-7b984619cbdf/name'
00:46:52.015 [Forwarding getElementTagName on session fd38b48bd8a59d2b28f997cfe1a727bf to remote] DEBUG org.asynchttpclient.netty.request.NettyRequestSender - Using open Channel [id: 0x6586102d, L:/127.0.0.1:49742 - R:localhost/127.0.0.1:56885] for GET '/session/fd38b48bd8a59d2b28f997cfe1a727bf/element/73cde408-ff36-47bb-8924-7b984619cbdf/name'
00:46:52.016 [AsyncHttpClient-1-2] DEBUG org.asynchttpclient.netty.handler.HttpHandler - 

Request DefaultFullHttpRequest(decodeResult: success, version: HTTP/1.1, content: EmptyByteBufBE)
GET /session/fd38b48bd8a59d2b28f997cfe1a727bf/element/73cde408-ff36-47bb-8924-7b984619cbdf/name HTTP/1.1
User-Agent: selenium/4.1.2 (java windows)
Cache-Control: no-cache
Content-Type: application/json; charset=utf-8
host: localhost:56885
accept: */*

Response DefaultHttpResponse(decodeResult: success, version: HTTP/1.1)
HTTP/1.1 200 OK
Content-Type: application/json; charset=utf-8
cache-control: no-cache
content-length: 15

00:46:52.016 [AsyncHttpClient-1-2] DEBUG org.asynchttpclient.netty.channel.ChannelManager - Adding key: http://localhost:56885 for channel [id: 0x6586102d, L:/127.0.0.1:49742 - R:localhost/127.0.0.1:56885]
00:46:52.017 [Forwarding getElementTagName on session fd38b48bd8a59d2b28f997cfe1a727bf to remote] DEBUG org.asynchttpclient.netty.request.NettyRequestSender - Using pooled Channel '[id: 0x6586102d, L:/127.0.0.1:49742 - R:localhost/127.0.0.1:56885]' for 'GET' to 'http://localhost:56885/session/fd38b48bd8a59d2b28f997cfe1a727bf/element/73cde408-ff36-47bb-8924-7b984619cbdf/name'
00:46:52.017 [Forwarding getElementTagName on session fd38b48bd8a59d2b28f997cfe1a727bf to remote] DEBUG org.asynchttpclient.netty.request.NettyRequestSender - Using open Channel [id: 0x6586102d, L:/127.0.0.1:49742 - R:localhost/127.0.0.1:56885] for GET '/session/fd38b48bd8a59d2b28f997cfe1a727bf/element/73cde408-ff36-47bb-8924-7b984619cbdf/name'
00:46:52.018 [AsyncHttpClient-1-2] DEBUG org.asynchttpclient.netty.handler.HttpHandler - 

Request DefaultFullHttpRequest(decodeResult: success, version: HTTP/1.1, content: EmptyByteBufBE)
GET /session/fd38b48bd8a59d2b28f997cfe1a727bf/element/73cde408-ff36-47bb-8924-7b984619cbdf/name HTTP/1.1
User-Agent: selenium/4.1.2 (java windows)
Cache-Control: no-cache
Content-Type: application/json; charset=utf-8
host: localhost:56885
accept: */*

Response DefaultHttpResponse(decodeResult: success, version: HTTP/1.1)
HTTP/1.1 200 OK
Content-Type: application/json; charset=utf-8
cache-control: no-cache
content-length: 15

00:46:52.018 [AsyncHttpClient-1-2] DEBUG org.asynchttpclient.netty.channel.ChannelManager - Adding key: http://localhost:56885 for channel [id: 0x6586102d, L:/127.0.0.1:49742 - R:localhost/127.0.0.1:56885]
00:46:52.018 [Forwarding findElement on session fd38b48bd8a59d2b28f997cfe1a727bf to remote] DEBUG org.asynchttpclient.netty.request.NettyRequestSender - Using pooled Channel '[id: 0x6586102d, L:/127.0.0.1:49742 - R:localhost/127.0.0.1:56885]' for 'POST' to 'http://localhost:56885/session/fd38b48bd8a59d2b28f997cfe1a727bf/element'
00:46:52.018 [Forwarding findElement on session fd38b48bd8a59d2b28f997cfe1a727bf to remote] DEBUG org.asynchttpclient.netty.request.NettyRequestSender - Using open Channel [id: 0x6586102d, L:/127.0.0.1:49742 - R:localhost/127.0.0.1:56885] for POST '/session/fd38b48bd8a59d2b28f997cfe1a727bf/element'
00:46:52.022 [AsyncHttpClient-1-2] DEBUG org.asynchttpclient.netty.handler.HttpHandler - 

Request DefaultHttpRequest(decodeResult: success, version: HTTP/1.1)
POST /session/fd38b48bd8a59d2b28f997cfe1a727bf/element HTTP/1.1
User-Agent: selenium/4.1.2 (java windows)
Content-Length: 119
Content-Type: application/json; charset=utf-8
host: localhost:56885
accept: */*

Response DefaultHttpResponse(decodeResult: success, version: HTTP/1.1)
HTTP/1.1 200 OK
Content-Type: application/json; charset=utf-8
cache-control: no-cache
content-length: 88

00:46:52.022 [AsyncHttpClient-1-2] DEBUG org.asynchttpclient.netty.channel.ChannelManager - Adding key: http://localhost:56885 for channel [id: 0x6586102d, L:/127.0.0.1:49742 - R:localhost/127.0.0.1:56885]
00:46:52.022 [Forwarding clickElement on session fd38b48bd8a59d2b28f997cfe1a727bf to remote] DEBUG org.asynchttpclient.netty.request.NettyRequestSender - Using pooled Channel '[id: 0x6586102d, L:/127.0.0.1:49742 - R:localhost/127.0.0.1:56885]' for 'POST' to 'http://localhost:56885/session/fd38b48bd8a59d2b28f997cfe1a727bf/element/73cde408-ff36-47bb-8924-7b984619cbdf/click'
00:46:52.022 [Forwarding clickElement on session fd38b48bd8a59d2b28f997cfe1a727bf to remote] DEBUG org.asynchttpclient.netty.request.NettyRequestSender - Using open Channel [id: 0x6586102d, L:/127.0.0.1:49742 - R:localhost/127.0.0.1:56885] for POST '/session/fd38b48bd8a59d2b28f997cfe1a727bf/element/73cde408-ff36-47bb-8924-7b984619cbdf/click'
00:46:52.048 [AsyncHttpClient-1-2] DEBUG org.asynchttpclient.netty.handler.HttpHandler - 

Request DefaultHttpRequest(decodeResult: success, version: HTTP/1.1)
POST /session/fd38b48bd8a59d2b28f997cfe1a727bf/element/73cde408-ff36-47bb-8924-7b984619cbdf/click HTTP/1.1
User-Agent: selenium/4.1.2 (java windows)
Content-Length: 50
Content-Type: application/json; charset=utf-8
host: localhost:56885
accept: */*

Response DefaultHttpResponse(decodeResult: success, version: HTTP/1.1)
HTTP/1.1 200 OK
Content-Type: application/json; charset=utf-8
cache-control: no-cache
content-length: 14

00:46:52.048 [AsyncHttpClient-1-2] DEBUG org.asynchttpclient.netty.channel.ChannelManager - Adding key: http://localhost:56885 for channel [id: 0x6586102d, L:/127.0.0.1:49742 - R:localhost/127.0.0.1:56885]
00:46:52.052 [Forwarding screenshot on session fd38b48bd8a59d2b28f997cfe1a727bf to remote] DEBUG org.asynchttpclient.netty.request.NettyRequestSender - Using pooled Channel '[id: 0x6586102d, L:/127.0.0.1:49742 - R:localhost/127.0.0.1:56885]' for 'GET' to 'http://localhost:56885/session/fd38b48bd8a59d2b28f997cfe1a727bf/screenshot'
00:46:52.052 [Forwarding screenshot on session fd38b48bd8a59d2b28f997cfe1a727bf to remote] DEBUG org.asynchttpclient.netty.request.NettyRequestSender - Using open Channel [id: 0x6586102d, L:/127.0.0.1:49742 - R:localhost/127.0.0.1:56885] for GET '/session/fd38b48bd8a59d2b28f997cfe1a727bf/screenshot'
00:46:52.091 [AsyncHttpClient-1-1] DEBUG org.asynchttpclient.netty.channel.DefaultChannelPool - Entry count for : http://localhost:49743 : 1
00:46:52.303 [AsyncHttpClient-1-2] DEBUG org.asynchttpclient.netty.handler.HttpHandler - 

Request DefaultFullHttpRequest(decodeResult: success, version: HTTP/1.1, content: EmptyByteBufBE)
GET /session/fd38b48bd8a59d2b28f997cfe1a727bf/screenshot HTTP/1.1
User-Agent: selenium/4.1.2 (java windows)
Cache-Control: no-cache
Content-Type: application/json; charset=utf-8
host: localhost:56885
accept: */*

Response DefaultHttpResponse(decodeResult: success, version: HTTP/1.1)
HTTP/1.1 200 OK
Content-Type: application/json; charset=utf-8
cache-control: no-cache
content-length: 112756

00:46:52.303 [AsyncHttpClient-1-2] DEBUG org.asynchttpclient.netty.channel.ChannelManager - Adding key: http://localhost:56885 for channel [id: 0x6586102d, L:/127.0.0.1:49742 - R:localhost/127.0.0.1:56885]
00:46:52.305 [main] DEBUG net.serenitybdd.core.photography.Darkroom - Send negative for processing for target\site\serenity\bee28c913680c96aded294145e660b703c96c83bb7aabb5534c84c1851438c90.png
00:46:52.305 [main] DEBUG net.thucydides.core.steps.StepInterceptor - STEP DONE: contentpage
  &amp#27;[32mWhen &amp#27;[0m&amp#27;[32madmin click content page&amp#27;[0m                                           &amp#27;[90m# starter.definitions.ContentSteps.adminClickContentPage()&amp#27;[0m
00:46:52.313 [main] DEBUG net.thucydides.core.steps.StepInterceptor - STARTING STEP: ContentSteps.adminSeeWhenYouBurnFatWhereDoesItGoOnTheListOfContent - seelistcontent
00:46:52.314 [Forwarding findElement on session fd38b48bd8a59d2b28f997cfe1a727bf to remote] DEBUG org.asynchttpclient.netty.request.NettyRequestSender - Using pooled Channel '[id: 0x6586102d, L:/127.0.0.1:49742 - R:localhost/127.0.0.1:56885]' for 'POST' to 'http://localhost:56885/session/fd38b48bd8a59d2b28f997cfe1a727bf/element'
00:46:52.314 [Forwarding findElement on session fd38b48bd8a59d2b28f997cfe1a727bf to remote] DEBUG org.asynchttpclient.netty.request.NettyRequestSender - Using open Channel [id: 0x6586102d, L:/127.0.0.1:49742 - R:localhost/127.0.0.1:56885] for POST '/session/fd38b48bd8a59d2b28f997cfe1a727bf/element'
00:46:52.320 [AsyncHttpClient-1-2] DEBUG org.asynchttpclient.netty.handler.HttpHandler - 

Request DefaultHttpRequest(decodeResult: success, version: HTTP/1.1)
POST /session/fd38b48bd8a59d2b28f997cfe1a727bf/element HTTP/1.1
User-Agent: selenium/4.1.2 (java windows)
Content-Length: 88
Content-Type: application/json; charset=utf-8
host: localhost:56885
accept: */*

Response DefaultHttpResponse(decodeResult: success, version: HTTP/1.1)
HTTP/1.1 200 OK
Content-Type: application/json; charset=utf-8
cache-control: no-cache
content-length: 88

00:46:52.321 [AsyncHttpClient-1-2] DEBUG org.asynchttpclient.netty.channel.ChannelManager - Adding key: http://localhost:56885 for channel [id: 0x6586102d, L:/127.0.0.1:49742 - R:localhost/127.0.0.1:56885]
00:46:52.323 [Forwarding isElementDisplayed on session fd38b48bd8a59d2b28f997cfe1a727bf to remote] DEBUG org.asynchttpclient.netty.request.NettyRequestSender - Using pooled Channel '[id: 0x6586102d, L:/127.0.0.1:49742 - R:localhost/127.0.0.1:56885]' for 'POST' to 'http://localhost:56885/session/fd38b48bd8a59d2b28f997cfe1a727bf/execute/sync'
00:46:52.323 [Forwarding isElementDisplayed on session fd38b48bd8a59d2b28f997cfe1a727bf to remote] DEBUG org.asynchttpclient.netty.request.NettyRequestSender - Using open Channel [id: 0x6586102d, L:/127.0.0.1:49742 - R:localhost/127.0.0.1:56885] for POST '/session/fd38b48bd8a59d2b28f997cfe1a727bf/execute/sync'
00:46:52.329 [AsyncHttpClient-1-2] DEBUG org.asynchttpclient.netty.handler.HttpHandler - 

Request DefaultHttpRequest(decodeResult: success, version: HTTP/1.1)
POST /session/fd38b48bd8a59d2b28f997cfe1a727bf/execute/sync HTTP/1.1
User-Agent: selenium/4.1.2 (java windows)
Content-Length: 48780
Content-Type: application/json; charset=utf-8
host: localhost:56885
accept: */*

Response DefaultHttpResponse(decodeResult: success, version: HTTP/1.1)
HTTP/1.1 200 OK
Content-Type: application/json; charset=utf-8
cache-control: no-cache
content-length: 14

00:46:52.329 [AsyncHttpClient-1-2] DEBUG org.asynchttpclient.netty.channel.ChannelManager - Adding key: http://localhost:56885 for channel [id: 0x6586102d, L:/127.0.0.1:49742 - R:localhost/127.0.0.1:56885]
00:46:52.331 [main] DEBUG net.thucydides.core.steps.StepInterceptor - STEP DONE: seelistcontent
  &amp#27;[32mAnd &amp#27;[0m&amp#27;[32madmin see when you burn fat,where does it go on the list of content&amp#27;[0m &amp#27;[90m# starter.definitions.ContentSteps.adminSeeWhenYouBurnFatWhereDoesItGoOnTheListOfContent()&amp#27;[0m
00:46:52.339 [main] DEBUG net.thucydides.core.steps.StepInterceptor - STARTING STEP: ContentSteps.adminSucsessClickListOfContent - seelistcontent
00:46:52.339 [Forwarding findElement on session fd38b48bd8a59d2b28f997cfe1a727bf to remote] DEBUG org.asynchttpclient.netty.request.NettyRequestSender - Using pooled Channel '[id: 0x6586102d, L:/127.0.0.1:49742 - R:localhost/127.0.0.1:56885]' for 'POST' to 'http://localhost:56885/session/fd38b48bd8a59d2b28f997cfe1a727bf/element'
00:46:52.340 [Forwarding findElement on session fd38b48bd8a59d2b28f997cfe1a727bf to remote] DEBUG org.asynchttpclient.netty.request.NettyRequestSender - Using open Channel [id: 0x6586102d, L:/127.0.0.1:49742 - R:localhost/127.0.0.1:56885] for POST '/session/fd38b48bd8a59d2b28f997cfe1a727bf/element'
00:46:52.343 [AsyncHttpClient-1-2] DEBUG org.asynchttpclient.netty.handler.HttpHandler - 

Request DefaultHttpRequest(decodeResult: success, version: HTTP/1.1)
POST /session/fd38b48bd8a59d2b28f997cfe1a727bf/element HTTP/1.1
User-Agent: selenium/4.1.2 (java windows)
Content-Length: 88
Content-Type: application/json; charset=utf-8
host: localhost:56885
accept: */*

Response DefaultHttpResponse(decodeResult: success, version: HTTP/1.1)
HTTP/1.1 200 OK
Content-Type: application/json; charset=utf-8
cache-control: no-cache
content-length: 88

00:46:52.343 [AsyncHttpClient-1-2] DEBUG org.asynchttpclient.netty.channel.ChannelManager - Adding key: http://localhost:56885 for channel [id: 0x6586102d, L:/127.0.0.1:49742 - R:localhost/127.0.0.1:56885]
00:46:52.346 [Forwarding isElementDisplayed on session fd38b48bd8a59d2b28f997cfe1a727bf to remote] DEBUG org.asynchttpclient.netty.request.NettyRequestSender - Using pooled Channel '[id: 0x6586102d, L:/127.0.0.1:49742 - R:localhost/127.0.0.1:56885]' for 'POST' to 'http://localhost:56885/session/fd38b48bd8a59d2b28f997cfe1a727bf/execute/sync'
00:46:52.346 [Forwarding isElementDisplayed on session fd38b48bd8a59d2b28f997cfe1a727bf to remote] DEBUG org.asynchttpclient.netty.request.NettyRequestSender - Using open Channel [id: 0x6586102d, L:/127.0.0.1:49742 - R:localhost/127.0.0.1:56885] for POST '/session/fd38b48bd8a59d2b28f997cfe1a727bf/execute/sync'
00:46:52.350 [AsyncHttpClient-1-2] DEBUG org.asynchttpclient.netty.handler.HttpHandler - 

Request DefaultHttpRequest(decodeResult: success, version: HTTP/1.1)
POST /session/fd38b48bd8a59d2b28f997cfe1a727bf/execute/sync HTTP/1.1
User-Agent: selenium/4.1.2 (java windows)
Content-Length: 48780
Content-Type: application/json; charset=utf-8
host: localhost:56885
accept: */*

Response DefaultHttpResponse(decodeResult: success, version: HTTP/1.1)
HTTP/1.1 200 OK
Content-Type: application/json; charset=utf-8
cache-control: no-cache
content-length: 14

00:46:52.350 [AsyncHttpClient-1-2] DEBUG org.asynchttpclient.netty.channel.ChannelManager - Adding key: http://localhost:56885 for channel [id: 0x6586102d, L:/127.0.0.1:49742 - R:localhost/127.0.0.1:56885]
00:46:52.353 [main] DEBUG net.thucydides.core.steps.StepInterceptor - STEP DONE: seelistcontent
  &amp#27;[32mThen &amp#27;[0m&amp#27;[32madmin sucsess click list of content&amp#27;[0m                                &amp#27;[90m# starter.definitions.ContentSteps.adminSucsessClickListOfContent()&amp#27;[0m
00:46:52.355 [Forwarding screenshot on session fd38b48bd8a59d2b28f997cfe1a727bf to remote] DEBUG org.asynchttpclient.netty.request.NettyRequestSender - Using pooled Channel '[id: 0x6586102d, L:/127.0.0.1:49742 - R:localhost/127.0.0.1:56885]' for 'GET' to 'http://localhost:56885/session/fd38b48bd8a59d2b28f997cfe1a727bf/screenshot'
00:46:52.355 [Forwarding screenshot on session fd38b48bd8a59d2b28f997cfe1a727bf to remote] DEBUG org.asynchttpclient.netty.request.NettyRequestSender - Using open Channel [id: 0x6586102d, L:/127.0.0.1:49742 - R:localhost/127.0.0.1:56885] for GET '/session/fd38b48bd8a59d2b28f997cfe1a727bf/screenshot'
00:46:52.453 [AsyncHttpClient-1-2] DEBUG org.asynchttpclient.netty.handler.HttpHandler - 

Request DefaultFullHttpRequest(decodeResult: success, version: HTTP/1.1, content: EmptyByteBufBE)
GET /session/fd38b48bd8a59d2b28f997cfe1a727bf/screenshot HTTP/1.1
User-Agent: selenium/4.1.2 (java windows)
Cache-Control: no-cache
Content-Type: application/json; charset=utf-8
host: localhost:56885
accept: */*

Response DefaultHttpResponse(decodeResult: success, version: HTTP/1.1)
HTTP/1.1 200 OK
Content-Type: application/json; charset=utf-8
cache-control: no-cache
content-length: 112756

00:46:52.453 [AsyncHttpClient-1-2] DEBUG org.asynchttpclient.netty.channel.ChannelManager - Adding key: http://localhost:56885 for channel [id: 0x6586102d, L:/127.0.0.1:49742 - R:localhost/127.0.0.1:56885]
00:46:52.455 [main] DEBUG net.serenitybdd.core.photography.Darkroom - Send negative for processing for target\site\serenity\bee28c913680c96aded294145e660b703c96c83bb7aabb5534c84c1851438c90.png
00:46:52.456 [main] INFO  - 
  _____   ___   ___   _____     ___     _     ___   ___   ___   ___  
 |_   _| | __| / __| |_   _|   | _ \   /_\   / __| / __| | __| |   \ 
   | |   | _|  \__ \   | |     |  _/  / _ \  \__ \ \__ \ | _|  | |) |
   |_|   |___| |___/   |_|     |_|   /_/ \_\ |___/ |___/ |___| |___/ 

admin see content
----------------------------------------------------------------------
00:46:52.457 [AsyncHttpClient-1-4] DEBUG org.asynchttpclient.netty.handler.WebSocketHandler - Channel Closed: [id: 0xac180b4e, L:/127.0.0.1:49751 ! R:localhost/127.0.0.1:49743] with attribute NettyResponseFuture{currentRetry=5,
	isDone=1,
	isCancelled=0,
	asyncHandler=org.asynchttpclient.ws.WebSocketUpgradeHandler@13e350d9,
	nettyRequest=org.asynchttpclient.netty.request.NettyRequest@24cf3514,
	future=java.util.concurrent.CompletableFuture@775d91b8[Completed normally],
	uri=ws://localhost:49743/devtools/browser/fc66b9e9-d238-47b3-ab64-7222ee908e3b,
	keepAlive=true,
	redirectCount=0,
	timeoutsHolder=null,
	inAuth=0,
	touch=1658422004645}
00:46:52.457 [AsyncHttpClient-1-4] DEBUG org.asynchttpclient.netty.channel.ChannelManager - Closing Channel [id: 0xac180b4e, L:/127.0.0.1:49751 ! R:localhost/127.0.0.1:49743] 
00:46:52.457 [Driver Command Executor] DEBUG org.asynchttpclient.netty.request.NettyRequestSender - Using pooled Channel '[id: 0x6586102d, L:/127.0.0.1:49742 - R:localhost/127.0.0.1:56885]' for 'DELETE' to 'http://localhost:56885/session/fd38b48bd8a59d2b28f997cfe1a727bf'
00:46:52.457 [Driver Command Executor] DEBUG org.asynchttpclient.netty.request.NettyRequestSender - Using open Channel [id: 0x6586102d, L:/127.0.0.1:49742 - R:localhost/127.0.0.1:56885] for DELETE '/session/fd38b48bd8a59d2b28f997cfe1a727bf'
00:46:52.472 [AsyncHttpClient-1-3] DEBUG org.asynchttpclient.netty.handler.HttpHandler - Unexpected I/O exception on channel [id: 0x2c67c248, L:/127.0.0.1:49750 - R:localhost/127.0.0.1:49743]
java.net.SocketException: Connection reset
	at java.base/sun.nio.ch.SocketChannelImpl.throwConnectionReset(SocketChannelImpl.java:394)
	at java.base/sun.nio.ch.SocketChannelImpl.read(SocketChannelImpl.java:426)
	at io.netty.buffer.PooledByteBuf.setBytes(PooledByteBuf.java:258)
	at io.netty.buffer.AbstractByteBuf.writeBytes(AbstractByteBuf.java:1132)
	at io.netty.channel.socket.nio.NioSocketChannel.doReadBytes(NioSocketChannel.java:350)
	at io.netty.channel.nio.AbstractNioByteChannel$NioByteUnsafe.read(AbstractNioByteChannel.java:151)
	at io.netty.channel.nio.NioEventLoop.processSelectedKey(NioEventLoop.java:722)
	at io.netty.channel.nio.NioEventLoop.processSelectedKeysOptimized(NioEventLoop.java:658)
	at io.netty.channel.nio.NioEventLoop.processSelectedKeys(NioEventLoop.java:584)
	at io.netty.channel.nio.NioEventLoop.run(NioEventLoop.java:496)
	at io.netty.util.concurrent.SingleThreadEventExecutor$4.run(SingleThreadEventExecutor.java:986)
	at io.netty.util.internal.ThreadExecutorMap$2.run(ThreadExecutorMap.java:74)
	at io.netty.util.concurrent.FastThreadLocalRunnable.run(FastThreadLocalRunnable.java:30)
	at java.base/java.lang.Thread.run(Thread.java:833)
00:46:52.472 [AsyncHttpClient-1-3] DEBUG org.asynchttpclient.netty.channel.ChannelManager - Closing Channel [id: 0x2c67c248, L:/127.0.0.1:49750 - R:localhost/127.0.0.1:49743] 
00:46:52.472 [AsyncHttpClient-1-3] DEBUG org.asynchttpclient.netty.handler.HttpHandler - Channel Closed: [id: 0x2c67c248, L:/127.0.0.1:49750 ! R:localhost/127.0.0.1:49743] with attribute DISCARD
00:46:52.482 [AsyncHttpClient-1-2] DEBUG org.asynchttpclient.netty.handler.HttpHandler - 

Request DefaultFullHttpRequest(decodeResult: success, version: HTTP/1.1, content: EmptyByteBufBE)
DELETE /session/fd38b48bd8a59d2b28f997cfe1a727bf HTTP/1.1
User-Agent: selenium/4.1.2 (java windows)
Content-Type: application/json; charset=utf-8
host: localhost:56885
accept: */*

Response DefaultHttpResponse(decodeResult: success, version: HTTP/1.1)
HTTP/1.1 200 OK
Content-Type: application/json; charset=utf-8
cache-control: no-cache
content-length: 14

00:46:52.482 [AsyncHttpClient-1-2] DEBUG org.asynchttpclient.netty.channel.ChannelManager - Adding key: http://localhost:56885 for channel [id: 0x6586102d, L:/127.0.0.1:49742 - R:localhost/127.0.0.1:56885]
00:46:52.530 [AsyncHttpClient-1-2] DEBUG org.asynchttpclient.netty.handler.HttpHandler - Channel Closed: [id: 0x6586102d, L:/127.0.0.1:49742 ! R:localhost/127.0.0.1:56885] with attribute DISCARD
]]></system-out>
    <system-err><![CDATA[Starting ChromeDriver 103.0.5060.134 (8ec6fce403b3feb0869b0732eda8bd95011d333c-refs/branch-heads/5060@{#1262}) on port 56885
Only local connections are allowed.
Please see https://chromedriver.chromium.org/security-considerations for suggestions on keeping ChromeDriver safe.
ChromeDriver was started successfully.
Jul 22, 2022 12:46:44 AM org.openqa.selenium.remote.ProtocolHandshake createSession
INFO: Detected dialect: W3C
Jul 22, 2022 12:46:44 AM org.openqa.selenium.devtools.CdpVersionFinder findNearestMatch
WARNING: Unable to find an exact match for CDP version 103, so returning the closest version found: a no-op implementation
Jul 22, 2022 12:46:44 AM org.openqa.selenium.devtools.CdpVersionFinder findNearestMatch
INFO: Unable to find CDP implementation matching 103.
Jul 22, 2022 12:46:44 AM org.openqa.selenium.chromium.ChromiumDriver lambda$new$3
WARNING: Unable to find version of CDP to use for . You may need to include a dependency on a specific version of the CDP using something similar to `org.seleniumhq.selenium:selenium-devtools-v86:4.1.2` where the version ("v86") matches the version of the chromium-based browser you're using and the version number of the artifact is the same as Selenium's.
]]></system-err>
  </testcase>
  <testcase name="admin send new conten but do not fill in the tittle and link" classname="admin can see detail content page" time="7.079">
    <system-out><![CDATA[
@content
Scenario: admin send new conten but do not fill in the tittle and link           &amp#27;[90m# src/test/resources/features/content.feature:23&amp#27;[0m
00:46:52.582 [main] INFO io.cucumber.core.plugin.SerenityReporter - Running feature from file:///D:/capstone%20projek/web%20testing/src/test/resources/features/content.feature
00:46:52.583 [main] INFO  - 
  _____   ___   ___   _____     ___   _____     _     ___   _____   ___   ___  
 |_   _| | __| / __| |_   _|   / __| |_   _|   /_\   | _ \ |_   _| | __| |   \ 
   | |   | _|  \__ \   | |     \__ \   | |    / _ \  |   /   | |   | _|  | |) |
   |_|   |___| |___/   |_|     |___/   |_|   /_/ \_\ |_|_\   |_|   |___| |___/ 

admin send new conten but do not fill in the tittle and link(admin-can-see-detail-content-page;admin-send-new-conten-but-do-not-fill-in-the-tittle-and-link)
--------------------------------------------------------------------------------
00:46:52.590 [main] DEBUG net.thucydides.core.steps.StepInterceptor - STARTING STEP: LoginSteps.adminOnLoginPage - openPage
00:46:52.590 [main] INFO net.serenitybdd.core.webdriver.driverproviders.ChromeDriverProvider - Using automatically driver download
00:46:52.662 [main] DEBUG io.github.bonigarcia.wdm.cache.ResolutionCache - Resolution chrome=103 in cache (valid until 01:32:20 22/07/2022 WITA)
00:46:52.664 [main] DEBUG io.github.bonigarcia.wdm.cache.ResolutionCache - Resolution chrome103=103.0.5060.134 in cache (valid until 21:05:58 22/07/2022 WITA)
00:46:52.665 [main] INFO io.github.bonigarcia.wdm.WebDriverManager - Using chromedriver 103.0.5060.134 (resolved driver for Chrome 103)
00:46:52.671 [main] DEBUG io.github.bonigarcia.wdm.WebDriverManager - Driver chromedriver 103.0.5060.134 found in cache
00:46:52.672 [main] INFO io.github.bonigarcia.wdm.WebDriverManager - Exporting webdriver.chrome.driver as C:\Users\Rev\.cache\selenium\chromedriver\win32\103.0.5060.134\chromedriver.exe
00:46:52.746 [main] DEBUG net.serenitybdd.core.webdriver.driverproviders.ProvideNewDriver - Instantiating driver
00:46:52.746 [main] DEBUG net.serenitybdd.core.webdriver.driverproviders.ProvideNewDriver - Driver capabilities: Capabilities {acceptInsecureCerts: false, base.url: https://sportly.rafdev.my.id/, browserName: chrome, chrome.driver: webdriver/chromedriver.exe, driver: chrome, goog:chromeOptions: {args: [], extensions: []}}
00:46:52.943 [AsyncHttpClient-1-5] DEBUG org.asynchttpclient.netty.channel.NettyConnectListener - Using new Channel '[id: 0x8eb1f26f, L:/127.0.0.1:49782 - R:localhost/127.0.0.1:53154]' for 'POST' to '/session'
00:46:53.194 [AsyncHttpClient-1-1] DEBUG org.asynchttpclient.netty.channel.DefaultChannelPool - Entry count for : http://localhost:56885 : 1
00:46:53.194 [AsyncHttpClient-1-1] DEBUG org.asynchttpclient.netty.channel.DefaultChannelPool - Entry count for : http://localhost:49743 : 1
00:46:53.194 [AsyncHttpClient-1-1] DEBUG org.asynchttpclient.netty.channel.DefaultChannelPool - Adding Candidate expired Channel [id: 0x6586102d, L:/127.0.0.1:49742 ! R:localhost/127.0.0.1:56885] isIdleTimeoutExpired=false isRemotelyClosed=true isTtlExpired=false
00:46:53.194 [AsyncHttpClient-1-1] DEBUG org.asynchttpclient.netty.channel.DefaultChannelPool - Closing Idle Channel [id: 0x6586102d, L:/127.0.0.1:49742 ! R:localhost/127.0.0.1:56885]
00:46:53.194 [AsyncHttpClient-1-1] DEBUG org.asynchttpclient.netty.channel.DefaultChannelPool - Adding Candidate expired Channel [id: 0x2c67c248, L:/127.0.0.1:49750 ! R:localhost/127.0.0.1:49743] isIdleTimeoutExpired=false isRemotelyClosed=true isTtlExpired=false
00:46:53.194 [AsyncHttpClient-1-1] DEBUG org.asynchttpclient.netty.channel.DefaultChannelPool - Closing Idle Channel [id: 0x2c67c248, L:/127.0.0.1:49750 ! R:localhost/127.0.0.1:49743]
00:46:53.194 [AsyncHttpClient-1-1] DEBUG org.asynchttpclient.netty.channel.DefaultChannelPool - Closed 2 connections out of 2 in 0 ms
00:46:53.484 [AsyncHttpClient-1-5] DEBUG org.asynchttpclient.netty.handler.HttpHandler - 

Request DefaultHttpRequest(decodeResult: success, version: HTTP/1.1)
POST /session HTTP/1.1
User-Agent: selenium/4.1.2 (java windows)
Content-Length: 581
Content-Type: application/json; charset=utf-8
host: localhost:53154
accept: */*

Response DefaultHttpResponse(decodeResult: success, version: HTTP/1.1)
HTTP/1.1 200 OK
Content-Type: application/json; charset=utf-8
cache-control: no-cache
content-length: 791

00:46:53.485 [AsyncHttpClient-1-5] DEBUG org.asynchttpclient.netty.channel.ChannelManager - Adding key: http://localhost:53154 for channel [id: 0x8eb1f26f, L:/127.0.0.1:49782 - R:localhost/127.0.0.1:53154]
00:46:53.488 [AsyncHttpClient-1-6] DEBUG org.asynchttpclient.netty.channel.NettyConnectListener - Using new Channel '[id: 0xef007fd0, L:/127.0.0.1:49789 - R:localhost/127.0.0.1:49783]' for 'GET' to '/json/version'
00:46:53.489 [AsyncHttpClient-1-6] DEBUG org.asynchttpclient.netty.handler.HttpHandler - 

Request DefaultFullHttpRequest(decodeResult: success, version: HTTP/1.1, content: EmptyByteBufBE)
GET /json/version HTTP/1.1
User-Agent: selenium/4.1.2 (java windows)
host: localhost:49783
accept: */*

Response DefaultHttpResponse(decodeResult: success, version: HTTP/1.1)
HTTP/1.1 200 OK
Content-Type: application/json; charset=UTF-8
content-length: 429

00:46:53.489 [AsyncHttpClient-1-6] DEBUG org.asynchttpclient.netty.channel.ChannelManager - Adding key: http://localhost:49783 for channel [id: 0xef007fd0, L:/127.0.0.1:49789 - R:localhost/127.0.0.1:49783]
00:46:53.489 [AsyncHttpClient-1-7] DEBUG org.asynchttpclient.netty.channel.NettyConnectListener - Using new Channel '[id: 0xeb8c2a52, L:/127.0.0.1:49790 - R:localhost/127.0.0.1:49783]' for 'GET' to '/devtools/browser/b5b2d92e-d345-4e73-9947-0a9e0e99af18'
00:46:53.490 [AsyncHttpClient-1-7] DEBUG org.asynchttpclient.netty.handler.WebSocketHandler - 

Request DefaultFullHttpRequest(decodeResult: success, version: HTTP/1.1, content: EmptyByteBufBE)
GET /devtools/browser/b5b2d92e-d345-4e73-9947-0a9e0e99af18 HTTP/1.1
upgrade: websocket
connection: upgrade
sec-websocket-key: dLoppDVQ1g9qKKJluTmpBA==
sec-websocket-version: 13
origin: http://localhost:49783
host: localhost:49783
accept: */*
user-agent: AHC/2.1

Response DefaultHttpResponse(decodeResult: success, version: HTTP/1.1)
HTTP/1.1 101 WebSocket Protocol Handshake
Upgrade: WebSocket
Connection: Upgrade
Sec-WebSocket-Accept: mtON/ep6HcZcV3lh8rL4OjldBR0=

00:46:53.492 [Forwarding setCurrentWindowSize on session 45c4ef74dd786d8612b9a3f1d59823fa to remote] DEBUG org.asynchttpclient.netty.request.NettyRequestSender - Using pooled Channel '[id: 0x8eb1f26f, L:/127.0.0.1:49782 - R:localhost/127.0.0.1:53154]' for 'POST' to 'http://localhost:53154/session/45c4ef74dd786d8612b9a3f1d59823fa/window/rect'
00:46:53.492 [Forwarding setCurrentWindowSize on session 45c4ef74dd786d8612b9a3f1d59823fa to remote] DEBUG org.asynchttpclient.netty.request.NettyRequestSender - Using open Channel [id: 0x8eb1f26f, L:/127.0.0.1:49782 - R:localhost/127.0.0.1:53154] for POST '/session/45c4ef74dd786d8612b9a3f1d59823fa/window/rect'
00:46:53.602 [AsyncHttpClient-1-5] DEBUG org.asynchttpclient.netty.handler.HttpHandler - 

Request DefaultHttpRequest(decodeResult: success, version: HTTP/1.1)
POST /session/45c4ef74dd786d8612b9a3f1d59823fa/window/rect HTTP/1.1
User-Agent: selenium/4.1.2 (java windows)
Content-Length: 37
Content-Type: application/json; charset=utf-8
host: localhost:53154
accept: */*

Response DefaultHttpResponse(decodeResult: success, version: HTTP/1.1)
HTTP/1.1 200 OK
Content-Type: application/json; charset=utf-8
cache-control: no-cache
content-length: 52

00:46:53.602 [AsyncHttpClient-1-5] DEBUG org.asynchttpclient.netty.channel.ChannelManager - Adding key: http://localhost:53154 for channel [id: 0x8eb1f26f, L:/127.0.0.1:49782 - R:localhost/127.0.0.1:53154]
00:46:53.603 [Forwarding setWindowPosition on session 45c4ef74dd786d8612b9a3f1d59823fa to remote] DEBUG org.asynchttpclient.netty.request.NettyRequestSender - Using pooled Channel '[id: 0x8eb1f26f, L:/127.0.0.1:49782 - R:localhost/127.0.0.1:53154]' for 'POST' to 'http://localhost:53154/session/45c4ef74dd786d8612b9a3f1d59823fa/window/rect'
00:46:53.603 [Forwarding setWindowPosition on session 45c4ef74dd786d8612b9a3f1d59823fa to remote] DEBUG org.asynchttpclient.netty.request.NettyRequestSender - Using open Channel [id: 0x8eb1f26f, L:/127.0.0.1:49782 - R:localhost/127.0.0.1:53154] for POST '/session/45c4ef74dd786d8612b9a3f1d59823fa/window/rect'
00:46:53.713 [AsyncHttpClient-1-5] DEBUG org.asynchttpclient.netty.handler.HttpHandler - 

Request DefaultHttpRequest(decodeResult: success, version: HTTP/1.1)
POST /session/45c4ef74dd786d8612b9a3f1d59823fa/window/rect HTTP/1.1
User-Agent: selenium/4.1.2 (java windows)
Content-Length: 22
Content-Type: application/json; charset=utf-8
host: localhost:53154
accept: */*

Response DefaultHttpResponse(decodeResult: success, version: HTTP/1.1)
HTTP/1.1 200 OK
Content-Type: application/json; charset=utf-8
cache-control: no-cache
content-length: 50

00:46:53.713 [AsyncHttpClient-1-5] DEBUG org.asynchttpclient.netty.channel.ChannelManager - Adding key: http://localhost:53154 for channel [id: 0x8eb1f26f, L:/127.0.0.1:49782 - R:localhost/127.0.0.1:53154]
00:46:53.714 [Forwarding get on session 45c4ef74dd786d8612b9a3f1d59823fa to remote] DEBUG org.asynchttpclient.netty.request.NettyRequestSender - Using pooled Channel '[id: 0x8eb1f26f, L:/127.0.0.1:49782 - R:localhost/127.0.0.1:53154]' for 'POST' to 'http://localhost:53154/session/45c4ef74dd786d8612b9a3f1d59823fa/url'
00:46:53.714 [Forwarding get on session 45c4ef74dd786d8612b9a3f1d59823fa to remote] DEBUG org.asynchttpclient.netty.request.NettyRequestSender - Using open Channel [id: 0x8eb1f26f, L:/127.0.0.1:49782 - R:localhost/127.0.0.1:53154] for POST '/session/45c4ef74dd786d8612b9a3f1d59823fa/url'
00:46:54.285 [AsyncHttpClient-1-1] DEBUG org.asynchttpclient.netty.channel.DefaultChannelPool - Entry count for : http://localhost:49783 : 1
00:46:55.387 [AsyncHttpClient-1-1] DEBUG org.asynchttpclient.netty.channel.DefaultChannelPool - Entry count for : http://localhost:49783 : 1
00:46:55.475 [AsyncHttpClient-1-5] DEBUG org.asynchttpclient.netty.handler.HttpHandler - 

Request DefaultHttpRequest(decodeResult: success, version: HTTP/1.1)
POST /session/45c4ef74dd786d8612b9a3f1d59823fa/url HTTP/1.1
User-Agent: selenium/4.1.2 (java windows)
Content-Length: 59
Content-Type: application/json; charset=utf-8
host: localhost:53154
accept: */*

Response DefaultHttpResponse(decodeResult: success, version: HTTP/1.1)
HTTP/1.1 200 OK
Content-Type: application/json; charset=utf-8
cache-control: no-cache
content-length: 14

00:46:55.475 [AsyncHttpClient-1-5] DEBUG org.asynchttpclient.netty.channel.ChannelManager - Adding key: http://localhost:53154 for channel [id: 0x8eb1f26f, L:/127.0.0.1:49782 - R:localhost/127.0.0.1:53154]
00:46:55.476 [Forwarding setTimeout on session 45c4ef74dd786d8612b9a3f1d59823fa to remote] DEBUG org.asynchttpclient.netty.request.NettyRequestSender - Using pooled Channel '[id: 0x8eb1f26f, L:/127.0.0.1:49782 - R:localhost/127.0.0.1:53154]' for 'POST' to 'http://localhost:53154/session/45c4ef74dd786d8612b9a3f1d59823fa/timeouts'
00:46:55.476 [Forwarding setTimeout on session 45c4ef74dd786d8612b9a3f1d59823fa to remote] DEBUG org.asynchttpclient.netty.request.NettyRequestSender - Using open Channel [id: 0x8eb1f26f, L:/127.0.0.1:49782 - R:localhost/127.0.0.1:53154] for POST '/session/45c4ef74dd786d8612b9a3f1d59823fa/timeouts'
00:46:55.476 [AsyncHttpClient-1-5] DEBUG org.asynchttpclient.netty.handler.HttpHandler - 

Request DefaultHttpRequest(decodeResult: success, version: HTTP/1.1)
POST /session/45c4ef74dd786d8612b9a3f1d59823fa/timeouts HTTP/1.1
User-Agent: selenium/4.1.2 (java windows)
Content-Length: 22
Content-Type: application/json; charset=utf-8
host: localhost:53154
accept: */*

Response DefaultHttpResponse(decodeResult: success, version: HTTP/1.1)
HTTP/1.1 200 OK
Content-Type: application/json; charset=utf-8
cache-control: no-cache
content-length: 14

00:46:55.476 [AsyncHttpClient-1-5] DEBUG org.asynchttpclient.netty.channel.ChannelManager - Adding key: http://localhost:53154 for channel [id: 0x8eb1f26f, L:/127.0.0.1:49782 - R:localhost/127.0.0.1:53154]
00:46:55.478 [Forwarding getCurrentUrl on session 45c4ef74dd786d8612b9a3f1d59823fa to remote] DEBUG org.asynchttpclient.netty.request.NettyRequestSender - Using pooled Channel '[id: 0x8eb1f26f, L:/127.0.0.1:49782 - R:localhost/127.0.0.1:53154]' for 'GET' to 'http://localhost:53154/session/45c4ef74dd786d8612b9a3f1d59823fa/url'
00:46:55.478 [Forwarding getCurrentUrl on session 45c4ef74dd786d8612b9a3f1d59823fa to remote] DEBUG org.asynchttpclient.netty.request.NettyRequestSender - Using open Channel [id: 0x8eb1f26f, L:/127.0.0.1:49782 - R:localhost/127.0.0.1:53154] for GET '/session/45c4ef74dd786d8612b9a3f1d59823fa/url'
00:46:55.495 [AsyncHttpClient-1-5] DEBUG org.asynchttpclient.netty.handler.HttpHandler - 

Request DefaultFullHttpRequest(decodeResult: success, version: HTTP/1.1, content: EmptyByteBufBE)
GET /session/45c4ef74dd786d8612b9a3f1d59823fa/url HTTP/1.1
User-Agent: selenium/4.1.2 (java windows)
Cache-Control: no-cache
Content-Type: application/json; charset=utf-8
host: localhost:53154
accept: */*

Response DefaultHttpResponse(decodeResult: success, version: HTTP/1.1)
HTTP/1.1 200 OK
Content-Type: application/json; charset=utf-8
cache-control: no-cache
content-length: 46

00:46:55.495 [AsyncHttpClient-1-5] DEBUG org.asynchttpclient.netty.channel.ChannelManager - Adding key: http://localhost:53154 for channel [id: 0x8eb1f26f, L:/127.0.0.1:49782 - R:localhost/127.0.0.1:53154]
00:46:55.496 [Forwarding getCurrentUrl on session 45c4ef74dd786d8612b9a3f1d59823fa to remote] DEBUG org.asynchttpclient.netty.request.NettyRequestSender - Using pooled Channel '[id: 0x8eb1f26f, L:/127.0.0.1:49782 - R:localhost/127.0.0.1:53154]' for 'GET' to 'http://localhost:53154/session/45c4ef74dd786d8612b9a3f1d59823fa/url'
00:46:55.496 [Forwarding getCurrentUrl on session 45c4ef74dd786d8612b9a3f1d59823fa to remote] DEBUG org.asynchttpclient.netty.request.NettyRequestSender - Using open Channel [id: 0x8eb1f26f, L:/127.0.0.1:49782 - R:localhost/127.0.0.1:53154] for GET '/session/45c4ef74dd786d8612b9a3f1d59823fa/url'
00:46:55.498 [AsyncHttpClient-1-5] DEBUG org.asynchttpclient.netty.handler.HttpHandler - 

Request DefaultFullHttpRequest(decodeResult: success, version: HTTP/1.1, content: EmptyByteBufBE)
GET /session/45c4ef74dd786d8612b9a3f1d59823fa/url HTTP/1.1
User-Agent: selenium/4.1.2 (java windows)
Cache-Control: no-cache
Content-Type: application/json; charset=utf-8
host: localhost:53154
accept: */*

Response DefaultHttpResponse(decodeResult: success, version: HTTP/1.1)
HTTP/1.1 200 OK
Content-Type: application/json; charset=utf-8
cache-control: no-cache
content-length: 46

00:46:55.498 [AsyncHttpClient-1-5] DEBUG org.asynchttpclient.netty.channel.ChannelManager - Adding key: http://localhost:53154 for channel [id: 0x8eb1f26f, L:/127.0.0.1:49782 - R:localhost/127.0.0.1:53154]
00:46:55.501 [Forwarding screenshot on session 45c4ef74dd786d8612b9a3f1d59823fa to remote] DEBUG org.asynchttpclient.netty.request.NettyRequestSender - Using pooled Channel '[id: 0x8eb1f26f, L:/127.0.0.1:49782 - R:localhost/127.0.0.1:53154]' for 'GET' to 'http://localhost:53154/session/45c4ef74dd786d8612b9a3f1d59823fa/screenshot'
00:46:55.501 [Forwarding screenshot on session 45c4ef74dd786d8612b9a3f1d59823fa to remote] DEBUG org.asynchttpclient.netty.request.NettyRequestSender - Using open Channel [id: 0x8eb1f26f, L:/127.0.0.1:49782 - R:localhost/127.0.0.1:53154] for GET '/session/45c4ef74dd786d8612b9a3f1d59823fa/screenshot'
00:46:55.829 [AsyncHttpClient-1-5] DEBUG org.asynchttpclient.netty.handler.HttpHandler - 

Request DefaultFullHttpRequest(decodeResult: success, version: HTTP/1.1, content: EmptyByteBufBE)
GET /session/45c4ef74dd786d8612b9a3f1d59823fa/screenshot HTTP/1.1
User-Agent: selenium/4.1.2 (java windows)
Cache-Control: no-cache
Content-Type: application/json; charset=utf-8
host: localhost:53154
accept: */*

Response DefaultHttpResponse(decodeResult: success, version: HTTP/1.1)
HTTP/1.1 200 OK
Content-Type: application/json; charset=utf-8
cache-control: no-cache
content-length: 575004

00:46:55.830 [AsyncHttpClient-1-5] DEBUG org.asynchttpclient.netty.channel.ChannelManager - Adding key: http://localhost:53154 for channel [id: 0x8eb1f26f, L:/127.0.0.1:49782 - R:localhost/127.0.0.1:53154]
00:46:55.839 [main] DEBUG net.serenitybdd.core.photography.Darkroom - Send negative for processing for target\site\serenity\bdfb3257a55b5f729af578dfc1dc3a5762c89839bea5dc19984e34dd6640fee1.png
00:46:55.839 [main] DEBUG net.thucydides.core.steps.StepInterceptor - STEP DONE: openPage
00:46:55.842 [main] DEBUG net.thucydides.core.steps.StepInterceptor - STARTING STEP: LoginSteps.adminOnLoginPage - validateonLoginPage
00:46:55.843 [Forwarding findElement on session 45c4ef74dd786d8612b9a3f1d59823fa to remote] DEBUG org.asynchttpclient.netty.request.NettyRequestSender - Using pooled Channel '[id: 0x8eb1f26f, L:/127.0.0.1:49782 - R:localhost/127.0.0.1:53154]' for 'POST' to 'http://localhost:53154/session/45c4ef74dd786d8612b9a3f1d59823fa/element'
00:46:55.843 [Forwarding findElement on session 45c4ef74dd786d8612b9a3f1d59823fa to remote] DEBUG org.asynchttpclient.netty.request.NettyRequestSender - Using open Channel [id: 0x8eb1f26f, L:/127.0.0.1:49782 - R:localhost/127.0.0.1:53154] for POST '/session/45c4ef74dd786d8612b9a3f1d59823fa/element'
00:46:55.850 [AsyncHttpClient-1-5] DEBUG org.asynchttpclient.netty.handler.HttpHandler - 

Request DefaultHttpRequest(decodeResult: success, version: HTTP/1.1)
POST /session/45c4ef74dd786d8612b9a3f1d59823fa/element HTTP/1.1
User-Agent: selenium/4.1.2 (java windows)
Content-Length: 71
Content-Type: application/json; charset=utf-8
host: localhost:53154
accept: */*

Response DefaultHttpResponse(decodeResult: success, version: HTTP/1.1)
HTTP/1.1 200 OK
Content-Type: application/json; charset=utf-8
cache-control: no-cache
content-length: 88

00:46:55.850 [AsyncHttpClient-1-5] DEBUG org.asynchttpclient.netty.channel.ChannelManager - Adding key: http://localhost:53154 for channel [id: 0x8eb1f26f, L:/127.0.0.1:49782 - R:localhost/127.0.0.1:53154]
00:46:55.852 [Forwarding isElementDisplayed on session 45c4ef74dd786d8612b9a3f1d59823fa to remote] DEBUG org.asynchttpclient.netty.request.NettyRequestSender - Using pooled Channel '[id: 0x8eb1f26f, L:/127.0.0.1:49782 - R:localhost/127.0.0.1:53154]' for 'POST' to 'http://localhost:53154/session/45c4ef74dd786d8612b9a3f1d59823fa/execute/sync'
00:46:55.852 [Forwarding isElementDisplayed on session 45c4ef74dd786d8612b9a3f1d59823fa to remote] DEBUG org.asynchttpclient.netty.request.NettyRequestSender - Using open Channel [id: 0x8eb1f26f, L:/127.0.0.1:49782 - R:localhost/127.0.0.1:53154] for POST '/session/45c4ef74dd786d8612b9a3f1d59823fa/execute/sync'
00:46:55.860 [AsyncHttpClient-1-5] DEBUG org.asynchttpclient.netty.handler.HttpHandler - 

Request DefaultHttpRequest(decodeResult: success, version: HTTP/1.1)
POST /session/45c4ef74dd786d8612b9a3f1d59823fa/execute/sync HTTP/1.1
User-Agent: selenium/4.1.2 (java windows)
Content-Length: 48780
Content-Type: application/json; charset=utf-8
host: localhost:53154
accept: */*

Response DefaultHttpResponse(decodeResult: success, version: HTTP/1.1)
HTTP/1.1 200 OK
Content-Type: application/json; charset=utf-8
cache-control: no-cache
content-length: 14

00:46:55.860 [AsyncHttpClient-1-5] DEBUG org.asynchttpclient.netty.channel.ChannelManager - Adding key: http://localhost:53154 for channel [id: 0x8eb1f26f, L:/127.0.0.1:49782 - R:localhost/127.0.0.1:53154]
00:46:55.863 [main] DEBUG net.thucydides.core.steps.StepInterceptor - STEP DONE: validateonLoginPage
  &amp#27;[32mGiven &amp#27;[0m&amp#27;[32madmin on login page&amp#27;[0m                                                      &amp#27;[90m# starter.definitions.LoginSteps.adminOnLoginPage()&amp#27;[0m
00:46:55.871 [main] DEBUG net.thucydides.core.steps.StepInterceptor - STARTING STEP: LoginSteps.adminInputValidUssername - inputusername
00:46:55.873 [Forwarding findElement on session 45c4ef74dd786d8612b9a3f1d59823fa to remote] DEBUG org.asynchttpclient.netty.request.NettyRequestSender - Using pooled Channel '[id: 0x8eb1f26f, L:/127.0.0.1:49782 - R:localhost/127.0.0.1:53154]' for 'POST' to 'http://localhost:53154/session/45c4ef74dd786d8612b9a3f1d59823fa/element'
00:46:55.873 [Forwarding findElement on session 45c4ef74dd786d8612b9a3f1d59823fa to remote] DEBUG org.asynchttpclient.netty.request.NettyRequestSender - Using open Channel [id: 0x8eb1f26f, L:/127.0.0.1:49782 - R:localhost/127.0.0.1:53154] for POST '/session/45c4ef74dd786d8612b9a3f1d59823fa/element'
00:46:55.879 [AsyncHttpClient-1-5] DEBUG org.asynchttpclient.netty.handler.HttpHandler - 

Request DefaultHttpRequest(decodeResult: success, version: HTTP/1.1)
POST /session/45c4ef74dd786d8612b9a3f1d59823fa/element HTTP/1.1
User-Agent: selenium/4.1.2 (java windows)
Content-Length: 92
Content-Type: application/json; charset=utf-8
host: localhost:53154
accept: */*

Response DefaultHttpResponse(decodeResult: success, version: HTTP/1.1)
HTTP/1.1 200 OK
Content-Type: application/json; charset=utf-8
cache-control: no-cache
content-length: 88

00:46:55.879 [AsyncHttpClient-1-5] DEBUG org.asynchttpclient.netty.channel.ChannelManager - Adding key: http://localhost:53154 for channel [id: 0x8eb1f26f, L:/127.0.0.1:49782 - R:localhost/127.0.0.1:53154]
00:46:55.880 [Forwarding clearElement on session 45c4ef74dd786d8612b9a3f1d59823fa to remote] DEBUG org.asynchttpclient.netty.request.NettyRequestSender - Using pooled Channel '[id: 0x8eb1f26f, L:/127.0.0.1:49782 - R:localhost/127.0.0.1:53154]' for 'POST' to 'http://localhost:53154/session/45c4ef74dd786d8612b9a3f1d59823fa/element/f6734489-a7d4-4841-93f7-22a1dba7828f/clear'
00:46:55.880 [Forwarding clearElement on session 45c4ef74dd786d8612b9a3f1d59823fa to remote] DEBUG org.asynchttpclient.netty.request.NettyRequestSender - Using open Channel [id: 0x8eb1f26f, L:/127.0.0.1:49782 - R:localhost/127.0.0.1:53154] for POST '/session/45c4ef74dd786d8612b9a3f1d59823fa/element/f6734489-a7d4-4841-93f7-22a1dba7828f/clear'
00:46:55.897 [AsyncHttpClient-1-5] DEBUG org.asynchttpclient.netty.handler.HttpHandler - 

Request DefaultHttpRequest(decodeResult: success, version: HTTP/1.1)
POST /session/45c4ef74dd786d8612b9a3f1d59823fa/element/f6734489-a7d4-4841-93f7-22a1dba7828f/clear HTTP/1.1
User-Agent: selenium/4.1.2 (java windows)
Content-Length: 50
Content-Type: application/json; charset=utf-8
host: localhost:53154
accept: */*

Response DefaultHttpResponse(decodeResult: success, version: HTTP/1.1)
HTTP/1.1 200 OK
Content-Type: application/json; charset=utf-8
cache-control: no-cache
content-length: 14

00:46:55.897 [AsyncHttpClient-1-5] DEBUG org.asynchttpclient.netty.channel.ChannelManager - Adding key: http://localhost:53154 for channel [id: 0x8eb1f26f, L:/127.0.0.1:49782 - R:localhost/127.0.0.1:53154]
00:46:55.898 [Forwarding sendKeysToElement on session 45c4ef74dd786d8612b9a3f1d59823fa to remote] DEBUG org.asynchttpclient.netty.request.NettyRequestSender - Using pooled Channel '[id: 0x8eb1f26f, L:/127.0.0.1:49782 - R:localhost/127.0.0.1:53154]' for 'POST' to 'http://localhost:53154/session/45c4ef74dd786d8612b9a3f1d59823fa/element/f6734489-a7d4-4841-93f7-22a1dba7828f/value'
00:46:55.898 [Forwarding sendKeysToElement on session 45c4ef74dd786d8612b9a3f1d59823fa to remote] DEBUG org.asynchttpclient.netty.request.NettyRequestSender - Using open Channel [id: 0x8eb1f26f, L:/127.0.0.1:49782 - R:localhost/127.0.0.1:53154] for POST '/session/45c4ef74dd786d8612b9a3f1d59823fa/element/f6734489-a7d4-4841-93f7-22a1dba7828f/value'
00:46:55.932 [AsyncHttpClient-1-5] DEBUG org.asynchttpclient.netty.handler.HttpHandler - 

Request DefaultHttpRequest(decodeResult: success, version: HTTP/1.1)
POST /session/45c4ef74dd786d8612b9a3f1d59823fa/element/f6734489-a7d4-4841-93f7-22a1dba7828f/value HTTP/1.1
User-Agent: selenium/4.1.2 (java windows)
Content-Length: 151
Content-Type: application/json; charset=utf-8
host: localhost:53154
accept: */*

Response DefaultHttpResponse(decodeResult: success, version: HTTP/1.1)
HTTP/1.1 200 OK
Content-Type: application/json; charset=utf-8
cache-control: no-cache
content-length: 14

00:46:55.932 [AsyncHttpClient-1-5] DEBUG org.asynchttpclient.netty.channel.ChannelManager - Adding key: http://localhost:53154 for channel [id: 0x8eb1f26f, L:/127.0.0.1:49782 - R:localhost/127.0.0.1:53154]
00:46:55.935 [Forwarding screenshot on session 45c4ef74dd786d8612b9a3f1d59823fa to remote] DEBUG org.asynchttpclient.netty.request.NettyRequestSender - Using pooled Channel '[id: 0x8eb1f26f, L:/127.0.0.1:49782 - R:localhost/127.0.0.1:53154]' for 'GET' to 'http://localhost:53154/session/45c4ef74dd786d8612b9a3f1d59823fa/screenshot'
00:46:55.935 [Forwarding screenshot on session 45c4ef74dd786d8612b9a3f1d59823fa to remote] DEBUG org.asynchttpclient.netty.request.NettyRequestSender - Using open Channel [id: 0x8eb1f26f, L:/127.0.0.1:49782 - R:localhost/127.0.0.1:53154] for GET '/session/45c4ef74dd786d8612b9a3f1d59823fa/screenshot'
00:46:56.159 [AsyncHttpClient-1-5] DEBUG org.asynchttpclient.netty.handler.HttpHandler - 

Request DefaultFullHttpRequest(decodeResult: success, version: HTTP/1.1, content: EmptyByteBufBE)
GET /session/45c4ef74dd786d8612b9a3f1d59823fa/screenshot HTTP/1.1
User-Agent: selenium/4.1.2 (java windows)
Cache-Control: no-cache
Content-Type: application/json; charset=utf-8
host: localhost:53154
accept: */*

Response DefaultHttpResponse(decodeResult: success, version: HTTP/1.1)
HTTP/1.1 200 OK
Content-Type: application/json; charset=utf-8
cache-control: no-cache
content-length: 573184

00:46:56.159 [AsyncHttpClient-1-5] DEBUG org.asynchttpclient.netty.channel.ChannelManager - Adding key: http://localhost:53154 for channel [id: 0x8eb1f26f, L:/127.0.0.1:49782 - R:localhost/127.0.0.1:53154]
00:46:56.167 [main] DEBUG net.serenitybdd.core.photography.Darkroom - Send negative for processing for target\site\serenity\f77c054aa6a666f419ab49e776fdfb7fc10c7c59289c58aa7b77a3e2461e450a.png
00:46:56.167 [main] DEBUG net.thucydides.core.steps.StepInterceptor - STEP DONE: inputusername
  &amp#27;[32mWhen &amp#27;[0m&amp#27;[32madmin input valid ussername&amp#27;[0m                                               &amp#27;[90m# starter.definitions.LoginSteps.adminInputValidUssername()&amp#27;[0m
00:46:56.175 [main] DEBUG net.thucydides.core.steps.StepInterceptor - STARTING STEP: LoginSteps.adminInputValidPassword - inputPassword
00:46:56.176 [Forwarding findElement on session 45c4ef74dd786d8612b9a3f1d59823fa to remote] DEBUG org.asynchttpclient.netty.request.NettyRequestSender - Using pooled Channel '[id: 0x8eb1f26f, L:/127.0.0.1:49782 - R:localhost/127.0.0.1:53154]' for 'POST' to 'http://localhost:53154/session/45c4ef74dd786d8612b9a3f1d59823fa/element'
00:46:56.176 [Forwarding findElement on session 45c4ef74dd786d8612b9a3f1d59823fa to remote] DEBUG org.asynchttpclient.netty.request.NettyRequestSender - Using open Channel [id: 0x8eb1f26f, L:/127.0.0.1:49782 - R:localhost/127.0.0.1:53154] for POST '/session/45c4ef74dd786d8612b9a3f1d59823fa/element'
00:46:56.182 [AsyncHttpClient-1-5] DEBUG org.asynchttpclient.netty.handler.HttpHandler - 

Request DefaultHttpRequest(decodeResult: success, version: HTTP/1.1)
POST /session/45c4ef74dd786d8612b9a3f1d59823fa/element HTTP/1.1
User-Agent: selenium/4.1.2 (java windows)
Content-Length: 92
Content-Type: application/json; charset=utf-8
host: localhost:53154
accept: */*

Response DefaultHttpResponse(decodeResult: success, version: HTTP/1.1)
HTTP/1.1 200 OK
Content-Type: application/json; charset=utf-8
cache-control: no-cache
content-length: 88

00:46:56.182 [AsyncHttpClient-1-5] DEBUG org.asynchttpclient.netty.channel.ChannelManager - Adding key: http://localhost:53154 for channel [id: 0x8eb1f26f, L:/127.0.0.1:49782 - R:localhost/127.0.0.1:53154]
00:46:56.182 [Forwarding clearElement on session 45c4ef74dd786d8612b9a3f1d59823fa to remote] DEBUG org.asynchttpclient.netty.request.NettyRequestSender - Using pooled Channel '[id: 0x8eb1f26f, L:/127.0.0.1:49782 - R:localhost/127.0.0.1:53154]' for 'POST' to 'http://localhost:53154/session/45c4ef74dd786d8612b9a3f1d59823fa/element/0151f51e-d04a-4d97-8cb5-9e9cf6847af9/clear'
00:46:56.182 [Forwarding clearElement on session 45c4ef74dd786d8612b9a3f1d59823fa to remote] DEBUG org.asynchttpclient.netty.request.NettyRequestSender - Using open Channel [id: 0x8eb1f26f, L:/127.0.0.1:49782 - R:localhost/127.0.0.1:53154] for POST '/session/45c4ef74dd786d8612b9a3f1d59823fa/element/0151f51e-d04a-4d97-8cb5-9e9cf6847af9/clear'
00:46:56.199 [AsyncHttpClient-1-5] DEBUG org.asynchttpclient.netty.handler.HttpHandler - 

Request DefaultHttpRequest(decodeResult: success, version: HTTP/1.1)
POST /session/45c4ef74dd786d8612b9a3f1d59823fa/element/0151f51e-d04a-4d97-8cb5-9e9cf6847af9/clear HTTP/1.1
User-Agent: selenium/4.1.2 (java windows)
Content-Length: 50
Content-Type: application/json; charset=utf-8
host: localhost:53154
accept: */*

Response DefaultHttpResponse(decodeResult: success, version: HTTP/1.1)
HTTP/1.1 200 OK
Content-Type: application/json; charset=utf-8
cache-control: no-cache
content-length: 14

00:46:56.199 [AsyncHttpClient-1-5] DEBUG org.asynchttpclient.netty.channel.ChannelManager - Adding key: http://localhost:53154 for channel [id: 0x8eb1f26f, L:/127.0.0.1:49782 - R:localhost/127.0.0.1:53154]
00:46:56.200 [Forwarding sendKeysToElement on session 45c4ef74dd786d8612b9a3f1d59823fa to remote] DEBUG org.asynchttpclient.netty.request.NettyRequestSender - Using pooled Channel '[id: 0x8eb1f26f, L:/127.0.0.1:49782 - R:localhost/127.0.0.1:53154]' for 'POST' to 'http://localhost:53154/session/45c4ef74dd786d8612b9a3f1d59823fa/element/0151f51e-d04a-4d97-8cb5-9e9cf6847af9/value'
00:46:56.200 [Forwarding sendKeysToElement on session 45c4ef74dd786d8612b9a3f1d59823fa to remote] DEBUG org.asynchttpclient.netty.request.NettyRequestSender - Using open Channel [id: 0x8eb1f26f, L:/127.0.0.1:49782 - R:localhost/127.0.0.1:53154] for POST '/session/45c4ef74dd786d8612b9a3f1d59823fa/element/0151f51e-d04a-4d97-8cb5-9e9cf6847af9/value'
00:46:56.254 [AsyncHttpClient-1-5] DEBUG org.asynchttpclient.netty.handler.HttpHandler - 

Request DefaultHttpRequest(decodeResult: success, version: HTTP/1.1)
POST /session/45c4ef74dd786d8612b9a3f1d59823fa/element/0151f51e-d04a-4d97-8cb5-9e9cf6847af9/value HTTP/1.1
User-Agent: selenium/4.1.2 (java windows)
Content-Length: 291
Content-Type: application/json; charset=utf-8
host: localhost:53154
accept: */*

Response DefaultHttpResponse(decodeResult: success, version: HTTP/1.1)
HTTP/1.1 200 OK
Content-Type: application/json; charset=utf-8
cache-control: no-cache
content-length: 14

00:46:56.254 [AsyncHttpClient-1-5] DEBUG org.asynchttpclient.netty.channel.ChannelManager - Adding key: http://localhost:53154 for channel [id: 0x8eb1f26f, L:/127.0.0.1:49782 - R:localhost/127.0.0.1:53154]
00:46:56.258 [Forwarding screenshot on session 45c4ef74dd786d8612b9a3f1d59823fa to remote] DEBUG org.asynchttpclient.netty.request.NettyRequestSender - Using pooled Channel '[id: 0x8eb1f26f, L:/127.0.0.1:49782 - R:localhost/127.0.0.1:53154]' for 'GET' to 'http://localhost:53154/session/45c4ef74dd786d8612b9a3f1d59823fa/screenshot'
00:46:56.258 [Forwarding screenshot on session 45c4ef74dd786d8612b9a3f1d59823fa to remote] DEBUG org.asynchttpclient.netty.request.NettyRequestSender - Using open Channel [id: 0x8eb1f26f, L:/127.0.0.1:49782 - R:localhost/127.0.0.1:53154] for GET '/session/45c4ef74dd786d8612b9a3f1d59823fa/screenshot'
00:46:56.487 [AsyncHttpClient-1-1] DEBUG org.asynchttpclient.netty.channel.DefaultChannelPool - Entry count for : http://localhost:49783 : 1
00:46:56.490 [AsyncHttpClient-1-5] DEBUG org.asynchttpclient.netty.handler.HttpHandler - 

Request DefaultFullHttpRequest(decodeResult: success, version: HTTP/1.1, content: EmptyByteBufBE)
GET /session/45c4ef74dd786d8612b9a3f1d59823fa/screenshot HTTP/1.1
User-Agent: selenium/4.1.2 (java windows)
Cache-Control: no-cache
Content-Type: application/json; charset=utf-8
host: localhost:53154
accept: */*

Response DefaultHttpResponse(decodeResult: success, version: HTTP/1.1)
HTTP/1.1 200 OK
Content-Type: application/json; charset=utf-8
cache-control: no-cache
content-length: 569460

00:46:56.490 [AsyncHttpClient-1-5] DEBUG org.asynchttpclient.netty.channel.ChannelManager - Adding key: http://localhost:53154 for channel [id: 0x8eb1f26f, L:/127.0.0.1:49782 - R:localhost/127.0.0.1:53154]
00:46:56.498 [main] DEBUG net.serenitybdd.core.photography.Darkroom - Send negative for processing for target\site\serenity\7121c7966e51ed0bee580053fa8354e56400a63fd65cbfa41529dc1e051e1e6a.png
00:46:56.498 [main] DEBUG net.thucydides.core.steps.StepInterceptor - STEP DONE: inputPassword
  &amp#27;[32mAnd &amp#27;[0m&amp#27;[32madmin input valid password&amp#27;[0m                                                 &amp#27;[90m# starter.definitions.LoginSteps.adminInputValidPassword()&amp#27;[0m
00:46:56.506 [main] DEBUG net.thucydides.core.steps.StepInterceptor - STARTING STEP: LoginSteps.clickLoginButton - clickloginButton
00:46:56.507 [Forwarding findElement on session 45c4ef74dd786d8612b9a3f1d59823fa to remote] DEBUG org.asynchttpclient.netty.request.NettyRequestSender - Using pooled Channel '[id: 0x8eb1f26f, L:/127.0.0.1:49782 - R:localhost/127.0.0.1:53154]' for 'POST' to 'http://localhost:53154/session/45c4ef74dd786d8612b9a3f1d59823fa/element'
00:46:56.507 [Forwarding findElement on session 45c4ef74dd786d8612b9a3f1d59823fa to remote] DEBUG org.asynchttpclient.netty.request.NettyRequestSender - Using open Channel [id: 0x8eb1f26f, L:/127.0.0.1:49782 - R:localhost/127.0.0.1:53154] for POST '/session/45c4ef74dd786d8612b9a3f1d59823fa/element'
00:46:56.511 [AsyncHttpClient-1-5] DEBUG org.asynchttpclient.netty.handler.HttpHandler - 

Request DefaultHttpRequest(decodeResult: success, version: HTTP/1.1)
POST /session/45c4ef74dd786d8612b9a3f1d59823fa/element HTTP/1.1
User-Agent: selenium/4.1.2 (java windows)
Content-Length: 71
Content-Type: application/json; charset=utf-8
host: localhost:53154
accept: */*

Response DefaultHttpResponse(decodeResult: success, version: HTTP/1.1)
HTTP/1.1 200 OK
Content-Type: application/json; charset=utf-8
cache-control: no-cache
content-length: 88

00:46:56.511 [AsyncHttpClient-1-5] DEBUG org.asynchttpclient.netty.channel.ChannelManager - Adding key: http://localhost:53154 for channel [id: 0x8eb1f26f, L:/127.0.0.1:49782 - R:localhost/127.0.0.1:53154]
00:46:56.512 [Forwarding getElementTagName on session 45c4ef74dd786d8612b9a3f1d59823fa to remote] DEBUG org.asynchttpclient.netty.request.NettyRequestSender - Using pooled Channel '[id: 0x8eb1f26f, L:/127.0.0.1:49782 - R:localhost/127.0.0.1:53154]' for 'GET' to 'http://localhost:53154/session/45c4ef74dd786d8612b9a3f1d59823fa/element/57a9d0bb-01b6-4baa-a055-10ddd19d5f8c/name'
00:46:56.512 [Forwarding getElementTagName on session 45c4ef74dd786d8612b9a3f1d59823fa to remote] DEBUG org.asynchttpclient.netty.request.NettyRequestSender - Using open Channel [id: 0x8eb1f26f, L:/127.0.0.1:49782 - R:localhost/127.0.0.1:53154] for GET '/session/45c4ef74dd786d8612b9a3f1d59823fa/element/57a9d0bb-01b6-4baa-a055-10ddd19d5f8c/name'
00:46:56.513 [AsyncHttpClient-1-5] DEBUG org.asynchttpclient.netty.handler.HttpHandler - 

Request DefaultFullHttpRequest(decodeResult: success, version: HTTP/1.1, content: EmptyByteBufBE)
GET /session/45c4ef74dd786d8612b9a3f1d59823fa/element/57a9d0bb-01b6-4baa-a055-10ddd19d5f8c/name HTTP/1.1
User-Agent: selenium/4.1.2 (java windows)
Cache-Control: no-cache
Content-Type: application/json; charset=utf-8
host: localhost:53154
accept: */*

Response DefaultHttpResponse(decodeResult: success, version: HTTP/1.1)
HTTP/1.1 200 OK
Content-Type: application/json; charset=utf-8
cache-control: no-cache
content-length: 18

00:46:56.514 [AsyncHttpClient-1-5] DEBUG org.asynchttpclient.netty.channel.ChannelManager - Adding key: http://localhost:53154 for channel [id: 0x8eb1f26f, L:/127.0.0.1:49782 - R:localhost/127.0.0.1:53154]
00:46:56.514 [Forwarding getElementTagName on session 45c4ef74dd786d8612b9a3f1d59823fa to remote] DEBUG org.asynchttpclient.netty.request.NettyRequestSender - Using pooled Channel '[id: 0x8eb1f26f, L:/127.0.0.1:49782 - R:localhost/127.0.0.1:53154]' for 'GET' to 'http://localhost:53154/session/45c4ef74dd786d8612b9a3f1d59823fa/element/57a9d0bb-01b6-4baa-a055-10ddd19d5f8c/name'
00:46:56.514 [Forwarding getElementTagName on session 45c4ef74dd786d8612b9a3f1d59823fa to remote] DEBUG org.asynchttpclient.netty.request.NettyRequestSender - Using open Channel [id: 0x8eb1f26f, L:/127.0.0.1:49782 - R:localhost/127.0.0.1:53154] for GET '/session/45c4ef74dd786d8612b9a3f1d59823fa/element/57a9d0bb-01b6-4baa-a055-10ddd19d5f8c/name'
00:46:56.515 [AsyncHttpClient-1-5] DEBUG org.asynchttpclient.netty.handler.HttpHandler - 

Request DefaultFullHttpRequest(decodeResult: success, version: HTTP/1.1, content: EmptyByteBufBE)
GET /session/45c4ef74dd786d8612b9a3f1d59823fa/element/57a9d0bb-01b6-4baa-a055-10ddd19d5f8c/name HTTP/1.1
User-Agent: selenium/4.1.2 (java windows)
Cache-Control: no-cache
Content-Type: application/json; charset=utf-8
host: localhost:53154
accept: */*

Response DefaultHttpResponse(decodeResult: success, version: HTTP/1.1)
HTTP/1.1 200 OK
Content-Type: application/json; charset=utf-8
cache-control: no-cache
content-length: 18

00:46:56.516 [AsyncHttpClient-1-5] DEBUG org.asynchttpclient.netty.channel.ChannelManager - Adding key: http://localhost:53154 for channel [id: 0x8eb1f26f, L:/127.0.0.1:49782 - R:localhost/127.0.0.1:53154]
00:46:56.517 [Forwarding isElementEnabled on session 45c4ef74dd786d8612b9a3f1d59823fa to remote] DEBUG org.asynchttpclient.netty.request.NettyRequestSender - Using pooled Channel '[id: 0x8eb1f26f, L:/127.0.0.1:49782 - R:localhost/127.0.0.1:53154]' for 'GET' to 'http://localhost:53154/session/45c4ef74dd786d8612b9a3f1d59823fa/element/57a9d0bb-01b6-4baa-a055-10ddd19d5f8c/enabled'
00:46:56.517 [Forwarding isElementEnabled on session 45c4ef74dd786d8612b9a3f1d59823fa to remote] DEBUG org.asynchttpclient.netty.request.NettyRequestSender - Using open Channel [id: 0x8eb1f26f, L:/127.0.0.1:49782 - R:localhost/127.0.0.1:53154] for GET '/session/45c4ef74dd786d8612b9a3f1d59823fa/element/57a9d0bb-01b6-4baa-a055-10ddd19d5f8c/enabled'
00:46:56.521 [AsyncHttpClient-1-5] DEBUG org.asynchttpclient.netty.handler.HttpHandler - 

Request DefaultFullHttpRequest(decodeResult: success, version: HTTP/1.1, content: EmptyByteBufBE)
GET /session/45c4ef74dd786d8612b9a3f1d59823fa/element/57a9d0bb-01b6-4baa-a055-10ddd19d5f8c/enabled HTTP/1.1
User-Agent: selenium/4.1.2 (java windows)
Cache-Control: no-cache
Content-Type: application/json; charset=utf-8
host: localhost:53154
accept: */*

Response DefaultHttpResponse(decodeResult: success, version: HTTP/1.1)
HTTP/1.1 200 OK
Content-Type: application/json; charset=utf-8
cache-control: no-cache
content-length: 14

00:46:56.521 [AsyncHttpClient-1-5] DEBUG org.asynchttpclient.netty.channel.ChannelManager - Adding key: http://localhost:53154 for channel [id: 0x8eb1f26f, L:/127.0.0.1:49782 - R:localhost/127.0.0.1:53154]
00:46:56.521 [Forwarding isElementEnabled on session 45c4ef74dd786d8612b9a3f1d59823fa to remote] DEBUG org.asynchttpclient.netty.request.NettyRequestSender - Using pooled Channel '[id: 0x8eb1f26f, L:/127.0.0.1:49782 - R:localhost/127.0.0.1:53154]' for 'GET' to 'http://localhost:53154/session/45c4ef74dd786d8612b9a3f1d59823fa/element/57a9d0bb-01b6-4baa-a055-10ddd19d5f8c/enabled'
00:46:56.521 [Forwarding isElementEnabled on session 45c4ef74dd786d8612b9a3f1d59823fa to remote] DEBUG org.asynchttpclient.netty.request.NettyRequestSender - Using open Channel [id: 0x8eb1f26f, L:/127.0.0.1:49782 - R:localhost/127.0.0.1:53154] for GET '/session/45c4ef74dd786d8612b9a3f1d59823fa/element/57a9d0bb-01b6-4baa-a055-10ddd19d5f8c/enabled'
00:46:56.524 [AsyncHttpClient-1-5] DEBUG org.asynchttpclient.netty.handler.HttpHandler - 

Request DefaultFullHttpRequest(decodeResult: success, version: HTTP/1.1, content: EmptyByteBufBE)
GET /session/45c4ef74dd786d8612b9a3f1d59823fa/element/57a9d0bb-01b6-4baa-a055-10ddd19d5f8c/enabled HTTP/1.1
User-Agent: selenium/4.1.2 (java windows)
Cache-Control: no-cache
Content-Type: application/json; charset=utf-8
host: localhost:53154
accept: */*

Response DefaultHttpResponse(decodeResult: success, version: HTTP/1.1)
HTTP/1.1 200 OK
Content-Type: application/json; charset=utf-8
cache-control: no-cache
content-length: 14

00:46:56.524 [AsyncHttpClient-1-5] DEBUG org.asynchttpclient.netty.channel.ChannelManager - Adding key: http://localhost:53154 for channel [id: 0x8eb1f26f, L:/127.0.0.1:49782 - R:localhost/127.0.0.1:53154]
00:46:56.525 [Forwarding findElement on session 45c4ef74dd786d8612b9a3f1d59823fa to remote] DEBUG org.asynchttpclient.netty.request.NettyRequestSender - Using pooled Channel '[id: 0x8eb1f26f, L:/127.0.0.1:49782 - R:localhost/127.0.0.1:53154]' for 'POST' to 'http://localhost:53154/session/45c4ef74dd786d8612b9a3f1d59823fa/element'
00:46:56.525 [Forwarding findElement on session 45c4ef74dd786d8612b9a3f1d59823fa to remote] DEBUG org.asynchttpclient.netty.request.NettyRequestSender - Using open Channel [id: 0x8eb1f26f, L:/127.0.0.1:49782 - R:localhost/127.0.0.1:53154] for POST '/session/45c4ef74dd786d8612b9a3f1d59823fa/element'
00:46:56.528 [AsyncHttpClient-1-5] DEBUG org.asynchttpclient.netty.handler.HttpHandler - 

Request DefaultHttpRequest(decodeResult: success, version: HTTP/1.1)
POST /session/45c4ef74dd786d8612b9a3f1d59823fa/element HTTP/1.1
User-Agent: selenium/4.1.2 (java windows)
Content-Length: 71
Content-Type: application/json; charset=utf-8
host: localhost:53154
accept: */*

Response DefaultHttpResponse(decodeResult: success, version: HTTP/1.1)
HTTP/1.1 200 OK
Content-Type: application/json; charset=utf-8
cache-control: no-cache
content-length: 88

00:46:56.528 [AsyncHttpClient-1-5] DEBUG org.asynchttpclient.netty.channel.ChannelManager - Adding key: http://localhost:53154 for channel [id: 0x8eb1f26f, L:/127.0.0.1:49782 - R:localhost/127.0.0.1:53154]
00:46:56.529 [Forwarding clickElement on session 45c4ef74dd786d8612b9a3f1d59823fa to remote] DEBUG org.asynchttpclient.netty.request.NettyRequestSender - Using pooled Channel '[id: 0x8eb1f26f, L:/127.0.0.1:49782 - R:localhost/127.0.0.1:53154]' for 'POST' to 'http://localhost:53154/session/45c4ef74dd786d8612b9a3f1d59823fa/element/57a9d0bb-01b6-4baa-a055-10ddd19d5f8c/click'
00:46:56.529 [Forwarding clickElement on session 45c4ef74dd786d8612b9a3f1d59823fa to remote] DEBUG org.asynchttpclient.netty.request.NettyRequestSender - Using open Channel [id: 0x8eb1f26f, L:/127.0.0.1:49782 - R:localhost/127.0.0.1:53154] for POST '/session/45c4ef74dd786d8612b9a3f1d59823fa/element/57a9d0bb-01b6-4baa-a055-10ddd19d5f8c/click'
00:46:56.554 [AsyncHttpClient-1-5] DEBUG org.asynchttpclient.netty.handler.HttpHandler - 

Request DefaultHttpRequest(decodeResult: success, version: HTTP/1.1)
POST /session/45c4ef74dd786d8612b9a3f1d59823fa/element/57a9d0bb-01b6-4baa-a055-10ddd19d5f8c/click HTTP/1.1
User-Agent: selenium/4.1.2 (java windows)
Content-Length: 50
Content-Type: application/json; charset=utf-8
host: localhost:53154
accept: */*

Response DefaultHttpResponse(decodeResult: success, version: HTTP/1.1)
HTTP/1.1 200 OK
Content-Type: application/json; charset=utf-8
cache-control: no-cache
content-length: 14

00:46:56.554 [AsyncHttpClient-1-5] DEBUG org.asynchttpclient.netty.channel.ChannelManager - Adding key: http://localhost:53154 for channel [id: 0x8eb1f26f, L:/127.0.0.1:49782 - R:localhost/127.0.0.1:53154]
00:46:56.557 [Forwarding screenshot on session 45c4ef74dd786d8612b9a3f1d59823fa to remote] DEBUG org.asynchttpclient.netty.request.NettyRequestSender - Using pooled Channel '[id: 0x8eb1f26f, L:/127.0.0.1:49782 - R:localhost/127.0.0.1:53154]' for 'GET' to 'http://localhost:53154/session/45c4ef74dd786d8612b9a3f1d59823fa/screenshot'
00:46:56.557 [Forwarding screenshot on session 45c4ef74dd786d8612b9a3f1d59823fa to remote] DEBUG org.asynchttpclient.netty.request.NettyRequestSender - Using open Channel [id: 0x8eb1f26f, L:/127.0.0.1:49782 - R:localhost/127.0.0.1:53154] for GET '/session/45c4ef74dd786d8612b9a3f1d59823fa/screenshot'
00:46:56.772 [AsyncHttpClient-1-5] DEBUG org.asynchttpclient.netty.handler.HttpHandler - 

Request DefaultFullHttpRequest(decodeResult: success, version: HTTP/1.1, content: EmptyByteBufBE)
GET /session/45c4ef74dd786d8612b9a3f1d59823fa/screenshot HTTP/1.1
User-Agent: selenium/4.1.2 (java windows)
Cache-Control: no-cache
Content-Type: application/json; charset=utf-8
host: localhost:53154
accept: */*

Response DefaultHttpResponse(decodeResult: success, version: HTTP/1.1)
HTTP/1.1 200 OK
Content-Type: application/json; charset=utf-8
cache-control: no-cache
content-length: 575004

00:46:56.773 [AsyncHttpClient-1-5] DEBUG org.asynchttpclient.netty.channel.ChannelManager - Adding key: http://localhost:53154 for channel [id: 0x8eb1f26f, L:/127.0.0.1:49782 - R:localhost/127.0.0.1:53154]
00:46:56.781 [main] DEBUG net.serenitybdd.core.photography.Darkroom - Send negative for processing for target\site\serenity\bdfb3257a55b5f729af578dfc1dc3a5762c89839bea5dc19984e34dd6640fee1.png
00:46:56.781 [main] DEBUG net.thucydides.core.steps.StepInterceptor - STEP DONE: clickloginButton
  &amp#27;[32mAnd &amp#27;[0m&amp#27;[32mclick login button&amp#27;[0m                                                         &amp#27;[90m# starter.definitions.LoginSteps.clickLoginButton()&amp#27;[0m
00:46:56.792 [main] DEBUG net.thucydides.core.steps.StepInterceptor - STARTING STEP: LoginSteps.clickSucsessLogin - sucseslogin
00:46:56.793 [Forwarding findElement on session 45c4ef74dd786d8612b9a3f1d59823fa to remote] DEBUG org.asynchttpclient.netty.request.NettyRequestSender - Using pooled Channel '[id: 0x8eb1f26f, L:/127.0.0.1:49782 - R:localhost/127.0.0.1:53154]' for 'POST' to 'http://localhost:53154/session/45c4ef74dd786d8612b9a3f1d59823fa/element'
00:46:56.793 [Forwarding findElement on session 45c4ef74dd786d8612b9a3f1d59823fa to remote] DEBUG org.asynchttpclient.netty.request.NettyRequestSender - Using open Channel [id: 0x8eb1f26f, L:/127.0.0.1:49782 - R:localhost/127.0.0.1:53154] for POST '/session/45c4ef74dd786d8612b9a3f1d59823fa/element'
00:46:57.051 [AsyncHttpClient-1-5] DEBUG org.asynchttpclient.netty.handler.HttpHandler - 

Request DefaultHttpRequest(decodeResult: success, version: HTTP/1.1)
POST /session/45c4ef74dd786d8612b9a3f1d59823fa/element HTTP/1.1
User-Agent: selenium/4.1.2 (java windows)
Content-Length: 79
Content-Type: application/json; charset=utf-8
host: localhost:53154
accept: */*

Response DefaultHttpResponse(decodeResult: success, version: HTTP/1.1)
HTTP/1.1 200 OK
Content-Type: application/json; charset=utf-8
cache-control: no-cache
content-length: 88

00:46:57.051 [AsyncHttpClient-1-5] DEBUG org.asynchttpclient.netty.channel.ChannelManager - Adding key: http://localhost:53154 for channel [id: 0x8eb1f26f, L:/127.0.0.1:49782 - R:localhost/127.0.0.1:53154]
00:46:57.052 [Forwarding getElementTagName on session 45c4ef74dd786d8612b9a3f1d59823fa to remote] DEBUG org.asynchttpclient.netty.request.NettyRequestSender - Using pooled Channel '[id: 0x8eb1f26f, L:/127.0.0.1:49782 - R:localhost/127.0.0.1:53154]' for 'GET' to 'http://localhost:53154/session/45c4ef74dd786d8612b9a3f1d59823fa/element/8f2ee33d-3441-488c-b060-3ab36b1c9e11/name'
00:46:57.052 [Forwarding getElementTagName on session 45c4ef74dd786d8612b9a3f1d59823fa to remote] DEBUG org.asynchttpclient.netty.request.NettyRequestSender - Using open Channel [id: 0x8eb1f26f, L:/127.0.0.1:49782 - R:localhost/127.0.0.1:53154] for GET '/session/45c4ef74dd786d8612b9a3f1d59823fa/element/8f2ee33d-3441-488c-b060-3ab36b1c9e11/name'
00:46:57.057 [AsyncHttpClient-1-5] DEBUG org.asynchttpclient.netty.handler.HttpHandler - 

Request DefaultFullHttpRequest(decodeResult: success, version: HTTP/1.1, content: EmptyByteBufBE)
GET /session/45c4ef74dd786d8612b9a3f1d59823fa/element/8f2ee33d-3441-488c-b060-3ab36b1c9e11/name HTTP/1.1
User-Agent: selenium/4.1.2 (java windows)
Cache-Control: no-cache
Content-Type: application/json; charset=utf-8
host: localhost:53154
accept: */*

Response DefaultHttpResponse(decodeResult: success, version: HTTP/1.1)
HTTP/1.1 200 OK
Content-Type: application/json; charset=utf-8
cache-control: no-cache
content-length: 18

00:46:57.057 [AsyncHttpClient-1-5] DEBUG org.asynchttpclient.netty.channel.ChannelManager - Adding key: http://localhost:53154 for channel [id: 0x8eb1f26f, L:/127.0.0.1:49782 - R:localhost/127.0.0.1:53154]
00:46:57.058 [Forwarding getElementTagName on session 45c4ef74dd786d8612b9a3f1d59823fa to remote] DEBUG org.asynchttpclient.netty.request.NettyRequestSender - Using pooled Channel '[id: 0x8eb1f26f, L:/127.0.0.1:49782 - R:localhost/127.0.0.1:53154]' for 'GET' to 'http://localhost:53154/session/45c4ef74dd786d8612b9a3f1d59823fa/element/8f2ee33d-3441-488c-b060-3ab36b1c9e11/name'
00:46:57.058 [Forwarding getElementTagName on session 45c4ef74dd786d8612b9a3f1d59823fa to remote] DEBUG org.asynchttpclient.netty.request.NettyRequestSender - Using open Channel [id: 0x8eb1f26f, L:/127.0.0.1:49782 - R:localhost/127.0.0.1:53154] for GET '/session/45c4ef74dd786d8612b9a3f1d59823fa/element/8f2ee33d-3441-488c-b060-3ab36b1c9e11/name'
00:46:57.059 [AsyncHttpClient-1-5] DEBUG org.asynchttpclient.netty.handler.HttpHandler - 

Request DefaultFullHttpRequest(decodeResult: success, version: HTTP/1.1, content: EmptyByteBufBE)
GET /session/45c4ef74dd786d8612b9a3f1d59823fa/element/8f2ee33d-3441-488c-b060-3ab36b1c9e11/name HTTP/1.1
User-Agent: selenium/4.1.2 (java windows)
Cache-Control: no-cache
Content-Type: application/json; charset=utf-8
host: localhost:53154
accept: */*

Response DefaultHttpResponse(decodeResult: success, version: HTTP/1.1)
HTTP/1.1 200 OK
Content-Type: application/json; charset=utf-8
cache-control: no-cache
content-length: 18

00:46:57.059 [AsyncHttpClient-1-5] DEBUG org.asynchttpclient.netty.channel.ChannelManager - Adding key: http://localhost:53154 for channel [id: 0x8eb1f26f, L:/127.0.0.1:49782 - R:localhost/127.0.0.1:53154]
00:46:57.060 [Forwarding isElementEnabled on session 45c4ef74dd786d8612b9a3f1d59823fa to remote] DEBUG org.asynchttpclient.netty.request.NettyRequestSender - Using pooled Channel '[id: 0x8eb1f26f, L:/127.0.0.1:49782 - R:localhost/127.0.0.1:53154]' for 'GET' to 'http://localhost:53154/session/45c4ef74dd786d8612b9a3f1d59823fa/element/8f2ee33d-3441-488c-b060-3ab36b1c9e11/enabled'
00:46:57.060 [Forwarding isElementEnabled on session 45c4ef74dd786d8612b9a3f1d59823fa to remote] DEBUG org.asynchttpclient.netty.request.NettyRequestSender - Using open Channel [id: 0x8eb1f26f, L:/127.0.0.1:49782 - R:localhost/127.0.0.1:53154] for GET '/session/45c4ef74dd786d8612b9a3f1d59823fa/element/8f2ee33d-3441-488c-b060-3ab36b1c9e11/enabled'
00:46:57.064 [AsyncHttpClient-1-5] DEBUG org.asynchttpclient.netty.handler.HttpHandler - 

Request DefaultFullHttpRequest(decodeResult: success, version: HTTP/1.1, content: EmptyByteBufBE)
GET /session/45c4ef74dd786d8612b9a3f1d59823fa/element/8f2ee33d-3441-488c-b060-3ab36b1c9e11/enabled HTTP/1.1
User-Agent: selenium/4.1.2 (java windows)
Cache-Control: no-cache
Content-Type: application/json; charset=utf-8
host: localhost:53154
accept: */*

Response DefaultHttpResponse(decodeResult: success, version: HTTP/1.1)
HTTP/1.1 200 OK
Content-Type: application/json; charset=utf-8
cache-control: no-cache
content-length: 14

00:46:57.064 [AsyncHttpClient-1-5] DEBUG org.asynchttpclient.netty.channel.ChannelManager - Adding key: http://localhost:53154 for channel [id: 0x8eb1f26f, L:/127.0.0.1:49782 - R:localhost/127.0.0.1:53154]
00:46:57.065 [Forwarding isElementEnabled on session 45c4ef74dd786d8612b9a3f1d59823fa to remote] DEBUG org.asynchttpclient.netty.request.NettyRequestSender - Using pooled Channel '[id: 0x8eb1f26f, L:/127.0.0.1:49782 - R:localhost/127.0.0.1:53154]' for 'GET' to 'http://localhost:53154/session/45c4ef74dd786d8612b9a3f1d59823fa/element/8f2ee33d-3441-488c-b060-3ab36b1c9e11/enabled'
00:46:57.065 [Forwarding isElementEnabled on session 45c4ef74dd786d8612b9a3f1d59823fa to remote] DEBUG org.asynchttpclient.netty.request.NettyRequestSender - Using open Channel [id: 0x8eb1f26f, L:/127.0.0.1:49782 - R:localhost/127.0.0.1:53154] for GET '/session/45c4ef74dd786d8612b9a3f1d59823fa/element/8f2ee33d-3441-488c-b060-3ab36b1c9e11/enabled'
00:46:57.067 [AsyncHttpClient-1-5] DEBUG org.asynchttpclient.netty.handler.HttpHandler - 

Request DefaultFullHttpRequest(decodeResult: success, version: HTTP/1.1, content: EmptyByteBufBE)
GET /session/45c4ef74dd786d8612b9a3f1d59823fa/element/8f2ee33d-3441-488c-b060-3ab36b1c9e11/enabled HTTP/1.1
User-Agent: selenium/4.1.2 (java windows)
Cache-Control: no-cache
Content-Type: application/json; charset=utf-8
host: localhost:53154
accept: */*

Response DefaultHttpResponse(decodeResult: success, version: HTTP/1.1)
HTTP/1.1 200 OK
Content-Type: application/json; charset=utf-8
cache-control: no-cache
content-length: 14

00:46:57.067 [AsyncHttpClient-1-5] DEBUG org.asynchttpclient.netty.channel.ChannelManager - Adding key: http://localhost:53154 for channel [id: 0x8eb1f26f, L:/127.0.0.1:49782 - R:localhost/127.0.0.1:53154]
00:46:57.068 [Forwarding findElement on session 45c4ef74dd786d8612b9a3f1d59823fa to remote] DEBUG org.asynchttpclient.netty.request.NettyRequestSender - Using pooled Channel '[id: 0x8eb1f26f, L:/127.0.0.1:49782 - R:localhost/127.0.0.1:53154]' for 'POST' to 'http://localhost:53154/session/45c4ef74dd786d8612b9a3f1d59823fa/element'
00:46:57.068 [Forwarding findElement on session 45c4ef74dd786d8612b9a3f1d59823fa to remote] DEBUG org.asynchttpclient.netty.request.NettyRequestSender - Using open Channel [id: 0x8eb1f26f, L:/127.0.0.1:49782 - R:localhost/127.0.0.1:53154] for POST '/session/45c4ef74dd786d8612b9a3f1d59823fa/element'
00:46:57.071 [AsyncHttpClient-1-5] DEBUG org.asynchttpclient.netty.handler.HttpHandler - 

Request DefaultHttpRequest(decodeResult: success, version: HTTP/1.1)
POST /session/45c4ef74dd786d8612b9a3f1d59823fa/element HTTP/1.1
User-Agent: selenium/4.1.2 (java windows)
Content-Length: 79
Content-Type: application/json; charset=utf-8
host: localhost:53154
accept: */*

Response DefaultHttpResponse(decodeResult: success, version: HTTP/1.1)
HTTP/1.1 200 OK
Content-Type: application/json; charset=utf-8
cache-control: no-cache
content-length: 88

00:46:57.071 [AsyncHttpClient-1-5] DEBUG org.asynchttpclient.netty.channel.ChannelManager - Adding key: http://localhost:53154 for channel [id: 0x8eb1f26f, L:/127.0.0.1:49782 - R:localhost/127.0.0.1:53154]
00:46:57.072 [Forwarding clickElement on session 45c4ef74dd786d8612b9a3f1d59823fa to remote] DEBUG org.asynchttpclient.netty.request.NettyRequestSender - Using pooled Channel '[id: 0x8eb1f26f, L:/127.0.0.1:49782 - R:localhost/127.0.0.1:53154]' for 'POST' to 'http://localhost:53154/session/45c4ef74dd786d8612b9a3f1d59823fa/element/8f2ee33d-3441-488c-b060-3ab36b1c9e11/click'
00:46:57.072 [Forwarding clickElement on session 45c4ef74dd786d8612b9a3f1d59823fa to remote] DEBUG org.asynchttpclient.netty.request.NettyRequestSender - Using open Channel [id: 0x8eb1f26f, L:/127.0.0.1:49782 - R:localhost/127.0.0.1:53154] for POST '/session/45c4ef74dd786d8612b9a3f1d59823fa/element/8f2ee33d-3441-488c-b060-3ab36b1c9e11/click'
00:46:57.090 [AsyncHttpClient-1-5] DEBUG org.asynchttpclient.netty.handler.HttpHandler - 

Request DefaultHttpRequest(decodeResult: success, version: HTTP/1.1)
POST /session/45c4ef74dd786d8612b9a3f1d59823fa/element/8f2ee33d-3441-488c-b060-3ab36b1c9e11/click HTTP/1.1
User-Agent: selenium/4.1.2 (java windows)
Content-Length: 50
Content-Type: application/json; charset=utf-8
host: localhost:53154
accept: */*

Response DefaultHttpResponse(decodeResult: success, version: HTTP/1.1)
HTTP/1.1 200 OK
Content-Type: application/json; charset=utf-8
cache-control: no-cache
content-length: 14

00:46:57.090 [AsyncHttpClient-1-5] DEBUG org.asynchttpclient.netty.channel.ChannelManager - Adding key: http://localhost:53154 for channel [id: 0x8eb1f26f, L:/127.0.0.1:49782 - R:localhost/127.0.0.1:53154]
00:46:57.093 [Forwarding screenshot on session 45c4ef74dd786d8612b9a3f1d59823fa to remote] DEBUG org.asynchttpclient.netty.request.NettyRequestSender - Using pooled Channel '[id: 0x8eb1f26f, L:/127.0.0.1:49782 - R:localhost/127.0.0.1:53154]' for 'GET' to 'http://localhost:53154/session/45c4ef74dd786d8612b9a3f1d59823fa/screenshot'
00:46:57.093 [Forwarding screenshot on session 45c4ef74dd786d8612b9a3f1d59823fa to remote] DEBUG org.asynchttpclient.netty.request.NettyRequestSender - Using open Channel [id: 0x8eb1f26f, L:/127.0.0.1:49782 - R:localhost/127.0.0.1:53154] for GET '/session/45c4ef74dd786d8612b9a3f1d59823fa/screenshot'
00:46:57.301 [AsyncHttpClient-1-5] DEBUG org.asynchttpclient.netty.handler.HttpHandler - 

Request DefaultFullHttpRequest(decodeResult: success, version: HTTP/1.1, content: EmptyByteBufBE)
GET /session/45c4ef74dd786d8612b9a3f1d59823fa/screenshot HTTP/1.1
User-Agent: selenium/4.1.2 (java windows)
Cache-Control: no-cache
Content-Type: application/json; charset=utf-8
host: localhost:53154
accept: */*

Response DefaultHttpResponse(decodeResult: success, version: HTTP/1.1)
HTTP/1.1 200 OK
Content-Type: application/json; charset=utf-8
cache-control: no-cache
content-length: 100356

00:46:57.301 [AsyncHttpClient-1-5] DEBUG org.asynchttpclient.netty.channel.ChannelManager - Adding key: http://localhost:53154 for channel [id: 0x8eb1f26f, L:/127.0.0.1:49782 - R:localhost/127.0.0.1:53154]
00:46:57.303 [main] DEBUG net.serenitybdd.core.photography.Darkroom - Send negative for processing for target\site\serenity\822d3a60556258b204154ca1d9ca7e79e38b9512d0e2bdfe1ae274fdf0718873.png
00:46:57.303 [main] DEBUG net.thucydides.core.steps.StepInterceptor - STEP DONE: sucseslogin
  &amp#27;[32mAnd &amp#27;[0m&amp#27;[32mclick sucsess login&amp#27;[0m                                                        &amp#27;[90m# starter.definitions.LoginSteps.clickSucsessLogin()&amp#27;[0m
00:46:57.303 [Darkroom Processing Line] DEBUG net.serenitybdd.core.photography.DarkroomProcessingLine - Processing screenshot image in /var/screenshots/screenshot-7346703219265909635
00:46:57.303 [Darkroom Processing Line] DEBUG net.serenitybdd.core.photography.DarkroomProcessingLine - Saving screenshot to target\site\serenity\822d3a60556258b204154ca1d9ca7e79e38b9512d0e2bdfe1ae274fdf0718873.png
00:46:57.316 [main] DEBUG net.thucydides.core.steps.StepInterceptor - STARTING STEP: ContentSteps.adminTheDashboardPage - dashboardpage
00:46:57.317 [Forwarding findElement on session 45c4ef74dd786d8612b9a3f1d59823fa to remote] DEBUG org.asynchttpclient.netty.request.NettyRequestSender - Using pooled Channel '[id: 0x8eb1f26f, L:/127.0.0.1:49782 - R:localhost/127.0.0.1:53154]' for 'POST' to 'http://localhost:53154/session/45c4ef74dd786d8612b9a3f1d59823fa/element'
00:46:57.317 [Forwarding findElement on session 45c4ef74dd786d8612b9a3f1d59823fa to remote] DEBUG org.asynchttpclient.netty.request.NettyRequestSender - Using open Channel [id: 0x8eb1f26f, L:/127.0.0.1:49782 - R:localhost/127.0.0.1:53154] for POST '/session/45c4ef74dd786d8612b9a3f1d59823fa/element'
00:46:57.331 [AsyncHttpClient-1-5] DEBUG org.asynchttpclient.netty.handler.HttpHandler - 

Request DefaultHttpRequest(decodeResult: success, version: HTTP/1.1)
POST /session/45c4ef74dd786d8612b9a3f1d59823fa/element HTTP/1.1
User-Agent: selenium/4.1.2 (java windows)
Content-Length: 82
Content-Type: application/json; charset=utf-8
host: localhost:53154
accept: */*

Response DefaultHttpResponse(decodeResult: success, version: HTTP/1.1)
HTTP/1.1 200 OK
Content-Type: application/json; charset=utf-8
cache-control: no-cache
content-length: 88

00:46:57.331 [AsyncHttpClient-1-5] DEBUG org.asynchttpclient.netty.channel.ChannelManager - Adding key: http://localhost:53154 for channel [id: 0x8eb1f26f, L:/127.0.0.1:49782 - R:localhost/127.0.0.1:53154]
00:46:57.332 [Forwarding isElementDisplayed on session 45c4ef74dd786d8612b9a3f1d59823fa to remote] DEBUG org.asynchttpclient.netty.request.NettyRequestSender - Using pooled Channel '[id: 0x8eb1f26f, L:/127.0.0.1:49782 - R:localhost/127.0.0.1:53154]' for 'POST' to 'http://localhost:53154/session/45c4ef74dd786d8612b9a3f1d59823fa/execute/sync'
00:46:57.332 [Forwarding isElementDisplayed on session 45c4ef74dd786d8612b9a3f1d59823fa to remote] DEBUG org.asynchttpclient.netty.request.NettyRequestSender - Using open Channel [id: 0x8eb1f26f, L:/127.0.0.1:49782 - R:localhost/127.0.0.1:53154] for POST '/session/45c4ef74dd786d8612b9a3f1d59823fa/execute/sync'
00:46:57.342 [AsyncHttpClient-1-5] DEBUG org.asynchttpclient.netty.handler.HttpHandler - 

Request DefaultHttpRequest(decodeResult: success, version: HTTP/1.1)
POST /session/45c4ef74dd786d8612b9a3f1d59823fa/execute/sync HTTP/1.1
User-Agent: selenium/4.1.2 (java windows)
Content-Length: 48780
Content-Type: application/json; charset=utf-8
host: localhost:53154
accept: */*

Response DefaultHttpResponse(decodeResult: success, version: HTTP/1.1)
HTTP/1.1 200 OK
Content-Type: application/json; charset=utf-8
cache-control: no-cache
content-length: 14

00:46:57.342 [AsyncHttpClient-1-5] DEBUG org.asynchttpclient.netty.channel.ChannelManager - Adding key: http://localhost:53154 for channel [id: 0x8eb1f26f, L:/127.0.0.1:49782 - R:localhost/127.0.0.1:53154]
00:46:57.344 [main] DEBUG net.thucydides.core.steps.StepInterceptor - STEP DONE: dashboardpage
  &amp#27;[32mGiven &amp#27;[0m&amp#27;[32madmin the dashboard page&amp#27;[0m                                                 &amp#27;[90m# starter.definitions.ContentSteps.adminTheDashboardPage()&amp#27;[0m
00:46:57.351 [main] DEBUG net.thucydides.core.steps.StepInterceptor - STARTING STEP: ContentSteps.adminClickContentPage - contentpage
00:46:57.352 [Forwarding findElement on session 45c4ef74dd786d8612b9a3f1d59823fa to remote] DEBUG org.asynchttpclient.netty.request.NettyRequestSender - Using pooled Channel '[id: 0x8eb1f26f, L:/127.0.0.1:49782 - R:localhost/127.0.0.1:53154]' for 'POST' to 'http://localhost:53154/session/45c4ef74dd786d8612b9a3f1d59823fa/element'
00:46:57.352 [Forwarding findElement on session 45c4ef74dd786d8612b9a3f1d59823fa to remote] DEBUG org.asynchttpclient.netty.request.NettyRequestSender - Using open Channel [id: 0x8eb1f26f, L:/127.0.0.1:49782 - R:localhost/127.0.0.1:53154] for POST '/session/45c4ef74dd786d8612b9a3f1d59823fa/element'
00:46:57.590 [AsyncHttpClient-1-1] DEBUG org.asynchttpclient.netty.channel.DefaultChannelPool - Entry count for : http://localhost:49783 : 1
00:46:58.694 [AsyncHttpClient-1-1] DEBUG org.asynchttpclient.netty.channel.DefaultChannelPool - Entry count for : http://localhost:49783 : 1
00:46:58.808 [AsyncHttpClient-1-5] DEBUG org.asynchttpclient.netty.handler.HttpHandler - 

Request DefaultHttpRequest(decodeResult: success, version: HTTP/1.1)
POST /session/45c4ef74dd786d8612b9a3f1d59823fa/element HTTP/1.1
User-Agent: selenium/4.1.2 (java windows)
Content-Length: 119
Content-Type: application/json; charset=utf-8
host: localhost:53154
accept: */*

Response DefaultHttpResponse(decodeResult: success, version: HTTP/1.1)
HTTP/1.1 200 OK
Content-Type: application/json; charset=utf-8
cache-control: no-cache
content-length: 88

00:46:58.808 [AsyncHttpClient-1-5] DEBUG org.asynchttpclient.netty.channel.ChannelManager - Adding key: http://localhost:53154 for channel [id: 0x8eb1f26f, L:/127.0.0.1:49782 - R:localhost/127.0.0.1:53154]
00:46:58.809 [Forwarding getElementTagName on session 45c4ef74dd786d8612b9a3f1d59823fa to remote] DEBUG org.asynchttpclient.netty.request.NettyRequestSender - Using pooled Channel '[id: 0x8eb1f26f, L:/127.0.0.1:49782 - R:localhost/127.0.0.1:53154]' for 'GET' to 'http://localhost:53154/session/45c4ef74dd786d8612b9a3f1d59823fa/element/38193cc5-6990-4e70-b731-cea928f7f41a/name'
00:46:58.809 [Forwarding getElementTagName on session 45c4ef74dd786d8612b9a3f1d59823fa to remote] DEBUG org.asynchttpclient.netty.request.NettyRequestSender - Using open Channel [id: 0x8eb1f26f, L:/127.0.0.1:49782 - R:localhost/127.0.0.1:53154] for GET '/session/45c4ef74dd786d8612b9a3f1d59823fa/element/38193cc5-6990-4e70-b731-cea928f7f41a/name'
00:46:58.810 [AsyncHttpClient-1-5] DEBUG org.asynchttpclient.netty.handler.HttpHandler - 

Request DefaultFullHttpRequest(decodeResult: success, version: HTTP/1.1, content: EmptyByteBufBE)
GET /session/45c4ef74dd786d8612b9a3f1d59823fa/element/38193cc5-6990-4e70-b731-cea928f7f41a/name HTTP/1.1
User-Agent: selenium/4.1.2 (java windows)
Cache-Control: no-cache
Content-Type: application/json; charset=utf-8
host: localhost:53154
accept: */*

Response DefaultHttpResponse(decodeResult: success, version: HTTP/1.1)
HTTP/1.1 200 OK
Content-Type: application/json; charset=utf-8
cache-control: no-cache
content-length: 15

00:46:58.810 [AsyncHttpClient-1-5] DEBUG org.asynchttpclient.netty.channel.ChannelManager - Adding key: http://localhost:53154 for channel [id: 0x8eb1f26f, L:/127.0.0.1:49782 - R:localhost/127.0.0.1:53154]
00:46:58.811 [Forwarding getElementTagName on session 45c4ef74dd786d8612b9a3f1d59823fa to remote] DEBUG org.asynchttpclient.netty.request.NettyRequestSender - Using pooled Channel '[id: 0x8eb1f26f, L:/127.0.0.1:49782 - R:localhost/127.0.0.1:53154]' for 'GET' to 'http://localhost:53154/session/45c4ef74dd786d8612b9a3f1d59823fa/element/38193cc5-6990-4e70-b731-cea928f7f41a/name'
00:46:58.811 [Forwarding getElementTagName on session 45c4ef74dd786d8612b9a3f1d59823fa to remote] DEBUG org.asynchttpclient.netty.request.NettyRequestSender - Using open Channel [id: 0x8eb1f26f, L:/127.0.0.1:49782 - R:localhost/127.0.0.1:53154] for GET '/session/45c4ef74dd786d8612b9a3f1d59823fa/element/38193cc5-6990-4e70-b731-cea928f7f41a/name'
00:46:58.812 [AsyncHttpClient-1-5] DEBUG org.asynchttpclient.netty.handler.HttpHandler - 

Request DefaultFullHttpRequest(decodeResult: success, version: HTTP/1.1, content: EmptyByteBufBE)
GET /session/45c4ef74dd786d8612b9a3f1d59823fa/element/38193cc5-6990-4e70-b731-cea928f7f41a/name HTTP/1.1
User-Agent: selenium/4.1.2 (java windows)
Cache-Control: no-cache
Content-Type: application/json; charset=utf-8
host: localhost:53154
accept: */*

Response DefaultHttpResponse(decodeResult: success, version: HTTP/1.1)
HTTP/1.1 200 OK
Content-Type: application/json; charset=utf-8
cache-control: no-cache
content-length: 15

00:46:58.812 [AsyncHttpClient-1-5] DEBUG org.asynchttpclient.netty.channel.ChannelManager - Adding key: http://localhost:53154 for channel [id: 0x8eb1f26f, L:/127.0.0.1:49782 - R:localhost/127.0.0.1:53154]
00:46:58.813 [Forwarding findElement on session 45c4ef74dd786d8612b9a3f1d59823fa to remote] DEBUG org.asynchttpclient.netty.request.NettyRequestSender - Using pooled Channel '[id: 0x8eb1f26f, L:/127.0.0.1:49782 - R:localhost/127.0.0.1:53154]' for 'POST' to 'http://localhost:53154/session/45c4ef74dd786d8612b9a3f1d59823fa/element'
00:46:58.813 [Forwarding findElement on session 45c4ef74dd786d8612b9a3f1d59823fa to remote] DEBUG org.asynchttpclient.netty.request.NettyRequestSender - Using open Channel [id: 0x8eb1f26f, L:/127.0.0.1:49782 - R:localhost/127.0.0.1:53154] for POST '/session/45c4ef74dd786d8612b9a3f1d59823fa/element'
00:46:58.816 [AsyncHttpClient-1-5] DEBUG org.asynchttpclient.netty.handler.HttpHandler - 

Request DefaultHttpRequest(decodeResult: success, version: HTTP/1.1)
POST /session/45c4ef74dd786d8612b9a3f1d59823fa/element HTTP/1.1
User-Agent: selenium/4.1.2 (java windows)
Content-Length: 119
Content-Type: application/json; charset=utf-8
host: localhost:53154
accept: */*

Response DefaultHttpResponse(decodeResult: success, version: HTTP/1.1)
HTTP/1.1 200 OK
Content-Type: application/json; charset=utf-8
cache-control: no-cache
content-length: 88

00:46:58.816 [AsyncHttpClient-1-5] DEBUG org.asynchttpclient.netty.channel.ChannelManager - Adding key: http://localhost:53154 for channel [id: 0x8eb1f26f, L:/127.0.0.1:49782 - R:localhost/127.0.0.1:53154]
00:46:58.816 [Forwarding clickElement on session 45c4ef74dd786d8612b9a3f1d59823fa to remote] DEBUG org.asynchttpclient.netty.request.NettyRequestSender - Using pooled Channel '[id: 0x8eb1f26f, L:/127.0.0.1:49782 - R:localhost/127.0.0.1:53154]' for 'POST' to 'http://localhost:53154/session/45c4ef74dd786d8612b9a3f1d59823fa/element/38193cc5-6990-4e70-b731-cea928f7f41a/click'
00:46:58.816 [Forwarding clickElement on session 45c4ef74dd786d8612b9a3f1d59823fa to remote] DEBUG org.asynchttpclient.netty.request.NettyRequestSender - Using open Channel [id: 0x8eb1f26f, L:/127.0.0.1:49782 - R:localhost/127.0.0.1:53154] for POST '/session/45c4ef74dd786d8612b9a3f1d59823fa/element/38193cc5-6990-4e70-b731-cea928f7f41a/click'
00:46:58.844 [AsyncHttpClient-1-5] DEBUG org.asynchttpclient.netty.handler.HttpHandler - 

Request DefaultHttpRequest(decodeResult: success, version: HTTP/1.1)
POST /session/45c4ef74dd786d8612b9a3f1d59823fa/element/38193cc5-6990-4e70-b731-cea928f7f41a/click HTTP/1.1
User-Agent: selenium/4.1.2 (java windows)
Content-Length: 50
Content-Type: application/json; charset=utf-8
host: localhost:53154
accept: */*

Response DefaultHttpResponse(decodeResult: success, version: HTTP/1.1)
HTTP/1.1 200 OK
Content-Type: application/json; charset=utf-8
cache-control: no-cache
content-length: 14

00:46:58.844 [AsyncHttpClient-1-5] DEBUG org.asynchttpclient.netty.channel.ChannelManager - Adding key: http://localhost:53154 for channel [id: 0x8eb1f26f, L:/127.0.0.1:49782 - R:localhost/127.0.0.1:53154]
00:46:58.847 [Forwarding screenshot on session 45c4ef74dd786d8612b9a3f1d59823fa to remote] DEBUG org.asynchttpclient.netty.request.NettyRequestSender - Using pooled Channel '[id: 0x8eb1f26f, L:/127.0.0.1:49782 - R:localhost/127.0.0.1:53154]' for 'GET' to 'http://localhost:53154/session/45c4ef74dd786d8612b9a3f1d59823fa/screenshot'
00:46:58.847 [Forwarding screenshot on session 45c4ef74dd786d8612b9a3f1d59823fa to remote] DEBUG org.asynchttpclient.netty.request.NettyRequestSender - Using open Channel [id: 0x8eb1f26f, L:/127.0.0.1:49782 - R:localhost/127.0.0.1:53154] for GET '/session/45c4ef74dd786d8612b9a3f1d59823fa/screenshot'
00:46:59.110 [AsyncHttpClient-1-5] DEBUG org.asynchttpclient.netty.handler.HttpHandler - 

Request DefaultFullHttpRequest(decodeResult: success, version: HTTP/1.1, content: EmptyByteBufBE)
GET /session/45c4ef74dd786d8612b9a3f1d59823fa/screenshot HTTP/1.1
User-Agent: selenium/4.1.2 (java windows)
Cache-Control: no-cache
Content-Type: application/json; charset=utf-8
host: localhost:53154
accept: */*

Response DefaultHttpResponse(decodeResult: success, version: HTTP/1.1)
HTTP/1.1 200 OK
Content-Type: application/json; charset=utf-8
cache-control: no-cache
content-length: 112756

00:46:59.110 [AsyncHttpClient-1-5] DEBUG org.asynchttpclient.netty.channel.ChannelManager - Adding key: http://localhost:53154 for channel [id: 0x8eb1f26f, L:/127.0.0.1:49782 - R:localhost/127.0.0.1:53154]
00:46:59.112 [main] DEBUG net.serenitybdd.core.photography.Darkroom - Send negative for processing for target\site\serenity\bee28c913680c96aded294145e660b703c96c83bb7aabb5534c84c1851438c90.png
00:46:59.112 [main] DEBUG net.thucydides.core.steps.StepInterceptor - STEP DONE: contentpage
  &amp#27;[32mWhen &amp#27;[0m&amp#27;[32madmin click content page&amp#27;[0m                                                  &amp#27;[90m# starter.definitions.ContentSteps.adminClickContentPage()&amp#27;[0m
00:46:59.121 [main] DEBUG net.thucydides.core.steps.StepInterceptor - STARTING STEP: ContentSteps.adminDoNotFillInTheDesiredTitleAndFillLinkAfterThatClickSend - contentsend
00:46:59.123 [Forwarding findElement on session 45c4ef74dd786d8612b9a3f1d59823fa to remote] DEBUG org.asynchttpclient.netty.request.NettyRequestSender - Using pooled Channel '[id: 0x8eb1f26f, L:/127.0.0.1:49782 - R:localhost/127.0.0.1:53154]' for 'POST' to 'http://localhost:53154/session/45c4ef74dd786d8612b9a3f1d59823fa/element'
00:46:59.123 [Forwarding findElement on session 45c4ef74dd786d8612b9a3f1d59823fa to remote] DEBUG org.asynchttpclient.netty.request.NettyRequestSender - Using open Channel [id: 0x8eb1f26f, L:/127.0.0.1:49782 - R:localhost/127.0.0.1:53154] for POST '/session/45c4ef74dd786d8612b9a3f1d59823fa/element'
00:46:59.126 [AsyncHttpClient-1-5] DEBUG org.asynchttpclient.netty.handler.HttpHandler - 

Request DefaultHttpRequest(decodeResult: success, version: HTTP/1.1)
POST /session/45c4ef74dd786d8612b9a3f1d59823fa/element HTTP/1.1
User-Agent: selenium/4.1.2 (java windows)
Content-Length: 71
Content-Type: application/json; charset=utf-8
host: localhost:53154
accept: */*

Response DefaultHttpResponse(decodeResult: success, version: HTTP/1.1)
HTTP/1.1 200 OK
Content-Type: application/json; charset=utf-8
cache-control: no-cache
content-length: 88

00:46:59.126 [AsyncHttpClient-1-5] DEBUG org.asynchttpclient.netty.channel.ChannelManager - Adding key: http://localhost:53154 for channel [id: 0x8eb1f26f, L:/127.0.0.1:49782 - R:localhost/127.0.0.1:53154]
00:46:59.127 [Forwarding getElementTagName on session 45c4ef74dd786d8612b9a3f1d59823fa to remote] DEBUG org.asynchttpclient.netty.request.NettyRequestSender - Using pooled Channel '[id: 0x8eb1f26f, L:/127.0.0.1:49782 - R:localhost/127.0.0.1:53154]' for 'GET' to 'http://localhost:53154/session/45c4ef74dd786d8612b9a3f1d59823fa/element/ea142448-1640-4ceb-8f29-63bbe503cd10/name'
00:46:59.127 [Forwarding getElementTagName on session 45c4ef74dd786d8612b9a3f1d59823fa to remote] DEBUG org.asynchttpclient.netty.request.NettyRequestSender - Using open Channel [id: 0x8eb1f26f, L:/127.0.0.1:49782 - R:localhost/127.0.0.1:53154] for GET '/session/45c4ef74dd786d8612b9a3f1d59823fa/element/ea142448-1640-4ceb-8f29-63bbe503cd10/name'
00:46:59.130 [AsyncHttpClient-1-5] DEBUG org.asynchttpclient.netty.handler.HttpHandler - 

Request DefaultFullHttpRequest(decodeResult: success, version: HTTP/1.1, content: EmptyByteBufBE)
GET /session/45c4ef74dd786d8612b9a3f1d59823fa/element/ea142448-1640-4ceb-8f29-63bbe503cd10/name HTTP/1.1
User-Agent: selenium/4.1.2 (java windows)
Cache-Control: no-cache
Content-Type: application/json; charset=utf-8
host: localhost:53154
accept: */*

Response DefaultHttpResponse(decodeResult: success, version: HTTP/1.1)
HTTP/1.1 200 OK
Content-Type: application/json; charset=utf-8
cache-control: no-cache
content-length: 18

00:46:59.130 [AsyncHttpClient-1-5] DEBUG org.asynchttpclient.netty.channel.ChannelManager - Adding key: http://localhost:53154 for channel [id: 0x8eb1f26f, L:/127.0.0.1:49782 - R:localhost/127.0.0.1:53154]
00:46:59.130 [Forwarding getElementTagName on session 45c4ef74dd786d8612b9a3f1d59823fa to remote] DEBUG org.asynchttpclient.netty.request.NettyRequestSender - Using pooled Channel '[id: 0x8eb1f26f, L:/127.0.0.1:49782 - R:localhost/127.0.0.1:53154]' for 'GET' to 'http://localhost:53154/session/45c4ef74dd786d8612b9a3f1d59823fa/element/ea142448-1640-4ceb-8f29-63bbe503cd10/name'
00:46:59.130 [Forwarding getElementTagName on session 45c4ef74dd786d8612b9a3f1d59823fa to remote] DEBUG org.asynchttpclient.netty.request.NettyRequestSender - Using open Channel [id: 0x8eb1f26f, L:/127.0.0.1:49782 - R:localhost/127.0.0.1:53154] for GET '/session/45c4ef74dd786d8612b9a3f1d59823fa/element/ea142448-1640-4ceb-8f29-63bbe503cd10/name'
00:46:59.132 [AsyncHttpClient-1-5] DEBUG org.asynchttpclient.netty.handler.HttpHandler - 

Request DefaultFullHttpRequest(decodeResult: success, version: HTTP/1.1, content: EmptyByteBufBE)
GET /session/45c4ef74dd786d8612b9a3f1d59823fa/element/ea142448-1640-4ceb-8f29-63bbe503cd10/name HTTP/1.1
User-Agent: selenium/4.1.2 (java windows)
Cache-Control: no-cache
Content-Type: application/json; charset=utf-8
host: localhost:53154
accept: */*

Response DefaultHttpResponse(decodeResult: success, version: HTTP/1.1)
HTTP/1.1 200 OK
Content-Type: application/json; charset=utf-8
cache-control: no-cache
content-length: 18

00:46:59.132 [AsyncHttpClient-1-5] DEBUG org.asynchttpclient.netty.channel.ChannelManager - Adding key: http://localhost:53154 for channel [id: 0x8eb1f26f, L:/127.0.0.1:49782 - R:localhost/127.0.0.1:53154]
00:46:59.133 [Forwarding isElementEnabled on session 45c4ef74dd786d8612b9a3f1d59823fa to remote] DEBUG org.asynchttpclient.netty.request.NettyRequestSender - Using pooled Channel '[id: 0x8eb1f26f, L:/127.0.0.1:49782 - R:localhost/127.0.0.1:53154]' for 'GET' to 'http://localhost:53154/session/45c4ef74dd786d8612b9a3f1d59823fa/element/ea142448-1640-4ceb-8f29-63bbe503cd10/enabled'
00:46:59.133 [Forwarding isElementEnabled on session 45c4ef74dd786d8612b9a3f1d59823fa to remote] DEBUG org.asynchttpclient.netty.request.NettyRequestSender - Using open Channel [id: 0x8eb1f26f, L:/127.0.0.1:49782 - R:localhost/127.0.0.1:53154] for GET '/session/45c4ef74dd786d8612b9a3f1d59823fa/element/ea142448-1640-4ceb-8f29-63bbe503cd10/enabled'
00:46:59.138 [AsyncHttpClient-1-5] DEBUG org.asynchttpclient.netty.handler.HttpHandler - 

Request DefaultFullHttpRequest(decodeResult: success, version: HTTP/1.1, content: EmptyByteBufBE)
GET /session/45c4ef74dd786d8612b9a3f1d59823fa/element/ea142448-1640-4ceb-8f29-63bbe503cd10/enabled HTTP/1.1
User-Agent: selenium/4.1.2 (java windows)
Cache-Control: no-cache
Content-Type: application/json; charset=utf-8
host: localhost:53154
accept: */*

Response DefaultHttpResponse(decodeResult: success, version: HTTP/1.1)
HTTP/1.1 200 OK
Content-Type: application/json; charset=utf-8
cache-control: no-cache
content-length: 14

00:46:59.138 [AsyncHttpClient-1-5] DEBUG org.asynchttpclient.netty.channel.ChannelManager - Adding key: http://localhost:53154 for channel [id: 0x8eb1f26f, L:/127.0.0.1:49782 - R:localhost/127.0.0.1:53154]
00:46:59.139 [Forwarding isElementEnabled on session 45c4ef74dd786d8612b9a3f1d59823fa to remote] DEBUG org.asynchttpclient.netty.request.NettyRequestSender - Using pooled Channel '[id: 0x8eb1f26f, L:/127.0.0.1:49782 - R:localhost/127.0.0.1:53154]' for 'GET' to 'http://localhost:53154/session/45c4ef74dd786d8612b9a3f1d59823fa/element/ea142448-1640-4ceb-8f29-63bbe503cd10/enabled'
00:46:59.139 [Forwarding isElementEnabled on session 45c4ef74dd786d8612b9a3f1d59823fa to remote] DEBUG org.asynchttpclient.netty.request.NettyRequestSender - Using open Channel [id: 0x8eb1f26f, L:/127.0.0.1:49782 - R:localhost/127.0.0.1:53154] for GET '/session/45c4ef74dd786d8612b9a3f1d59823fa/element/ea142448-1640-4ceb-8f29-63bbe503cd10/enabled'
00:46:59.142 [AsyncHttpClient-1-5] DEBUG org.asynchttpclient.netty.handler.HttpHandler - 

Request DefaultFullHttpRequest(decodeResult: success, version: HTTP/1.1, content: EmptyByteBufBE)
GET /session/45c4ef74dd786d8612b9a3f1d59823fa/element/ea142448-1640-4ceb-8f29-63bbe503cd10/enabled HTTP/1.1
User-Agent: selenium/4.1.2 (java windows)
Cache-Control: no-cache
Content-Type: application/json; charset=utf-8
host: localhost:53154
accept: */*

Response DefaultHttpResponse(decodeResult: success, version: HTTP/1.1)
HTTP/1.1 200 OK
Content-Type: application/json; charset=utf-8
cache-control: no-cache
content-length: 14

00:46:59.142 [AsyncHttpClient-1-5] DEBUG org.asynchttpclient.netty.channel.ChannelManager - Adding key: http://localhost:53154 for channel [id: 0x8eb1f26f, L:/127.0.0.1:49782 - R:localhost/127.0.0.1:53154]
00:46:59.143 [Forwarding findElement on session 45c4ef74dd786d8612b9a3f1d59823fa to remote] DEBUG org.asynchttpclient.netty.request.NettyRequestSender - Using pooled Channel '[id: 0x8eb1f26f, L:/127.0.0.1:49782 - R:localhost/127.0.0.1:53154]' for 'POST' to 'http://localhost:53154/session/45c4ef74dd786d8612b9a3f1d59823fa/element'
00:46:59.143 [Forwarding findElement on session 45c4ef74dd786d8612b9a3f1d59823fa to remote] DEBUG org.asynchttpclient.netty.request.NettyRequestSender - Using open Channel [id: 0x8eb1f26f, L:/127.0.0.1:49782 - R:localhost/127.0.0.1:53154] for POST '/session/45c4ef74dd786d8612b9a3f1d59823fa/element'
00:46:59.147 [AsyncHttpClient-1-5] DEBUG org.asynchttpclient.netty.handler.HttpHandler - 

Request DefaultHttpRequest(decodeResult: success, version: HTTP/1.1)
POST /session/45c4ef74dd786d8612b9a3f1d59823fa/element HTTP/1.1
User-Agent: selenium/4.1.2 (java windows)
Content-Length: 71
Content-Type: application/json; charset=utf-8
host: localhost:53154
accept: */*

Response DefaultHttpResponse(decodeResult: success, version: HTTP/1.1)
HTTP/1.1 200 OK
Content-Type: application/json; charset=utf-8
cache-control: no-cache
content-length: 88

00:46:59.147 [AsyncHttpClient-1-5] DEBUG org.asynchttpclient.netty.channel.ChannelManager - Adding key: http://localhost:53154 for channel [id: 0x8eb1f26f, L:/127.0.0.1:49782 - R:localhost/127.0.0.1:53154]
00:46:59.148 [Forwarding clickElement on session 45c4ef74dd786d8612b9a3f1d59823fa to remote] DEBUG org.asynchttpclient.netty.request.NettyRequestSender - Using pooled Channel '[id: 0x8eb1f26f, L:/127.0.0.1:49782 - R:localhost/127.0.0.1:53154]' for 'POST' to 'http://localhost:53154/session/45c4ef74dd786d8612b9a3f1d59823fa/element/ea142448-1640-4ceb-8f29-63bbe503cd10/click'
00:46:59.148 [Forwarding clickElement on session 45c4ef74dd786d8612b9a3f1d59823fa to remote] DEBUG org.asynchttpclient.netty.request.NettyRequestSender - Using open Channel [id: 0x8eb1f26f, L:/127.0.0.1:49782 - R:localhost/127.0.0.1:53154] for POST '/session/45c4ef74dd786d8612b9a3f1d59823fa/element/ea142448-1640-4ceb-8f29-63bbe503cd10/click'
00:46:59.171 [AsyncHttpClient-1-5] DEBUG org.asynchttpclient.netty.handler.HttpHandler - 

Request DefaultHttpRequest(decodeResult: success, version: HTTP/1.1)
POST /session/45c4ef74dd786d8612b9a3f1d59823fa/element/ea142448-1640-4ceb-8f29-63bbe503cd10/click HTTP/1.1
User-Agent: selenium/4.1.2 (java windows)
Content-Length: 50
Content-Type: application/json; charset=utf-8
host: localhost:53154
accept: */*

Response DefaultHttpResponse(decodeResult: success, version: HTTP/1.1)
HTTP/1.1 200 OK
Content-Type: application/json; charset=utf-8
cache-control: no-cache
content-length: 14

00:46:59.171 [AsyncHttpClient-1-5] DEBUG org.asynchttpclient.netty.channel.ChannelManager - Adding key: http://localhost:53154 for channel [id: 0x8eb1f26f, L:/127.0.0.1:49782 - R:localhost/127.0.0.1:53154]
00:46:59.175 [Forwarding screenshot on session 45c4ef74dd786d8612b9a3f1d59823fa to remote] DEBUG org.asynchttpclient.netty.request.NettyRequestSender - Using pooled Channel '[id: 0x8eb1f26f, L:/127.0.0.1:49782 - R:localhost/127.0.0.1:53154]' for 'GET' to 'http://localhost:53154/session/45c4ef74dd786d8612b9a3f1d59823fa/screenshot'
00:46:59.175 [Forwarding screenshot on session 45c4ef74dd786d8612b9a3f1d59823fa to remote] DEBUG org.asynchttpclient.netty.request.NettyRequestSender - Using open Channel [id: 0x8eb1f26f, L:/127.0.0.1:49782 - R:localhost/127.0.0.1:53154] for GET '/session/45c4ef74dd786d8612b9a3f1d59823fa/screenshot'
00:46:59.319 [AsyncHttpClient-1-5] DEBUG org.asynchttpclient.netty.handler.HttpHandler - 

Request DefaultFullHttpRequest(decodeResult: success, version: HTTP/1.1, content: EmptyByteBufBE)
GET /session/45c4ef74dd786d8612b9a3f1d59823fa/screenshot HTTP/1.1
User-Agent: selenium/4.1.2 (java windows)
Cache-Control: no-cache
Content-Type: application/json; charset=utf-8
host: localhost:53154
accept: */*

Response DefaultHttpResponse(decodeResult: success, version: HTTP/1.1)
HTTP/1.1 200 OK
Content-Type: application/json; charset=utf-8
cache-control: no-cache
content-length: 115644

00:46:59.320 [AsyncHttpClient-1-5] DEBUG org.asynchttpclient.netty.channel.ChannelManager - Adding key: http://localhost:53154 for channel [id: 0x8eb1f26f, L:/127.0.0.1:49782 - R:localhost/127.0.0.1:53154]
00:46:59.322 [main] DEBUG net.serenitybdd.core.photography.Darkroom - Send negative for processing for target\site\serenity\c02d10a33b8a644add1e993aef5667920ad835779d561e279009bc0423f1c71f.png
00:46:59.322 [main] DEBUG net.thucydides.core.steps.StepInterceptor - STEP DONE: contentsend
00:46:59.322 [Darkroom Processing Line] DEBUG net.serenitybdd.core.photography.DarkroomProcessingLine - Processing screenshot image in /var/screenshots/screenshot-6912961771039043350
00:46:59.322 [Darkroom Processing Line] DEBUG net.serenitybdd.core.photography.DarkroomProcessingLine - Saving screenshot to target\site\serenity\c02d10a33b8a644add1e993aef5667920ad835779d561e279009bc0423f1c71f.png
00:46:59.325 [main] DEBUG net.thucydides.core.steps.StepInterceptor - STARTING STEP: ContentSteps.adminDoNotFillInTheDesiredTitleAndFillLinkAfterThatClickSend - okerror
00:46:59.326 [Forwarding findElement on session 45c4ef74dd786d8612b9a3f1d59823fa to remote] DEBUG org.asynchttpclient.netty.request.NettyRequestSender - Using pooled Channel '[id: 0x8eb1f26f, L:/127.0.0.1:49782 - R:localhost/127.0.0.1:53154]' for 'POST' to 'http://localhost:53154/session/45c4ef74dd786d8612b9a3f1d59823fa/element'
00:46:59.326 [Forwarding findElement on session 45c4ef74dd786d8612b9a3f1d59823fa to remote] DEBUG org.asynchttpclient.netty.request.NettyRequestSender - Using open Channel [id: 0x8eb1f26f, L:/127.0.0.1:49782 - R:localhost/127.0.0.1:53154] for POST '/session/45c4ef74dd786d8612b9a3f1d59823fa/element'
00:46:59.332 [AsyncHttpClient-1-5] DEBUG org.asynchttpclient.netty.handler.HttpHandler - 

Request DefaultHttpRequest(decodeResult: success, version: HTTP/1.1)
POST /session/45c4ef74dd786d8612b9a3f1d59823fa/element HTTP/1.1
User-Agent: selenium/4.1.2 (java windows)
Content-Length: 68
Content-Type: application/json; charset=utf-8
host: localhost:53154
accept: */*

Response DefaultHttpResponse(decodeResult: success, version: HTTP/1.1)
HTTP/1.1 200 OK
Content-Type: application/json; charset=utf-8
cache-control: no-cache
content-length: 88

00:46:59.332 [AsyncHttpClient-1-5] DEBUG org.asynchttpclient.netty.channel.ChannelManager - Adding key: http://localhost:53154 for channel [id: 0x8eb1f26f, L:/127.0.0.1:49782 - R:localhost/127.0.0.1:53154]
00:46:59.333 [Forwarding getElementTagName on session 45c4ef74dd786d8612b9a3f1d59823fa to remote] DEBUG org.asynchttpclient.netty.request.NettyRequestSender - Using pooled Channel '[id: 0x8eb1f26f, L:/127.0.0.1:49782 - R:localhost/127.0.0.1:53154]' for 'GET' to 'http://localhost:53154/session/45c4ef74dd786d8612b9a3f1d59823fa/element/a264b4fe-cca8-4e75-bfe6-45632cce4ce6/name'
00:46:59.333 [Forwarding getElementTagName on session 45c4ef74dd786d8612b9a3f1d59823fa to remote] DEBUG org.asynchttpclient.netty.request.NettyRequestSender - Using open Channel [id: 0x8eb1f26f, L:/127.0.0.1:49782 - R:localhost/127.0.0.1:53154] for GET '/session/45c4ef74dd786d8612b9a3f1d59823fa/element/a264b4fe-cca8-4e75-bfe6-45632cce4ce6/name'
00:46:59.335 [AsyncHttpClient-1-5] DEBUG org.asynchttpclient.netty.handler.HttpHandler - 

Request DefaultFullHttpRequest(decodeResult: success, version: HTTP/1.1, content: EmptyByteBufBE)
GET /session/45c4ef74dd786d8612b9a3f1d59823fa/element/a264b4fe-cca8-4e75-bfe6-45632cce4ce6/name HTTP/1.1
User-Agent: selenium/4.1.2 (java windows)
Cache-Control: no-cache
Content-Type: application/json; charset=utf-8
host: localhost:53154
accept: */*

Response DefaultHttpResponse(decodeResult: success, version: HTTP/1.1)
HTTP/1.1 200 OK
Content-Type: application/json; charset=utf-8
cache-control: no-cache
content-length: 18

00:46:59.335 [AsyncHttpClient-1-5] DEBUG org.asynchttpclient.netty.channel.ChannelManager - Adding key: http://localhost:53154 for channel [id: 0x8eb1f26f, L:/127.0.0.1:49782 - R:localhost/127.0.0.1:53154]
00:46:59.335 [Forwarding getElementTagName on session 45c4ef74dd786d8612b9a3f1d59823fa to remote] DEBUG org.asynchttpclient.netty.request.NettyRequestSender - Using pooled Channel '[id: 0x8eb1f26f, L:/127.0.0.1:49782 - R:localhost/127.0.0.1:53154]' for 'GET' to 'http://localhost:53154/session/45c4ef74dd786d8612b9a3f1d59823fa/element/a264b4fe-cca8-4e75-bfe6-45632cce4ce6/name'
00:46:59.335 [Forwarding getElementTagName on session 45c4ef74dd786d8612b9a3f1d59823fa to remote] DEBUG org.asynchttpclient.netty.request.NettyRequestSender - Using open Channel [id: 0x8eb1f26f, L:/127.0.0.1:49782 - R:localhost/127.0.0.1:53154] for GET '/session/45c4ef74dd786d8612b9a3f1d59823fa/element/a264b4fe-cca8-4e75-bfe6-45632cce4ce6/name'
00:46:59.336 [AsyncHttpClient-1-5] DEBUG org.asynchttpclient.netty.handler.HttpHandler - 

Request DefaultFullHttpRequest(decodeResult: success, version: HTTP/1.1, content: EmptyByteBufBE)
GET /session/45c4ef74dd786d8612b9a3f1d59823fa/element/a264b4fe-cca8-4e75-bfe6-45632cce4ce6/name HTTP/1.1
User-Agent: selenium/4.1.2 (java windows)
Cache-Control: no-cache
Content-Type: application/json; charset=utf-8
host: localhost:53154
accept: */*

Response DefaultHttpResponse(decodeResult: success, version: HTTP/1.1)
HTTP/1.1 200 OK
Content-Type: application/json; charset=utf-8
cache-control: no-cache
content-length: 18

00:46:59.336 [AsyncHttpClient-1-5] DEBUG org.asynchttpclient.netty.channel.ChannelManager - Adding key: http://localhost:53154 for channel [id: 0x8eb1f26f, L:/127.0.0.1:49782 - R:localhost/127.0.0.1:53154]
00:46:59.337 [Forwarding isElementEnabled on session 45c4ef74dd786d8612b9a3f1d59823fa to remote] DEBUG org.asynchttpclient.netty.request.NettyRequestSender - Using pooled Channel '[id: 0x8eb1f26f, L:/127.0.0.1:49782 - R:localhost/127.0.0.1:53154]' for 'GET' to 'http://localhost:53154/session/45c4ef74dd786d8612b9a3f1d59823fa/element/a264b4fe-cca8-4e75-bfe6-45632cce4ce6/enabled'
00:46:59.337 [Forwarding isElementEnabled on session 45c4ef74dd786d8612b9a3f1d59823fa to remote] DEBUG org.asynchttpclient.netty.request.NettyRequestSender - Using open Channel [id: 0x8eb1f26f, L:/127.0.0.1:49782 - R:localhost/127.0.0.1:53154] for GET '/session/45c4ef74dd786d8612b9a3f1d59823fa/element/a264b4fe-cca8-4e75-bfe6-45632cce4ce6/enabled'
00:46:59.342 [AsyncHttpClient-1-5] DEBUG org.asynchttpclient.netty.handler.HttpHandler - 

Request DefaultFullHttpRequest(decodeResult: success, version: HTTP/1.1, content: EmptyByteBufBE)
GET /session/45c4ef74dd786d8612b9a3f1d59823fa/element/a264b4fe-cca8-4e75-bfe6-45632cce4ce6/enabled HTTP/1.1
User-Agent: selenium/4.1.2 (java windows)
Cache-Control: no-cache
Content-Type: application/json; charset=utf-8
host: localhost:53154
accept: */*

Response DefaultHttpResponse(decodeResult: success, version: HTTP/1.1)
HTTP/1.1 200 OK
Content-Type: application/json; charset=utf-8
cache-control: no-cache
content-length: 14

00:46:59.342 [AsyncHttpClient-1-5] DEBUG org.asynchttpclient.netty.channel.ChannelManager - Adding key: http://localhost:53154 for channel [id: 0x8eb1f26f, L:/127.0.0.1:49782 - R:localhost/127.0.0.1:53154]
00:46:59.343 [Forwarding isElementEnabled on session 45c4ef74dd786d8612b9a3f1d59823fa to remote] DEBUG org.asynchttpclient.netty.request.NettyRequestSender - Using pooled Channel '[id: 0x8eb1f26f, L:/127.0.0.1:49782 - R:localhost/127.0.0.1:53154]' for 'GET' to 'http://localhost:53154/session/45c4ef74dd786d8612b9a3f1d59823fa/element/a264b4fe-cca8-4e75-bfe6-45632cce4ce6/enabled'
00:46:59.343 [Forwarding isElementEnabled on session 45c4ef74dd786d8612b9a3f1d59823fa to remote] DEBUG org.asynchttpclient.netty.request.NettyRequestSender - Using open Channel [id: 0x8eb1f26f, L:/127.0.0.1:49782 - R:localhost/127.0.0.1:53154] for GET '/session/45c4ef74dd786d8612b9a3f1d59823fa/element/a264b4fe-cca8-4e75-bfe6-45632cce4ce6/enabled'
00:46:59.345 [AsyncHttpClient-1-5] DEBUG org.asynchttpclient.netty.handler.HttpHandler - 

Request DefaultFullHttpRequest(decodeResult: success, version: HTTP/1.1, content: EmptyByteBufBE)
GET /session/45c4ef74dd786d8612b9a3f1d59823fa/element/a264b4fe-cca8-4e75-bfe6-45632cce4ce6/enabled HTTP/1.1
User-Agent: selenium/4.1.2 (java windows)
Cache-Control: no-cache
Content-Type: application/json; charset=utf-8
host: localhost:53154
accept: */*

Response DefaultHttpResponse(decodeResult: success, version: HTTP/1.1)
HTTP/1.1 200 OK
Content-Type: application/json; charset=utf-8
cache-control: no-cache
content-length: 14

00:46:59.345 [AsyncHttpClient-1-5] DEBUG org.asynchttpclient.netty.channel.ChannelManager - Adding key: http://localhost:53154 for channel [id: 0x8eb1f26f, L:/127.0.0.1:49782 - R:localhost/127.0.0.1:53154]
00:46:59.346 [Forwarding findElement on session 45c4ef74dd786d8612b9a3f1d59823fa to remote] DEBUG org.asynchttpclient.netty.request.NettyRequestSender - Using pooled Channel '[id: 0x8eb1f26f, L:/127.0.0.1:49782 - R:localhost/127.0.0.1:53154]' for 'POST' to 'http://localhost:53154/session/45c4ef74dd786d8612b9a3f1d59823fa/element'
00:46:59.346 [Forwarding findElement on session 45c4ef74dd786d8612b9a3f1d59823fa to remote] DEBUG org.asynchttpclient.netty.request.NettyRequestSender - Using open Channel [id: 0x8eb1f26f, L:/127.0.0.1:49782 - R:localhost/127.0.0.1:53154] for POST '/session/45c4ef74dd786d8612b9a3f1d59823fa/element'
00:46:59.349 [AsyncHttpClient-1-5] DEBUG org.asynchttpclient.netty.handler.HttpHandler - 

Request DefaultHttpRequest(decodeResult: success, version: HTTP/1.1)
POST /session/45c4ef74dd786d8612b9a3f1d59823fa/element HTTP/1.1
User-Agent: selenium/4.1.2 (java windows)
Content-Length: 68
Content-Type: application/json; charset=utf-8
host: localhost:53154
accept: */*

Response DefaultHttpResponse(decodeResult: success, version: HTTP/1.1)
HTTP/1.1 200 OK
Content-Type: application/json; charset=utf-8
cache-control: no-cache
content-length: 88

00:46:59.349 [AsyncHttpClient-1-5] DEBUG org.asynchttpclient.netty.channel.ChannelManager - Adding key: http://localhost:53154 for channel [id: 0x8eb1f26f, L:/127.0.0.1:49782 - R:localhost/127.0.0.1:53154]
00:46:59.350 [Forwarding clickElement on session 45c4ef74dd786d8612b9a3f1d59823fa to remote] DEBUG org.asynchttpclient.netty.request.NettyRequestSender - Using pooled Channel '[id: 0x8eb1f26f, L:/127.0.0.1:49782 - R:localhost/127.0.0.1:53154]' for 'POST' to 'http://localhost:53154/session/45c4ef74dd786d8612b9a3f1d59823fa/element/a264b4fe-cca8-4e75-bfe6-45632cce4ce6/click'
00:46:59.350 [Forwarding clickElement on session 45c4ef74dd786d8612b9a3f1d59823fa to remote] DEBUG org.asynchttpclient.netty.request.NettyRequestSender - Using open Channel [id: 0x8eb1f26f, L:/127.0.0.1:49782 - R:localhost/127.0.0.1:53154] for POST '/session/45c4ef74dd786d8612b9a3f1d59823fa/element/a264b4fe-cca8-4e75-bfe6-45632cce4ce6/click'
00:46:59.367 [AsyncHttpClient-1-5] DEBUG org.asynchttpclient.netty.handler.HttpHandler - 

Request DefaultHttpRequest(decodeResult: success, version: HTTP/1.1)
POST /session/45c4ef74dd786d8612b9a3f1d59823fa/element/a264b4fe-cca8-4e75-bfe6-45632cce4ce6/click HTTP/1.1
User-Agent: selenium/4.1.2 (java windows)
Content-Length: 50
Content-Type: application/json; charset=utf-8
host: localhost:53154
accept: */*

Response DefaultHttpResponse(decodeResult: success, version: HTTP/1.1)
HTTP/1.1 200 OK
Content-Type: application/json; charset=utf-8
cache-control: no-cache
content-length: 14

00:46:59.367 [AsyncHttpClient-1-5] DEBUG org.asynchttpclient.netty.channel.ChannelManager - Adding key: http://localhost:53154 for channel [id: 0x8eb1f26f, L:/127.0.0.1:49782 - R:localhost/127.0.0.1:53154]
00:46:59.370 [main] DEBUG net.thucydides.core.steps.StepInterceptor - STEP DONE: okerror
  &amp#27;[32mAnd &amp#27;[0m&amp#27;[32madmin do not fill in the desired title and fill link after that click send&amp#27;[0m &amp#27;[90m# starter.definitions.ContentSteps.adminDoNotFillInTheDesiredTitleAndFillLinkAfterThatClickSend()&amp#27;[0m
00:46:59.373 [Forwarding screenshot on session 45c4ef74dd786d8612b9a3f1d59823fa to remote] DEBUG org.asynchttpclient.netty.request.NettyRequestSender - Using pooled Channel '[id: 0x8eb1f26f, L:/127.0.0.1:49782 - R:localhost/127.0.0.1:53154]' for 'GET' to 'http://localhost:53154/session/45c4ef74dd786d8612b9a3f1d59823fa/screenshot'
00:46:59.373 [Forwarding screenshot on session 45c4ef74dd786d8612b9a3f1d59823fa to remote] DEBUG org.asynchttpclient.netty.request.NettyRequestSender - Using open Channel [id: 0x8eb1f26f, L:/127.0.0.1:49782 - R:localhost/127.0.0.1:53154] for GET '/session/45c4ef74dd786d8612b9a3f1d59823fa/screenshot'
00:46:59.491 [AsyncHttpClient-1-5] DEBUG org.asynchttpclient.netty.handler.HttpHandler - 

Request DefaultFullHttpRequest(decodeResult: success, version: HTTP/1.1, content: EmptyByteBufBE)
GET /session/45c4ef74dd786d8612b9a3f1d59823fa/screenshot HTTP/1.1
User-Agent: selenium/4.1.2 (java windows)
Cache-Control: no-cache
Content-Type: application/json; charset=utf-8
host: localhost:53154
accept: */*

Response DefaultHttpResponse(decodeResult: success, version: HTTP/1.1)
HTTP/1.1 200 OK
Content-Type: application/json; charset=utf-8
cache-control: no-cache
content-length: 123908

00:46:59.491 [AsyncHttpClient-1-5] DEBUG org.asynchttpclient.netty.channel.ChannelManager - Adding key: http://localhost:53154 for channel [id: 0x8eb1f26f, L:/127.0.0.1:49782 - R:localhost/127.0.0.1:53154]
00:46:59.493 [main] DEBUG net.serenitybdd.core.photography.Darkroom - Send negative for processing for target\site\serenity\8e19d4093d63c5548a3215a54bbbd3b9f1f697f287e38bf9a7abd988a6787f86.png
00:46:59.494 [Darkroom Processing Line] DEBUG net.serenitybdd.core.photography.DarkroomProcessingLine - Processing screenshot image in /var/screenshots/screenshot-14379542981745505871
00:46:59.494 [Darkroom Processing Line] DEBUG net.serenitybdd.core.photography.DarkroomProcessingLine - Saving screenshot to target\site\serenity\8e19d4093d63c5548a3215a54bbbd3b9f1f697f287e38bf9a7abd988a6787f86.png
00:46:59.500 [main] DEBUG net.thucydides.core.steps.StepInterceptor - STARTING STEP: ContentSteps.adminSendTheContentError - contentpage
00:46:59.503 [Forwarding findElement on session 45c4ef74dd786d8612b9a3f1d59823fa to remote] DEBUG org.asynchttpclient.netty.request.NettyRequestSender - Using pooled Channel '[id: 0x8eb1f26f, L:/127.0.0.1:49782 - R:localhost/127.0.0.1:53154]' for 'POST' to 'http://localhost:53154/session/45c4ef74dd786d8612b9a3f1d59823fa/element'
00:46:59.503 [Forwarding findElement on session 45c4ef74dd786d8612b9a3f1d59823fa to remote] DEBUG org.asynchttpclient.netty.request.NettyRequestSender - Using open Channel [id: 0x8eb1f26f, L:/127.0.0.1:49782 - R:localhost/127.0.0.1:53154] for POST '/session/45c4ef74dd786d8612b9a3f1d59823fa/element'
00:46:59.507 [AsyncHttpClient-1-5] DEBUG org.asynchttpclient.netty.handler.HttpHandler - 

Request DefaultHttpRequest(decodeResult: success, version: HTTP/1.1)
POST /session/45c4ef74dd786d8612b9a3f1d59823fa/element HTTP/1.1
User-Agent: selenium/4.1.2 (java windows)
Content-Length: 119
Content-Type: application/json; charset=utf-8
host: localhost:53154
accept: */*

Response DefaultHttpResponse(decodeResult: success, version: HTTP/1.1)
HTTP/1.1 200 OK
Content-Type: application/json; charset=utf-8
cache-control: no-cache
content-length: 88

00:46:59.507 [AsyncHttpClient-1-5] DEBUG org.asynchttpclient.netty.channel.ChannelManager - Adding key: http://localhost:53154 for channel [id: 0x8eb1f26f, L:/127.0.0.1:49782 - R:localhost/127.0.0.1:53154]
00:46:59.508 [Forwarding getElementTagName on session 45c4ef74dd786d8612b9a3f1d59823fa to remote] DEBUG org.asynchttpclient.netty.request.NettyRequestSender - Using pooled Channel '[id: 0x8eb1f26f, L:/127.0.0.1:49782 - R:localhost/127.0.0.1:53154]' for 'GET' to 'http://localhost:53154/session/45c4ef74dd786d8612b9a3f1d59823fa/element/38193cc5-6990-4e70-b731-cea928f7f41a/name'
00:46:59.508 [Forwarding getElementTagName on session 45c4ef74dd786d8612b9a3f1d59823fa to remote] DEBUG org.asynchttpclient.netty.request.NettyRequestSender - Using open Channel [id: 0x8eb1f26f, L:/127.0.0.1:49782 - R:localhost/127.0.0.1:53154] for GET '/session/45c4ef74dd786d8612b9a3f1d59823fa/element/38193cc5-6990-4e70-b731-cea928f7f41a/name'
00:46:59.509 [AsyncHttpClient-1-5] DEBUG org.asynchttpclient.netty.handler.HttpHandler - 

Request DefaultFullHttpRequest(decodeResult: success, version: HTTP/1.1, content: EmptyByteBufBE)
GET /session/45c4ef74dd786d8612b9a3f1d59823fa/element/38193cc5-6990-4e70-b731-cea928f7f41a/name HTTP/1.1
User-Agent: selenium/4.1.2 (java windows)
Cache-Control: no-cache
Content-Type: application/json; charset=utf-8
host: localhost:53154
accept: */*

Response DefaultHttpResponse(decodeResult: success, version: HTTP/1.1)
HTTP/1.1 200 OK
Content-Type: application/json; charset=utf-8
cache-control: no-cache
content-length: 15

00:46:59.510 [AsyncHttpClient-1-5] DEBUG org.asynchttpclient.netty.channel.ChannelManager - Adding key: http://localhost:53154 for channel [id: 0x8eb1f26f, L:/127.0.0.1:49782 - R:localhost/127.0.0.1:53154]
00:46:59.510 [Forwarding getElementTagName on session 45c4ef74dd786d8612b9a3f1d59823fa to remote] DEBUG org.asynchttpclient.netty.request.NettyRequestSender - Using pooled Channel '[id: 0x8eb1f26f, L:/127.0.0.1:49782 - R:localhost/127.0.0.1:53154]' for 'GET' to 'http://localhost:53154/session/45c4ef74dd786d8612b9a3f1d59823fa/element/38193cc5-6990-4e70-b731-cea928f7f41a/name'
00:46:59.510 [Forwarding getElementTagName on session 45c4ef74dd786d8612b9a3f1d59823fa to remote] DEBUG org.asynchttpclient.netty.request.NettyRequestSender - Using open Channel [id: 0x8eb1f26f, L:/127.0.0.1:49782 - R:localhost/127.0.0.1:53154] for GET '/session/45c4ef74dd786d8612b9a3f1d59823fa/element/38193cc5-6990-4e70-b731-cea928f7f41a/name'
00:46:59.511 [AsyncHttpClient-1-5] DEBUG org.asynchttpclient.netty.handler.HttpHandler - 

Request DefaultFullHttpRequest(decodeResult: success, version: HTTP/1.1, content: EmptyByteBufBE)
GET /session/45c4ef74dd786d8612b9a3f1d59823fa/element/38193cc5-6990-4e70-b731-cea928f7f41a/name HTTP/1.1
User-Agent: selenium/4.1.2 (java windows)
Cache-Control: no-cache
Content-Type: application/json; charset=utf-8
host: localhost:53154
accept: */*

Response DefaultHttpResponse(decodeResult: success, version: HTTP/1.1)
HTTP/1.1 200 OK
Content-Type: application/json; charset=utf-8
cache-control: no-cache
content-length: 15

00:46:59.512 [AsyncHttpClient-1-5] DEBUG org.asynchttpclient.netty.channel.ChannelManager - Adding key: http://localhost:53154 for channel [id: 0x8eb1f26f, L:/127.0.0.1:49782 - R:localhost/127.0.0.1:53154]
00:46:59.513 [Forwarding findElement on session 45c4ef74dd786d8612b9a3f1d59823fa to remote] DEBUG org.asynchttpclient.netty.request.NettyRequestSender - Using pooled Channel '[id: 0x8eb1f26f, L:/127.0.0.1:49782 - R:localhost/127.0.0.1:53154]' for 'POST' to 'http://localhost:53154/session/45c4ef74dd786d8612b9a3f1d59823fa/element'
00:46:59.513 [Forwarding findElement on session 45c4ef74dd786d8612b9a3f1d59823fa to remote] DEBUG org.asynchttpclient.netty.request.NettyRequestSender - Using open Channel [id: 0x8eb1f26f, L:/127.0.0.1:49782 - R:localhost/127.0.0.1:53154] for POST '/session/45c4ef74dd786d8612b9a3f1d59823fa/element'
00:46:59.516 [AsyncHttpClient-1-5] DEBUG org.asynchttpclient.netty.handler.HttpHandler - 

Request DefaultHttpRequest(decodeResult: success, version: HTTP/1.1)
POST /session/45c4ef74dd786d8612b9a3f1d59823fa/element HTTP/1.1
User-Agent: selenium/4.1.2 (java windows)
Content-Length: 119
Content-Type: application/json; charset=utf-8
host: localhost:53154
accept: */*

Response DefaultHttpResponse(decodeResult: success, version: HTTP/1.1)
HTTP/1.1 200 OK
Content-Type: application/json; charset=utf-8
cache-control: no-cache
content-length: 88

00:46:59.516 [AsyncHttpClient-1-5] DEBUG org.asynchttpclient.netty.channel.ChannelManager - Adding key: http://localhost:53154 for channel [id: 0x8eb1f26f, L:/127.0.0.1:49782 - R:localhost/127.0.0.1:53154]
00:46:59.517 [Forwarding clickElement on session 45c4ef74dd786d8612b9a3f1d59823fa to remote] DEBUG org.asynchttpclient.netty.request.NettyRequestSender - Using pooled Channel '[id: 0x8eb1f26f, L:/127.0.0.1:49782 - R:localhost/127.0.0.1:53154]' for 'POST' to 'http://localhost:53154/session/45c4ef74dd786d8612b9a3f1d59823fa/element/38193cc5-6990-4e70-b731-cea928f7f41a/click'
00:46:59.517 [Forwarding clickElement on session 45c4ef74dd786d8612b9a3f1d59823fa to remote] DEBUG org.asynchttpclient.netty.request.NettyRequestSender - Using open Channel [id: 0x8eb1f26f, L:/127.0.0.1:49782 - R:localhost/127.0.0.1:53154] for POST '/session/45c4ef74dd786d8612b9a3f1d59823fa/element/38193cc5-6990-4e70-b731-cea928f7f41a/click'
00:46:59.533 [AsyncHttpClient-1-5] DEBUG org.asynchttpclient.netty.handler.HttpHandler - 

Request DefaultHttpRequest(decodeResult: success, version: HTTP/1.1)
POST /session/45c4ef74dd786d8612b9a3f1d59823fa/element/38193cc5-6990-4e70-b731-cea928f7f41a/click HTTP/1.1
User-Agent: selenium/4.1.2 (java windows)
Content-Length: 50
Content-Type: application/json; charset=utf-8
host: localhost:53154
accept: */*

Response DefaultHttpResponse(decodeResult: success, version: HTTP/1.1)
HTTP/1.1 200 OK
Content-Type: application/json; charset=utf-8
cache-control: no-cache
content-length: 14

00:46:59.533 [AsyncHttpClient-1-5] DEBUG org.asynchttpclient.netty.channel.ChannelManager - Adding key: http://localhost:53154 for channel [id: 0x8eb1f26f, L:/127.0.0.1:49782 - R:localhost/127.0.0.1:53154]
00:46:59.538 [main] DEBUG net.thucydides.core.steps.StepInterceptor - STEP DONE: contentpage
  &amp#27;[32mThen &amp#27;[0m&amp#27;[32madmin  send the content error&amp#27;[0m                                             &amp#27;[90m# starter.definitions.ContentSteps.adminSendTheContentError()&amp#27;[0m
00:46:59.541 [main] INFO  - 
  _____   ___   ___   _____     ___     _     ___   ___   ___   ___  
 |_   _| | __| / __| |_   _|   | _ \   /_\   / __| / __| | __| |   \ 
   | |   | _|  \__ \   | |     |  _/  / _ \  \__ \ \__ \ | _|  | |) |
   |_|   |___| |___/   |_|     |_|   /_/ \_\ |___/ |___/ |___| |___/ 

admin send new conten but do not fill in the tittle and link
----------------------------------------------------------------------
00:46:59.542 [AsyncHttpClient-1-7] DEBUG org.asynchttpclient.netty.handler.WebSocketHandler - Channel Closed: [id: 0xeb8c2a52, L:/127.0.0.1:49790 ! R:localhost/127.0.0.1:49783] with attribute NettyResponseFuture{currentRetry=5,
	isDone=1,
	isCancelled=0,
	asyncHandler=org.asynchttpclient.ws.WebSocketUpgradeHandler@62f909d3,
	nettyRequest=org.asynchttpclient.netty.request.NettyRequest@2debaad1,
	future=java.util.concurrent.CompletableFuture@689d31ec[Completed normally],
	uri=ws://localhost:49783/devtools/browser/b5b2d92e-d345-4e73-9947-0a9e0e99af18,
	keepAlive=true,
	redirectCount=0,
	timeoutsHolder=null,
	inAuth=0,
	touch=1658422013490}
00:46:59.542 [AsyncHttpClient-1-7] DEBUG org.asynchttpclient.netty.channel.ChannelManager - Closing Channel [id: 0xeb8c2a52, L:/127.0.0.1:49790 ! R:localhost/127.0.0.1:49783] 
00:46:59.542 [Driver Command Executor] DEBUG org.asynchttpclient.netty.request.NettyRequestSender - Using pooled Channel '[id: 0x8eb1f26f, L:/127.0.0.1:49782 - R:localhost/127.0.0.1:53154]' for 'DELETE' to 'http://localhost:53154/session/45c4ef74dd786d8612b9a3f1d59823fa'
00:46:59.542 [Driver Command Executor] DEBUG org.asynchttpclient.netty.request.NettyRequestSender - Using open Channel [id: 0x8eb1f26f, L:/127.0.0.1:49782 - R:localhost/127.0.0.1:53154] for DELETE '/session/45c4ef74dd786d8612b9a3f1d59823fa'
00:46:59.558 [AsyncHttpClient-1-6] DEBUG org.asynchttpclient.netty.handler.HttpHandler - Unexpected I/O exception on channel [id: 0xef007fd0, L:/127.0.0.1:49789 - R:localhost/127.0.0.1:49783]
java.net.SocketException: Connection reset
	at java.base/sun.nio.ch.SocketChannelImpl.throwConnectionReset(SocketChannelImpl.java:394)
	at java.base/sun.nio.ch.SocketChannelImpl.read(SocketChannelImpl.java:426)
	at io.netty.buffer.PooledByteBuf.setBytes(PooledByteBuf.java:258)
	at io.netty.buffer.AbstractByteBuf.writeBytes(AbstractByteBuf.java:1132)
	at io.netty.channel.socket.nio.NioSocketChannel.doReadBytes(NioSocketChannel.java:350)
	at io.netty.channel.nio.AbstractNioByteChannel$NioByteUnsafe.read(AbstractNioByteChannel.java:151)
	at io.netty.channel.nio.NioEventLoop.processSelectedKey(NioEventLoop.java:722)
	at io.netty.channel.nio.NioEventLoop.processSelectedKeysOptimized(NioEventLoop.java:658)
	at io.netty.channel.nio.NioEventLoop.processSelectedKeys(NioEventLoop.java:584)
	at io.netty.channel.nio.NioEventLoop.run(NioEventLoop.java:496)
	at io.netty.util.concurrent.SingleThreadEventExecutor$4.run(SingleThreadEventExecutor.java:986)
	at io.netty.util.internal.ThreadExecutorMap$2.run(ThreadExecutorMap.java:74)
	at io.netty.util.concurrent.FastThreadLocalRunnable.run(FastThreadLocalRunnable.java:30)
	at java.base/java.lang.Thread.run(Thread.java:833)
00:46:59.558 [AsyncHttpClient-1-6] DEBUG org.asynchttpclient.netty.channel.ChannelManager - Closing Channel [id: 0xef007fd0, L:/127.0.0.1:49789 - R:localhost/127.0.0.1:49783] 
00:46:59.558 [AsyncHttpClient-1-6] DEBUG org.asynchttpclient.netty.handler.HttpHandler - Channel Closed: [id: 0xef007fd0, L:/127.0.0.1:49789 ! R:localhost/127.0.0.1:49783] with attribute DISCARD
00:46:59.568 [AsyncHttpClient-1-5] DEBUG org.asynchttpclient.netty.handler.HttpHandler - 

Request DefaultFullHttpRequest(decodeResult: success, version: HTTP/1.1, content: EmptyByteBufBE)
DELETE /session/45c4ef74dd786d8612b9a3f1d59823fa HTTP/1.1
User-Agent: selenium/4.1.2 (java windows)
Content-Type: application/json; charset=utf-8
host: localhost:53154
accept: */*

Response DefaultHttpResponse(decodeResult: success, version: HTTP/1.1)
HTTP/1.1 200 OK
Content-Type: application/json; charset=utf-8
cache-control: no-cache
content-length: 14

00:46:59.568 [AsyncHttpClient-1-5] DEBUG org.asynchttpclient.netty.channel.ChannelManager - Adding key: http://localhost:53154 for channel [id: 0x8eb1f26f, L:/127.0.0.1:49782 - R:localhost/127.0.0.1:53154]
00:46:59.626 [AsyncHttpClient-1-5] DEBUG org.asynchttpclient.netty.handler.HttpHandler - Channel Closed: [id: 0x8eb1f26f, L:/127.0.0.1:49782 ! R:localhost/127.0.0.1:53154] with attribute DISCARD
]]></system-out>
    <system-err><![CDATA[Starting ChromeDriver 103.0.5060.134 (8ec6fce403b3feb0869b0732eda8bd95011d333c-refs/branch-heads/5060@{#1262}) on port 53154
Only local connections are allowed.
Please see https://chromedriver.chromium.org/security-considerations for suggestions on keeping ChromeDriver safe.
ChromeDriver was started successfully.
Jul 22, 2022 12:46:53 AM org.openqa.selenium.remote.ProtocolHandshake createSession
INFO: Detected dialect: W3C
Jul 22, 2022 12:46:53 AM org.openqa.selenium.devtools.CdpVersionFinder findNearestMatch
WARNING: Unable to find an exact match for CDP version 103, so returning the closest version found: a no-op implementation
Jul 22, 2022 12:46:53 AM org.openqa.selenium.devtools.CdpVersionFinder findNearestMatch
INFO: Unable to find CDP implementation matching 103.
Jul 22, 2022 12:46:53 AM org.openqa.selenium.chromium.ChromiumDriver lambda$new$3
WARNING: Unable to find version of CDP to use for . You may need to include a dependency on a specific version of the CDP using something similar to `org.seleniumhq.selenium:selenium-devtools-v86:4.1.2` where the version ("v86") matches the version of the chromium-based browser you're using and the version number of the artifact is the same as Selenium's.
]]></system-err>
  </testcase>
  <testcase name="admin see date dashboard page" classname="see detail about dashboard page" time="4.966">
    <system-out><![CDATA[00:46:59.658 [main] INFO io.cucumber.core.plugin.SerenityReporter - Running feature from file:///D:/capstone%20projek/web%20testing/src/test/resources/features/dashboard.feature
00:46:59.658 [main] DEBUG net.thucydides.core.steps.StepEventBus - Test suite started for story net.thucydides.core.model.Story@2155b0f2
00:46:59.658 [main] INFO  - Test Suite Started: see detail about dashboard page

@dashboard
Scenario: admin see date dashboard page                                    &amp#27;[90m# src/test/resources/features/dashboard.feature:10&amp#27;[0m
00:46:59.663 [main] INFO io.cucumber.core.plugin.SerenityReporter - Running feature from file:///D:/capstone%20projek/web%20testing/src/test/resources/features/dashboard.feature
00:46:59.664 [main] INFO  - 
  _____   ___   ___   _____     ___   _____     _     ___   _____   ___   ___  
 |_   _| | __| / __| |_   _|   / __| |_   _|   /_\   | _ \ |_   _| | __| |   \ 
   | |   | _|  \__ \   | |     \__ \   | |    / _ \  |   /   | |   | _|  | |) |
   |_|   |___| |___/   |_|     |___/   |_|   /_/ \_\ |_|_\   |_|   |___| |___/ 

admin see date dashboard page(see-detail-about-dashboard-page;admin-see-date-dashboard-page)
--------------------------------------------------------------------------------
00:46:59.672 [main] DEBUG net.thucydides.core.steps.StepInterceptor - STARTING STEP: LoginSteps.adminOnLoginPage - openPage
00:46:59.673 [main] INFO net.serenitybdd.core.webdriver.driverproviders.ChromeDriverProvider - Using automatically driver download
00:46:59.746 [main] DEBUG io.github.bonigarcia.wdm.cache.ResolutionCache - Resolution chrome=103 in cache (valid until 01:32:20 22/07/2022 WITA)
00:46:59.748 [main] DEBUG io.github.bonigarcia.wdm.cache.ResolutionCache - Resolution chrome103=103.0.5060.134 in cache (valid until 21:05:58 22/07/2022 WITA)
00:46:59.749 [main] INFO io.github.bonigarcia.wdm.WebDriverManager - Using chromedriver 103.0.5060.134 (resolved driver for Chrome 103)
00:46:59.754 [main] DEBUG io.github.bonigarcia.wdm.WebDriverManager - Driver chromedriver 103.0.5060.134 found in cache
00:46:59.755 [main] INFO io.github.bonigarcia.wdm.WebDriverManager - Exporting webdriver.chrome.driver as C:\Users\Rev\.cache\selenium\chromedriver\win32\103.0.5060.134\chromedriver.exe
00:46:59.788 [AsyncHttpClient-1-1] DEBUG org.asynchttpclient.netty.channel.DefaultChannelPool - Entry count for : http://localhost:53154 : 1
00:46:59.788 [AsyncHttpClient-1-1] DEBUG org.asynchttpclient.netty.channel.DefaultChannelPool - Entry count for : http://localhost:49783 : 1
00:46:59.788 [AsyncHttpClient-1-1] DEBUG org.asynchttpclient.netty.channel.DefaultChannelPool - Adding Candidate expired Channel [id: 0x8eb1f26f, L:/127.0.0.1:49782 ! R:localhost/127.0.0.1:53154] isIdleTimeoutExpired=false isRemotelyClosed=true isTtlExpired=false
00:46:59.788 [AsyncHttpClient-1-1] DEBUG org.asynchttpclient.netty.channel.DefaultChannelPool - Closing Idle Channel [id: 0x8eb1f26f, L:/127.0.0.1:49782 ! R:localhost/127.0.0.1:53154]
00:46:59.788 [AsyncHttpClient-1-1] DEBUG org.asynchttpclient.netty.channel.DefaultChannelPool - Adding Candidate expired Channel [id: 0xef007fd0, L:/127.0.0.1:49789 ! R:localhost/127.0.0.1:49783] isIdleTimeoutExpired=false isRemotelyClosed=true isTtlExpired=false
00:46:59.788 [AsyncHttpClient-1-1] DEBUG org.asynchttpclient.netty.channel.DefaultChannelPool - Closing Idle Channel [id: 0xef007fd0, L:/127.0.0.1:49789 ! R:localhost/127.0.0.1:49783]
00:46:59.788 [AsyncHttpClient-1-1] DEBUG org.asynchttpclient.netty.channel.DefaultChannelPool - Closed 2 connections out of 2 in 0 ms
00:46:59.831 [main] DEBUG net.serenitybdd.core.webdriver.driverproviders.ProvideNewDriver - Instantiating driver
00:46:59.831 [main] DEBUG net.serenitybdd.core.webdriver.driverproviders.ProvideNewDriver - Driver capabilities: Capabilities {acceptInsecureCerts: false, base.url: https://sportly.rafdev.my.id/, browserName: chrome, chrome.driver: webdriver/chromedriver.exe, driver: chrome, goog:chromeOptions: {args: [], extensions: []}}
00:47:00.023 [AsyncHttpClient-1-8] DEBUG org.asynchttpclient.netty.channel.NettyConnectListener - Using new Channel '[id: 0xbf7046c5, L:/127.0.0.1:49820 - R:localhost/127.0.0.1:59822]' for 'POST' to '/session'
00:47:00.481 [AsyncHttpClient-1-8] DEBUG org.asynchttpclient.netty.handler.HttpHandler - 

Request DefaultHttpRequest(decodeResult: success, version: HTTP/1.1)
POST /session HTTP/1.1
User-Agent: selenium/4.1.2 (java windows)
Content-Length: 581
Content-Type: application/json; charset=utf-8
host: localhost:59822
accept: */*

Response DefaultHttpResponse(decodeResult: success, version: HTTP/1.1)
HTTP/1.1 200 OK
Content-Type: application/json; charset=utf-8
cache-control: no-cache
content-length: 790

00:47:00.481 [AsyncHttpClient-1-8] DEBUG org.asynchttpclient.netty.channel.ChannelManager - Adding key: http://localhost:59822 for channel [id: 0xbf7046c5, L:/127.0.0.1:49820 - R:localhost/127.0.0.1:59822]
00:47:00.484 [AsyncHttpClient-1-9] DEBUG org.asynchttpclient.netty.channel.NettyConnectListener - Using new Channel '[id: 0x06b04cf2, L:/127.0.0.1:49827 - R:localhost/127.0.0.1:49821]' for 'GET' to '/json/version'
00:47:00.484 [AsyncHttpClient-1-9] DEBUG org.asynchttpclient.netty.handler.HttpHandler - 

Request DefaultFullHttpRequest(decodeResult: success, version: HTTP/1.1, content: EmptyByteBufBE)
GET /json/version HTTP/1.1
User-Agent: selenium/4.1.2 (java windows)
host: localhost:49821
accept: */*

Response DefaultHttpResponse(decodeResult: success, version: HTTP/1.1)
HTTP/1.1 200 OK
Content-Type: application/json; charset=UTF-8
content-length: 429

00:47:00.484 [AsyncHttpClient-1-9] DEBUG org.asynchttpclient.netty.channel.ChannelManager - Adding key: http://localhost:49821 for channel [id: 0x06b04cf2, L:/127.0.0.1:49827 - R:localhost/127.0.0.1:49821]
00:47:00.485 [AsyncHttpClient-1-10] DEBUG org.asynchttpclient.netty.channel.NettyConnectListener - Using new Channel '[id: 0x954e595c, L:/127.0.0.1:49828 - R:localhost/127.0.0.1:49821]' for 'GET' to '/devtools/browser/83ec9d8a-ef86-4ef5-a839-851c3a381859'
00:47:00.485 [AsyncHttpClient-1-10] DEBUG org.asynchttpclient.netty.handler.WebSocketHandler - 

Request DefaultFullHttpRequest(decodeResult: success, version: HTTP/1.1, content: EmptyByteBufBE)
GET /devtools/browser/83ec9d8a-ef86-4ef5-a839-851c3a381859 HTTP/1.1
upgrade: websocket
connection: upgrade
sec-websocket-key: jkAHzx/GYcAnIUASYEeeYg==
sec-websocket-version: 13
origin: http://localhost:49821
host: localhost:49821
accept: */*
user-agent: AHC/2.1

Response DefaultHttpResponse(decodeResult: success, version: HTTP/1.1)
HTTP/1.1 101 WebSocket Protocol Handshake
Upgrade: WebSocket
Connection: Upgrade
Sec-WebSocket-Accept: 6kbH18jvNwOZwm3VSYu0q86USsM=

00:47:00.487 [Forwarding setCurrentWindowSize on session a34cdf21f28a0fdc243cd709ff94edde to remote] DEBUG org.asynchttpclient.netty.request.NettyRequestSender - Using pooled Channel '[id: 0xbf7046c5, L:/127.0.0.1:49820 - R:localhost/127.0.0.1:59822]' for 'POST' to 'http://localhost:59822/session/a34cdf21f28a0fdc243cd709ff94edde/window/rect'
00:47:00.487 [Forwarding setCurrentWindowSize on session a34cdf21f28a0fdc243cd709ff94edde to remote] DEBUG org.asynchttpclient.netty.request.NettyRequestSender - Using open Channel [id: 0xbf7046c5, L:/127.0.0.1:49820 - R:localhost/127.0.0.1:59822] for POST '/session/a34cdf21f28a0fdc243cd709ff94edde/window/rect'
00:47:00.601 [AsyncHttpClient-1-8] DEBUG org.asynchttpclient.netty.handler.HttpHandler - 

Request DefaultHttpRequest(decodeResult: success, version: HTTP/1.1)
POST /session/a34cdf21f28a0fdc243cd709ff94edde/window/rect HTTP/1.1
User-Agent: selenium/4.1.2 (java windows)
Content-Length: 37
Content-Type: application/json; charset=utf-8
host: localhost:59822
accept: */*

Response DefaultHttpResponse(decodeResult: success, version: HTTP/1.1)
HTTP/1.1 200 OK
Content-Type: application/json; charset=utf-8
cache-control: no-cache
content-length: 52

00:47:00.602 [AsyncHttpClient-1-8] DEBUG org.asynchttpclient.netty.channel.ChannelManager - Adding key: http://localhost:59822 for channel [id: 0xbf7046c5, L:/127.0.0.1:49820 - R:localhost/127.0.0.1:59822]
00:47:00.602 [Forwarding setWindowPosition on session a34cdf21f28a0fdc243cd709ff94edde to remote] DEBUG org.asynchttpclient.netty.request.NettyRequestSender - Using pooled Channel '[id: 0xbf7046c5, L:/127.0.0.1:49820 - R:localhost/127.0.0.1:59822]' for 'POST' to 'http://localhost:59822/session/a34cdf21f28a0fdc243cd709ff94edde/window/rect'
00:47:00.602 [Forwarding setWindowPosition on session a34cdf21f28a0fdc243cd709ff94edde to remote] DEBUG org.asynchttpclient.netty.request.NettyRequestSender - Using open Channel [id: 0xbf7046c5, L:/127.0.0.1:49820 - R:localhost/127.0.0.1:59822] for POST '/session/a34cdf21f28a0fdc243cd709ff94edde/window/rect'
00:47:00.712 [AsyncHttpClient-1-8] DEBUG org.asynchttpclient.netty.handler.HttpHandler - 

Request DefaultHttpRequest(decodeResult: success, version: HTTP/1.1)
POST /session/a34cdf21f28a0fdc243cd709ff94edde/window/rect HTTP/1.1
User-Agent: selenium/4.1.2 (java windows)
Content-Length: 22
Content-Type: application/json; charset=utf-8
host: localhost:59822
accept: */*

Response DefaultHttpResponse(decodeResult: success, version: HTTP/1.1)
HTTP/1.1 200 OK
Content-Type: application/json; charset=utf-8
cache-control: no-cache
content-length: 50

00:47:00.712 [AsyncHttpClient-1-8] DEBUG org.asynchttpclient.netty.channel.ChannelManager - Adding key: http://localhost:59822 for channel [id: 0xbf7046c5, L:/127.0.0.1:49820 - R:localhost/127.0.0.1:59822]
00:47:00.713 [Forwarding get on session a34cdf21f28a0fdc243cd709ff94edde to remote] DEBUG org.asynchttpclient.netty.request.NettyRequestSender - Using pooled Channel '[id: 0xbf7046c5, L:/127.0.0.1:49820 - R:localhost/127.0.0.1:59822]' for 'POST' to 'http://localhost:59822/session/a34cdf21f28a0fdc243cd709ff94edde/url'
00:47:00.713 [Forwarding get on session a34cdf21f28a0fdc243cd709ff94edde to remote] DEBUG org.asynchttpclient.netty.request.NettyRequestSender - Using open Channel [id: 0xbf7046c5, L:/127.0.0.1:49820 - R:localhost/127.0.0.1:59822] for POST '/session/a34cdf21f28a0fdc243cd709ff94edde/url'
00:47:00.886 [AsyncHttpClient-1-1] DEBUG org.asynchttpclient.netty.channel.DefaultChannelPool - Entry count for : http://localhost:49821 : 1
00:47:01.991 [AsyncHttpClient-1-1] DEBUG org.asynchttpclient.netty.channel.DefaultChannelPool - Entry count for : http://localhost:49821 : 1
00:47:02.492 [AsyncHttpClient-1-8] DEBUG org.asynchttpclient.netty.handler.HttpHandler - 

Request DefaultHttpRequest(decodeResult: success, version: HTTP/1.1)
POST /session/a34cdf21f28a0fdc243cd709ff94edde/url HTTP/1.1
User-Agent: selenium/4.1.2 (java windows)
Content-Length: 59
Content-Type: application/json; charset=utf-8
host: localhost:59822
accept: */*

Response DefaultHttpResponse(decodeResult: success, version: HTTP/1.1)
HTTP/1.1 200 OK
Content-Type: application/json; charset=utf-8
cache-control: no-cache
content-length: 14

00:47:02.492 [AsyncHttpClient-1-8] DEBUG org.asynchttpclient.netty.channel.ChannelManager - Adding key: http://localhost:59822 for channel [id: 0xbf7046c5, L:/127.0.0.1:49820 - R:localhost/127.0.0.1:59822]
00:47:02.492 [Forwarding setTimeout on session a34cdf21f28a0fdc243cd709ff94edde to remote] DEBUG org.asynchttpclient.netty.request.NettyRequestSender - Using pooled Channel '[id: 0xbf7046c5, L:/127.0.0.1:49820 - R:localhost/127.0.0.1:59822]' for 'POST' to 'http://localhost:59822/session/a34cdf21f28a0fdc243cd709ff94edde/timeouts'
00:47:02.492 [Forwarding setTimeout on session a34cdf21f28a0fdc243cd709ff94edde to remote] DEBUG org.asynchttpclient.netty.request.NettyRequestSender - Using open Channel [id: 0xbf7046c5, L:/127.0.0.1:49820 - R:localhost/127.0.0.1:59822] for POST '/session/a34cdf21f28a0fdc243cd709ff94edde/timeouts'
00:47:02.493 [AsyncHttpClient-1-8] DEBUG org.asynchttpclient.netty.handler.HttpHandler - 

Request DefaultHttpRequest(decodeResult: success, version: HTTP/1.1)
POST /session/a34cdf21f28a0fdc243cd709ff94edde/timeouts HTTP/1.1
User-Agent: selenium/4.1.2 (java windows)
Content-Length: 22
Content-Type: application/json; charset=utf-8
host: localhost:59822
accept: */*

Response DefaultHttpResponse(decodeResult: success, version: HTTP/1.1)
HTTP/1.1 200 OK
Content-Type: application/json; charset=utf-8
cache-control: no-cache
content-length: 14

00:47:02.493 [AsyncHttpClient-1-8] DEBUG org.asynchttpclient.netty.channel.ChannelManager - Adding key: http://localhost:59822 for channel [id: 0xbf7046c5, L:/127.0.0.1:49820 - R:localhost/127.0.0.1:59822]
00:47:02.494 [Forwarding getCurrentUrl on session a34cdf21f28a0fdc243cd709ff94edde to remote] DEBUG org.asynchttpclient.netty.request.NettyRequestSender - Using pooled Channel '[id: 0xbf7046c5, L:/127.0.0.1:49820 - R:localhost/127.0.0.1:59822]' for 'GET' to 'http://localhost:59822/session/a34cdf21f28a0fdc243cd709ff94edde/url'
00:47:02.494 [Forwarding getCurrentUrl on session a34cdf21f28a0fdc243cd709ff94edde to remote] DEBUG org.asynchttpclient.netty.request.NettyRequestSender - Using open Channel [id: 0xbf7046c5, L:/127.0.0.1:49820 - R:localhost/127.0.0.1:59822] for GET '/session/a34cdf21f28a0fdc243cd709ff94edde/url'
00:47:02.511 [AsyncHttpClient-1-8] DEBUG org.asynchttpclient.netty.handler.HttpHandler - 

Request DefaultFullHttpRequest(decodeResult: success, version: HTTP/1.1, content: EmptyByteBufBE)
GET /session/a34cdf21f28a0fdc243cd709ff94edde/url HTTP/1.1
User-Agent: selenium/4.1.2 (java windows)
Cache-Control: no-cache
Content-Type: application/json; charset=utf-8
host: localhost:59822
accept: */*

Response DefaultHttpResponse(decodeResult: success, version: HTTP/1.1)
HTTP/1.1 200 OK
Content-Type: application/json; charset=utf-8
cache-control: no-cache
content-length: 46

00:47:02.511 [AsyncHttpClient-1-8] DEBUG org.asynchttpclient.netty.channel.ChannelManager - Adding key: http://localhost:59822 for channel [id: 0xbf7046c5, L:/127.0.0.1:49820 - R:localhost/127.0.0.1:59822]
00:47:02.512 [Forwarding getCurrentUrl on session a34cdf21f28a0fdc243cd709ff94edde to remote] DEBUG org.asynchttpclient.netty.request.NettyRequestSender - Using pooled Channel '[id: 0xbf7046c5, L:/127.0.0.1:49820 - R:localhost/127.0.0.1:59822]' for 'GET' to 'http://localhost:59822/session/a34cdf21f28a0fdc243cd709ff94edde/url'
00:47:02.513 [Forwarding getCurrentUrl on session a34cdf21f28a0fdc243cd709ff94edde to remote] DEBUG org.asynchttpclient.netty.request.NettyRequestSender - Using open Channel [id: 0xbf7046c5, L:/127.0.0.1:49820 - R:localhost/127.0.0.1:59822] for GET '/session/a34cdf21f28a0fdc243cd709ff94edde/url'
00:47:02.514 [AsyncHttpClient-1-8] DEBUG org.asynchttpclient.netty.handler.HttpHandler - 

Request DefaultFullHttpRequest(decodeResult: success, version: HTTP/1.1, content: EmptyByteBufBE)
GET /session/a34cdf21f28a0fdc243cd709ff94edde/url HTTP/1.1
User-Agent: selenium/4.1.2 (java windows)
Cache-Control: no-cache
Content-Type: application/json; charset=utf-8
host: localhost:59822
accept: */*

Response DefaultHttpResponse(decodeResult: success, version: HTTP/1.1)
HTTP/1.1 200 OK
Content-Type: application/json; charset=utf-8
cache-control: no-cache
content-length: 46

00:47:02.514 [AsyncHttpClient-1-8] DEBUG org.asynchttpclient.netty.channel.ChannelManager - Adding key: http://localhost:59822 for channel [id: 0xbf7046c5, L:/127.0.0.1:49820 - R:localhost/127.0.0.1:59822]
00:47:02.517 [main] DEBUG net.serenitybdd.core.photography.Darkroom - Opening darkroom
00:47:02.517 [Darkroom Processing Line] DEBUG net.serenitybdd.core.photography.DarkroomProcessingLine - Darkroom processing line starting up
00:47:02.517 [Forwarding screenshot on session a34cdf21f28a0fdc243cd709ff94edde to remote] DEBUG org.asynchttpclient.netty.request.NettyRequestSender - Using pooled Channel '[id: 0xbf7046c5, L:/127.0.0.1:49820 - R:localhost/127.0.0.1:59822]' for 'GET' to 'http://localhost:59822/session/a34cdf21f28a0fdc243cd709ff94edde/screenshot'
00:47:02.517 [Forwarding screenshot on session a34cdf21f28a0fdc243cd709ff94edde to remote] DEBUG org.asynchttpclient.netty.request.NettyRequestSender - Using open Channel [id: 0xbf7046c5, L:/127.0.0.1:49820 - R:localhost/127.0.0.1:59822] for GET '/session/a34cdf21f28a0fdc243cd709ff94edde/screenshot'
00:47:02.704 [AsyncHttpClient-1-8] DEBUG org.asynchttpclient.netty.handler.HttpHandler - 

Request DefaultFullHttpRequest(decodeResult: success, version: HTTP/1.1, content: EmptyByteBufBE)
GET /session/a34cdf21f28a0fdc243cd709ff94edde/screenshot HTTP/1.1
User-Agent: selenium/4.1.2 (java windows)
Cache-Control: no-cache
Content-Type: application/json; charset=utf-8
host: localhost:59822
accept: */*

Response DefaultHttpResponse(decodeResult: success, version: HTTP/1.1)
HTTP/1.1 200 OK
Content-Type: application/json; charset=utf-8
cache-control: no-cache
content-length: 90552

00:47:02.704 [AsyncHttpClient-1-8] DEBUG org.asynchttpclient.netty.channel.ChannelManager - Adding key: http://localhost:59822 for channel [id: 0xbf7046c5, L:/127.0.0.1:49820 - R:localhost/127.0.0.1:59822]
00:47:02.706 [main] DEBUG net.serenitybdd.core.photography.Darkroom - Send negative for processing for target\site\serenity\e76827e1de7992c9e23819841158b136bd86fe2ebf09b5cd295a03583751b7d7.png
00:47:02.706 [main] DEBUG net.thucydides.core.steps.StepInterceptor - STEP DONE: openPage
00:47:02.709 [main] DEBUG net.thucydides.core.steps.StepInterceptor - STARTING STEP: LoginSteps.adminOnLoginPage - validateonLoginPage
00:47:02.709 [Forwarding findElement on session a34cdf21f28a0fdc243cd709ff94edde to remote] DEBUG org.asynchttpclient.netty.request.NettyRequestSender - Using pooled Channel '[id: 0xbf7046c5, L:/127.0.0.1:49820 - R:localhost/127.0.0.1:59822]' for 'POST' to 'http://localhost:59822/session/a34cdf21f28a0fdc243cd709ff94edde/element'
00:47:02.709 [Forwarding findElement on session a34cdf21f28a0fdc243cd709ff94edde to remote] DEBUG org.asynchttpclient.netty.request.NettyRequestSender - Using open Channel [id: 0xbf7046c5, L:/127.0.0.1:49820 - R:localhost/127.0.0.1:59822] for POST '/session/a34cdf21f28a0fdc243cd709ff94edde/element'
00:47:02.716 [AsyncHttpClient-1-8] DEBUG org.asynchttpclient.netty.handler.HttpHandler - 

Request DefaultHttpRequest(decodeResult: success, version: HTTP/1.1)
POST /session/a34cdf21f28a0fdc243cd709ff94edde/element HTTP/1.1
User-Agent: selenium/4.1.2 (java windows)
Content-Length: 71
Content-Type: application/json; charset=utf-8
host: localhost:59822
accept: */*

Response DefaultHttpResponse(decodeResult: success, version: HTTP/1.1)
HTTP/1.1 200 OK
Content-Type: application/json; charset=utf-8
cache-control: no-cache
content-length: 88

00:47:02.716 [AsyncHttpClient-1-8] DEBUG org.asynchttpclient.netty.channel.ChannelManager - Adding key: http://localhost:59822 for channel [id: 0xbf7046c5, L:/127.0.0.1:49820 - R:localhost/127.0.0.1:59822]
00:47:02.718 [Forwarding isElementDisplayed on session a34cdf21f28a0fdc243cd709ff94edde to remote] DEBUG org.asynchttpclient.netty.request.NettyRequestSender - Using pooled Channel '[id: 0xbf7046c5, L:/127.0.0.1:49820 - R:localhost/127.0.0.1:59822]' for 'POST' to 'http://localhost:59822/session/a34cdf21f28a0fdc243cd709ff94edde/execute/sync'
00:47:02.718 [Forwarding isElementDisplayed on session a34cdf21f28a0fdc243cd709ff94edde to remote] DEBUG org.asynchttpclient.netty.request.NettyRequestSender - Using open Channel [id: 0xbf7046c5, L:/127.0.0.1:49820 - R:localhost/127.0.0.1:59822] for POST '/session/a34cdf21f28a0fdc243cd709ff94edde/execute/sync'
00:47:02.725 [AsyncHttpClient-1-8] DEBUG org.asynchttpclient.netty.handler.HttpHandler - 

Request DefaultHttpRequest(decodeResult: success, version: HTTP/1.1)
POST /session/a34cdf21f28a0fdc243cd709ff94edde/execute/sync HTTP/1.1
User-Agent: selenium/4.1.2 (java windows)
Content-Length: 48780
Content-Type: application/json; charset=utf-8
host: localhost:59822
accept: */*

Response DefaultHttpResponse(decodeResult: success, version: HTTP/1.1)
HTTP/1.1 200 OK
Content-Type: application/json; charset=utf-8
cache-control: no-cache
content-length: 14

00:47:02.725 [AsyncHttpClient-1-8] DEBUG org.asynchttpclient.netty.channel.ChannelManager - Adding key: http://localhost:59822 for channel [id: 0xbf7046c5, L:/127.0.0.1:49820 - R:localhost/127.0.0.1:59822]
00:47:02.728 [main] DEBUG net.thucydides.core.steps.StepInterceptor - STEP DONE: validateonLoginPage
  &amp#27;[32mGiven &amp#27;[0m&amp#27;[32madmin on login page&amp#27;[0m                                                &amp#27;[90m# starter.definitions.LoginSteps.adminOnLoginPage()&amp#27;[0m
00:47:02.735 [main] DEBUG net.thucydides.core.steps.StepInterceptor - STARTING STEP: LoginSteps.adminInputValidUssername - inputusername
00:47:02.736 [Forwarding findElement on session a34cdf21f28a0fdc243cd709ff94edde to remote] DEBUG org.asynchttpclient.netty.request.NettyRequestSender - Using pooled Channel '[id: 0xbf7046c5, L:/127.0.0.1:49820 - R:localhost/127.0.0.1:59822]' for 'POST' to 'http://localhost:59822/session/a34cdf21f28a0fdc243cd709ff94edde/element'
00:47:02.736 [Forwarding findElement on session a34cdf21f28a0fdc243cd709ff94edde to remote] DEBUG org.asynchttpclient.netty.request.NettyRequestSender - Using open Channel [id: 0xbf7046c5, L:/127.0.0.1:49820 - R:localhost/127.0.0.1:59822] for POST '/session/a34cdf21f28a0fdc243cd709ff94edde/element'
00:47:02.742 [AsyncHttpClient-1-8] DEBUG org.asynchttpclient.netty.handler.HttpHandler - 

Request DefaultHttpRequest(decodeResult: success, version: HTTP/1.1)
POST /session/a34cdf21f28a0fdc243cd709ff94edde/element HTTP/1.1
User-Agent: selenium/4.1.2 (java windows)
Content-Length: 92
Content-Type: application/json; charset=utf-8
host: localhost:59822
accept: */*

Response DefaultHttpResponse(decodeResult: success, version: HTTP/1.1)
HTTP/1.1 200 OK
Content-Type: application/json; charset=utf-8
cache-control: no-cache
content-length: 88

00:47:02.742 [AsyncHttpClient-1-8] DEBUG org.asynchttpclient.netty.channel.ChannelManager - Adding key: http://localhost:59822 for channel [id: 0xbf7046c5, L:/127.0.0.1:49820 - R:localhost/127.0.0.1:59822]
00:47:02.742 [Forwarding clearElement on session a34cdf21f28a0fdc243cd709ff94edde to remote] DEBUG org.asynchttpclient.netty.request.NettyRequestSender - Using pooled Channel '[id: 0xbf7046c5, L:/127.0.0.1:49820 - R:localhost/127.0.0.1:59822]' for 'POST' to 'http://localhost:59822/session/a34cdf21f28a0fdc243cd709ff94edde/element/c10904d7-a3d6-4038-ac26-1835829a525b/clear'
00:47:02.742 [Forwarding clearElement on session a34cdf21f28a0fdc243cd709ff94edde to remote] DEBUG org.asynchttpclient.netty.request.NettyRequestSender - Using open Channel [id: 0xbf7046c5, L:/127.0.0.1:49820 - R:localhost/127.0.0.1:59822] for POST '/session/a34cdf21f28a0fdc243cd709ff94edde/element/c10904d7-a3d6-4038-ac26-1835829a525b/clear'
00:47:02.760 [AsyncHttpClient-1-8] DEBUG org.asynchttpclient.netty.handler.HttpHandler - 

Request DefaultHttpRequest(decodeResult: success, version: HTTP/1.1)
POST /session/a34cdf21f28a0fdc243cd709ff94edde/element/c10904d7-a3d6-4038-ac26-1835829a525b/clear HTTP/1.1
User-Agent: selenium/4.1.2 (java windows)
Content-Length: 50
Content-Type: application/json; charset=utf-8
host: localhost:59822
accept: */*

Response DefaultHttpResponse(decodeResult: success, version: HTTP/1.1)
HTTP/1.1 200 OK
Content-Type: application/json; charset=utf-8
cache-control: no-cache
content-length: 14

00:47:02.760 [AsyncHttpClient-1-8] DEBUG org.asynchttpclient.netty.channel.ChannelManager - Adding key: http://localhost:59822 for channel [id: 0xbf7046c5, L:/127.0.0.1:49820 - R:localhost/127.0.0.1:59822]
00:47:02.761 [Forwarding sendKeysToElement on session a34cdf21f28a0fdc243cd709ff94edde to remote] DEBUG org.asynchttpclient.netty.request.NettyRequestSender - Using pooled Channel '[id: 0xbf7046c5, L:/127.0.0.1:49820 - R:localhost/127.0.0.1:59822]' for 'POST' to 'http://localhost:59822/session/a34cdf21f28a0fdc243cd709ff94edde/element/c10904d7-a3d6-4038-ac26-1835829a525b/value'
00:47:02.761 [Forwarding sendKeysToElement on session a34cdf21f28a0fdc243cd709ff94edde to remote] DEBUG org.asynchttpclient.netty.request.NettyRequestSender - Using open Channel [id: 0xbf7046c5, L:/127.0.0.1:49820 - R:localhost/127.0.0.1:59822] for POST '/session/a34cdf21f28a0fdc243cd709ff94edde/element/c10904d7-a3d6-4038-ac26-1835829a525b/value'
00:47:02.792 [AsyncHttpClient-1-8] DEBUG org.asynchttpclient.netty.handler.HttpHandler - 

Request DefaultHttpRequest(decodeResult: success, version: HTTP/1.1)
POST /session/a34cdf21f28a0fdc243cd709ff94edde/element/c10904d7-a3d6-4038-ac26-1835829a525b/value HTTP/1.1
User-Agent: selenium/4.1.2 (java windows)
Content-Length: 151
Content-Type: application/json; charset=utf-8
host: localhost:59822
accept: */*

Response DefaultHttpResponse(decodeResult: success, version: HTTP/1.1)
HTTP/1.1 200 OK
Content-Type: application/json; charset=utf-8
cache-control: no-cache
content-length: 14

00:47:02.792 [AsyncHttpClient-1-8] DEBUG org.asynchttpclient.netty.channel.ChannelManager - Adding key: http://localhost:59822 for channel [id: 0xbf7046c5, L:/127.0.0.1:49820 - R:localhost/127.0.0.1:59822]
00:47:02.795 [Forwarding screenshot on session a34cdf21f28a0fdc243cd709ff94edde to remote] DEBUG org.asynchttpclient.netty.request.NettyRequestSender - Using pooled Channel '[id: 0xbf7046c5, L:/127.0.0.1:49820 - R:localhost/127.0.0.1:59822]' for 'GET' to 'http://localhost:59822/session/a34cdf21f28a0fdc243cd709ff94edde/screenshot'
00:47:02.795 [Forwarding screenshot on session a34cdf21f28a0fdc243cd709ff94edde to remote] DEBUG org.asynchttpclient.netty.request.NettyRequestSender - Using open Channel [id: 0xbf7046c5, L:/127.0.0.1:49820 - R:localhost/127.0.0.1:59822] for GET '/session/a34cdf21f28a0fdc243cd709ff94edde/screenshot'
00:47:03.024 [AsyncHttpClient-1-8] DEBUG org.asynchttpclient.netty.handler.HttpHandler - 

Request DefaultFullHttpRequest(decodeResult: success, version: HTTP/1.1, content: EmptyByteBufBE)
GET /session/a34cdf21f28a0fdc243cd709ff94edde/screenshot HTTP/1.1
User-Agent: selenium/4.1.2 (java windows)
Cache-Control: no-cache
Content-Type: application/json; charset=utf-8
host: localhost:59822
accept: */*

Response DefaultHttpResponse(decodeResult: success, version: HTTP/1.1)
HTTP/1.1 200 OK
Content-Type: application/json; charset=utf-8
cache-control: no-cache
content-length: 573184

00:47:03.024 [AsyncHttpClient-1-8] DEBUG org.asynchttpclient.netty.channel.ChannelManager - Adding key: http://localhost:59822 for channel [id: 0xbf7046c5, L:/127.0.0.1:49820 - R:localhost/127.0.0.1:59822]
00:47:03.031 [main] DEBUG net.serenitybdd.core.photography.Darkroom - Send negative for processing for target\site\serenity\f77c054aa6a666f419ab49e776fdfb7fc10c7c59289c58aa7b77a3e2461e450a.png
00:47:03.031 [main] DEBUG net.thucydides.core.steps.StepInterceptor - STEP DONE: inputusername
  &amp#27;[32mWhen &amp#27;[0m&amp#27;[32madmin input valid ussername&amp#27;[0m                                         &amp#27;[90m# starter.definitions.LoginSteps.adminInputValidUssername()&amp#27;[0m
00:47:03.038 [main] DEBUG net.thucydides.core.steps.StepInterceptor - STARTING STEP: LoginSteps.adminInputValidPassword - inputPassword
00:47:03.040 [Forwarding findElement on session a34cdf21f28a0fdc243cd709ff94edde to remote] DEBUG org.asynchttpclient.netty.request.NettyRequestSender - Using pooled Channel '[id: 0xbf7046c5, L:/127.0.0.1:49820 - R:localhost/127.0.0.1:59822]' for 'POST' to 'http://localhost:59822/session/a34cdf21f28a0fdc243cd709ff94edde/element'
00:47:03.040 [Forwarding findElement on session a34cdf21f28a0fdc243cd709ff94edde to remote] DEBUG org.asynchttpclient.netty.request.NettyRequestSender - Using open Channel [id: 0xbf7046c5, L:/127.0.0.1:49820 - R:localhost/127.0.0.1:59822] for POST '/session/a34cdf21f28a0fdc243cd709ff94edde/element'
00:47:03.046 [AsyncHttpClient-1-8] DEBUG org.asynchttpclient.netty.handler.HttpHandler - 

Request DefaultHttpRequest(decodeResult: success, version: HTTP/1.1)
POST /session/a34cdf21f28a0fdc243cd709ff94edde/element HTTP/1.1
User-Agent: selenium/4.1.2 (java windows)
Content-Length: 92
Content-Type: application/json; charset=utf-8
host: localhost:59822
accept: */*

Response DefaultHttpResponse(decodeResult: success, version: HTTP/1.1)
HTTP/1.1 200 OK
Content-Type: application/json; charset=utf-8
cache-control: no-cache
content-length: 88

00:47:03.046 [AsyncHttpClient-1-8] DEBUG org.asynchttpclient.netty.channel.ChannelManager - Adding key: http://localhost:59822 for channel [id: 0xbf7046c5, L:/127.0.0.1:49820 - R:localhost/127.0.0.1:59822]
00:47:03.046 [Forwarding clearElement on session a34cdf21f28a0fdc243cd709ff94edde to remote] DEBUG org.asynchttpclient.netty.request.NettyRequestSender - Using pooled Channel '[id: 0xbf7046c5, L:/127.0.0.1:49820 - R:localhost/127.0.0.1:59822]' for 'POST' to 'http://localhost:59822/session/a34cdf21f28a0fdc243cd709ff94edde/element/791dde7b-3fb6-4b72-88ab-9dec85fef7e8/clear'
00:47:03.046 [Forwarding clearElement on session a34cdf21f28a0fdc243cd709ff94edde to remote] DEBUG org.asynchttpclient.netty.request.NettyRequestSender - Using open Channel [id: 0xbf7046c5, L:/127.0.0.1:49820 - R:localhost/127.0.0.1:59822] for POST '/session/a34cdf21f28a0fdc243cd709ff94edde/element/791dde7b-3fb6-4b72-88ab-9dec85fef7e8/clear'
00:47:03.062 [AsyncHttpClient-1-8] DEBUG org.asynchttpclient.netty.handler.HttpHandler - 

Request DefaultHttpRequest(decodeResult: success, version: HTTP/1.1)
POST /session/a34cdf21f28a0fdc243cd709ff94edde/element/791dde7b-3fb6-4b72-88ab-9dec85fef7e8/clear HTTP/1.1
User-Agent: selenium/4.1.2 (java windows)
Content-Length: 50
Content-Type: application/json; charset=utf-8
host: localhost:59822
accept: */*

Response DefaultHttpResponse(decodeResult: success, version: HTTP/1.1)
HTTP/1.1 200 OK
Content-Type: application/json; charset=utf-8
cache-control: no-cache
content-length: 14

00:47:03.062 [AsyncHttpClient-1-8] DEBUG org.asynchttpclient.netty.channel.ChannelManager - Adding key: http://localhost:59822 for channel [id: 0xbf7046c5, L:/127.0.0.1:49820 - R:localhost/127.0.0.1:59822]
00:47:03.064 [Forwarding sendKeysToElement on session a34cdf21f28a0fdc243cd709ff94edde to remote] DEBUG org.asynchttpclient.netty.request.NettyRequestSender - Using pooled Channel '[id: 0xbf7046c5, L:/127.0.0.1:49820 - R:localhost/127.0.0.1:59822]' for 'POST' to 'http://localhost:59822/session/a34cdf21f28a0fdc243cd709ff94edde/element/791dde7b-3fb6-4b72-88ab-9dec85fef7e8/value'
00:47:03.064 [Forwarding sendKeysToElement on session a34cdf21f28a0fdc243cd709ff94edde to remote] DEBUG org.asynchttpclient.netty.request.NettyRequestSender - Using open Channel [id: 0xbf7046c5, L:/127.0.0.1:49820 - R:localhost/127.0.0.1:59822] for POST '/session/a34cdf21f28a0fdc243cd709ff94edde/element/791dde7b-3fb6-4b72-88ab-9dec85fef7e8/value'
00:47:03.086 [AsyncHttpClient-1-1] DEBUG org.asynchttpclient.netty.channel.DefaultChannelPool - Entry count for : http://localhost:49821 : 1
00:47:03.109 [AsyncHttpClient-1-8] DEBUG org.asynchttpclient.netty.handler.HttpHandler - 

Request DefaultHttpRequest(decodeResult: success, version: HTTP/1.1)
POST /session/a34cdf21f28a0fdc243cd709ff94edde/element/791dde7b-3fb6-4b72-88ab-9dec85fef7e8/value HTTP/1.1
User-Agent: selenium/4.1.2 (java windows)
Content-Length: 291
Content-Type: application/json; charset=utf-8
host: localhost:59822
accept: */*

Response DefaultHttpResponse(decodeResult: success, version: HTTP/1.1)
HTTP/1.1 200 OK
Content-Type: application/json; charset=utf-8
cache-control: no-cache
content-length: 14

00:47:03.109 [AsyncHttpClient-1-8] DEBUG org.asynchttpclient.netty.channel.ChannelManager - Adding key: http://localhost:59822 for channel [id: 0xbf7046c5, L:/127.0.0.1:49820 - R:localhost/127.0.0.1:59822]
00:47:03.112 [Forwarding screenshot on session a34cdf21f28a0fdc243cd709ff94edde to remote] DEBUG org.asynchttpclient.netty.request.NettyRequestSender - Using pooled Channel '[id: 0xbf7046c5, L:/127.0.0.1:49820 - R:localhost/127.0.0.1:59822]' for 'GET' to 'http://localhost:59822/session/a34cdf21f28a0fdc243cd709ff94edde/screenshot'
00:47:03.112 [Forwarding screenshot on session a34cdf21f28a0fdc243cd709ff94edde to remote] DEBUG org.asynchttpclient.netty.request.NettyRequestSender - Using open Channel [id: 0xbf7046c5, L:/127.0.0.1:49820 - R:localhost/127.0.0.1:59822] for GET '/session/a34cdf21f28a0fdc243cd709ff94edde/screenshot'
00:47:03.340 [AsyncHttpClient-1-8] DEBUG org.asynchttpclient.netty.handler.HttpHandler - 

Request DefaultFullHttpRequest(decodeResult: success, version: HTTP/1.1, content: EmptyByteBufBE)
GET /session/a34cdf21f28a0fdc243cd709ff94edde/screenshot HTTP/1.1
User-Agent: selenium/4.1.2 (java windows)
Cache-Control: no-cache
Content-Type: application/json; charset=utf-8
host: localhost:59822
accept: */*

Response DefaultHttpResponse(decodeResult: success, version: HTTP/1.1)
HTTP/1.1 200 OK
Content-Type: application/json; charset=utf-8
cache-control: no-cache
content-length: 569460

00:47:03.340 [AsyncHttpClient-1-8] DEBUG org.asynchttpclient.netty.channel.ChannelManager - Adding key: http://localhost:59822 for channel [id: 0xbf7046c5, L:/127.0.0.1:49820 - R:localhost/127.0.0.1:59822]
00:47:03.348 [main] DEBUG net.serenitybdd.core.photography.Darkroom - Send negative for processing for target\site\serenity\7121c7966e51ed0bee580053fa8354e56400a63fd65cbfa41529dc1e051e1e6a.png
00:47:03.348 [main] DEBUG net.thucydides.core.steps.StepInterceptor - STEP DONE: inputPassword
  &amp#27;[32mAnd &amp#27;[0m&amp#27;[32madmin input valid password&amp#27;[0m                                           &amp#27;[90m# starter.definitions.LoginSteps.adminInputValidPassword()&amp#27;[0m
00:47:03.355 [main] DEBUG net.thucydides.core.steps.StepInterceptor - STARTING STEP: LoginSteps.clickLoginButton - clickloginButton
00:47:03.357 [Forwarding findElement on session a34cdf21f28a0fdc243cd709ff94edde to remote] DEBUG org.asynchttpclient.netty.request.NettyRequestSender - Using pooled Channel '[id: 0xbf7046c5, L:/127.0.0.1:49820 - R:localhost/127.0.0.1:59822]' for 'POST' to 'http://localhost:59822/session/a34cdf21f28a0fdc243cd709ff94edde/element'
00:47:03.357 [Forwarding findElement on session a34cdf21f28a0fdc243cd709ff94edde to remote] DEBUG org.asynchttpclient.netty.request.NettyRequestSender - Using open Channel [id: 0xbf7046c5, L:/127.0.0.1:49820 - R:localhost/127.0.0.1:59822] for POST '/session/a34cdf21f28a0fdc243cd709ff94edde/element'
00:47:03.360 [AsyncHttpClient-1-8] DEBUG org.asynchttpclient.netty.handler.HttpHandler - 

Request DefaultHttpRequest(decodeResult: success, version: HTTP/1.1)
POST /session/a34cdf21f28a0fdc243cd709ff94edde/element HTTP/1.1
User-Agent: selenium/4.1.2 (java windows)
Content-Length: 71
Content-Type: application/json; charset=utf-8
host: localhost:59822
accept: */*

Response DefaultHttpResponse(decodeResult: success, version: HTTP/1.1)
HTTP/1.1 200 OK
Content-Type: application/json; charset=utf-8
cache-control: no-cache
content-length: 88

00:47:03.360 [AsyncHttpClient-1-8] DEBUG org.asynchttpclient.netty.channel.ChannelManager - Adding key: http://localhost:59822 for channel [id: 0xbf7046c5, L:/127.0.0.1:49820 - R:localhost/127.0.0.1:59822]
00:47:03.361 [Forwarding getElementTagName on session a34cdf21f28a0fdc243cd709ff94edde to remote] DEBUG org.asynchttpclient.netty.request.NettyRequestSender - Using pooled Channel '[id: 0xbf7046c5, L:/127.0.0.1:49820 - R:localhost/127.0.0.1:59822]' for 'GET' to 'http://localhost:59822/session/a34cdf21f28a0fdc243cd709ff94edde/element/507ba9a6-d799-463c-bf79-309e2ac4de7b/name'
00:47:03.361 [Forwarding getElementTagName on session a34cdf21f28a0fdc243cd709ff94edde to remote] DEBUG org.asynchttpclient.netty.request.NettyRequestSender - Using open Channel [id: 0xbf7046c5, L:/127.0.0.1:49820 - R:localhost/127.0.0.1:59822] for GET '/session/a34cdf21f28a0fdc243cd709ff94edde/element/507ba9a6-d799-463c-bf79-309e2ac4de7b/name'
00:47:03.363 [AsyncHttpClient-1-8] DEBUG org.asynchttpclient.netty.handler.HttpHandler - 

Request DefaultFullHttpRequest(decodeResult: success, version: HTTP/1.1, content: EmptyByteBufBE)
GET /session/a34cdf21f28a0fdc243cd709ff94edde/element/507ba9a6-d799-463c-bf79-309e2ac4de7b/name HTTP/1.1
User-Agent: selenium/4.1.2 (java windows)
Cache-Control: no-cache
Content-Type: application/json; charset=utf-8
host: localhost:59822
accept: */*

Response DefaultHttpResponse(decodeResult: success, version: HTTP/1.1)
HTTP/1.1 200 OK
Content-Type: application/json; charset=utf-8
cache-control: no-cache
content-length: 18

00:47:03.363 [AsyncHttpClient-1-8] DEBUG org.asynchttpclient.netty.channel.ChannelManager - Adding key: http://localhost:59822 for channel [id: 0xbf7046c5, L:/127.0.0.1:49820 - R:localhost/127.0.0.1:59822]
00:47:03.363 [Forwarding getElementTagName on session a34cdf21f28a0fdc243cd709ff94edde to remote] DEBUG org.asynchttpclient.netty.request.NettyRequestSender - Using pooled Channel '[id: 0xbf7046c5, L:/127.0.0.1:49820 - R:localhost/127.0.0.1:59822]' for 'GET' to 'http://localhost:59822/session/a34cdf21f28a0fdc243cd709ff94edde/element/507ba9a6-d799-463c-bf79-309e2ac4de7b/name'
00:47:03.363 [Forwarding getElementTagName on session a34cdf21f28a0fdc243cd709ff94edde to remote] DEBUG org.asynchttpclient.netty.request.NettyRequestSender - Using open Channel [id: 0xbf7046c5, L:/127.0.0.1:49820 - R:localhost/127.0.0.1:59822] for GET '/session/a34cdf21f28a0fdc243cd709ff94edde/element/507ba9a6-d799-463c-bf79-309e2ac4de7b/name'
00:47:03.365 [AsyncHttpClient-1-8] DEBUG org.asynchttpclient.netty.handler.HttpHandler - 

Request DefaultFullHttpRequest(decodeResult: success, version: HTTP/1.1, content: EmptyByteBufBE)
GET /session/a34cdf21f28a0fdc243cd709ff94edde/element/507ba9a6-d799-463c-bf79-309e2ac4de7b/name HTTP/1.1
User-Agent: selenium/4.1.2 (java windows)
Cache-Control: no-cache
Content-Type: application/json; charset=utf-8
host: localhost:59822
accept: */*

Response DefaultHttpResponse(decodeResult: success, version: HTTP/1.1)
HTTP/1.1 200 OK
Content-Type: application/json; charset=utf-8
cache-control: no-cache
content-length: 18

00:47:03.365 [AsyncHttpClient-1-8] DEBUG org.asynchttpclient.netty.channel.ChannelManager - Adding key: http://localhost:59822 for channel [id: 0xbf7046c5, L:/127.0.0.1:49820 - R:localhost/127.0.0.1:59822]
00:47:03.365 [Forwarding isElementEnabled on session a34cdf21f28a0fdc243cd709ff94edde to remote] DEBUG org.asynchttpclient.netty.request.NettyRequestSender - Using pooled Channel '[id: 0xbf7046c5, L:/127.0.0.1:49820 - R:localhost/127.0.0.1:59822]' for 'GET' to 'http://localhost:59822/session/a34cdf21f28a0fdc243cd709ff94edde/element/507ba9a6-d799-463c-bf79-309e2ac4de7b/enabled'
00:47:03.365 [Forwarding isElementEnabled on session a34cdf21f28a0fdc243cd709ff94edde to remote] DEBUG org.asynchttpclient.netty.request.NettyRequestSender - Using open Channel [id: 0xbf7046c5, L:/127.0.0.1:49820 - R:localhost/127.0.0.1:59822] for GET '/session/a34cdf21f28a0fdc243cd709ff94edde/element/507ba9a6-d799-463c-bf79-309e2ac4de7b/enabled'
00:47:03.369 [AsyncHttpClient-1-8] DEBUG org.asynchttpclient.netty.handler.HttpHandler - 

Request DefaultFullHttpRequest(decodeResult: success, version: HTTP/1.1, content: EmptyByteBufBE)
GET /session/a34cdf21f28a0fdc243cd709ff94edde/element/507ba9a6-d799-463c-bf79-309e2ac4de7b/enabled HTTP/1.1
User-Agent: selenium/4.1.2 (java windows)
Cache-Control: no-cache
Content-Type: application/json; charset=utf-8
host: localhost:59822
accept: */*

Response DefaultHttpResponse(decodeResult: success, version: HTTP/1.1)
HTTP/1.1 200 OK
Content-Type: application/json; charset=utf-8
cache-control: no-cache
content-length: 14

00:47:03.369 [AsyncHttpClient-1-8] DEBUG org.asynchttpclient.netty.channel.ChannelManager - Adding key: http://localhost:59822 for channel [id: 0xbf7046c5, L:/127.0.0.1:49820 - R:localhost/127.0.0.1:59822]
00:47:03.370 [Forwarding isElementEnabled on session a34cdf21f28a0fdc243cd709ff94edde to remote] DEBUG org.asynchttpclient.netty.request.NettyRequestSender - Using pooled Channel '[id: 0xbf7046c5, L:/127.0.0.1:49820 - R:localhost/127.0.0.1:59822]' for 'GET' to 'http://localhost:59822/session/a34cdf21f28a0fdc243cd709ff94edde/element/507ba9a6-d799-463c-bf79-309e2ac4de7b/enabled'
00:47:03.370 [Forwarding isElementEnabled on session a34cdf21f28a0fdc243cd709ff94edde to remote] DEBUG org.asynchttpclient.netty.request.NettyRequestSender - Using open Channel [id: 0xbf7046c5, L:/127.0.0.1:49820 - R:localhost/127.0.0.1:59822] for GET '/session/a34cdf21f28a0fdc243cd709ff94edde/element/507ba9a6-d799-463c-bf79-309e2ac4de7b/enabled'
00:47:03.372 [AsyncHttpClient-1-8] DEBUG org.asynchttpclient.netty.handler.HttpHandler - 

Request DefaultFullHttpRequest(decodeResult: success, version: HTTP/1.1, content: EmptyByteBufBE)
GET /session/a34cdf21f28a0fdc243cd709ff94edde/element/507ba9a6-d799-463c-bf79-309e2ac4de7b/enabled HTTP/1.1
User-Agent: selenium/4.1.2 (java windows)
Cache-Control: no-cache
Content-Type: application/json; charset=utf-8
host: localhost:59822
accept: */*

Response DefaultHttpResponse(decodeResult: success, version: HTTP/1.1)
HTTP/1.1 200 OK
Content-Type: application/json; charset=utf-8
cache-control: no-cache
content-length: 14

00:47:03.372 [AsyncHttpClient-1-8] DEBUG org.asynchttpclient.netty.channel.ChannelManager - Adding key: http://localhost:59822 for channel [id: 0xbf7046c5, L:/127.0.0.1:49820 - R:localhost/127.0.0.1:59822]
00:47:03.373 [Forwarding findElement on session a34cdf21f28a0fdc243cd709ff94edde to remote] DEBUG org.asynchttpclient.netty.request.NettyRequestSender - Using pooled Channel '[id: 0xbf7046c5, L:/127.0.0.1:49820 - R:localhost/127.0.0.1:59822]' for 'POST' to 'http://localhost:59822/session/a34cdf21f28a0fdc243cd709ff94edde/element'
00:47:03.373 [Forwarding findElement on session a34cdf21f28a0fdc243cd709ff94edde to remote] DEBUG org.asynchttpclient.netty.request.NettyRequestSender - Using open Channel [id: 0xbf7046c5, L:/127.0.0.1:49820 - R:localhost/127.0.0.1:59822] for POST '/session/a34cdf21f28a0fdc243cd709ff94edde/element'
00:47:03.377 [AsyncHttpClient-1-8] DEBUG org.asynchttpclient.netty.handler.HttpHandler - 

Request DefaultHttpRequest(decodeResult: success, version: HTTP/1.1)
POST /session/a34cdf21f28a0fdc243cd709ff94edde/element HTTP/1.1
User-Agent: selenium/4.1.2 (java windows)
Content-Length: 71
Content-Type: application/json; charset=utf-8
host: localhost:59822
accept: */*

Response DefaultHttpResponse(decodeResult: success, version: HTTP/1.1)
HTTP/1.1 200 OK
Content-Type: application/json; charset=utf-8
cache-control: no-cache
content-length: 88

00:47:03.377 [AsyncHttpClient-1-8] DEBUG org.asynchttpclient.netty.channel.ChannelManager - Adding key: http://localhost:59822 for channel [id: 0xbf7046c5, L:/127.0.0.1:49820 - R:localhost/127.0.0.1:59822]
00:47:03.377 [Forwarding clickElement on session a34cdf21f28a0fdc243cd709ff94edde to remote] DEBUG org.asynchttpclient.netty.request.NettyRequestSender - Using pooled Channel '[id: 0xbf7046c5, L:/127.0.0.1:49820 - R:localhost/127.0.0.1:59822]' for 'POST' to 'http://localhost:59822/session/a34cdf21f28a0fdc243cd709ff94edde/element/507ba9a6-d799-463c-bf79-309e2ac4de7b/click'
00:47:03.377 [Forwarding clickElement on session a34cdf21f28a0fdc243cd709ff94edde to remote] DEBUG org.asynchttpclient.netty.request.NettyRequestSender - Using open Channel [id: 0xbf7046c5, L:/127.0.0.1:49820 - R:localhost/127.0.0.1:59822] for POST '/session/a34cdf21f28a0fdc243cd709ff94edde/element/507ba9a6-d799-463c-bf79-309e2ac4de7b/click'
00:47:03.400 [AsyncHttpClient-1-8] DEBUG org.asynchttpclient.netty.handler.HttpHandler - 

Request DefaultHttpRequest(decodeResult: success, version: HTTP/1.1)
POST /session/a34cdf21f28a0fdc243cd709ff94edde/element/507ba9a6-d799-463c-bf79-309e2ac4de7b/click HTTP/1.1
User-Agent: selenium/4.1.2 (java windows)
Content-Length: 50
Content-Type: application/json; charset=utf-8
host: localhost:59822
accept: */*

Response DefaultHttpResponse(decodeResult: success, version: HTTP/1.1)
HTTP/1.1 200 OK
Content-Type: application/json; charset=utf-8
cache-control: no-cache
content-length: 14

00:47:03.400 [AsyncHttpClient-1-8] DEBUG org.asynchttpclient.netty.channel.ChannelManager - Adding key: http://localhost:59822 for channel [id: 0xbf7046c5, L:/127.0.0.1:49820 - R:localhost/127.0.0.1:59822]
00:47:03.404 [Forwarding screenshot on session a34cdf21f28a0fdc243cd709ff94edde to remote] DEBUG org.asynchttpclient.netty.request.NettyRequestSender - Using pooled Channel '[id: 0xbf7046c5, L:/127.0.0.1:49820 - R:localhost/127.0.0.1:59822]' for 'GET' to 'http://localhost:59822/session/a34cdf21f28a0fdc243cd709ff94edde/screenshot'
00:47:03.404 [Forwarding screenshot on session a34cdf21f28a0fdc243cd709ff94edde to remote] DEBUG org.asynchttpclient.netty.request.NettyRequestSender - Using open Channel [id: 0xbf7046c5, L:/127.0.0.1:49820 - R:localhost/127.0.0.1:59822] for GET '/session/a34cdf21f28a0fdc243cd709ff94edde/screenshot'
00:47:03.626 [AsyncHttpClient-1-8] DEBUG org.asynchttpclient.netty.handler.HttpHandler - 

Request DefaultFullHttpRequest(decodeResult: success, version: HTTP/1.1, content: EmptyByteBufBE)
GET /session/a34cdf21f28a0fdc243cd709ff94edde/screenshot HTTP/1.1
User-Agent: selenium/4.1.2 (java windows)
Cache-Control: no-cache
Content-Type: application/json; charset=utf-8
host: localhost:59822
accept: */*

Response DefaultHttpResponse(decodeResult: success, version: HTTP/1.1)
HTTP/1.1 200 OK
Content-Type: application/json; charset=utf-8
cache-control: no-cache
content-length: 575004

00:47:03.627 [AsyncHttpClient-1-8] DEBUG org.asynchttpclient.netty.channel.ChannelManager - Adding key: http://localhost:59822 for channel [id: 0xbf7046c5, L:/127.0.0.1:49820 - R:localhost/127.0.0.1:59822]
00:47:03.634 [main] DEBUG net.serenitybdd.core.photography.Darkroom - Send negative for processing for target\site\serenity\bdfb3257a55b5f729af578dfc1dc3a5762c89839bea5dc19984e34dd6640fee1.png
00:47:03.634 [main] DEBUG net.thucydides.core.steps.StepInterceptor - STEP DONE: clickloginButton
  &amp#27;[32mAnd &amp#27;[0m&amp#27;[32mclick login button&amp#27;[0m                                                   &amp#27;[90m# starter.definitions.LoginSteps.clickLoginButton()&amp#27;[0m
00:47:03.641 [main] DEBUG net.thucydides.core.steps.StepInterceptor - STARTING STEP: LoginSteps.clickSucsessLogin - sucseslogin
00:47:03.642 [Forwarding findElement on session a34cdf21f28a0fdc243cd709ff94edde to remote] DEBUG org.asynchttpclient.netty.request.NettyRequestSender - Using pooled Channel '[id: 0xbf7046c5, L:/127.0.0.1:49820 - R:localhost/127.0.0.1:59822]' for 'POST' to 'http://localhost:59822/session/a34cdf21f28a0fdc243cd709ff94edde/element'
00:47:03.642 [Forwarding findElement on session a34cdf21f28a0fdc243cd709ff94edde to remote] DEBUG org.asynchttpclient.netty.request.NettyRequestSender - Using open Channel [id: 0xbf7046c5, L:/127.0.0.1:49820 - R:localhost/127.0.0.1:59822] for POST '/session/a34cdf21f28a0fdc243cd709ff94edde/element'
00:47:03.961 [AsyncHttpClient-1-8] DEBUG org.asynchttpclient.netty.handler.HttpHandler - 

Request DefaultHttpRequest(decodeResult: success, version: HTTP/1.1)
POST /session/a34cdf21f28a0fdc243cd709ff94edde/element HTTP/1.1
User-Agent: selenium/4.1.2 (java windows)
Content-Length: 79
Content-Type: application/json; charset=utf-8
host: localhost:59822
accept: */*

Response DefaultHttpResponse(decodeResult: success, version: HTTP/1.1)
HTTP/1.1 200 OK
Content-Type: application/json; charset=utf-8
cache-control: no-cache
content-length: 88

00:47:03.961 [AsyncHttpClient-1-8] DEBUG org.asynchttpclient.netty.channel.ChannelManager - Adding key: http://localhost:59822 for channel [id: 0xbf7046c5, L:/127.0.0.1:49820 - R:localhost/127.0.0.1:59822]
00:47:03.962 [Forwarding getElementTagName on session a34cdf21f28a0fdc243cd709ff94edde to remote] DEBUG org.asynchttpclient.netty.request.NettyRequestSender - Using pooled Channel '[id: 0xbf7046c5, L:/127.0.0.1:49820 - R:localhost/127.0.0.1:59822]' for 'GET' to 'http://localhost:59822/session/a34cdf21f28a0fdc243cd709ff94edde/element/f7eeabb7-7dcd-426b-994d-961c3a2de19a/name'
00:47:03.962 [Forwarding getElementTagName on session a34cdf21f28a0fdc243cd709ff94edde to remote] DEBUG org.asynchttpclient.netty.request.NettyRequestSender - Using open Channel [id: 0xbf7046c5, L:/127.0.0.1:49820 - R:localhost/127.0.0.1:59822] for GET '/session/a34cdf21f28a0fdc243cd709ff94edde/element/f7eeabb7-7dcd-426b-994d-961c3a2de19a/name'
00:47:03.965 [AsyncHttpClient-1-8] DEBUG org.asynchttpclient.netty.handler.HttpHandler - 

Request DefaultFullHttpRequest(decodeResult: success, version: HTTP/1.1, content: EmptyByteBufBE)
GET /session/a34cdf21f28a0fdc243cd709ff94edde/element/f7eeabb7-7dcd-426b-994d-961c3a2de19a/name HTTP/1.1
User-Agent: selenium/4.1.2 (java windows)
Cache-Control: no-cache
Content-Type: application/json; charset=utf-8
host: localhost:59822
accept: */*

Response DefaultHttpResponse(decodeResult: success, version: HTTP/1.1)
HTTP/1.1 200 OK
Content-Type: application/json; charset=utf-8
cache-control: no-cache
content-length: 18

00:47:03.965 [AsyncHttpClient-1-8] DEBUG org.asynchttpclient.netty.channel.ChannelManager - Adding key: http://localhost:59822 for channel [id: 0xbf7046c5, L:/127.0.0.1:49820 - R:localhost/127.0.0.1:59822]
00:47:03.966 [Forwarding getElementTagName on session a34cdf21f28a0fdc243cd709ff94edde to remote] DEBUG org.asynchttpclient.netty.request.NettyRequestSender - Using pooled Channel '[id: 0xbf7046c5, L:/127.0.0.1:49820 - R:localhost/127.0.0.1:59822]' for 'GET' to 'http://localhost:59822/session/a34cdf21f28a0fdc243cd709ff94edde/element/f7eeabb7-7dcd-426b-994d-961c3a2de19a/name'
00:47:03.966 [Forwarding getElementTagName on session a34cdf21f28a0fdc243cd709ff94edde to remote] DEBUG org.asynchttpclient.netty.request.NettyRequestSender - Using open Channel [id: 0xbf7046c5, L:/127.0.0.1:49820 - R:localhost/127.0.0.1:59822] for GET '/session/a34cdf21f28a0fdc243cd709ff94edde/element/f7eeabb7-7dcd-426b-994d-961c3a2de19a/name'
00:47:03.967 [AsyncHttpClient-1-8] DEBUG org.asynchttpclient.netty.handler.HttpHandler - 

Request DefaultFullHttpRequest(decodeResult: success, version: HTTP/1.1, content: EmptyByteBufBE)
GET /session/a34cdf21f28a0fdc243cd709ff94edde/element/f7eeabb7-7dcd-426b-994d-961c3a2de19a/name HTTP/1.1
User-Agent: selenium/4.1.2 (java windows)
Cache-Control: no-cache
Content-Type: application/json; charset=utf-8
host: localhost:59822
accept: */*

Response DefaultHttpResponse(decodeResult: success, version: HTTP/1.1)
HTTP/1.1 200 OK
Content-Type: application/json; charset=utf-8
cache-control: no-cache
content-length: 18

00:47:03.967 [AsyncHttpClient-1-8] DEBUG org.asynchttpclient.netty.channel.ChannelManager - Adding key: http://localhost:59822 for channel [id: 0xbf7046c5, L:/127.0.0.1:49820 - R:localhost/127.0.0.1:59822]
00:47:03.968 [Forwarding isElementEnabled on session a34cdf21f28a0fdc243cd709ff94edde to remote] DEBUG org.asynchttpclient.netty.request.NettyRequestSender - Using pooled Channel '[id: 0xbf7046c5, L:/127.0.0.1:49820 - R:localhost/127.0.0.1:59822]' for 'GET' to 'http://localhost:59822/session/a34cdf21f28a0fdc243cd709ff94edde/element/f7eeabb7-7dcd-426b-994d-961c3a2de19a/enabled'
00:47:03.968 [Forwarding isElementEnabled on session a34cdf21f28a0fdc243cd709ff94edde to remote] DEBUG org.asynchttpclient.netty.request.NettyRequestSender - Using open Channel [id: 0xbf7046c5, L:/127.0.0.1:49820 - R:localhost/127.0.0.1:59822] for GET '/session/a34cdf21f28a0fdc243cd709ff94edde/element/f7eeabb7-7dcd-426b-994d-961c3a2de19a/enabled'
00:47:03.975 [AsyncHttpClient-1-8] DEBUG org.asynchttpclient.netty.handler.HttpHandler - 

Request DefaultFullHttpRequest(decodeResult: success, version: HTTP/1.1, content: EmptyByteBufBE)
GET /session/a34cdf21f28a0fdc243cd709ff94edde/element/f7eeabb7-7dcd-426b-994d-961c3a2de19a/enabled HTTP/1.1
User-Agent: selenium/4.1.2 (java windows)
Cache-Control: no-cache
Content-Type: application/json; charset=utf-8
host: localhost:59822
accept: */*

Response DefaultHttpResponse(decodeResult: success, version: HTTP/1.1)
HTTP/1.1 200 OK
Content-Type: application/json; charset=utf-8
cache-control: no-cache
content-length: 14

00:47:03.975 [AsyncHttpClient-1-8] DEBUG org.asynchttpclient.netty.channel.ChannelManager - Adding key: http://localhost:59822 for channel [id: 0xbf7046c5, L:/127.0.0.1:49820 - R:localhost/127.0.0.1:59822]
00:47:03.975 [Forwarding isElementEnabled on session a34cdf21f28a0fdc243cd709ff94edde to remote] DEBUG org.asynchttpclient.netty.request.NettyRequestSender - Using pooled Channel '[id: 0xbf7046c5, L:/127.0.0.1:49820 - R:localhost/127.0.0.1:59822]' for 'GET' to 'http://localhost:59822/session/a34cdf21f28a0fdc243cd709ff94edde/element/f7eeabb7-7dcd-426b-994d-961c3a2de19a/enabled'
00:47:03.975 [Forwarding isElementEnabled on session a34cdf21f28a0fdc243cd709ff94edde to remote] DEBUG org.asynchttpclient.netty.request.NettyRequestSender - Using open Channel [id: 0xbf7046c5, L:/127.0.0.1:49820 - R:localhost/127.0.0.1:59822] for GET '/session/a34cdf21f28a0fdc243cd709ff94edde/element/f7eeabb7-7dcd-426b-994d-961c3a2de19a/enabled'
00:47:03.978 [AsyncHttpClient-1-8] DEBUG org.asynchttpclient.netty.handler.HttpHandler - 

Request DefaultFullHttpRequest(decodeResult: success, version: HTTP/1.1, content: EmptyByteBufBE)
GET /session/a34cdf21f28a0fdc243cd709ff94edde/element/f7eeabb7-7dcd-426b-994d-961c3a2de19a/enabled HTTP/1.1
User-Agent: selenium/4.1.2 (java windows)
Cache-Control: no-cache
Content-Type: application/json; charset=utf-8
host: localhost:59822
accept: */*

Response DefaultHttpResponse(decodeResult: success, version: HTTP/1.1)
HTTP/1.1 200 OK
Content-Type: application/json; charset=utf-8
cache-control: no-cache
content-length: 14

00:47:03.978 [AsyncHttpClient-1-8] DEBUG org.asynchttpclient.netty.channel.ChannelManager - Adding key: http://localhost:59822 for channel [id: 0xbf7046c5, L:/127.0.0.1:49820 - R:localhost/127.0.0.1:59822]
00:47:03.978 [Forwarding findElement on session a34cdf21f28a0fdc243cd709ff94edde to remote] DEBUG org.asynchttpclient.netty.request.NettyRequestSender - Using pooled Channel '[id: 0xbf7046c5, L:/127.0.0.1:49820 - R:localhost/127.0.0.1:59822]' for 'POST' to 'http://localhost:59822/session/a34cdf21f28a0fdc243cd709ff94edde/element'
00:47:03.978 [Forwarding findElement on session a34cdf21f28a0fdc243cd709ff94edde to remote] DEBUG org.asynchttpclient.netty.request.NettyRequestSender - Using open Channel [id: 0xbf7046c5, L:/127.0.0.1:49820 - R:localhost/127.0.0.1:59822] for POST '/session/a34cdf21f28a0fdc243cd709ff94edde/element'
00:47:03.982 [AsyncHttpClient-1-8] DEBUG org.asynchttpclient.netty.handler.HttpHandler - 

Request DefaultHttpRequest(decodeResult: success, version: HTTP/1.1)
POST /session/a34cdf21f28a0fdc243cd709ff94edde/element HTTP/1.1
User-Agent: selenium/4.1.2 (java windows)
Content-Length: 79
Content-Type: application/json; charset=utf-8
host: localhost:59822
accept: */*

Response DefaultHttpResponse(decodeResult: success, version: HTTP/1.1)
HTTP/1.1 200 OK
Content-Type: application/json; charset=utf-8
cache-control: no-cache
content-length: 88

00:47:03.982 [AsyncHttpClient-1-8] DEBUG org.asynchttpclient.netty.channel.ChannelManager - Adding key: http://localhost:59822 for channel [id: 0xbf7046c5, L:/127.0.0.1:49820 - R:localhost/127.0.0.1:59822]
00:47:03.982 [Forwarding clickElement on session a34cdf21f28a0fdc243cd709ff94edde to remote] DEBUG org.asynchttpclient.netty.request.NettyRequestSender - Using pooled Channel '[id: 0xbf7046c5, L:/127.0.0.1:49820 - R:localhost/127.0.0.1:59822]' for 'POST' to 'http://localhost:59822/session/a34cdf21f28a0fdc243cd709ff94edde/element/f7eeabb7-7dcd-426b-994d-961c3a2de19a/click'
00:47:03.983 [Forwarding clickElement on session a34cdf21f28a0fdc243cd709ff94edde to remote] DEBUG org.asynchttpclient.netty.request.NettyRequestSender - Using open Channel [id: 0xbf7046c5, L:/127.0.0.1:49820 - R:localhost/127.0.0.1:59822] for POST '/session/a34cdf21f28a0fdc243cd709ff94edde/element/f7eeabb7-7dcd-426b-994d-961c3a2de19a/click'
00:47:04.000 [AsyncHttpClient-1-8] DEBUG org.asynchttpclient.netty.handler.HttpHandler - 

Request DefaultHttpRequest(decodeResult: success, version: HTTP/1.1)
POST /session/a34cdf21f28a0fdc243cd709ff94edde/element/f7eeabb7-7dcd-426b-994d-961c3a2de19a/click HTTP/1.1
User-Agent: selenium/4.1.2 (java windows)
Content-Length: 50
Content-Type: application/json; charset=utf-8
host: localhost:59822
accept: */*

Response DefaultHttpResponse(decodeResult: success, version: HTTP/1.1)
HTTP/1.1 200 OK
Content-Type: application/json; charset=utf-8
cache-control: no-cache
content-length: 14

00:47:04.000 [AsyncHttpClient-1-8] DEBUG org.asynchttpclient.netty.channel.ChannelManager - Adding key: http://localhost:59822 for channel [id: 0xbf7046c5, L:/127.0.0.1:49820 - R:localhost/127.0.0.1:59822]
00:47:04.003 [Forwarding screenshot on session a34cdf21f28a0fdc243cd709ff94edde to remote] DEBUG org.asynchttpclient.netty.request.NettyRequestSender - Using pooled Channel '[id: 0xbf7046c5, L:/127.0.0.1:49820 - R:localhost/127.0.0.1:59822]' for 'GET' to 'http://localhost:59822/session/a34cdf21f28a0fdc243cd709ff94edde/screenshot'
00:47:04.003 [Forwarding screenshot on session a34cdf21f28a0fdc243cd709ff94edde to remote] DEBUG org.asynchttpclient.netty.request.NettyRequestSender - Using open Channel [id: 0xbf7046c5, L:/127.0.0.1:49820 - R:localhost/127.0.0.1:59822] for GET '/session/a34cdf21f28a0fdc243cd709ff94edde/screenshot'
00:47:04.188 [AsyncHttpClient-1-1] DEBUG org.asynchttpclient.netty.channel.DefaultChannelPool - Entry count for : http://localhost:49821 : 1
00:47:04.198 [AsyncHttpClient-1-8] DEBUG org.asynchttpclient.netty.handler.HttpHandler - 

Request DefaultFullHttpRequest(decodeResult: success, version: HTTP/1.1, content: EmptyByteBufBE)
GET /session/a34cdf21f28a0fdc243cd709ff94edde/screenshot HTTP/1.1
User-Agent: selenium/4.1.2 (java windows)
Cache-Control: no-cache
Content-Type: application/json; charset=utf-8
host: localhost:59822
accept: */*

Response DefaultHttpResponse(decodeResult: success, version: HTTP/1.1)
HTTP/1.1 200 OK
Content-Type: application/json; charset=utf-8
cache-control: no-cache
content-length: 100388

00:47:04.199 [AsyncHttpClient-1-8] DEBUG org.asynchttpclient.netty.channel.ChannelManager - Adding key: http://localhost:59822 for channel [id: 0xbf7046c5, L:/127.0.0.1:49820 - R:localhost/127.0.0.1:59822]
00:47:04.200 [main] DEBUG net.serenitybdd.core.photography.Darkroom - Send negative for processing for target\site\serenity\0fc4abbf1c1aadf725b0f9becc8da539bdcdcfc75b94447a940c776c115037d7.png
00:47:04.200 [main] DEBUG net.thucydides.core.steps.StepInterceptor - STEP DONE: sucseslogin
  &amp#27;[32mAnd &amp#27;[0m&amp#27;[32mclick sucsess login&amp#27;[0m                                                  &amp#27;[90m# starter.definitions.LoginSteps.clickSucsessLogin()&amp#27;[0m
00:47:04.200 [Darkroom Processing Line] DEBUG net.serenitybdd.core.photography.DarkroomProcessingLine - Processing screenshot image in /var/screenshots/screenshot-2445161683709336312
00:47:04.200 [Darkroom Processing Line] DEBUG net.serenitybdd.core.photography.DarkroomProcessingLine - Saving screenshot to target\site\serenity\0fc4abbf1c1aadf725b0f9becc8da539bdcdcfc75b94447a940c776c115037d7.png
00:47:04.243 [main] DEBUG net.thucydides.core.steps.StepInterceptor - STARTING STEP: DashboardSteps.adminOnTheDashboardPage - dashboardpage
00:47:04.244 [Forwarding findElement on session a34cdf21f28a0fdc243cd709ff94edde to remote] DEBUG org.asynchttpclient.netty.request.NettyRequestSender - Using pooled Channel '[id: 0xbf7046c5, L:/127.0.0.1:49820 - R:localhost/127.0.0.1:59822]' for 'POST' to 'http://localhost:59822/session/a34cdf21f28a0fdc243cd709ff94edde/element'
00:47:04.244 [Forwarding findElement on session a34cdf21f28a0fdc243cd709ff94edde to remote] DEBUG org.asynchttpclient.netty.request.NettyRequestSender - Using open Channel [id: 0xbf7046c5, L:/127.0.0.1:49820 - R:localhost/127.0.0.1:59822] for POST '/session/a34cdf21f28a0fdc243cd709ff94edde/element'
00:47:04.253 [AsyncHttpClient-1-8] DEBUG org.asynchttpclient.netty.handler.HttpHandler - 

Request DefaultHttpRequest(decodeResult: success, version: HTTP/1.1)
POST /session/a34cdf21f28a0fdc243cd709ff94edde/element HTTP/1.1
User-Agent: selenium/4.1.2 (java windows)
Content-Length: 82
Content-Type: application/json; charset=utf-8
host: localhost:59822
accept: */*

Response DefaultHttpResponse(decodeResult: success, version: HTTP/1.1)
HTTP/1.1 200 OK
Content-Type: application/json; charset=utf-8
cache-control: no-cache
content-length: 88

00:47:04.253 [AsyncHttpClient-1-8] DEBUG org.asynchttpclient.netty.channel.ChannelManager - Adding key: http://localhost:59822 for channel [id: 0xbf7046c5, L:/127.0.0.1:49820 - R:localhost/127.0.0.1:59822]
00:47:04.256 [Forwarding isElementDisplayed on session a34cdf21f28a0fdc243cd709ff94edde to remote] DEBUG org.asynchttpclient.netty.request.NettyRequestSender - Using pooled Channel '[id: 0xbf7046c5, L:/127.0.0.1:49820 - R:localhost/127.0.0.1:59822]' for 'POST' to 'http://localhost:59822/session/a34cdf21f28a0fdc243cd709ff94edde/execute/sync'
00:47:04.256 [Forwarding isElementDisplayed on session a34cdf21f28a0fdc243cd709ff94edde to remote] DEBUG org.asynchttpclient.netty.request.NettyRequestSender - Using open Channel [id: 0xbf7046c5, L:/127.0.0.1:49820 - R:localhost/127.0.0.1:59822] for POST '/session/a34cdf21f28a0fdc243cd709ff94edde/execute/sync'
00:47:04.265 [AsyncHttpClient-1-8] DEBUG org.asynchttpclient.netty.handler.HttpHandler - 

Request DefaultHttpRequest(decodeResult: success, version: HTTP/1.1)
POST /session/a34cdf21f28a0fdc243cd709ff94edde/execute/sync HTTP/1.1
User-Agent: selenium/4.1.2 (java windows)
Content-Length: 48780
Content-Type: application/json; charset=utf-8
host: localhost:59822
accept: */*

Response DefaultHttpResponse(decodeResult: success, version: HTTP/1.1)
HTTP/1.1 200 OK
Content-Type: application/json; charset=utf-8
cache-control: no-cache
content-length: 14

00:47:04.265 [AsyncHttpClient-1-8] DEBUG org.asynchttpclient.netty.channel.ChannelManager - Adding key: http://localhost:59822 for channel [id: 0xbf7046c5, L:/127.0.0.1:49820 - R:localhost/127.0.0.1:59822]
00:47:04.268 [Forwarding screenshot on session a34cdf21f28a0fdc243cd709ff94edde to remote] DEBUG org.asynchttpclient.netty.request.NettyRequestSender - Using pooled Channel '[id: 0xbf7046c5, L:/127.0.0.1:49820 - R:localhost/127.0.0.1:59822]' for 'GET' to 'http://localhost:59822/session/a34cdf21f28a0fdc243cd709ff94edde/screenshot'
00:47:04.268 [Forwarding screenshot on session a34cdf21f28a0fdc243cd709ff94edde to remote] DEBUG org.asynchttpclient.netty.request.NettyRequestSender - Using open Channel [id: 0xbf7046c5, L:/127.0.0.1:49820 - R:localhost/127.0.0.1:59822] for GET '/session/a34cdf21f28a0fdc243cd709ff94edde/screenshot'
00:47:04.468 [AsyncHttpClient-1-8] DEBUG org.asynchttpclient.netty.handler.HttpHandler - 

Request DefaultFullHttpRequest(decodeResult: success, version: HTTP/1.1, content: EmptyByteBufBE)
GET /session/a34cdf21f28a0fdc243cd709ff94edde/screenshot HTTP/1.1
User-Agent: selenium/4.1.2 (java windows)
Cache-Control: no-cache
Content-Type: application/json; charset=utf-8
host: localhost:59822
accept: */*

Response DefaultHttpResponse(decodeResult: success, version: HTTP/1.1)
HTTP/1.1 200 OK
Content-Type: application/json; charset=utf-8
cache-control: no-cache
content-length: 119980

00:47:04.468 [AsyncHttpClient-1-8] DEBUG org.asynchttpclient.netty.channel.ChannelManager - Adding key: http://localhost:59822 for channel [id: 0xbf7046c5, L:/127.0.0.1:49820 - R:localhost/127.0.0.1:59822]
00:47:04.470 [main] DEBUG net.serenitybdd.core.photography.Darkroom - Send negative for processing for target\site\serenity\fc95e06186ec2d74a0659d00e44bdfc8307b802db18644f630f9a996834e5de1.png
00:47:04.470 [main] DEBUG net.thucydides.core.steps.StepInterceptor - STEP DONE: dashboardpage
  &amp#27;[32mGiven &amp#27;[0m&amp#27;[32mAdmin on the dashboard page&amp#27;[0m                                        &amp#27;[90m# starter.definitions.DashboardSteps.adminOnTheDashboardPage()&amp#27;[0m
00:47:04.470 [Darkroom Processing Line] DEBUG net.serenitybdd.core.photography.DarkroomProcessingLine - Processing screenshot image in /var/screenshots/screenshot-960277985363704227
00:47:04.470 [Darkroom Processing Line] DEBUG net.serenitybdd.core.photography.DarkroomProcessingLine - Saving screenshot to target\site\serenity\fc95e06186ec2d74a0659d00e44bdfc8307b802db18644f630f9a996834e5de1.png
00:47:04.478 [main] DEBUG net.thucydides.core.steps.StepInterceptor - STARTING STEP: DashboardSteps.adminLookOnTheDashboardPageInTheRightOnTheDashboardPage - adminlookcalender
00:47:04.479 [Forwarding findElement on session a34cdf21f28a0fdc243cd709ff94edde to remote] DEBUG org.asynchttpclient.netty.request.NettyRequestSender - Using pooled Channel '[id: 0xbf7046c5, L:/127.0.0.1:49820 - R:localhost/127.0.0.1:59822]' for 'POST' to 'http://localhost:59822/session/a34cdf21f28a0fdc243cd709ff94edde/element'
00:47:04.479 [Forwarding findElement on session a34cdf21f28a0fdc243cd709ff94edde to remote] DEBUG org.asynchttpclient.netty.request.NettyRequestSender - Using open Channel [id: 0xbf7046c5, L:/127.0.0.1:49820 - R:localhost/127.0.0.1:59822] for POST '/session/a34cdf21f28a0fdc243cd709ff94edde/element'
00:47:04.485 [AsyncHttpClient-1-8] DEBUG org.asynchttpclient.netty.handler.HttpHandler - 

Request DefaultHttpRequest(decodeResult: success, version: HTTP/1.1)
POST /session/a34cdf21f28a0fdc243cd709ff94edde/element HTTP/1.1
User-Agent: selenium/4.1.2 (java windows)
Content-Length: 77
Content-Type: application/json; charset=utf-8
host: localhost:59822
accept: */*

Response DefaultHttpResponse(decodeResult: success, version: HTTP/1.1)
HTTP/1.1 200 OK
Content-Type: application/json; charset=utf-8
cache-control: no-cache
content-length: 88

00:47:04.485 [AsyncHttpClient-1-8] DEBUG org.asynchttpclient.netty.channel.ChannelManager - Adding key: http://localhost:59822 for channel [id: 0xbf7046c5, L:/127.0.0.1:49820 - R:localhost/127.0.0.1:59822]
00:47:04.486 [Forwarding isElementDisplayed on session a34cdf21f28a0fdc243cd709ff94edde to remote] DEBUG org.asynchttpclient.netty.request.NettyRequestSender - Using pooled Channel '[id: 0xbf7046c5, L:/127.0.0.1:49820 - R:localhost/127.0.0.1:59822]' for 'POST' to 'http://localhost:59822/session/a34cdf21f28a0fdc243cd709ff94edde/execute/sync'
00:47:04.486 [Forwarding isElementDisplayed on session a34cdf21f28a0fdc243cd709ff94edde to remote] DEBUG org.asynchttpclient.netty.request.NettyRequestSender - Using open Channel [id: 0xbf7046c5, L:/127.0.0.1:49820 - R:localhost/127.0.0.1:59822] for POST '/session/a34cdf21f28a0fdc243cd709ff94edde/execute/sync'
00:47:04.493 [AsyncHttpClient-1-8] DEBUG org.asynchttpclient.netty.handler.HttpHandler - 

Request DefaultHttpRequest(decodeResult: success, version: HTTP/1.1)
POST /session/a34cdf21f28a0fdc243cd709ff94edde/execute/sync HTTP/1.1
User-Agent: selenium/4.1.2 (java windows)
Content-Length: 48780
Content-Type: application/json; charset=utf-8
host: localhost:59822
accept: */*

Response DefaultHttpResponse(decodeResult: success, version: HTTP/1.1)
HTTP/1.1 200 OK
Content-Type: application/json; charset=utf-8
cache-control: no-cache
content-length: 14

00:47:04.493 [AsyncHttpClient-1-8] DEBUG org.asynchttpclient.netty.channel.ChannelManager - Adding key: http://localhost:59822 for channel [id: 0xbf7046c5, L:/127.0.0.1:49820 - R:localhost/127.0.0.1:59822]
00:47:04.495 [main] DEBUG net.thucydides.core.steps.StepInterceptor - STEP DONE: adminlookcalender
  &amp#27;[32mWhen &amp#27;[0m&amp#27;[32madmin look on the dashboard page in the right on the dashboard page&amp#27;[0m &amp#27;[90m# starter.definitions.DashboardSteps.adminLookOnTheDashboardPageInTheRightOnTheDashboardPage()&amp#27;[0m
  &amp#27;[32mThen &amp#27;[0m&amp#27;[32madmin sucsess look date on the dashboard page&amp#27;[0m                       &amp#27;[90m# starter.definitions.DashboardSteps.adminSucsessLookDateOnTheDashboardPage()&amp#27;[0m
00:47:04.501 [main] INFO  - 
  _____   ___   ___   _____     ___     _     ___   ___   ___   ___  
 |_   _| | __| / __| |_   _|   | _ \   /_\   / __| / __| | __| |   \ 
   | |   | _|  \__ \   | |     |  _/  / _ \  \__ \ \__ \ | _|  | |) |
   |_|   |___| |___/   |_|     |_|   /_/ \_\ |___/ |___/ |___| |___/ 

admin see date dashboard page
----------------------------------------------------------------------
00:47:04.502 [AsyncHttpClient-1-10] DEBUG org.asynchttpclient.netty.handler.WebSocketHandler - Channel Closed: [id: 0x954e595c, L:/127.0.0.1:49828 ! R:localhost/127.0.0.1:49821] with attribute NettyResponseFuture{currentRetry=5,
	isDone=1,
	isCancelled=0,
	asyncHandler=org.asynchttpclient.ws.WebSocketUpgradeHandler@37e3bef,
	nettyRequest=org.asynchttpclient.netty.request.NettyRequest@35076164,
	future=java.util.concurrent.CompletableFuture@2764473d[Completed normally],
	uri=ws://localhost:49821/devtools/browser/83ec9d8a-ef86-4ef5-a839-851c3a381859,
	keepAlive=true,
	redirectCount=0,
	timeoutsHolder=null,
	inAuth=0,
	touch=1658422020485}
00:47:04.502 [AsyncHttpClient-1-10] DEBUG org.asynchttpclient.netty.channel.ChannelManager - Closing Channel [id: 0x954e595c, L:/127.0.0.1:49828 ! R:localhost/127.0.0.1:49821] 
00:47:04.502 [Driver Command Executor] DEBUG org.asynchttpclient.netty.request.NettyRequestSender - Using pooled Channel '[id: 0xbf7046c5, L:/127.0.0.1:49820 - R:localhost/127.0.0.1:59822]' for 'DELETE' to 'http://localhost:59822/session/a34cdf21f28a0fdc243cd709ff94edde'
00:47:04.502 [Driver Command Executor] DEBUG org.asynchttpclient.netty.request.NettyRequestSender - Using open Channel [id: 0xbf7046c5, L:/127.0.0.1:49820 - R:localhost/127.0.0.1:59822] for DELETE '/session/a34cdf21f28a0fdc243cd709ff94edde'
00:47:04.517 [AsyncHttpClient-1-9] DEBUG org.asynchttpclient.netty.handler.HttpHandler - Unexpected I/O exception on channel [id: 0x06b04cf2, L:/127.0.0.1:49827 - R:localhost/127.0.0.1:49821]
java.net.SocketException: Connection reset
	at java.base/sun.nio.ch.SocketChannelImpl.throwConnectionReset(SocketChannelImpl.java:394)
	at java.base/sun.nio.ch.SocketChannelImpl.read(SocketChannelImpl.java:426)
	at io.netty.buffer.PooledByteBuf.setBytes(PooledByteBuf.java:258)
	at io.netty.buffer.AbstractByteBuf.writeBytes(AbstractByteBuf.java:1132)
	at io.netty.channel.socket.nio.NioSocketChannel.doReadBytes(NioSocketChannel.java:350)
	at io.netty.channel.nio.AbstractNioByteChannel$NioByteUnsafe.read(AbstractNioByteChannel.java:151)
	at io.netty.channel.nio.NioEventLoop.processSelectedKey(NioEventLoop.java:722)
	at io.netty.channel.nio.NioEventLoop.processSelectedKeysOptimized(NioEventLoop.java:658)
	at io.netty.channel.nio.NioEventLoop.processSelectedKeys(NioEventLoop.java:584)
	at io.netty.channel.nio.NioEventLoop.run(NioEventLoop.java:496)
	at io.netty.util.concurrent.SingleThreadEventExecutor$4.run(SingleThreadEventExecutor.java:986)
	at io.netty.util.internal.ThreadExecutorMap$2.run(ThreadExecutorMap.java:74)
	at io.netty.util.concurrent.FastThreadLocalRunnable.run(FastThreadLocalRunnable.java:30)
	at java.base/java.lang.Thread.run(Thread.java:833)
00:47:04.517 [AsyncHttpClient-1-9] DEBUG org.asynchttpclient.netty.channel.ChannelManager - Closing Channel [id: 0x06b04cf2, L:/127.0.0.1:49827 - R:localhost/127.0.0.1:49821] 
00:47:04.517 [AsyncHttpClient-1-9] DEBUG org.asynchttpclient.netty.handler.HttpHandler - Channel Closed: [id: 0x06b04cf2, L:/127.0.0.1:49827 ! R:localhost/127.0.0.1:49821] with attribute DISCARD
00:47:04.526 [AsyncHttpClient-1-8] DEBUG org.asynchttpclient.netty.handler.HttpHandler - 

Request DefaultFullHttpRequest(decodeResult: success, version: HTTP/1.1, content: EmptyByteBufBE)
DELETE /session/a34cdf21f28a0fdc243cd709ff94edde HTTP/1.1
User-Agent: selenium/4.1.2 (java windows)
Content-Type: application/json; charset=utf-8
host: localhost:59822
accept: */*

Response DefaultHttpResponse(decodeResult: success, version: HTTP/1.1)
HTTP/1.1 200 OK
Content-Type: application/json; charset=utf-8
cache-control: no-cache
content-length: 14

00:47:04.526 [AsyncHttpClient-1-8] DEBUG org.asynchttpclient.netty.channel.ChannelManager - Adding key: http://localhost:59822 for channel [id: 0xbf7046c5, L:/127.0.0.1:49820 - R:localhost/127.0.0.1:59822]
00:47:04.562 [AsyncHttpClient-1-8] DEBUG org.asynchttpclient.netty.handler.HttpHandler - Channel Closed: [id: 0xbf7046c5, L:/127.0.0.1:49820 ! R:localhost/127.0.0.1:59822] with attribute DISCARD
]]></system-out>
    <system-err><![CDATA[Starting ChromeDriver 103.0.5060.134 (8ec6fce403b3feb0869b0732eda8bd95011d333c-refs/branch-heads/5060@{#1262}) on port 59822
Only local connections are allowed.
Please see https://chromedriver.chromium.org/security-considerations for suggestions on keeping ChromeDriver safe.
ChromeDriver was started successfully.
Jul 22, 2022 12:47:00 AM org.openqa.selenium.remote.ProtocolHandshake createSession
INFO: Detected dialect: W3C
Jul 22, 2022 12:47:00 AM org.openqa.selenium.devtools.CdpVersionFinder findNearestMatch
WARNING: Unable to find an exact match for CDP version 103, so returning the closest version found: a no-op implementation
Jul 22, 2022 12:47:00 AM org.openqa.selenium.devtools.CdpVersionFinder findNearestMatch
INFO: Unable to find CDP implementation matching 103.
Jul 22, 2022 12:47:00 AM org.openqa.selenium.chromium.ChromiumDriver lambda$new$3
WARNING: Unable to find version of CDP to use for . You may need to include a dependency on a specific version of the CDP using something similar to `org.seleniumhq.selenium:selenium-devtools-v86:4.1.2` where the version ("v86") matches the version of the chromium-based browser you're using and the version number of the artifact is the same as Selenium's.
]]></system-err>
  </testcase>
  <testcase name="admin change mounth and year" classname="see detail about dashboard page" time="5.433">
    <system-out><![CDATA[
@dashboard
Scenario: admin change mounth and year                                                     &amp#27;[90m# src/test/resources/features/dashboard.feature:15&amp#27;[0m
00:47:04.629 [main] INFO io.cucumber.core.plugin.SerenityReporter - Running feature from file:///D:/capstone%20projek/web%20testing/src/test/resources/features/dashboard.feature
00:47:04.630 [main] INFO  - 
  _____   ___   ___   _____     ___   _____     _     ___   _____   ___   ___  
 |_   _| | __| / __| |_   _|   / __| |_   _|   /_\   | _ \ |_   _| | __| |   \ 
   | |   | _|  \__ \   | |     \__ \   | |    / _ \  |   /   | |   | _|  | |) |
   |_|   |___| |___/   |_|     |___/   |_|   /_/ \_\ |_|_\   |_|   |___| |___/ 

admin change mounth and year(see-detail-about-dashboard-page;admin-change-mounth-and-year)
--------------------------------------------------------------------------------
00:47:04.635 [main] DEBUG net.thucydides.core.steps.StepInterceptor - STARTING STEP: LoginSteps.adminOnLoginPage - openPage
00:47:04.636 [main] INFO net.serenitybdd.core.webdriver.driverproviders.ChromeDriverProvider - Using automatically driver download
00:47:04.706 [main] DEBUG io.github.bonigarcia.wdm.cache.ResolutionCache - Resolution chrome=103 in cache (valid until 01:32:20 22/07/2022 WITA)
00:47:04.708 [main] DEBUG io.github.bonigarcia.wdm.cache.ResolutionCache - Resolution chrome103=103.0.5060.134 in cache (valid until 21:05:58 22/07/2022 WITA)
00:47:04.709 [main] INFO io.github.bonigarcia.wdm.WebDriverManager - Using chromedriver 103.0.5060.134 (resolved driver for Chrome 103)
00:47:04.714 [main] DEBUG io.github.bonigarcia.wdm.WebDriverManager - Driver chromedriver 103.0.5060.134 found in cache
00:47:04.714 [main] INFO io.github.bonigarcia.wdm.WebDriverManager - Exporting webdriver.chrome.driver as C:\Users\Rev\.cache\selenium\chromedriver\win32\103.0.5060.134\chromedriver.exe
00:47:04.786 [main] DEBUG net.serenitybdd.core.webdriver.driverproviders.ProvideNewDriver - Instantiating driver
00:47:04.786 [main] DEBUG net.serenitybdd.core.webdriver.driverproviders.ProvideNewDriver - Driver capabilities: Capabilities {acceptInsecureCerts: false, base.url: https://sportly.rafdev.my.id/, browserName: chrome, chrome.driver: webdriver/chromedriver.exe, driver: chrome, goog:chromeOptions: {args: [], extensions: []}}
00:47:04.899 [AsyncHttpClient-1-11] DEBUG org.asynchttpclient.netty.channel.NettyConnectListener - Using new Channel '[id: 0xf784362b, L:/127.0.0.1:49855 - R:localhost/127.0.0.1:51279]' for 'POST' to '/session'
00:47:05.290 [AsyncHttpClient-1-1] DEBUG org.asynchttpclient.netty.channel.DefaultChannelPool - Entry count for : http://localhost:59822 : 1
00:47:05.290 [AsyncHttpClient-1-1] DEBUG org.asynchttpclient.netty.channel.DefaultChannelPool - Entry count for : http://localhost:49821 : 1
00:47:05.290 [AsyncHttpClient-1-1] DEBUG org.asynchttpclient.netty.channel.DefaultChannelPool - Adding Candidate expired Channel [id: 0xbf7046c5, L:/127.0.0.1:49820 ! R:localhost/127.0.0.1:59822] isIdleTimeoutExpired=false isRemotelyClosed=true isTtlExpired=false
00:47:05.290 [AsyncHttpClient-1-1] DEBUG org.asynchttpclient.netty.channel.DefaultChannelPool - Closing Idle Channel [id: 0xbf7046c5, L:/127.0.0.1:49820 ! R:localhost/127.0.0.1:59822]
00:47:05.290 [AsyncHttpClient-1-1] DEBUG org.asynchttpclient.netty.channel.DefaultChannelPool - Adding Candidate expired Channel [id: 0x06b04cf2, L:/127.0.0.1:49827 ! R:localhost/127.0.0.1:49821] isIdleTimeoutExpired=false isRemotelyClosed=true isTtlExpired=false
00:47:05.290 [AsyncHttpClient-1-1] DEBUG org.asynchttpclient.netty.channel.DefaultChannelPool - Closing Idle Channel [id: 0x06b04cf2, L:/127.0.0.1:49827 ! R:localhost/127.0.0.1:49821]
00:47:05.290 [AsyncHttpClient-1-1] DEBUG org.asynchttpclient.netty.channel.DefaultChannelPool - Closed 2 connections out of 2 in 0 ms
00:47:05.386 [AsyncHttpClient-1-11] DEBUG org.asynchttpclient.netty.handler.HttpHandler - 

Request DefaultHttpRequest(decodeResult: success, version: HTTP/1.1)
POST /session HTTP/1.1
User-Agent: selenium/4.1.2 (java windows)
Content-Length: 581
Content-Type: application/json; charset=utf-8
host: localhost:51279
accept: */*

Response DefaultHttpResponse(decodeResult: success, version: HTTP/1.1)
HTTP/1.1 200 OK
Content-Type: application/json; charset=utf-8
cache-control: no-cache
content-length: 790

00:47:05.386 [AsyncHttpClient-1-11] DEBUG org.asynchttpclient.netty.channel.ChannelManager - Adding key: http://localhost:51279 for channel [id: 0xf784362b, L:/127.0.0.1:49855 - R:localhost/127.0.0.1:51279]
00:47:05.390 [AsyncHttpClient-1-12] DEBUG org.asynchttpclient.netty.channel.NettyConnectListener - Using new Channel '[id: 0x2cfaa696, L:/127.0.0.1:49862 - R:localhost/127.0.0.1:49856]' for 'GET' to '/json/version'
00:47:05.391 [AsyncHttpClient-1-12] DEBUG org.asynchttpclient.netty.handler.HttpHandler - 

Request DefaultFullHttpRequest(decodeResult: success, version: HTTP/1.1, content: EmptyByteBufBE)
GET /json/version HTTP/1.1
User-Agent: selenium/4.1.2 (java windows)
host: localhost:49856
accept: */*

Response DefaultHttpResponse(decodeResult: success, version: HTTP/1.1)
HTTP/1.1 200 OK
Content-Type: application/json; charset=UTF-8
content-length: 429

00:47:05.391 [AsyncHttpClient-1-12] DEBUG org.asynchttpclient.netty.channel.ChannelManager - Adding key: http://localhost:49856 for channel [id: 0x2cfaa696, L:/127.0.0.1:49862 - R:localhost/127.0.0.1:49856]
00:47:05.392 [AsyncHttpClient-1-13] DEBUG org.asynchttpclient.netty.channel.NettyConnectListener - Using new Channel '[id: 0x9aaa784b, L:/127.0.0.1:49863 - R:localhost/127.0.0.1:49856]' for 'GET' to '/devtools/browser/ad62518c-3f86-4ac8-8a39-368c4b3c4e4f'
00:47:05.392 [AsyncHttpClient-1-13] DEBUG org.asynchttpclient.netty.handler.WebSocketHandler - 

Request DefaultFullHttpRequest(decodeResult: success, version: HTTP/1.1, content: EmptyByteBufBE)
GET /devtools/browser/ad62518c-3f86-4ac8-8a39-368c4b3c4e4f HTTP/1.1
upgrade: websocket
connection: upgrade
sec-websocket-key: n/SEyC9U6wG2DlldPppgdg==
sec-websocket-version: 13
origin: http://localhost:49856
host: localhost:49856
accept: */*
user-agent: AHC/2.1

Response DefaultHttpResponse(decodeResult: success, version: HTTP/1.1)
HTTP/1.1 101 WebSocket Protocol Handshake
Upgrade: WebSocket
Connection: Upgrade
Sec-WebSocket-Accept: TiI5/oZyMYFrNTLkyVN5tdf7itk=

00:47:05.394 [Forwarding setCurrentWindowSize on session 7c7fa4ab3bd957854fdfa0b9501d96af to remote] DEBUG org.asynchttpclient.netty.request.NettyRequestSender - Using pooled Channel '[id: 0xf784362b, L:/127.0.0.1:49855 - R:localhost/127.0.0.1:51279]' for 'POST' to 'http://localhost:51279/session/7c7fa4ab3bd957854fdfa0b9501d96af/window/rect'
00:47:05.394 [Forwarding setCurrentWindowSize on session 7c7fa4ab3bd957854fdfa0b9501d96af to remote] DEBUG org.asynchttpclient.netty.request.NettyRequestSender - Using open Channel [id: 0xf784362b, L:/127.0.0.1:49855 - R:localhost/127.0.0.1:51279] for POST '/session/7c7fa4ab3bd957854fdfa0b9501d96af/window/rect'
00:47:05.513 [AsyncHttpClient-1-11] DEBUG org.asynchttpclient.netty.handler.HttpHandler - 

Request DefaultHttpRequest(decodeResult: success, version: HTTP/1.1)
POST /session/7c7fa4ab3bd957854fdfa0b9501d96af/window/rect HTTP/1.1
User-Agent: selenium/4.1.2 (java windows)
Content-Length: 37
Content-Type: application/json; charset=utf-8
host: localhost:51279
accept: */*

Response DefaultHttpResponse(decodeResult: success, version: HTTP/1.1)
HTTP/1.1 200 OK
Content-Type: application/json; charset=utf-8
cache-control: no-cache
content-length: 52

00:47:05.513 [AsyncHttpClient-1-11] DEBUG org.asynchttpclient.netty.channel.ChannelManager - Adding key: http://localhost:51279 for channel [id: 0xf784362b, L:/127.0.0.1:49855 - R:localhost/127.0.0.1:51279]
00:47:05.514 [Forwarding setWindowPosition on session 7c7fa4ab3bd957854fdfa0b9501d96af to remote] DEBUG org.asynchttpclient.netty.request.NettyRequestSender - Using pooled Channel '[id: 0xf784362b, L:/127.0.0.1:49855 - R:localhost/127.0.0.1:51279]' for 'POST' to 'http://localhost:51279/session/7c7fa4ab3bd957854fdfa0b9501d96af/window/rect'
00:47:05.514 [Forwarding setWindowPosition on session 7c7fa4ab3bd957854fdfa0b9501d96af to remote] DEBUG org.asynchttpclient.netty.request.NettyRequestSender - Using open Channel [id: 0xf784362b, L:/127.0.0.1:49855 - R:localhost/127.0.0.1:51279] for POST '/session/7c7fa4ab3bd957854fdfa0b9501d96af/window/rect'
00:47:05.626 [AsyncHttpClient-1-11] DEBUG org.asynchttpclient.netty.handler.HttpHandler - 

Request DefaultHttpRequest(decodeResult: success, version: HTTP/1.1)
POST /session/7c7fa4ab3bd957854fdfa0b9501d96af/window/rect HTTP/1.1
User-Agent: selenium/4.1.2 (java windows)
Content-Length: 22
Content-Type: application/json; charset=utf-8
host: localhost:51279
accept: */*

Response DefaultHttpResponse(decodeResult: success, version: HTTP/1.1)
HTTP/1.1 200 OK
Content-Type: application/json; charset=utf-8
cache-control: no-cache
content-length: 50

00:47:05.626 [AsyncHttpClient-1-11] DEBUG org.asynchttpclient.netty.channel.ChannelManager - Adding key: http://localhost:51279 for channel [id: 0xf784362b, L:/127.0.0.1:49855 - R:localhost/127.0.0.1:51279]
00:47:05.627 [Forwarding get on session 7c7fa4ab3bd957854fdfa0b9501d96af to remote] DEBUG org.asynchttpclient.netty.request.NettyRequestSender - Using pooled Channel '[id: 0xf784362b, L:/127.0.0.1:49855 - R:localhost/127.0.0.1:51279]' for 'POST' to 'http://localhost:51279/session/7c7fa4ab3bd957854fdfa0b9501d96af/url'
00:47:05.627 [Forwarding get on session 7c7fa4ab3bd957854fdfa0b9501d96af to remote] DEBUG org.asynchttpclient.netty.request.NettyRequestSender - Using open Channel [id: 0xf784362b, L:/127.0.0.1:49855 - R:localhost/127.0.0.1:51279] for POST '/session/7c7fa4ab3bd957854fdfa0b9501d96af/url'
00:47:06.391 [AsyncHttpClient-1-1] DEBUG org.asynchttpclient.netty.channel.DefaultChannelPool - Entry count for : http://localhost:49856 : 1
00:47:07.462 [AsyncHttpClient-1-11] DEBUG org.asynchttpclient.netty.handler.HttpHandler - 

Request DefaultHttpRequest(decodeResult: success, version: HTTP/1.1)
POST /session/7c7fa4ab3bd957854fdfa0b9501d96af/url HTTP/1.1
User-Agent: selenium/4.1.2 (java windows)
Content-Length: 59
Content-Type: application/json; charset=utf-8
host: localhost:51279
accept: */*

Response DefaultHttpResponse(decodeResult: success, version: HTTP/1.1)
HTTP/1.1 200 OK
Content-Type: application/json; charset=utf-8
cache-control: no-cache
content-length: 14

00:47:07.462 [AsyncHttpClient-1-11] DEBUG org.asynchttpclient.netty.channel.ChannelManager - Adding key: http://localhost:51279 for channel [id: 0xf784362b, L:/127.0.0.1:49855 - R:localhost/127.0.0.1:51279]
00:47:07.463 [Forwarding setTimeout on session 7c7fa4ab3bd957854fdfa0b9501d96af to remote] DEBUG org.asynchttpclient.netty.request.NettyRequestSender - Using pooled Channel '[id: 0xf784362b, L:/127.0.0.1:49855 - R:localhost/127.0.0.1:51279]' for 'POST' to 'http://localhost:51279/session/7c7fa4ab3bd957854fdfa0b9501d96af/timeouts'
00:47:07.463 [Forwarding setTimeout on session 7c7fa4ab3bd957854fdfa0b9501d96af to remote] DEBUG org.asynchttpclient.netty.request.NettyRequestSender - Using open Channel [id: 0xf784362b, L:/127.0.0.1:49855 - R:localhost/127.0.0.1:51279] for POST '/session/7c7fa4ab3bd957854fdfa0b9501d96af/timeouts'
00:47:07.463 [AsyncHttpClient-1-11] DEBUG org.asynchttpclient.netty.handler.HttpHandler - 

Request DefaultHttpRequest(decodeResult: success, version: HTTP/1.1)
POST /session/7c7fa4ab3bd957854fdfa0b9501d96af/timeouts HTTP/1.1
User-Agent: selenium/4.1.2 (java windows)
Content-Length: 22
Content-Type: application/json; charset=utf-8
host: localhost:51279
accept: */*

Response DefaultHttpResponse(decodeResult: success, version: HTTP/1.1)
HTTP/1.1 200 OK
Content-Type: application/json; charset=utf-8
cache-control: no-cache
content-length: 14

00:47:07.463 [AsyncHttpClient-1-11] DEBUG org.asynchttpclient.netty.channel.ChannelManager - Adding key: http://localhost:51279 for channel [id: 0xf784362b, L:/127.0.0.1:49855 - R:localhost/127.0.0.1:51279]
00:47:07.465 [Forwarding getCurrentUrl on session 7c7fa4ab3bd957854fdfa0b9501d96af to remote] DEBUG org.asynchttpclient.netty.request.NettyRequestSender - Using pooled Channel '[id: 0xf784362b, L:/127.0.0.1:49855 - R:localhost/127.0.0.1:51279]' for 'GET' to 'http://localhost:51279/session/7c7fa4ab3bd957854fdfa0b9501d96af/url'
00:47:07.465 [Forwarding getCurrentUrl on session 7c7fa4ab3bd957854fdfa0b9501d96af to remote] DEBUG org.asynchttpclient.netty.request.NettyRequestSender - Using open Channel [id: 0xf784362b, L:/127.0.0.1:49855 - R:localhost/127.0.0.1:51279] for GET '/session/7c7fa4ab3bd957854fdfa0b9501d96af/url'
00:47:07.483 [AsyncHttpClient-1-11] DEBUG org.asynchttpclient.netty.handler.HttpHandler - 

Request DefaultFullHttpRequest(decodeResult: success, version: HTTP/1.1, content: EmptyByteBufBE)
GET /session/7c7fa4ab3bd957854fdfa0b9501d96af/url HTTP/1.1
User-Agent: selenium/4.1.2 (java windows)
Cache-Control: no-cache
Content-Type: application/json; charset=utf-8
host: localhost:51279
accept: */*

Response DefaultHttpResponse(decodeResult: success, version: HTTP/1.1)
HTTP/1.1 200 OK
Content-Type: application/json; charset=utf-8
cache-control: no-cache
content-length: 46

00:47:07.483 [AsyncHttpClient-1-11] DEBUG org.asynchttpclient.netty.channel.ChannelManager - Adding key: http://localhost:51279 for channel [id: 0xf784362b, L:/127.0.0.1:49855 - R:localhost/127.0.0.1:51279]
00:47:07.485 [Forwarding getCurrentUrl on session 7c7fa4ab3bd957854fdfa0b9501d96af to remote] DEBUG org.asynchttpclient.netty.request.NettyRequestSender - Using pooled Channel '[id: 0xf784362b, L:/127.0.0.1:49855 - R:localhost/127.0.0.1:51279]' for 'GET' to 'http://localhost:51279/session/7c7fa4ab3bd957854fdfa0b9501d96af/url'
00:47:07.485 [Forwarding getCurrentUrl on session 7c7fa4ab3bd957854fdfa0b9501d96af to remote] DEBUG org.asynchttpclient.netty.request.NettyRequestSender - Using open Channel [id: 0xf784362b, L:/127.0.0.1:49855 - R:localhost/127.0.0.1:51279] for GET '/session/7c7fa4ab3bd957854fdfa0b9501d96af/url'
00:47:07.486 [AsyncHttpClient-1-1] DEBUG org.asynchttpclient.netty.channel.DefaultChannelPool - Entry count for : http://localhost:49856 : 1
00:47:07.488 [AsyncHttpClient-1-11] DEBUG org.asynchttpclient.netty.handler.HttpHandler - 

Request DefaultFullHttpRequest(decodeResult: success, version: HTTP/1.1, content: EmptyByteBufBE)
GET /session/7c7fa4ab3bd957854fdfa0b9501d96af/url HTTP/1.1
User-Agent: selenium/4.1.2 (java windows)
Cache-Control: no-cache
Content-Type: application/json; charset=utf-8
host: localhost:51279
accept: */*

Response DefaultHttpResponse(decodeResult: success, version: HTTP/1.1)
HTTP/1.1 200 OK
Content-Type: application/json; charset=utf-8
cache-control: no-cache
content-length: 46

00:47:07.488 [AsyncHttpClient-1-11] DEBUG org.asynchttpclient.netty.channel.ChannelManager - Adding key: http://localhost:51279 for channel [id: 0xf784362b, L:/127.0.0.1:49855 - R:localhost/127.0.0.1:51279]
00:47:07.492 [Forwarding screenshot on session 7c7fa4ab3bd957854fdfa0b9501d96af to remote] DEBUG org.asynchttpclient.netty.request.NettyRequestSender - Using pooled Channel '[id: 0xf784362b, L:/127.0.0.1:49855 - R:localhost/127.0.0.1:51279]' for 'GET' to 'http://localhost:51279/session/7c7fa4ab3bd957854fdfa0b9501d96af/screenshot'
00:47:07.492 [Forwarding screenshot on session 7c7fa4ab3bd957854fdfa0b9501d96af to remote] DEBUG org.asynchttpclient.netty.request.NettyRequestSender - Using open Channel [id: 0xf784362b, L:/127.0.0.1:49855 - R:localhost/127.0.0.1:51279] for GET '/session/7c7fa4ab3bd957854fdfa0b9501d96af/screenshot'
00:47:07.813 [AsyncHttpClient-1-11] DEBUG org.asynchttpclient.netty.handler.HttpHandler - 

Request DefaultFullHttpRequest(decodeResult: success, version: HTTP/1.1, content: EmptyByteBufBE)
GET /session/7c7fa4ab3bd957854fdfa0b9501d96af/screenshot HTTP/1.1
User-Agent: selenium/4.1.2 (java windows)
Cache-Control: no-cache
Content-Type: application/json; charset=utf-8
host: localhost:51279
accept: */*

Response DefaultHttpResponse(decodeResult: success, version: HTTP/1.1)
HTTP/1.1 200 OK
Content-Type: application/json; charset=utf-8
cache-control: no-cache
content-length: 575004

00:47:07.813 [AsyncHttpClient-1-11] DEBUG org.asynchttpclient.netty.channel.ChannelManager - Adding key: http://localhost:51279 for channel [id: 0xf784362b, L:/127.0.0.1:49855 - R:localhost/127.0.0.1:51279]
00:47:07.821 [main] DEBUG net.serenitybdd.core.photography.Darkroom - Send negative for processing for target\site\serenity\bdfb3257a55b5f729af578dfc1dc3a5762c89839bea5dc19984e34dd6640fee1.png
00:47:07.822 [main] DEBUG net.thucydides.core.steps.StepInterceptor - STEP DONE: openPage
00:47:07.825 [main] DEBUG net.thucydides.core.steps.StepInterceptor - STARTING STEP: LoginSteps.adminOnLoginPage - validateonLoginPage
00:47:07.825 [Forwarding findElement on session 7c7fa4ab3bd957854fdfa0b9501d96af to remote] DEBUG org.asynchttpclient.netty.request.NettyRequestSender - Using pooled Channel '[id: 0xf784362b, L:/127.0.0.1:49855 - R:localhost/127.0.0.1:51279]' for 'POST' to 'http://localhost:51279/session/7c7fa4ab3bd957854fdfa0b9501d96af/element'
00:47:07.825 [Forwarding findElement on session 7c7fa4ab3bd957854fdfa0b9501d96af to remote] DEBUG org.asynchttpclient.netty.request.NettyRequestSender - Using open Channel [id: 0xf784362b, L:/127.0.0.1:49855 - R:localhost/127.0.0.1:51279] for POST '/session/7c7fa4ab3bd957854fdfa0b9501d96af/element'
00:47:07.832 [AsyncHttpClient-1-11] DEBUG org.asynchttpclient.netty.handler.HttpHandler - 

Request DefaultHttpRequest(decodeResult: success, version: HTTP/1.1)
POST /session/7c7fa4ab3bd957854fdfa0b9501d96af/element HTTP/1.1
User-Agent: selenium/4.1.2 (java windows)
Content-Length: 71
Content-Type: application/json; charset=utf-8
host: localhost:51279
accept: */*

Response DefaultHttpResponse(decodeResult: success, version: HTTP/1.1)
HTTP/1.1 200 OK
Content-Type: application/json; charset=utf-8
cache-control: no-cache
content-length: 88

00:47:07.832 [AsyncHttpClient-1-11] DEBUG org.asynchttpclient.netty.channel.ChannelManager - Adding key: http://localhost:51279 for channel [id: 0xf784362b, L:/127.0.0.1:49855 - R:localhost/127.0.0.1:51279]
00:47:07.834 [Forwarding isElementDisplayed on session 7c7fa4ab3bd957854fdfa0b9501d96af to remote] DEBUG org.asynchttpclient.netty.request.NettyRequestSender - Using pooled Channel '[id: 0xf784362b, L:/127.0.0.1:49855 - R:localhost/127.0.0.1:51279]' for 'POST' to 'http://localhost:51279/session/7c7fa4ab3bd957854fdfa0b9501d96af/execute/sync'
00:47:07.834 [Forwarding isElementDisplayed on session 7c7fa4ab3bd957854fdfa0b9501d96af to remote] DEBUG org.asynchttpclient.netty.request.NettyRequestSender - Using open Channel [id: 0xf784362b, L:/127.0.0.1:49855 - R:localhost/127.0.0.1:51279] for POST '/session/7c7fa4ab3bd957854fdfa0b9501d96af/execute/sync'
00:47:07.841 [AsyncHttpClient-1-11] DEBUG org.asynchttpclient.netty.handler.HttpHandler - 

Request DefaultHttpRequest(decodeResult: success, version: HTTP/1.1)
POST /session/7c7fa4ab3bd957854fdfa0b9501d96af/execute/sync HTTP/1.1
User-Agent: selenium/4.1.2 (java windows)
Content-Length: 48780
Content-Type: application/json; charset=utf-8
host: localhost:51279
accept: */*

Response DefaultHttpResponse(decodeResult: success, version: HTTP/1.1)
HTTP/1.1 200 OK
Content-Type: application/json; charset=utf-8
cache-control: no-cache
content-length: 14

00:47:07.842 [AsyncHttpClient-1-11] DEBUG org.asynchttpclient.netty.channel.ChannelManager - Adding key: http://localhost:51279 for channel [id: 0xf784362b, L:/127.0.0.1:49855 - R:localhost/127.0.0.1:51279]
00:47:07.844 [main] DEBUG net.thucydides.core.steps.StepInterceptor - STEP DONE: validateonLoginPage
  &amp#27;[32mGiven &amp#27;[0m&amp#27;[32madmin on login page&amp#27;[0m                                                                &amp#27;[90m# starter.definitions.LoginSteps.adminOnLoginPage()&amp#27;[0m
00:47:07.851 [main] DEBUG net.thucydides.core.steps.StepInterceptor - STARTING STEP: LoginSteps.adminInputValidUssername - inputusername
00:47:07.852 [Forwarding findElement on session 7c7fa4ab3bd957854fdfa0b9501d96af to remote] DEBUG org.asynchttpclient.netty.request.NettyRequestSender - Using pooled Channel '[id: 0xf784362b, L:/127.0.0.1:49855 - R:localhost/127.0.0.1:51279]' for 'POST' to 'http://localhost:51279/session/7c7fa4ab3bd957854fdfa0b9501d96af/element'
00:47:07.852 [Forwarding findElement on session 7c7fa4ab3bd957854fdfa0b9501d96af to remote] DEBUG org.asynchttpclient.netty.request.NettyRequestSender - Using open Channel [id: 0xf784362b, L:/127.0.0.1:49855 - R:localhost/127.0.0.1:51279] for POST '/session/7c7fa4ab3bd957854fdfa0b9501d96af/element'
00:47:07.858 [AsyncHttpClient-1-11] DEBUG org.asynchttpclient.netty.handler.HttpHandler - 

Request DefaultHttpRequest(decodeResult: success, version: HTTP/1.1)
POST /session/7c7fa4ab3bd957854fdfa0b9501d96af/element HTTP/1.1
User-Agent: selenium/4.1.2 (java windows)
Content-Length: 92
Content-Type: application/json; charset=utf-8
host: localhost:51279
accept: */*

Response DefaultHttpResponse(decodeResult: success, version: HTTP/1.1)
HTTP/1.1 200 OK
Content-Type: application/json; charset=utf-8
cache-control: no-cache
content-length: 88

00:47:07.858 [AsyncHttpClient-1-11] DEBUG org.asynchttpclient.netty.channel.ChannelManager - Adding key: http://localhost:51279 for channel [id: 0xf784362b, L:/127.0.0.1:49855 - R:localhost/127.0.0.1:51279]
00:47:07.859 [Forwarding clearElement on session 7c7fa4ab3bd957854fdfa0b9501d96af to remote] DEBUG org.asynchttpclient.netty.request.NettyRequestSender - Using pooled Channel '[id: 0xf784362b, L:/127.0.0.1:49855 - R:localhost/127.0.0.1:51279]' for 'POST' to 'http://localhost:51279/session/7c7fa4ab3bd957854fdfa0b9501d96af/element/076cd558-7c15-4d0f-b0db-cf8b5156f51f/clear'
00:47:07.859 [Forwarding clearElement on session 7c7fa4ab3bd957854fdfa0b9501d96af to remote] DEBUG org.asynchttpclient.netty.request.NettyRequestSender - Using open Channel [id: 0xf784362b, L:/127.0.0.1:49855 - R:localhost/127.0.0.1:51279] for POST '/session/7c7fa4ab3bd957854fdfa0b9501d96af/element/076cd558-7c15-4d0f-b0db-cf8b5156f51f/clear'
00:47:07.877 [AsyncHttpClient-1-11] DEBUG org.asynchttpclient.netty.handler.HttpHandler - 

Request DefaultHttpRequest(decodeResult: success, version: HTTP/1.1)
POST /session/7c7fa4ab3bd957854fdfa0b9501d96af/element/076cd558-7c15-4d0f-b0db-cf8b5156f51f/clear HTTP/1.1
User-Agent: selenium/4.1.2 (java windows)
Content-Length: 50
Content-Type: application/json; charset=utf-8
host: localhost:51279
accept: */*

Response DefaultHttpResponse(decodeResult: success, version: HTTP/1.1)
HTTP/1.1 200 OK
Content-Type: application/json; charset=utf-8
cache-control: no-cache
content-length: 14

00:47:07.877 [AsyncHttpClient-1-11] DEBUG org.asynchttpclient.netty.channel.ChannelManager - Adding key: http://localhost:51279 for channel [id: 0xf784362b, L:/127.0.0.1:49855 - R:localhost/127.0.0.1:51279]
00:47:07.878 [Forwarding sendKeysToElement on session 7c7fa4ab3bd957854fdfa0b9501d96af to remote] DEBUG org.asynchttpclient.netty.request.NettyRequestSender - Using pooled Channel '[id: 0xf784362b, L:/127.0.0.1:49855 - R:localhost/127.0.0.1:51279]' for 'POST' to 'http://localhost:51279/session/7c7fa4ab3bd957854fdfa0b9501d96af/element/076cd558-7c15-4d0f-b0db-cf8b5156f51f/value'
00:47:07.878 [Forwarding sendKeysToElement on session 7c7fa4ab3bd957854fdfa0b9501d96af to remote] DEBUG org.asynchttpclient.netty.request.NettyRequestSender - Using open Channel [id: 0xf784362b, L:/127.0.0.1:49855 - R:localhost/127.0.0.1:51279] for POST '/session/7c7fa4ab3bd957854fdfa0b9501d96af/element/076cd558-7c15-4d0f-b0db-cf8b5156f51f/value'
00:47:07.912 [AsyncHttpClient-1-11] DEBUG org.asynchttpclient.netty.handler.HttpHandler - 

Request DefaultHttpRequest(decodeResult: success, version: HTTP/1.1)
POST /session/7c7fa4ab3bd957854fdfa0b9501d96af/element/076cd558-7c15-4d0f-b0db-cf8b5156f51f/value HTTP/1.1
User-Agent: selenium/4.1.2 (java windows)
Content-Length: 151
Content-Type: application/json; charset=utf-8
host: localhost:51279
accept: */*

Response DefaultHttpResponse(decodeResult: success, version: HTTP/1.1)
HTTP/1.1 200 OK
Content-Type: application/json; charset=utf-8
cache-control: no-cache
content-length: 14

00:47:07.912 [AsyncHttpClient-1-11] DEBUG org.asynchttpclient.netty.channel.ChannelManager - Adding key: http://localhost:51279 for channel [id: 0xf784362b, L:/127.0.0.1:49855 - R:localhost/127.0.0.1:51279]
00:47:07.915 [Forwarding screenshot on session 7c7fa4ab3bd957854fdfa0b9501d96af to remote] DEBUG org.asynchttpclient.netty.request.NettyRequestSender - Using pooled Channel '[id: 0xf784362b, L:/127.0.0.1:49855 - R:localhost/127.0.0.1:51279]' for 'GET' to 'http://localhost:51279/session/7c7fa4ab3bd957854fdfa0b9501d96af/screenshot'
00:47:07.915 [Forwarding screenshot on session 7c7fa4ab3bd957854fdfa0b9501d96af to remote] DEBUG org.asynchttpclient.netty.request.NettyRequestSender - Using open Channel [id: 0xf784362b, L:/127.0.0.1:49855 - R:localhost/127.0.0.1:51279] for GET '/session/7c7fa4ab3bd957854fdfa0b9501d96af/screenshot'
00:47:08.143 [AsyncHttpClient-1-11] DEBUG org.asynchttpclient.netty.handler.HttpHandler - 

Request DefaultFullHttpRequest(decodeResult: success, version: HTTP/1.1, content: EmptyByteBufBE)
GET /session/7c7fa4ab3bd957854fdfa0b9501d96af/screenshot HTTP/1.1
User-Agent: selenium/4.1.2 (java windows)
Cache-Control: no-cache
Content-Type: application/json; charset=utf-8
host: localhost:51279
accept: */*

Response DefaultHttpResponse(decodeResult: success, version: HTTP/1.1)
HTTP/1.1 200 OK
Content-Type: application/json; charset=utf-8
cache-control: no-cache
content-length: 573184

00:47:08.143 [AsyncHttpClient-1-11] DEBUG org.asynchttpclient.netty.channel.ChannelManager - Adding key: http://localhost:51279 for channel [id: 0xf784362b, L:/127.0.0.1:49855 - R:localhost/127.0.0.1:51279]
00:47:08.151 [main] DEBUG net.serenitybdd.core.photography.Darkroom - Send negative for processing for target\site\serenity\f77c054aa6a666f419ab49e776fdfb7fc10c7c59289c58aa7b77a3e2461e450a.png
00:47:08.151 [main] DEBUG net.thucydides.core.steps.StepInterceptor - STEP DONE: inputusername
  &amp#27;[32mWhen &amp#27;[0m&amp#27;[32madmin input valid ussername&amp#27;[0m                                                         &amp#27;[90m# starter.definitions.LoginSteps.adminInputValidUssername()&amp#27;[0m
00:47:08.158 [main] DEBUG net.thucydides.core.steps.StepInterceptor - STARTING STEP: LoginSteps.adminInputValidPassword - inputPassword
00:47:08.159 [Forwarding findElement on session 7c7fa4ab3bd957854fdfa0b9501d96af to remote] DEBUG org.asynchttpclient.netty.request.NettyRequestSender - Using pooled Channel '[id: 0xf784362b, L:/127.0.0.1:49855 - R:localhost/127.0.0.1:51279]' for 'POST' to 'http://localhost:51279/session/7c7fa4ab3bd957854fdfa0b9501d96af/element'
00:47:08.159 [Forwarding findElement on session 7c7fa4ab3bd957854fdfa0b9501d96af to remote] DEBUG org.asynchttpclient.netty.request.NettyRequestSender - Using open Channel [id: 0xf784362b, L:/127.0.0.1:49855 - R:localhost/127.0.0.1:51279] for POST '/session/7c7fa4ab3bd957854fdfa0b9501d96af/element'
00:47:08.165 [AsyncHttpClient-1-11] DEBUG org.asynchttpclient.netty.handler.HttpHandler - 

Request DefaultHttpRequest(decodeResult: success, version: HTTP/1.1)
POST /session/7c7fa4ab3bd957854fdfa0b9501d96af/element HTTP/1.1
User-Agent: selenium/4.1.2 (java windows)
Content-Length: 92
Content-Type: application/json; charset=utf-8
host: localhost:51279
accept: */*

Response DefaultHttpResponse(decodeResult: success, version: HTTP/1.1)
HTTP/1.1 200 OK
Content-Type: application/json; charset=utf-8
cache-control: no-cache
content-length: 88

00:47:08.165 [AsyncHttpClient-1-11] DEBUG org.asynchttpclient.netty.channel.ChannelManager - Adding key: http://localhost:51279 for channel [id: 0xf784362b, L:/127.0.0.1:49855 - R:localhost/127.0.0.1:51279]
00:47:08.166 [Forwarding clearElement on session 7c7fa4ab3bd957854fdfa0b9501d96af to remote] DEBUG org.asynchttpclient.netty.request.NettyRequestSender - Using pooled Channel '[id: 0xf784362b, L:/127.0.0.1:49855 - R:localhost/127.0.0.1:51279]' for 'POST' to 'http://localhost:51279/session/7c7fa4ab3bd957854fdfa0b9501d96af/element/a571b28d-7326-43a3-88c4-fd2d7d41eb43/clear'
00:47:08.166 [Forwarding clearElement on session 7c7fa4ab3bd957854fdfa0b9501d96af to remote] DEBUG org.asynchttpclient.netty.request.NettyRequestSender - Using open Channel [id: 0xf784362b, L:/127.0.0.1:49855 - R:localhost/127.0.0.1:51279] for POST '/session/7c7fa4ab3bd957854fdfa0b9501d96af/element/a571b28d-7326-43a3-88c4-fd2d7d41eb43/clear'
00:47:08.182 [AsyncHttpClient-1-11] DEBUG org.asynchttpclient.netty.handler.HttpHandler - 

Request DefaultHttpRequest(decodeResult: success, version: HTTP/1.1)
POST /session/7c7fa4ab3bd957854fdfa0b9501d96af/element/a571b28d-7326-43a3-88c4-fd2d7d41eb43/clear HTTP/1.1
User-Agent: selenium/4.1.2 (java windows)
Content-Length: 50
Content-Type: application/json; charset=utf-8
host: localhost:51279
accept: */*

Response DefaultHttpResponse(decodeResult: success, version: HTTP/1.1)
HTTP/1.1 200 OK
Content-Type: application/json; charset=utf-8
cache-control: no-cache
content-length: 14

00:47:08.182 [AsyncHttpClient-1-11] DEBUG org.asynchttpclient.netty.channel.ChannelManager - Adding key: http://localhost:51279 for channel [id: 0xf784362b, L:/127.0.0.1:49855 - R:localhost/127.0.0.1:51279]
00:47:08.183 [Forwarding sendKeysToElement on session 7c7fa4ab3bd957854fdfa0b9501d96af to remote] DEBUG org.asynchttpclient.netty.request.NettyRequestSender - Using pooled Channel '[id: 0xf784362b, L:/127.0.0.1:49855 - R:localhost/127.0.0.1:51279]' for 'POST' to 'http://localhost:51279/session/7c7fa4ab3bd957854fdfa0b9501d96af/element/a571b28d-7326-43a3-88c4-fd2d7d41eb43/value'
00:47:08.183 [Forwarding sendKeysToElement on session 7c7fa4ab3bd957854fdfa0b9501d96af to remote] DEBUG org.asynchttpclient.netty.request.NettyRequestSender - Using open Channel [id: 0xf784362b, L:/127.0.0.1:49855 - R:localhost/127.0.0.1:51279] for POST '/session/7c7fa4ab3bd957854fdfa0b9501d96af/element/a571b28d-7326-43a3-88c4-fd2d7d41eb43/value'
00:47:08.230 [AsyncHttpClient-1-11] DEBUG org.asynchttpclient.netty.handler.HttpHandler - 

Request DefaultHttpRequest(decodeResult: success, version: HTTP/1.1)
POST /session/7c7fa4ab3bd957854fdfa0b9501d96af/element/a571b28d-7326-43a3-88c4-fd2d7d41eb43/value HTTP/1.1
User-Agent: selenium/4.1.2 (java windows)
Content-Length: 291
Content-Type: application/json; charset=utf-8
host: localhost:51279
accept: */*

Response DefaultHttpResponse(decodeResult: success, version: HTTP/1.1)
HTTP/1.1 200 OK
Content-Type: application/json; charset=utf-8
cache-control: no-cache
content-length: 14

00:47:08.230 [AsyncHttpClient-1-11] DEBUG org.asynchttpclient.netty.channel.ChannelManager - Adding key: http://localhost:51279 for channel [id: 0xf784362b, L:/127.0.0.1:49855 - R:localhost/127.0.0.1:51279]
00:47:08.233 [Forwarding screenshot on session 7c7fa4ab3bd957854fdfa0b9501d96af to remote] DEBUG org.asynchttpclient.netty.request.NettyRequestSender - Using pooled Channel '[id: 0xf784362b, L:/127.0.0.1:49855 - R:localhost/127.0.0.1:51279]' for 'GET' to 'http://localhost:51279/session/7c7fa4ab3bd957854fdfa0b9501d96af/screenshot'
00:47:08.233 [Forwarding screenshot on session 7c7fa4ab3bd957854fdfa0b9501d96af to remote] DEBUG org.asynchttpclient.netty.request.NettyRequestSender - Using open Channel [id: 0xf784362b, L:/127.0.0.1:49855 - R:localhost/127.0.0.1:51279] for GET '/session/7c7fa4ab3bd957854fdfa0b9501d96af/screenshot'
00:47:08.462 [AsyncHttpClient-1-11] DEBUG org.asynchttpclient.netty.handler.HttpHandler - 

Request DefaultFullHttpRequest(decodeResult: success, version: HTTP/1.1, content: EmptyByteBufBE)
GET /session/7c7fa4ab3bd957854fdfa0b9501d96af/screenshot HTTP/1.1
User-Agent: selenium/4.1.2 (java windows)
Cache-Control: no-cache
Content-Type: application/json; charset=utf-8
host: localhost:51279
accept: */*

Response DefaultHttpResponse(decodeResult: success, version: HTTP/1.1)
HTTP/1.1 200 OK
Content-Type: application/json; charset=utf-8
cache-control: no-cache
content-length: 569460

00:47:08.462 [AsyncHttpClient-1-11] DEBUG org.asynchttpclient.netty.channel.ChannelManager - Adding key: http://localhost:51279 for channel [id: 0xf784362b, L:/127.0.0.1:49855 - R:localhost/127.0.0.1:51279]
00:47:08.470 [main] DEBUG net.serenitybdd.core.photography.Darkroom - Send negative for processing for target\site\serenity\7121c7966e51ed0bee580053fa8354e56400a63fd65cbfa41529dc1e051e1e6a.png
00:47:08.470 [main] DEBUG net.thucydides.core.steps.StepInterceptor - STEP DONE: inputPassword
  &amp#27;[32mAnd &amp#27;[0m&amp#27;[32madmin input valid password&amp#27;[0m                                                           &amp#27;[90m# starter.definitions.LoginSteps.adminInputValidPassword()&amp#27;[0m
00:47:08.477 [main] DEBUG net.thucydides.core.steps.StepInterceptor - STARTING STEP: LoginSteps.clickLoginButton - clickloginButton
00:47:08.478 [Forwarding findElement on session 7c7fa4ab3bd957854fdfa0b9501d96af to remote] DEBUG org.asynchttpclient.netty.request.NettyRequestSender - Using pooled Channel '[id: 0xf784362b, L:/127.0.0.1:49855 - R:localhost/127.0.0.1:51279]' for 'POST' to 'http://localhost:51279/session/7c7fa4ab3bd957854fdfa0b9501d96af/element'
00:47:08.478 [Forwarding findElement on session 7c7fa4ab3bd957854fdfa0b9501d96af to remote] DEBUG org.asynchttpclient.netty.request.NettyRequestSender - Using open Channel [id: 0xf784362b, L:/127.0.0.1:49855 - R:localhost/127.0.0.1:51279] for POST '/session/7c7fa4ab3bd957854fdfa0b9501d96af/element'
00:47:08.481 [AsyncHttpClient-1-11] DEBUG org.asynchttpclient.netty.handler.HttpHandler - 

Request DefaultHttpRequest(decodeResult: success, version: HTTP/1.1)
POST /session/7c7fa4ab3bd957854fdfa0b9501d96af/element HTTP/1.1
User-Agent: selenium/4.1.2 (java windows)
Content-Length: 71
Content-Type: application/json; charset=utf-8
host: localhost:51279
accept: */*

Response DefaultHttpResponse(decodeResult: success, version: HTTP/1.1)
HTTP/1.1 200 OK
Content-Type: application/json; charset=utf-8
cache-control: no-cache
content-length: 88

00:47:08.481 [AsyncHttpClient-1-11] DEBUG org.asynchttpclient.netty.channel.ChannelManager - Adding key: http://localhost:51279 for channel [id: 0xf784362b, L:/127.0.0.1:49855 - R:localhost/127.0.0.1:51279]
00:47:08.482 [Forwarding getElementTagName on session 7c7fa4ab3bd957854fdfa0b9501d96af to remote] DEBUG org.asynchttpclient.netty.request.NettyRequestSender - Using pooled Channel '[id: 0xf784362b, L:/127.0.0.1:49855 - R:localhost/127.0.0.1:51279]' for 'GET' to 'http://localhost:51279/session/7c7fa4ab3bd957854fdfa0b9501d96af/element/233832cd-c2be-4590-a8a4-c5af2bb4e364/name'
00:47:08.482 [Forwarding getElementTagName on session 7c7fa4ab3bd957854fdfa0b9501d96af to remote] DEBUG org.asynchttpclient.netty.request.NettyRequestSender - Using open Channel [id: 0xf784362b, L:/127.0.0.1:49855 - R:localhost/127.0.0.1:51279] for GET '/session/7c7fa4ab3bd957854fdfa0b9501d96af/element/233832cd-c2be-4590-a8a4-c5af2bb4e364/name'
00:47:08.484 [AsyncHttpClient-1-11] DEBUG org.asynchttpclient.netty.handler.HttpHandler - 

Request DefaultFullHttpRequest(decodeResult: success, version: HTTP/1.1, content: EmptyByteBufBE)
GET /session/7c7fa4ab3bd957854fdfa0b9501d96af/element/233832cd-c2be-4590-a8a4-c5af2bb4e364/name HTTP/1.1
User-Agent: selenium/4.1.2 (java windows)
Cache-Control: no-cache
Content-Type: application/json; charset=utf-8
host: localhost:51279
accept: */*

Response DefaultHttpResponse(decodeResult: success, version: HTTP/1.1)
HTTP/1.1 200 OK
Content-Type: application/json; charset=utf-8
cache-control: no-cache
content-length: 18

00:47:08.484 [AsyncHttpClient-1-11] DEBUG org.asynchttpclient.netty.channel.ChannelManager - Adding key: http://localhost:51279 for channel [id: 0xf784362b, L:/127.0.0.1:49855 - R:localhost/127.0.0.1:51279]
00:47:08.484 [Forwarding getElementTagName on session 7c7fa4ab3bd957854fdfa0b9501d96af to remote] DEBUG org.asynchttpclient.netty.request.NettyRequestSender - Using pooled Channel '[id: 0xf784362b, L:/127.0.0.1:49855 - R:localhost/127.0.0.1:51279]' for 'GET' to 'http://localhost:51279/session/7c7fa4ab3bd957854fdfa0b9501d96af/element/233832cd-c2be-4590-a8a4-c5af2bb4e364/name'
00:47:08.484 [Forwarding getElementTagName on session 7c7fa4ab3bd957854fdfa0b9501d96af to remote] DEBUG org.asynchttpclient.netty.request.NettyRequestSender - Using open Channel [id: 0xf784362b, L:/127.0.0.1:49855 - R:localhost/127.0.0.1:51279] for GET '/session/7c7fa4ab3bd957854fdfa0b9501d96af/element/233832cd-c2be-4590-a8a4-c5af2bb4e364/name'
00:47:08.486 [AsyncHttpClient-1-11] DEBUG org.asynchttpclient.netty.handler.HttpHandler - 

Request DefaultFullHttpRequest(decodeResult: success, version: HTTP/1.1, content: EmptyByteBufBE)
GET /session/7c7fa4ab3bd957854fdfa0b9501d96af/element/233832cd-c2be-4590-a8a4-c5af2bb4e364/name HTTP/1.1
User-Agent: selenium/4.1.2 (java windows)
Cache-Control: no-cache
Content-Type: application/json; charset=utf-8
host: localhost:51279
accept: */*

Response DefaultHttpResponse(decodeResult: success, version: HTTP/1.1)
HTTP/1.1 200 OK
Content-Type: application/json; charset=utf-8
cache-control: no-cache
content-length: 18

00:47:08.486 [AsyncHttpClient-1-11] DEBUG org.asynchttpclient.netty.channel.ChannelManager - Adding key: http://localhost:51279 for channel [id: 0xf784362b, L:/127.0.0.1:49855 - R:localhost/127.0.0.1:51279]
00:47:08.486 [Forwarding isElementEnabled on session 7c7fa4ab3bd957854fdfa0b9501d96af to remote] DEBUG org.asynchttpclient.netty.request.NettyRequestSender - Using pooled Channel '[id: 0xf784362b, L:/127.0.0.1:49855 - R:localhost/127.0.0.1:51279]' for 'GET' to 'http://localhost:51279/session/7c7fa4ab3bd957854fdfa0b9501d96af/element/233832cd-c2be-4590-a8a4-c5af2bb4e364/enabled'
00:47:08.486 [Forwarding isElementEnabled on session 7c7fa4ab3bd957854fdfa0b9501d96af to remote] DEBUG org.asynchttpclient.netty.request.NettyRequestSender - Using open Channel [id: 0xf784362b, L:/127.0.0.1:49855 - R:localhost/127.0.0.1:51279] for GET '/session/7c7fa4ab3bd957854fdfa0b9501d96af/element/233832cd-c2be-4590-a8a4-c5af2bb4e364/enabled'
00:47:08.490 [AsyncHttpClient-1-11] DEBUG org.asynchttpclient.netty.handler.HttpHandler - 

Request DefaultFullHttpRequest(decodeResult: success, version: HTTP/1.1, content: EmptyByteBufBE)
GET /session/7c7fa4ab3bd957854fdfa0b9501d96af/element/233832cd-c2be-4590-a8a4-c5af2bb4e364/enabled HTTP/1.1
User-Agent: selenium/4.1.2 (java windows)
Cache-Control: no-cache
Content-Type: application/json; charset=utf-8
host: localhost:51279
accept: */*

Response DefaultHttpResponse(decodeResult: success, version: HTTP/1.1)
HTTP/1.1 200 OK
Content-Type: application/json; charset=utf-8
cache-control: no-cache
content-length: 14

00:47:08.490 [AsyncHttpClient-1-11] DEBUG org.asynchttpclient.netty.channel.ChannelManager - Adding key: http://localhost:51279 for channel [id: 0xf784362b, L:/127.0.0.1:49855 - R:localhost/127.0.0.1:51279]
00:47:08.491 [Forwarding isElementEnabled on session 7c7fa4ab3bd957854fdfa0b9501d96af to remote] DEBUG org.asynchttpclient.netty.request.NettyRequestSender - Using pooled Channel '[id: 0xf784362b, L:/127.0.0.1:49855 - R:localhost/127.0.0.1:51279]' for 'GET' to 'http://localhost:51279/session/7c7fa4ab3bd957854fdfa0b9501d96af/element/233832cd-c2be-4590-a8a4-c5af2bb4e364/enabled'
00:47:08.491 [Forwarding isElementEnabled on session 7c7fa4ab3bd957854fdfa0b9501d96af to remote] DEBUG org.asynchttpclient.netty.request.NettyRequestSender - Using open Channel [id: 0xf784362b, L:/127.0.0.1:49855 - R:localhost/127.0.0.1:51279] for GET '/session/7c7fa4ab3bd957854fdfa0b9501d96af/element/233832cd-c2be-4590-a8a4-c5af2bb4e364/enabled'
00:47:08.493 [AsyncHttpClient-1-11] DEBUG org.asynchttpclient.netty.handler.HttpHandler - 

Request DefaultFullHttpRequest(decodeResult: success, version: HTTP/1.1, content: EmptyByteBufBE)
GET /session/7c7fa4ab3bd957854fdfa0b9501d96af/element/233832cd-c2be-4590-a8a4-c5af2bb4e364/enabled HTTP/1.1
User-Agent: selenium/4.1.2 (java windows)
Cache-Control: no-cache
Content-Type: application/json; charset=utf-8
host: localhost:51279
accept: */*

Response DefaultHttpResponse(decodeResult: success, version: HTTP/1.1)
HTTP/1.1 200 OK
Content-Type: application/json; charset=utf-8
cache-control: no-cache
content-length: 14

00:47:08.493 [AsyncHttpClient-1-11] DEBUG org.asynchttpclient.netty.channel.ChannelManager - Adding key: http://localhost:51279 for channel [id: 0xf784362b, L:/127.0.0.1:49855 - R:localhost/127.0.0.1:51279]
00:47:08.494 [Forwarding findElement on session 7c7fa4ab3bd957854fdfa0b9501d96af to remote] DEBUG org.asynchttpclient.netty.request.NettyRequestSender - Using pooled Channel '[id: 0xf784362b, L:/127.0.0.1:49855 - R:localhost/127.0.0.1:51279]' for 'POST' to 'http://localhost:51279/session/7c7fa4ab3bd957854fdfa0b9501d96af/element'
00:47:08.494 [Forwarding findElement on session 7c7fa4ab3bd957854fdfa0b9501d96af to remote] DEBUG org.asynchttpclient.netty.request.NettyRequestSender - Using open Channel [id: 0xf784362b, L:/127.0.0.1:49855 - R:localhost/127.0.0.1:51279] for POST '/session/7c7fa4ab3bd957854fdfa0b9501d96af/element'
00:47:08.497 [AsyncHttpClient-1-11] DEBUG org.asynchttpclient.netty.handler.HttpHandler - 

Request DefaultHttpRequest(decodeResult: success, version: HTTP/1.1)
POST /session/7c7fa4ab3bd957854fdfa0b9501d96af/element HTTP/1.1
User-Agent: selenium/4.1.2 (java windows)
Content-Length: 71
Content-Type: application/json; charset=utf-8
host: localhost:51279
accept: */*

Response DefaultHttpResponse(decodeResult: success, version: HTTP/1.1)
HTTP/1.1 200 OK
Content-Type: application/json; charset=utf-8
cache-control: no-cache
content-length: 88

00:47:08.497 [AsyncHttpClient-1-11] DEBUG org.asynchttpclient.netty.channel.ChannelManager - Adding key: http://localhost:51279 for channel [id: 0xf784362b, L:/127.0.0.1:49855 - R:localhost/127.0.0.1:51279]
00:47:08.497 [Forwarding clickElement on session 7c7fa4ab3bd957854fdfa0b9501d96af to remote] DEBUG org.asynchttpclient.netty.request.NettyRequestSender - Using pooled Channel '[id: 0xf784362b, L:/127.0.0.1:49855 - R:localhost/127.0.0.1:51279]' for 'POST' to 'http://localhost:51279/session/7c7fa4ab3bd957854fdfa0b9501d96af/element/233832cd-c2be-4590-a8a4-c5af2bb4e364/click'
00:47:08.497 [Forwarding clickElement on session 7c7fa4ab3bd957854fdfa0b9501d96af to remote] DEBUG org.asynchttpclient.netty.request.NettyRequestSender - Using open Channel [id: 0xf784362b, L:/127.0.0.1:49855 - R:localhost/127.0.0.1:51279] for POST '/session/7c7fa4ab3bd957854fdfa0b9501d96af/element/233832cd-c2be-4590-a8a4-c5af2bb4e364/click'
00:47:08.523 [AsyncHttpClient-1-11] DEBUG org.asynchttpclient.netty.handler.HttpHandler - 

Request DefaultHttpRequest(decodeResult: success, version: HTTP/1.1)
POST /session/7c7fa4ab3bd957854fdfa0b9501d96af/element/233832cd-c2be-4590-a8a4-c5af2bb4e364/click HTTP/1.1
User-Agent: selenium/4.1.2 (java windows)
Content-Length: 50
Content-Type: application/json; charset=utf-8
host: localhost:51279
accept: */*

Response DefaultHttpResponse(decodeResult: success, version: HTTP/1.1)
HTTP/1.1 200 OK
Content-Type: application/json; charset=utf-8
cache-control: no-cache
content-length: 14

00:47:08.523 [AsyncHttpClient-1-11] DEBUG org.asynchttpclient.netty.channel.ChannelManager - Adding key: http://localhost:51279 for channel [id: 0xf784362b, L:/127.0.0.1:49855 - R:localhost/127.0.0.1:51279]
00:47:08.526 [Forwarding screenshot on session 7c7fa4ab3bd957854fdfa0b9501d96af to remote] DEBUG org.asynchttpclient.netty.request.NettyRequestSender - Using pooled Channel '[id: 0xf784362b, L:/127.0.0.1:49855 - R:localhost/127.0.0.1:51279]' for 'GET' to 'http://localhost:51279/session/7c7fa4ab3bd957854fdfa0b9501d96af/screenshot'
00:47:08.526 [Forwarding screenshot on session 7c7fa4ab3bd957854fdfa0b9501d96af to remote] DEBUG org.asynchttpclient.netty.request.NettyRequestSender - Using open Channel [id: 0xf784362b, L:/127.0.0.1:49855 - R:localhost/127.0.0.1:51279] for GET '/session/7c7fa4ab3bd957854fdfa0b9501d96af/screenshot'
00:47:08.590 [AsyncHttpClient-1-1] DEBUG org.asynchttpclient.netty.channel.DefaultChannelPool - Entry count for : http://localhost:49856 : 1
00:47:08.756 [AsyncHttpClient-1-11] DEBUG org.asynchttpclient.netty.handler.HttpHandler - 

Request DefaultFullHttpRequest(decodeResult: success, version: HTTP/1.1, content: EmptyByteBufBE)
GET /session/7c7fa4ab3bd957854fdfa0b9501d96af/screenshot HTTP/1.1
User-Agent: selenium/4.1.2 (java windows)
Cache-Control: no-cache
Content-Type: application/json; charset=utf-8
host: localhost:51279
accept: */*

Response DefaultHttpResponse(decodeResult: success, version: HTTP/1.1)
HTTP/1.1 200 OK
Content-Type: application/json; charset=utf-8
cache-control: no-cache
content-length: 575004

00:47:08.756 [AsyncHttpClient-1-11] DEBUG org.asynchttpclient.netty.channel.ChannelManager - Adding key: http://localhost:51279 for channel [id: 0xf784362b, L:/127.0.0.1:49855 - R:localhost/127.0.0.1:51279]
00:47:08.763 [main] DEBUG net.serenitybdd.core.photography.Darkroom - Send negative for processing for target\site\serenity\bdfb3257a55b5f729af578dfc1dc3a5762c89839bea5dc19984e34dd6640fee1.png
00:47:08.763 [main] DEBUG net.thucydides.core.steps.StepInterceptor - STEP DONE: clickloginButton
  &amp#27;[32mAnd &amp#27;[0m&amp#27;[32mclick login button&amp#27;[0m                                                                   &amp#27;[90m# starter.definitions.LoginSteps.clickLoginButton()&amp#27;[0m
00:47:08.770 [main] DEBUG net.thucydides.core.steps.StepInterceptor - STARTING STEP: LoginSteps.clickSucsessLogin - sucseslogin
00:47:08.772 [Forwarding findElement on session 7c7fa4ab3bd957854fdfa0b9501d96af to remote] DEBUG org.asynchttpclient.netty.request.NettyRequestSender - Using pooled Channel '[id: 0xf784362b, L:/127.0.0.1:49855 - R:localhost/127.0.0.1:51279]' for 'POST' to 'http://localhost:51279/session/7c7fa4ab3bd957854fdfa0b9501d96af/element'
00:47:08.772 [Forwarding findElement on session 7c7fa4ab3bd957854fdfa0b9501d96af to remote] DEBUG org.asynchttpclient.netty.request.NettyRequestSender - Using open Channel [id: 0xf784362b, L:/127.0.0.1:49855 - R:localhost/127.0.0.1:51279] for POST '/session/7c7fa4ab3bd957854fdfa0b9501d96af/element'
00:47:09.068 [AsyncHttpClient-1-11] DEBUG org.asynchttpclient.netty.handler.HttpHandler - 

Request DefaultHttpRequest(decodeResult: success, version: HTTP/1.1)
POST /session/7c7fa4ab3bd957854fdfa0b9501d96af/element HTTP/1.1
User-Agent: selenium/4.1.2 (java windows)
Content-Length: 79
Content-Type: application/json; charset=utf-8
host: localhost:51279
accept: */*

Response DefaultHttpResponse(decodeResult: success, version: HTTP/1.1)
HTTP/1.1 200 OK
Content-Type: application/json; charset=utf-8
cache-control: no-cache
content-length: 88

00:47:09.068 [AsyncHttpClient-1-11] DEBUG org.asynchttpclient.netty.channel.ChannelManager - Adding key: http://localhost:51279 for channel [id: 0xf784362b, L:/127.0.0.1:49855 - R:localhost/127.0.0.1:51279]
00:47:09.069 [Forwarding getElementTagName on session 7c7fa4ab3bd957854fdfa0b9501d96af to remote] DEBUG org.asynchttpclient.netty.request.NettyRequestSender - Using pooled Channel '[id: 0xf784362b, L:/127.0.0.1:49855 - R:localhost/127.0.0.1:51279]' for 'GET' to 'http://localhost:51279/session/7c7fa4ab3bd957854fdfa0b9501d96af/element/fa898959-f134-44fb-a7a1-e0862b35f735/name'
00:47:09.069 [Forwarding getElementTagName on session 7c7fa4ab3bd957854fdfa0b9501d96af to remote] DEBUG org.asynchttpclient.netty.request.NettyRequestSender - Using open Channel [id: 0xf784362b, L:/127.0.0.1:49855 - R:localhost/127.0.0.1:51279] for GET '/session/7c7fa4ab3bd957854fdfa0b9501d96af/element/fa898959-f134-44fb-a7a1-e0862b35f735/name'
00:47:09.073 [AsyncHttpClient-1-11] DEBUG org.asynchttpclient.netty.handler.HttpHandler - 

Request DefaultFullHttpRequest(decodeResult: success, version: HTTP/1.1, content: EmptyByteBufBE)
GET /session/7c7fa4ab3bd957854fdfa0b9501d96af/element/fa898959-f134-44fb-a7a1-e0862b35f735/name HTTP/1.1
User-Agent: selenium/4.1.2 (java windows)
Cache-Control: no-cache
Content-Type: application/json; charset=utf-8
host: localhost:51279
accept: */*

Response DefaultHttpResponse(decodeResult: success, version: HTTP/1.1)
HTTP/1.1 200 OK
Content-Type: application/json; charset=utf-8
cache-control: no-cache
content-length: 18

00:47:09.073 [AsyncHttpClient-1-11] DEBUG org.asynchttpclient.netty.channel.ChannelManager - Adding key: http://localhost:51279 for channel [id: 0xf784362b, L:/127.0.0.1:49855 - R:localhost/127.0.0.1:51279]
00:47:09.074 [Forwarding getElementTagName on session 7c7fa4ab3bd957854fdfa0b9501d96af to remote] DEBUG org.asynchttpclient.netty.request.NettyRequestSender - Using pooled Channel '[id: 0xf784362b, L:/127.0.0.1:49855 - R:localhost/127.0.0.1:51279]' for 'GET' to 'http://localhost:51279/session/7c7fa4ab3bd957854fdfa0b9501d96af/element/fa898959-f134-44fb-a7a1-e0862b35f735/name'
00:47:09.074 [Forwarding getElementTagName on session 7c7fa4ab3bd957854fdfa0b9501d96af to remote] DEBUG org.asynchttpclient.netty.request.NettyRequestSender - Using open Channel [id: 0xf784362b, L:/127.0.0.1:49855 - R:localhost/127.0.0.1:51279] for GET '/session/7c7fa4ab3bd957854fdfa0b9501d96af/element/fa898959-f134-44fb-a7a1-e0862b35f735/name'
00:47:09.075 [AsyncHttpClient-1-11] DEBUG org.asynchttpclient.netty.handler.HttpHandler - 

Request DefaultFullHttpRequest(decodeResult: success, version: HTTP/1.1, content: EmptyByteBufBE)
GET /session/7c7fa4ab3bd957854fdfa0b9501d96af/element/fa898959-f134-44fb-a7a1-e0862b35f735/name HTTP/1.1
User-Agent: selenium/4.1.2 (java windows)
Cache-Control: no-cache
Content-Type: application/json; charset=utf-8
host: localhost:51279
accept: */*

Response DefaultHttpResponse(decodeResult: success, version: HTTP/1.1)
HTTP/1.1 200 OK
Content-Type: application/json; charset=utf-8
cache-control: no-cache
content-length: 18

00:47:09.075 [AsyncHttpClient-1-11] DEBUG org.asynchttpclient.netty.channel.ChannelManager - Adding key: http://localhost:51279 for channel [id: 0xf784362b, L:/127.0.0.1:49855 - R:localhost/127.0.0.1:51279]
00:47:09.076 [Forwarding isElementEnabled on session 7c7fa4ab3bd957854fdfa0b9501d96af to remote] DEBUG org.asynchttpclient.netty.request.NettyRequestSender - Using pooled Channel '[id: 0xf784362b, L:/127.0.0.1:49855 - R:localhost/127.0.0.1:51279]' for 'GET' to 'http://localhost:51279/session/7c7fa4ab3bd957854fdfa0b9501d96af/element/fa898959-f134-44fb-a7a1-e0862b35f735/enabled'
00:47:09.076 [Forwarding isElementEnabled on session 7c7fa4ab3bd957854fdfa0b9501d96af to remote] DEBUG org.asynchttpclient.netty.request.NettyRequestSender - Using open Channel [id: 0xf784362b, L:/127.0.0.1:49855 - R:localhost/127.0.0.1:51279] for GET '/session/7c7fa4ab3bd957854fdfa0b9501d96af/element/fa898959-f134-44fb-a7a1-e0862b35f735/enabled'
00:47:09.080 [AsyncHttpClient-1-11] DEBUG org.asynchttpclient.netty.handler.HttpHandler - 

Request DefaultFullHttpRequest(decodeResult: success, version: HTTP/1.1, content: EmptyByteBufBE)
GET /session/7c7fa4ab3bd957854fdfa0b9501d96af/element/fa898959-f134-44fb-a7a1-e0862b35f735/enabled HTTP/1.1
User-Agent: selenium/4.1.2 (java windows)
Cache-Control: no-cache
Content-Type: application/json; charset=utf-8
host: localhost:51279
accept: */*

Response DefaultHttpResponse(decodeResult: success, version: HTTP/1.1)
HTTP/1.1 200 OK
Content-Type: application/json; charset=utf-8
cache-control: no-cache
content-length: 14

00:47:09.080 [AsyncHttpClient-1-11] DEBUG org.asynchttpclient.netty.channel.ChannelManager - Adding key: http://localhost:51279 for channel [id: 0xf784362b, L:/127.0.0.1:49855 - R:localhost/127.0.0.1:51279]
00:47:09.081 [Forwarding isElementEnabled on session 7c7fa4ab3bd957854fdfa0b9501d96af to remote] DEBUG org.asynchttpclient.netty.request.NettyRequestSender - Using pooled Channel '[id: 0xf784362b, L:/127.0.0.1:49855 - R:localhost/127.0.0.1:51279]' for 'GET' to 'http://localhost:51279/session/7c7fa4ab3bd957854fdfa0b9501d96af/element/fa898959-f134-44fb-a7a1-e0862b35f735/enabled'
00:47:09.081 [Forwarding isElementEnabled on session 7c7fa4ab3bd957854fdfa0b9501d96af to remote] DEBUG org.asynchttpclient.netty.request.NettyRequestSender - Using open Channel [id: 0xf784362b, L:/127.0.0.1:49855 - R:localhost/127.0.0.1:51279] for GET '/session/7c7fa4ab3bd957854fdfa0b9501d96af/element/fa898959-f134-44fb-a7a1-e0862b35f735/enabled'
00:47:09.083 [AsyncHttpClient-1-11] DEBUG org.asynchttpclient.netty.handler.HttpHandler - 

Request DefaultFullHttpRequest(decodeResult: success, version: HTTP/1.1, content: EmptyByteBufBE)
GET /session/7c7fa4ab3bd957854fdfa0b9501d96af/element/fa898959-f134-44fb-a7a1-e0862b35f735/enabled HTTP/1.1
User-Agent: selenium/4.1.2 (java windows)
Cache-Control: no-cache
Content-Type: application/json; charset=utf-8
host: localhost:51279
accept: */*

Response DefaultHttpResponse(decodeResult: success, version: HTTP/1.1)
HTTP/1.1 200 OK
Content-Type: application/json; charset=utf-8
cache-control: no-cache
content-length: 14

00:47:09.083 [AsyncHttpClient-1-11] DEBUG org.asynchttpclient.netty.channel.ChannelManager - Adding key: http://localhost:51279 for channel [id: 0xf784362b, L:/127.0.0.1:49855 - R:localhost/127.0.0.1:51279]
00:47:09.084 [Forwarding findElement on session 7c7fa4ab3bd957854fdfa0b9501d96af to remote] DEBUG org.asynchttpclient.netty.request.NettyRequestSender - Using pooled Channel '[id: 0xf784362b, L:/127.0.0.1:49855 - R:localhost/127.0.0.1:51279]' for 'POST' to 'http://localhost:51279/session/7c7fa4ab3bd957854fdfa0b9501d96af/element'
00:47:09.084 [Forwarding findElement on session 7c7fa4ab3bd957854fdfa0b9501d96af to remote] DEBUG org.asynchttpclient.netty.request.NettyRequestSender - Using open Channel [id: 0xf784362b, L:/127.0.0.1:49855 - R:localhost/127.0.0.1:51279] for POST '/session/7c7fa4ab3bd957854fdfa0b9501d96af/element'
00:47:09.088 [AsyncHttpClient-1-11] DEBUG org.asynchttpclient.netty.handler.HttpHandler - 

Request DefaultHttpRequest(decodeResult: success, version: HTTP/1.1)
POST /session/7c7fa4ab3bd957854fdfa0b9501d96af/element HTTP/1.1
User-Agent: selenium/4.1.2 (java windows)
Content-Length: 79
Content-Type: application/json; charset=utf-8
host: localhost:51279
accept: */*

Response DefaultHttpResponse(decodeResult: success, version: HTTP/1.1)
HTTP/1.1 200 OK
Content-Type: application/json; charset=utf-8
cache-control: no-cache
content-length: 88

00:47:09.088 [AsyncHttpClient-1-11] DEBUG org.asynchttpclient.netty.channel.ChannelManager - Adding key: http://localhost:51279 for channel [id: 0xf784362b, L:/127.0.0.1:49855 - R:localhost/127.0.0.1:51279]
00:47:09.089 [Forwarding clickElement on session 7c7fa4ab3bd957854fdfa0b9501d96af to remote] DEBUG org.asynchttpclient.netty.request.NettyRequestSender - Using pooled Channel '[id: 0xf784362b, L:/127.0.0.1:49855 - R:localhost/127.0.0.1:51279]' for 'POST' to 'http://localhost:51279/session/7c7fa4ab3bd957854fdfa0b9501d96af/element/fa898959-f134-44fb-a7a1-e0862b35f735/click'
00:47:09.089 [Forwarding clickElement on session 7c7fa4ab3bd957854fdfa0b9501d96af to remote] DEBUG org.asynchttpclient.netty.request.NettyRequestSender - Using open Channel [id: 0xf784362b, L:/127.0.0.1:49855 - R:localhost/127.0.0.1:51279] for POST '/session/7c7fa4ab3bd957854fdfa0b9501d96af/element/fa898959-f134-44fb-a7a1-e0862b35f735/click'
00:47:09.107 [AsyncHttpClient-1-11] DEBUG org.asynchttpclient.netty.handler.HttpHandler - 

Request DefaultHttpRequest(decodeResult: success, version: HTTP/1.1)
POST /session/7c7fa4ab3bd957854fdfa0b9501d96af/element/fa898959-f134-44fb-a7a1-e0862b35f735/click HTTP/1.1
User-Agent: selenium/4.1.2 (java windows)
Content-Length: 50
Content-Type: application/json; charset=utf-8
host: localhost:51279
accept: */*

Response DefaultHttpResponse(decodeResult: success, version: HTTP/1.1)
HTTP/1.1 200 OK
Content-Type: application/json; charset=utf-8
cache-control: no-cache
content-length: 14

00:47:09.107 [AsyncHttpClient-1-11] DEBUG org.asynchttpclient.netty.channel.ChannelManager - Adding key: http://localhost:51279 for channel [id: 0xf784362b, L:/127.0.0.1:49855 - R:localhost/127.0.0.1:51279]
00:47:09.110 [Forwarding screenshot on session 7c7fa4ab3bd957854fdfa0b9501d96af to remote] DEBUG org.asynchttpclient.netty.request.NettyRequestSender - Using pooled Channel '[id: 0xf784362b, L:/127.0.0.1:49855 - R:localhost/127.0.0.1:51279]' for 'GET' to 'http://localhost:51279/session/7c7fa4ab3bd957854fdfa0b9501d96af/screenshot'
00:47:09.110 [Forwarding screenshot on session 7c7fa4ab3bd957854fdfa0b9501d96af to remote] DEBUG org.asynchttpclient.netty.request.NettyRequestSender - Using open Channel [id: 0xf784362b, L:/127.0.0.1:49855 - R:localhost/127.0.0.1:51279] for GET '/session/7c7fa4ab3bd957854fdfa0b9501d96af/screenshot'
00:47:09.320 [AsyncHttpClient-1-11] DEBUG org.asynchttpclient.netty.handler.HttpHandler - 

Request DefaultFullHttpRequest(decodeResult: success, version: HTTP/1.1, content: EmptyByteBufBE)
GET /session/7c7fa4ab3bd957854fdfa0b9501d96af/screenshot HTTP/1.1
User-Agent: selenium/4.1.2 (java windows)
Cache-Control: no-cache
Content-Type: application/json; charset=utf-8
host: localhost:51279
accept: */*

Response DefaultHttpResponse(decodeResult: success, version: HTTP/1.1)
HTTP/1.1 200 OK
Content-Type: application/json; charset=utf-8
cache-control: no-cache
content-length: 100396

00:47:09.321 [AsyncHttpClient-1-11] DEBUG org.asynchttpclient.netty.channel.ChannelManager - Adding key: http://localhost:51279 for channel [id: 0xf784362b, L:/127.0.0.1:49855 - R:localhost/127.0.0.1:51279]
00:47:09.322 [main] DEBUG net.serenitybdd.core.photography.Darkroom - Send negative for processing for target\site\serenity\448512014d1736d08a5cc06313d1482a76abdf520a393bd3a45ee2dfa8a1127e.png
00:47:09.322 [main] DEBUG net.thucydides.core.steps.StepInterceptor - STEP DONE: sucseslogin
  &amp#27;[32mAnd &amp#27;[0m&amp#27;[32mclick sucsess login&amp#27;[0m                                                                  &amp#27;[90m# starter.definitions.LoginSteps.clickSucsessLogin()&amp#27;[0m
00:47:09.323 [Darkroom Processing Line] DEBUG net.serenitybdd.core.photography.DarkroomProcessingLine - Processing screenshot image in /var/screenshots/screenshot-16628844934270387585
00:47:09.323 [Darkroom Processing Line] DEBUG net.serenitybdd.core.photography.DarkroomProcessingLine - Saving screenshot to target\site\serenity\448512014d1736d08a5cc06313d1482a76abdf520a393bd3a45ee2dfa8a1127e.png
00:47:09.334 [main] DEBUG net.thucydides.core.steps.StepInterceptor - STARTING STEP: DashboardSteps.adminOnTheDashboardPage - dashboardpage
00:47:09.335 [Forwarding findElement on session 7c7fa4ab3bd957854fdfa0b9501d96af to remote] DEBUG org.asynchttpclient.netty.request.NettyRequestSender - Using pooled Channel '[id: 0xf784362b, L:/127.0.0.1:49855 - R:localhost/127.0.0.1:51279]' for 'POST' to 'http://localhost:51279/session/7c7fa4ab3bd957854fdfa0b9501d96af/element'
00:47:09.335 [Forwarding findElement on session 7c7fa4ab3bd957854fdfa0b9501d96af to remote] DEBUG org.asynchttpclient.netty.request.NettyRequestSender - Using open Channel [id: 0xf784362b, L:/127.0.0.1:49855 - R:localhost/127.0.0.1:51279] for POST '/session/7c7fa4ab3bd957854fdfa0b9501d96af/element'
00:47:09.348 [AsyncHttpClient-1-11] DEBUG org.asynchttpclient.netty.handler.HttpHandler - 

Request DefaultHttpRequest(decodeResult: success, version: HTTP/1.1)
POST /session/7c7fa4ab3bd957854fdfa0b9501d96af/element HTTP/1.1
User-Agent: selenium/4.1.2 (java windows)
Content-Length: 82
Content-Type: application/json; charset=utf-8
host: localhost:51279
accept: */*

Response DefaultHttpResponse(decodeResult: success, version: HTTP/1.1)
HTTP/1.1 200 OK
Content-Type: application/json; charset=utf-8
cache-control: no-cache
content-length: 88

00:47:09.348 [AsyncHttpClient-1-11] DEBUG org.asynchttpclient.netty.channel.ChannelManager - Adding key: http://localhost:51279 for channel [id: 0xf784362b, L:/127.0.0.1:49855 - R:localhost/127.0.0.1:51279]
00:47:09.350 [Forwarding isElementDisplayed on session 7c7fa4ab3bd957854fdfa0b9501d96af to remote] DEBUG org.asynchttpclient.netty.request.NettyRequestSender - Using pooled Channel '[id: 0xf784362b, L:/127.0.0.1:49855 - R:localhost/127.0.0.1:51279]' for 'POST' to 'http://localhost:51279/session/7c7fa4ab3bd957854fdfa0b9501d96af/execute/sync'
00:47:09.350 [Forwarding isElementDisplayed on session 7c7fa4ab3bd957854fdfa0b9501d96af to remote] DEBUG org.asynchttpclient.netty.request.NettyRequestSender - Using open Channel [id: 0xf784362b, L:/127.0.0.1:49855 - R:localhost/127.0.0.1:51279] for POST '/session/7c7fa4ab3bd957854fdfa0b9501d96af/execute/sync'
00:47:09.359 [AsyncHttpClient-1-11] DEBUG org.asynchttpclient.netty.handler.HttpHandler - 

Request DefaultHttpRequest(decodeResult: success, version: HTTP/1.1)
POST /session/7c7fa4ab3bd957854fdfa0b9501d96af/execute/sync HTTP/1.1
User-Agent: selenium/4.1.2 (java windows)
Content-Length: 48780
Content-Type: application/json; charset=utf-8
host: localhost:51279
accept: */*

Response DefaultHttpResponse(decodeResult: success, version: HTTP/1.1)
HTTP/1.1 200 OK
Content-Type: application/json; charset=utf-8
cache-control: no-cache
content-length: 14

00:47:09.359 [AsyncHttpClient-1-11] DEBUG org.asynchttpclient.netty.channel.ChannelManager - Adding key: http://localhost:51279 for channel [id: 0xf784362b, L:/127.0.0.1:49855 - R:localhost/127.0.0.1:51279]
00:47:09.361 [main] DEBUG net.thucydides.core.steps.StepInterceptor - STEP DONE: dashboardpage
  &amp#27;[32mGiven &amp#27;[0m&amp#27;[32mAdmin on the dashboard page&amp#27;[0m                                                        &amp#27;[90m# starter.definitions.DashboardSteps.adminOnTheDashboardPage()&amp#27;[0m
00:47:09.368 [main] DEBUG net.thucydides.core.steps.StepInterceptor - STARTING STEP: DashboardSteps.adminLookOnTheDashboardPageInRightOnTheDashboardClickWhichReadsMounth - adminclickmounth
00:47:09.369 [Forwarding findElement on session 7c7fa4ab3bd957854fdfa0b9501d96af to remote] DEBUG org.asynchttpclient.netty.request.NettyRequestSender - Using pooled Channel '[id: 0xf784362b, L:/127.0.0.1:49855 - R:localhost/127.0.0.1:51279]' for 'POST' to 'http://localhost:51279/session/7c7fa4ab3bd957854fdfa0b9501d96af/element'
00:47:09.369 [Forwarding findElement on session 7c7fa4ab3bd957854fdfa0b9501d96af to remote] DEBUG org.asynchttpclient.netty.request.NettyRequestSender - Using open Channel [id: 0xf784362b, L:/127.0.0.1:49855 - R:localhost/127.0.0.1:51279] for POST '/session/7c7fa4ab3bd957854fdfa0b9501d96af/element'
00:47:09.385 [AsyncHttpClient-1-11] DEBUG org.asynchttpclient.netty.handler.HttpHandler - 

Request DefaultHttpRequest(decodeResult: success, version: HTTP/1.1)
POST /session/7c7fa4ab3bd957854fdfa0b9501d96af/element HTTP/1.1
User-Agent: selenium/4.1.2 (java windows)
Content-Length: 99
Content-Type: application/json; charset=utf-8
host: localhost:51279
accept: */*

Response DefaultHttpResponse(decodeResult: success, version: HTTP/1.1)
HTTP/1.1 200 OK
Content-Type: application/json; charset=utf-8
cache-control: no-cache
content-length: 88

00:47:09.385 [AsyncHttpClient-1-11] DEBUG org.asynchttpclient.netty.channel.ChannelManager - Adding key: http://localhost:51279 for channel [id: 0xf784362b, L:/127.0.0.1:49855 - R:localhost/127.0.0.1:51279]
00:47:09.386 [Forwarding getElementTagName on session 7c7fa4ab3bd957854fdfa0b9501d96af to remote] DEBUG org.asynchttpclient.netty.request.NettyRequestSender - Using pooled Channel '[id: 0xf784362b, L:/127.0.0.1:49855 - R:localhost/127.0.0.1:51279]' for 'GET' to 'http://localhost:51279/session/7c7fa4ab3bd957854fdfa0b9501d96af/element/e0951bb0-f63d-4a87-8233-9642d88cb690/name'
00:47:09.386 [Forwarding getElementTagName on session 7c7fa4ab3bd957854fdfa0b9501d96af to remote] DEBUG org.asynchttpclient.netty.request.NettyRequestSender - Using open Channel [id: 0xf784362b, L:/127.0.0.1:49855 - R:localhost/127.0.0.1:51279] for GET '/session/7c7fa4ab3bd957854fdfa0b9501d96af/element/e0951bb0-f63d-4a87-8233-9642d88cb690/name'
00:47:09.390 [AsyncHttpClient-1-11] DEBUG org.asynchttpclient.netty.handler.HttpHandler - 

Request DefaultFullHttpRequest(decodeResult: success, version: HTTP/1.1, content: EmptyByteBufBE)
GET /session/7c7fa4ab3bd957854fdfa0b9501d96af/element/e0951bb0-f63d-4a87-8233-9642d88cb690/name HTTP/1.1
User-Agent: selenium/4.1.2 (java windows)
Cache-Control: no-cache
Content-Type: application/json; charset=utf-8
host: localhost:51279
accept: */*

Response DefaultHttpResponse(decodeResult: success, version: HTTP/1.1)
HTTP/1.1 200 OK
Content-Type: application/json; charset=utf-8
cache-control: no-cache
content-length: 18

00:47:09.390 [AsyncHttpClient-1-11] DEBUG org.asynchttpclient.netty.channel.ChannelManager - Adding key: http://localhost:51279 for channel [id: 0xf784362b, L:/127.0.0.1:49855 - R:localhost/127.0.0.1:51279]
00:47:09.391 [Forwarding getElementTagName on session 7c7fa4ab3bd957854fdfa0b9501d96af to remote] DEBUG org.asynchttpclient.netty.request.NettyRequestSender - Using pooled Channel '[id: 0xf784362b, L:/127.0.0.1:49855 - R:localhost/127.0.0.1:51279]' for 'GET' to 'http://localhost:51279/session/7c7fa4ab3bd957854fdfa0b9501d96af/element/e0951bb0-f63d-4a87-8233-9642d88cb690/name'
00:47:09.391 [Forwarding getElementTagName on session 7c7fa4ab3bd957854fdfa0b9501d96af to remote] DEBUG org.asynchttpclient.netty.request.NettyRequestSender - Using open Channel [id: 0xf784362b, L:/127.0.0.1:49855 - R:localhost/127.0.0.1:51279] for GET '/session/7c7fa4ab3bd957854fdfa0b9501d96af/element/e0951bb0-f63d-4a87-8233-9642d88cb690/name'
00:47:09.392 [AsyncHttpClient-1-11] DEBUG org.asynchttpclient.netty.handler.HttpHandler - 

Request DefaultFullHttpRequest(decodeResult: success, version: HTTP/1.1, content: EmptyByteBufBE)
GET /session/7c7fa4ab3bd957854fdfa0b9501d96af/element/e0951bb0-f63d-4a87-8233-9642d88cb690/name HTTP/1.1
User-Agent: selenium/4.1.2 (java windows)
Cache-Control: no-cache
Content-Type: application/json; charset=utf-8
host: localhost:51279
accept: */*

Response DefaultHttpResponse(decodeResult: success, version: HTTP/1.1)
HTTP/1.1 200 OK
Content-Type: application/json; charset=utf-8
cache-control: no-cache
content-length: 18

00:47:09.392 [AsyncHttpClient-1-11] DEBUG org.asynchttpclient.netty.channel.ChannelManager - Adding key: http://localhost:51279 for channel [id: 0xf784362b, L:/127.0.0.1:49855 - R:localhost/127.0.0.1:51279]
00:47:09.393 [Forwarding isElementEnabled on session 7c7fa4ab3bd957854fdfa0b9501d96af to remote] DEBUG org.asynchttpclient.netty.request.NettyRequestSender - Using pooled Channel '[id: 0xf784362b, L:/127.0.0.1:49855 - R:localhost/127.0.0.1:51279]' for 'GET' to 'http://localhost:51279/session/7c7fa4ab3bd957854fdfa0b9501d96af/element/e0951bb0-f63d-4a87-8233-9642d88cb690/enabled'
00:47:09.393 [Forwarding isElementEnabled on session 7c7fa4ab3bd957854fdfa0b9501d96af to remote] DEBUG org.asynchttpclient.netty.request.NettyRequestSender - Using open Channel [id: 0xf784362b, L:/127.0.0.1:49855 - R:localhost/127.0.0.1:51279] for GET '/session/7c7fa4ab3bd957854fdfa0b9501d96af/element/e0951bb0-f63d-4a87-8233-9642d88cb690/enabled'
00:47:09.397 [AsyncHttpClient-1-11] DEBUG org.asynchttpclient.netty.handler.HttpHandler - 

Request DefaultFullHttpRequest(decodeResult: success, version: HTTP/1.1, content: EmptyByteBufBE)
GET /session/7c7fa4ab3bd957854fdfa0b9501d96af/element/e0951bb0-f63d-4a87-8233-9642d88cb690/enabled HTTP/1.1
User-Agent: selenium/4.1.2 (java windows)
Cache-Control: no-cache
Content-Type: application/json; charset=utf-8
host: localhost:51279
accept: */*

Response DefaultHttpResponse(decodeResult: success, version: HTTP/1.1)
HTTP/1.1 200 OK
Content-Type: application/json; charset=utf-8
cache-control: no-cache
content-length: 14

00:47:09.397 [AsyncHttpClient-1-11] DEBUG org.asynchttpclient.netty.channel.ChannelManager - Adding key: http://localhost:51279 for channel [id: 0xf784362b, L:/127.0.0.1:49855 - R:localhost/127.0.0.1:51279]
00:47:09.397 [Forwarding isElementEnabled on session 7c7fa4ab3bd957854fdfa0b9501d96af to remote] DEBUG org.asynchttpclient.netty.request.NettyRequestSender - Using pooled Channel '[id: 0xf784362b, L:/127.0.0.1:49855 - R:localhost/127.0.0.1:51279]' for 'GET' to 'http://localhost:51279/session/7c7fa4ab3bd957854fdfa0b9501d96af/element/e0951bb0-f63d-4a87-8233-9642d88cb690/enabled'
00:47:09.397 [Forwarding isElementEnabled on session 7c7fa4ab3bd957854fdfa0b9501d96af to remote] DEBUG org.asynchttpclient.netty.request.NettyRequestSender - Using open Channel [id: 0xf784362b, L:/127.0.0.1:49855 - R:localhost/127.0.0.1:51279] for GET '/session/7c7fa4ab3bd957854fdfa0b9501d96af/element/e0951bb0-f63d-4a87-8233-9642d88cb690/enabled'
00:47:09.399 [AsyncHttpClient-1-11] DEBUG org.asynchttpclient.netty.handler.HttpHandler - 

Request DefaultFullHttpRequest(decodeResult: success, version: HTTP/1.1, content: EmptyByteBufBE)
GET /session/7c7fa4ab3bd957854fdfa0b9501d96af/element/e0951bb0-f63d-4a87-8233-9642d88cb690/enabled HTTP/1.1
User-Agent: selenium/4.1.2 (java windows)
Cache-Control: no-cache
Content-Type: application/json; charset=utf-8
host: localhost:51279
accept: */*

Response DefaultHttpResponse(decodeResult: success, version: HTTP/1.1)
HTTP/1.1 200 OK
Content-Type: application/json; charset=utf-8
cache-control: no-cache
content-length: 14

00:47:09.399 [AsyncHttpClient-1-11] DEBUG org.asynchttpclient.netty.channel.ChannelManager - Adding key: http://localhost:51279 for channel [id: 0xf784362b, L:/127.0.0.1:49855 - R:localhost/127.0.0.1:51279]
00:47:09.400 [Forwarding findElement on session 7c7fa4ab3bd957854fdfa0b9501d96af to remote] DEBUG org.asynchttpclient.netty.request.NettyRequestSender - Using pooled Channel '[id: 0xf784362b, L:/127.0.0.1:49855 - R:localhost/127.0.0.1:51279]' for 'POST' to 'http://localhost:51279/session/7c7fa4ab3bd957854fdfa0b9501d96af/element'
00:47:09.400 [Forwarding findElement on session 7c7fa4ab3bd957854fdfa0b9501d96af to remote] DEBUG org.asynchttpclient.netty.request.NettyRequestSender - Using open Channel [id: 0xf784362b, L:/127.0.0.1:49855 - R:localhost/127.0.0.1:51279] for POST '/session/7c7fa4ab3bd957854fdfa0b9501d96af/element'
00:47:09.403 [AsyncHttpClient-1-11] DEBUG org.asynchttpclient.netty.handler.HttpHandler - 

Request DefaultHttpRequest(decodeResult: success, version: HTTP/1.1)
POST /session/7c7fa4ab3bd957854fdfa0b9501d96af/element HTTP/1.1
User-Agent: selenium/4.1.2 (java windows)
Content-Length: 99
Content-Type: application/json; charset=utf-8
host: localhost:51279
accept: */*

Response DefaultHttpResponse(decodeResult: success, version: HTTP/1.1)
HTTP/1.1 200 OK
Content-Type: application/json; charset=utf-8
cache-control: no-cache
content-length: 88

00:47:09.403 [AsyncHttpClient-1-11] DEBUG org.asynchttpclient.netty.channel.ChannelManager - Adding key: http://localhost:51279 for channel [id: 0xf784362b, L:/127.0.0.1:49855 - R:localhost/127.0.0.1:51279]
00:47:09.404 [Forwarding clickElement on session 7c7fa4ab3bd957854fdfa0b9501d96af to remote] DEBUG org.asynchttpclient.netty.request.NettyRequestSender - Using pooled Channel '[id: 0xf784362b, L:/127.0.0.1:49855 - R:localhost/127.0.0.1:51279]' for 'POST' to 'http://localhost:51279/session/7c7fa4ab3bd957854fdfa0b9501d96af/element/e0951bb0-f63d-4a87-8233-9642d88cb690/click'
00:47:09.404 [Forwarding clickElement on session 7c7fa4ab3bd957854fdfa0b9501d96af to remote] DEBUG org.asynchttpclient.netty.request.NettyRequestSender - Using open Channel [id: 0xf784362b, L:/127.0.0.1:49855 - R:localhost/127.0.0.1:51279] for POST '/session/7c7fa4ab3bd957854fdfa0b9501d96af/element/e0951bb0-f63d-4a87-8233-9642d88cb690/click'
00:47:09.430 [AsyncHttpClient-1-11] DEBUG org.asynchttpclient.netty.handler.HttpHandler - 

Request DefaultHttpRequest(decodeResult: success, version: HTTP/1.1)
POST /session/7c7fa4ab3bd957854fdfa0b9501d96af/element/e0951bb0-f63d-4a87-8233-9642d88cb690/click HTTP/1.1
User-Agent: selenium/4.1.2 (java windows)
Content-Length: 50
Content-Type: application/json; charset=utf-8
host: localhost:51279
accept: */*

Response DefaultHttpResponse(decodeResult: success, version: HTTP/1.1)
HTTP/1.1 200 OK
Content-Type: application/json; charset=utf-8
cache-control: no-cache
content-length: 14

00:47:09.430 [AsyncHttpClient-1-11] DEBUG org.asynchttpclient.netty.channel.ChannelManager - Adding key: http://localhost:51279 for channel [id: 0xf784362b, L:/127.0.0.1:49855 - R:localhost/127.0.0.1:51279]
00:47:09.433 [Forwarding screenshot on session 7c7fa4ab3bd957854fdfa0b9501d96af to remote] DEBUG org.asynchttpclient.netty.request.NettyRequestSender - Using pooled Channel '[id: 0xf784362b, L:/127.0.0.1:49855 - R:localhost/127.0.0.1:51279]' for 'GET' to 'http://localhost:51279/session/7c7fa4ab3bd957854fdfa0b9501d96af/screenshot'
00:47:09.433 [Forwarding screenshot on session 7c7fa4ab3bd957854fdfa0b9501d96af to remote] DEBUG org.asynchttpclient.netty.request.NettyRequestSender - Using open Channel [id: 0xf784362b, L:/127.0.0.1:49855 - R:localhost/127.0.0.1:51279] for GET '/session/7c7fa4ab3bd957854fdfa0b9501d96af/screenshot'
00:47:09.639 [AsyncHttpClient-1-11] DEBUG org.asynchttpclient.netty.handler.HttpHandler - 

Request DefaultFullHttpRequest(decodeResult: success, version: HTTP/1.1, content: EmptyByteBufBE)
GET /session/7c7fa4ab3bd957854fdfa0b9501d96af/screenshot HTTP/1.1
User-Agent: selenium/4.1.2 (java windows)
Cache-Control: no-cache
Content-Type: application/json; charset=utf-8
host: localhost:51279
accept: */*

Response DefaultHttpResponse(decodeResult: success, version: HTTP/1.1)
HTTP/1.1 200 OK
Content-Type: application/json; charset=utf-8
cache-control: no-cache
content-length: 114656

00:47:09.640 [AsyncHttpClient-1-11] DEBUG org.asynchttpclient.netty.channel.ChannelManager - Adding key: http://localhost:51279 for channel [id: 0xf784362b, L:/127.0.0.1:49855 - R:localhost/127.0.0.1:51279]
00:47:09.641 [main] DEBUG net.serenitybdd.core.photography.Darkroom - Send negative for processing for target\site\serenity\5612aaa39d91baf62f6843715e8a80574b724fa30bd48b0bb7619a3c3a3c66d6.png
00:47:09.641 [main] DEBUG net.thucydides.core.steps.StepInterceptor - STEP DONE: adminclickmounth
00:47:09.642 [Darkroom Processing Line] DEBUG net.serenitybdd.core.photography.DarkroomProcessingLine - Processing screenshot image in /var/screenshots/screenshot-15617218295601841043
00:47:09.642 [Darkroom Processing Line] DEBUG net.serenitybdd.core.photography.DarkroomProcessingLine - Saving screenshot to target\site\serenity\5612aaa39d91baf62f6843715e8a80574b724fa30bd48b0bb7619a3c3a3c66d6.png
00:47:09.644 [main] DEBUG net.thucydides.core.steps.StepInterceptor - STARTING STEP: DashboardSteps.adminLookOnTheDashboardPageInRightOnTheDashboardClickWhichReadsMounth - mounthchoose
00:47:09.645 [Forwarding findElement on session 7c7fa4ab3bd957854fdfa0b9501d96af to remote] DEBUG org.asynchttpclient.netty.request.NettyRequestSender - Using pooled Channel '[id: 0xf784362b, L:/127.0.0.1:49855 - R:localhost/127.0.0.1:51279]' for 'POST' to 'http://localhost:51279/session/7c7fa4ab3bd957854fdfa0b9501d96af/element'
00:47:09.645 [Forwarding findElement on session 7c7fa4ab3bd957854fdfa0b9501d96af to remote] DEBUG org.asynchttpclient.netty.request.NettyRequestSender - Using open Channel [id: 0xf784362b, L:/127.0.0.1:49855 - R:localhost/127.0.0.1:51279] for POST '/session/7c7fa4ab3bd957854fdfa0b9501d96af/element'
00:47:09.652 [AsyncHttpClient-1-11] DEBUG org.asynchttpclient.netty.handler.HttpHandler - 

Request DefaultHttpRequest(decodeResult: success, version: HTTP/1.1)
POST /session/7c7fa4ab3bd957854fdfa0b9501d96af/element HTTP/1.1
User-Agent: selenium/4.1.2 (java windows)
Content-Length: 123
Content-Type: application/json; charset=utf-8
host: localhost:51279
accept: */*

Response DefaultHttpResponse(decodeResult: success, version: HTTP/1.1)
HTTP/1.1 200 OK
Content-Type: application/json; charset=utf-8
cache-control: no-cache
content-length: 88

00:47:09.652 [AsyncHttpClient-1-11] DEBUG org.asynchttpclient.netty.channel.ChannelManager - Adding key: http://localhost:51279 for channel [id: 0xf784362b, L:/127.0.0.1:49855 - R:localhost/127.0.0.1:51279]
00:47:09.652 [Forwarding getElementTagName on session 7c7fa4ab3bd957854fdfa0b9501d96af to remote] DEBUG org.asynchttpclient.netty.request.NettyRequestSender - Using pooled Channel '[id: 0xf784362b, L:/127.0.0.1:49855 - R:localhost/127.0.0.1:51279]' for 'GET' to 'http://localhost:51279/session/7c7fa4ab3bd957854fdfa0b9501d96af/element/a6903fca-95e8-4d27-b7bf-c3b693188c48/name'
00:47:09.652 [Forwarding getElementTagName on session 7c7fa4ab3bd957854fdfa0b9501d96af to remote] DEBUG org.asynchttpclient.netty.request.NettyRequestSender - Using open Channel [id: 0xf784362b, L:/127.0.0.1:49855 - R:localhost/127.0.0.1:51279] for GET '/session/7c7fa4ab3bd957854fdfa0b9501d96af/element/a6903fca-95e8-4d27-b7bf-c3b693188c48/name'
00:47:09.654 [AsyncHttpClient-1-11] DEBUG org.asynchttpclient.netty.handler.HttpHandler - 

Request DefaultFullHttpRequest(decodeResult: success, version: HTTP/1.1, content: EmptyByteBufBE)
GET /session/7c7fa4ab3bd957854fdfa0b9501d96af/element/a6903fca-95e8-4d27-b7bf-c3b693188c48/name HTTP/1.1
User-Agent: selenium/4.1.2 (java windows)
Cache-Control: no-cache
Content-Type: application/json; charset=utf-8
host: localhost:51279
accept: */*

Response DefaultHttpResponse(decodeResult: success, version: HTTP/1.1)
HTTP/1.1 200 OK
Content-Type: application/json; charset=utf-8
cache-control: no-cache
content-length: 18

00:47:09.655 [AsyncHttpClient-1-11] DEBUG org.asynchttpclient.netty.channel.ChannelManager - Adding key: http://localhost:51279 for channel [id: 0xf784362b, L:/127.0.0.1:49855 - R:localhost/127.0.0.1:51279]
00:47:09.655 [Forwarding getElementTagName on session 7c7fa4ab3bd957854fdfa0b9501d96af to remote] DEBUG org.asynchttpclient.netty.request.NettyRequestSender - Using pooled Channel '[id: 0xf784362b, L:/127.0.0.1:49855 - R:localhost/127.0.0.1:51279]' for 'GET' to 'http://localhost:51279/session/7c7fa4ab3bd957854fdfa0b9501d96af/element/a6903fca-95e8-4d27-b7bf-c3b693188c48/name'
00:47:09.655 [Forwarding getElementTagName on session 7c7fa4ab3bd957854fdfa0b9501d96af to remote] DEBUG org.asynchttpclient.netty.request.NettyRequestSender - Using open Channel [id: 0xf784362b, L:/127.0.0.1:49855 - R:localhost/127.0.0.1:51279] for GET '/session/7c7fa4ab3bd957854fdfa0b9501d96af/element/a6903fca-95e8-4d27-b7bf-c3b693188c48/name'
00:47:09.657 [AsyncHttpClient-1-11] DEBUG org.asynchttpclient.netty.handler.HttpHandler - 

Request DefaultFullHttpRequest(decodeResult: success, version: HTTP/1.1, content: EmptyByteBufBE)
GET /session/7c7fa4ab3bd957854fdfa0b9501d96af/element/a6903fca-95e8-4d27-b7bf-c3b693188c48/name HTTP/1.1
User-Agent: selenium/4.1.2 (java windows)
Cache-Control: no-cache
Content-Type: application/json; charset=utf-8
host: localhost:51279
accept: */*

Response DefaultHttpResponse(decodeResult: success, version: HTTP/1.1)
HTTP/1.1 200 OK
Content-Type: application/json; charset=utf-8
cache-control: no-cache
content-length: 18

00:47:09.657 [AsyncHttpClient-1-11] DEBUG org.asynchttpclient.netty.channel.ChannelManager - Adding key: http://localhost:51279 for channel [id: 0xf784362b, L:/127.0.0.1:49855 - R:localhost/127.0.0.1:51279]
00:47:09.658 [Forwarding isElementEnabled on session 7c7fa4ab3bd957854fdfa0b9501d96af to remote] DEBUG org.asynchttpclient.netty.request.NettyRequestSender - Using pooled Channel '[id: 0xf784362b, L:/127.0.0.1:49855 - R:localhost/127.0.0.1:51279]' for 'GET' to 'http://localhost:51279/session/7c7fa4ab3bd957854fdfa0b9501d96af/element/a6903fca-95e8-4d27-b7bf-c3b693188c48/enabled'
00:47:09.658 [Forwarding isElementEnabled on session 7c7fa4ab3bd957854fdfa0b9501d96af to remote] DEBUG org.asynchttpclient.netty.request.NettyRequestSender - Using open Channel [id: 0xf784362b, L:/127.0.0.1:49855 - R:localhost/127.0.0.1:51279] for GET '/session/7c7fa4ab3bd957854fdfa0b9501d96af/element/a6903fca-95e8-4d27-b7bf-c3b693188c48/enabled'
00:47:09.662 [AsyncHttpClient-1-11] DEBUG org.asynchttpclient.netty.handler.HttpHandler - 

Request DefaultFullHttpRequest(decodeResult: success, version: HTTP/1.1, content: EmptyByteBufBE)
GET /session/7c7fa4ab3bd957854fdfa0b9501d96af/element/a6903fca-95e8-4d27-b7bf-c3b693188c48/enabled HTTP/1.1
User-Agent: selenium/4.1.2 (java windows)
Cache-Control: no-cache
Content-Type: application/json; charset=utf-8
host: localhost:51279
accept: */*

Response DefaultHttpResponse(decodeResult: success, version: HTTP/1.1)
HTTP/1.1 200 OK
Content-Type: application/json; charset=utf-8
cache-control: no-cache
content-length: 14

00:47:09.662 [AsyncHttpClient-1-11] DEBUG org.asynchttpclient.netty.channel.ChannelManager - Adding key: http://localhost:51279 for channel [id: 0xf784362b, L:/127.0.0.1:49855 - R:localhost/127.0.0.1:51279]
00:47:09.662 [Forwarding isElementEnabled on session 7c7fa4ab3bd957854fdfa0b9501d96af to remote] DEBUG org.asynchttpclient.netty.request.NettyRequestSender - Using pooled Channel '[id: 0xf784362b, L:/127.0.0.1:49855 - R:localhost/127.0.0.1:51279]' for 'GET' to 'http://localhost:51279/session/7c7fa4ab3bd957854fdfa0b9501d96af/element/a6903fca-95e8-4d27-b7bf-c3b693188c48/enabled'
00:47:09.662 [Forwarding isElementEnabled on session 7c7fa4ab3bd957854fdfa0b9501d96af to remote] DEBUG org.asynchttpclient.netty.request.NettyRequestSender - Using open Channel [id: 0xf784362b, L:/127.0.0.1:49855 - R:localhost/127.0.0.1:51279] for GET '/session/7c7fa4ab3bd957854fdfa0b9501d96af/element/a6903fca-95e8-4d27-b7bf-c3b693188c48/enabled'
00:47:09.665 [AsyncHttpClient-1-11] DEBUG org.asynchttpclient.netty.handler.HttpHandler - 

Request DefaultFullHttpRequest(decodeResult: success, version: HTTP/1.1, content: EmptyByteBufBE)
GET /session/7c7fa4ab3bd957854fdfa0b9501d96af/element/a6903fca-95e8-4d27-b7bf-c3b693188c48/enabled HTTP/1.1
User-Agent: selenium/4.1.2 (java windows)
Cache-Control: no-cache
Content-Type: application/json; charset=utf-8
host: localhost:51279
accept: */*

Response DefaultHttpResponse(decodeResult: success, version: HTTP/1.1)
HTTP/1.1 200 OK
Content-Type: application/json; charset=utf-8
cache-control: no-cache
content-length: 14

00:47:09.665 [AsyncHttpClient-1-11] DEBUG org.asynchttpclient.netty.channel.ChannelManager - Adding key: http://localhost:51279 for channel [id: 0xf784362b, L:/127.0.0.1:49855 - R:localhost/127.0.0.1:51279]
00:47:09.665 [Forwarding findElement on session 7c7fa4ab3bd957854fdfa0b9501d96af to remote] DEBUG org.asynchttpclient.netty.request.NettyRequestSender - Using pooled Channel '[id: 0xf784362b, L:/127.0.0.1:49855 - R:localhost/127.0.0.1:51279]' for 'POST' to 'http://localhost:51279/session/7c7fa4ab3bd957854fdfa0b9501d96af/element'
00:47:09.665 [Forwarding findElement on session 7c7fa4ab3bd957854fdfa0b9501d96af to remote] DEBUG org.asynchttpclient.netty.request.NettyRequestSender - Using open Channel [id: 0xf784362b, L:/127.0.0.1:49855 - R:localhost/127.0.0.1:51279] for POST '/session/7c7fa4ab3bd957854fdfa0b9501d96af/element'
00:47:09.668 [AsyncHttpClient-1-11] DEBUG org.asynchttpclient.netty.handler.HttpHandler - 

Request DefaultHttpRequest(decodeResult: success, version: HTTP/1.1)
POST /session/7c7fa4ab3bd957854fdfa0b9501d96af/element HTTP/1.1
User-Agent: selenium/4.1.2 (java windows)
Content-Length: 123
Content-Type: application/json; charset=utf-8
host: localhost:51279
accept: */*

Response DefaultHttpResponse(decodeResult: success, version: HTTP/1.1)
HTTP/1.1 200 OK
Content-Type: application/json; charset=utf-8
cache-control: no-cache
content-length: 88

00:47:09.668 [AsyncHttpClient-1-11] DEBUG org.asynchttpclient.netty.channel.ChannelManager - Adding key: http://localhost:51279 for channel [id: 0xf784362b, L:/127.0.0.1:49855 - R:localhost/127.0.0.1:51279]
00:47:09.669 [Forwarding clickElement on session 7c7fa4ab3bd957854fdfa0b9501d96af to remote] DEBUG org.asynchttpclient.netty.request.NettyRequestSender - Using pooled Channel '[id: 0xf784362b, L:/127.0.0.1:49855 - R:localhost/127.0.0.1:51279]' for 'POST' to 'http://localhost:51279/session/7c7fa4ab3bd957854fdfa0b9501d96af/element/a6903fca-95e8-4d27-b7bf-c3b693188c48/click'
00:47:09.669 [Forwarding clickElement on session 7c7fa4ab3bd957854fdfa0b9501d96af to remote] DEBUG org.asynchttpclient.netty.request.NettyRequestSender - Using open Channel [id: 0xf784362b, L:/127.0.0.1:49855 - R:localhost/127.0.0.1:51279] for POST '/session/7c7fa4ab3bd957854fdfa0b9501d96af/element/a6903fca-95e8-4d27-b7bf-c3b693188c48/click'
00:47:09.693 [AsyncHttpClient-1-1] DEBUG org.asynchttpclient.netty.channel.DefaultChannelPool - Entry count for : http://localhost:49856 : 1
00:47:09.700 [AsyncHttpClient-1-11] DEBUG org.asynchttpclient.netty.handler.HttpHandler - 

Request DefaultHttpRequest(decodeResult: success, version: HTTP/1.1)
POST /session/7c7fa4ab3bd957854fdfa0b9501d96af/element/a6903fca-95e8-4d27-b7bf-c3b693188c48/click HTTP/1.1
User-Agent: selenium/4.1.2 (java windows)
Content-Length: 50
Content-Type: application/json; charset=utf-8
host: localhost:51279
accept: */*

Response DefaultHttpResponse(decodeResult: success, version: HTTP/1.1)
HTTP/1.1 200 OK
Content-Type: application/json; charset=utf-8
cache-control: no-cache
content-length: 14

00:47:09.700 [AsyncHttpClient-1-11] DEBUG org.asynchttpclient.netty.channel.ChannelManager - Adding key: http://localhost:51279 for channel [id: 0xf784362b, L:/127.0.0.1:49855 - R:localhost/127.0.0.1:51279]
00:47:09.703 [Forwarding screenshot on session 7c7fa4ab3bd957854fdfa0b9501d96af to remote] DEBUG org.asynchttpclient.netty.request.NettyRequestSender - Using pooled Channel '[id: 0xf784362b, L:/127.0.0.1:49855 - R:localhost/127.0.0.1:51279]' for 'GET' to 'http://localhost:51279/session/7c7fa4ab3bd957854fdfa0b9501d96af/screenshot'
00:47:09.703 [Forwarding screenshot on session 7c7fa4ab3bd957854fdfa0b9501d96af to remote] DEBUG org.asynchttpclient.netty.request.NettyRequestSender - Using open Channel [id: 0xf784362b, L:/127.0.0.1:49855 - R:localhost/127.0.0.1:51279] for GET '/session/7c7fa4ab3bd957854fdfa0b9501d96af/screenshot'
00:47:09.921 [AsyncHttpClient-1-11] DEBUG org.asynchttpclient.netty.handler.HttpHandler - 

Request DefaultFullHttpRequest(decodeResult: success, version: HTTP/1.1, content: EmptyByteBufBE)
GET /session/7c7fa4ab3bd957854fdfa0b9501d96af/screenshot HTTP/1.1
User-Agent: selenium/4.1.2 (java windows)
Cache-Control: no-cache
Content-Type: application/json; charset=utf-8
host: localhost:51279
accept: */*

Response DefaultHttpResponse(decodeResult: success, version: HTTP/1.1)
HTTP/1.1 200 OK
Content-Type: application/json; charset=utf-8
cache-control: no-cache
content-length: 123320

00:47:09.921 [AsyncHttpClient-1-11] DEBUG org.asynchttpclient.netty.channel.ChannelManager - Adding key: http://localhost:51279 for channel [id: 0xf784362b, L:/127.0.0.1:49855 - R:localhost/127.0.0.1:51279]
00:47:09.923 [main] DEBUG net.serenitybdd.core.photography.Darkroom - Send negative for processing for target\site\serenity\7274a8b49cd1602079d0109a9cc1f2879afbcfa2082cb200799ff859253d6637.png
00:47:09.923 [main] DEBUG net.thucydides.core.steps.StepInterceptor - STEP DONE: mounthchoose
  &amp#27;[32mWhen &amp#27;[0m&amp#27;[32madmin look on the dashboard page in right on the dashboard click which reads mounth&amp#27;[0m &amp#27;[90m# starter.definitions.DashboardSteps.adminLookOnTheDashboardPageInRightOnTheDashboardClickWhichReadsMounth()&amp#27;[0m
00:47:09.923 [Darkroom Processing Line] DEBUG net.serenitybdd.core.photography.DarkroomProcessingLine - Processing screenshot image in /var/screenshots/screenshot-5005651617819517502
00:47:09.923 [Darkroom Processing Line] DEBUG net.serenitybdd.core.photography.DarkroomProcessingLine - Saving screenshot to target\site\serenity\7274a8b49cd1602079d0109a9cc1f2879afbcfa2082cb200799ff859253d6637.png
  &amp#27;[32mThen &amp#27;[0m&amp#27;[32madmin sucsess changes mounth and year on the dashboard&amp#27;[0m                              &amp#27;[90m# starter.definitions.DashboardSteps.adminSucsessChangesMounthAndYearOnTheDashboard()&amp#27;[0m
00:47:09.930 [main] INFO  - 
  _____   ___   ___   _____     ___     _     ___   ___   ___   ___  
 |_   _| | __| / __| |_   _|   | _ \   /_\   / __| / __| | __| |   \ 
   | |   | _|  \__ \   | |     |  _/  / _ \  \__ \ \__ \ | _|  | |) |
   |_|   |___| |___/   |_|     |_|   /_/ \_\ |___/ |___/ |___| |___/ 

admin change mounth and year
----------------------------------------------------------------------
00:47:09.930 [AsyncHttpClient-1-13] DEBUG org.asynchttpclient.netty.handler.WebSocketHandler - Channel Closed: [id: 0x9aaa784b, L:/127.0.0.1:49863 ! R:localhost/127.0.0.1:49856] with attribute NettyResponseFuture{currentRetry=5,
	isDone=1,
	isCancelled=0,
	asyncHandler=org.asynchttpclient.ws.WebSocketUpgradeHandler@68652738,
	nettyRequest=org.asynchttpclient.netty.request.NettyRequest@73ba55cf,
	future=java.util.concurrent.CompletableFuture@de361c8[Completed normally],
	uri=ws://localhost:49856/devtools/browser/ad62518c-3f86-4ac8-8a39-368c4b3c4e4f,
	keepAlive=true,
	redirectCount=0,
	timeoutsHolder=null,
	inAuth=0,
	touch=1658422025392}
00:47:09.930 [Driver Command Executor] DEBUG org.asynchttpclient.netty.request.NettyRequestSender - Using pooled Channel '[id: 0xf784362b, L:/127.0.0.1:49855 - R:localhost/127.0.0.1:51279]' for 'DELETE' to 'http://localhost:51279/session/7c7fa4ab3bd957854fdfa0b9501d96af'
00:47:09.930 [Driver Command Executor] DEBUG org.asynchttpclient.netty.request.NettyRequestSender - Using open Channel [id: 0xf784362b, L:/127.0.0.1:49855 - R:localhost/127.0.0.1:51279] for DELETE '/session/7c7fa4ab3bd957854fdfa0b9501d96af'
00:47:09.930 [AsyncHttpClient-1-13] DEBUG org.asynchttpclient.netty.channel.ChannelManager - Closing Channel [id: 0x9aaa784b, L:/127.0.0.1:49863 ! R:localhost/127.0.0.1:49856] 
00:47:09.946 [AsyncHttpClient-1-12] DEBUG org.asynchttpclient.netty.handler.HttpHandler - Unexpected I/O exception on channel [id: 0x2cfaa696, L:/127.0.0.1:49862 - R:localhost/127.0.0.1:49856]
java.net.SocketException: Connection reset
	at java.base/sun.nio.ch.SocketChannelImpl.throwConnectionReset(SocketChannelImpl.java:394)
	at java.base/sun.nio.ch.SocketChannelImpl.read(SocketChannelImpl.java:426)
	at io.netty.buffer.PooledByteBuf.setBytes(PooledByteBuf.java:258)
	at io.netty.buffer.AbstractByteBuf.writeBytes(AbstractByteBuf.java:1132)
	at io.netty.channel.socket.nio.NioSocketChannel.doReadBytes(NioSocketChannel.java:350)
	at io.netty.channel.nio.AbstractNioByteChannel$NioByteUnsafe.read(AbstractNioByteChannel.java:151)
	at io.netty.channel.nio.NioEventLoop.processSelectedKey(NioEventLoop.java:722)
	at io.netty.channel.nio.NioEventLoop.processSelectedKeysOptimized(NioEventLoop.java:658)
	at io.netty.channel.nio.NioEventLoop.processSelectedKeys(NioEventLoop.java:584)
	at io.netty.channel.nio.NioEventLoop.run(NioEventLoop.java:496)
	at io.netty.util.concurrent.SingleThreadEventExecutor$4.run(SingleThreadEventExecutor.java:986)
	at io.netty.util.internal.ThreadExecutorMap$2.run(ThreadExecutorMap.java:74)
	at io.netty.util.concurrent.FastThreadLocalRunnable.run(FastThreadLocalRunnable.java:30)
	at java.base/java.lang.Thread.run(Thread.java:833)
00:47:09.946 [AsyncHttpClient-1-12] DEBUG org.asynchttpclient.netty.channel.ChannelManager - Closing Channel [id: 0x2cfaa696, L:/127.0.0.1:49862 - R:localhost/127.0.0.1:49856] 
00:47:09.947 [AsyncHttpClient-1-12] DEBUG org.asynchttpclient.netty.handler.HttpHandler - Channel Closed: [id: 0x2cfaa696, L:/127.0.0.1:49862 ! R:localhost/127.0.0.1:49856] with attribute DISCARD
00:47:09.955 [AsyncHttpClient-1-11] DEBUG org.asynchttpclient.netty.handler.HttpHandler - 

Request DefaultFullHttpRequest(decodeResult: success, version: HTTP/1.1, content: EmptyByteBufBE)
DELETE /session/7c7fa4ab3bd957854fdfa0b9501d96af HTTP/1.1
User-Agent: selenium/4.1.2 (java windows)
Content-Type: application/json; charset=utf-8
host: localhost:51279
accept: */*

Response DefaultHttpResponse(decodeResult: success, version: HTTP/1.1)
HTTP/1.1 200 OK
Content-Type: application/json; charset=utf-8
cache-control: no-cache
content-length: 14

00:47:09.955 [AsyncHttpClient-1-11] DEBUG org.asynchttpclient.netty.channel.ChannelManager - Adding key: http://localhost:51279 for channel [id: 0xf784362b, L:/127.0.0.1:49855 - R:localhost/127.0.0.1:51279]
00:47:10.011 [AsyncHttpClient-1-11] DEBUG org.asynchttpclient.netty.handler.HttpHandler - Channel Closed: [id: 0xf784362b, L:/127.0.0.1:49855 ! R:localhost/127.0.0.1:51279] with attribute DISCARD
]]></system-out>
    <system-err><![CDATA[Starting ChromeDriver 103.0.5060.134 (8ec6fce403b3feb0869b0732eda8bd95011d333c-refs/branch-heads/5060@{#1262}) on port 51279
Only local connections are allowed.
Please see https://chromedriver.chromium.org/security-considerations for suggestions on keeping ChromeDriver safe.
ChromeDriver was started successfully.
Jul 22, 2022 12:47:05 AM org.openqa.selenium.remote.ProtocolHandshake createSession
INFO: Detected dialect: W3C
Jul 22, 2022 12:47:05 AM org.openqa.selenium.devtools.CdpVersionFinder findNearestMatch
WARNING: Unable to find an exact match for CDP version 103, so returning the closest version found: a no-op implementation
Jul 22, 2022 12:47:05 AM org.openqa.selenium.devtools.CdpVersionFinder findNearestMatch
INFO: Unable to find CDP implementation matching 103.
Jul 22, 2022 12:47:05 AM org.openqa.selenium.chromium.ChromiumDriver lambda$new$3
WARNING: Unable to find version of CDP to use for . You may need to include a dependency on a specific version of the CDP using something similar to `org.seleniumhq.selenium:selenium-devtools-v86:4.1.2` where the version ("v86") matches the version of the chromium-based browser you're using and the version number of the artifact is the same as Selenium's.
]]></system-err>
  </testcase>
  <testcase name="admin close total user and total mamber on the analytic dashbord" classname="see detail about dashboard page" time="9.052">
    <system-out><![CDATA[
@dashboard
Scenario: admin close total user and total mamber on the analytic dashbord                                       &amp#27;[90m# src/test/resources/features/dashboard.feature:20&amp#27;[0m
00:47:10.062 [main] INFO io.cucumber.core.plugin.SerenityReporter - Running feature from file:///D:/capstone%20projek/web%20testing/src/test/resources/features/dashboard.feature
00:47:10.063 [main] INFO  - 
  _____   ___   ___   _____     ___   _____     _     ___   _____   ___   ___  
 |_   _| | __| / __| |_   _|   / __| |_   _|   /_\   | _ \ |_   _| | __| |   \ 
   | |   | _|  \__ \   | |     \__ \   | |    / _ \  |   /   | |   | _|  | |) |
   |_|   |___| |___/   |_|     |___/   |_|   /_/ \_\ |_|_\   |_|   |___| |___/ 

admin close total user and total mamber on the analytic dashbord(see-detail-about-dashboard-page;admin-close-total-user-and-total-mamber-on-the-analytic-dashbord)
--------------------------------------------------------------------------------
00:47:10.069 [main] DEBUG net.thucydides.core.steps.StepInterceptor - STARTING STEP: LoginSteps.adminOnLoginPage - openPage
00:47:10.070 [main] INFO net.serenitybdd.core.webdriver.driverproviders.ChromeDriverProvider - Using automatically driver download
00:47:10.144 [main] DEBUG io.github.bonigarcia.wdm.cache.ResolutionCache - Resolution chrome=103 in cache (valid until 01:32:20 22/07/2022 WITA)
00:47:10.146 [main] DEBUG io.github.bonigarcia.wdm.cache.ResolutionCache - Resolution chrome103=103.0.5060.134 in cache (valid until 21:05:58 22/07/2022 WITA)
00:47:10.146 [main] INFO io.github.bonigarcia.wdm.WebDriverManager - Using chromedriver 103.0.5060.134 (resolved driver for Chrome 103)
00:47:10.152 [main] DEBUG io.github.bonigarcia.wdm.WebDriverManager - Driver chromedriver 103.0.5060.134 found in cache
00:47:10.152 [main] INFO io.github.bonigarcia.wdm.WebDriverManager - Exporting webdriver.chrome.driver as C:\Users\Rev\.cache\selenium\chromedriver\win32\103.0.5060.134\chromedriver.exe
00:47:10.223 [main] DEBUG net.serenitybdd.core.webdriver.driverproviders.ProvideNewDriver - Instantiating driver
00:47:10.223 [main] DEBUG net.serenitybdd.core.webdriver.driverproviders.ProvideNewDriver - Driver capabilities: Capabilities {acceptInsecureCerts: false, base.url: https://sportly.rafdev.my.id/, browserName: chrome, chrome.driver: webdriver/chromedriver.exe, driver: chrome, goog:chromeOptions: {args: [], extensions: []}}
00:47:10.411 [AsyncHttpClient-1-14] DEBUG org.asynchttpclient.netty.channel.NettyConnectListener - Using new Channel '[id: 0xeee3f27e, L:/127.0.0.1:49894 - R:localhost/127.0.0.1:53209]' for 'POST' to '/session'
00:47:10.789 [AsyncHttpClient-1-1] DEBUG org.asynchttpclient.netty.channel.DefaultChannelPool - Entry count for : http://localhost:51279 : 1
00:47:10.789 [AsyncHttpClient-1-1] DEBUG org.asynchttpclient.netty.channel.DefaultChannelPool - Entry count for : http://localhost:49856 : 1
00:47:10.789 [AsyncHttpClient-1-1] DEBUG org.asynchttpclient.netty.channel.DefaultChannelPool - Adding Candidate expired Channel [id: 0xf784362b, L:/127.0.0.1:49855 ! R:localhost/127.0.0.1:51279] isIdleTimeoutExpired=false isRemotelyClosed=true isTtlExpired=false
00:47:10.789 [AsyncHttpClient-1-1] DEBUG org.asynchttpclient.netty.channel.DefaultChannelPool - Closing Idle Channel [id: 0xf784362b, L:/127.0.0.1:49855 ! R:localhost/127.0.0.1:51279]
00:47:10.789 [AsyncHttpClient-1-1] DEBUG org.asynchttpclient.netty.channel.DefaultChannelPool - Adding Candidate expired Channel [id: 0x2cfaa696, L:/127.0.0.1:49862 ! R:localhost/127.0.0.1:49856] isIdleTimeoutExpired=false isRemotelyClosed=true isTtlExpired=false
00:47:10.789 [AsyncHttpClient-1-1] DEBUG org.asynchttpclient.netty.channel.DefaultChannelPool - Closing Idle Channel [id: 0x2cfaa696, L:/127.0.0.1:49862 ! R:localhost/127.0.0.1:49856]
00:47:10.789 [AsyncHttpClient-1-1] DEBUG org.asynchttpclient.netty.channel.DefaultChannelPool - Closed 2 connections out of 2 in 0 ms
00:47:10.879 [AsyncHttpClient-1-14] DEBUG org.asynchttpclient.netty.handler.HttpHandler - 

Request DefaultHttpRequest(decodeResult: success, version: HTTP/1.1)
POST /session HTTP/1.1
User-Agent: selenium/4.1.2 (java windows)
Content-Length: 581
Content-Type: application/json; charset=utf-8
host: localhost:53209
accept: */*

Response DefaultHttpResponse(decodeResult: success, version: HTTP/1.1)
HTTP/1.1 200 OK
Content-Type: application/json; charset=utf-8
cache-control: no-cache
content-length: 789

00:47:10.879 [AsyncHttpClient-1-14] DEBUG org.asynchttpclient.netty.channel.ChannelManager - Adding key: http://localhost:53209 for channel [id: 0xeee3f27e, L:/127.0.0.1:49894 - R:localhost/127.0.0.1:53209]
00:47:10.882 [AsyncHttpClient-1-15] DEBUG org.asynchttpclient.netty.channel.NettyConnectListener - Using new Channel '[id: 0xecd1bb49, L:/127.0.0.1:49902 - R:localhost/127.0.0.1:49895]' for 'GET' to '/json/version'
00:47:10.883 [AsyncHttpClient-1-15] DEBUG org.asynchttpclient.netty.handler.HttpHandler - 

Request DefaultFullHttpRequest(decodeResult: success, version: HTTP/1.1, content: EmptyByteBufBE)
GET /json/version HTTP/1.1
User-Agent: selenium/4.1.2 (java windows)
host: localhost:49895
accept: */*

Response DefaultHttpResponse(decodeResult: success, version: HTTP/1.1)
HTTP/1.1 200 OK
Content-Type: application/json; charset=UTF-8
content-length: 429

00:47:10.883 [AsyncHttpClient-1-15] DEBUG org.asynchttpclient.netty.channel.ChannelManager - Adding key: http://localhost:49895 for channel [id: 0xecd1bb49, L:/127.0.0.1:49902 - R:localhost/127.0.0.1:49895]
00:47:10.884 [AsyncHttpClient-1-16] DEBUG org.asynchttpclient.netty.channel.NettyConnectListener - Using new Channel '[id: 0x04675efd, L:/127.0.0.1:49903 - R:localhost/127.0.0.1:49895]' for 'GET' to '/devtools/browser/79c7f2a1-6a76-41e7-8745-4b23aeab5d84'
00:47:10.885 [AsyncHttpClient-1-16] DEBUG org.asynchttpclient.netty.handler.WebSocketHandler - 

Request DefaultFullHttpRequest(decodeResult: success, version: HTTP/1.1, content: EmptyByteBufBE)
GET /devtools/browser/79c7f2a1-6a76-41e7-8745-4b23aeab5d84 HTTP/1.1
upgrade: websocket
connection: upgrade
sec-websocket-key: hrx8a58+NCyLT7/WTvB3hA==
sec-websocket-version: 13
origin: http://localhost:49895
host: localhost:49895
accept: */*
user-agent: AHC/2.1

Response DefaultHttpResponse(decodeResult: success, version: HTTP/1.1)
HTTP/1.1 101 WebSocket Protocol Handshake
Upgrade: WebSocket
Connection: Upgrade
Sec-WebSocket-Accept: zUlHfEwhIsnqlKoQX6a+r5LJDUo=

00:47:10.887 [Forwarding setCurrentWindowSize on session f033e6055659a543b2c78f83e4dde29b to remote] DEBUG org.asynchttpclient.netty.request.NettyRequestSender - Using pooled Channel '[id: 0xeee3f27e, L:/127.0.0.1:49894 - R:localhost/127.0.0.1:53209]' for 'POST' to 'http://localhost:53209/session/f033e6055659a543b2c78f83e4dde29b/window/rect'
00:47:10.887 [Forwarding setCurrentWindowSize on session f033e6055659a543b2c78f83e4dde29b to remote] DEBUG org.asynchttpclient.netty.request.NettyRequestSender - Using open Channel [id: 0xeee3f27e, L:/127.0.0.1:49894 - R:localhost/127.0.0.1:53209] for POST '/session/f033e6055659a543b2c78f83e4dde29b/window/rect'
00:47:11.011 [AsyncHttpClient-1-14] DEBUG org.asynchttpclient.netty.handler.HttpHandler - 

Request DefaultHttpRequest(decodeResult: success, version: HTTP/1.1)
POST /session/f033e6055659a543b2c78f83e4dde29b/window/rect HTTP/1.1
User-Agent: selenium/4.1.2 (java windows)
Content-Length: 37
Content-Type: application/json; charset=utf-8
host: localhost:53209
accept: */*

Response DefaultHttpResponse(decodeResult: success, version: HTTP/1.1)
HTTP/1.1 200 OK
Content-Type: application/json; charset=utf-8
cache-control: no-cache
content-length: 52

00:47:11.011 [AsyncHttpClient-1-14] DEBUG org.asynchttpclient.netty.channel.ChannelManager - Adding key: http://localhost:53209 for channel [id: 0xeee3f27e, L:/127.0.0.1:49894 - R:localhost/127.0.0.1:53209]
00:47:11.012 [Forwarding setWindowPosition on session f033e6055659a543b2c78f83e4dde29b to remote] DEBUG org.asynchttpclient.netty.request.NettyRequestSender - Using pooled Channel '[id: 0xeee3f27e, L:/127.0.0.1:49894 - R:localhost/127.0.0.1:53209]' for 'POST' to 'http://localhost:53209/session/f033e6055659a543b2c78f83e4dde29b/window/rect'
00:47:11.012 [Forwarding setWindowPosition on session f033e6055659a543b2c78f83e4dde29b to remote] DEBUG org.asynchttpclient.netty.request.NettyRequestSender - Using open Channel [id: 0xeee3f27e, L:/127.0.0.1:49894 - R:localhost/127.0.0.1:53209] for POST '/session/f033e6055659a543b2c78f83e4dde29b/window/rect'
00:47:11.119 [AsyncHttpClient-1-14] DEBUG org.asynchttpclient.netty.handler.HttpHandler - 

Request DefaultHttpRequest(decodeResult: success, version: HTTP/1.1)
POST /session/f033e6055659a543b2c78f83e4dde29b/window/rect HTTP/1.1
User-Agent: selenium/4.1.2 (java windows)
Content-Length: 22
Content-Type: application/json; charset=utf-8
host: localhost:53209
accept: */*

Response DefaultHttpResponse(decodeResult: success, version: HTTP/1.1)
HTTP/1.1 200 OK
Content-Type: application/json; charset=utf-8
cache-control: no-cache
content-length: 50

00:47:11.119 [AsyncHttpClient-1-14] DEBUG org.asynchttpclient.netty.channel.ChannelManager - Adding key: http://localhost:53209 for channel [id: 0xeee3f27e, L:/127.0.0.1:49894 - R:localhost/127.0.0.1:53209]
00:47:11.120 [Forwarding get on session f033e6055659a543b2c78f83e4dde29b to remote] DEBUG org.asynchttpclient.netty.request.NettyRequestSender - Using pooled Channel '[id: 0xeee3f27e, L:/127.0.0.1:49894 - R:localhost/127.0.0.1:53209]' for 'POST' to 'http://localhost:53209/session/f033e6055659a543b2c78f83e4dde29b/url'
00:47:11.120 [Forwarding get on session f033e6055659a543b2c78f83e4dde29b to remote] DEBUG org.asynchttpclient.netty.request.NettyRequestSender - Using open Channel [id: 0xeee3f27e, L:/127.0.0.1:49894 - R:localhost/127.0.0.1:53209] for POST '/session/f033e6055659a543b2c78f83e4dde29b/url'
00:47:11.887 [AsyncHttpClient-1-1] DEBUG org.asynchttpclient.netty.channel.DefaultChannelPool - Entry count for : http://localhost:49895 : 1
00:47:12.998 [AsyncHttpClient-1-1] DEBUG org.asynchttpclient.netty.channel.DefaultChannelPool - Entry count for : http://localhost:49895 : 1
00:47:13.606 [AsyncHttpClient-1-14] DEBUG org.asynchttpclient.netty.handler.HttpHandler - 

Request DefaultHttpRequest(decodeResult: success, version: HTTP/1.1)
POST /session/f033e6055659a543b2c78f83e4dde29b/url HTTP/1.1
User-Agent: selenium/4.1.2 (java windows)
Content-Length: 59
Content-Type: application/json; charset=utf-8
host: localhost:53209
accept: */*

Response DefaultHttpResponse(decodeResult: success, version: HTTP/1.1)
HTTP/1.1 200 OK
Content-Type: application/json; charset=utf-8
cache-control: no-cache
content-length: 14

00:47:13.606 [AsyncHttpClient-1-14] DEBUG org.asynchttpclient.netty.channel.ChannelManager - Adding key: http://localhost:53209 for channel [id: 0xeee3f27e, L:/127.0.0.1:49894 - R:localhost/127.0.0.1:53209]
00:47:13.607 [Forwarding setTimeout on session f033e6055659a543b2c78f83e4dde29b to remote] DEBUG org.asynchttpclient.netty.request.NettyRequestSender - Using pooled Channel '[id: 0xeee3f27e, L:/127.0.0.1:49894 - R:localhost/127.0.0.1:53209]' for 'POST' to 'http://localhost:53209/session/f033e6055659a543b2c78f83e4dde29b/timeouts'
00:47:13.607 [Forwarding setTimeout on session f033e6055659a543b2c78f83e4dde29b to remote] DEBUG org.asynchttpclient.netty.request.NettyRequestSender - Using open Channel [id: 0xeee3f27e, L:/127.0.0.1:49894 - R:localhost/127.0.0.1:53209] for POST '/session/f033e6055659a543b2c78f83e4dde29b/timeouts'
00:47:13.657 [AsyncHttpClient-1-14] DEBUG org.asynchttpclient.netty.handler.HttpHandler - 

Request DefaultHttpRequest(decodeResult: success, version: HTTP/1.1)
POST /session/f033e6055659a543b2c78f83e4dde29b/timeouts HTTP/1.1
User-Agent: selenium/4.1.2 (java windows)
Content-Length: 22
Content-Type: application/json; charset=utf-8
host: localhost:53209
accept: */*

Response DefaultHttpResponse(decodeResult: success, version: HTTP/1.1)
HTTP/1.1 200 OK
Content-Type: application/json; charset=utf-8
cache-control: no-cache
content-length: 14

00:47:13.657 [AsyncHttpClient-1-14] DEBUG org.asynchttpclient.netty.channel.ChannelManager - Adding key: http://localhost:53209 for channel [id: 0xeee3f27e, L:/127.0.0.1:49894 - R:localhost/127.0.0.1:53209]
00:47:13.659 [Forwarding getCurrentUrl on session f033e6055659a543b2c78f83e4dde29b to remote] DEBUG org.asynchttpclient.netty.request.NettyRequestSender - Using pooled Channel '[id: 0xeee3f27e, L:/127.0.0.1:49894 - R:localhost/127.0.0.1:53209]' for 'GET' to 'http://localhost:53209/session/f033e6055659a543b2c78f83e4dde29b/url'
00:47:13.659 [Forwarding getCurrentUrl on session f033e6055659a543b2c78f83e4dde29b to remote] DEBUG org.asynchttpclient.netty.request.NettyRequestSender - Using open Channel [id: 0xeee3f27e, L:/127.0.0.1:49894 - R:localhost/127.0.0.1:53209] for GET '/session/f033e6055659a543b2c78f83e4dde29b/url'
00:47:13.738 [AsyncHttpClient-1-14] DEBUG org.asynchttpclient.netty.handler.HttpHandler - 

Request DefaultFullHttpRequest(decodeResult: success, version: HTTP/1.1, content: EmptyByteBufBE)
GET /session/f033e6055659a543b2c78f83e4dde29b/url HTTP/1.1
User-Agent: selenium/4.1.2 (java windows)
Cache-Control: no-cache
Content-Type: application/json; charset=utf-8
host: localhost:53209
accept: */*

Response DefaultHttpResponse(decodeResult: success, version: HTTP/1.1)
HTTP/1.1 200 OK
Content-Type: application/json; charset=utf-8
cache-control: no-cache
content-length: 46

00:47:13.738 [AsyncHttpClient-1-14] DEBUG org.asynchttpclient.netty.channel.ChannelManager - Adding key: http://localhost:53209 for channel [id: 0xeee3f27e, L:/127.0.0.1:49894 - R:localhost/127.0.0.1:53209]
00:47:13.741 [Forwarding getCurrentUrl on session f033e6055659a543b2c78f83e4dde29b to remote] DEBUG org.asynchttpclient.netty.request.NettyRequestSender - Using pooled Channel '[id: 0xeee3f27e, L:/127.0.0.1:49894 - R:localhost/127.0.0.1:53209]' for 'GET' to 'http://localhost:53209/session/f033e6055659a543b2c78f83e4dde29b/url'
00:47:13.741 [Forwarding getCurrentUrl on session f033e6055659a543b2c78f83e4dde29b to remote] DEBUG org.asynchttpclient.netty.request.NettyRequestSender - Using open Channel [id: 0xeee3f27e, L:/127.0.0.1:49894 - R:localhost/127.0.0.1:53209] for GET '/session/f033e6055659a543b2c78f83e4dde29b/url'
00:47:13.834 [AsyncHttpClient-1-14] DEBUG org.asynchttpclient.netty.handler.HttpHandler - 

Request DefaultFullHttpRequest(decodeResult: success, version: HTTP/1.1, content: EmptyByteBufBE)
GET /session/f033e6055659a543b2c78f83e4dde29b/url HTTP/1.1
User-Agent: selenium/4.1.2 (java windows)
Cache-Control: no-cache
Content-Type: application/json; charset=utf-8
host: localhost:53209
accept: */*

Response DefaultHttpResponse(decodeResult: success, version: HTTP/1.1)
HTTP/1.1 200 OK
Content-Type: application/json; charset=utf-8
cache-control: no-cache
content-length: 46

00:47:13.834 [AsyncHttpClient-1-14] DEBUG org.asynchttpclient.netty.channel.ChannelManager - Adding key: http://localhost:53209 for channel [id: 0xeee3f27e, L:/127.0.0.1:49894 - R:localhost/127.0.0.1:53209]
00:47:13.839 [Forwarding screenshot on session f033e6055659a543b2c78f83e4dde29b to remote] DEBUG org.asynchttpclient.netty.request.NettyRequestSender - Using pooled Channel '[id: 0xeee3f27e, L:/127.0.0.1:49894 - R:localhost/127.0.0.1:53209]' for 'GET' to 'http://localhost:53209/session/f033e6055659a543b2c78f83e4dde29b/screenshot'
00:47:13.839 [Forwarding screenshot on session f033e6055659a543b2c78f83e4dde29b to remote] DEBUG org.asynchttpclient.netty.request.NettyRequestSender - Using open Channel [id: 0xeee3f27e, L:/127.0.0.1:49894 - R:localhost/127.0.0.1:53209] for GET '/session/f033e6055659a543b2c78f83e4dde29b/screenshot'
00:47:14.109 [AsyncHttpClient-1-1] DEBUG org.asynchttpclient.netty.channel.DefaultChannelPool - Entry count for : http://localhost:49895 : 1
00:47:14.290 [AsyncHttpClient-1-14] DEBUG org.asynchttpclient.netty.handler.HttpHandler - 

Request DefaultFullHttpRequest(decodeResult: success, version: HTTP/1.1, content: EmptyByteBufBE)
GET /session/f033e6055659a543b2c78f83e4dde29b/screenshot HTTP/1.1
User-Agent: selenium/4.1.2 (java windows)
Cache-Control: no-cache
Content-Type: application/json; charset=utf-8
host: localhost:53209
accept: */*

Response DefaultHttpResponse(decodeResult: success, version: HTTP/1.1)
HTTP/1.1 200 OK
Content-Type: application/json; charset=utf-8
cache-control: no-cache
content-length: 575004

00:47:14.291 [AsyncHttpClient-1-14] DEBUG org.asynchttpclient.netty.channel.ChannelManager - Adding key: http://localhost:53209 for channel [id: 0xeee3f27e, L:/127.0.0.1:49894 - R:localhost/127.0.0.1:53209]
00:47:14.302 [main] DEBUG net.serenitybdd.core.photography.Darkroom - Send negative for processing for target\site\serenity\bdfb3257a55b5f729af578dfc1dc3a5762c89839bea5dc19984e34dd6640fee1.png
00:47:14.303 [main] DEBUG net.thucydides.core.steps.StepInterceptor - STEP DONE: openPage
00:47:14.307 [main] DEBUG net.thucydides.core.steps.StepInterceptor - STARTING STEP: LoginSteps.adminOnLoginPage - validateonLoginPage
00:47:14.309 [Forwarding findElement on session f033e6055659a543b2c78f83e4dde29b to remote] DEBUG org.asynchttpclient.netty.request.NettyRequestSender - Using pooled Channel '[id: 0xeee3f27e, L:/127.0.0.1:49894 - R:localhost/127.0.0.1:53209]' for 'POST' to 'http://localhost:53209/session/f033e6055659a543b2c78f83e4dde29b/element'
00:47:14.309 [Forwarding findElement on session f033e6055659a543b2c78f83e4dde29b to remote] DEBUG org.asynchttpclient.netty.request.NettyRequestSender - Using open Channel [id: 0xeee3f27e, L:/127.0.0.1:49894 - R:localhost/127.0.0.1:53209] for POST '/session/f033e6055659a543b2c78f83e4dde29b/element'
00:47:14.379 [AsyncHttpClient-1-14] DEBUG org.asynchttpclient.netty.handler.HttpHandler - 

Request DefaultHttpRequest(decodeResult: success, version: HTTP/1.1)
POST /session/f033e6055659a543b2c78f83e4dde29b/element HTTP/1.1
User-Agent: selenium/4.1.2 (java windows)
Content-Length: 71
Content-Type: application/json; charset=utf-8
host: localhost:53209
accept: */*

Response DefaultHttpResponse(decodeResult: success, version: HTTP/1.1)
HTTP/1.1 200 OK
Content-Type: application/json; charset=utf-8
cache-control: no-cache
content-length: 88

00:47:14.379 [AsyncHttpClient-1-14] DEBUG org.asynchttpclient.netty.channel.ChannelManager - Adding key: http://localhost:53209 for channel [id: 0xeee3f27e, L:/127.0.0.1:49894 - R:localhost/127.0.0.1:53209]
00:47:14.382 [Forwarding isElementDisplayed on session f033e6055659a543b2c78f83e4dde29b to remote] DEBUG org.asynchttpclient.netty.request.NettyRequestSender - Using pooled Channel '[id: 0xeee3f27e, L:/127.0.0.1:49894 - R:localhost/127.0.0.1:53209]' for 'POST' to 'http://localhost:53209/session/f033e6055659a543b2c78f83e4dde29b/execute/sync'
00:47:14.382 [Forwarding isElementDisplayed on session f033e6055659a543b2c78f83e4dde29b to remote] DEBUG org.asynchttpclient.netty.request.NettyRequestSender - Using open Channel [id: 0xeee3f27e, L:/127.0.0.1:49894 - R:localhost/127.0.0.1:53209] for POST '/session/f033e6055659a543b2c78f83e4dde29b/execute/sync'
00:47:14.432 [AsyncHttpClient-1-14] DEBUG org.asynchttpclient.netty.handler.HttpHandler - 

Request DefaultHttpRequest(decodeResult: success, version: HTTP/1.1)
POST /session/f033e6055659a543b2c78f83e4dde29b/execute/sync HTTP/1.1
User-Agent: selenium/4.1.2 (java windows)
Content-Length: 48780
Content-Type: application/json; charset=utf-8
host: localhost:53209
accept: */*

Response DefaultHttpResponse(decodeResult: success, version: HTTP/1.1)
HTTP/1.1 200 OK
Content-Type: application/json; charset=utf-8
cache-control: no-cache
content-length: 14

00:47:14.432 [AsyncHttpClient-1-14] DEBUG org.asynchttpclient.netty.channel.ChannelManager - Adding key: http://localhost:53209 for channel [id: 0xeee3f27e, L:/127.0.0.1:49894 - R:localhost/127.0.0.1:53209]
00:47:14.436 [Forwarding screenshot on session f033e6055659a543b2c78f83e4dde29b to remote] DEBUG org.asynchttpclient.netty.request.NettyRequestSender - Using pooled Channel '[id: 0xeee3f27e, L:/127.0.0.1:49894 - R:localhost/127.0.0.1:53209]' for 'GET' to 'http://localhost:53209/session/f033e6055659a543b2c78f83e4dde29b/screenshot'
00:47:14.436 [Forwarding screenshot on session f033e6055659a543b2c78f83e4dde29b to remote] DEBUG org.asynchttpclient.netty.request.NettyRequestSender - Using open Channel [id: 0xeee3f27e, L:/127.0.0.1:49894 - R:localhost/127.0.0.1:53209] for GET '/session/f033e6055659a543b2c78f83e4dde29b/screenshot'
00:47:14.837 [AsyncHttpClient-1-14] DEBUG org.asynchttpclient.netty.handler.HttpHandler - 

Request DefaultFullHttpRequest(decodeResult: success, version: HTTP/1.1, content: EmptyByteBufBE)
GET /session/f033e6055659a543b2c78f83e4dde29b/screenshot HTTP/1.1
User-Agent: selenium/4.1.2 (java windows)
Cache-Control: no-cache
Content-Type: application/json; charset=utf-8
host: localhost:53209
accept: */*

Response DefaultHttpResponse(decodeResult: success, version: HTTP/1.1)
HTTP/1.1 200 OK
Content-Type: application/json; charset=utf-8
cache-control: no-cache
content-length: 575004

00:47:14.838 [AsyncHttpClient-1-14] DEBUG org.asynchttpclient.netty.channel.ChannelManager - Adding key: http://localhost:53209 for channel [id: 0xeee3f27e, L:/127.0.0.1:49894 - R:localhost/127.0.0.1:53209]
00:47:14.848 [main] DEBUG net.serenitybdd.core.photography.Darkroom - Send negative for processing for target\site\serenity\bdfb3257a55b5f729af578dfc1dc3a5762c89839bea5dc19984e34dd6640fee1.png
00:47:14.849 [main] DEBUG net.thucydides.core.steps.StepInterceptor - STEP DONE: validateonLoginPage
  &amp#27;[32mGiven &amp#27;[0m&amp#27;[32madmin on login page&amp#27;[0m                                                                                      &amp#27;[90m# starter.definitions.LoginSteps.adminOnLoginPage()&amp#27;[0m
00:47:14.861 [main] DEBUG net.thucydides.core.steps.StepInterceptor - STARTING STEP: LoginSteps.adminInputValidUssername - inputusername
00:47:14.863 [Forwarding findElement on session f033e6055659a543b2c78f83e4dde29b to remote] DEBUG org.asynchttpclient.netty.request.NettyRequestSender - Using pooled Channel '[id: 0xeee3f27e, L:/127.0.0.1:49894 - R:localhost/127.0.0.1:53209]' for 'POST' to 'http://localhost:53209/session/f033e6055659a543b2c78f83e4dde29b/element'
00:47:14.863 [Forwarding findElement on session f033e6055659a543b2c78f83e4dde29b to remote] DEBUG org.asynchttpclient.netty.request.NettyRequestSender - Using open Channel [id: 0xeee3f27e, L:/127.0.0.1:49894 - R:localhost/127.0.0.1:53209] for POST '/session/f033e6055659a543b2c78f83e4dde29b/element'
00:47:14.904 [AsyncHttpClient-1-14] DEBUG org.asynchttpclient.netty.handler.HttpHandler - 

Request DefaultHttpRequest(decodeResult: success, version: HTTP/1.1)
POST /session/f033e6055659a543b2c78f83e4dde29b/element HTTP/1.1
User-Agent: selenium/4.1.2 (java windows)
Content-Length: 92
Content-Type: application/json; charset=utf-8
host: localhost:53209
accept: */*

Response DefaultHttpResponse(decodeResult: success, version: HTTP/1.1)
HTTP/1.1 200 OK
Content-Type: application/json; charset=utf-8
cache-control: no-cache
content-length: 88

00:47:14.904 [AsyncHttpClient-1-14] DEBUG org.asynchttpclient.netty.channel.ChannelManager - Adding key: http://localhost:53209 for channel [id: 0xeee3f27e, L:/127.0.0.1:49894 - R:localhost/127.0.0.1:53209]
00:47:14.905 [Forwarding clearElement on session f033e6055659a543b2c78f83e4dde29b to remote] DEBUG org.asynchttpclient.netty.request.NettyRequestSender - Using pooled Channel '[id: 0xeee3f27e, L:/127.0.0.1:49894 - R:localhost/127.0.0.1:53209]' for 'POST' to 'http://localhost:53209/session/f033e6055659a543b2c78f83e4dde29b/element/ed6f0356-c7dd-4911-8f7e-889d9523071e/clear'
00:47:14.905 [Forwarding clearElement on session f033e6055659a543b2c78f83e4dde29b to remote] DEBUG org.asynchttpclient.netty.request.NettyRequestSender - Using open Channel [id: 0xeee3f27e, L:/127.0.0.1:49894 - R:localhost/127.0.0.1:53209] for POST '/session/f033e6055659a543b2c78f83e4dde29b/element/ed6f0356-c7dd-4911-8f7e-889d9523071e/clear'
00:47:14.970 [AsyncHttpClient-1-14] DEBUG org.asynchttpclient.netty.handler.HttpHandler - 

Request DefaultHttpRequest(decodeResult: success, version: HTTP/1.1)
POST /session/f033e6055659a543b2c78f83e4dde29b/element/ed6f0356-c7dd-4911-8f7e-889d9523071e/clear HTTP/1.1
User-Agent: selenium/4.1.2 (java windows)
Content-Length: 50
Content-Type: application/json; charset=utf-8
host: localhost:53209
accept: */*

Response DefaultHttpResponse(decodeResult: success, version: HTTP/1.1)
HTTP/1.1 200 OK
Content-Type: application/json; charset=utf-8
cache-control: no-cache
content-length: 14

00:47:14.970 [AsyncHttpClient-1-14] DEBUG org.asynchttpclient.netty.channel.ChannelManager - Adding key: http://localhost:53209 for channel [id: 0xeee3f27e, L:/127.0.0.1:49894 - R:localhost/127.0.0.1:53209]
00:47:14.972 [Forwarding sendKeysToElement on session f033e6055659a543b2c78f83e4dde29b to remote] DEBUG org.asynchttpclient.netty.request.NettyRequestSender - Using pooled Channel '[id: 0xeee3f27e, L:/127.0.0.1:49894 - R:localhost/127.0.0.1:53209]' for 'POST' to 'http://localhost:53209/session/f033e6055659a543b2c78f83e4dde29b/element/ed6f0356-c7dd-4911-8f7e-889d9523071e/value'
00:47:14.972 [Forwarding sendKeysToElement on session f033e6055659a543b2c78f83e4dde29b to remote] DEBUG org.asynchttpclient.netty.request.NettyRequestSender - Using open Channel [id: 0xeee3f27e, L:/127.0.0.1:49894 - R:localhost/127.0.0.1:53209] for POST '/session/f033e6055659a543b2c78f83e4dde29b/element/ed6f0356-c7dd-4911-8f7e-889d9523071e/value'
00:47:15.037 [AsyncHttpClient-1-14] DEBUG org.asynchttpclient.netty.handler.HttpHandler - 

Request DefaultHttpRequest(decodeResult: success, version: HTTP/1.1)
POST /session/f033e6055659a543b2c78f83e4dde29b/element/ed6f0356-c7dd-4911-8f7e-889d9523071e/value HTTP/1.1
User-Agent: selenium/4.1.2 (java windows)
Content-Length: 151
Content-Type: application/json; charset=utf-8
host: localhost:53209
accept: */*

Response DefaultHttpResponse(decodeResult: success, version: HTTP/1.1)
HTTP/1.1 200 OK
Content-Type: application/json; charset=utf-8
cache-control: no-cache
content-length: 14

00:47:15.037 [AsyncHttpClient-1-14] DEBUG org.asynchttpclient.netty.channel.ChannelManager - Adding key: http://localhost:53209 for channel [id: 0xeee3f27e, L:/127.0.0.1:49894 - R:localhost/127.0.0.1:53209]
00:47:15.043 [Forwarding screenshot on session f033e6055659a543b2c78f83e4dde29b to remote] DEBUG org.asynchttpclient.netty.request.NettyRequestSender - Using pooled Channel '[id: 0xeee3f27e, L:/127.0.0.1:49894 - R:localhost/127.0.0.1:53209]' for 'GET' to 'http://localhost:53209/session/f033e6055659a543b2c78f83e4dde29b/screenshot'
00:47:15.043 [Forwarding screenshot on session f033e6055659a543b2c78f83e4dde29b to remote] DEBUG org.asynchttpclient.netty.request.NettyRequestSender - Using open Channel [id: 0xeee3f27e, L:/127.0.0.1:49894 - R:localhost/127.0.0.1:53209] for GET '/session/f033e6055659a543b2c78f83e4dde29b/screenshot'
00:47:15.190 [AsyncHttpClient-1-1] DEBUG org.asynchttpclient.netty.channel.DefaultChannelPool - Entry count for : http://localhost:49895 : 1
00:47:15.316 [AsyncHttpClient-1-14] DEBUG org.asynchttpclient.netty.handler.HttpHandler - 

Request DefaultFullHttpRequest(decodeResult: success, version: HTTP/1.1, content: EmptyByteBufBE)
GET /session/f033e6055659a543b2c78f83e4dde29b/screenshot HTTP/1.1
User-Agent: selenium/4.1.2 (java windows)
Cache-Control: no-cache
Content-Type: application/json; charset=utf-8
host: localhost:53209
accept: */*

Response DefaultHttpResponse(decodeResult: success, version: HTTP/1.1)
HTTP/1.1 200 OK
Content-Type: application/json; charset=utf-8
cache-control: no-cache
content-length: 573184

00:47:15.316 [AsyncHttpClient-1-14] DEBUG org.asynchttpclient.netty.channel.ChannelManager - Adding key: http://localhost:53209 for channel [id: 0xeee3f27e, L:/127.0.0.1:49894 - R:localhost/127.0.0.1:53209]
00:47:15.323 [main] DEBUG net.serenitybdd.core.photography.Darkroom - Send negative for processing for target\site\serenity\f77c054aa6a666f419ab49e776fdfb7fc10c7c59289c58aa7b77a3e2461e450a.png
00:47:15.323 [main] DEBUG net.thucydides.core.steps.StepInterceptor - STEP DONE: inputusername
  &amp#27;[32mWhen &amp#27;[0m&amp#27;[32madmin input valid ussername&amp#27;[0m                                                                               &amp#27;[90m# starter.definitions.LoginSteps.adminInputValidUssername()&amp#27;[0m
00:47:15.330 [main] DEBUG net.thucydides.core.steps.StepInterceptor - STARTING STEP: LoginSteps.adminInputValidPassword - inputPassword
00:47:15.331 [Forwarding findElement on session f033e6055659a543b2c78f83e4dde29b to remote] DEBUG org.asynchttpclient.netty.request.NettyRequestSender - Using pooled Channel '[id: 0xeee3f27e, L:/127.0.0.1:49894 - R:localhost/127.0.0.1:53209]' for 'POST' to 'http://localhost:53209/session/f033e6055659a543b2c78f83e4dde29b/element'
00:47:15.331 [Forwarding findElement on session f033e6055659a543b2c78f83e4dde29b to remote] DEBUG org.asynchttpclient.netty.request.NettyRequestSender - Using open Channel [id: 0xeee3f27e, L:/127.0.0.1:49894 - R:localhost/127.0.0.1:53209] for POST '/session/f033e6055659a543b2c78f83e4dde29b/element'
00:47:15.338 [AsyncHttpClient-1-14] DEBUG org.asynchttpclient.netty.handler.HttpHandler - 

Request DefaultHttpRequest(decodeResult: success, version: HTTP/1.1)
POST /session/f033e6055659a543b2c78f83e4dde29b/element HTTP/1.1
User-Agent: selenium/4.1.2 (java windows)
Content-Length: 92
Content-Type: application/json; charset=utf-8
host: localhost:53209
accept: */*

Response DefaultHttpResponse(decodeResult: success, version: HTTP/1.1)
HTTP/1.1 200 OK
Content-Type: application/json; charset=utf-8
cache-control: no-cache
content-length: 88

00:47:15.338 [AsyncHttpClient-1-14] DEBUG org.asynchttpclient.netty.channel.ChannelManager - Adding key: http://localhost:53209 for channel [id: 0xeee3f27e, L:/127.0.0.1:49894 - R:localhost/127.0.0.1:53209]
00:47:15.338 [Forwarding clearElement on session f033e6055659a543b2c78f83e4dde29b to remote] DEBUG org.asynchttpclient.netty.request.NettyRequestSender - Using pooled Channel '[id: 0xeee3f27e, L:/127.0.0.1:49894 - R:localhost/127.0.0.1:53209]' for 'POST' to 'http://localhost:53209/session/f033e6055659a543b2c78f83e4dde29b/element/5dcc7aa2-905d-467b-94f0-1f5adca334b6/clear'
00:47:15.338 [Forwarding clearElement on session f033e6055659a543b2c78f83e4dde29b to remote] DEBUG org.asynchttpclient.netty.request.NettyRequestSender - Using open Channel [id: 0xeee3f27e, L:/127.0.0.1:49894 - R:localhost/127.0.0.1:53209] for POST '/session/f033e6055659a543b2c78f83e4dde29b/element/5dcc7aa2-905d-467b-94f0-1f5adca334b6/clear'
00:47:15.359 [AsyncHttpClient-1-14] DEBUG org.asynchttpclient.netty.handler.HttpHandler - 

Request DefaultHttpRequest(decodeResult: success, version: HTTP/1.1)
POST /session/f033e6055659a543b2c78f83e4dde29b/element/5dcc7aa2-905d-467b-94f0-1f5adca334b6/clear HTTP/1.1
User-Agent: selenium/4.1.2 (java windows)
Content-Length: 50
Content-Type: application/json; charset=utf-8
host: localhost:53209
accept: */*

Response DefaultHttpResponse(decodeResult: success, version: HTTP/1.1)
HTTP/1.1 200 OK
Content-Type: application/json; charset=utf-8
cache-control: no-cache
content-length: 14

00:47:15.359 [AsyncHttpClient-1-14] DEBUG org.asynchttpclient.netty.channel.ChannelManager - Adding key: http://localhost:53209 for channel [id: 0xeee3f27e, L:/127.0.0.1:49894 - R:localhost/127.0.0.1:53209]
00:47:15.360 [Forwarding sendKeysToElement on session f033e6055659a543b2c78f83e4dde29b to remote] DEBUG org.asynchttpclient.netty.request.NettyRequestSender - Using pooled Channel '[id: 0xeee3f27e, L:/127.0.0.1:49894 - R:localhost/127.0.0.1:53209]' for 'POST' to 'http://localhost:53209/session/f033e6055659a543b2c78f83e4dde29b/element/5dcc7aa2-905d-467b-94f0-1f5adca334b6/value'
00:47:15.360 [Forwarding sendKeysToElement on session f033e6055659a543b2c78f83e4dde29b to remote] DEBUG org.asynchttpclient.netty.request.NettyRequestSender - Using open Channel [id: 0xeee3f27e, L:/127.0.0.1:49894 - R:localhost/127.0.0.1:53209] for POST '/session/f033e6055659a543b2c78f83e4dde29b/element/5dcc7aa2-905d-467b-94f0-1f5adca334b6/value'
00:47:15.407 [AsyncHttpClient-1-14] DEBUG org.asynchttpclient.netty.handler.HttpHandler - 

Request DefaultHttpRequest(decodeResult: success, version: HTTP/1.1)
POST /session/f033e6055659a543b2c78f83e4dde29b/element/5dcc7aa2-905d-467b-94f0-1f5adca334b6/value HTTP/1.1
User-Agent: selenium/4.1.2 (java windows)
Content-Length: 291
Content-Type: application/json; charset=utf-8
host: localhost:53209
accept: */*

Response DefaultHttpResponse(decodeResult: success, version: HTTP/1.1)
HTTP/1.1 200 OK
Content-Type: application/json; charset=utf-8
cache-control: no-cache
content-length: 14

00:47:15.407 [AsyncHttpClient-1-14] DEBUG org.asynchttpclient.netty.channel.ChannelManager - Adding key: http://localhost:53209 for channel [id: 0xeee3f27e, L:/127.0.0.1:49894 - R:localhost/127.0.0.1:53209]
00:47:15.411 [Forwarding screenshot on session f033e6055659a543b2c78f83e4dde29b to remote] DEBUG org.asynchttpclient.netty.request.NettyRequestSender - Using pooled Channel '[id: 0xeee3f27e, L:/127.0.0.1:49894 - R:localhost/127.0.0.1:53209]' for 'GET' to 'http://localhost:53209/session/f033e6055659a543b2c78f83e4dde29b/screenshot'
00:47:15.411 [Forwarding screenshot on session f033e6055659a543b2c78f83e4dde29b to remote] DEBUG org.asynchttpclient.netty.request.NettyRequestSender - Using open Channel [id: 0xeee3f27e, L:/127.0.0.1:49894 - R:localhost/127.0.0.1:53209] for GET '/session/f033e6055659a543b2c78f83e4dde29b/screenshot'
00:47:15.647 [AsyncHttpClient-1-14] DEBUG org.asynchttpclient.netty.handler.HttpHandler - 

Request DefaultFullHttpRequest(decodeResult: success, version: HTTP/1.1, content: EmptyByteBufBE)
GET /session/f033e6055659a543b2c78f83e4dde29b/screenshot HTTP/1.1
User-Agent: selenium/4.1.2 (java windows)
Cache-Control: no-cache
Content-Type: application/json; charset=utf-8
host: localhost:53209
accept: */*

Response DefaultHttpResponse(decodeResult: success, version: HTTP/1.1)
HTTP/1.1 200 OK
Content-Type: application/json; charset=utf-8
cache-control: no-cache
content-length: 569460

00:47:15.648 [AsyncHttpClient-1-14] DEBUG org.asynchttpclient.netty.channel.ChannelManager - Adding key: http://localhost:53209 for channel [id: 0xeee3f27e, L:/127.0.0.1:49894 - R:localhost/127.0.0.1:53209]
00:47:15.656 [main] DEBUG net.serenitybdd.core.photography.Darkroom - Send negative for processing for target\site\serenity\7121c7966e51ed0bee580053fa8354e56400a63fd65cbfa41529dc1e051e1e6a.png
00:47:15.656 [main] DEBUG net.thucydides.core.steps.StepInterceptor - STEP DONE: inputPassword
  &amp#27;[32mAnd &amp#27;[0m&amp#27;[32madmin input valid password&amp#27;[0m                                                                                 &amp#27;[90m# starter.definitions.LoginSteps.adminInputValidPassword()&amp#27;[0m
00:47:15.667 [main] DEBUG net.thucydides.core.steps.StepInterceptor - STARTING STEP: LoginSteps.clickLoginButton - clickloginButton
00:47:15.669 [Forwarding findElement on session f033e6055659a543b2c78f83e4dde29b to remote] DEBUG org.asynchttpclient.netty.request.NettyRequestSender - Using pooled Channel '[id: 0xeee3f27e, L:/127.0.0.1:49894 - R:localhost/127.0.0.1:53209]' for 'POST' to 'http://localhost:53209/session/f033e6055659a543b2c78f83e4dde29b/element'
00:47:15.669 [Forwarding findElement on session f033e6055659a543b2c78f83e4dde29b to remote] DEBUG org.asynchttpclient.netty.request.NettyRequestSender - Using open Channel [id: 0xeee3f27e, L:/127.0.0.1:49894 - R:localhost/127.0.0.1:53209] for POST '/session/f033e6055659a543b2c78f83e4dde29b/element'
00:47:15.676 [AsyncHttpClient-1-14] DEBUG org.asynchttpclient.netty.handler.HttpHandler - 

Request DefaultHttpRequest(decodeResult: success, version: HTTP/1.1)
POST /session/f033e6055659a543b2c78f83e4dde29b/element HTTP/1.1
User-Agent: selenium/4.1.2 (java windows)
Content-Length: 71
Content-Type: application/json; charset=utf-8
host: localhost:53209
accept: */*

Response DefaultHttpResponse(decodeResult: success, version: HTTP/1.1)
HTTP/1.1 200 OK
Content-Type: application/json; charset=utf-8
cache-control: no-cache
content-length: 88

00:47:15.676 [AsyncHttpClient-1-14] DEBUG org.asynchttpclient.netty.channel.ChannelManager - Adding key: http://localhost:53209 for channel [id: 0xeee3f27e, L:/127.0.0.1:49894 - R:localhost/127.0.0.1:53209]
00:47:15.677 [Forwarding getElementTagName on session f033e6055659a543b2c78f83e4dde29b to remote] DEBUG org.asynchttpclient.netty.request.NettyRequestSender - Using pooled Channel '[id: 0xeee3f27e, L:/127.0.0.1:49894 - R:localhost/127.0.0.1:53209]' for 'GET' to 'http://localhost:53209/session/f033e6055659a543b2c78f83e4dde29b/element/0c642b84-b95b-4aa6-a5e3-9f72e3f62a0b/name'
00:47:15.677 [Forwarding getElementTagName on session f033e6055659a543b2c78f83e4dde29b to remote] DEBUG org.asynchttpclient.netty.request.NettyRequestSender - Using open Channel [id: 0xeee3f27e, L:/127.0.0.1:49894 - R:localhost/127.0.0.1:53209] for GET '/session/f033e6055659a543b2c78f83e4dde29b/element/0c642b84-b95b-4aa6-a5e3-9f72e3f62a0b/name'
00:47:15.682 [AsyncHttpClient-1-14] DEBUG org.asynchttpclient.netty.handler.HttpHandler - 

Request DefaultFullHttpRequest(decodeResult: success, version: HTTP/1.1, content: EmptyByteBufBE)
GET /session/f033e6055659a543b2c78f83e4dde29b/element/0c642b84-b95b-4aa6-a5e3-9f72e3f62a0b/name HTTP/1.1
User-Agent: selenium/4.1.2 (java windows)
Cache-Control: no-cache
Content-Type: application/json; charset=utf-8
host: localhost:53209
accept: */*

Response DefaultHttpResponse(decodeResult: success, version: HTTP/1.1)
HTTP/1.1 200 OK
Content-Type: application/json; charset=utf-8
cache-control: no-cache
content-length: 18

00:47:15.682 [AsyncHttpClient-1-14] DEBUG org.asynchttpclient.netty.channel.ChannelManager - Adding key: http://localhost:53209 for channel [id: 0xeee3f27e, L:/127.0.0.1:49894 - R:localhost/127.0.0.1:53209]
00:47:15.683 [Forwarding getElementTagName on session f033e6055659a543b2c78f83e4dde29b to remote] DEBUG org.asynchttpclient.netty.request.NettyRequestSender - Using pooled Channel '[id: 0xeee3f27e, L:/127.0.0.1:49894 - R:localhost/127.0.0.1:53209]' for 'GET' to 'http://localhost:53209/session/f033e6055659a543b2c78f83e4dde29b/element/0c642b84-b95b-4aa6-a5e3-9f72e3f62a0b/name'
00:47:15.683 [Forwarding getElementTagName on session f033e6055659a543b2c78f83e4dde29b to remote] DEBUG org.asynchttpclient.netty.request.NettyRequestSender - Using open Channel [id: 0xeee3f27e, L:/127.0.0.1:49894 - R:localhost/127.0.0.1:53209] for GET '/session/f033e6055659a543b2c78f83e4dde29b/element/0c642b84-b95b-4aa6-a5e3-9f72e3f62a0b/name'
00:47:15.685 [AsyncHttpClient-1-14] DEBUG org.asynchttpclient.netty.handler.HttpHandler - 

Request DefaultFullHttpRequest(decodeResult: success, version: HTTP/1.1, content: EmptyByteBufBE)
GET /session/f033e6055659a543b2c78f83e4dde29b/element/0c642b84-b95b-4aa6-a5e3-9f72e3f62a0b/name HTTP/1.1
User-Agent: selenium/4.1.2 (java windows)
Cache-Control: no-cache
Content-Type: application/json; charset=utf-8
host: localhost:53209
accept: */*

Response DefaultHttpResponse(decodeResult: success, version: HTTP/1.1)
HTTP/1.1 200 OK
Content-Type: application/json; charset=utf-8
cache-control: no-cache
content-length: 18

00:47:15.685 [AsyncHttpClient-1-14] DEBUG org.asynchttpclient.netty.channel.ChannelManager - Adding key: http://localhost:53209 for channel [id: 0xeee3f27e, L:/127.0.0.1:49894 - R:localhost/127.0.0.1:53209]
00:47:15.687 [Forwarding isElementEnabled on session f033e6055659a543b2c78f83e4dde29b to remote] DEBUG org.asynchttpclient.netty.request.NettyRequestSender - Using pooled Channel '[id: 0xeee3f27e, L:/127.0.0.1:49894 - R:localhost/127.0.0.1:53209]' for 'GET' to 'http://localhost:53209/session/f033e6055659a543b2c78f83e4dde29b/element/0c642b84-b95b-4aa6-a5e3-9f72e3f62a0b/enabled'
00:47:15.687 [Forwarding isElementEnabled on session f033e6055659a543b2c78f83e4dde29b to remote] DEBUG org.asynchttpclient.netty.request.NettyRequestSender - Using open Channel [id: 0xeee3f27e, L:/127.0.0.1:49894 - R:localhost/127.0.0.1:53209] for GET '/session/f033e6055659a543b2c78f83e4dde29b/element/0c642b84-b95b-4aa6-a5e3-9f72e3f62a0b/enabled'
00:47:15.694 [AsyncHttpClient-1-14] DEBUG org.asynchttpclient.netty.handler.HttpHandler - 

Request DefaultFullHttpRequest(decodeResult: success, version: HTTP/1.1, content: EmptyByteBufBE)
GET /session/f033e6055659a543b2c78f83e4dde29b/element/0c642b84-b95b-4aa6-a5e3-9f72e3f62a0b/enabled HTTP/1.1
User-Agent: selenium/4.1.2 (java windows)
Cache-Control: no-cache
Content-Type: application/json; charset=utf-8
host: localhost:53209
accept: */*

Response DefaultHttpResponse(decodeResult: success, version: HTTP/1.1)
HTTP/1.1 200 OK
Content-Type: application/json; charset=utf-8
cache-control: no-cache
content-length: 14

00:47:15.694 [AsyncHttpClient-1-14] DEBUG org.asynchttpclient.netty.channel.ChannelManager - Adding key: http://localhost:53209 for channel [id: 0xeee3f27e, L:/127.0.0.1:49894 - R:localhost/127.0.0.1:53209]
00:47:15.695 [Forwarding isElementEnabled on session f033e6055659a543b2c78f83e4dde29b to remote] DEBUG org.asynchttpclient.netty.request.NettyRequestSender - Using pooled Channel '[id: 0xeee3f27e, L:/127.0.0.1:49894 - R:localhost/127.0.0.1:53209]' for 'GET' to 'http://localhost:53209/session/f033e6055659a543b2c78f83e4dde29b/element/0c642b84-b95b-4aa6-a5e3-9f72e3f62a0b/enabled'
00:47:15.695 [Forwarding isElementEnabled on session f033e6055659a543b2c78f83e4dde29b to remote] DEBUG org.asynchttpclient.netty.request.NettyRequestSender - Using open Channel [id: 0xeee3f27e, L:/127.0.0.1:49894 - R:localhost/127.0.0.1:53209] for GET '/session/f033e6055659a543b2c78f83e4dde29b/element/0c642b84-b95b-4aa6-a5e3-9f72e3f62a0b/enabled'
00:47:15.706 [AsyncHttpClient-1-14] DEBUG org.asynchttpclient.netty.handler.HttpHandler - 

Request DefaultFullHttpRequest(decodeResult: success, version: HTTP/1.1, content: EmptyByteBufBE)
GET /session/f033e6055659a543b2c78f83e4dde29b/element/0c642b84-b95b-4aa6-a5e3-9f72e3f62a0b/enabled HTTP/1.1
User-Agent: selenium/4.1.2 (java windows)
Cache-Control: no-cache
Content-Type: application/json; charset=utf-8
host: localhost:53209
accept: */*

Response DefaultHttpResponse(decodeResult: success, version: HTTP/1.1)
HTTP/1.1 200 OK
Content-Type: application/json; charset=utf-8
cache-control: no-cache
content-length: 14

00:47:15.706 [AsyncHttpClient-1-14] DEBUG org.asynchttpclient.netty.channel.ChannelManager - Adding key: http://localhost:53209 for channel [id: 0xeee3f27e, L:/127.0.0.1:49894 - R:localhost/127.0.0.1:53209]
00:47:15.708 [Forwarding findElement on session f033e6055659a543b2c78f83e4dde29b to remote] DEBUG org.asynchttpclient.netty.request.NettyRequestSender - Using pooled Channel '[id: 0xeee3f27e, L:/127.0.0.1:49894 - R:localhost/127.0.0.1:53209]' for 'POST' to 'http://localhost:53209/session/f033e6055659a543b2c78f83e4dde29b/element'
00:47:15.708 [Forwarding findElement on session f033e6055659a543b2c78f83e4dde29b to remote] DEBUG org.asynchttpclient.netty.request.NettyRequestSender - Using open Channel [id: 0xeee3f27e, L:/127.0.0.1:49894 - R:localhost/127.0.0.1:53209] for POST '/session/f033e6055659a543b2c78f83e4dde29b/element'
00:47:15.715 [AsyncHttpClient-1-14] DEBUG org.asynchttpclient.netty.handler.HttpHandler - 

Request DefaultHttpRequest(decodeResult: success, version: HTTP/1.1)
POST /session/f033e6055659a543b2c78f83e4dde29b/element HTTP/1.1
User-Agent: selenium/4.1.2 (java windows)
Content-Length: 71
Content-Type: application/json; charset=utf-8
host: localhost:53209
accept: */*

Response DefaultHttpResponse(decodeResult: success, version: HTTP/1.1)
HTTP/1.1 200 OK
Content-Type: application/json; charset=utf-8
cache-control: no-cache
content-length: 88

00:47:15.715 [AsyncHttpClient-1-14] DEBUG org.asynchttpclient.netty.channel.ChannelManager - Adding key: http://localhost:53209 for channel [id: 0xeee3f27e, L:/127.0.0.1:49894 - R:localhost/127.0.0.1:53209]
00:47:15.716 [Forwarding clickElement on session f033e6055659a543b2c78f83e4dde29b to remote] DEBUG org.asynchttpclient.netty.request.NettyRequestSender - Using pooled Channel '[id: 0xeee3f27e, L:/127.0.0.1:49894 - R:localhost/127.0.0.1:53209]' for 'POST' to 'http://localhost:53209/session/f033e6055659a543b2c78f83e4dde29b/element/0c642b84-b95b-4aa6-a5e3-9f72e3f62a0b/click'
00:47:15.716 [Forwarding clickElement on session f033e6055659a543b2c78f83e4dde29b to remote] DEBUG org.asynchttpclient.netty.request.NettyRequestSender - Using open Channel [id: 0xeee3f27e, L:/127.0.0.1:49894 - R:localhost/127.0.0.1:53209] for POST '/session/f033e6055659a543b2c78f83e4dde29b/element/0c642b84-b95b-4aa6-a5e3-9f72e3f62a0b/click'
00:47:15.776 [AsyncHttpClient-1-14] DEBUG org.asynchttpclient.netty.handler.HttpHandler - 

Request DefaultHttpRequest(decodeResult: success, version: HTTP/1.1)
POST /session/f033e6055659a543b2c78f83e4dde29b/element/0c642b84-b95b-4aa6-a5e3-9f72e3f62a0b/click HTTP/1.1
User-Agent: selenium/4.1.2 (java windows)
Content-Length: 50
Content-Type: application/json; charset=utf-8
host: localhost:53209
accept: */*

Response DefaultHttpResponse(decodeResult: success, version: HTTP/1.1)
HTTP/1.1 200 OK
Content-Type: application/json; charset=utf-8
cache-control: no-cache
content-length: 14

00:47:15.776 [AsyncHttpClient-1-14] DEBUG org.asynchttpclient.netty.channel.ChannelManager - Adding key: http://localhost:53209 for channel [id: 0xeee3f27e, L:/127.0.0.1:49894 - R:localhost/127.0.0.1:53209]
00:47:15.780 [Forwarding screenshot on session f033e6055659a543b2c78f83e4dde29b to remote] DEBUG org.asynchttpclient.netty.request.NettyRequestSender - Using pooled Channel '[id: 0xeee3f27e, L:/127.0.0.1:49894 - R:localhost/127.0.0.1:53209]' for 'GET' to 'http://localhost:53209/session/f033e6055659a543b2c78f83e4dde29b/screenshot'
00:47:15.780 [Forwarding screenshot on session f033e6055659a543b2c78f83e4dde29b to remote] DEBUG org.asynchttpclient.netty.request.NettyRequestSender - Using open Channel [id: 0xeee3f27e, L:/127.0.0.1:49894 - R:localhost/127.0.0.1:53209] for GET '/session/f033e6055659a543b2c78f83e4dde29b/screenshot'
00:47:16.168 [AsyncHttpClient-1-14] DEBUG org.asynchttpclient.netty.handler.HttpHandler - 

Request DefaultFullHttpRequest(decodeResult: success, version: HTTP/1.1, content: EmptyByteBufBE)
GET /session/f033e6055659a543b2c78f83e4dde29b/screenshot HTTP/1.1
User-Agent: selenium/4.1.2 (java windows)
Cache-Control: no-cache
Content-Type: application/json; charset=utf-8
host: localhost:53209
accept: */*

Response DefaultHttpResponse(decodeResult: success, version: HTTP/1.1)
HTTP/1.1 200 OK
Content-Type: application/json; charset=utf-8
cache-control: no-cache
content-length: 575004

00:47:16.168 [AsyncHttpClient-1-14] DEBUG org.asynchttpclient.netty.channel.ChannelManager - Adding key: http://localhost:53209 for channel [id: 0xeee3f27e, L:/127.0.0.1:49894 - R:localhost/127.0.0.1:53209]
00:47:16.178 [main] DEBUG net.serenitybdd.core.photography.Darkroom - Send negative for processing for target\site\serenity\bdfb3257a55b5f729af578dfc1dc3a5762c89839bea5dc19984e34dd6640fee1.png
00:47:16.178 [main] DEBUG net.thucydides.core.steps.StepInterceptor - STEP DONE: clickloginButton
  &amp#27;[32mAnd &amp#27;[0m&amp#27;[32mclick login button&amp#27;[0m                                                                                         &amp#27;[90m# starter.definitions.LoginSteps.clickLoginButton()&amp#27;[0m
00:47:16.190 [main] DEBUG net.thucydides.core.steps.StepInterceptor - STARTING STEP: LoginSteps.clickSucsessLogin - sucseslogin
00:47:16.192 [Forwarding findElement on session f033e6055659a543b2c78f83e4dde29b to remote] DEBUG org.asynchttpclient.netty.request.NettyRequestSender - Using pooled Channel '[id: 0xeee3f27e, L:/127.0.0.1:49894 - R:localhost/127.0.0.1:53209]' for 'POST' to 'http://localhost:53209/session/f033e6055659a543b2c78f83e4dde29b/element'
00:47:16.192 [Forwarding findElement on session f033e6055659a543b2c78f83e4dde29b to remote] DEBUG org.asynchttpclient.netty.request.NettyRequestSender - Using open Channel [id: 0xeee3f27e, L:/127.0.0.1:49894 - R:localhost/127.0.0.1:53209] for POST '/session/f033e6055659a543b2c78f83e4dde29b/element'
00:47:16.279 [AsyncHttpClient-1-14] DEBUG org.asynchttpclient.netty.handler.HttpHandler - 

Request DefaultHttpRequest(decodeResult: success, version: HTTP/1.1)
POST /session/f033e6055659a543b2c78f83e4dde29b/element HTTP/1.1
User-Agent: selenium/4.1.2 (java windows)
Content-Length: 79
Content-Type: application/json; charset=utf-8
host: localhost:53209
accept: */*

Response DefaultHttpResponse(decodeResult: success, version: HTTP/1.1)
HTTP/1.1 200 OK
Content-Type: application/json; charset=utf-8
cache-control: no-cache
content-length: 88

00:47:16.279 [AsyncHttpClient-1-14] DEBUG org.asynchttpclient.netty.channel.ChannelManager - Adding key: http://localhost:53209 for channel [id: 0xeee3f27e, L:/127.0.0.1:49894 - R:localhost/127.0.0.1:53209]
00:47:16.281 [Forwarding getElementTagName on session f033e6055659a543b2c78f83e4dde29b to remote] DEBUG org.asynchttpclient.netty.request.NettyRequestSender - Using pooled Channel '[id: 0xeee3f27e, L:/127.0.0.1:49894 - R:localhost/127.0.0.1:53209]' for 'GET' to 'http://localhost:53209/session/f033e6055659a543b2c78f83e4dde29b/element/3ae8bbcf-388d-4225-9d39-bd422403ed84/name'
00:47:16.281 [Forwarding getElementTagName on session f033e6055659a543b2c78f83e4dde29b to remote] DEBUG org.asynchttpclient.netty.request.NettyRequestSender - Using open Channel [id: 0xeee3f27e, L:/127.0.0.1:49894 - R:localhost/127.0.0.1:53209] for GET '/session/f033e6055659a543b2c78f83e4dde29b/element/3ae8bbcf-388d-4225-9d39-bd422403ed84/name'
00:47:16.295 [AsyncHttpClient-1-1] DEBUG org.asynchttpclient.netty.channel.DefaultChannelPool - Entry count for : http://localhost:49895 : 1
00:47:16.370 [AsyncHttpClient-1-14] DEBUG org.asynchttpclient.netty.handler.HttpHandler - 

Request DefaultFullHttpRequest(decodeResult: success, version: HTTP/1.1, content: EmptyByteBufBE)
GET /session/f033e6055659a543b2c78f83e4dde29b/element/3ae8bbcf-388d-4225-9d39-bd422403ed84/name HTTP/1.1
User-Agent: selenium/4.1.2 (java windows)
Cache-Control: no-cache
Content-Type: application/json; charset=utf-8
host: localhost:53209
accept: */*

Response DefaultHttpResponse(decodeResult: success, version: HTTP/1.1)
HTTP/1.1 200 OK
Content-Type: application/json; charset=utf-8
cache-control: no-cache
content-length: 18

00:47:16.370 [AsyncHttpClient-1-14] DEBUG org.asynchttpclient.netty.channel.ChannelManager - Adding key: http://localhost:53209 for channel [id: 0xeee3f27e, L:/127.0.0.1:49894 - R:localhost/127.0.0.1:53209]
00:47:16.372 [Forwarding getElementTagName on session f033e6055659a543b2c78f83e4dde29b to remote] DEBUG org.asynchttpclient.netty.request.NettyRequestSender - Using pooled Channel '[id: 0xeee3f27e, L:/127.0.0.1:49894 - R:localhost/127.0.0.1:53209]' for 'GET' to 'http://localhost:53209/session/f033e6055659a543b2c78f83e4dde29b/element/3ae8bbcf-388d-4225-9d39-bd422403ed84/name'
00:47:16.372 [Forwarding getElementTagName on session f033e6055659a543b2c78f83e4dde29b to remote] DEBUG org.asynchttpclient.netty.request.NettyRequestSender - Using open Channel [id: 0xeee3f27e, L:/127.0.0.1:49894 - R:localhost/127.0.0.1:53209] for GET '/session/f033e6055659a543b2c78f83e4dde29b/element/3ae8bbcf-388d-4225-9d39-bd422403ed84/name'
00:47:16.396 [AsyncHttpClient-1-14] DEBUG org.asynchttpclient.netty.handler.HttpHandler - 

Request DefaultFullHttpRequest(decodeResult: success, version: HTTP/1.1, content: EmptyByteBufBE)
GET /session/f033e6055659a543b2c78f83e4dde29b/element/3ae8bbcf-388d-4225-9d39-bd422403ed84/name HTTP/1.1
User-Agent: selenium/4.1.2 (java windows)
Cache-Control: no-cache
Content-Type: application/json; charset=utf-8
host: localhost:53209
accept: */*

Response DefaultHttpResponse(decodeResult: success, version: HTTP/1.1)
HTTP/1.1 200 OK
Content-Type: application/json; charset=utf-8
cache-control: no-cache
content-length: 18

00:47:16.396 [AsyncHttpClient-1-14] DEBUG org.asynchttpclient.netty.channel.ChannelManager - Adding key: http://localhost:53209 for channel [id: 0xeee3f27e, L:/127.0.0.1:49894 - R:localhost/127.0.0.1:53209]
00:47:16.397 [Forwarding isElementEnabled on session f033e6055659a543b2c78f83e4dde29b to remote] DEBUG org.asynchttpclient.netty.request.NettyRequestSender - Using pooled Channel '[id: 0xeee3f27e, L:/127.0.0.1:49894 - R:localhost/127.0.0.1:53209]' for 'GET' to 'http://localhost:53209/session/f033e6055659a543b2c78f83e4dde29b/element/3ae8bbcf-388d-4225-9d39-bd422403ed84/enabled'
00:47:16.397 [Forwarding isElementEnabled on session f033e6055659a543b2c78f83e4dde29b to remote] DEBUG org.asynchttpclient.netty.request.NettyRequestSender - Using open Channel [id: 0xeee3f27e, L:/127.0.0.1:49894 - R:localhost/127.0.0.1:53209] for GET '/session/f033e6055659a543b2c78f83e4dde29b/element/3ae8bbcf-388d-4225-9d39-bd422403ed84/enabled'
00:47:16.443 [AsyncHttpClient-1-14] DEBUG org.asynchttpclient.netty.handler.HttpHandler - 

Request DefaultFullHttpRequest(decodeResult: success, version: HTTP/1.1, content: EmptyByteBufBE)
GET /session/f033e6055659a543b2c78f83e4dde29b/element/3ae8bbcf-388d-4225-9d39-bd422403ed84/enabled HTTP/1.1
User-Agent: selenium/4.1.2 (java windows)
Cache-Control: no-cache
Content-Type: application/json; charset=utf-8
host: localhost:53209
accept: */*

Response DefaultHttpResponse(decodeResult: success, version: HTTP/1.1)
HTTP/1.1 200 OK
Content-Type: application/json; charset=utf-8
cache-control: no-cache
content-length: 14

00:47:16.443 [AsyncHttpClient-1-14] DEBUG org.asynchttpclient.netty.channel.ChannelManager - Adding key: http://localhost:53209 for channel [id: 0xeee3f27e, L:/127.0.0.1:49894 - R:localhost/127.0.0.1:53209]
00:47:16.444 [Forwarding isElementEnabled on session f033e6055659a543b2c78f83e4dde29b to remote] DEBUG org.asynchttpclient.netty.request.NettyRequestSender - Using pooled Channel '[id: 0xeee3f27e, L:/127.0.0.1:49894 - R:localhost/127.0.0.1:53209]' for 'GET' to 'http://localhost:53209/session/f033e6055659a543b2c78f83e4dde29b/element/3ae8bbcf-388d-4225-9d39-bd422403ed84/enabled'
00:47:16.444 [Forwarding isElementEnabled on session f033e6055659a543b2c78f83e4dde29b to remote] DEBUG org.asynchttpclient.netty.request.NettyRequestSender - Using open Channel [id: 0xeee3f27e, L:/127.0.0.1:49894 - R:localhost/127.0.0.1:53209] for GET '/session/f033e6055659a543b2c78f83e4dde29b/element/3ae8bbcf-388d-4225-9d39-bd422403ed84/enabled'
00:47:16.545 [AsyncHttpClient-1-14] DEBUG org.asynchttpclient.netty.handler.HttpHandler - 

Request DefaultFullHttpRequest(decodeResult: success, version: HTTP/1.1, content: EmptyByteBufBE)
GET /session/f033e6055659a543b2c78f83e4dde29b/element/3ae8bbcf-388d-4225-9d39-bd422403ed84/enabled HTTP/1.1
User-Agent: selenium/4.1.2 (java windows)
Cache-Control: no-cache
Content-Type: application/json; charset=utf-8
host: localhost:53209
accept: */*

Response DefaultHttpResponse(decodeResult: success, version: HTTP/1.1)
HTTP/1.1 200 OK
Content-Type: application/json; charset=utf-8
cache-control: no-cache
content-length: 14

00:47:16.545 [AsyncHttpClient-1-14] DEBUG org.asynchttpclient.netty.channel.ChannelManager - Adding key: http://localhost:53209 for channel [id: 0xeee3f27e, L:/127.0.0.1:49894 - R:localhost/127.0.0.1:53209]
00:47:16.547 [Forwarding findElement on session f033e6055659a543b2c78f83e4dde29b to remote] DEBUG org.asynchttpclient.netty.request.NettyRequestSender - Using pooled Channel '[id: 0xeee3f27e, L:/127.0.0.1:49894 - R:localhost/127.0.0.1:53209]' for 'POST' to 'http://localhost:53209/session/f033e6055659a543b2c78f83e4dde29b/element'
00:47:16.547 [Forwarding findElement on session f033e6055659a543b2c78f83e4dde29b to remote] DEBUG org.asynchttpclient.netty.request.NettyRequestSender - Using open Channel [id: 0xeee3f27e, L:/127.0.0.1:49894 - R:localhost/127.0.0.1:53209] for POST '/session/f033e6055659a543b2c78f83e4dde29b/element'
00:47:16.611 [AsyncHttpClient-1-14] DEBUG org.asynchttpclient.netty.handler.HttpHandler - 

Request DefaultHttpRequest(decodeResult: success, version: HTTP/1.1)
POST /session/f033e6055659a543b2c78f83e4dde29b/element HTTP/1.1
User-Agent: selenium/4.1.2 (java windows)
Content-Length: 79
Content-Type: application/json; charset=utf-8
host: localhost:53209
accept: */*

Response DefaultHttpResponse(decodeResult: success, version: HTTP/1.1)
HTTP/1.1 200 OK
Content-Type: application/json; charset=utf-8
cache-control: no-cache
content-length: 88

00:47:16.611 [AsyncHttpClient-1-14] DEBUG org.asynchttpclient.netty.channel.ChannelManager - Adding key: http://localhost:53209 for channel [id: 0xeee3f27e, L:/127.0.0.1:49894 - R:localhost/127.0.0.1:53209]
00:47:16.612 [Forwarding clickElement on session f033e6055659a543b2c78f83e4dde29b to remote] DEBUG org.asynchttpclient.netty.request.NettyRequestSender - Using pooled Channel '[id: 0xeee3f27e, L:/127.0.0.1:49894 - R:localhost/127.0.0.1:53209]' for 'POST' to 'http://localhost:53209/session/f033e6055659a543b2c78f83e4dde29b/element/3ae8bbcf-388d-4225-9d39-bd422403ed84/click'
00:47:16.612 [Forwarding clickElement on session f033e6055659a543b2c78f83e4dde29b to remote] DEBUG org.asynchttpclient.netty.request.NettyRequestSender - Using open Channel [id: 0xeee3f27e, L:/127.0.0.1:49894 - R:localhost/127.0.0.1:53209] for POST '/session/f033e6055659a543b2c78f83e4dde29b/element/3ae8bbcf-388d-4225-9d39-bd422403ed84/click'
00:47:16.664 [AsyncHttpClient-1-14] DEBUG org.asynchttpclient.netty.handler.HttpHandler - 

Request DefaultHttpRequest(decodeResult: success, version: HTTP/1.1)
POST /session/f033e6055659a543b2c78f83e4dde29b/element/3ae8bbcf-388d-4225-9d39-bd422403ed84/click HTTP/1.1
User-Agent: selenium/4.1.2 (java windows)
Content-Length: 50
Content-Type: application/json; charset=utf-8
host: localhost:53209
accept: */*

Response DefaultHttpResponse(decodeResult: success, version: HTTP/1.1)
HTTP/1.1 200 OK
Content-Type: application/json; charset=utf-8
cache-control: no-cache
content-length: 14

00:47:16.664 [AsyncHttpClient-1-14] DEBUG org.asynchttpclient.netty.channel.ChannelManager - Adding key: http://localhost:53209 for channel [id: 0xeee3f27e, L:/127.0.0.1:49894 - R:localhost/127.0.0.1:53209]
00:47:16.668 [Forwarding screenshot on session f033e6055659a543b2c78f83e4dde29b to remote] DEBUG org.asynchttpclient.netty.request.NettyRequestSender - Using pooled Channel '[id: 0xeee3f27e, L:/127.0.0.1:49894 - R:localhost/127.0.0.1:53209]' for 'GET' to 'http://localhost:53209/session/f033e6055659a543b2c78f83e4dde29b/screenshot'
00:47:16.668 [Forwarding screenshot on session f033e6055659a543b2c78f83e4dde29b to remote] DEBUG org.asynchttpclient.netty.request.NettyRequestSender - Using open Channel [id: 0xeee3f27e, L:/127.0.0.1:49894 - R:localhost/127.0.0.1:53209] for GET '/session/f033e6055659a543b2c78f83e4dde29b/screenshot'
00:47:16.933 [AsyncHttpClient-1-14] DEBUG org.asynchttpclient.netty.handler.HttpHandler - 

Request DefaultFullHttpRequest(decodeResult: success, version: HTTP/1.1, content: EmptyByteBufBE)
GET /session/f033e6055659a543b2c78f83e4dde29b/screenshot HTTP/1.1
User-Agent: selenium/4.1.2 (java windows)
Cache-Control: no-cache
Content-Type: application/json; charset=utf-8
host: localhost:53209
accept: */*

Response DefaultHttpResponse(decodeResult: success, version: HTTP/1.1)
HTTP/1.1 200 OK
Content-Type: application/json; charset=utf-8
cache-control: no-cache
content-length: 120880

00:47:16.933 [AsyncHttpClient-1-14] DEBUG org.asynchttpclient.netty.channel.ChannelManager - Adding key: http://localhost:53209 for channel [id: 0xeee3f27e, L:/127.0.0.1:49894 - R:localhost/127.0.0.1:53209]
00:47:16.936 [main] DEBUG net.serenitybdd.core.photography.Darkroom - Send negative for processing for target\site\serenity\b59316d05dfcd3c2626915e823cedaf3c4a9c6812658dab31a9cb018a847645f.png
00:47:16.936 [main] DEBUG net.thucydides.core.steps.StepInterceptor - STEP DONE: sucseslogin
  &amp#27;[32mAnd &amp#27;[0m&amp#27;[32mclick sucsess login&amp#27;[0m                                                                                        &amp#27;[90m# starter.definitions.LoginSteps.clickSucsessLogin()&amp#27;[0m
00:47:16.936 [Darkroom Processing Line] DEBUG net.serenitybdd.core.photography.DarkroomProcessingLine - Processing screenshot image in /var/screenshots/screenshot-8960530913447640959
00:47:16.936 [Darkroom Processing Line] DEBUG net.serenitybdd.core.photography.DarkroomProcessingLine - Saving screenshot to target\site\serenity\b59316d05dfcd3c2626915e823cedaf3c4a9c6812658dab31a9cb018a847645f.png
00:47:16.953 [main] DEBUG net.thucydides.core.steps.StepInterceptor - STARTING STEP: DashboardSteps.adminOnTheDashboardPage - dashboardpage
00:47:16.956 [Forwarding findElement on session f033e6055659a543b2c78f83e4dde29b to remote] DEBUG org.asynchttpclient.netty.request.NettyRequestSender - Using pooled Channel '[id: 0xeee3f27e, L:/127.0.0.1:49894 - R:localhost/127.0.0.1:53209]' for 'POST' to 'http://localhost:53209/session/f033e6055659a543b2c78f83e4dde29b/element'
00:47:16.956 [Forwarding findElement on session f033e6055659a543b2c78f83e4dde29b to remote] DEBUG org.asynchttpclient.netty.request.NettyRequestSender - Using open Channel [id: 0xeee3f27e, L:/127.0.0.1:49894 - R:localhost/127.0.0.1:53209] for POST '/session/f033e6055659a543b2c78f83e4dde29b/element'
00:47:16.983 [AsyncHttpClient-1-14] DEBUG org.asynchttpclient.netty.handler.HttpHandler - 

Request DefaultHttpRequest(decodeResult: success, version: HTTP/1.1)
POST /session/f033e6055659a543b2c78f83e4dde29b/element HTTP/1.1
User-Agent: selenium/4.1.2 (java windows)
Content-Length: 82
Content-Type: application/json; charset=utf-8
host: localhost:53209
accept: */*

Response DefaultHttpResponse(decodeResult: success, version: HTTP/1.1)
HTTP/1.1 200 OK
Content-Type: application/json; charset=utf-8
cache-control: no-cache
content-length: 88

00:47:16.983 [AsyncHttpClient-1-14] DEBUG org.asynchttpclient.netty.channel.ChannelManager - Adding key: http://localhost:53209 for channel [id: 0xeee3f27e, L:/127.0.0.1:49894 - R:localhost/127.0.0.1:53209]
00:47:16.986 [Forwarding isElementDisplayed on session f033e6055659a543b2c78f83e4dde29b to remote] DEBUG org.asynchttpclient.netty.request.NettyRequestSender - Using pooled Channel '[id: 0xeee3f27e, L:/127.0.0.1:49894 - R:localhost/127.0.0.1:53209]' for 'POST' to 'http://localhost:53209/session/f033e6055659a543b2c78f83e4dde29b/execute/sync'
00:47:16.986 [Forwarding isElementDisplayed on session f033e6055659a543b2c78f83e4dde29b to remote] DEBUG org.asynchttpclient.netty.request.NettyRequestSender - Using open Channel [id: 0xeee3f27e, L:/127.0.0.1:49894 - R:localhost/127.0.0.1:53209] for POST '/session/f033e6055659a543b2c78f83e4dde29b/execute/sync'
00:47:17.018 [AsyncHttpClient-1-14] DEBUG org.asynchttpclient.netty.handler.HttpHandler - 

Request DefaultHttpRequest(decodeResult: success, version: HTTP/1.1)
POST /session/f033e6055659a543b2c78f83e4dde29b/execute/sync HTTP/1.1
User-Agent: selenium/4.1.2 (java windows)
Content-Length: 48780
Content-Type: application/json; charset=utf-8
host: localhost:53209
accept: */*

Response DefaultHttpResponse(decodeResult: success, version: HTTP/1.1)
HTTP/1.1 200 OK
Content-Type: application/json; charset=utf-8
cache-control: no-cache
content-length: 14

00:47:17.018 [AsyncHttpClient-1-14] DEBUG org.asynchttpclient.netty.channel.ChannelManager - Adding key: http://localhost:53209 for channel [id: 0xeee3f27e, L:/127.0.0.1:49894 - R:localhost/127.0.0.1:53209]
00:47:17.023 [Forwarding screenshot on session f033e6055659a543b2c78f83e4dde29b to remote] DEBUG org.asynchttpclient.netty.request.NettyRequestSender - Using pooled Channel '[id: 0xeee3f27e, L:/127.0.0.1:49894 - R:localhost/127.0.0.1:53209]' for 'GET' to 'http://localhost:53209/session/f033e6055659a543b2c78f83e4dde29b/screenshot'
00:47:17.023 [Forwarding screenshot on session f033e6055659a543b2c78f83e4dde29b to remote] DEBUG org.asynchttpclient.netty.request.NettyRequestSender - Using open Channel [id: 0xeee3f27e, L:/127.0.0.1:49894 - R:localhost/127.0.0.1:53209] for GET '/session/f033e6055659a543b2c78f83e4dde29b/screenshot'
00:47:17.269 [AsyncHttpClient-1-14] DEBUG org.asynchttpclient.netty.handler.HttpHandler - 

Request DefaultFullHttpRequest(decodeResult: success, version: HTTP/1.1, content: EmptyByteBufBE)
GET /session/f033e6055659a543b2c78f83e4dde29b/screenshot HTTP/1.1
User-Agent: selenium/4.1.2 (java windows)
Cache-Control: no-cache
Content-Type: application/json; charset=utf-8
host: localhost:53209
accept: */*

Response DefaultHttpResponse(decodeResult: success, version: HTTP/1.1)
HTTP/1.1 200 OK
Content-Type: application/json; charset=utf-8
cache-control: no-cache
content-length: 125452

00:47:17.270 [AsyncHttpClient-1-14] DEBUG org.asynchttpclient.netty.channel.ChannelManager - Adding key: http://localhost:53209 for channel [id: 0xeee3f27e, L:/127.0.0.1:49894 - R:localhost/127.0.0.1:53209]
00:47:17.273 [main] DEBUG net.serenitybdd.core.photography.Darkroom - Send negative for processing for target\site\serenity\75fcd1c21391c268588b0da0f6462627a8577aa49806041d8968c559ddf1746f.png
00:47:17.273 [main] DEBUG net.thucydides.core.steps.StepInterceptor - STEP DONE: dashboardpage
  &amp#27;[32mGiven &amp#27;[0m&amp#27;[32mAdmin on the dashboard page&amp#27;[0m                                                                              &amp#27;[90m# starter.definitions.DashboardSteps.adminOnTheDashboardPage()&amp#27;[0m
00:47:17.274 [Darkroom Processing Line] DEBUG net.serenitybdd.core.photography.DarkroomProcessingLine - Processing screenshot image in /var/screenshots/screenshot-721308224943218371
00:47:17.274 [Darkroom Processing Line] DEBUG net.serenitybdd.core.photography.DarkroomProcessingLine - Saving screenshot to target\site\serenity\75fcd1c21391c268588b0da0f6462627a8577aa49806041d8968c559ddf1746f.png
00:47:17.285 [main] DEBUG net.thucydides.core.steps.StepInterceptor - STARTING STEP: DashboardSteps.adminLookOnTheDashboardPageAndLookAnalyticsOnTheDashbordAndClickTotalUserAndTotalMember - looktotalmemberanduser
00:47:17.288 [Forwarding findElement on session f033e6055659a543b2c78f83e4dde29b to remote] DEBUG org.asynchttpclient.netty.request.NettyRequestSender - Using pooled Channel '[id: 0xeee3f27e, L:/127.0.0.1:49894 - R:localhost/127.0.0.1:53209]' for 'POST' to 'http://localhost:53209/session/f033e6055659a543b2c78f83e4dde29b/element'
00:47:17.288 [Forwarding findElement on session f033e6055659a543b2c78f83e4dde29b to remote] DEBUG org.asynchttpclient.netty.request.NettyRequestSender - Using open Channel [id: 0xeee3f27e, L:/127.0.0.1:49894 - R:localhost/127.0.0.1:53209] for POST '/session/f033e6055659a543b2c78f83e4dde29b/element'
00:47:17.305 [AsyncHttpClient-1-14] DEBUG org.asynchttpclient.netty.handler.HttpHandler - 

Request DefaultHttpRequest(decodeResult: success, version: HTTP/1.1)
POST /session/f033e6055659a543b2c78f83e4dde29b/element HTTP/1.1
User-Agent: selenium/4.1.2 (java windows)
Content-Length: 78
Content-Type: application/json; charset=utf-8
host: localhost:53209
accept: */*

Response DefaultHttpResponse(decodeResult: success, version: HTTP/1.1)
HTTP/1.1 200 OK
Content-Type: application/json; charset=utf-8
cache-control: no-cache
content-length: 88

00:47:17.305 [AsyncHttpClient-1-14] DEBUG org.asynchttpclient.netty.channel.ChannelManager - Adding key: http://localhost:53209 for channel [id: 0xeee3f27e, L:/127.0.0.1:49894 - R:localhost/127.0.0.1:53209]
00:47:17.306 [Forwarding getElementTagName on session f033e6055659a543b2c78f83e4dde29b to remote] DEBUG org.asynchttpclient.netty.request.NettyRequestSender - Using pooled Channel '[id: 0xeee3f27e, L:/127.0.0.1:49894 - R:localhost/127.0.0.1:53209]' for 'GET' to 'http://localhost:53209/session/f033e6055659a543b2c78f83e4dde29b/element/9a34a839-502e-425f-9aa8-0167191e47bf/name'
00:47:17.306 [Forwarding getElementTagName on session f033e6055659a543b2c78f83e4dde29b to remote] DEBUG org.asynchttpclient.netty.request.NettyRequestSender - Using open Channel [id: 0xeee3f27e, L:/127.0.0.1:49894 - R:localhost/127.0.0.1:53209] for GET '/session/f033e6055659a543b2c78f83e4dde29b/element/9a34a839-502e-425f-9aa8-0167191e47bf/name'
00:47:17.318 [AsyncHttpClient-1-14] DEBUG org.asynchttpclient.netty.handler.HttpHandler - 

Request DefaultFullHttpRequest(decodeResult: success, version: HTTP/1.1, content: EmptyByteBufBE)
GET /session/f033e6055659a543b2c78f83e4dde29b/element/9a34a839-502e-425f-9aa8-0167191e47bf/name HTTP/1.1
User-Agent: selenium/4.1.2 (java windows)
Cache-Control: no-cache
Content-Type: application/json; charset=utf-8
host: localhost:53209
accept: */*

Response DefaultHttpResponse(decodeResult: success, version: HTTP/1.1)
HTTP/1.1 200 OK
Content-Type: application/json; charset=utf-8
cache-control: no-cache
content-length: 18

00:47:17.318 [AsyncHttpClient-1-14] DEBUG org.asynchttpclient.netty.channel.ChannelManager - Adding key: http://localhost:53209 for channel [id: 0xeee3f27e, L:/127.0.0.1:49894 - R:localhost/127.0.0.1:53209]
00:47:17.319 [Forwarding getElementTagName on session f033e6055659a543b2c78f83e4dde29b to remote] DEBUG org.asynchttpclient.netty.request.NettyRequestSender - Using pooled Channel '[id: 0xeee3f27e, L:/127.0.0.1:49894 - R:localhost/127.0.0.1:53209]' for 'GET' to 'http://localhost:53209/session/f033e6055659a543b2c78f83e4dde29b/element/9a34a839-502e-425f-9aa8-0167191e47bf/name'
00:47:17.319 [Forwarding getElementTagName on session f033e6055659a543b2c78f83e4dde29b to remote] DEBUG org.asynchttpclient.netty.request.NettyRequestSender - Using open Channel [id: 0xeee3f27e, L:/127.0.0.1:49894 - R:localhost/127.0.0.1:53209] for GET '/session/f033e6055659a543b2c78f83e4dde29b/element/9a34a839-502e-425f-9aa8-0167191e47bf/name'
00:47:17.335 [AsyncHttpClient-1-14] DEBUG org.asynchttpclient.netty.handler.HttpHandler - 

Request DefaultFullHttpRequest(decodeResult: success, version: HTTP/1.1, content: EmptyByteBufBE)
GET /session/f033e6055659a543b2c78f83e4dde29b/element/9a34a839-502e-425f-9aa8-0167191e47bf/name HTTP/1.1
User-Agent: selenium/4.1.2 (java windows)
Cache-Control: no-cache
Content-Type: application/json; charset=utf-8
host: localhost:53209
accept: */*

Response DefaultHttpResponse(decodeResult: success, version: HTTP/1.1)
HTTP/1.1 200 OK
Content-Type: application/json; charset=utf-8
cache-control: no-cache
content-length: 18

00:47:17.335 [AsyncHttpClient-1-14] DEBUG org.asynchttpclient.netty.channel.ChannelManager - Adding key: http://localhost:53209 for channel [id: 0xeee3f27e, L:/127.0.0.1:49894 - R:localhost/127.0.0.1:53209]
00:47:17.337 [Forwarding findElement on session f033e6055659a543b2c78f83e4dde29b to remote] DEBUG org.asynchttpclient.netty.request.NettyRequestSender - Using pooled Channel '[id: 0xeee3f27e, L:/127.0.0.1:49894 - R:localhost/127.0.0.1:53209]' for 'POST' to 'http://localhost:53209/session/f033e6055659a543b2c78f83e4dde29b/element'
00:47:17.337 [Forwarding findElement on session f033e6055659a543b2c78f83e4dde29b to remote] DEBUG org.asynchttpclient.netty.request.NettyRequestSender - Using open Channel [id: 0xeee3f27e, L:/127.0.0.1:49894 - R:localhost/127.0.0.1:53209] for POST '/session/f033e6055659a543b2c78f83e4dde29b/element'
00:47:17.357 [AsyncHttpClient-1-14] DEBUG org.asynchttpclient.netty.handler.HttpHandler - 

Request DefaultHttpRequest(decodeResult: success, version: HTTP/1.1)
POST /session/f033e6055659a543b2c78f83e4dde29b/element HTTP/1.1
User-Agent: selenium/4.1.2 (java windows)
Content-Length: 78
Content-Type: application/json; charset=utf-8
host: localhost:53209
accept: */*

Response DefaultHttpResponse(decodeResult: success, version: HTTP/1.1)
HTTP/1.1 200 OK
Content-Type: application/json; charset=utf-8
cache-control: no-cache
content-length: 88

00:47:17.357 [AsyncHttpClient-1-14] DEBUG org.asynchttpclient.netty.channel.ChannelManager - Adding key: http://localhost:53209 for channel [id: 0xeee3f27e, L:/127.0.0.1:49894 - R:localhost/127.0.0.1:53209]
00:47:17.358 [Forwarding clickElement on session f033e6055659a543b2c78f83e4dde29b to remote] DEBUG org.asynchttpclient.netty.request.NettyRequestSender - Using pooled Channel '[id: 0xeee3f27e, L:/127.0.0.1:49894 - R:localhost/127.0.0.1:53209]' for 'POST' to 'http://localhost:53209/session/f033e6055659a543b2c78f83e4dde29b/element/9a34a839-502e-425f-9aa8-0167191e47bf/click'
00:47:17.359 [Forwarding clickElement on session f033e6055659a543b2c78f83e4dde29b to remote] DEBUG org.asynchttpclient.netty.request.NettyRequestSender - Using open Channel [id: 0xeee3f27e, L:/127.0.0.1:49894 - R:localhost/127.0.0.1:53209] for POST '/session/f033e6055659a543b2c78f83e4dde29b/element/9a34a839-502e-425f-9aa8-0167191e47bf/click'
00:47:17.391 [AsyncHttpClient-1-1] DEBUG org.asynchttpclient.netty.channel.DefaultChannelPool - Entry count for : http://localhost:49895 : 1
00:47:17.409 [AsyncHttpClient-1-14] DEBUG org.asynchttpclient.netty.handler.HttpHandler - 

Request DefaultHttpRequest(decodeResult: success, version: HTTP/1.1)
POST /session/f033e6055659a543b2c78f83e4dde29b/element/9a34a839-502e-425f-9aa8-0167191e47bf/click HTTP/1.1
User-Agent: selenium/4.1.2 (java windows)
Content-Length: 50
Content-Type: application/json; charset=utf-8
host: localhost:53209
accept: */*

Response DefaultHttpResponse(decodeResult: success, version: HTTP/1.1)
HTTP/1.1 200 OK
Content-Type: application/json; charset=utf-8
cache-control: no-cache
content-length: 14

00:47:17.409 [AsyncHttpClient-1-14] DEBUG org.asynchttpclient.netty.channel.ChannelManager - Adding key: http://localhost:53209 for channel [id: 0xeee3f27e, L:/127.0.0.1:49894 - R:localhost/127.0.0.1:53209]
00:47:17.414 [Forwarding screenshot on session f033e6055659a543b2c78f83e4dde29b to remote] DEBUG org.asynchttpclient.netty.request.NettyRequestSender - Using pooled Channel '[id: 0xeee3f27e, L:/127.0.0.1:49894 - R:localhost/127.0.0.1:53209]' for 'GET' to 'http://localhost:53209/session/f033e6055659a543b2c78f83e4dde29b/screenshot'
00:47:17.414 [Forwarding screenshot on session f033e6055659a543b2c78f83e4dde29b to remote] DEBUG org.asynchttpclient.netty.request.NettyRequestSender - Using open Channel [id: 0xeee3f27e, L:/127.0.0.1:49894 - R:localhost/127.0.0.1:53209] for GET '/session/f033e6055659a543b2c78f83e4dde29b/screenshot'
00:47:17.648 [AsyncHttpClient-1-14] DEBUG org.asynchttpclient.netty.handler.HttpHandler - 

Request DefaultFullHttpRequest(decodeResult: success, version: HTTP/1.1, content: EmptyByteBufBE)
GET /session/f033e6055659a543b2c78f83e4dde29b/screenshot HTTP/1.1
User-Agent: selenium/4.1.2 (java windows)
Cache-Control: no-cache
Content-Type: application/json; charset=utf-8
host: localhost:53209
accept: */*

Response DefaultHttpResponse(decodeResult: success, version: HTTP/1.1)
HTTP/1.1 200 OK
Content-Type: application/json; charset=utf-8
cache-control: no-cache
content-length: 126132

00:47:17.648 [AsyncHttpClient-1-14] DEBUG org.asynchttpclient.netty.channel.ChannelManager - Adding key: http://localhost:53209 for channel [id: 0xeee3f27e, L:/127.0.0.1:49894 - R:localhost/127.0.0.1:53209]
00:47:17.651 [main] DEBUG net.serenitybdd.core.photography.Darkroom - Send negative for processing for target\site\serenity\f0724831029e7f58aef92c686365e04a5b819d8a7edacd0d3385ab200a5a352b.png
00:47:17.651 [main] DEBUG net.thucydides.core.steps.StepInterceptor - STEP DONE: looktotalmemberanduser
  &amp#27;[32mWhen &amp#27;[0m&amp#27;[32madmin look on the dashboard page and look analytics on the dashbord and click total user and total member&amp#27;[0m &amp#27;[90m# starter.definitions.DashboardSteps.adminLookOnTheDashboardPageAndLookAnalyticsOnTheDashbordAndClickTotalUserAndTotalMember()&amp#27;[0m
00:47:17.652 [Darkroom Processing Line] DEBUG net.serenitybdd.core.photography.DarkroomProcessingLine - Processing screenshot image in /var/screenshots/screenshot-3115165078556473135
00:47:17.652 [Darkroom Processing Line] DEBUG net.serenitybdd.core.photography.DarkroomProcessingLine - Saving screenshot to target\site\serenity\f0724831029e7f58aef92c686365e04a5b819d8a7edacd0d3385ab200a5a352b.png
  &amp#27;[32mThen &amp#27;[0m&amp#27;[32madmin sucsess click total user and total member&amp#27;[0m                                                           &amp#27;[90m# starter.definitions.DashboardSteps.adminSucsessClickTotalUserAndTotalMember()&amp#27;[0m
00:47:17.664 [main] INFO  - 
  _____   ___   ___   _____     ___     _     ___   ___   ___   ___  
 |_   _| | __| / __| |_   _|   | _ \   /_\   / __| / __| | __| |   \ 
   | |   | _|  \__ \   | |     |  _/  / _ \  \__ \ \__ \ | _|  | |) |
   |_|   |___| |___/   |_|     |_|   /_/ \_\ |___/ |___/ |___| |___/ 

admin close total user and total mamber on the analytic dashbord
----------------------------------------------------------------------
00:47:17.665 [AsyncHttpClient-1-16] DEBUG org.asynchttpclient.netty.handler.WebSocketHandler - Channel Closed: [id: 0x04675efd, L:/127.0.0.1:49903 ! R:localhost/127.0.0.1:49895] with attribute NettyResponseFuture{currentRetry=5,
	isDone=1,
	isCancelled=0,
	asyncHandler=org.asynchttpclient.ws.WebSocketUpgradeHandler@639cfef2,
	nettyRequest=org.asynchttpclient.netty.request.NettyRequest@322a3a1e,
	future=java.util.concurrent.CompletableFuture@5684d073[Completed normally],
	uri=ws://localhost:49895/devtools/browser/79c7f2a1-6a76-41e7-8745-4b23aeab5d84,
	keepAlive=true,
	redirectCount=0,
	timeoutsHolder=null,
	inAuth=0,
	touch=1658422030885}
00:47:17.665 [AsyncHttpClient-1-16] DEBUG org.asynchttpclient.netty.channel.ChannelManager - Closing Channel [id: 0x04675efd, L:/127.0.0.1:49903 ! R:localhost/127.0.0.1:49895] 
00:47:17.669 [Driver Command Executor] DEBUG org.asynchttpclient.netty.request.NettyRequestSender - Using pooled Channel '[id: 0xeee3f27e, L:/127.0.0.1:49894 - R:localhost/127.0.0.1:53209]' for 'DELETE' to 'http://localhost:53209/session/f033e6055659a543b2c78f83e4dde29b'
00:47:17.669 [Driver Command Executor] DEBUG org.asynchttpclient.netty.request.NettyRequestSender - Using open Channel [id: 0xeee3f27e, L:/127.0.0.1:49894 - R:localhost/127.0.0.1:53209] for DELETE '/session/f033e6055659a543b2c78f83e4dde29b'
00:47:17.942 [AsyncHttpClient-1-15] DEBUG org.asynchttpclient.netty.handler.HttpHandler - Unexpected I/O exception on channel [id: 0xecd1bb49, L:/127.0.0.1:49902 - R:localhost/127.0.0.1:49895]
java.net.SocketException: Connection reset
	at java.base/sun.nio.ch.SocketChannelImpl.throwConnectionReset(SocketChannelImpl.java:394)
	at java.base/sun.nio.ch.SocketChannelImpl.read(SocketChannelImpl.java:426)
	at io.netty.buffer.PooledByteBuf.setBytes(PooledByteBuf.java:258)
	at io.netty.buffer.AbstractByteBuf.writeBytes(AbstractByteBuf.java:1132)
	at io.netty.channel.socket.nio.NioSocketChannel.doReadBytes(NioSocketChannel.java:350)
	at io.netty.channel.nio.AbstractNioByteChannel$NioByteUnsafe.read(AbstractNioByteChannel.java:151)
	at io.netty.channel.nio.NioEventLoop.processSelectedKey(NioEventLoop.java:722)
	at io.netty.channel.nio.NioEventLoop.processSelectedKeysOptimized(NioEventLoop.java:658)
	at io.netty.channel.nio.NioEventLoop.processSelectedKeys(NioEventLoop.java:584)
	at io.netty.channel.nio.NioEventLoop.run(NioEventLoop.java:496)
	at io.netty.util.concurrent.SingleThreadEventExecutor$4.run(SingleThreadEventExecutor.java:986)
	at io.netty.util.internal.ThreadExecutorMap$2.run(ThreadExecutorMap.java:74)
	at io.netty.util.concurrent.FastThreadLocalRunnable.run(FastThreadLocalRunnable.java:30)
	at java.base/java.lang.Thread.run(Thread.java:833)
00:47:17.942 [AsyncHttpClient-1-15] DEBUG org.asynchttpclient.netty.channel.ChannelManager - Closing Channel [id: 0xecd1bb49, L:/127.0.0.1:49902 - R:localhost/127.0.0.1:49895] 
00:47:17.942 [AsyncHttpClient-1-15] DEBUG org.asynchttpclient.netty.handler.HttpHandler - Channel Closed: [id: 0xecd1bb49, L:/127.0.0.1:49902 ! R:localhost/127.0.0.1:49895] with attribute DISCARD
00:47:17.993 [AsyncHttpClient-1-14] DEBUG org.asynchttpclient.netty.handler.HttpHandler - 

Request DefaultFullHttpRequest(decodeResult: success, version: HTTP/1.1, content: EmptyByteBufBE)
DELETE /session/f033e6055659a543b2c78f83e4dde29b HTTP/1.1
User-Agent: selenium/4.1.2 (java windows)
Content-Type: application/json; charset=utf-8
host: localhost:53209
accept: */*

Response DefaultHttpResponse(decodeResult: success, version: HTTP/1.1)
HTTP/1.1 200 OK
Content-Type: application/json; charset=utf-8
cache-control: no-cache
content-length: 14

00:47:17.993 [AsyncHttpClient-1-14] DEBUG org.asynchttpclient.netty.channel.ChannelManager - Adding key: http://localhost:53209 for channel [id: 0xeee3f27e, L:/127.0.0.1:49894 - R:localhost/127.0.0.1:53209]
00:47:18.491 [AsyncHttpClient-1-1] DEBUG org.asynchttpclient.netty.channel.DefaultChannelPool - Entry count for : http://localhost:49895 : 1
00:47:18.491 [AsyncHttpClient-1-1] DEBUG org.asynchttpclient.netty.channel.DefaultChannelPool - Entry count for : http://localhost:53209 : 1
00:47:18.491 [AsyncHttpClient-1-1] DEBUG org.asynchttpclient.netty.channel.DefaultChannelPool - Adding Candidate expired Channel [id: 0xecd1bb49, L:/127.0.0.1:49902 ! R:localhost/127.0.0.1:49895] isIdleTimeoutExpired=false isRemotelyClosed=true isTtlExpired=false
00:47:18.491 [AsyncHttpClient-1-1] DEBUG org.asynchttpclient.netty.channel.DefaultChannelPool - Closing Idle Channel [id: 0xecd1bb49, L:/127.0.0.1:49902 ! R:localhost/127.0.0.1:49895]
00:47:18.491 [AsyncHttpClient-1-1] DEBUG org.asynchttpclient.netty.channel.DefaultChannelPool - Closed 1 connections out of 2 in 0 ms
00:47:19.027 [AsyncHttpClient-1-14] DEBUG org.asynchttpclient.netty.handler.HttpHandler - Unexpected I/O exception on channel [id: 0xeee3f27e, L:/127.0.0.1:49894 - R:localhost/127.0.0.1:53209]
java.net.SocketException: Connection reset
	at java.base/sun.nio.ch.SocketChannelImpl.throwConnectionReset(SocketChannelImpl.java:394)
	at java.base/sun.nio.ch.SocketChannelImpl.read(SocketChannelImpl.java:426)
	at io.netty.buffer.PooledByteBuf.setBytes(PooledByteBuf.java:258)
	at io.netty.buffer.AbstractByteBuf.writeBytes(AbstractByteBuf.java:1132)
	at io.netty.channel.socket.nio.NioSocketChannel.doReadBytes(NioSocketChannel.java:350)
	at io.netty.channel.nio.AbstractNioByteChannel$NioByteUnsafe.read(AbstractNioByteChannel.java:151)
	at io.netty.channel.nio.NioEventLoop.processSelectedKey(NioEventLoop.java:722)
	at io.netty.channel.nio.NioEventLoop.processSelectedKeysOptimized(NioEventLoop.java:658)
	at io.netty.channel.nio.NioEventLoop.processSelectedKeys(NioEventLoop.java:584)
	at io.netty.channel.nio.NioEventLoop.run(NioEventLoop.java:496)
	at io.netty.util.concurrent.SingleThreadEventExecutor$4.run(SingleThreadEventExecutor.java:986)
	at io.netty.util.internal.ThreadExecutorMap$2.run(ThreadExecutorMap.java:74)
	at io.netty.util.concurrent.FastThreadLocalRunnable.run(FastThreadLocalRunnable.java:30)
	at java.base/java.lang.Thread.run(Thread.java:833)
00:47:19.027 [AsyncHttpClient-1-14] DEBUG org.asynchttpclient.netty.channel.ChannelManager - Closing Channel [id: 0xeee3f27e, L:/127.0.0.1:49894 - R:localhost/127.0.0.1:53209] 
00:47:19.027 [AsyncHttpClient-1-14] DEBUG org.asynchttpclient.netty.handler.HttpHandler - Channel Closed: [id: 0xeee3f27e, L:/127.0.0.1:49894 ! R:localhost/127.0.0.1:53209] with attribute DISCARD
]]></system-out>
    <system-err><![CDATA[Starting ChromeDriver 103.0.5060.134 (8ec6fce403b3feb0869b0732eda8bd95011d333c-refs/branch-heads/5060@{#1262}) on port 53209
Only local connections are allowed.
Please see https://chromedriver.chromium.org/security-considerations for suggestions on keeping ChromeDriver safe.
ChromeDriver was started successfully.
Jul 22, 2022 12:47:10 AM org.openqa.selenium.remote.ProtocolHandshake createSession
INFO: Detected dialect: W3C
Jul 22, 2022 12:47:10 AM org.openqa.selenium.devtools.CdpVersionFinder findNearestMatch
WARNING: Unable to find an exact match for CDP version 103, so returning the closest version found: a no-op implementation
Jul 22, 2022 12:47:10 AM org.openqa.selenium.devtools.CdpVersionFinder findNearestMatch
INFO: Unable to find CDP implementation matching 103.
Jul 22, 2022 12:47:10 AM org.openqa.selenium.chromium.ChromiumDriver lambda$new$3
WARNING: Unable to find version of CDP to use for . You may need to include a dependency on a specific version of the CDP using something similar to `org.seleniumhq.selenium:selenium-devtools-v86:4.1.2` where the version ("v86") matches the version of the chromium-based browser you're using and the version number of the artifact is the same as Selenium's.
]]></system-err>
  </testcase>
  <testcase name="admin add new admin" classname="admin see detail manageadmin page" time="14.972">
    <system-out><![CDATA[00:47:19.112 [main] INFO io.cucumber.core.plugin.SerenityReporter - Running feature from file:///D:/capstone%20projek/web%20testing/src/test/resources/features/manageadmin.feature
00:47:19.113 [main] DEBUG net.thucydides.core.steps.StepEventBus - Test suite started for story net.thucydides.core.model.Story@27d4725c
00:47:19.113 [main] INFO  - Test Suite Started: admin see detail manageadmin page

@manage
Scenario: admin add new admin                                       &amp#27;[90m# src/test/resources/features/manageadmin.feature:10&amp#27;[0m
00:47:19.120 [main] INFO io.cucumber.core.plugin.SerenityReporter - Running feature from file:///D:/capstone%20projek/web%20testing/src/test/resources/features/manageadmin.feature
00:47:19.121 [main] INFO  - 
  _____   ___   ___   _____     ___   _____     _     ___   _____   ___   ___  
 |_   _| | __| / __| |_   _|   / __| |_   _|   /_\   | _ \ |_   _| | __| |   \ 
   | |   | _|  \__ \   | |     \__ \   | |    / _ \  |   /   | |   | _|  | |) |
   |_|   |___| |___/   |_|     |___/   |_|   /_/ \_\ |_|_\   |_|   |___| |___/ 

admin add new admin(admin-see-detail-manageadmin-page;admin-add-new-admin)
--------------------------------------------------------------------------------
00:47:19.132 [main] DEBUG net.thucydides.core.steps.StepInterceptor - STARTING STEP: LoginSteps.adminOnLoginPage - openPage
00:47:19.133 [main] INFO net.serenitybdd.core.webdriver.driverproviders.ChromeDriverProvider - Using automatically driver download
00:47:19.256 [main] DEBUG io.github.bonigarcia.wdm.cache.ResolutionCache - Resolution chrome=103 in cache (valid until 01:32:20 22/07/2022 WITA)
00:47:19.258 [main] DEBUG io.github.bonigarcia.wdm.cache.ResolutionCache - Resolution chrome103=103.0.5060.134 in cache (valid until 21:05:58 22/07/2022 WITA)
00:47:19.259 [main] INFO io.github.bonigarcia.wdm.WebDriverManager - Using chromedriver 103.0.5060.134 (resolved driver for Chrome 103)
00:47:19.271 [main] DEBUG io.github.bonigarcia.wdm.WebDriverManager - Driver chromedriver 103.0.5060.134 found in cache
00:47:19.273 [main] INFO io.github.bonigarcia.wdm.WebDriverManager - Exporting webdriver.chrome.driver as C:\Users\Rev\.cache\selenium\chromedriver\win32\103.0.5060.134\chromedriver.exe
00:47:19.449 [main] DEBUG net.serenitybdd.core.webdriver.driverproviders.ProvideNewDriver - Instantiating driver
00:47:19.449 [main] DEBUG net.serenitybdd.core.webdriver.driverproviders.ProvideNewDriver - Driver capabilities: Capabilities {acceptInsecureCerts: false, base.url: https://sportly.rafdev.my.id/, browserName: chrome, chrome.driver: webdriver/chromedriver.exe, driver: chrome, goog:chromeOptions: {args: [], extensions: []}}
00:47:19.587 [AsyncHttpClient-1-1] DEBUG org.asynchttpclient.netty.channel.DefaultChannelPool - Entry count for : http://localhost:53209 : 1
00:47:19.587 [AsyncHttpClient-1-1] DEBUG org.asynchttpclient.netty.channel.DefaultChannelPool - Adding Candidate expired Channel [id: 0xeee3f27e, L:/127.0.0.1:49894 ! R:localhost/127.0.0.1:53209] isIdleTimeoutExpired=false isRemotelyClosed=true isTtlExpired=false
00:47:19.587 [AsyncHttpClient-1-1] DEBUG org.asynchttpclient.netty.channel.DefaultChannelPool - Closing Idle Channel [id: 0xeee3f27e, L:/127.0.0.1:49894 ! R:localhost/127.0.0.1:53209]
00:47:19.588 [AsyncHttpClient-1-1] DEBUG org.asynchttpclient.netty.channel.DefaultChannelPool - Closed 1 connections out of 1 in 1 ms
00:47:19.844 [AsyncHttpClient-1-17] DEBUG org.asynchttpclient.netty.channel.NettyConnectListener - Using new Channel '[id: 0x4f27f1e1, L:/127.0.0.1:49932 - R:localhost/127.0.0.1:62608]' for 'POST' to '/session'
00:47:20.757 [AsyncHttpClient-1-17] DEBUG org.asynchttpclient.netty.handler.HttpHandler - 

Request DefaultHttpRequest(decodeResult: success, version: HTTP/1.1)
POST /session HTTP/1.1
User-Agent: selenium/4.1.2 (java windows)
Content-Length: 581
Content-Type: application/json; charset=utf-8
host: localhost:62608
accept: */*

Response DefaultHttpResponse(decodeResult: success, version: HTTP/1.1)
HTTP/1.1 200 OK
Content-Type: application/json; charset=utf-8
cache-control: no-cache
content-length: 791

00:47:20.757 [AsyncHttpClient-1-17] DEBUG org.asynchttpclient.netty.channel.ChannelManager - Adding key: http://localhost:62608 for channel [id: 0x4f27f1e1, L:/127.0.0.1:49932 - R:localhost/127.0.0.1:62608]
00:47:20.763 [AsyncHttpClient-1-18] DEBUG org.asynchttpclient.netty.channel.NettyConnectListener - Using new Channel '[id: 0x5749076f, L:/127.0.0.1:49940 - R:localhost/127.0.0.1:49934]' for 'GET' to '/json/version'
00:47:20.763 [AsyncHttpClient-1-18] DEBUG org.asynchttpclient.netty.handler.HttpHandler - 

Request DefaultFullHttpRequest(decodeResult: success, version: HTTP/1.1, content: EmptyByteBufBE)
GET /json/version HTTP/1.1
User-Agent: selenium/4.1.2 (java windows)
host: localhost:49934
accept: */*

Response DefaultHttpResponse(decodeResult: success, version: HTTP/1.1)
HTTP/1.1 200 OK
Content-Type: application/json; charset=UTF-8
content-length: 429

00:47:20.764 [AsyncHttpClient-1-18] DEBUG org.asynchttpclient.netty.channel.ChannelManager - Adding key: http://localhost:49934 for channel [id: 0x5749076f, L:/127.0.0.1:49940 - R:localhost/127.0.0.1:49934]
00:47:20.765 [AsyncHttpClient-1-19] DEBUG org.asynchttpclient.netty.channel.NettyConnectListener - Using new Channel '[id: 0xabc224d5, L:/127.0.0.1:49941 - R:localhost/127.0.0.1:49934]' for 'GET' to '/devtools/browser/94b5fbde-909d-45b7-9488-ce530b016d93'
00:47:20.766 [AsyncHttpClient-1-19] DEBUG org.asynchttpclient.netty.handler.WebSocketHandler - 

Request DefaultFullHttpRequest(decodeResult: success, version: HTTP/1.1, content: EmptyByteBufBE)
GET /devtools/browser/94b5fbde-909d-45b7-9488-ce530b016d93 HTTP/1.1
upgrade: websocket
connection: upgrade
sec-websocket-key: 9P7tPRiQx1dTV7OnyAZb4Q==
sec-websocket-version: 13
origin: http://localhost:49934
host: localhost:49934
accept: */*
user-agent: AHC/2.1

Response DefaultHttpResponse(decodeResult: success, version: HTTP/1.1)
HTTP/1.1 101 WebSocket Protocol Handshake
Upgrade: WebSocket
Connection: Upgrade
Sec-WebSocket-Accept: 2fJcdbY3QcKJGU9IUDag/LmBiNQ=

00:47:20.769 [Forwarding setCurrentWindowSize on session b4f4c2561dfb65b8fe9d21df225b2a81 to remote] DEBUG org.asynchttpclient.netty.request.NettyRequestSender - Using pooled Channel '[id: 0x4f27f1e1, L:/127.0.0.1:49932 - R:localhost/127.0.0.1:62608]' for 'POST' to 'http://localhost:62608/session/b4f4c2561dfb65b8fe9d21df225b2a81/window/rect'
00:47:20.769 [Forwarding setCurrentWindowSize on session b4f4c2561dfb65b8fe9d21df225b2a81 to remote] DEBUG org.asynchttpclient.netty.request.NettyRequestSender - Using open Channel [id: 0x4f27f1e1, L:/127.0.0.1:49932 - R:localhost/127.0.0.1:62608] for POST '/session/b4f4c2561dfb65b8fe9d21df225b2a81/window/rect'
00:47:20.915 [AsyncHttpClient-1-17] DEBUG org.asynchttpclient.netty.handler.HttpHandler - 

Request DefaultHttpRequest(decodeResult: success, version: HTTP/1.1)
POST /session/b4f4c2561dfb65b8fe9d21df225b2a81/window/rect HTTP/1.1
User-Agent: selenium/4.1.2 (java windows)
Content-Length: 37
Content-Type: application/json; charset=utf-8
host: localhost:62608
accept: */*

Response DefaultHttpResponse(decodeResult: success, version: HTTP/1.1)
HTTP/1.1 200 OK
Content-Type: application/json; charset=utf-8
cache-control: no-cache
content-length: 52

00:47:20.915 [AsyncHttpClient-1-17] DEBUG org.asynchttpclient.netty.channel.ChannelManager - Adding key: http://localhost:62608 for channel [id: 0x4f27f1e1, L:/127.0.0.1:49932 - R:localhost/127.0.0.1:62608]
00:47:20.916 [Forwarding setWindowPosition on session b4f4c2561dfb65b8fe9d21df225b2a81 to remote] DEBUG org.asynchttpclient.netty.request.NettyRequestSender - Using pooled Channel '[id: 0x4f27f1e1, L:/127.0.0.1:49932 - R:localhost/127.0.0.1:62608]' for 'POST' to 'http://localhost:62608/session/b4f4c2561dfb65b8fe9d21df225b2a81/window/rect'
00:47:20.916 [Forwarding setWindowPosition on session b4f4c2561dfb65b8fe9d21df225b2a81 to remote] DEBUG org.asynchttpclient.netty.request.NettyRequestSender - Using open Channel [id: 0x4f27f1e1, L:/127.0.0.1:49932 - R:localhost/127.0.0.1:62608] for POST '/session/b4f4c2561dfb65b8fe9d21df225b2a81/window/rect'
00:47:21.044 [AsyncHttpClient-1-17] DEBUG org.asynchttpclient.netty.handler.HttpHandler - 

Request DefaultHttpRequest(decodeResult: success, version: HTTP/1.1)
POST /session/b4f4c2561dfb65b8fe9d21df225b2a81/window/rect HTTP/1.1
User-Agent: selenium/4.1.2 (java windows)
Content-Length: 22
Content-Type: application/json; charset=utf-8
host: localhost:62608
accept: */*

Response DefaultHttpResponse(decodeResult: success, version: HTTP/1.1)
HTTP/1.1 200 OK
Content-Type: application/json; charset=utf-8
cache-control: no-cache
content-length: 50

00:47:21.044 [AsyncHttpClient-1-17] DEBUG org.asynchttpclient.netty.channel.ChannelManager - Adding key: http://localhost:62608 for channel [id: 0x4f27f1e1, L:/127.0.0.1:49932 - R:localhost/127.0.0.1:62608]
00:47:21.045 [Forwarding get on session b4f4c2561dfb65b8fe9d21df225b2a81 to remote] DEBUG org.asynchttpclient.netty.request.NettyRequestSender - Using pooled Channel '[id: 0x4f27f1e1, L:/127.0.0.1:49932 - R:localhost/127.0.0.1:62608]' for 'POST' to 'http://localhost:62608/session/b4f4c2561dfb65b8fe9d21df225b2a81/url'
00:47:21.045 [Forwarding get on session b4f4c2561dfb65b8fe9d21df225b2a81 to remote] DEBUG org.asynchttpclient.netty.request.NettyRequestSender - Using open Channel [id: 0x4f27f1e1, L:/127.0.0.1:49932 - R:localhost/127.0.0.1:62608] for POST '/session/b4f4c2561dfb65b8fe9d21df225b2a81/url'
00:47:21.785 [AsyncHttpClient-1-1] DEBUG org.asynchttpclient.netty.channel.DefaultChannelPool - Entry count for : http://localhost:49934 : 1
00:47:22.891 [AsyncHttpClient-1-1] DEBUG org.asynchttpclient.netty.channel.DefaultChannelPool - Entry count for : http://localhost:49934 : 1
00:47:23.430 [AsyncHttpClient-1-17] DEBUG org.asynchttpclient.netty.handler.HttpHandler - 

Request DefaultHttpRequest(decodeResult: success, version: HTTP/1.1)
POST /session/b4f4c2561dfb65b8fe9d21df225b2a81/url HTTP/1.1
User-Agent: selenium/4.1.2 (java windows)
Content-Length: 59
Content-Type: application/json; charset=utf-8
host: localhost:62608
accept: */*

Response DefaultHttpResponse(decodeResult: success, version: HTTP/1.1)
HTTP/1.1 200 OK
Content-Type: application/json; charset=utf-8
cache-control: no-cache
content-length: 14

00:47:23.430 [AsyncHttpClient-1-17] DEBUG org.asynchttpclient.netty.channel.ChannelManager - Adding key: http://localhost:62608 for channel [id: 0x4f27f1e1, L:/127.0.0.1:49932 - R:localhost/127.0.0.1:62608]
00:47:23.431 [Forwarding setTimeout on session b4f4c2561dfb65b8fe9d21df225b2a81 to remote] DEBUG org.asynchttpclient.netty.request.NettyRequestSender - Using pooled Channel '[id: 0x4f27f1e1, L:/127.0.0.1:49932 - R:localhost/127.0.0.1:62608]' for 'POST' to 'http://localhost:62608/session/b4f4c2561dfb65b8fe9d21df225b2a81/timeouts'
00:47:23.431 [Forwarding setTimeout on session b4f4c2561dfb65b8fe9d21df225b2a81 to remote] DEBUG org.asynchttpclient.netty.request.NettyRequestSender - Using open Channel [id: 0x4f27f1e1, L:/127.0.0.1:49932 - R:localhost/127.0.0.1:62608] for POST '/session/b4f4c2561dfb65b8fe9d21df225b2a81/timeouts'
00:47:23.433 [AsyncHttpClient-1-17] DEBUG org.asynchttpclient.netty.handler.HttpHandler - 

Request DefaultHttpRequest(decodeResult: success, version: HTTP/1.1)
POST /session/b4f4c2561dfb65b8fe9d21df225b2a81/timeouts HTTP/1.1
User-Agent: selenium/4.1.2 (java windows)
Content-Length: 22
Content-Type: application/json; charset=utf-8
host: localhost:62608
accept: */*

Response DefaultHttpResponse(decodeResult: success, version: HTTP/1.1)
HTTP/1.1 200 OK
Content-Type: application/json; charset=utf-8
cache-control: no-cache
content-length: 14

00:47:23.433 [AsyncHttpClient-1-17] DEBUG org.asynchttpclient.netty.channel.ChannelManager - Adding key: http://localhost:62608 for channel [id: 0x4f27f1e1, L:/127.0.0.1:49932 - R:localhost/127.0.0.1:62608]
00:47:23.435 [Forwarding getCurrentUrl on session b4f4c2561dfb65b8fe9d21df225b2a81 to remote] DEBUG org.asynchttpclient.netty.request.NettyRequestSender - Using pooled Channel '[id: 0x4f27f1e1, L:/127.0.0.1:49932 - R:localhost/127.0.0.1:62608]' for 'GET' to 'http://localhost:62608/session/b4f4c2561dfb65b8fe9d21df225b2a81/url'
00:47:23.436 [Forwarding getCurrentUrl on session b4f4c2561dfb65b8fe9d21df225b2a81 to remote] DEBUG org.asynchttpclient.netty.request.NettyRequestSender - Using open Channel [id: 0x4f27f1e1, L:/127.0.0.1:49932 - R:localhost/127.0.0.1:62608] for GET '/session/b4f4c2561dfb65b8fe9d21df225b2a81/url'
00:47:23.466 [AsyncHttpClient-1-17] DEBUG org.asynchttpclient.netty.handler.HttpHandler - 

Request DefaultFullHttpRequest(decodeResult: success, version: HTTP/1.1, content: EmptyByteBufBE)
GET /session/b4f4c2561dfb65b8fe9d21df225b2a81/url HTTP/1.1
User-Agent: selenium/4.1.2 (java windows)
Cache-Control: no-cache
Content-Type: application/json; charset=utf-8
host: localhost:62608
accept: */*

Response DefaultHttpResponse(decodeResult: success, version: HTTP/1.1)
HTTP/1.1 200 OK
Content-Type: application/json; charset=utf-8
cache-control: no-cache
content-length: 46

00:47:23.466 [AsyncHttpClient-1-17] DEBUG org.asynchttpclient.netty.channel.ChannelManager - Adding key: http://localhost:62608 for channel [id: 0x4f27f1e1, L:/127.0.0.1:49932 - R:localhost/127.0.0.1:62608]
00:47:23.469 [Forwarding getCurrentUrl on session b4f4c2561dfb65b8fe9d21df225b2a81 to remote] DEBUG org.asynchttpclient.netty.request.NettyRequestSender - Using pooled Channel '[id: 0x4f27f1e1, L:/127.0.0.1:49932 - R:localhost/127.0.0.1:62608]' for 'GET' to 'http://localhost:62608/session/b4f4c2561dfb65b8fe9d21df225b2a81/url'
00:47:23.469 [Forwarding getCurrentUrl on session b4f4c2561dfb65b8fe9d21df225b2a81 to remote] DEBUG org.asynchttpclient.netty.request.NettyRequestSender - Using open Channel [id: 0x4f27f1e1, L:/127.0.0.1:49932 - R:localhost/127.0.0.1:62608] for GET '/session/b4f4c2561dfb65b8fe9d21df225b2a81/url'
00:47:23.481 [AsyncHttpClient-1-17] DEBUG org.asynchttpclient.netty.handler.HttpHandler - 

Request DefaultFullHttpRequest(decodeResult: success, version: HTTP/1.1, content: EmptyByteBufBE)
GET /session/b4f4c2561dfb65b8fe9d21df225b2a81/url HTTP/1.1
User-Agent: selenium/4.1.2 (java windows)
Cache-Control: no-cache
Content-Type: application/json; charset=utf-8
host: localhost:62608
accept: */*

Response DefaultHttpResponse(decodeResult: success, version: HTTP/1.1)
HTTP/1.1 200 OK
Content-Type: application/json; charset=utf-8
cache-control: no-cache
content-length: 46

00:47:23.481 [AsyncHttpClient-1-17] DEBUG org.asynchttpclient.netty.channel.ChannelManager - Adding key: http://localhost:62608 for channel [id: 0x4f27f1e1, L:/127.0.0.1:49932 - R:localhost/127.0.0.1:62608]
00:47:23.485 [main] DEBUG net.serenitybdd.core.photography.Darkroom - Opening darkroom
00:47:23.485 [Forwarding screenshot on session b4f4c2561dfb65b8fe9d21df225b2a81 to remote] DEBUG org.asynchttpclient.netty.request.NettyRequestSender - Using pooled Channel '[id: 0x4f27f1e1, L:/127.0.0.1:49932 - R:localhost/127.0.0.1:62608]' for 'GET' to 'http://localhost:62608/session/b4f4c2561dfb65b8fe9d21df225b2a81/screenshot'
00:47:23.486 [Forwarding screenshot on session b4f4c2561dfb65b8fe9d21df225b2a81 to remote] DEBUG org.asynchttpclient.netty.request.NettyRequestSender - Using open Channel [id: 0x4f27f1e1, L:/127.0.0.1:49932 - R:localhost/127.0.0.1:62608] for GET '/session/b4f4c2561dfb65b8fe9d21df225b2a81/screenshot'
00:47:23.489 [Darkroom Processing Line] DEBUG net.serenitybdd.core.photography.DarkroomProcessingLine - Darkroom processing line starting up
00:47:23.939 [AsyncHttpClient-1-17] DEBUG org.asynchttpclient.netty.handler.HttpHandler - 

Request DefaultFullHttpRequest(decodeResult: success, version: HTTP/1.1, content: EmptyByteBufBE)
GET /session/b4f4c2561dfb65b8fe9d21df225b2a81/screenshot HTTP/1.1
User-Agent: selenium/4.1.2 (java windows)
Cache-Control: no-cache
Content-Type: application/json; charset=utf-8
host: localhost:62608
accept: */*

Response DefaultHttpResponse(decodeResult: success, version: HTTP/1.1)
HTTP/1.1 200 OK
Content-Type: application/json; charset=utf-8
cache-control: no-cache
content-length: 575004

00:47:23.940 [AsyncHttpClient-1-17] DEBUG org.asynchttpclient.netty.channel.ChannelManager - Adding key: http://localhost:62608 for channel [id: 0x4f27f1e1, L:/127.0.0.1:49932 - R:localhost/127.0.0.1:62608]
00:47:23.950 [main] DEBUG net.serenitybdd.core.photography.Darkroom - Send negative for processing for target\site\serenity\bdfb3257a55b5f729af578dfc1dc3a5762c89839bea5dc19984e34dd6640fee1.png
00:47:23.950 [main] DEBUG net.thucydides.core.steps.StepInterceptor - STEP DONE: openPage
00:47:23.955 [main] DEBUG net.thucydides.core.steps.StepInterceptor - STARTING STEP: LoginSteps.adminOnLoginPage - validateonLoginPage
00:47:23.956 [Forwarding findElement on session b4f4c2561dfb65b8fe9d21df225b2a81 to remote] DEBUG org.asynchttpclient.netty.request.NettyRequestSender - Using pooled Channel '[id: 0x4f27f1e1, L:/127.0.0.1:49932 - R:localhost/127.0.0.1:62608]' for 'POST' to 'http://localhost:62608/session/b4f4c2561dfb65b8fe9d21df225b2a81/element'
00:47:23.956 [Forwarding findElement on session b4f4c2561dfb65b8fe9d21df225b2a81 to remote] DEBUG org.asynchttpclient.netty.request.NettyRequestSender - Using open Channel [id: 0x4f27f1e1, L:/127.0.0.1:49932 - R:localhost/127.0.0.1:62608] for POST '/session/b4f4c2561dfb65b8fe9d21df225b2a81/element'
00:47:23.976 [AsyncHttpClient-1-17] DEBUG org.asynchttpclient.netty.handler.HttpHandler - 

Request DefaultHttpRequest(decodeResult: success, version: HTTP/1.1)
POST /session/b4f4c2561dfb65b8fe9d21df225b2a81/element HTTP/1.1
User-Agent: selenium/4.1.2 (java windows)
Content-Length: 71
Content-Type: application/json; charset=utf-8
host: localhost:62608
accept: */*

Response DefaultHttpResponse(decodeResult: success, version: HTTP/1.1)
HTTP/1.1 200 OK
Content-Type: application/json; charset=utf-8
cache-control: no-cache
content-length: 88

00:47:23.976 [AsyncHttpClient-1-17] DEBUG org.asynchttpclient.netty.channel.ChannelManager - Adding key: http://localhost:62608 for channel [id: 0x4f27f1e1, L:/127.0.0.1:49932 - R:localhost/127.0.0.1:62608]
00:47:23.979 [Forwarding isElementDisplayed on session b4f4c2561dfb65b8fe9d21df225b2a81 to remote] DEBUG org.asynchttpclient.netty.request.NettyRequestSender - Using pooled Channel '[id: 0x4f27f1e1, L:/127.0.0.1:49932 - R:localhost/127.0.0.1:62608]' for 'POST' to 'http://localhost:62608/session/b4f4c2561dfb65b8fe9d21df225b2a81/execute/sync'
00:47:23.979 [Forwarding isElementDisplayed on session b4f4c2561dfb65b8fe9d21df225b2a81 to remote] DEBUG org.asynchttpclient.netty.request.NettyRequestSender - Using open Channel [id: 0x4f27f1e1, L:/127.0.0.1:49932 - R:localhost/127.0.0.1:62608] for POST '/session/b4f4c2561dfb65b8fe9d21df225b2a81/execute/sync'
00:47:23.986 [AsyncHttpClient-1-1] DEBUG org.asynchttpclient.netty.channel.DefaultChannelPool - Entry count for : http://localhost:49934 : 1
00:47:23.999 [AsyncHttpClient-1-17] DEBUG org.asynchttpclient.netty.handler.HttpHandler - 

Request DefaultHttpRequest(decodeResult: success, version: HTTP/1.1)
POST /session/b4f4c2561dfb65b8fe9d21df225b2a81/execute/sync HTTP/1.1
User-Agent: selenium/4.1.2 (java windows)
Content-Length: 48780
Content-Type: application/json; charset=utf-8
host: localhost:62608
accept: */*

Response DefaultHttpResponse(decodeResult: success, version: HTTP/1.1)
HTTP/1.1 200 OK
Content-Type: application/json; charset=utf-8
cache-control: no-cache
content-length: 14

00:47:23.999 [AsyncHttpClient-1-17] DEBUG org.asynchttpclient.netty.channel.ChannelManager - Adding key: http://localhost:62608 for channel [id: 0x4f27f1e1, L:/127.0.0.1:49932 - R:localhost/127.0.0.1:62608]
00:47:24.003 [Forwarding screenshot on session b4f4c2561dfb65b8fe9d21df225b2a81 to remote] DEBUG org.asynchttpclient.netty.request.NettyRequestSender - Using pooled Channel '[id: 0x4f27f1e1, L:/127.0.0.1:49932 - R:localhost/127.0.0.1:62608]' for 'GET' to 'http://localhost:62608/session/b4f4c2561dfb65b8fe9d21df225b2a81/screenshot'
00:47:24.003 [Forwarding screenshot on session b4f4c2561dfb65b8fe9d21df225b2a81 to remote] DEBUG org.asynchttpclient.netty.request.NettyRequestSender - Using open Channel [id: 0x4f27f1e1, L:/127.0.0.1:49932 - R:localhost/127.0.0.1:62608] for GET '/session/b4f4c2561dfb65b8fe9d21df225b2a81/screenshot'
00:47:24.305 [AsyncHttpClient-1-17] DEBUG org.asynchttpclient.netty.handler.HttpHandler - 

Request DefaultFullHttpRequest(decodeResult: success, version: HTTP/1.1, content: EmptyByteBufBE)
GET /session/b4f4c2561dfb65b8fe9d21df225b2a81/screenshot HTTP/1.1
User-Agent: selenium/4.1.2 (java windows)
Cache-Control: no-cache
Content-Type: application/json; charset=utf-8
host: localhost:62608
accept: */*

Response DefaultHttpResponse(decodeResult: success, version: HTTP/1.1)
HTTP/1.1 200 OK
Content-Type: application/json; charset=utf-8
cache-control: no-cache
content-length: 575004

00:47:24.306 [AsyncHttpClient-1-17] DEBUG org.asynchttpclient.netty.channel.ChannelManager - Adding key: http://localhost:62608 for channel [id: 0x4f27f1e1, L:/127.0.0.1:49932 - R:localhost/127.0.0.1:62608]
00:47:24.316 [main] DEBUG net.serenitybdd.core.photography.Darkroom - Send negative for processing for target\site\serenity\bdfb3257a55b5f729af578dfc1dc3a5762c89839bea5dc19984e34dd6640fee1.png
00:47:24.316 [main] DEBUG net.thucydides.core.steps.StepInterceptor - STEP DONE: validateonLoginPage
  &amp#27;[32mGiven &amp#27;[0m&amp#27;[32madmin on login page&amp#27;[0m                                         &amp#27;[90m# starter.definitions.LoginSteps.adminOnLoginPage()&amp#27;[0m
00:47:24.330 [main] DEBUG net.thucydides.core.steps.StepInterceptor - STARTING STEP: LoginSteps.adminInputValidUssername - inputusername
00:47:24.332 [Forwarding findElement on session b4f4c2561dfb65b8fe9d21df225b2a81 to remote] DEBUG org.asynchttpclient.netty.request.NettyRequestSender - Using pooled Channel '[id: 0x4f27f1e1, L:/127.0.0.1:49932 - R:localhost/127.0.0.1:62608]' for 'POST' to 'http://localhost:62608/session/b4f4c2561dfb65b8fe9d21df225b2a81/element'
00:47:24.332 [Forwarding findElement on session b4f4c2561dfb65b8fe9d21df225b2a81 to remote] DEBUG org.asynchttpclient.netty.request.NettyRequestSender - Using open Channel [id: 0x4f27f1e1, L:/127.0.0.1:49932 - R:localhost/127.0.0.1:62608] for POST '/session/b4f4c2561dfb65b8fe9d21df225b2a81/element'
00:47:24.357 [AsyncHttpClient-1-17] DEBUG org.asynchttpclient.netty.handler.HttpHandler - 

Request DefaultHttpRequest(decodeResult: success, version: HTTP/1.1)
POST /session/b4f4c2561dfb65b8fe9d21df225b2a81/element HTTP/1.1
User-Agent: selenium/4.1.2 (java windows)
Content-Length: 92
Content-Type: application/json; charset=utf-8
host: localhost:62608
accept: */*

Response DefaultHttpResponse(decodeResult: success, version: HTTP/1.1)
HTTP/1.1 200 OK
Content-Type: application/json; charset=utf-8
cache-control: no-cache
content-length: 88

00:47:24.357 [AsyncHttpClient-1-17] DEBUG org.asynchttpclient.netty.channel.ChannelManager - Adding key: http://localhost:62608 for channel [id: 0x4f27f1e1, L:/127.0.0.1:49932 - R:localhost/127.0.0.1:62608]
00:47:24.358 [Forwarding clearElement on session b4f4c2561dfb65b8fe9d21df225b2a81 to remote] DEBUG org.asynchttpclient.netty.request.NettyRequestSender - Using pooled Channel '[id: 0x4f27f1e1, L:/127.0.0.1:49932 - R:localhost/127.0.0.1:62608]' for 'POST' to 'http://localhost:62608/session/b4f4c2561dfb65b8fe9d21df225b2a81/element/a357780f-de46-4cde-accb-7d1e108f0577/clear'
00:47:24.358 [Forwarding clearElement on session b4f4c2561dfb65b8fe9d21df225b2a81 to remote] DEBUG org.asynchttpclient.netty.request.NettyRequestSender - Using open Channel [id: 0x4f27f1e1, L:/127.0.0.1:49932 - R:localhost/127.0.0.1:62608] for POST '/session/b4f4c2561dfb65b8fe9d21df225b2a81/element/a357780f-de46-4cde-accb-7d1e108f0577/clear'
00:47:24.417 [AsyncHttpClient-1-17] DEBUG org.asynchttpclient.netty.handler.HttpHandler - 

Request DefaultHttpRequest(decodeResult: success, version: HTTP/1.1)
POST /session/b4f4c2561dfb65b8fe9d21df225b2a81/element/a357780f-de46-4cde-accb-7d1e108f0577/clear HTTP/1.1
User-Agent: selenium/4.1.2 (java windows)
Content-Length: 50
Content-Type: application/json; charset=utf-8
host: localhost:62608
accept: */*

Response DefaultHttpResponse(decodeResult: success, version: HTTP/1.1)
HTTP/1.1 200 OK
Content-Type: application/json; charset=utf-8
cache-control: no-cache
content-length: 14

00:47:24.417 [AsyncHttpClient-1-17] DEBUG org.asynchttpclient.netty.channel.ChannelManager - Adding key: http://localhost:62608 for channel [id: 0x4f27f1e1, L:/127.0.0.1:49932 - R:localhost/127.0.0.1:62608]
00:47:24.418 [Forwarding sendKeysToElement on session b4f4c2561dfb65b8fe9d21df225b2a81 to remote] DEBUG org.asynchttpclient.netty.request.NettyRequestSender - Using pooled Channel '[id: 0x4f27f1e1, L:/127.0.0.1:49932 - R:localhost/127.0.0.1:62608]' for 'POST' to 'http://localhost:62608/session/b4f4c2561dfb65b8fe9d21df225b2a81/element/a357780f-de46-4cde-accb-7d1e108f0577/value'
00:47:24.418 [Forwarding sendKeysToElement on session b4f4c2561dfb65b8fe9d21df225b2a81 to remote] DEBUG org.asynchttpclient.netty.request.NettyRequestSender - Using open Channel [id: 0x4f27f1e1, L:/127.0.0.1:49932 - R:localhost/127.0.0.1:62608] for POST '/session/b4f4c2561dfb65b8fe9d21df225b2a81/element/a357780f-de46-4cde-accb-7d1e108f0577/value'
00:47:24.515 [AsyncHttpClient-1-17] DEBUG org.asynchttpclient.netty.handler.HttpHandler - 

Request DefaultHttpRequest(decodeResult: success, version: HTTP/1.1)
POST /session/b4f4c2561dfb65b8fe9d21df225b2a81/element/a357780f-de46-4cde-accb-7d1e108f0577/value HTTP/1.1
User-Agent: selenium/4.1.2 (java windows)
Content-Length: 151
Content-Type: application/json; charset=utf-8
host: localhost:62608
accept: */*

Response DefaultHttpResponse(decodeResult: success, version: HTTP/1.1)
HTTP/1.1 200 OK
Content-Type: application/json; charset=utf-8
cache-control: no-cache
content-length: 14

00:47:24.516 [AsyncHttpClient-1-17] DEBUG org.asynchttpclient.netty.channel.ChannelManager - Adding key: http://localhost:62608 for channel [id: 0x4f27f1e1, L:/127.0.0.1:49932 - R:localhost/127.0.0.1:62608]
00:47:24.521 [Forwarding screenshot on session b4f4c2561dfb65b8fe9d21df225b2a81 to remote] DEBUG org.asynchttpclient.netty.request.NettyRequestSender - Using pooled Channel '[id: 0x4f27f1e1, L:/127.0.0.1:49932 - R:localhost/127.0.0.1:62608]' for 'GET' to 'http://localhost:62608/session/b4f4c2561dfb65b8fe9d21df225b2a81/screenshot'
00:47:24.521 [Forwarding screenshot on session b4f4c2561dfb65b8fe9d21df225b2a81 to remote] DEBUG org.asynchttpclient.netty.request.NettyRequestSender - Using open Channel [id: 0x4f27f1e1, L:/127.0.0.1:49932 - R:localhost/127.0.0.1:62608] for GET '/session/b4f4c2561dfb65b8fe9d21df225b2a81/screenshot'
00:47:24.824 [AsyncHttpClient-1-17] DEBUG org.asynchttpclient.netty.handler.HttpHandler - 

Request DefaultFullHttpRequest(decodeResult: success, version: HTTP/1.1, content: EmptyByteBufBE)
GET /session/b4f4c2561dfb65b8fe9d21df225b2a81/screenshot HTTP/1.1
User-Agent: selenium/4.1.2 (java windows)
Cache-Control: no-cache
Content-Type: application/json; charset=utf-8
host: localhost:62608
accept: */*

Response DefaultHttpResponse(decodeResult: success, version: HTTP/1.1)
HTTP/1.1 200 OK
Content-Type: application/json; charset=utf-8
cache-control: no-cache
content-length: 573184

00:47:24.824 [AsyncHttpClient-1-17] DEBUG org.asynchttpclient.netty.channel.ChannelManager - Adding key: http://localhost:62608 for channel [id: 0x4f27f1e1, L:/127.0.0.1:49932 - R:localhost/127.0.0.1:62608]
00:47:24.839 [main] DEBUG net.serenitybdd.core.photography.Darkroom - Send negative for processing for target\site\serenity\f77c054aa6a666f419ab49e776fdfb7fc10c7c59289c58aa7b77a3e2461e450a.png
00:47:24.839 [main] DEBUG net.thucydides.core.steps.StepInterceptor - STEP DONE: inputusername
  &amp#27;[32mWhen &amp#27;[0m&amp#27;[32madmin input valid ussername&amp#27;[0m                                  &amp#27;[90m# starter.definitions.LoginSteps.adminInputValidUssername()&amp#27;[0m
00:47:24.851 [main] DEBUG net.thucydides.core.steps.StepInterceptor - STARTING STEP: LoginSteps.adminInputValidPassword - inputPassword
00:47:24.853 [Forwarding findElement on session b4f4c2561dfb65b8fe9d21df225b2a81 to remote] DEBUG org.asynchttpclient.netty.request.NettyRequestSender - Using pooled Channel '[id: 0x4f27f1e1, L:/127.0.0.1:49932 - R:localhost/127.0.0.1:62608]' for 'POST' to 'http://localhost:62608/session/b4f4c2561dfb65b8fe9d21df225b2a81/element'
00:47:24.853 [Forwarding findElement on session b4f4c2561dfb65b8fe9d21df225b2a81 to remote] DEBUG org.asynchttpclient.netty.request.NettyRequestSender - Using open Channel [id: 0x4f27f1e1, L:/127.0.0.1:49932 - R:localhost/127.0.0.1:62608] for POST '/session/b4f4c2561dfb65b8fe9d21df225b2a81/element'
00:47:24.876 [AsyncHttpClient-1-17] DEBUG org.asynchttpclient.netty.handler.HttpHandler - 

Request DefaultHttpRequest(decodeResult: success, version: HTTP/1.1)
POST /session/b4f4c2561dfb65b8fe9d21df225b2a81/element HTTP/1.1
User-Agent: selenium/4.1.2 (java windows)
Content-Length: 92
Content-Type: application/json; charset=utf-8
host: localhost:62608
accept: */*

Response DefaultHttpResponse(decodeResult: success, version: HTTP/1.1)
HTTP/1.1 200 OK
Content-Type: application/json; charset=utf-8
cache-control: no-cache
content-length: 88

00:47:24.876 [AsyncHttpClient-1-17] DEBUG org.asynchttpclient.netty.channel.ChannelManager - Adding key: http://localhost:62608 for channel [id: 0x4f27f1e1, L:/127.0.0.1:49932 - R:localhost/127.0.0.1:62608]
00:47:24.877 [Forwarding clearElement on session b4f4c2561dfb65b8fe9d21df225b2a81 to remote] DEBUG org.asynchttpclient.netty.request.NettyRequestSender - Using pooled Channel '[id: 0x4f27f1e1, L:/127.0.0.1:49932 - R:localhost/127.0.0.1:62608]' for 'POST' to 'http://localhost:62608/session/b4f4c2561dfb65b8fe9d21df225b2a81/element/4a7bf49e-c042-400b-8545-f1115469d68c/clear'
00:47:24.877 [Forwarding clearElement on session b4f4c2561dfb65b8fe9d21df225b2a81 to remote] DEBUG org.asynchttpclient.netty.request.NettyRequestSender - Using open Channel [id: 0x4f27f1e1, L:/127.0.0.1:49932 - R:localhost/127.0.0.1:62608] for POST '/session/b4f4c2561dfb65b8fe9d21df225b2a81/element/4a7bf49e-c042-400b-8545-f1115469d68c/clear'
00:47:24.958 [AsyncHttpClient-1-17] DEBUG org.asynchttpclient.netty.handler.HttpHandler - 

Request DefaultHttpRequest(decodeResult: success, version: HTTP/1.1)
POST /session/b4f4c2561dfb65b8fe9d21df225b2a81/element/4a7bf49e-c042-400b-8545-f1115469d68c/clear HTTP/1.1
User-Agent: selenium/4.1.2 (java windows)
Content-Length: 50
Content-Type: application/json; charset=utf-8
host: localhost:62608
accept: */*

Response DefaultHttpResponse(decodeResult: success, version: HTTP/1.1)
HTTP/1.1 200 OK
Content-Type: application/json; charset=utf-8
cache-control: no-cache
content-length: 14

00:47:24.958 [AsyncHttpClient-1-17] DEBUG org.asynchttpclient.netty.channel.ChannelManager - Adding key: http://localhost:62608 for channel [id: 0x4f27f1e1, L:/127.0.0.1:49932 - R:localhost/127.0.0.1:62608]
00:47:24.960 [Forwarding sendKeysToElement on session b4f4c2561dfb65b8fe9d21df225b2a81 to remote] DEBUG org.asynchttpclient.netty.request.NettyRequestSender - Using pooled Channel '[id: 0x4f27f1e1, L:/127.0.0.1:49932 - R:localhost/127.0.0.1:62608]' for 'POST' to 'http://localhost:62608/session/b4f4c2561dfb65b8fe9d21df225b2a81/element/4a7bf49e-c042-400b-8545-f1115469d68c/value'
00:47:24.960 [Forwarding sendKeysToElement on session b4f4c2561dfb65b8fe9d21df225b2a81 to remote] DEBUG org.asynchttpclient.netty.request.NettyRequestSender - Using open Channel [id: 0x4f27f1e1, L:/127.0.0.1:49932 - R:localhost/127.0.0.1:62608] for POST '/session/b4f4c2561dfb65b8fe9d21df225b2a81/element/4a7bf49e-c042-400b-8545-f1115469d68c/value'
00:47:25.081 [AsyncHttpClient-1-17] DEBUG org.asynchttpclient.netty.handler.HttpHandler - 

Request DefaultHttpRequest(decodeResult: success, version: HTTP/1.1)
POST /session/b4f4c2561dfb65b8fe9d21df225b2a81/element/4a7bf49e-c042-400b-8545-f1115469d68c/value HTTP/1.1
User-Agent: selenium/4.1.2 (java windows)
Content-Length: 291
Content-Type: application/json; charset=utf-8
host: localhost:62608
accept: */*

Response DefaultHttpResponse(decodeResult: success, version: HTTP/1.1)
HTTP/1.1 200 OK
Content-Type: application/json; charset=utf-8
cache-control: no-cache
content-length: 14

00:47:25.081 [AsyncHttpClient-1-17] DEBUG org.asynchttpclient.netty.channel.ChannelManager - Adding key: http://localhost:62608 for channel [id: 0x4f27f1e1, L:/127.0.0.1:49932 - R:localhost/127.0.0.1:62608]
00:47:25.086 [Forwarding screenshot on session b4f4c2561dfb65b8fe9d21df225b2a81 to remote] DEBUG org.asynchttpclient.netty.request.NettyRequestSender - Using pooled Channel '[id: 0x4f27f1e1, L:/127.0.0.1:49932 - R:localhost/127.0.0.1:62608]' for 'GET' to 'http://localhost:62608/session/b4f4c2561dfb65b8fe9d21df225b2a81/screenshot'
00:47:25.086 [Forwarding screenshot on session b4f4c2561dfb65b8fe9d21df225b2a81 to remote] DEBUG org.asynchttpclient.netty.request.NettyRequestSender - Using open Channel [id: 0x4f27f1e1, L:/127.0.0.1:49932 - R:localhost/127.0.0.1:62608] for GET '/session/b4f4c2561dfb65b8fe9d21df225b2a81/screenshot'
00:47:25.090 [AsyncHttpClient-1-1] DEBUG org.asynchttpclient.netty.channel.DefaultChannelPool - Entry count for : http://localhost:49934 : 1
00:47:25.404 [AsyncHttpClient-1-17] DEBUG org.asynchttpclient.netty.handler.HttpHandler - 

Request DefaultFullHttpRequest(decodeResult: success, version: HTTP/1.1, content: EmptyByteBufBE)
GET /session/b4f4c2561dfb65b8fe9d21df225b2a81/screenshot HTTP/1.1
User-Agent: selenium/4.1.2 (java windows)
Cache-Control: no-cache
Content-Type: application/json; charset=utf-8
host: localhost:62608
accept: */*

Response DefaultHttpResponse(decodeResult: success, version: HTTP/1.1)
HTTP/1.1 200 OK
Content-Type: application/json; charset=utf-8
cache-control: no-cache
content-length: 569460

00:47:25.406 [AsyncHttpClient-1-17] DEBUG org.asynchttpclient.netty.channel.ChannelManager - Adding key: http://localhost:62608 for channel [id: 0x4f27f1e1, L:/127.0.0.1:49932 - R:localhost/127.0.0.1:62608]
00:47:25.416 [main] DEBUG net.serenitybdd.core.photography.Darkroom - Send negative for processing for target\site\serenity\7121c7966e51ed0bee580053fa8354e56400a63fd65cbfa41529dc1e051e1e6a.png
00:47:25.417 [main] DEBUG net.thucydides.core.steps.StepInterceptor - STEP DONE: inputPassword
  &amp#27;[32mAnd &amp#27;[0m&amp#27;[32madmin input valid password&amp#27;[0m                                    &amp#27;[90m# starter.definitions.LoginSteps.adminInputValidPassword()&amp#27;[0m
00:47:25.429 [main] DEBUG net.thucydides.core.steps.StepInterceptor - STARTING STEP: LoginSteps.clickLoginButton - clickloginButton
00:47:25.431 [Forwarding findElement on session b4f4c2561dfb65b8fe9d21df225b2a81 to remote] DEBUG org.asynchttpclient.netty.request.NettyRequestSender - Using pooled Channel '[id: 0x4f27f1e1, L:/127.0.0.1:49932 - R:localhost/127.0.0.1:62608]' for 'POST' to 'http://localhost:62608/session/b4f4c2561dfb65b8fe9d21df225b2a81/element'
00:47:25.431 [Forwarding findElement on session b4f4c2561dfb65b8fe9d21df225b2a81 to remote] DEBUG org.asynchttpclient.netty.request.NettyRequestSender - Using open Channel [id: 0x4f27f1e1, L:/127.0.0.1:49932 - R:localhost/127.0.0.1:62608] for POST '/session/b4f4c2561dfb65b8fe9d21df225b2a81/element'
00:47:25.449 [AsyncHttpClient-1-17] DEBUG org.asynchttpclient.netty.handler.HttpHandler - 

Request DefaultHttpRequest(decodeResult: success, version: HTTP/1.1)
POST /session/b4f4c2561dfb65b8fe9d21df225b2a81/element HTTP/1.1
User-Agent: selenium/4.1.2 (java windows)
Content-Length: 71
Content-Type: application/json; charset=utf-8
host: localhost:62608
accept: */*

Response DefaultHttpResponse(decodeResult: success, version: HTTP/1.1)
HTTP/1.1 200 OK
Content-Type: application/json; charset=utf-8
cache-control: no-cache
content-length: 88

00:47:25.449 [AsyncHttpClient-1-17] DEBUG org.asynchttpclient.netty.channel.ChannelManager - Adding key: http://localhost:62608 for channel [id: 0x4f27f1e1, L:/127.0.0.1:49932 - R:localhost/127.0.0.1:62608]
00:47:25.450 [Forwarding getElementTagName on session b4f4c2561dfb65b8fe9d21df225b2a81 to remote] DEBUG org.asynchttpclient.netty.request.NettyRequestSender - Using pooled Channel '[id: 0x4f27f1e1, L:/127.0.0.1:49932 - R:localhost/127.0.0.1:62608]' for 'GET' to 'http://localhost:62608/session/b4f4c2561dfb65b8fe9d21df225b2a81/element/34907a50-6de7-476e-84a8-3b6ecabf816e/name'
00:47:25.450 [Forwarding getElementTagName on session b4f4c2561dfb65b8fe9d21df225b2a81 to remote] DEBUG org.asynchttpclient.netty.request.NettyRequestSender - Using open Channel [id: 0x4f27f1e1, L:/127.0.0.1:49932 - R:localhost/127.0.0.1:62608] for GET '/session/b4f4c2561dfb65b8fe9d21df225b2a81/element/34907a50-6de7-476e-84a8-3b6ecabf816e/name'
00:47:25.464 [AsyncHttpClient-1-17] DEBUG org.asynchttpclient.netty.handler.HttpHandler - 

Request DefaultFullHttpRequest(decodeResult: success, version: HTTP/1.1, content: EmptyByteBufBE)
GET /session/b4f4c2561dfb65b8fe9d21df225b2a81/element/34907a50-6de7-476e-84a8-3b6ecabf816e/name HTTP/1.1
User-Agent: selenium/4.1.2 (java windows)
Cache-Control: no-cache
Content-Type: application/json; charset=utf-8
host: localhost:62608
accept: */*

Response DefaultHttpResponse(decodeResult: success, version: HTTP/1.1)
HTTP/1.1 200 OK
Content-Type: application/json; charset=utf-8
cache-control: no-cache
content-length: 18

00:47:25.464 [AsyncHttpClient-1-17] DEBUG org.asynchttpclient.netty.channel.ChannelManager - Adding key: http://localhost:62608 for channel [id: 0x4f27f1e1, L:/127.0.0.1:49932 - R:localhost/127.0.0.1:62608]
00:47:25.465 [Forwarding getElementTagName on session b4f4c2561dfb65b8fe9d21df225b2a81 to remote] DEBUG org.asynchttpclient.netty.request.NettyRequestSender - Using pooled Channel '[id: 0x4f27f1e1, L:/127.0.0.1:49932 - R:localhost/127.0.0.1:62608]' for 'GET' to 'http://localhost:62608/session/b4f4c2561dfb65b8fe9d21df225b2a81/element/34907a50-6de7-476e-84a8-3b6ecabf816e/name'
00:47:25.465 [Forwarding getElementTagName on session b4f4c2561dfb65b8fe9d21df225b2a81 to remote] DEBUG org.asynchttpclient.netty.request.NettyRequestSender - Using open Channel [id: 0x4f27f1e1, L:/127.0.0.1:49932 - R:localhost/127.0.0.1:62608] for GET '/session/b4f4c2561dfb65b8fe9d21df225b2a81/element/34907a50-6de7-476e-84a8-3b6ecabf816e/name'
00:47:25.479 [AsyncHttpClient-1-17] DEBUG org.asynchttpclient.netty.handler.HttpHandler - 

Request DefaultFullHttpRequest(decodeResult: success, version: HTTP/1.1, content: EmptyByteBufBE)
GET /session/b4f4c2561dfb65b8fe9d21df225b2a81/element/34907a50-6de7-476e-84a8-3b6ecabf816e/name HTTP/1.1
User-Agent: selenium/4.1.2 (java windows)
Cache-Control: no-cache
Content-Type: application/json; charset=utf-8
host: localhost:62608
accept: */*

Response DefaultHttpResponse(decodeResult: success, version: HTTP/1.1)
HTTP/1.1 200 OK
Content-Type: application/json; charset=utf-8
cache-control: no-cache
content-length: 18

00:47:25.480 [AsyncHttpClient-1-17] DEBUG org.asynchttpclient.netty.channel.ChannelManager - Adding key: http://localhost:62608 for channel [id: 0x4f27f1e1, L:/127.0.0.1:49932 - R:localhost/127.0.0.1:62608]
00:47:25.481 [Forwarding isElementEnabled on session b4f4c2561dfb65b8fe9d21df225b2a81 to remote] DEBUG org.asynchttpclient.netty.request.NettyRequestSender - Using pooled Channel '[id: 0x4f27f1e1, L:/127.0.0.1:49932 - R:localhost/127.0.0.1:62608]' for 'GET' to 'http://localhost:62608/session/b4f4c2561dfb65b8fe9d21df225b2a81/element/34907a50-6de7-476e-84a8-3b6ecabf816e/enabled'
00:47:25.481 [Forwarding isElementEnabled on session b4f4c2561dfb65b8fe9d21df225b2a81 to remote] DEBUG org.asynchttpclient.netty.request.NettyRequestSender - Using open Channel [id: 0x4f27f1e1, L:/127.0.0.1:49932 - R:localhost/127.0.0.1:62608] for GET '/session/b4f4c2561dfb65b8fe9d21df225b2a81/element/34907a50-6de7-476e-84a8-3b6ecabf816e/enabled'
00:47:25.498 [AsyncHttpClient-1-17] DEBUG org.asynchttpclient.netty.handler.HttpHandler - 

Request DefaultFullHttpRequest(decodeResult: success, version: HTTP/1.1, content: EmptyByteBufBE)
GET /session/b4f4c2561dfb65b8fe9d21df225b2a81/element/34907a50-6de7-476e-84a8-3b6ecabf816e/enabled HTTP/1.1
User-Agent: selenium/4.1.2 (java windows)
Cache-Control: no-cache
Content-Type: application/json; charset=utf-8
host: localhost:62608
accept: */*

Response DefaultHttpResponse(decodeResult: success, version: HTTP/1.1)
HTTP/1.1 200 OK
Content-Type: application/json; charset=utf-8
cache-control: no-cache
content-length: 14

00:47:25.498 [AsyncHttpClient-1-17] DEBUG org.asynchttpclient.netty.channel.ChannelManager - Adding key: http://localhost:62608 for channel [id: 0x4f27f1e1, L:/127.0.0.1:49932 - R:localhost/127.0.0.1:62608]
00:47:25.499 [Forwarding isElementEnabled on session b4f4c2561dfb65b8fe9d21df225b2a81 to remote] DEBUG org.asynchttpclient.netty.request.NettyRequestSender - Using pooled Channel '[id: 0x4f27f1e1, L:/127.0.0.1:49932 - R:localhost/127.0.0.1:62608]' for 'GET' to 'http://localhost:62608/session/b4f4c2561dfb65b8fe9d21df225b2a81/element/34907a50-6de7-476e-84a8-3b6ecabf816e/enabled'
00:47:25.499 [Forwarding isElementEnabled on session b4f4c2561dfb65b8fe9d21df225b2a81 to remote] DEBUG org.asynchttpclient.netty.request.NettyRequestSender - Using open Channel [id: 0x4f27f1e1, L:/127.0.0.1:49932 - R:localhost/127.0.0.1:62608] for GET '/session/b4f4c2561dfb65b8fe9d21df225b2a81/element/34907a50-6de7-476e-84a8-3b6ecabf816e/enabled'
00:47:25.515 [AsyncHttpClient-1-17] DEBUG org.asynchttpclient.netty.handler.HttpHandler - 

Request DefaultFullHttpRequest(decodeResult: success, version: HTTP/1.1, content: EmptyByteBufBE)
GET /session/b4f4c2561dfb65b8fe9d21df225b2a81/element/34907a50-6de7-476e-84a8-3b6ecabf816e/enabled HTTP/1.1
User-Agent: selenium/4.1.2 (java windows)
Cache-Control: no-cache
Content-Type: application/json; charset=utf-8
host: localhost:62608
accept: */*

Response DefaultHttpResponse(decodeResult: success, version: HTTP/1.1)
HTTP/1.1 200 OK
Content-Type: application/json; charset=utf-8
cache-control: no-cache
content-length: 14

00:47:25.515 [AsyncHttpClient-1-17] DEBUG org.asynchttpclient.netty.channel.ChannelManager - Adding key: http://localhost:62608 for channel [id: 0x4f27f1e1, L:/127.0.0.1:49932 - R:localhost/127.0.0.1:62608]
00:47:25.518 [Forwarding findElement on session b4f4c2561dfb65b8fe9d21df225b2a81 to remote] DEBUG org.asynchttpclient.netty.request.NettyRequestSender - Using pooled Channel '[id: 0x4f27f1e1, L:/127.0.0.1:49932 - R:localhost/127.0.0.1:62608]' for 'POST' to 'http://localhost:62608/session/b4f4c2561dfb65b8fe9d21df225b2a81/element'
00:47:25.518 [Forwarding findElement on session b4f4c2561dfb65b8fe9d21df225b2a81 to remote] DEBUG org.asynchttpclient.netty.request.NettyRequestSender - Using open Channel [id: 0x4f27f1e1, L:/127.0.0.1:49932 - R:localhost/127.0.0.1:62608] for POST '/session/b4f4c2561dfb65b8fe9d21df225b2a81/element'
00:47:25.534 [AsyncHttpClient-1-17] DEBUG org.asynchttpclient.netty.handler.HttpHandler - 

Request DefaultHttpRequest(decodeResult: success, version: HTTP/1.1)
POST /session/b4f4c2561dfb65b8fe9d21df225b2a81/element HTTP/1.1
User-Agent: selenium/4.1.2 (java windows)
Content-Length: 71
Content-Type: application/json; charset=utf-8
host: localhost:62608
accept: */*

Response DefaultHttpResponse(decodeResult: success, version: HTTP/1.1)
HTTP/1.1 200 OK
Content-Type: application/json; charset=utf-8
cache-control: no-cache
content-length: 88

00:47:25.534 [AsyncHttpClient-1-17] DEBUG org.asynchttpclient.netty.channel.ChannelManager - Adding key: http://localhost:62608 for channel [id: 0x4f27f1e1, L:/127.0.0.1:49932 - R:localhost/127.0.0.1:62608]
00:47:25.535 [Forwarding clickElement on session b4f4c2561dfb65b8fe9d21df225b2a81 to remote] DEBUG org.asynchttpclient.netty.request.NettyRequestSender - Using pooled Channel '[id: 0x4f27f1e1, L:/127.0.0.1:49932 - R:localhost/127.0.0.1:62608]' for 'POST' to 'http://localhost:62608/session/b4f4c2561dfb65b8fe9d21df225b2a81/element/34907a50-6de7-476e-84a8-3b6ecabf816e/click'
00:47:25.535 [Forwarding clickElement on session b4f4c2561dfb65b8fe9d21df225b2a81 to remote] DEBUG org.asynchttpclient.netty.request.NettyRequestSender - Using open Channel [id: 0x4f27f1e1, L:/127.0.0.1:49932 - R:localhost/127.0.0.1:62608] for POST '/session/b4f4c2561dfb65b8fe9d21df225b2a81/element/34907a50-6de7-476e-84a8-3b6ecabf816e/click'
00:47:25.615 [AsyncHttpClient-1-17] DEBUG org.asynchttpclient.netty.handler.HttpHandler - 

Request DefaultHttpRequest(decodeResult: success, version: HTTP/1.1)
POST /session/b4f4c2561dfb65b8fe9d21df225b2a81/element/34907a50-6de7-476e-84a8-3b6ecabf816e/click HTTP/1.1
User-Agent: selenium/4.1.2 (java windows)
Content-Length: 50
Content-Type: application/json; charset=utf-8
host: localhost:62608
accept: */*

Response DefaultHttpResponse(decodeResult: success, version: HTTP/1.1)
HTTP/1.1 200 OK
Content-Type: application/json; charset=utf-8
cache-control: no-cache
content-length: 14

00:47:25.615 [AsyncHttpClient-1-17] DEBUG org.asynchttpclient.netty.channel.ChannelManager - Adding key: http://localhost:62608 for channel [id: 0x4f27f1e1, L:/127.0.0.1:49932 - R:localhost/127.0.0.1:62608]
00:47:25.620 [Forwarding screenshot on session b4f4c2561dfb65b8fe9d21df225b2a81 to remote] DEBUG org.asynchttpclient.netty.request.NettyRequestSender - Using pooled Channel '[id: 0x4f27f1e1, L:/127.0.0.1:49932 - R:localhost/127.0.0.1:62608]' for 'GET' to 'http://localhost:62608/session/b4f4c2561dfb65b8fe9d21df225b2a81/screenshot'
00:47:25.620 [Forwarding screenshot on session b4f4c2561dfb65b8fe9d21df225b2a81 to remote] DEBUG org.asynchttpclient.netty.request.NettyRequestSender - Using open Channel [id: 0x4f27f1e1, L:/127.0.0.1:49932 - R:localhost/127.0.0.1:62608] for GET '/session/b4f4c2561dfb65b8fe9d21df225b2a81/screenshot'
00:47:25.922 [AsyncHttpClient-1-17] DEBUG org.asynchttpclient.netty.handler.HttpHandler - 

Request DefaultFullHttpRequest(decodeResult: success, version: HTTP/1.1, content: EmptyByteBufBE)
GET /session/b4f4c2561dfb65b8fe9d21df225b2a81/screenshot HTTP/1.1
User-Agent: selenium/4.1.2 (java windows)
Cache-Control: no-cache
Content-Type: application/json; charset=utf-8
host: localhost:62608
accept: */*

Response DefaultHttpResponse(decodeResult: success, version: HTTP/1.1)
HTTP/1.1 200 OK
Content-Type: application/json; charset=utf-8
cache-control: no-cache
content-length: 575004

00:47:25.923 [AsyncHttpClient-1-17] DEBUG org.asynchttpclient.netty.channel.ChannelManager - Adding key: http://localhost:62608 for channel [id: 0x4f27f1e1, L:/127.0.0.1:49932 - R:localhost/127.0.0.1:62608]
00:47:25.933 [main] DEBUG net.serenitybdd.core.photography.Darkroom - Send negative for processing for target\site\serenity\bdfb3257a55b5f729af578dfc1dc3a5762c89839bea5dc19984e34dd6640fee1.png
00:47:25.933 [main] DEBUG net.thucydides.core.steps.StepInterceptor - STEP DONE: clickloginButton
  &amp#27;[32mAnd &amp#27;[0m&amp#27;[32mclick login button&amp#27;[0m                                            &amp#27;[90m# starter.definitions.LoginSteps.clickLoginButton()&amp#27;[0m
00:47:25.946 [main] DEBUG net.thucydides.core.steps.StepInterceptor - STARTING STEP: LoginSteps.clickSucsessLogin - sucseslogin
00:47:25.948 [Forwarding findElement on session b4f4c2561dfb65b8fe9d21df225b2a81 to remote] DEBUG org.asynchttpclient.netty.request.NettyRequestSender - Using pooled Channel '[id: 0x4f27f1e1, L:/127.0.0.1:49932 - R:localhost/127.0.0.1:62608]' for 'POST' to 'http://localhost:62608/session/b4f4c2561dfb65b8fe9d21df225b2a81/element'
00:47:25.948 [Forwarding findElement on session b4f4c2561dfb65b8fe9d21df225b2a81 to remote] DEBUG org.asynchttpclient.netty.request.NettyRequestSender - Using open Channel [id: 0x4f27f1e1, L:/127.0.0.1:49932 - R:localhost/127.0.0.1:62608] for POST '/session/b4f4c2561dfb65b8fe9d21df225b2a81/element'
00:47:26.188 [AsyncHttpClient-1-1] DEBUG org.asynchttpclient.netty.channel.DefaultChannelPool - Entry count for : http://localhost:49934 : 1
00:47:26.361 [AsyncHttpClient-1-17] DEBUG org.asynchttpclient.netty.handler.HttpHandler - 

Request DefaultHttpRequest(decodeResult: success, version: HTTP/1.1)
POST /session/b4f4c2561dfb65b8fe9d21df225b2a81/element HTTP/1.1
User-Agent: selenium/4.1.2 (java windows)
Content-Length: 79
Content-Type: application/json; charset=utf-8
host: localhost:62608
accept: */*

Response DefaultHttpResponse(decodeResult: success, version: HTTP/1.1)
HTTP/1.1 200 OK
Content-Type: application/json; charset=utf-8
cache-control: no-cache
content-length: 88

00:47:26.362 [AsyncHttpClient-1-17] DEBUG org.asynchttpclient.netty.channel.ChannelManager - Adding key: http://localhost:62608 for channel [id: 0x4f27f1e1, L:/127.0.0.1:49932 - R:localhost/127.0.0.1:62608]
00:47:26.363 [Forwarding getElementTagName on session b4f4c2561dfb65b8fe9d21df225b2a81 to remote] DEBUG org.asynchttpclient.netty.request.NettyRequestSender - Using pooled Channel '[id: 0x4f27f1e1, L:/127.0.0.1:49932 - R:localhost/127.0.0.1:62608]' for 'GET' to 'http://localhost:62608/session/b4f4c2561dfb65b8fe9d21df225b2a81/element/963d5b78-8b6e-4c51-b5e6-76d0813bab54/name'
00:47:26.363 [Forwarding getElementTagName on session b4f4c2561dfb65b8fe9d21df225b2a81 to remote] DEBUG org.asynchttpclient.netty.request.NettyRequestSender - Using open Channel [id: 0x4f27f1e1, L:/127.0.0.1:49932 - R:localhost/127.0.0.1:62608] for GET '/session/b4f4c2561dfb65b8fe9d21df225b2a81/element/963d5b78-8b6e-4c51-b5e6-76d0813bab54/name'
00:47:26.390 [AsyncHttpClient-1-17] DEBUG org.asynchttpclient.netty.handler.HttpHandler - 

Request DefaultFullHttpRequest(decodeResult: success, version: HTTP/1.1, content: EmptyByteBufBE)
GET /session/b4f4c2561dfb65b8fe9d21df225b2a81/element/963d5b78-8b6e-4c51-b5e6-76d0813bab54/name HTTP/1.1
User-Agent: selenium/4.1.2 (java windows)
Cache-Control: no-cache
Content-Type: application/json; charset=utf-8
host: localhost:62608
accept: */*

Response DefaultHttpResponse(decodeResult: success, version: HTTP/1.1)
HTTP/1.1 200 OK
Content-Type: application/json; charset=utf-8
cache-control: no-cache
content-length: 18

00:47:26.390 [AsyncHttpClient-1-17] DEBUG org.asynchttpclient.netty.channel.ChannelManager - Adding key: http://localhost:62608 for channel [id: 0x4f27f1e1, L:/127.0.0.1:49932 - R:localhost/127.0.0.1:62608]
00:47:26.391 [Forwarding getElementTagName on session b4f4c2561dfb65b8fe9d21df225b2a81 to remote] DEBUG org.asynchttpclient.netty.request.NettyRequestSender - Using pooled Channel '[id: 0x4f27f1e1, L:/127.0.0.1:49932 - R:localhost/127.0.0.1:62608]' for 'GET' to 'http://localhost:62608/session/b4f4c2561dfb65b8fe9d21df225b2a81/element/963d5b78-8b6e-4c51-b5e6-76d0813bab54/name'
00:47:26.392 [Forwarding getElementTagName on session b4f4c2561dfb65b8fe9d21df225b2a81 to remote] DEBUG org.asynchttpclient.netty.request.NettyRequestSender - Using open Channel [id: 0x4f27f1e1, L:/127.0.0.1:49932 - R:localhost/127.0.0.1:62608] for GET '/session/b4f4c2561dfb65b8fe9d21df225b2a81/element/963d5b78-8b6e-4c51-b5e6-76d0813bab54/name'
00:47:26.405 [AsyncHttpClient-1-17] DEBUG org.asynchttpclient.netty.handler.HttpHandler - 

Request DefaultFullHttpRequest(decodeResult: success, version: HTTP/1.1, content: EmptyByteBufBE)
GET /session/b4f4c2561dfb65b8fe9d21df225b2a81/element/963d5b78-8b6e-4c51-b5e6-76d0813bab54/name HTTP/1.1
User-Agent: selenium/4.1.2 (java windows)
Cache-Control: no-cache
Content-Type: application/json; charset=utf-8
host: localhost:62608
accept: */*

Response DefaultHttpResponse(decodeResult: success, version: HTTP/1.1)
HTTP/1.1 200 OK
Content-Type: application/json; charset=utf-8
cache-control: no-cache
content-length: 18

00:47:26.406 [AsyncHttpClient-1-17] DEBUG org.asynchttpclient.netty.channel.ChannelManager - Adding key: http://localhost:62608 for channel [id: 0x4f27f1e1, L:/127.0.0.1:49932 - R:localhost/127.0.0.1:62608]
00:47:26.407 [Forwarding isElementEnabled on session b4f4c2561dfb65b8fe9d21df225b2a81 to remote] DEBUG org.asynchttpclient.netty.request.NettyRequestSender - Using pooled Channel '[id: 0x4f27f1e1, L:/127.0.0.1:49932 - R:localhost/127.0.0.1:62608]' for 'GET' to 'http://localhost:62608/session/b4f4c2561dfb65b8fe9d21df225b2a81/element/963d5b78-8b6e-4c51-b5e6-76d0813bab54/enabled'
00:47:26.408 [Forwarding isElementEnabled on session b4f4c2561dfb65b8fe9d21df225b2a81 to remote] DEBUG org.asynchttpclient.netty.request.NettyRequestSender - Using open Channel [id: 0x4f27f1e1, L:/127.0.0.1:49932 - R:localhost/127.0.0.1:62608] for GET '/session/b4f4c2561dfb65b8fe9d21df225b2a81/element/963d5b78-8b6e-4c51-b5e6-76d0813bab54/enabled'
00:47:26.427 [AsyncHttpClient-1-17] DEBUG org.asynchttpclient.netty.handler.HttpHandler - 

Request DefaultFullHttpRequest(decodeResult: success, version: HTTP/1.1, content: EmptyByteBufBE)
GET /session/b4f4c2561dfb65b8fe9d21df225b2a81/element/963d5b78-8b6e-4c51-b5e6-76d0813bab54/enabled HTTP/1.1
User-Agent: selenium/4.1.2 (java windows)
Cache-Control: no-cache
Content-Type: application/json; charset=utf-8
host: localhost:62608
accept: */*

Response DefaultHttpResponse(decodeResult: success, version: HTTP/1.1)
HTTP/1.1 200 OK
Content-Type: application/json; charset=utf-8
cache-control: no-cache
content-length: 14

00:47:26.427 [AsyncHttpClient-1-17] DEBUG org.asynchttpclient.netty.channel.ChannelManager - Adding key: http://localhost:62608 for channel [id: 0x4f27f1e1, L:/127.0.0.1:49932 - R:localhost/127.0.0.1:62608]
00:47:26.428 [Forwarding isElementEnabled on session b4f4c2561dfb65b8fe9d21df225b2a81 to remote] DEBUG org.asynchttpclient.netty.request.NettyRequestSender - Using pooled Channel '[id: 0x4f27f1e1, L:/127.0.0.1:49932 - R:localhost/127.0.0.1:62608]' for 'GET' to 'http://localhost:62608/session/b4f4c2561dfb65b8fe9d21df225b2a81/element/963d5b78-8b6e-4c51-b5e6-76d0813bab54/enabled'
00:47:26.428 [Forwarding isElementEnabled on session b4f4c2561dfb65b8fe9d21df225b2a81 to remote] DEBUG org.asynchttpclient.netty.request.NettyRequestSender - Using open Channel [id: 0x4f27f1e1, L:/127.0.0.1:49932 - R:localhost/127.0.0.1:62608] for GET '/session/b4f4c2561dfb65b8fe9d21df225b2a81/element/963d5b78-8b6e-4c51-b5e6-76d0813bab54/enabled'
00:47:26.443 [AsyncHttpClient-1-17] DEBUG org.asynchttpclient.netty.handler.HttpHandler - 

Request DefaultFullHttpRequest(decodeResult: success, version: HTTP/1.1, content: EmptyByteBufBE)
GET /session/b4f4c2561dfb65b8fe9d21df225b2a81/element/963d5b78-8b6e-4c51-b5e6-76d0813bab54/enabled HTTP/1.1
User-Agent: selenium/4.1.2 (java windows)
Cache-Control: no-cache
Content-Type: application/json; charset=utf-8
host: localhost:62608
accept: */*

Response DefaultHttpResponse(decodeResult: success, version: HTTP/1.1)
HTTP/1.1 200 OK
Content-Type: application/json; charset=utf-8
cache-control: no-cache
content-length: 14

00:47:26.443 [AsyncHttpClient-1-17] DEBUG org.asynchttpclient.netty.channel.ChannelManager - Adding key: http://localhost:62608 for channel [id: 0x4f27f1e1, L:/127.0.0.1:49932 - R:localhost/127.0.0.1:62608]
00:47:26.445 [Forwarding findElement on session b4f4c2561dfb65b8fe9d21df225b2a81 to remote] DEBUG org.asynchttpclient.netty.request.NettyRequestSender - Using pooled Channel '[id: 0x4f27f1e1, L:/127.0.0.1:49932 - R:localhost/127.0.0.1:62608]' for 'POST' to 'http://localhost:62608/session/b4f4c2561dfb65b8fe9d21df225b2a81/element'
00:47:26.445 [Forwarding findElement on session b4f4c2561dfb65b8fe9d21df225b2a81 to remote] DEBUG org.asynchttpclient.netty.request.NettyRequestSender - Using open Channel [id: 0x4f27f1e1, L:/127.0.0.1:49932 - R:localhost/127.0.0.1:62608] for POST '/session/b4f4c2561dfb65b8fe9d21df225b2a81/element'
00:47:26.466 [AsyncHttpClient-1-17] DEBUG org.asynchttpclient.netty.handler.HttpHandler - 

Request DefaultHttpRequest(decodeResult: success, version: HTTP/1.1)
POST /session/b4f4c2561dfb65b8fe9d21df225b2a81/element HTTP/1.1
User-Agent: selenium/4.1.2 (java windows)
Content-Length: 79
Content-Type: application/json; charset=utf-8
host: localhost:62608
accept: */*

Response DefaultHttpResponse(decodeResult: success, version: HTTP/1.1)
HTTP/1.1 200 OK
Content-Type: application/json; charset=utf-8
cache-control: no-cache
content-length: 88

00:47:26.467 [AsyncHttpClient-1-17] DEBUG org.asynchttpclient.netty.channel.ChannelManager - Adding key: http://localhost:62608 for channel [id: 0x4f27f1e1, L:/127.0.0.1:49932 - R:localhost/127.0.0.1:62608]
00:47:26.468 [Forwarding clickElement on session b4f4c2561dfb65b8fe9d21df225b2a81 to remote] DEBUG org.asynchttpclient.netty.request.NettyRequestSender - Using pooled Channel '[id: 0x4f27f1e1, L:/127.0.0.1:49932 - R:localhost/127.0.0.1:62608]' for 'POST' to 'http://localhost:62608/session/b4f4c2561dfb65b8fe9d21df225b2a81/element/963d5b78-8b6e-4c51-b5e6-76d0813bab54/click'
00:47:26.468 [Forwarding clickElement on session b4f4c2561dfb65b8fe9d21df225b2a81 to remote] DEBUG org.asynchttpclient.netty.request.NettyRequestSender - Using open Channel [id: 0x4f27f1e1, L:/127.0.0.1:49932 - R:localhost/127.0.0.1:62608] for POST '/session/b4f4c2561dfb65b8fe9d21df225b2a81/element/963d5b78-8b6e-4c51-b5e6-76d0813bab54/click'
00:47:26.527 [AsyncHttpClient-1-17] DEBUG org.asynchttpclient.netty.handler.HttpHandler - 

Request DefaultHttpRequest(decodeResult: success, version: HTTP/1.1)
POST /session/b4f4c2561dfb65b8fe9d21df225b2a81/element/963d5b78-8b6e-4c51-b5e6-76d0813bab54/click HTTP/1.1
User-Agent: selenium/4.1.2 (java windows)
Content-Length: 50
Content-Type: application/json; charset=utf-8
host: localhost:62608
accept: */*

Response DefaultHttpResponse(decodeResult: success, version: HTTP/1.1)
HTTP/1.1 200 OK
Content-Type: application/json; charset=utf-8
cache-control: no-cache
content-length: 14

00:47:26.527 [AsyncHttpClient-1-17] DEBUG org.asynchttpclient.netty.channel.ChannelManager - Adding key: http://localhost:62608 for channel [id: 0x4f27f1e1, L:/127.0.0.1:49932 - R:localhost/127.0.0.1:62608]
00:47:26.532 [Forwarding screenshot on session b4f4c2561dfb65b8fe9d21df225b2a81 to remote] DEBUG org.asynchttpclient.netty.request.NettyRequestSender - Using pooled Channel '[id: 0x4f27f1e1, L:/127.0.0.1:49932 - R:localhost/127.0.0.1:62608]' for 'GET' to 'http://localhost:62608/session/b4f4c2561dfb65b8fe9d21df225b2a81/screenshot'
00:47:26.532 [Forwarding screenshot on session b4f4c2561dfb65b8fe9d21df225b2a81 to remote] DEBUG org.asynchttpclient.netty.request.NettyRequestSender - Using open Channel [id: 0x4f27f1e1, L:/127.0.0.1:49932 - R:localhost/127.0.0.1:62608] for GET '/session/b4f4c2561dfb65b8fe9d21df225b2a81/screenshot'
00:47:26.798 [AsyncHttpClient-1-17] DEBUG org.asynchttpclient.netty.handler.HttpHandler - 

Request DefaultFullHttpRequest(decodeResult: success, version: HTTP/1.1, content: EmptyByteBufBE)
GET /session/b4f4c2561dfb65b8fe9d21df225b2a81/screenshot HTTP/1.1
User-Agent: selenium/4.1.2 (java windows)
Cache-Control: no-cache
Content-Type: application/json; charset=utf-8
host: localhost:62608
accept: */*

Response DefaultHttpResponse(decodeResult: success, version: HTTP/1.1)
HTTP/1.1 200 OK
Content-Type: application/json; charset=utf-8
cache-control: no-cache
content-length: 117528

00:47:26.798 [AsyncHttpClient-1-17] DEBUG org.asynchttpclient.netty.channel.ChannelManager - Adding key: http://localhost:62608 for channel [id: 0x4f27f1e1, L:/127.0.0.1:49932 - R:localhost/127.0.0.1:62608]
00:47:26.801 [main] DEBUG net.serenitybdd.core.photography.Darkroom - Send negative for processing for target\site\serenity\d9a83337dc2c1818688b6451a899c33d07c239549adf4dbba27c4525cc618da8.png
00:47:26.801 [main] DEBUG net.thucydides.core.steps.StepInterceptor - STEP DONE: sucseslogin
  &amp#27;[32mAnd &amp#27;[0m&amp#27;[32mclick sucsess login&amp#27;[0m                                           &amp#27;[90m# starter.definitions.LoginSteps.clickSucsessLogin()&amp#27;[0m
00:47:26.801 [Darkroom Processing Line] DEBUG net.serenitybdd.core.photography.DarkroomProcessingLine - Processing screenshot image in /var/screenshots/screenshot-14587922121097007554
00:47:26.801 [Darkroom Processing Line] DEBUG net.serenitybdd.core.photography.DarkroomProcessingLine - Saving screenshot to target\site\serenity\d9a83337dc2c1818688b6451a899c33d07c239549adf4dbba27c4525cc618da8.png
00:47:26.875 [Forwarding screenshot on session b4f4c2561dfb65b8fe9d21df225b2a81 to remote] DEBUG org.asynchttpclient.netty.request.NettyRequestSender - Using pooled Channel '[id: 0x4f27f1e1, L:/127.0.0.1:49932 - R:localhost/127.0.0.1:62608]' for 'GET' to 'http://localhost:62608/session/b4f4c2561dfb65b8fe9d21df225b2a81/screenshot'
00:47:26.875 [Forwarding screenshot on session b4f4c2561dfb65b8fe9d21df225b2a81 to remote] DEBUG org.asynchttpclient.netty.request.NettyRequestSender - Using open Channel [id: 0x4f27f1e1, L:/127.0.0.1:49932 - R:localhost/127.0.0.1:62608] for GET '/session/b4f4c2561dfb65b8fe9d21df225b2a81/screenshot'
00:47:27.112 [AsyncHttpClient-1-17] DEBUG org.asynchttpclient.netty.handler.HttpHandler - 

Request DefaultFullHttpRequest(decodeResult: success, version: HTTP/1.1, content: EmptyByteBufBE)
GET /session/b4f4c2561dfb65b8fe9d21df225b2a81/screenshot HTTP/1.1
User-Agent: selenium/4.1.2 (java windows)
Cache-Control: no-cache
Content-Type: application/json; charset=utf-8
host: localhost:62608
accept: */*

Response DefaultHttpResponse(decodeResult: success, version: HTTP/1.1)
HTTP/1.1 200 OK
Content-Type: application/json; charset=utf-8
cache-control: no-cache
content-length: 122836

00:47:27.112 [AsyncHttpClient-1-17] DEBUG org.asynchttpclient.netty.channel.ChannelManager - Adding key: http://localhost:62608 for channel [id: 0x4f27f1e1, L:/127.0.0.1:49932 - R:localhost/127.0.0.1:62608]
00:47:27.115 [main] DEBUG net.serenitybdd.core.photography.Darkroom - Send negative for processing for target\site\serenity\5e3a6a75b5a16c4ddba3e6ac154b50f1a9376bfe75ce92f1b214e209cf039377.png
00:47:27.115 [main] DEBUG net.thucydides.core.steps.StepInterceptor - STARTING STEP: ManageadminSteps.admindashboardpage - dashboardpage
00:47:27.115 [Darkroom Processing Line] DEBUG net.serenitybdd.core.photography.DarkroomProcessingLine - Processing screenshot image in /var/screenshots/screenshot-6632318145686656882
00:47:27.116 [Darkroom Processing Line] DEBUG net.serenitybdd.core.photography.DarkroomProcessingLine - Saving screenshot to target\site\serenity\5e3a6a75b5a16c4ddba3e6ac154b50f1a9376bfe75ce92f1b214e209cf039377.png
00:47:27.117 [Forwarding findElement on session b4f4c2561dfb65b8fe9d21df225b2a81 to remote] DEBUG org.asynchttpclient.netty.request.NettyRequestSender - Using pooled Channel '[id: 0x4f27f1e1, L:/127.0.0.1:49932 - R:localhost/127.0.0.1:62608]' for 'POST' to 'http://localhost:62608/session/b4f4c2561dfb65b8fe9d21df225b2a81/element'
00:47:27.117 [Forwarding findElement on session b4f4c2561dfb65b8fe9d21df225b2a81 to remote] DEBUG org.asynchttpclient.netty.request.NettyRequestSender - Using open Channel [id: 0x4f27f1e1, L:/127.0.0.1:49932 - R:localhost/127.0.0.1:62608] for POST '/session/b4f4c2561dfb65b8fe9d21df225b2a81/element'
00:47:27.137 [AsyncHttpClient-1-17] DEBUG org.asynchttpclient.netty.handler.HttpHandler - 

Request DefaultHttpRequest(decodeResult: success, version: HTTP/1.1)
POST /session/b4f4c2561dfb65b8fe9d21df225b2a81/element HTTP/1.1
User-Agent: selenium/4.1.2 (java windows)
Content-Length: 82
Content-Type: application/json; charset=utf-8
host: localhost:62608
accept: */*

Response DefaultHttpResponse(decodeResult: success, version: HTTP/1.1)
HTTP/1.1 200 OK
Content-Type: application/json; charset=utf-8
cache-control: no-cache
content-length: 88

00:47:27.137 [AsyncHttpClient-1-17] DEBUG org.asynchttpclient.netty.channel.ChannelManager - Adding key: http://localhost:62608 for channel [id: 0x4f27f1e1, L:/127.0.0.1:49932 - R:localhost/127.0.0.1:62608]
00:47:27.141 [Forwarding isElementDisplayed on session b4f4c2561dfb65b8fe9d21df225b2a81 to remote] DEBUG org.asynchttpclient.netty.request.NettyRequestSender - Using pooled Channel '[id: 0x4f27f1e1, L:/127.0.0.1:49932 - R:localhost/127.0.0.1:62608]' for 'POST' to 'http://localhost:62608/session/b4f4c2561dfb65b8fe9d21df225b2a81/execute/sync'
00:47:27.141 [Forwarding isElementDisplayed on session b4f4c2561dfb65b8fe9d21df225b2a81 to remote] DEBUG org.asynchttpclient.netty.request.NettyRequestSender - Using open Channel [id: 0x4f27f1e1, L:/127.0.0.1:49932 - R:localhost/127.0.0.1:62608] for POST '/session/b4f4c2561dfb65b8fe9d21df225b2a81/execute/sync'
00:47:27.160 [AsyncHttpClient-1-17] DEBUG org.asynchttpclient.netty.handler.HttpHandler - 

Request DefaultHttpRequest(decodeResult: success, version: HTTP/1.1)
POST /session/b4f4c2561dfb65b8fe9d21df225b2a81/execute/sync HTTP/1.1
User-Agent: selenium/4.1.2 (java windows)
Content-Length: 48780
Content-Type: application/json; charset=utf-8
host: localhost:62608
accept: */*

Response DefaultHttpResponse(decodeResult: success, version: HTTP/1.1)
HTTP/1.1 200 OK
Content-Type: application/json; charset=utf-8
cache-control: no-cache
content-length: 14

00:47:27.160 [AsyncHttpClient-1-17] DEBUG org.asynchttpclient.netty.channel.ChannelManager - Adding key: http://localhost:62608 for channel [id: 0x4f27f1e1, L:/127.0.0.1:49932 - R:localhost/127.0.0.1:62608]
00:47:27.164 [main] DEBUG net.thucydides.core.steps.StepInterceptor - STEP DONE: dashboardpage
  &amp#27;[32mGiven &amp#27;[0m&amp#27;[32madmin dashboard page&amp#27;[0m                                        &amp#27;[90m# starter.definitions.ManageadminSteps.admindashboardpage()&amp#27;[0m
00:47:27.168 [Forwarding screenshot on session b4f4c2561dfb65b8fe9d21df225b2a81 to remote] DEBUG org.asynchttpclient.netty.request.NettyRequestSender - Using pooled Channel '[id: 0x4f27f1e1, L:/127.0.0.1:49932 - R:localhost/127.0.0.1:62608]' for 'GET' to 'http://localhost:62608/session/b4f4c2561dfb65b8fe9d21df225b2a81/screenshot'
00:47:27.168 [Forwarding screenshot on session b4f4c2561dfb65b8fe9d21df225b2a81 to remote] DEBUG org.asynchttpclient.netty.request.NettyRequestSender - Using open Channel [id: 0x4f27f1e1, L:/127.0.0.1:49932 - R:localhost/127.0.0.1:62608] for GET '/session/b4f4c2561dfb65b8fe9d21df225b2a81/screenshot'
00:47:27.291 [AsyncHttpClient-1-1] DEBUG org.asynchttpclient.netty.channel.DefaultChannelPool - Entry count for : http://localhost:49934 : 1
00:47:27.376 [AsyncHttpClient-1-17] DEBUG org.asynchttpclient.netty.handler.HttpHandler - 

Request DefaultFullHttpRequest(decodeResult: success, version: HTTP/1.1, content: EmptyByteBufBE)
GET /session/b4f4c2561dfb65b8fe9d21df225b2a81/screenshot HTTP/1.1
User-Agent: selenium/4.1.2 (java windows)
Cache-Control: no-cache
Content-Type: application/json; charset=utf-8
host: localhost:62608
accept: */*

Response DefaultHttpResponse(decodeResult: success, version: HTTP/1.1)
HTTP/1.1 200 OK
Content-Type: application/json; charset=utf-8
cache-control: no-cache
content-length: 125172

00:47:27.376 [AsyncHttpClient-1-17] DEBUG org.asynchttpclient.netty.channel.ChannelManager - Adding key: http://localhost:62608 for channel [id: 0x4f27f1e1, L:/127.0.0.1:49932 - R:localhost/127.0.0.1:62608]
00:47:27.379 [main] DEBUG net.serenitybdd.core.photography.Darkroom - Send negative for processing for target\site\serenity\86cb6ec0c8eff37d5207183025c31d35a6d126b78c7d066374cf6350aabb6812.png
00:47:27.379 [Darkroom Processing Line] DEBUG net.serenitybdd.core.photography.DarkroomProcessingLine - Processing screenshot image in /var/screenshots/screenshot-9974560240903542866
00:47:27.379 [Darkroom Processing Line] DEBUG net.serenitybdd.core.photography.DarkroomProcessingLine - Saving screenshot to target\site\serenity\86cb6ec0c8eff37d5207183025c31d35a6d126b78c7d066374cf6350aabb6812.png
00:47:27.388 [main] DEBUG net.thucydides.core.steps.StepInterceptor - STARTING STEP: ManageadminSteps.adminClickManageAdminPageAndClickAddNewManageAdmin - manageadminpage
00:47:27.391 [Forwarding findElement on session b4f4c2561dfb65b8fe9d21df225b2a81 to remote] DEBUG org.asynchttpclient.netty.request.NettyRequestSender - Using pooled Channel '[id: 0x4f27f1e1, L:/127.0.0.1:49932 - R:localhost/127.0.0.1:62608]' for 'POST' to 'http://localhost:62608/session/b4f4c2561dfb65b8fe9d21df225b2a81/element'
00:47:27.391 [Forwarding findElement on session b4f4c2561dfb65b8fe9d21df225b2a81 to remote] DEBUG org.asynchttpclient.netty.request.NettyRequestSender - Using open Channel [id: 0x4f27f1e1, L:/127.0.0.1:49932 - R:localhost/127.0.0.1:62608] for POST '/session/b4f4c2561dfb65b8fe9d21df225b2a81/element'
00:47:27.976 [AsyncHttpClient-1-17] DEBUG org.asynchttpclient.netty.handler.HttpHandler - 

Request DefaultHttpRequest(decodeResult: success, version: HTTP/1.1)
POST /session/b4f4c2561dfb65b8fe9d21df225b2a81/element HTTP/1.1
User-Agent: selenium/4.1.2 (java windows)
Content-Length: 71
Content-Type: application/json; charset=utf-8
host: localhost:62608
accept: */*

Response DefaultHttpResponse(decodeResult: success, version: HTTP/1.1)
HTTP/1.1 200 OK
Content-Type: application/json; charset=utf-8
cache-control: no-cache
content-length: 88

00:47:27.976 [AsyncHttpClient-1-17] DEBUG org.asynchttpclient.netty.channel.ChannelManager - Adding key: http://localhost:62608 for channel [id: 0x4f27f1e1, L:/127.0.0.1:49932 - R:localhost/127.0.0.1:62608]
00:47:27.977 [Forwarding getElementTagName on session b4f4c2561dfb65b8fe9d21df225b2a81 to remote] DEBUG org.asynchttpclient.netty.request.NettyRequestSender - Using pooled Channel '[id: 0x4f27f1e1, L:/127.0.0.1:49932 - R:localhost/127.0.0.1:62608]' for 'GET' to 'http://localhost:62608/session/b4f4c2561dfb65b8fe9d21df225b2a81/element/f5b8be96-fa8c-49c0-be95-720b039957fe/name'
00:47:27.977 [Forwarding getElementTagName on session b4f4c2561dfb65b8fe9d21df225b2a81 to remote] DEBUG org.asynchttpclient.netty.request.NettyRequestSender - Using open Channel [id: 0x4f27f1e1, L:/127.0.0.1:49932 - R:localhost/127.0.0.1:62608] for GET '/session/b4f4c2561dfb65b8fe9d21df225b2a81/element/f5b8be96-fa8c-49c0-be95-720b039957fe/name'
00:47:27.991 [AsyncHttpClient-1-17] DEBUG org.asynchttpclient.netty.handler.HttpHandler - 

Request DefaultFullHttpRequest(decodeResult: success, version: HTTP/1.1, content: EmptyByteBufBE)
GET /session/b4f4c2561dfb65b8fe9d21df225b2a81/element/f5b8be96-fa8c-49c0-be95-720b039957fe/name HTTP/1.1
User-Agent: selenium/4.1.2 (java windows)
Cache-Control: no-cache
Content-Type: application/json; charset=utf-8
host: localhost:62608
accept: */*

Response DefaultHttpResponse(decodeResult: success, version: HTTP/1.1)
HTTP/1.1 200 OK
Content-Type: application/json; charset=utf-8
cache-control: no-cache
content-length: 13

00:47:27.991 [AsyncHttpClient-1-17] DEBUG org.asynchttpclient.netty.channel.ChannelManager - Adding key: http://localhost:62608 for channel [id: 0x4f27f1e1, L:/127.0.0.1:49932 - R:localhost/127.0.0.1:62608]
00:47:27.992 [Forwarding getElementTagName on session b4f4c2561dfb65b8fe9d21df225b2a81 to remote] DEBUG org.asynchttpclient.netty.request.NettyRequestSender - Using pooled Channel '[id: 0x4f27f1e1, L:/127.0.0.1:49932 - R:localhost/127.0.0.1:62608]' for 'GET' to 'http://localhost:62608/session/b4f4c2561dfb65b8fe9d21df225b2a81/element/f5b8be96-fa8c-49c0-be95-720b039957fe/name'
00:47:27.992 [Forwarding getElementTagName on session b4f4c2561dfb65b8fe9d21df225b2a81 to remote] DEBUG org.asynchttpclient.netty.request.NettyRequestSender - Using open Channel [id: 0x4f27f1e1, L:/127.0.0.1:49932 - R:localhost/127.0.0.1:62608] for GET '/session/b4f4c2561dfb65b8fe9d21df225b2a81/element/f5b8be96-fa8c-49c0-be95-720b039957fe/name'
00:47:28.000 [AsyncHttpClient-1-17] DEBUG org.asynchttpclient.netty.handler.HttpHandler - 

Request DefaultFullHttpRequest(decodeResult: success, version: HTTP/1.1, content: EmptyByteBufBE)
GET /session/b4f4c2561dfb65b8fe9d21df225b2a81/element/f5b8be96-fa8c-49c0-be95-720b039957fe/name HTTP/1.1
User-Agent: selenium/4.1.2 (java windows)
Cache-Control: no-cache
Content-Type: application/json; charset=utf-8
host: localhost:62608
accept: */*

Response DefaultHttpResponse(decodeResult: success, version: HTTP/1.1)
HTTP/1.1 200 OK
Content-Type: application/json; charset=utf-8
cache-control: no-cache
content-length: 13

00:47:28.000 [AsyncHttpClient-1-17] DEBUG org.asynchttpclient.netty.channel.ChannelManager - Adding key: http://localhost:62608 for channel [id: 0x4f27f1e1, L:/127.0.0.1:49932 - R:localhost/127.0.0.1:62608]
00:47:28.002 [Forwarding findElement on session b4f4c2561dfb65b8fe9d21df225b2a81 to remote] DEBUG org.asynchttpclient.netty.request.NettyRequestSender - Using pooled Channel '[id: 0x4f27f1e1, L:/127.0.0.1:49932 - R:localhost/127.0.0.1:62608]' for 'POST' to 'http://localhost:62608/session/b4f4c2561dfb65b8fe9d21df225b2a81/element'
00:47:28.002 [Forwarding findElement on session b4f4c2561dfb65b8fe9d21df225b2a81 to remote] DEBUG org.asynchttpclient.netty.request.NettyRequestSender - Using open Channel [id: 0x4f27f1e1, L:/127.0.0.1:49932 - R:localhost/127.0.0.1:62608] for POST '/session/b4f4c2561dfb65b8fe9d21df225b2a81/element'
00:47:28.021 [AsyncHttpClient-1-17] DEBUG org.asynchttpclient.netty.handler.HttpHandler - 

Request DefaultHttpRequest(decodeResult: success, version: HTTP/1.1)
POST /session/b4f4c2561dfb65b8fe9d21df225b2a81/element HTTP/1.1
User-Agent: selenium/4.1.2 (java windows)
Content-Length: 71
Content-Type: application/json; charset=utf-8
host: localhost:62608
accept: */*

Response DefaultHttpResponse(decodeResult: success, version: HTTP/1.1)
HTTP/1.1 200 OK
Content-Type: application/json; charset=utf-8
cache-control: no-cache
content-length: 88

00:47:28.022 [AsyncHttpClient-1-17] DEBUG org.asynchttpclient.netty.channel.ChannelManager - Adding key: http://localhost:62608 for channel [id: 0x4f27f1e1, L:/127.0.0.1:49932 - R:localhost/127.0.0.1:62608]
00:47:28.023 [Forwarding clickElement on session b4f4c2561dfb65b8fe9d21df225b2a81 to remote] DEBUG org.asynchttpclient.netty.request.NettyRequestSender - Using pooled Channel '[id: 0x4f27f1e1, L:/127.0.0.1:49932 - R:localhost/127.0.0.1:62608]' for 'POST' to 'http://localhost:62608/session/b4f4c2561dfb65b8fe9d21df225b2a81/element/f5b8be96-fa8c-49c0-be95-720b039957fe/click'
00:47:28.023 [Forwarding clickElement on session b4f4c2561dfb65b8fe9d21df225b2a81 to remote] DEBUG org.asynchttpclient.netty.request.NettyRequestSender - Using open Channel [id: 0x4f27f1e1, L:/127.0.0.1:49932 - R:localhost/127.0.0.1:62608] for POST '/session/b4f4c2561dfb65b8fe9d21df225b2a81/element/f5b8be96-fa8c-49c0-be95-720b039957fe/click'
00:47:28.121 [AsyncHttpClient-1-17] DEBUG org.asynchttpclient.netty.handler.HttpHandler - 

Request DefaultHttpRequest(decodeResult: success, version: HTTP/1.1)
POST /session/b4f4c2561dfb65b8fe9d21df225b2a81/element/f5b8be96-fa8c-49c0-be95-720b039957fe/click HTTP/1.1
User-Agent: selenium/4.1.2 (java windows)
Content-Length: 50
Content-Type: application/json; charset=utf-8
host: localhost:62608
accept: */*

Response DefaultHttpResponse(decodeResult: success, version: HTTP/1.1)
HTTP/1.1 200 OK
Content-Type: application/json; charset=utf-8
cache-control: no-cache
content-length: 14

00:47:28.122 [AsyncHttpClient-1-17] DEBUG org.asynchttpclient.netty.channel.ChannelManager - Adding key: http://localhost:62608 for channel [id: 0x4f27f1e1, L:/127.0.0.1:49932 - R:localhost/127.0.0.1:62608]
00:47:28.126 [Forwarding screenshot on session b4f4c2561dfb65b8fe9d21df225b2a81 to remote] DEBUG org.asynchttpclient.netty.request.NettyRequestSender - Using pooled Channel '[id: 0x4f27f1e1, L:/127.0.0.1:49932 - R:localhost/127.0.0.1:62608]' for 'GET' to 'http://localhost:62608/session/b4f4c2561dfb65b8fe9d21df225b2a81/screenshot'
00:47:28.126 [Forwarding screenshot on session b4f4c2561dfb65b8fe9d21df225b2a81 to remote] DEBUG org.asynchttpclient.netty.request.NettyRequestSender - Using open Channel [id: 0x4f27f1e1, L:/127.0.0.1:49932 - R:localhost/127.0.0.1:62608] for GET '/session/b4f4c2561dfb65b8fe9d21df225b2a81/screenshot'
00:47:28.318 [AsyncHttpClient-1-17] DEBUG org.asynchttpclient.netty.handler.HttpHandler - 

Request DefaultFullHttpRequest(decodeResult: success, version: HTTP/1.1, content: EmptyByteBufBE)
GET /session/b4f4c2561dfb65b8fe9d21df225b2a81/screenshot HTTP/1.1
User-Agent: selenium/4.1.2 (java windows)
Cache-Control: no-cache
Content-Type: application/json; charset=utf-8
host: localhost:62608
accept: */*

Response DefaultHttpResponse(decodeResult: success, version: HTTP/1.1)
HTTP/1.1 200 OK
Content-Type: application/json; charset=utf-8
cache-control: no-cache
content-length: 96184

00:47:28.318 [AsyncHttpClient-1-17] DEBUG org.asynchttpclient.netty.channel.ChannelManager - Adding key: http://localhost:62608 for channel [id: 0x4f27f1e1, L:/127.0.0.1:49932 - R:localhost/127.0.0.1:62608]
00:47:28.321 [main] DEBUG net.serenitybdd.core.photography.Darkroom - Send negative for processing for target\site\serenity\63c73baa8add639cec5c1b4af3013a17f641edccbdd0067c6e15c986d0ff87f3.png
00:47:28.321 [main] DEBUG net.thucydides.core.steps.StepInterceptor - STEP DONE: manageadminpage
00:47:28.321 [Darkroom Processing Line] DEBUG net.serenitybdd.core.photography.DarkroomProcessingLine - Processing screenshot image in /var/screenshots/screenshot-6977695237045598043
00:47:28.322 [Darkroom Processing Line] DEBUG net.serenitybdd.core.photography.DarkroomProcessingLine - Saving screenshot to target\site\serenity\63c73baa8add639cec5c1b4af3013a17f641edccbdd0067c6e15c986d0ff87f3.png
00:47:28.326 [main] DEBUG net.thucydides.core.steps.StepInterceptor - STARTING STEP: ManageadminSteps.adminClickManageAdminPageAndClickAddNewManageAdmin - addnewadmin
00:47:28.330 [Forwarding findElement on session b4f4c2561dfb65b8fe9d21df225b2a81 to remote] DEBUG org.asynchttpclient.netty.request.NettyRequestSender - Using pooled Channel '[id: 0x4f27f1e1, L:/127.0.0.1:49932 - R:localhost/127.0.0.1:62608]' for 'POST' to 'http://localhost:62608/session/b4f4c2561dfb65b8fe9d21df225b2a81/element'
00:47:28.330 [Forwarding findElement on session b4f4c2561dfb65b8fe9d21df225b2a81 to remote] DEBUG org.asynchttpclient.netty.request.NettyRequestSender - Using open Channel [id: 0x4f27f1e1, L:/127.0.0.1:49932 - R:localhost/127.0.0.1:62608] for POST '/session/b4f4c2561dfb65b8fe9d21df225b2a81/element'
00:47:28.353 [AsyncHttpClient-1-17] DEBUG org.asynchttpclient.netty.handler.HttpHandler - 

Request DefaultHttpRequest(decodeResult: success, version: HTTP/1.1)
POST /session/b4f4c2561dfb65b8fe9d21df225b2a81/element HTTP/1.1
User-Agent: selenium/4.1.2 (java windows)
Content-Length: 71
Content-Type: application/json; charset=utf-8
host: localhost:62608
accept: */*

Response DefaultHttpResponse(decodeResult: success, version: HTTP/1.1)
HTTP/1.1 200 OK
Content-Type: application/json; charset=utf-8
cache-control: no-cache
content-length: 88

00:47:28.353 [AsyncHttpClient-1-17] DEBUG org.asynchttpclient.netty.channel.ChannelManager - Adding key: http://localhost:62608 for channel [id: 0x4f27f1e1, L:/127.0.0.1:49932 - R:localhost/127.0.0.1:62608]
00:47:28.355 [Forwarding getElementTagName on session b4f4c2561dfb65b8fe9d21df225b2a81 to remote] DEBUG org.asynchttpclient.netty.request.NettyRequestSender - Using pooled Channel '[id: 0x4f27f1e1, L:/127.0.0.1:49932 - R:localhost/127.0.0.1:62608]' for 'GET' to 'http://localhost:62608/session/b4f4c2561dfb65b8fe9d21df225b2a81/element/40c7d748-d469-43f1-bfa4-3333402ade18/name'
00:47:28.355 [Forwarding getElementTagName on session b4f4c2561dfb65b8fe9d21df225b2a81 to remote] DEBUG org.asynchttpclient.netty.request.NettyRequestSender - Using open Channel [id: 0x4f27f1e1, L:/127.0.0.1:49932 - R:localhost/127.0.0.1:62608] for GET '/session/b4f4c2561dfb65b8fe9d21df225b2a81/element/40c7d748-d469-43f1-bfa4-3333402ade18/name'
00:47:28.366 [AsyncHttpClient-1-17] DEBUG org.asynchttpclient.netty.handler.HttpHandler - 

Request DefaultFullHttpRequest(decodeResult: success, version: HTTP/1.1, content: EmptyByteBufBE)
GET /session/b4f4c2561dfb65b8fe9d21df225b2a81/element/40c7d748-d469-43f1-bfa4-3333402ade18/name HTTP/1.1
User-Agent: selenium/4.1.2 (java windows)
Cache-Control: no-cache
Content-Type: application/json; charset=utf-8
host: localhost:62608
accept: */*

Response DefaultHttpResponse(decodeResult: success, version: HTTP/1.1)
HTTP/1.1 200 OK
Content-Type: application/json; charset=utf-8
cache-control: no-cache
content-length: 18

00:47:28.366 [AsyncHttpClient-1-17] DEBUG org.asynchttpclient.netty.channel.ChannelManager - Adding key: http://localhost:62608 for channel [id: 0x4f27f1e1, L:/127.0.0.1:49932 - R:localhost/127.0.0.1:62608]
00:47:28.367 [Forwarding getElementTagName on session b4f4c2561dfb65b8fe9d21df225b2a81 to remote] DEBUG org.asynchttpclient.netty.request.NettyRequestSender - Using pooled Channel '[id: 0x4f27f1e1, L:/127.0.0.1:49932 - R:localhost/127.0.0.1:62608]' for 'GET' to 'http://localhost:62608/session/b4f4c2561dfb65b8fe9d21df225b2a81/element/40c7d748-d469-43f1-bfa4-3333402ade18/name'
00:47:28.367 [Forwarding getElementTagName on session b4f4c2561dfb65b8fe9d21df225b2a81 to remote] DEBUG org.asynchttpclient.netty.request.NettyRequestSender - Using open Channel [id: 0x4f27f1e1, L:/127.0.0.1:49932 - R:localhost/127.0.0.1:62608] for GET '/session/b4f4c2561dfb65b8fe9d21df225b2a81/element/40c7d748-d469-43f1-bfa4-3333402ade18/name'
00:47:28.380 [AsyncHttpClient-1-17] DEBUG org.asynchttpclient.netty.handler.HttpHandler - 

Request DefaultFullHttpRequest(decodeResult: success, version: HTTP/1.1, content: EmptyByteBufBE)
GET /session/b4f4c2561dfb65b8fe9d21df225b2a81/element/40c7d748-d469-43f1-bfa4-3333402ade18/name HTTP/1.1
User-Agent: selenium/4.1.2 (java windows)
Cache-Control: no-cache
Content-Type: application/json; charset=utf-8
host: localhost:62608
accept: */*

Response DefaultHttpResponse(decodeResult: success, version: HTTP/1.1)
HTTP/1.1 200 OK
Content-Type: application/json; charset=utf-8
cache-control: no-cache
content-length: 18

00:47:28.380 [AsyncHttpClient-1-17] DEBUG org.asynchttpclient.netty.channel.ChannelManager - Adding key: http://localhost:62608 for channel [id: 0x4f27f1e1, L:/127.0.0.1:49932 - R:localhost/127.0.0.1:62608]
00:47:28.382 [Forwarding isElementEnabled on session b4f4c2561dfb65b8fe9d21df225b2a81 to remote] DEBUG org.asynchttpclient.netty.request.NettyRequestSender - Using pooled Channel '[id: 0x4f27f1e1, L:/127.0.0.1:49932 - R:localhost/127.0.0.1:62608]' for 'GET' to 'http://localhost:62608/session/b4f4c2561dfb65b8fe9d21df225b2a81/element/40c7d748-d469-43f1-bfa4-3333402ade18/enabled'
00:47:28.382 [Forwarding isElementEnabled on session b4f4c2561dfb65b8fe9d21df225b2a81 to remote] DEBUG org.asynchttpclient.netty.request.NettyRequestSender - Using open Channel [id: 0x4f27f1e1, L:/127.0.0.1:49932 - R:localhost/127.0.0.1:62608] for GET '/session/b4f4c2561dfb65b8fe9d21df225b2a81/element/40c7d748-d469-43f1-bfa4-3333402ade18/enabled'
00:47:28.387 [AsyncHttpClient-1-1] DEBUG org.asynchttpclient.netty.channel.DefaultChannelPool - Entry count for : http://localhost:49934 : 1
00:47:28.395 [AsyncHttpClient-1-17] DEBUG org.asynchttpclient.netty.handler.HttpHandler - 

Request DefaultFullHttpRequest(decodeResult: success, version: HTTP/1.1, content: EmptyByteBufBE)
GET /session/b4f4c2561dfb65b8fe9d21df225b2a81/element/40c7d748-d469-43f1-bfa4-3333402ade18/enabled HTTP/1.1
User-Agent: selenium/4.1.2 (java windows)
Cache-Control: no-cache
Content-Type: application/json; charset=utf-8
host: localhost:62608
accept: */*

Response DefaultHttpResponse(decodeResult: success, version: HTTP/1.1)
HTTP/1.1 200 OK
Content-Type: application/json; charset=utf-8
cache-control: no-cache
content-length: 14

00:47:28.395 [AsyncHttpClient-1-17] DEBUG org.asynchttpclient.netty.channel.ChannelManager - Adding key: http://localhost:62608 for channel [id: 0x4f27f1e1, L:/127.0.0.1:49932 - R:localhost/127.0.0.1:62608]
00:47:28.396 [Forwarding isElementEnabled on session b4f4c2561dfb65b8fe9d21df225b2a81 to remote] DEBUG org.asynchttpclient.netty.request.NettyRequestSender - Using pooled Channel '[id: 0x4f27f1e1, L:/127.0.0.1:49932 - R:localhost/127.0.0.1:62608]' for 'GET' to 'http://localhost:62608/session/b4f4c2561dfb65b8fe9d21df225b2a81/element/40c7d748-d469-43f1-bfa4-3333402ade18/enabled'
00:47:28.396 [Forwarding isElementEnabled on session b4f4c2561dfb65b8fe9d21df225b2a81 to remote] DEBUG org.asynchttpclient.netty.request.NettyRequestSender - Using open Channel [id: 0x4f27f1e1, L:/127.0.0.1:49932 - R:localhost/127.0.0.1:62608] for GET '/session/b4f4c2561dfb65b8fe9d21df225b2a81/element/40c7d748-d469-43f1-bfa4-3333402ade18/enabled'
00:47:28.410 [AsyncHttpClient-1-17] DEBUG org.asynchttpclient.netty.handler.HttpHandler - 

Request DefaultFullHttpRequest(decodeResult: success, version: HTTP/1.1, content: EmptyByteBufBE)
GET /session/b4f4c2561dfb65b8fe9d21df225b2a81/element/40c7d748-d469-43f1-bfa4-3333402ade18/enabled HTTP/1.1
User-Agent: selenium/4.1.2 (java windows)
Cache-Control: no-cache
Content-Type: application/json; charset=utf-8
host: localhost:62608
accept: */*

Response DefaultHttpResponse(decodeResult: success, version: HTTP/1.1)
HTTP/1.1 200 OK
Content-Type: application/json; charset=utf-8
cache-control: no-cache
content-length: 14

00:47:28.411 [AsyncHttpClient-1-17] DEBUG org.asynchttpclient.netty.channel.ChannelManager - Adding key: http://localhost:62608 for channel [id: 0x4f27f1e1, L:/127.0.0.1:49932 - R:localhost/127.0.0.1:62608]
00:47:28.412 [Forwarding findElement on session b4f4c2561dfb65b8fe9d21df225b2a81 to remote] DEBUG org.asynchttpclient.netty.request.NettyRequestSender - Using pooled Channel '[id: 0x4f27f1e1, L:/127.0.0.1:49932 - R:localhost/127.0.0.1:62608]' for 'POST' to 'http://localhost:62608/session/b4f4c2561dfb65b8fe9d21df225b2a81/element'
00:47:28.412 [Forwarding findElement on session b4f4c2561dfb65b8fe9d21df225b2a81 to remote] DEBUG org.asynchttpclient.netty.request.NettyRequestSender - Using open Channel [id: 0x4f27f1e1, L:/127.0.0.1:49932 - R:localhost/127.0.0.1:62608] for POST '/session/b4f4c2561dfb65b8fe9d21df225b2a81/element'
00:47:28.418 [AsyncHttpClient-1-17] DEBUG org.asynchttpclient.netty.handler.HttpHandler - 

Request DefaultHttpRequest(decodeResult: success, version: HTTP/1.1)
POST /session/b4f4c2561dfb65b8fe9d21df225b2a81/element HTTP/1.1
User-Agent: selenium/4.1.2 (java windows)
Content-Length: 71
Content-Type: application/json; charset=utf-8
host: localhost:62608
accept: */*

Response DefaultHttpResponse(decodeResult: success, version: HTTP/1.1)
HTTP/1.1 200 OK
Content-Type: application/json; charset=utf-8
cache-control: no-cache
content-length: 88

00:47:28.418 [AsyncHttpClient-1-17] DEBUG org.asynchttpclient.netty.channel.ChannelManager - Adding key: http://localhost:62608 for channel [id: 0x4f27f1e1, L:/127.0.0.1:49932 - R:localhost/127.0.0.1:62608]
00:47:28.419 [Forwarding clickElement on session b4f4c2561dfb65b8fe9d21df225b2a81 to remote] DEBUG org.asynchttpclient.netty.request.NettyRequestSender - Using pooled Channel '[id: 0x4f27f1e1, L:/127.0.0.1:49932 - R:localhost/127.0.0.1:62608]' for 'POST' to 'http://localhost:62608/session/b4f4c2561dfb65b8fe9d21df225b2a81/element/40c7d748-d469-43f1-bfa4-3333402ade18/click'
00:47:28.419 [Forwarding clickElement on session b4f4c2561dfb65b8fe9d21df225b2a81 to remote] DEBUG org.asynchttpclient.netty.request.NettyRequestSender - Using open Channel [id: 0x4f27f1e1, L:/127.0.0.1:49932 - R:localhost/127.0.0.1:62608] for POST '/session/b4f4c2561dfb65b8fe9d21df225b2a81/element/40c7d748-d469-43f1-bfa4-3333402ade18/click'
00:47:28.469 [AsyncHttpClient-1-17] DEBUG org.asynchttpclient.netty.handler.HttpHandler - 

Request DefaultHttpRequest(decodeResult: success, version: HTTP/1.1)
POST /session/b4f4c2561dfb65b8fe9d21df225b2a81/element/40c7d748-d469-43f1-bfa4-3333402ade18/click HTTP/1.1
User-Agent: selenium/4.1.2 (java windows)
Content-Length: 50
Content-Type: application/json; charset=utf-8
host: localhost:62608
accept: */*

Response DefaultHttpResponse(decodeResult: success, version: HTTP/1.1)
HTTP/1.1 200 OK
Content-Type: application/json; charset=utf-8
cache-control: no-cache
content-length: 14

00:47:28.469 [AsyncHttpClient-1-17] DEBUG org.asynchttpclient.netty.channel.ChannelManager - Adding key: http://localhost:62608 for channel [id: 0x4f27f1e1, L:/127.0.0.1:49932 - R:localhost/127.0.0.1:62608]
00:47:28.474 [Forwarding screenshot on session b4f4c2561dfb65b8fe9d21df225b2a81 to remote] DEBUG org.asynchttpclient.netty.request.NettyRequestSender - Using pooled Channel '[id: 0x4f27f1e1, L:/127.0.0.1:49932 - R:localhost/127.0.0.1:62608]' for 'GET' to 'http://localhost:62608/session/b4f4c2561dfb65b8fe9d21df225b2a81/screenshot'
00:47:28.475 [Forwarding screenshot on session b4f4c2561dfb65b8fe9d21df225b2a81 to remote] DEBUG org.asynchttpclient.netty.request.NettyRequestSender - Using open Channel [id: 0x4f27f1e1, L:/127.0.0.1:49932 - R:localhost/127.0.0.1:62608] for GET '/session/b4f4c2561dfb65b8fe9d21df225b2a81/screenshot'
00:47:28.629 [AsyncHttpClient-1-17] DEBUG org.asynchttpclient.netty.handler.HttpHandler - 

Request DefaultFullHttpRequest(decodeResult: success, version: HTTP/1.1, content: EmptyByteBufBE)
GET /session/b4f4c2561dfb65b8fe9d21df225b2a81/screenshot HTTP/1.1
User-Agent: selenium/4.1.2 (java windows)
Cache-Control: no-cache
Content-Type: application/json; charset=utf-8
host: localhost:62608
accept: */*

Response DefaultHttpResponse(decodeResult: success, version: HTTP/1.1)
HTTP/1.1 200 OK
Content-Type: application/json; charset=utf-8
cache-control: no-cache
content-length: 104264

00:47:28.629 [AsyncHttpClient-1-17] DEBUG org.asynchttpclient.netty.channel.ChannelManager - Adding key: http://localhost:62608 for channel [id: 0x4f27f1e1, L:/127.0.0.1:49932 - R:localhost/127.0.0.1:62608]
00:47:28.631 [main] DEBUG net.serenitybdd.core.photography.Darkroom - Send negative for processing for target\site\serenity\3a49375c838b87ce3bde8d8aca0bde16e5b1dfa50e3d191ebe035fa5651d7ec9.png
00:47:28.631 [main] DEBUG net.thucydides.core.steps.StepInterceptor - STEP DONE: addnewadmin
  &amp#27;[32mWhen &amp#27;[0m&amp#27;[32madmin click manage admin page and click add new manage admin&amp#27;[0m &amp#27;[90m# starter.definitions.ManageadminSteps.adminClickManageAdminPageAndClickAddNewManageAdmin()&amp#27;[0m
00:47:28.632 [Darkroom Processing Line] DEBUG net.serenitybdd.core.photography.DarkroomProcessingLine - Processing screenshot image in /var/screenshots/screenshot-478216766158948308
00:47:28.632 [Darkroom Processing Line] DEBUG net.serenitybdd.core.photography.DarkroomProcessingLine - Saving screenshot to target\site\serenity\3a49375c838b87ce3bde8d8aca0bde16e5b1dfa50e3d191ebe035fa5651d7ec9.png
00:47:28.644 [main] DEBUG net.thucydides.core.steps.StepInterceptor - STARTING STEP: ManageadminSteps.adminClickAddNewAdminThenFillInAsInstructed - fillname
00:47:28.646 [Forwarding findElement on session b4f4c2561dfb65b8fe9d21df225b2a81 to remote] DEBUG org.asynchttpclient.netty.request.NettyRequestSender - Using pooled Channel '[id: 0x4f27f1e1, L:/127.0.0.1:49932 - R:localhost/127.0.0.1:62608]' for 'POST' to 'http://localhost:62608/session/b4f4c2561dfb65b8fe9d21df225b2a81/element'
00:47:28.646 [Forwarding findElement on session b4f4c2561dfb65b8fe9d21df225b2a81 to remote] DEBUG org.asynchttpclient.netty.request.NettyRequestSender - Using open Channel [id: 0x4f27f1e1, L:/127.0.0.1:49932 - R:localhost/127.0.0.1:62608] for POST '/session/b4f4c2561dfb65b8fe9d21df225b2a81/element'
00:47:28.663 [AsyncHttpClient-1-17] DEBUG org.asynchttpclient.netty.handler.HttpHandler - 

Request DefaultHttpRequest(decodeResult: success, version: HTTP/1.1)
POST /session/b4f4c2561dfb65b8fe9d21df225b2a81/element HTTP/1.1
User-Agent: selenium/4.1.2 (java windows)
Content-Length: 99
Content-Type: application/json; charset=utf-8
host: localhost:62608
accept: */*

Response DefaultHttpResponse(decodeResult: success, version: HTTP/1.1)
HTTP/1.1 200 OK
Content-Type: application/json; charset=utf-8
cache-control: no-cache
content-length: 88

00:47:28.663 [AsyncHttpClient-1-17] DEBUG org.asynchttpclient.netty.channel.ChannelManager - Adding key: http://localhost:62608 for channel [id: 0x4f27f1e1, L:/127.0.0.1:49932 - R:localhost/127.0.0.1:62608]
00:47:28.664 [Forwarding clearElement on session b4f4c2561dfb65b8fe9d21df225b2a81 to remote] DEBUG org.asynchttpclient.netty.request.NettyRequestSender - Using pooled Channel '[id: 0x4f27f1e1, L:/127.0.0.1:49932 - R:localhost/127.0.0.1:62608]' for 'POST' to 'http://localhost:62608/session/b4f4c2561dfb65b8fe9d21df225b2a81/element/9ed4839a-e2a5-49e0-9fc2-f424b65597b0/clear'
00:47:28.664 [Forwarding clearElement on session b4f4c2561dfb65b8fe9d21df225b2a81 to remote] DEBUG org.asynchttpclient.netty.request.NettyRequestSender - Using open Channel [id: 0x4f27f1e1, L:/127.0.0.1:49932 - R:localhost/127.0.0.1:62608] for POST '/session/b4f4c2561dfb65b8fe9d21df225b2a81/element/9ed4839a-e2a5-49e0-9fc2-f424b65597b0/clear'
00:47:28.710 [AsyncHttpClient-1-17] DEBUG org.asynchttpclient.netty.handler.HttpHandler - 

Request DefaultHttpRequest(decodeResult: success, version: HTTP/1.1)
POST /session/b4f4c2561dfb65b8fe9d21df225b2a81/element/9ed4839a-e2a5-49e0-9fc2-f424b65597b0/clear HTTP/1.1
User-Agent: selenium/4.1.2 (java windows)
Content-Length: 50
Content-Type: application/json; charset=utf-8
host: localhost:62608
accept: */*

Response DefaultHttpResponse(decodeResult: success, version: HTTP/1.1)
HTTP/1.1 200 OK
Content-Type: application/json; charset=utf-8
cache-control: no-cache
content-length: 14

00:47:28.710 [AsyncHttpClient-1-17] DEBUG org.asynchttpclient.netty.channel.ChannelManager - Adding key: http://localhost:62608 for channel [id: 0x4f27f1e1, L:/127.0.0.1:49932 - R:localhost/127.0.0.1:62608]
00:47:28.711 [Forwarding sendKeysToElement on session b4f4c2561dfb65b8fe9d21df225b2a81 to remote] DEBUG org.asynchttpclient.netty.request.NettyRequestSender - Using pooled Channel '[id: 0x4f27f1e1, L:/127.0.0.1:49932 - R:localhost/127.0.0.1:62608]' for 'POST' to 'http://localhost:62608/session/b4f4c2561dfb65b8fe9d21df225b2a81/element/9ed4839a-e2a5-49e0-9fc2-f424b65597b0/value'
00:47:28.711 [Forwarding sendKeysToElement on session b4f4c2561dfb65b8fe9d21df225b2a81 to remote] DEBUG org.asynchttpclient.netty.request.NettyRequestSender - Using open Channel [id: 0x4f27f1e1, L:/127.0.0.1:49932 - R:localhost/127.0.0.1:62608] for POST '/session/b4f4c2561dfb65b8fe9d21df225b2a81/element/9ed4839a-e2a5-49e0-9fc2-f424b65597b0/value'
00:47:28.813 [AsyncHttpClient-1-17] DEBUG org.asynchttpclient.netty.handler.HttpHandler - 

Request DefaultHttpRequest(decodeResult: success, version: HTTP/1.1)
POST /session/b4f4c2561dfb65b8fe9d21df225b2a81/element/9ed4839a-e2a5-49e0-9fc2-f424b65597b0/value HTTP/1.1
User-Agent: selenium/4.1.2 (java windows)
Content-Length: 151
Content-Type: application/json; charset=utf-8
host: localhost:62608
accept: */*

Response DefaultHttpResponse(decodeResult: success, version: HTTP/1.1)
HTTP/1.1 200 OK
Content-Type: application/json; charset=utf-8
cache-control: no-cache
content-length: 14

00:47:28.813 [AsyncHttpClient-1-17] DEBUG org.asynchttpclient.netty.channel.ChannelManager - Adding key: http://localhost:62608 for channel [id: 0x4f27f1e1, L:/127.0.0.1:49932 - R:localhost/127.0.0.1:62608]
00:47:28.818 [Forwarding screenshot on session b4f4c2561dfb65b8fe9d21df225b2a81 to remote] DEBUG org.asynchttpclient.netty.request.NettyRequestSender - Using pooled Channel '[id: 0x4f27f1e1, L:/127.0.0.1:49932 - R:localhost/127.0.0.1:62608]' for 'GET' to 'http://localhost:62608/session/b4f4c2561dfb65b8fe9d21df225b2a81/screenshot'
00:47:28.818 [Forwarding screenshot on session b4f4c2561dfb65b8fe9d21df225b2a81 to remote] DEBUG org.asynchttpclient.netty.request.NettyRequestSender - Using open Channel [id: 0x4f27f1e1, L:/127.0.0.1:49932 - R:localhost/127.0.0.1:62608] for GET '/session/b4f4c2561dfb65b8fe9d21df225b2a81/screenshot'
00:47:28.953 [AsyncHttpClient-1-17] DEBUG org.asynchttpclient.netty.handler.HttpHandler - 

Request DefaultFullHttpRequest(decodeResult: success, version: HTTP/1.1, content: EmptyByteBufBE)
GET /session/b4f4c2561dfb65b8fe9d21df225b2a81/screenshot HTTP/1.1
User-Agent: selenium/4.1.2 (java windows)
Cache-Control: no-cache
Content-Type: application/json; charset=utf-8
host: localhost:62608
accept: */*

Response DefaultHttpResponse(decodeResult: success, version: HTTP/1.1)
HTTP/1.1 200 OK
Content-Type: application/json; charset=utf-8
cache-control: no-cache
content-length: 104420

00:47:28.953 [AsyncHttpClient-1-17] DEBUG org.asynchttpclient.netty.channel.ChannelManager - Adding key: http://localhost:62608 for channel [id: 0x4f27f1e1, L:/127.0.0.1:49932 - R:localhost/127.0.0.1:62608]
00:47:28.956 [main] DEBUG net.serenitybdd.core.photography.Darkroom - Send negative for processing for target\site\serenity\1ab7394c5818316d24c691cb9fb1b8e160d64f40e85f05703c71379fb369b1c5.png
00:47:28.956 [main] DEBUG net.thucydides.core.steps.StepInterceptor - STEP DONE: fillname
00:47:28.957 [Darkroom Processing Line] DEBUG net.serenitybdd.core.photography.DarkroomProcessingLine - Processing screenshot image in /var/screenshots/screenshot-7955389752394980852
00:47:28.957 [Darkroom Processing Line] DEBUG net.serenitybdd.core.photography.DarkroomProcessingLine - Saving screenshot to target\site\serenity\1ab7394c5818316d24c691cb9fb1b8e160d64f40e85f05703c71379fb369b1c5.png
00:47:28.961 [main] DEBUG net.thucydides.core.steps.StepInterceptor - STARTING STEP: ManageadminSteps.adminClickAddNewAdminThenFillInAsInstructed - fillusername
00:47:28.963 [Forwarding findElement on session b4f4c2561dfb65b8fe9d21df225b2a81 to remote] DEBUG org.asynchttpclient.netty.request.NettyRequestSender - Using pooled Channel '[id: 0x4f27f1e1, L:/127.0.0.1:49932 - R:localhost/127.0.0.1:62608]' for 'POST' to 'http://localhost:62608/session/b4f4c2561dfb65b8fe9d21df225b2a81/element'
00:47:28.963 [Forwarding findElement on session b4f4c2561dfb65b8fe9d21df225b2a81 to remote] DEBUG org.asynchttpclient.netty.request.NettyRequestSender - Using open Channel [id: 0x4f27f1e1, L:/127.0.0.1:49932 - R:localhost/127.0.0.1:62608] for POST '/session/b4f4c2561dfb65b8fe9d21df225b2a81/element'
00:47:28.981 [AsyncHttpClient-1-17] DEBUG org.asynchttpclient.netty.handler.HttpHandler - 

Request DefaultHttpRequest(decodeResult: success, version: HTTP/1.1)
POST /session/b4f4c2561dfb65b8fe9d21df225b2a81/element HTTP/1.1
User-Agent: selenium/4.1.2 (java windows)
Content-Length: 93
Content-Type: application/json; charset=utf-8
host: localhost:62608
accept: */*

Response DefaultHttpResponse(decodeResult: success, version: HTTP/1.1)
HTTP/1.1 200 OK
Content-Type: application/json; charset=utf-8
cache-control: no-cache
content-length: 88

00:47:28.981 [AsyncHttpClient-1-17] DEBUG org.asynchttpclient.netty.channel.ChannelManager - Adding key: http://localhost:62608 for channel [id: 0x4f27f1e1, L:/127.0.0.1:49932 - R:localhost/127.0.0.1:62608]
00:47:28.982 [Forwarding clearElement on session b4f4c2561dfb65b8fe9d21df225b2a81 to remote] DEBUG org.asynchttpclient.netty.request.NettyRequestSender - Using pooled Channel '[id: 0x4f27f1e1, L:/127.0.0.1:49932 - R:localhost/127.0.0.1:62608]' for 'POST' to 'http://localhost:62608/session/b4f4c2561dfb65b8fe9d21df225b2a81/element/f36827a5-900b-4216-89d9-1d7f875de5e6/clear'
00:47:28.982 [Forwarding clearElement on session b4f4c2561dfb65b8fe9d21df225b2a81 to remote] DEBUG org.asynchttpclient.netty.request.NettyRequestSender - Using open Channel [id: 0x4f27f1e1, L:/127.0.0.1:49932 - R:localhost/127.0.0.1:62608] for POST '/session/b4f4c2561dfb65b8fe9d21df225b2a81/element/f36827a5-900b-4216-89d9-1d7f875de5e6/clear'
00:47:29.026 [AsyncHttpClient-1-17] DEBUG org.asynchttpclient.netty.handler.HttpHandler - 

Request DefaultHttpRequest(decodeResult: success, version: HTTP/1.1)
POST /session/b4f4c2561dfb65b8fe9d21df225b2a81/element/f36827a5-900b-4216-89d9-1d7f875de5e6/clear HTTP/1.1
User-Agent: selenium/4.1.2 (java windows)
Content-Length: 50
Content-Type: application/json; charset=utf-8
host: localhost:62608
accept: */*

Response DefaultHttpResponse(decodeResult: success, version: HTTP/1.1)
HTTP/1.1 200 OK
Content-Type: application/json; charset=utf-8
cache-control: no-cache
content-length: 14

00:47:29.026 [AsyncHttpClient-1-17] DEBUG org.asynchttpclient.netty.channel.ChannelManager - Adding key: http://localhost:62608 for channel [id: 0x4f27f1e1, L:/127.0.0.1:49932 - R:localhost/127.0.0.1:62608]
00:47:29.028 [Forwarding sendKeysToElement on session b4f4c2561dfb65b8fe9d21df225b2a81 to remote] DEBUG org.asynchttpclient.netty.request.NettyRequestSender - Using pooled Channel '[id: 0x4f27f1e1, L:/127.0.0.1:49932 - R:localhost/127.0.0.1:62608]' for 'POST' to 'http://localhost:62608/session/b4f4c2561dfb65b8fe9d21df225b2a81/element/f36827a5-900b-4216-89d9-1d7f875de5e6/value'
00:47:29.028 [Forwarding sendKeysToElement on session b4f4c2561dfb65b8fe9d21df225b2a81 to remote] DEBUG org.asynchttpclient.netty.request.NettyRequestSender - Using open Channel [id: 0x4f27f1e1, L:/127.0.0.1:49932 - R:localhost/127.0.0.1:62608] for POST '/session/b4f4c2561dfb65b8fe9d21df225b2a81/element/f36827a5-900b-4216-89d9-1d7f875de5e6/value'
00:47:29.110 [AsyncHttpClient-1-17] DEBUG org.asynchttpclient.netty.handler.HttpHandler - 

Request DefaultHttpRequest(decodeResult: success, version: HTTP/1.1)
POST /session/b4f4c2561dfb65b8fe9d21df225b2a81/element/f36827a5-900b-4216-89d9-1d7f875de5e6/value HTTP/1.1
User-Agent: selenium/4.1.2 (java windows)
Content-Length: 141
Content-Type: application/json; charset=utf-8
host: localhost:62608
accept: */*

Response DefaultHttpResponse(decodeResult: success, version: HTTP/1.1)
HTTP/1.1 200 OK
Content-Type: application/json; charset=utf-8
cache-control: no-cache
content-length: 14

00:47:29.110 [AsyncHttpClient-1-17] DEBUG org.asynchttpclient.netty.channel.ChannelManager - Adding key: http://localhost:62608 for channel [id: 0x4f27f1e1, L:/127.0.0.1:49932 - R:localhost/127.0.0.1:62608]
00:47:29.115 [Forwarding screenshot on session b4f4c2561dfb65b8fe9d21df225b2a81 to remote] DEBUG org.asynchttpclient.netty.request.NettyRequestSender - Using pooled Channel '[id: 0x4f27f1e1, L:/127.0.0.1:49932 - R:localhost/127.0.0.1:62608]' for 'GET' to 'http://localhost:62608/session/b4f4c2561dfb65b8fe9d21df225b2a81/screenshot'
00:47:29.115 [Forwarding screenshot on session b4f4c2561dfb65b8fe9d21df225b2a81 to remote] DEBUG org.asynchttpclient.netty.request.NettyRequestSender - Using open Channel [id: 0x4f27f1e1, L:/127.0.0.1:49932 - R:localhost/127.0.0.1:62608] for GET '/session/b4f4c2561dfb65b8fe9d21df225b2a81/screenshot'
00:47:29.253 [AsyncHttpClient-1-17] DEBUG org.asynchttpclient.netty.handler.HttpHandler - 

Request DefaultFullHttpRequest(decodeResult: success, version: HTTP/1.1, content: EmptyByteBufBE)
GET /session/b4f4c2561dfb65b8fe9d21df225b2a81/screenshot HTTP/1.1
User-Agent: selenium/4.1.2 (java windows)
Cache-Control: no-cache
Content-Type: application/json; charset=utf-8
host: localhost:62608
accept: */*

Response DefaultHttpResponse(decodeResult: success, version: HTTP/1.1)
HTTP/1.1 200 OK
Content-Type: application/json; charset=utf-8
cache-control: no-cache
content-length: 104040

00:47:29.253 [AsyncHttpClient-1-17] DEBUG org.asynchttpclient.netty.channel.ChannelManager - Adding key: http://localhost:62608 for channel [id: 0x4f27f1e1, L:/127.0.0.1:49932 - R:localhost/127.0.0.1:62608]
00:47:29.256 [main] DEBUG net.serenitybdd.core.photography.Darkroom - Send negative for processing for target\site\serenity\eb85241fb7e71db5be9d5d09461b1d7e0302c87363d19d4e1fb9dba8d42448c8.png
00:47:29.256 [main] DEBUG net.thucydides.core.steps.StepInterceptor - STEP DONE: fillusername
00:47:29.257 [Darkroom Processing Line] DEBUG net.serenitybdd.core.photography.DarkroomProcessingLine - Processing screenshot image in /var/screenshots/screenshot-10449403171524550753
00:47:29.257 [Darkroom Processing Line] DEBUG net.serenitybdd.core.photography.DarkroomProcessingLine - Saving screenshot to target\site\serenity\eb85241fb7e71db5be9d5d09461b1d7e0302c87363d19d4e1fb9dba8d42448c8.png
00:47:29.261 [main] DEBUG net.thucydides.core.steps.StepInterceptor - STARTING STEP: ManageadminSteps.adminClickAddNewAdminThenFillInAsInstructed - fillemail
00:47:29.263 [Forwarding findElement on session b4f4c2561dfb65b8fe9d21df225b2a81 to remote] DEBUG org.asynchttpclient.netty.request.NettyRequestSender - Using pooled Channel '[id: 0x4f27f1e1, L:/127.0.0.1:49932 - R:localhost/127.0.0.1:62608]' for 'POST' to 'http://localhost:62608/session/b4f4c2561dfb65b8fe9d21df225b2a81/element'
00:47:29.263 [Forwarding findElement on session b4f4c2561dfb65b8fe9d21df225b2a81 to remote] DEBUG org.asynchttpclient.netty.request.NettyRequestSender - Using open Channel [id: 0x4f27f1e1, L:/127.0.0.1:49932 - R:localhost/127.0.0.1:62608] for POST '/session/b4f4c2561dfb65b8fe9d21df225b2a81/element'
00:47:29.285 [AsyncHttpClient-1-17] DEBUG org.asynchttpclient.netty.handler.HttpHandler - 

Request DefaultHttpRequest(decodeResult: success, version: HTTP/1.1)
POST /session/b4f4c2561dfb65b8fe9d21df225b2a81/element HTTP/1.1
User-Agent: selenium/4.1.2 (java windows)
Content-Length: 90
Content-Type: application/json; charset=utf-8
host: localhost:62608
accept: */*

Response DefaultHttpResponse(decodeResult: success, version: HTTP/1.1)
HTTP/1.1 200 OK
Content-Type: application/json; charset=utf-8
cache-control: no-cache
content-length: 88

00:47:29.285 [AsyncHttpClient-1-17] DEBUG org.asynchttpclient.netty.channel.ChannelManager - Adding key: http://localhost:62608 for channel [id: 0x4f27f1e1, L:/127.0.0.1:49932 - R:localhost/127.0.0.1:62608]
00:47:29.286 [Forwarding clearElement on session b4f4c2561dfb65b8fe9d21df225b2a81 to remote] DEBUG org.asynchttpclient.netty.request.NettyRequestSender - Using pooled Channel '[id: 0x4f27f1e1, L:/127.0.0.1:49932 - R:localhost/127.0.0.1:62608]' for 'POST' to 'http://localhost:62608/session/b4f4c2561dfb65b8fe9d21df225b2a81/element/8cc241c7-6135-4946-890f-1554cd4be13f/clear'
00:47:29.286 [Forwarding clearElement on session b4f4c2561dfb65b8fe9d21df225b2a81 to remote] DEBUG org.asynchttpclient.netty.request.NettyRequestSender - Using open Channel [id: 0x4f27f1e1, L:/127.0.0.1:49932 - R:localhost/127.0.0.1:62608] for POST '/session/b4f4c2561dfb65b8fe9d21df225b2a81/element/8cc241c7-6135-4946-890f-1554cd4be13f/clear'
00:47:29.331 [AsyncHttpClient-1-17] DEBUG org.asynchttpclient.netty.handler.HttpHandler - 

Request DefaultHttpRequest(decodeResult: success, version: HTTP/1.1)
POST /session/b4f4c2561dfb65b8fe9d21df225b2a81/element/8cc241c7-6135-4946-890f-1554cd4be13f/clear HTTP/1.1
User-Agent: selenium/4.1.2 (java windows)
Content-Length: 50
Content-Type: application/json; charset=utf-8
host: localhost:62608
accept: */*

Response DefaultHttpResponse(decodeResult: success, version: HTTP/1.1)
HTTP/1.1 200 OK
Content-Type: application/json; charset=utf-8
cache-control: no-cache
content-length: 14

00:47:29.331 [AsyncHttpClient-1-17] DEBUG org.asynchttpclient.netty.channel.ChannelManager - Adding key: http://localhost:62608 for channel [id: 0x4f27f1e1, L:/127.0.0.1:49932 - R:localhost/127.0.0.1:62608]
00:47:29.333 [Forwarding sendKeysToElement on session b4f4c2561dfb65b8fe9d21df225b2a81 to remote] DEBUG org.asynchttpclient.netty.request.NettyRequestSender - Using pooled Channel '[id: 0x4f27f1e1, L:/127.0.0.1:49932 - R:localhost/127.0.0.1:62608]' for 'POST' to 'http://localhost:62608/session/b4f4c2561dfb65b8fe9d21df225b2a81/element/8cc241c7-6135-4946-890f-1554cd4be13f/value'
00:47:29.333 [Forwarding sendKeysToElement on session b4f4c2561dfb65b8fe9d21df225b2a81 to remote] DEBUG org.asynchttpclient.netty.request.NettyRequestSender - Using open Channel [id: 0x4f27f1e1, L:/127.0.0.1:49932 - R:localhost/127.0.0.1:62608] for POST '/session/b4f4c2561dfb65b8fe9d21df225b2a81/element/8cc241c7-6135-4946-890f-1554cd4be13f/value'
00:47:29.448 [AsyncHttpClient-1-17] DEBUG org.asynchttpclient.netty.handler.HttpHandler - 

Request DefaultHttpRequest(decodeResult: success, version: HTTP/1.1)
POST /session/b4f4c2561dfb65b8fe9d21df225b2a81/element/8cc241c7-6135-4946-890f-1554cd4be13f/value HTTP/1.1
User-Agent: selenium/4.1.2 (java windows)
Content-Length: 251
Content-Type: application/json; charset=utf-8
host: localhost:62608
accept: */*

Response DefaultHttpResponse(decodeResult: success, version: HTTP/1.1)
HTTP/1.1 200 OK
Content-Type: application/json; charset=utf-8
cache-control: no-cache
content-length: 14

00:47:29.448 [AsyncHttpClient-1-17] DEBUG org.asynchttpclient.netty.channel.ChannelManager - Adding key: http://localhost:62608 for channel [id: 0x4f27f1e1, L:/127.0.0.1:49932 - R:localhost/127.0.0.1:62608]
00:47:29.453 [Forwarding screenshot on session b4f4c2561dfb65b8fe9d21df225b2a81 to remote] DEBUG org.asynchttpclient.netty.request.NettyRequestSender - Using pooled Channel '[id: 0x4f27f1e1, L:/127.0.0.1:49932 - R:localhost/127.0.0.1:62608]' for 'GET' to 'http://localhost:62608/session/b4f4c2561dfb65b8fe9d21df225b2a81/screenshot'
00:47:29.453 [Forwarding screenshot on session b4f4c2561dfb65b8fe9d21df225b2a81 to remote] DEBUG org.asynchttpclient.netty.request.NettyRequestSender - Using open Channel [id: 0x4f27f1e1, L:/127.0.0.1:49932 - R:localhost/127.0.0.1:62608] for GET '/session/b4f4c2561dfb65b8fe9d21df225b2a81/screenshot'
00:47:29.484 [AsyncHttpClient-1-1] DEBUG org.asynchttpclient.netty.channel.DefaultChannelPool - Entry count for : http://localhost:49934 : 1
00:47:29.602 [AsyncHttpClient-1-17] DEBUG org.asynchttpclient.netty.handler.HttpHandler - 

Request DefaultFullHttpRequest(decodeResult: success, version: HTTP/1.1, content: EmptyByteBufBE)
GET /session/b4f4c2561dfb65b8fe9d21df225b2a81/screenshot HTTP/1.1
User-Agent: selenium/4.1.2 (java windows)
Cache-Control: no-cache
Content-Type: application/json; charset=utf-8
host: localhost:62608
accept: */*

Response DefaultHttpResponse(decodeResult: success, version: HTTP/1.1)
HTTP/1.1 200 OK
Content-Type: application/json; charset=utf-8
cache-control: no-cache
content-length: 105960

00:47:29.602 [AsyncHttpClient-1-17] DEBUG org.asynchttpclient.netty.channel.ChannelManager - Adding key: http://localhost:62608 for channel [id: 0x4f27f1e1, L:/127.0.0.1:49932 - R:localhost/127.0.0.1:62608]
00:47:29.605 [main] DEBUG net.serenitybdd.core.photography.Darkroom - Send negative for processing for target\site\serenity\92345e3730dfee44e27e52daae5de4a4b8f6582960494e3c1590ff4d5b34065d.png
00:47:29.605 [main] DEBUG net.thucydides.core.steps.StepInterceptor - STEP DONE: fillemail
00:47:29.606 [Darkroom Processing Line] DEBUG net.serenitybdd.core.photography.DarkroomProcessingLine - Processing screenshot image in /var/screenshots/screenshot-8430727515885483874
00:47:29.606 [Darkroom Processing Line] DEBUG net.serenitybdd.core.photography.DarkroomProcessingLine - Saving screenshot to target\site\serenity\92345e3730dfee44e27e52daae5de4a4b8f6582960494e3c1590ff4d5b34065d.png
00:47:29.610 [main] DEBUG net.thucydides.core.steps.StepInterceptor - STARTING STEP: ManageadminSteps.adminClickAddNewAdminThenFillInAsInstructed - fillcontact
00:47:29.612 [Forwarding findElement on session b4f4c2561dfb65b8fe9d21df225b2a81 to remote] DEBUG org.asynchttpclient.netty.request.NettyRequestSender - Using pooled Channel '[id: 0x4f27f1e1, L:/127.0.0.1:49932 - R:localhost/127.0.0.1:62608]' for 'POST' to 'http://localhost:62608/session/b4f4c2561dfb65b8fe9d21df225b2a81/element'
00:47:29.612 [Forwarding findElement on session b4f4c2561dfb65b8fe9d21df225b2a81 to remote] DEBUG org.asynchttpclient.netty.request.NettyRequestSender - Using open Channel [id: 0x4f27f1e1, L:/127.0.0.1:49932 - R:localhost/127.0.0.1:62608] for POST '/session/b4f4c2561dfb65b8fe9d21df225b2a81/element'
00:47:29.628 [AsyncHttpClient-1-17] DEBUG org.asynchttpclient.netty.handler.HttpHandler - 

Request DefaultHttpRequest(decodeResult: success, version: HTTP/1.1)
POST /session/b4f4c2561dfb65b8fe9d21df225b2a81/element HTTP/1.1
User-Agent: selenium/4.1.2 (java windows)
Content-Length: 92
Content-Type: application/json; charset=utf-8
host: localhost:62608
accept: */*

Response DefaultHttpResponse(decodeResult: success, version: HTTP/1.1)
HTTP/1.1 200 OK
Content-Type: application/json; charset=utf-8
cache-control: no-cache
content-length: 88

00:47:29.629 [AsyncHttpClient-1-17] DEBUG org.asynchttpclient.netty.channel.ChannelManager - Adding key: http://localhost:62608 for channel [id: 0x4f27f1e1, L:/127.0.0.1:49932 - R:localhost/127.0.0.1:62608]
00:47:29.629 [Forwarding clearElement on session b4f4c2561dfb65b8fe9d21df225b2a81 to remote] DEBUG org.asynchttpclient.netty.request.NettyRequestSender - Using pooled Channel '[id: 0x4f27f1e1, L:/127.0.0.1:49932 - R:localhost/127.0.0.1:62608]' for 'POST' to 'http://localhost:62608/session/b4f4c2561dfb65b8fe9d21df225b2a81/element/85f8e776-ebae-42a2-9ff4-59483e90d933/clear'
00:47:29.629 [Forwarding clearElement on session b4f4c2561dfb65b8fe9d21df225b2a81 to remote] DEBUG org.asynchttpclient.netty.request.NettyRequestSender - Using open Channel [id: 0x4f27f1e1, L:/127.0.0.1:49932 - R:localhost/127.0.0.1:62608] for POST '/session/b4f4c2561dfb65b8fe9d21df225b2a81/element/85f8e776-ebae-42a2-9ff4-59483e90d933/clear'
00:47:29.665 [AsyncHttpClient-1-17] DEBUG org.asynchttpclient.netty.handler.HttpHandler - 

Request DefaultHttpRequest(decodeResult: success, version: HTTP/1.1)
POST /session/b4f4c2561dfb65b8fe9d21df225b2a81/element/85f8e776-ebae-42a2-9ff4-59483e90d933/clear HTTP/1.1
User-Agent: selenium/4.1.2 (java windows)
Content-Length: 50
Content-Type: application/json; charset=utf-8
host: localhost:62608
accept: */*

Response DefaultHttpResponse(decodeResult: success, version: HTTP/1.1)
HTTP/1.1 200 OK
Content-Type: application/json; charset=utf-8
cache-control: no-cache
content-length: 14

00:47:29.665 [AsyncHttpClient-1-17] DEBUG org.asynchttpclient.netty.channel.ChannelManager - Adding key: http://localhost:62608 for channel [id: 0x4f27f1e1, L:/127.0.0.1:49932 - R:localhost/127.0.0.1:62608]
00:47:29.666 [Forwarding sendKeysToElement on session b4f4c2561dfb65b8fe9d21df225b2a81 to remote] DEBUG org.asynchttpclient.netty.request.NettyRequestSender - Using pooled Channel '[id: 0x4f27f1e1, L:/127.0.0.1:49932 - R:localhost/127.0.0.1:62608]' for 'POST' to 'http://localhost:62608/session/b4f4c2561dfb65b8fe9d21df225b2a81/element/85f8e776-ebae-42a2-9ff4-59483e90d933/value'
00:47:29.666 [Forwarding sendKeysToElement on session b4f4c2561dfb65b8fe9d21df225b2a81 to remote] DEBUG org.asynchttpclient.netty.request.NettyRequestSender - Using open Channel [id: 0x4f27f1e1, L:/127.0.0.1:49932 - R:localhost/127.0.0.1:62608] for POST '/session/b4f4c2561dfb65b8fe9d21df225b2a81/element/85f8e776-ebae-42a2-9ff4-59483e90d933/value'
00:47:29.765 [AsyncHttpClient-1-17] DEBUG org.asynchttpclient.netty.handler.HttpHandler - 

Request DefaultHttpRequest(decodeResult: success, version: HTTP/1.1)
POST /session/b4f4c2561dfb65b8fe9d21df225b2a81/element/85f8e776-ebae-42a2-9ff4-59483e90d933/value HTTP/1.1
User-Agent: selenium/4.1.2 (java windows)
Content-Length: 181
Content-Type: application/json; charset=utf-8
host: localhost:62608
accept: */*

Response DefaultHttpResponse(decodeResult: success, version: HTTP/1.1)
HTTP/1.1 200 OK
Content-Type: application/json; charset=utf-8
cache-control: no-cache
content-length: 14

00:47:29.765 [AsyncHttpClient-1-17] DEBUG org.asynchttpclient.netty.channel.ChannelManager - Adding key: http://localhost:62608 for channel [id: 0x4f27f1e1, L:/127.0.0.1:49932 - R:localhost/127.0.0.1:62608]
00:47:29.770 [Forwarding screenshot on session b4f4c2561dfb65b8fe9d21df225b2a81 to remote] DEBUG org.asynchttpclient.netty.request.NettyRequestSender - Using pooled Channel '[id: 0x4f27f1e1, L:/127.0.0.1:49932 - R:localhost/127.0.0.1:62608]' for 'GET' to 'http://localhost:62608/session/b4f4c2561dfb65b8fe9d21df225b2a81/screenshot'
00:47:29.770 [Forwarding screenshot on session b4f4c2561dfb65b8fe9d21df225b2a81 to remote] DEBUG org.asynchttpclient.netty.request.NettyRequestSender - Using open Channel [id: 0x4f27f1e1, L:/127.0.0.1:49932 - R:localhost/127.0.0.1:62608] for GET '/session/b4f4c2561dfb65b8fe9d21df225b2a81/screenshot'
00:47:29.902 [AsyncHttpClient-1-17] DEBUG org.asynchttpclient.netty.handler.HttpHandler - 

Request DefaultFullHttpRequest(decodeResult: success, version: HTTP/1.1, content: EmptyByteBufBE)
GET /session/b4f4c2561dfb65b8fe9d21df225b2a81/screenshot HTTP/1.1
User-Agent: selenium/4.1.2 (java windows)
Cache-Control: no-cache
Content-Type: application/json; charset=utf-8
host: localhost:62608
accept: */*

Response DefaultHttpResponse(decodeResult: success, version: HTTP/1.1)
HTTP/1.1 200 OK
Content-Type: application/json; charset=utf-8
cache-control: no-cache
content-length: 105584

00:47:29.902 [AsyncHttpClient-1-17] DEBUG org.asynchttpclient.netty.channel.ChannelManager - Adding key: http://localhost:62608 for channel [id: 0x4f27f1e1, L:/127.0.0.1:49932 - R:localhost/127.0.0.1:62608]
00:47:29.905 [main] DEBUG net.serenitybdd.core.photography.Darkroom - Send negative for processing for target\site\serenity\ef2214b3c14c344a48d5b963cdcbac08a0c7e91451cc373ae91f7dc03dbcb94e.png
00:47:29.906 [main] DEBUG net.thucydides.core.steps.StepInterceptor - STEP DONE: fillcontact
00:47:29.906 [Darkroom Processing Line] DEBUG net.serenitybdd.core.photography.DarkroomProcessingLine - Processing screenshot image in /var/screenshots/screenshot-15685031552628004307
00:47:29.907 [Darkroom Processing Line] DEBUG net.serenitybdd.core.photography.DarkroomProcessingLine - Saving screenshot to target\site\serenity\ef2214b3c14c344a48d5b963cdcbac08a0c7e91451cc373ae91f7dc03dbcb94e.png
00:47:29.910 [main] DEBUG net.thucydides.core.steps.StepInterceptor - STARTING STEP: ManageadminSteps.adminClickAddNewAdminThenFillInAsInstructed - filladdress
00:47:29.912 [Forwarding findElement on session b4f4c2561dfb65b8fe9d21df225b2a81 to remote] DEBUG org.asynchttpclient.netty.request.NettyRequestSender - Using pooled Channel '[id: 0x4f27f1e1, L:/127.0.0.1:49932 - R:localhost/127.0.0.1:62608]' for 'POST' to 'http://localhost:62608/session/b4f4c2561dfb65b8fe9d21df225b2a81/element'
00:47:29.912 [Forwarding findElement on session b4f4c2561dfb65b8fe9d21df225b2a81 to remote] DEBUG org.asynchttpclient.netty.request.NettyRequestSender - Using open Channel [id: 0x4f27f1e1, L:/127.0.0.1:49932 - R:localhost/127.0.0.1:62608] for POST '/session/b4f4c2561dfb65b8fe9d21df225b2a81/element'
00:47:29.928 [AsyncHttpClient-1-17] DEBUG org.asynchttpclient.netty.handler.HttpHandler - 

Request DefaultHttpRequest(decodeResult: success, version: HTTP/1.1)
POST /session/b4f4c2561dfb65b8fe9d21df225b2a81/element HTTP/1.1
User-Agent: selenium/4.1.2 (java windows)
Content-Length: 92
Content-Type: application/json; charset=utf-8
host: localhost:62608
accept: */*

Response DefaultHttpResponse(decodeResult: success, version: HTTP/1.1)
HTTP/1.1 200 OK
Content-Type: application/json; charset=utf-8
cache-control: no-cache
content-length: 88

00:47:29.928 [AsyncHttpClient-1-17] DEBUG org.asynchttpclient.netty.channel.ChannelManager - Adding key: http://localhost:62608 for channel [id: 0x4f27f1e1, L:/127.0.0.1:49932 - R:localhost/127.0.0.1:62608]
00:47:29.929 [Forwarding clearElement on session b4f4c2561dfb65b8fe9d21df225b2a81 to remote] DEBUG org.asynchttpclient.netty.request.NettyRequestSender - Using pooled Channel '[id: 0x4f27f1e1, L:/127.0.0.1:49932 - R:localhost/127.0.0.1:62608]' for 'POST' to 'http://localhost:62608/session/b4f4c2561dfb65b8fe9d21df225b2a81/element/5468e86d-9fb7-45ff-afce-e7b2f6331755/clear'
00:47:29.930 [Forwarding clearElement on session b4f4c2561dfb65b8fe9d21df225b2a81 to remote] DEBUG org.asynchttpclient.netty.request.NettyRequestSender - Using open Channel [id: 0x4f27f1e1, L:/127.0.0.1:49932 - R:localhost/127.0.0.1:62608] for POST '/session/b4f4c2561dfb65b8fe9d21df225b2a81/element/5468e86d-9fb7-45ff-afce-e7b2f6331755/clear'
00:47:29.969 [AsyncHttpClient-1-17] DEBUG org.asynchttpclient.netty.handler.HttpHandler - 

Request DefaultHttpRequest(decodeResult: success, version: HTTP/1.1)
POST /session/b4f4c2561dfb65b8fe9d21df225b2a81/element/5468e86d-9fb7-45ff-afce-e7b2f6331755/clear HTTP/1.1
User-Agent: selenium/4.1.2 (java windows)
Content-Length: 50
Content-Type: application/json; charset=utf-8
host: localhost:62608
accept: */*

Response DefaultHttpResponse(decodeResult: success, version: HTTP/1.1)
HTTP/1.1 200 OK
Content-Type: application/json; charset=utf-8
cache-control: no-cache
content-length: 14

00:47:29.969 [AsyncHttpClient-1-17] DEBUG org.asynchttpclient.netty.channel.ChannelManager - Adding key: http://localhost:62608 for channel [id: 0x4f27f1e1, L:/127.0.0.1:49932 - R:localhost/127.0.0.1:62608]
00:47:29.970 [Forwarding sendKeysToElement on session b4f4c2561dfb65b8fe9d21df225b2a81 to remote] DEBUG org.asynchttpclient.netty.request.NettyRequestSender - Using pooled Channel '[id: 0x4f27f1e1, L:/127.0.0.1:49932 - R:localhost/127.0.0.1:62608]' for 'POST' to 'http://localhost:62608/session/b4f4c2561dfb65b8fe9d21df225b2a81/element/5468e86d-9fb7-45ff-afce-e7b2f6331755/value'
00:47:29.970 [Forwarding sendKeysToElement on session b4f4c2561dfb65b8fe9d21df225b2a81 to remote] DEBUG org.asynchttpclient.netty.request.NettyRequestSender - Using open Channel [id: 0x4f27f1e1, L:/127.0.0.1:49932 - R:localhost/127.0.0.1:62608] for POST '/session/b4f4c2561dfb65b8fe9d21df225b2a81/element/5468e86d-9fb7-45ff-afce-e7b2f6331755/value'
00:47:30.096 [AsyncHttpClient-1-17] DEBUG org.asynchttpclient.netty.handler.HttpHandler - 

Request DefaultHttpRequest(decodeResult: success, version: HTTP/1.1)
POST /session/b4f4c2561dfb65b8fe9d21df225b2a81/element/5468e86d-9fb7-45ff-afce-e7b2f6331755/value HTTP/1.1
User-Agent: selenium/4.1.2 (java windows)
Content-Length: 251
Content-Type: application/json; charset=utf-8
host: localhost:62608
accept: */*

Response DefaultHttpResponse(decodeResult: success, version: HTTP/1.1)
HTTP/1.1 200 OK
Content-Type: application/json; charset=utf-8
cache-control: no-cache
content-length: 14

00:47:30.096 [AsyncHttpClient-1-17] DEBUG org.asynchttpclient.netty.channel.ChannelManager - Adding key: http://localhost:62608 for channel [id: 0x4f27f1e1, L:/127.0.0.1:49932 - R:localhost/127.0.0.1:62608]
00:47:30.101 [Forwarding screenshot on session b4f4c2561dfb65b8fe9d21df225b2a81 to remote] DEBUG org.asynchttpclient.netty.request.NettyRequestSender - Using pooled Channel '[id: 0x4f27f1e1, L:/127.0.0.1:49932 - R:localhost/127.0.0.1:62608]' for 'GET' to 'http://localhost:62608/session/b4f4c2561dfb65b8fe9d21df225b2a81/screenshot'
00:47:30.101 [Forwarding screenshot on session b4f4c2561dfb65b8fe9d21df225b2a81 to remote] DEBUG org.asynchttpclient.netty.request.NettyRequestSender - Using open Channel [id: 0x4f27f1e1, L:/127.0.0.1:49932 - R:localhost/127.0.0.1:62608] for GET '/session/b4f4c2561dfb65b8fe9d21df225b2a81/screenshot'
00:47:30.235 [AsyncHttpClient-1-17] DEBUG org.asynchttpclient.netty.handler.HttpHandler - 

Request DefaultFullHttpRequest(decodeResult: success, version: HTTP/1.1, content: EmptyByteBufBE)
GET /session/b4f4c2561dfb65b8fe9d21df225b2a81/screenshot HTTP/1.1
User-Agent: selenium/4.1.2 (java windows)
Cache-Control: no-cache
Content-Type: application/json; charset=utf-8
host: localhost:62608
accept: */*

Response DefaultHttpResponse(decodeResult: success, version: HTTP/1.1)
HTTP/1.1 200 OK
Content-Type: application/json; charset=utf-8
cache-control: no-cache
content-length: 104424

00:47:30.235 [AsyncHttpClient-1-17] DEBUG org.asynchttpclient.netty.channel.ChannelManager - Adding key: http://localhost:62608 for channel [id: 0x4f27f1e1, L:/127.0.0.1:49932 - R:localhost/127.0.0.1:62608]
00:47:30.237 [main] DEBUG net.serenitybdd.core.photography.Darkroom - Send negative for processing for target\site\serenity\f7c9deb85d135b479c631443437b194b61e7994fd8654396084f76d315633c79.png
00:47:30.238 [main] DEBUG net.thucydides.core.steps.StepInterceptor - STEP DONE: filladdress
00:47:30.238 [Darkroom Processing Line] DEBUG net.serenitybdd.core.photography.DarkroomProcessingLine - Processing screenshot image in /var/screenshots/screenshot-11960717216995560762
00:47:30.238 [Darkroom Processing Line] DEBUG net.serenitybdd.core.photography.DarkroomProcessingLine - Saving screenshot to target\site\serenity\f7c9deb85d135b479c631443437b194b61e7994fd8654396084f76d315633c79.png
00:47:30.243 [main] DEBUG net.thucydides.core.steps.StepInterceptor - STARTING STEP: ManageadminSteps.adminClickAddNewAdminThenFillInAsInstructed - fillpassword
00:47:30.245 [Forwarding findElement on session b4f4c2561dfb65b8fe9d21df225b2a81 to remote] DEBUG org.asynchttpclient.netty.request.NettyRequestSender - Using pooled Channel '[id: 0x4f27f1e1, L:/127.0.0.1:49932 - R:localhost/127.0.0.1:62608]' for 'POST' to 'http://localhost:62608/session/b4f4c2561dfb65b8fe9d21df225b2a81/element'
00:47:30.245 [Forwarding findElement on session b4f4c2561dfb65b8fe9d21df225b2a81 to remote] DEBUG org.asynchttpclient.netty.request.NettyRequestSender - Using open Channel [id: 0x4f27f1e1, L:/127.0.0.1:49932 - R:localhost/127.0.0.1:62608] for POST '/session/b4f4c2561dfb65b8fe9d21df225b2a81/element'
00:47:30.264 [AsyncHttpClient-1-17] DEBUG org.asynchttpclient.netty.handler.HttpHandler - 

Request DefaultHttpRequest(decodeResult: success, version: HTTP/1.1)
POST /session/b4f4c2561dfb65b8fe9d21df225b2a81/element HTTP/1.1
User-Agent: selenium/4.1.2 (java windows)
Content-Length: 93
Content-Type: application/json; charset=utf-8
host: localhost:62608
accept: */*

Response DefaultHttpResponse(decodeResult: success, version: HTTP/1.1)
HTTP/1.1 200 OK
Content-Type: application/json; charset=utf-8
cache-control: no-cache
content-length: 88

00:47:30.264 [AsyncHttpClient-1-17] DEBUG org.asynchttpclient.netty.channel.ChannelManager - Adding key: http://localhost:62608 for channel [id: 0x4f27f1e1, L:/127.0.0.1:49932 - R:localhost/127.0.0.1:62608]
00:47:30.265 [Forwarding clearElement on session b4f4c2561dfb65b8fe9d21df225b2a81 to remote] DEBUG org.asynchttpclient.netty.request.NettyRequestSender - Using pooled Channel '[id: 0x4f27f1e1, L:/127.0.0.1:49932 - R:localhost/127.0.0.1:62608]' for 'POST' to 'http://localhost:62608/session/b4f4c2561dfb65b8fe9d21df225b2a81/element/cceb3119-dcbf-4c08-8060-d9576f667de7/clear'
00:47:30.265 [Forwarding clearElement on session b4f4c2561dfb65b8fe9d21df225b2a81 to remote] DEBUG org.asynchttpclient.netty.request.NettyRequestSender - Using open Channel [id: 0x4f27f1e1, L:/127.0.0.1:49932 - R:localhost/127.0.0.1:62608] for POST '/session/b4f4c2561dfb65b8fe9d21df225b2a81/element/cceb3119-dcbf-4c08-8060-d9576f667de7/clear'
00:47:30.309 [AsyncHttpClient-1-17] DEBUG org.asynchttpclient.netty.handler.HttpHandler - 

Request DefaultHttpRequest(decodeResult: success, version: HTTP/1.1)
POST /session/b4f4c2561dfb65b8fe9d21df225b2a81/element/cceb3119-dcbf-4c08-8060-d9576f667de7/clear HTTP/1.1
User-Agent: selenium/4.1.2 (java windows)
Content-Length: 50
Content-Type: application/json; charset=utf-8
host: localhost:62608
accept: */*

Response DefaultHttpResponse(decodeResult: success, version: HTTP/1.1)
HTTP/1.1 200 OK
Content-Type: application/json; charset=utf-8
cache-control: no-cache
content-length: 14

00:47:30.309 [AsyncHttpClient-1-17] DEBUG org.asynchttpclient.netty.channel.ChannelManager - Adding key: http://localhost:62608 for channel [id: 0x4f27f1e1, L:/127.0.0.1:49932 - R:localhost/127.0.0.1:62608]
00:47:30.311 [Forwarding sendKeysToElement on session b4f4c2561dfb65b8fe9d21df225b2a81 to remote] DEBUG org.asynchttpclient.netty.request.NettyRequestSender - Using pooled Channel '[id: 0x4f27f1e1, L:/127.0.0.1:49932 - R:localhost/127.0.0.1:62608]' for 'POST' to 'http://localhost:62608/session/b4f4c2561dfb65b8fe9d21df225b2a81/element/cceb3119-dcbf-4c08-8060-d9576f667de7/value'
00:47:30.311 [Forwarding sendKeysToElement on session b4f4c2561dfb65b8fe9d21df225b2a81 to remote] DEBUG org.asynchttpclient.netty.request.NettyRequestSender - Using open Channel [id: 0x4f27f1e1, L:/127.0.0.1:49932 - R:localhost/127.0.0.1:62608] for POST '/session/b4f4c2561dfb65b8fe9d21df225b2a81/element/cceb3119-dcbf-4c08-8060-d9576f667de7/value'
00:47:30.403 [AsyncHttpClient-1-17] DEBUG org.asynchttpclient.netty.handler.HttpHandler - 

Request DefaultHttpRequest(decodeResult: success, version: HTTP/1.1)
POST /session/b4f4c2561dfb65b8fe9d21df225b2a81/element/cceb3119-dcbf-4c08-8060-d9576f667de7/value HTTP/1.1
User-Agent: selenium/4.1.2 (java windows)
Content-Length: 181
Content-Type: application/json; charset=utf-8
host: localhost:62608
accept: */*

Response DefaultHttpResponse(decodeResult: success, version: HTTP/1.1)
HTTP/1.1 200 OK
Content-Type: application/json; charset=utf-8
cache-control: no-cache
content-length: 14

00:47:30.403 [AsyncHttpClient-1-17] DEBUG org.asynchttpclient.netty.channel.ChannelManager - Adding key: http://localhost:62608 for channel [id: 0x4f27f1e1, L:/127.0.0.1:49932 - R:localhost/127.0.0.1:62608]
00:47:30.408 [Forwarding screenshot on session b4f4c2561dfb65b8fe9d21df225b2a81 to remote] DEBUG org.asynchttpclient.netty.request.NettyRequestSender - Using pooled Channel '[id: 0x4f27f1e1, L:/127.0.0.1:49932 - R:localhost/127.0.0.1:62608]' for 'GET' to 'http://localhost:62608/session/b4f4c2561dfb65b8fe9d21df225b2a81/screenshot'
00:47:30.408 [Forwarding screenshot on session b4f4c2561dfb65b8fe9d21df225b2a81 to remote] DEBUG org.asynchttpclient.netty.request.NettyRequestSender - Using open Channel [id: 0x4f27f1e1, L:/127.0.0.1:49932 - R:localhost/127.0.0.1:62608] for GET '/session/b4f4c2561dfb65b8fe9d21df225b2a81/screenshot'
00:47:30.576 [AsyncHttpClient-1-17] DEBUG org.asynchttpclient.netty.handler.HttpHandler - 

Request DefaultFullHttpRequest(decodeResult: success, version: HTTP/1.1, content: EmptyByteBufBE)
GET /session/b4f4c2561dfb65b8fe9d21df225b2a81/screenshot HTTP/1.1
User-Agent: selenium/4.1.2 (java windows)
Cache-Control: no-cache
Content-Type: application/json; charset=utf-8
host: localhost:62608
accept: */*

Response DefaultHttpResponse(decodeResult: success, version: HTTP/1.1)
HTTP/1.1 200 OK
Content-Type: application/json; charset=utf-8
cache-control: no-cache
content-length: 101088

00:47:30.576 [AsyncHttpClient-1-17] DEBUG org.asynchttpclient.netty.channel.ChannelManager - Adding key: http://localhost:62608 for channel [id: 0x4f27f1e1, L:/127.0.0.1:49932 - R:localhost/127.0.0.1:62608]
00:47:30.578 [main] DEBUG net.serenitybdd.core.photography.Darkroom - Send negative for processing for target\site\serenity\5a4e80723e3ece56f671dbf9e766e3653f3b8e47ed6f26e5d5c13ff06f71aa88.png
00:47:30.578 [main] DEBUG net.thucydides.core.steps.StepInterceptor - STEP DONE: fillpassword
  &amp#27;[32mAnd &amp#27;[0m&amp#27;[32madmin click add new admin then fill in as instructed&amp#27;[0m          &amp#27;[90m# starter.definitions.ManageadminSteps.adminClickAddNewAdminThenFillInAsInstructed()&amp#27;[0m
00:47:30.579 [Darkroom Processing Line] DEBUG net.serenitybdd.core.photography.DarkroomProcessingLine - Processing screenshot image in /var/screenshots/screenshot-13758006524393866414
00:47:30.579 [Darkroom Processing Line] DEBUG net.serenitybdd.core.photography.DarkroomProcessingLine - Saving screenshot to target\site\serenity\5a4e80723e3ece56f671dbf9e766e3653f3b8e47ed6f26e5d5c13ff06f71aa88.png
00:47:30.584 [AsyncHttpClient-1-1] DEBUG org.asynchttpclient.netty.channel.DefaultChannelPool - Entry count for : http://localhost:49934 : 1
00:47:30.584 [AsyncHttpClient-1-1] DEBUG org.asynchttpclient.netty.channel.DefaultChannelPool - Entry count for : http://localhost:62608 : 1
00:47:30.590 [main] DEBUG net.thucydides.core.steps.StepInterceptor - STARTING STEP: ManageadminSteps.adminSucseesAddNewAdmin - clicksave
00:47:30.592 [Forwarding findElement on session b4f4c2561dfb65b8fe9d21df225b2a81 to remote] DEBUG org.asynchttpclient.netty.request.NettyRequestSender - Using pooled Channel '[id: 0x4f27f1e1, L:/127.0.0.1:49932 - R:localhost/127.0.0.1:62608]' for 'POST' to 'http://localhost:62608/session/b4f4c2561dfb65b8fe9d21df225b2a81/element'
00:47:30.592 [Forwarding findElement on session b4f4c2561dfb65b8fe9d21df225b2a81 to remote] DEBUG org.asynchttpclient.netty.request.NettyRequestSender - Using open Channel [id: 0x4f27f1e1, L:/127.0.0.1:49932 - R:localhost/127.0.0.1:62608] for POST '/session/b4f4c2561dfb65b8fe9d21df225b2a81/element'
00:47:30.607 [AsyncHttpClient-1-17] DEBUG org.asynchttpclient.netty.handler.HttpHandler - 

Request DefaultHttpRequest(decodeResult: success, version: HTTP/1.1)
POST /session/b4f4c2561dfb65b8fe9d21df225b2a81/element HTTP/1.1
User-Agent: selenium/4.1.2 (java windows)
Content-Length: 71
Content-Type: application/json; charset=utf-8
host: localhost:62608
accept: */*

Response DefaultHttpResponse(decodeResult: success, version: HTTP/1.1)
HTTP/1.1 200 OK
Content-Type: application/json; charset=utf-8
cache-control: no-cache
content-length: 88

00:47:30.607 [AsyncHttpClient-1-17] DEBUG org.asynchttpclient.netty.channel.ChannelManager - Adding key: http://localhost:62608 for channel [id: 0x4f27f1e1, L:/127.0.0.1:49932 - R:localhost/127.0.0.1:62608]
00:47:30.608 [Forwarding getElementTagName on session b4f4c2561dfb65b8fe9d21df225b2a81 to remote] DEBUG org.asynchttpclient.netty.request.NettyRequestSender - Using pooled Channel '[id: 0x4f27f1e1, L:/127.0.0.1:49932 - R:localhost/127.0.0.1:62608]' for 'GET' to 'http://localhost:62608/session/b4f4c2561dfb65b8fe9d21df225b2a81/element/cb27f20c-0164-4766-b715-d3f39be7be5c/name'
00:47:30.608 [Forwarding getElementTagName on session b4f4c2561dfb65b8fe9d21df225b2a81 to remote] DEBUG org.asynchttpclient.netty.request.NettyRequestSender - Using open Channel [id: 0x4f27f1e1, L:/127.0.0.1:49932 - R:localhost/127.0.0.1:62608] for GET '/session/b4f4c2561dfb65b8fe9d21df225b2a81/element/cb27f20c-0164-4766-b715-d3f39be7be5c/name'
00:47:30.619 [AsyncHttpClient-1-17] DEBUG org.asynchttpclient.netty.handler.HttpHandler - 

Request DefaultFullHttpRequest(decodeResult: success, version: HTTP/1.1, content: EmptyByteBufBE)
GET /session/b4f4c2561dfb65b8fe9d21df225b2a81/element/cb27f20c-0164-4766-b715-d3f39be7be5c/name HTTP/1.1
User-Agent: selenium/4.1.2 (java windows)
Cache-Control: no-cache
Content-Type: application/json; charset=utf-8
host: localhost:62608
accept: */*

Response DefaultHttpResponse(decodeResult: success, version: HTTP/1.1)
HTTP/1.1 200 OK
Content-Type: application/json; charset=utf-8
cache-control: no-cache
content-length: 18

00:47:30.619 [AsyncHttpClient-1-17] DEBUG org.asynchttpclient.netty.channel.ChannelManager - Adding key: http://localhost:62608 for channel [id: 0x4f27f1e1, L:/127.0.0.1:49932 - R:localhost/127.0.0.1:62608]
00:47:30.620 [Forwarding getElementTagName on session b4f4c2561dfb65b8fe9d21df225b2a81 to remote] DEBUG org.asynchttpclient.netty.request.NettyRequestSender - Using pooled Channel '[id: 0x4f27f1e1, L:/127.0.0.1:49932 - R:localhost/127.0.0.1:62608]' for 'GET' to 'http://localhost:62608/session/b4f4c2561dfb65b8fe9d21df225b2a81/element/cb27f20c-0164-4766-b715-d3f39be7be5c/name'
00:47:30.620 [Forwarding getElementTagName on session b4f4c2561dfb65b8fe9d21df225b2a81 to remote] DEBUG org.asynchttpclient.netty.request.NettyRequestSender - Using open Channel [id: 0x4f27f1e1, L:/127.0.0.1:49932 - R:localhost/127.0.0.1:62608] for GET '/session/b4f4c2561dfb65b8fe9d21df225b2a81/element/cb27f20c-0164-4766-b715-d3f39be7be5c/name'
00:47:30.632 [AsyncHttpClient-1-17] DEBUG org.asynchttpclient.netty.handler.HttpHandler - 

Request DefaultFullHttpRequest(decodeResult: success, version: HTTP/1.1, content: EmptyByteBufBE)
GET /session/b4f4c2561dfb65b8fe9d21df225b2a81/element/cb27f20c-0164-4766-b715-d3f39be7be5c/name HTTP/1.1
User-Agent: selenium/4.1.2 (java windows)
Cache-Control: no-cache
Content-Type: application/json; charset=utf-8
host: localhost:62608
accept: */*

Response DefaultHttpResponse(decodeResult: success, version: HTTP/1.1)
HTTP/1.1 200 OK
Content-Type: application/json; charset=utf-8
cache-control: no-cache
content-length: 18

00:47:30.632 [AsyncHttpClient-1-17] DEBUG org.asynchttpclient.netty.channel.ChannelManager - Adding key: http://localhost:62608 for channel [id: 0x4f27f1e1, L:/127.0.0.1:49932 - R:localhost/127.0.0.1:62608]
00:47:30.634 [Forwarding isElementEnabled on session b4f4c2561dfb65b8fe9d21df225b2a81 to remote] DEBUG org.asynchttpclient.netty.request.NettyRequestSender - Using pooled Channel '[id: 0x4f27f1e1, L:/127.0.0.1:49932 - R:localhost/127.0.0.1:62608]' for 'GET' to 'http://localhost:62608/session/b4f4c2561dfb65b8fe9d21df225b2a81/element/cb27f20c-0164-4766-b715-d3f39be7be5c/enabled'
00:47:30.634 [Forwarding isElementEnabled on session b4f4c2561dfb65b8fe9d21df225b2a81 to remote] DEBUG org.asynchttpclient.netty.request.NettyRequestSender - Using open Channel [id: 0x4f27f1e1, L:/127.0.0.1:49932 - R:localhost/127.0.0.1:62608] for GET '/session/b4f4c2561dfb65b8fe9d21df225b2a81/element/cb27f20c-0164-4766-b715-d3f39be7be5c/enabled'
00:47:30.650 [AsyncHttpClient-1-17] DEBUG org.asynchttpclient.netty.handler.HttpHandler - 

Request DefaultFullHttpRequest(decodeResult: success, version: HTTP/1.1, content: EmptyByteBufBE)
GET /session/b4f4c2561dfb65b8fe9d21df225b2a81/element/cb27f20c-0164-4766-b715-d3f39be7be5c/enabled HTTP/1.1
User-Agent: selenium/4.1.2 (java windows)
Cache-Control: no-cache
Content-Type: application/json; charset=utf-8
host: localhost:62608
accept: */*

Response DefaultHttpResponse(decodeResult: success, version: HTTP/1.1)
HTTP/1.1 200 OK
Content-Type: application/json; charset=utf-8
cache-control: no-cache
content-length: 14

00:47:30.650 [AsyncHttpClient-1-17] DEBUG org.asynchttpclient.netty.channel.ChannelManager - Adding key: http://localhost:62608 for channel [id: 0x4f27f1e1, L:/127.0.0.1:49932 - R:localhost/127.0.0.1:62608]
00:47:30.651 [Forwarding isElementEnabled on session b4f4c2561dfb65b8fe9d21df225b2a81 to remote] DEBUG org.asynchttpclient.netty.request.NettyRequestSender - Using pooled Channel '[id: 0x4f27f1e1, L:/127.0.0.1:49932 - R:localhost/127.0.0.1:62608]' for 'GET' to 'http://localhost:62608/session/b4f4c2561dfb65b8fe9d21df225b2a81/element/cb27f20c-0164-4766-b715-d3f39be7be5c/enabled'
00:47:30.651 [Forwarding isElementEnabled on session b4f4c2561dfb65b8fe9d21df225b2a81 to remote] DEBUG org.asynchttpclient.netty.request.NettyRequestSender - Using open Channel [id: 0x4f27f1e1, L:/127.0.0.1:49932 - R:localhost/127.0.0.1:62608] for GET '/session/b4f4c2561dfb65b8fe9d21df225b2a81/element/cb27f20c-0164-4766-b715-d3f39be7be5c/enabled'
00:47:30.662 [AsyncHttpClient-1-17] DEBUG org.asynchttpclient.netty.handler.HttpHandler - 

Request DefaultFullHttpRequest(decodeResult: success, version: HTTP/1.1, content: EmptyByteBufBE)
GET /session/b4f4c2561dfb65b8fe9d21df225b2a81/element/cb27f20c-0164-4766-b715-d3f39be7be5c/enabled HTTP/1.1
User-Agent: selenium/4.1.2 (java windows)
Cache-Control: no-cache
Content-Type: application/json; charset=utf-8
host: localhost:62608
accept: */*

Response DefaultHttpResponse(decodeResult: success, version: HTTP/1.1)
HTTP/1.1 200 OK
Content-Type: application/json; charset=utf-8
cache-control: no-cache
content-length: 14

00:47:30.663 [AsyncHttpClient-1-17] DEBUG org.asynchttpclient.netty.channel.ChannelManager - Adding key: http://localhost:62608 for channel [id: 0x4f27f1e1, L:/127.0.0.1:49932 - R:localhost/127.0.0.1:62608]
00:47:30.664 [Forwarding findElement on session b4f4c2561dfb65b8fe9d21df225b2a81 to remote] DEBUG org.asynchttpclient.netty.request.NettyRequestSender - Using pooled Channel '[id: 0x4f27f1e1, L:/127.0.0.1:49932 - R:localhost/127.0.0.1:62608]' for 'POST' to 'http://localhost:62608/session/b4f4c2561dfb65b8fe9d21df225b2a81/element'
00:47:30.664 [Forwarding findElement on session b4f4c2561dfb65b8fe9d21df225b2a81 to remote] DEBUG org.asynchttpclient.netty.request.NettyRequestSender - Using open Channel [id: 0x4f27f1e1, L:/127.0.0.1:49932 - R:localhost/127.0.0.1:62608] for POST '/session/b4f4c2561dfb65b8fe9d21df225b2a81/element'
00:47:30.675 [AsyncHttpClient-1-17] DEBUG org.asynchttpclient.netty.handler.HttpHandler - 

Request DefaultHttpRequest(decodeResult: success, version: HTTP/1.1)
POST /session/b4f4c2561dfb65b8fe9d21df225b2a81/element HTTP/1.1
User-Agent: selenium/4.1.2 (java windows)
Content-Length: 71
Content-Type: application/json; charset=utf-8
host: localhost:62608
accept: */*

Response DefaultHttpResponse(decodeResult: success, version: HTTP/1.1)
HTTP/1.1 200 OK
Content-Type: application/json; charset=utf-8
cache-control: no-cache
content-length: 88

00:47:30.675 [AsyncHttpClient-1-17] DEBUG org.asynchttpclient.netty.channel.ChannelManager - Adding key: http://localhost:62608 for channel [id: 0x4f27f1e1, L:/127.0.0.1:49932 - R:localhost/127.0.0.1:62608]
00:47:30.676 [Forwarding clickElement on session b4f4c2561dfb65b8fe9d21df225b2a81 to remote] DEBUG org.asynchttpclient.netty.request.NettyRequestSender - Using pooled Channel '[id: 0x4f27f1e1, L:/127.0.0.1:49932 - R:localhost/127.0.0.1:62608]' for 'POST' to 'http://localhost:62608/session/b4f4c2561dfb65b8fe9d21df225b2a81/element/cb27f20c-0164-4766-b715-d3f39be7be5c/click'
00:47:30.676 [Forwarding clickElement on session b4f4c2561dfb65b8fe9d21df225b2a81 to remote] DEBUG org.asynchttpclient.netty.request.NettyRequestSender - Using open Channel [id: 0x4f27f1e1, L:/127.0.0.1:49932 - R:localhost/127.0.0.1:62608] for POST '/session/b4f4c2561dfb65b8fe9d21df225b2a81/element/cb27f20c-0164-4766-b715-d3f39be7be5c/click'
00:47:30.734 [AsyncHttpClient-1-17] DEBUG org.asynchttpclient.netty.handler.HttpHandler - 

Request DefaultHttpRequest(decodeResult: success, version: HTTP/1.1)
POST /session/b4f4c2561dfb65b8fe9d21df225b2a81/element/cb27f20c-0164-4766-b715-d3f39be7be5c/click HTTP/1.1
User-Agent: selenium/4.1.2 (java windows)
Content-Length: 50
Content-Type: application/json; charset=utf-8
host: localhost:62608
accept: */*

Response DefaultHttpResponse(decodeResult: success, version: HTTP/1.1)
HTTP/1.1 200 OK
Content-Type: application/json; charset=utf-8
cache-control: no-cache
content-length: 14

00:47:30.734 [AsyncHttpClient-1-17] DEBUG org.asynchttpclient.netty.channel.ChannelManager - Adding key: http://localhost:62608 for channel [id: 0x4f27f1e1, L:/127.0.0.1:49932 - R:localhost/127.0.0.1:62608]
00:47:30.739 [Forwarding screenshot on session b4f4c2561dfb65b8fe9d21df225b2a81 to remote] DEBUG org.asynchttpclient.netty.request.NettyRequestSender - Using pooled Channel '[id: 0x4f27f1e1, L:/127.0.0.1:49932 - R:localhost/127.0.0.1:62608]' for 'GET' to 'http://localhost:62608/session/b4f4c2561dfb65b8fe9d21df225b2a81/screenshot'
00:47:30.740 [Forwarding screenshot on session b4f4c2561dfb65b8fe9d21df225b2a81 to remote] DEBUG org.asynchttpclient.netty.request.NettyRequestSender - Using open Channel [id: 0x4f27f1e1, L:/127.0.0.1:49932 - R:localhost/127.0.0.1:62608] for GET '/session/b4f4c2561dfb65b8fe9d21df225b2a81/screenshot'
00:47:30.924 [AsyncHttpClient-1-17] DEBUG org.asynchttpclient.netty.handler.HttpHandler - 

Request DefaultFullHttpRequest(decodeResult: success, version: HTTP/1.1, content: EmptyByteBufBE)
GET /session/b4f4c2561dfb65b8fe9d21df225b2a81/screenshot HTTP/1.1
User-Agent: selenium/4.1.2 (java windows)
Cache-Control: no-cache
Content-Type: application/json; charset=utf-8
host: localhost:62608
accept: */*

Response DefaultHttpResponse(decodeResult: success, version: HTTP/1.1)
HTTP/1.1 200 OK
Content-Type: application/json; charset=utf-8
cache-control: no-cache
content-length: 117140

00:47:30.924 [AsyncHttpClient-1-17] DEBUG org.asynchttpclient.netty.channel.ChannelManager - Adding key: http://localhost:62608 for channel [id: 0x4f27f1e1, L:/127.0.0.1:49932 - R:localhost/127.0.0.1:62608]
00:47:30.927 [main] DEBUG net.serenitybdd.core.photography.Darkroom - Send negative for processing for target\site\serenity\442f4641c2b0310eba2add6c45b842bc2e8176c249f95bef0120d61ed7e16806.png
00:47:30.927 [Darkroom Processing Line] DEBUG net.serenitybdd.core.photography.DarkroomProcessingLine - Processing screenshot image in /var/screenshots/screenshot-15025741039551567171
00:47:30.927 [Darkroom Processing Line] DEBUG net.serenitybdd.core.photography.DarkroomProcessingLine - Saving screenshot to target\site\serenity\442f4641c2b0310eba2add6c45b842bc2e8176c249f95bef0120d61ed7e16806.png
00:47:30.928 [main] DEBUG net.thucydides.core.steps.StepInterceptor - STEP DONE: clicksave
00:47:30.932 [main] DEBUG net.thucydides.core.steps.StepInterceptor - STARTING STEP: ManageadminSteps.adminSucseesAddNewAdmin - clickok
00:47:30.934 [Forwarding findElement on session b4f4c2561dfb65b8fe9d21df225b2a81 to remote] DEBUG org.asynchttpclient.netty.request.NettyRequestSender - Using pooled Channel '[id: 0x4f27f1e1, L:/127.0.0.1:49932 - R:localhost/127.0.0.1:62608]' for 'POST' to 'http://localhost:62608/session/b4f4c2561dfb65b8fe9d21df225b2a81/element'
00:47:30.934 [Forwarding findElement on session b4f4c2561dfb65b8fe9d21df225b2a81 to remote] DEBUG org.asynchttpclient.netty.request.NettyRequestSender - Using open Channel [id: 0x4f27f1e1, L:/127.0.0.1:49932 - R:localhost/127.0.0.1:62608] for POST '/session/b4f4c2561dfb65b8fe9d21df225b2a81/element'
00:47:30.952 [AsyncHttpClient-1-17] DEBUG org.asynchttpclient.netty.handler.HttpHandler - 

Request DefaultHttpRequest(decodeResult: success, version: HTTP/1.1)
POST /session/b4f4c2561dfb65b8fe9d21df225b2a81/element HTTP/1.1
User-Agent: selenium/4.1.2 (java windows)
Content-Length: 79
Content-Type: application/json; charset=utf-8
host: localhost:62608
accept: */*

Response DefaultHttpResponse(decodeResult: success, version: HTTP/1.1)
HTTP/1.1 200 OK
Content-Type: application/json; charset=utf-8
cache-control: no-cache
content-length: 88

00:47:30.953 [AsyncHttpClient-1-17] DEBUG org.asynchttpclient.netty.channel.ChannelManager - Adding key: http://localhost:62608 for channel [id: 0x4f27f1e1, L:/127.0.0.1:49932 - R:localhost/127.0.0.1:62608]
00:47:30.954 [Forwarding getElementTagName on session b4f4c2561dfb65b8fe9d21df225b2a81 to remote] DEBUG org.asynchttpclient.netty.request.NettyRequestSender - Using pooled Channel '[id: 0x4f27f1e1, L:/127.0.0.1:49932 - R:localhost/127.0.0.1:62608]' for 'GET' to 'http://localhost:62608/session/b4f4c2561dfb65b8fe9d21df225b2a81/element/a532ab8d-586e-4ab3-b70d-b1dcac1f783a/name'
00:47:30.954 [Forwarding getElementTagName on session b4f4c2561dfb65b8fe9d21df225b2a81 to remote] DEBUG org.asynchttpclient.netty.request.NettyRequestSender - Using open Channel [id: 0x4f27f1e1, L:/127.0.0.1:49932 - R:localhost/127.0.0.1:62608] for GET '/session/b4f4c2561dfb65b8fe9d21df225b2a81/element/a532ab8d-586e-4ab3-b70d-b1dcac1f783a/name'
00:47:30.965 [AsyncHttpClient-1-17] DEBUG org.asynchttpclient.netty.handler.HttpHandler - 

Request DefaultFullHttpRequest(decodeResult: success, version: HTTP/1.1, content: EmptyByteBufBE)
GET /session/b4f4c2561dfb65b8fe9d21df225b2a81/element/a532ab8d-586e-4ab3-b70d-b1dcac1f783a/name HTTP/1.1
User-Agent: selenium/4.1.2 (java windows)
Cache-Control: no-cache
Content-Type: application/json; charset=utf-8
host: localhost:62608
accept: */*

Response DefaultHttpResponse(decodeResult: success, version: HTTP/1.1)
HTTP/1.1 200 OK
Content-Type: application/json; charset=utf-8
cache-control: no-cache
content-length: 18

00:47:30.965 [AsyncHttpClient-1-17] DEBUG org.asynchttpclient.netty.channel.ChannelManager - Adding key: http://localhost:62608 for channel [id: 0x4f27f1e1, L:/127.0.0.1:49932 - R:localhost/127.0.0.1:62608]
00:47:30.966 [Forwarding getElementTagName on session b4f4c2561dfb65b8fe9d21df225b2a81 to remote] DEBUG org.asynchttpclient.netty.request.NettyRequestSender - Using pooled Channel '[id: 0x4f27f1e1, L:/127.0.0.1:49932 - R:localhost/127.0.0.1:62608]' for 'GET' to 'http://localhost:62608/session/b4f4c2561dfb65b8fe9d21df225b2a81/element/a532ab8d-586e-4ab3-b70d-b1dcac1f783a/name'
00:47:30.966 [Forwarding getElementTagName on session b4f4c2561dfb65b8fe9d21df225b2a81 to remote] DEBUG org.asynchttpclient.netty.request.NettyRequestSender - Using open Channel [id: 0x4f27f1e1, L:/127.0.0.1:49932 - R:localhost/127.0.0.1:62608] for GET '/session/b4f4c2561dfb65b8fe9d21df225b2a81/element/a532ab8d-586e-4ab3-b70d-b1dcac1f783a/name'
00:47:30.977 [AsyncHttpClient-1-17] DEBUG org.asynchttpclient.netty.handler.HttpHandler - 

Request DefaultFullHttpRequest(decodeResult: success, version: HTTP/1.1, content: EmptyByteBufBE)
GET /session/b4f4c2561dfb65b8fe9d21df225b2a81/element/a532ab8d-586e-4ab3-b70d-b1dcac1f783a/name HTTP/1.1
User-Agent: selenium/4.1.2 (java windows)
Cache-Control: no-cache
Content-Type: application/json; charset=utf-8
host: localhost:62608
accept: */*

Response DefaultHttpResponse(decodeResult: success, version: HTTP/1.1)
HTTP/1.1 200 OK
Content-Type: application/json; charset=utf-8
cache-control: no-cache
content-length: 18

00:47:30.977 [AsyncHttpClient-1-17] DEBUG org.asynchttpclient.netty.channel.ChannelManager - Adding key: http://localhost:62608 for channel [id: 0x4f27f1e1, L:/127.0.0.1:49932 - R:localhost/127.0.0.1:62608]
00:47:30.979 [Forwarding isElementEnabled on session b4f4c2561dfb65b8fe9d21df225b2a81 to remote] DEBUG org.asynchttpclient.netty.request.NettyRequestSender - Using pooled Channel '[id: 0x4f27f1e1, L:/127.0.0.1:49932 - R:localhost/127.0.0.1:62608]' for 'GET' to 'http://localhost:62608/session/b4f4c2561dfb65b8fe9d21df225b2a81/element/a532ab8d-586e-4ab3-b70d-b1dcac1f783a/enabled'
00:47:30.979 [Forwarding isElementEnabled on session b4f4c2561dfb65b8fe9d21df225b2a81 to remote] DEBUG org.asynchttpclient.netty.request.NettyRequestSender - Using open Channel [id: 0x4f27f1e1, L:/127.0.0.1:49932 - R:localhost/127.0.0.1:62608] for GET '/session/b4f4c2561dfb65b8fe9d21df225b2a81/element/a532ab8d-586e-4ab3-b70d-b1dcac1f783a/enabled'
00:47:30.996 [AsyncHttpClient-1-17] DEBUG org.asynchttpclient.netty.handler.HttpHandler - 

Request DefaultFullHttpRequest(decodeResult: success, version: HTTP/1.1, content: EmptyByteBufBE)
GET /session/b4f4c2561dfb65b8fe9d21df225b2a81/element/a532ab8d-586e-4ab3-b70d-b1dcac1f783a/enabled HTTP/1.1
User-Agent: selenium/4.1.2 (java windows)
Cache-Control: no-cache
Content-Type: application/json; charset=utf-8
host: localhost:62608
accept: */*

Response DefaultHttpResponse(decodeResult: success, version: HTTP/1.1)
HTTP/1.1 200 OK
Content-Type: application/json; charset=utf-8
cache-control: no-cache
content-length: 14

00:47:30.996 [AsyncHttpClient-1-17] DEBUG org.asynchttpclient.netty.channel.ChannelManager - Adding key: http://localhost:62608 for channel [id: 0x4f27f1e1, L:/127.0.0.1:49932 - R:localhost/127.0.0.1:62608]
00:47:30.997 [Forwarding isElementEnabled on session b4f4c2561dfb65b8fe9d21df225b2a81 to remote] DEBUG org.asynchttpclient.netty.request.NettyRequestSender - Using pooled Channel '[id: 0x4f27f1e1, L:/127.0.0.1:49932 - R:localhost/127.0.0.1:62608]' for 'GET' to 'http://localhost:62608/session/b4f4c2561dfb65b8fe9d21df225b2a81/element/a532ab8d-586e-4ab3-b70d-b1dcac1f783a/enabled'
00:47:30.997 [Forwarding isElementEnabled on session b4f4c2561dfb65b8fe9d21df225b2a81 to remote] DEBUG org.asynchttpclient.netty.request.NettyRequestSender - Using open Channel [id: 0x4f27f1e1, L:/127.0.0.1:49932 - R:localhost/127.0.0.1:62608] for GET '/session/b4f4c2561dfb65b8fe9d21df225b2a81/element/a532ab8d-586e-4ab3-b70d-b1dcac1f783a/enabled'
00:47:31.012 [AsyncHttpClient-1-17] DEBUG org.asynchttpclient.netty.handler.HttpHandler - 

Request DefaultFullHttpRequest(decodeResult: success, version: HTTP/1.1, content: EmptyByteBufBE)
GET /session/b4f4c2561dfb65b8fe9d21df225b2a81/element/a532ab8d-586e-4ab3-b70d-b1dcac1f783a/enabled HTTP/1.1
User-Agent: selenium/4.1.2 (java windows)
Cache-Control: no-cache
Content-Type: application/json; charset=utf-8
host: localhost:62608
accept: */*

Response DefaultHttpResponse(decodeResult: success, version: HTTP/1.1)
HTTP/1.1 200 OK
Content-Type: application/json; charset=utf-8
cache-control: no-cache
content-length: 14

00:47:31.012 [AsyncHttpClient-1-17] DEBUG org.asynchttpclient.netty.channel.ChannelManager - Adding key: http://localhost:62608 for channel [id: 0x4f27f1e1, L:/127.0.0.1:49932 - R:localhost/127.0.0.1:62608]
00:47:31.014 [Forwarding findElement on session b4f4c2561dfb65b8fe9d21df225b2a81 to remote] DEBUG org.asynchttpclient.netty.request.NettyRequestSender - Using pooled Channel '[id: 0x4f27f1e1, L:/127.0.0.1:49932 - R:localhost/127.0.0.1:62608]' for 'POST' to 'http://localhost:62608/session/b4f4c2561dfb65b8fe9d21df225b2a81/element'
00:47:31.014 [Forwarding findElement on session b4f4c2561dfb65b8fe9d21df225b2a81 to remote] DEBUG org.asynchttpclient.netty.request.NettyRequestSender - Using open Channel [id: 0x4f27f1e1, L:/127.0.0.1:49932 - R:localhost/127.0.0.1:62608] for POST '/session/b4f4c2561dfb65b8fe9d21df225b2a81/element'
00:47:31.028 [AsyncHttpClient-1-17] DEBUG org.asynchttpclient.netty.handler.HttpHandler - 

Request DefaultHttpRequest(decodeResult: success, version: HTTP/1.1)
POST /session/b4f4c2561dfb65b8fe9d21df225b2a81/element HTTP/1.1
User-Agent: selenium/4.1.2 (java windows)
Content-Length: 79
Content-Type: application/json; charset=utf-8
host: localhost:62608
accept: */*

Response DefaultHttpResponse(decodeResult: success, version: HTTP/1.1)
HTTP/1.1 200 OK
Content-Type: application/json; charset=utf-8
cache-control: no-cache
content-length: 88

00:47:31.028 [AsyncHttpClient-1-17] DEBUG org.asynchttpclient.netty.channel.ChannelManager - Adding key: http://localhost:62608 for channel [id: 0x4f27f1e1, L:/127.0.0.1:49932 - R:localhost/127.0.0.1:62608]
00:47:31.029 [Forwarding clickElement on session b4f4c2561dfb65b8fe9d21df225b2a81 to remote] DEBUG org.asynchttpclient.netty.request.NettyRequestSender - Using pooled Channel '[id: 0x4f27f1e1, L:/127.0.0.1:49932 - R:localhost/127.0.0.1:62608]' for 'POST' to 'http://localhost:62608/session/b4f4c2561dfb65b8fe9d21df225b2a81/element/a532ab8d-586e-4ab3-b70d-b1dcac1f783a/click'
00:47:31.029 [Forwarding clickElement on session b4f4c2561dfb65b8fe9d21df225b2a81 to remote] DEBUG org.asynchttpclient.netty.request.NettyRequestSender - Using open Channel [id: 0x4f27f1e1, L:/127.0.0.1:49932 - R:localhost/127.0.0.1:62608] for POST '/session/b4f4c2561dfb65b8fe9d21df225b2a81/element/a532ab8d-586e-4ab3-b70d-b1dcac1f783a/click'
00:47:31.078 [AsyncHttpClient-1-17] DEBUG org.asynchttpclient.netty.handler.HttpHandler - 

Request DefaultHttpRequest(decodeResult: success, version: HTTP/1.1)
POST /session/b4f4c2561dfb65b8fe9d21df225b2a81/element/a532ab8d-586e-4ab3-b70d-b1dcac1f783a/click HTTP/1.1
User-Agent: selenium/4.1.2 (java windows)
Content-Length: 50
Content-Type: application/json; charset=utf-8
host: localhost:62608
accept: */*

Response DefaultHttpResponse(decodeResult: success, version: HTTP/1.1)
HTTP/1.1 200 OK
Content-Type: application/json; charset=utf-8
cache-control: no-cache
content-length: 14

00:47:31.078 [AsyncHttpClient-1-17] DEBUG org.asynchttpclient.netty.channel.ChannelManager - Adding key: http://localhost:62608 for channel [id: 0x4f27f1e1, L:/127.0.0.1:49932 - R:localhost/127.0.0.1:62608]
00:47:31.082 [Forwarding screenshot on session b4f4c2561dfb65b8fe9d21df225b2a81 to remote] DEBUG org.asynchttpclient.netty.request.NettyRequestSender - Using pooled Channel '[id: 0x4f27f1e1, L:/127.0.0.1:49932 - R:localhost/127.0.0.1:62608]' for 'GET' to 'http://localhost:62608/session/b4f4c2561dfb65b8fe9d21df225b2a81/screenshot'
00:47:31.082 [Forwarding screenshot on session b4f4c2561dfb65b8fe9d21df225b2a81 to remote] DEBUG org.asynchttpclient.netty.request.NettyRequestSender - Using open Channel [id: 0x4f27f1e1, L:/127.0.0.1:49932 - R:localhost/127.0.0.1:62608] for GET '/session/b4f4c2561dfb65b8fe9d21df225b2a81/screenshot'
00:47:31.235 [AsyncHttpClient-1-17] DEBUG org.asynchttpclient.netty.handler.HttpHandler - 

Request DefaultFullHttpRequest(decodeResult: success, version: HTTP/1.1, content: EmptyByteBufBE)
GET /session/b4f4c2561dfb65b8fe9d21df225b2a81/screenshot HTTP/1.1
User-Agent: selenium/4.1.2 (java windows)
Cache-Control: no-cache
Content-Type: application/json; charset=utf-8
host: localhost:62608
accept: */*

Response DefaultHttpResponse(decodeResult: success, version: HTTP/1.1)
HTTP/1.1 200 OK
Content-Type: application/json; charset=utf-8
cache-control: no-cache
content-length: 116676

00:47:31.235 [AsyncHttpClient-1-17] DEBUG org.asynchttpclient.netty.channel.ChannelManager - Adding key: http://localhost:62608 for channel [id: 0x4f27f1e1, L:/127.0.0.1:49932 - R:localhost/127.0.0.1:62608]
00:47:31.238 [main] DEBUG net.serenitybdd.core.photography.Darkroom - Send negative for processing for target\site\serenity\e2bbc52ea241be7e78045f96c95ac0f11b261e3051b7bdca7ae7f2d56bba59cc.png
00:47:31.238 [main] DEBUG net.thucydides.core.steps.StepInterceptor - STEP DONE: clickok
  &amp#27;[32mThen &amp#27;[0m&amp#27;[32madmin sucsees add new admin&amp#27;[0m                                  &amp#27;[90m# starter.definitions.ManageadminSteps.adminSucseesAddNewAdmin()&amp#27;[0m
00:47:31.239 [Darkroom Processing Line] DEBUG net.serenitybdd.core.photography.DarkroomProcessingLine - Processing screenshot image in /var/screenshots/screenshot-16206034936658478002
00:47:31.239 [Darkroom Processing Line] DEBUG net.serenitybdd.core.photography.DarkroomProcessingLine - Saving screenshot to target\site\serenity\e2bbc52ea241be7e78045f96c95ac0f11b261e3051b7bdca7ae7f2d56bba59cc.png
00:47:31.243 [main] INFO  - 
  _____   ___   ___   _____     ___     _     ___   ___   ___   ___  
 |_   _| | __| / __| |_   _|   | _ \   /_\   / __| / __| | __| |   \ 
   | |   | _|  \__ \   | |     |  _/  / _ \  \__ \ \__ \ | _|  | |) |
   |_|   |___| |___/   |_|     |_|   /_/ \_\ |___/ |___/ |___| |___/ 

admin add new admin
----------------------------------------------------------------------
00:47:31.244 [AsyncHttpClient-1-19] DEBUG org.asynchttpclient.netty.handler.WebSocketHandler - Channel Closed: [id: 0xabc224d5, L:/127.0.0.1:49941 ! R:localhost/127.0.0.1:49934] with attribute NettyResponseFuture{currentRetry=5,
	isDone=1,
	isCancelled=0,
	asyncHandler=org.asynchttpclient.ws.WebSocketUpgradeHandler@6b0fc66f,
	nettyRequest=org.asynchttpclient.netty.request.NettyRequest@4aae4bff,
	future=java.util.concurrent.CompletableFuture@7bd7272e[Completed normally],
	uri=ws://localhost:49934/devtools/browser/94b5fbde-909d-45b7-9488-ce530b016d93,
	keepAlive=true,
	redirectCount=0,
	timeoutsHolder=null,
	inAuth=0,
	touch=1658422040766}
00:47:31.244 [AsyncHttpClient-1-19] DEBUG org.asynchttpclient.netty.channel.ChannelManager - Closing Channel [id: 0xabc224d5, L:/127.0.0.1:49941 ! R:localhost/127.0.0.1:49934] 
00:47:31.247 [Driver Command Executor] DEBUG org.asynchttpclient.netty.request.NettyRequestSender - Using pooled Channel '[id: 0x4f27f1e1, L:/127.0.0.1:49932 - R:localhost/127.0.0.1:62608]' for 'DELETE' to 'http://localhost:62608/session/b4f4c2561dfb65b8fe9d21df225b2a81'
00:47:31.247 [Driver Command Executor] DEBUG org.asynchttpclient.netty.request.NettyRequestSender - Using open Channel [id: 0x4f27f1e1, L:/127.0.0.1:49932 - R:localhost/127.0.0.1:62608] for DELETE '/session/b4f4c2561dfb65b8fe9d21df225b2a81'
00:47:31.685 [AsyncHttpClient-1-1] DEBUG org.asynchttpclient.netty.channel.DefaultChannelPool - Entry count for : http://localhost:49934 : 1
00:47:32.346 [AsyncHttpClient-1-18] DEBUG org.asynchttpclient.netty.handler.HttpHandler - Unexpected I/O exception on channel [id: 0x5749076f, L:/127.0.0.1:49940 - R:localhost/127.0.0.1:49934]
java.net.SocketException: Connection reset
	at java.base/sun.nio.ch.SocketChannelImpl.throwConnectionReset(SocketChannelImpl.java:394)
	at java.base/sun.nio.ch.SocketChannelImpl.read(SocketChannelImpl.java:426)
	at io.netty.buffer.PooledByteBuf.setBytes(PooledByteBuf.java:258)
	at io.netty.buffer.AbstractByteBuf.writeBytes(AbstractByteBuf.java:1132)
	at io.netty.channel.socket.nio.NioSocketChannel.doReadBytes(NioSocketChannel.java:350)
	at io.netty.channel.nio.AbstractNioByteChannel$NioByteUnsafe.read(AbstractNioByteChannel.java:151)
	at io.netty.channel.nio.NioEventLoop.processSelectedKey(NioEventLoop.java:722)
	at io.netty.channel.nio.NioEventLoop.processSelectedKeysOptimized(NioEventLoop.java:658)
	at io.netty.channel.nio.NioEventLoop.processSelectedKeys(NioEventLoop.java:584)
	at io.netty.channel.nio.NioEventLoop.run(NioEventLoop.java:496)
	at io.netty.util.concurrent.SingleThreadEventExecutor$4.run(SingleThreadEventExecutor.java:986)
	at io.netty.util.internal.ThreadExecutorMap$2.run(ThreadExecutorMap.java:74)
	at io.netty.util.concurrent.FastThreadLocalRunnable.run(FastThreadLocalRunnable.java:30)
	at java.base/java.lang.Thread.run(Thread.java:833)
00:47:32.346 [AsyncHttpClient-1-18] DEBUG org.asynchttpclient.netty.channel.ChannelManager - Closing Channel [id: 0x5749076f, L:/127.0.0.1:49940 - R:localhost/127.0.0.1:49934] 
00:47:32.346 [AsyncHttpClient-1-18] DEBUG org.asynchttpclient.netty.handler.HttpHandler - Channel Closed: [id: 0x5749076f, L:/127.0.0.1:49940 ! R:localhost/127.0.0.1:49934] with attribute DISCARD
00:47:32.794 [AsyncHttpClient-1-1] DEBUG org.asynchttpclient.netty.channel.DefaultChannelPool - Entry count for : http://localhost:49934 : 1
00:47:32.795 [AsyncHttpClient-1-1] DEBUG org.asynchttpclient.netty.channel.DefaultChannelPool - Adding Candidate expired Channel [id: 0x5749076f, L:/127.0.0.1:49940 ! R:localhost/127.0.0.1:49934] isIdleTimeoutExpired=false isRemotelyClosed=true isTtlExpired=false
00:47:32.795 [AsyncHttpClient-1-1] DEBUG org.asynchttpclient.netty.channel.DefaultChannelPool - Closing Idle Channel [id: 0x5749076f, L:/127.0.0.1:49940 ! R:localhost/127.0.0.1:49934]
00:47:32.795 [AsyncHttpClient-1-1] DEBUG org.asynchttpclient.netty.channel.DefaultChannelPool - Closed 1 connections out of 1 in 0 ms
00:47:33.006 [AsyncHttpClient-1-17] DEBUG org.asynchttpclient.netty.handler.HttpHandler - 

Request DefaultFullHttpRequest(decodeResult: success, version: HTTP/1.1, content: EmptyByteBufBE)
DELETE /session/b4f4c2561dfb65b8fe9d21df225b2a81 HTTP/1.1
User-Agent: selenium/4.1.2 (java windows)
Content-Type: application/json; charset=utf-8
host: localhost:62608
accept: */*

Response DefaultHttpResponse(decodeResult: success, version: HTTP/1.1)
HTTP/1.1 200 OK
Content-Type: application/json; charset=utf-8
cache-control: no-cache
content-length: 14

00:47:33.006 [AsyncHttpClient-1-17] DEBUG org.asynchttpclient.netty.channel.ChannelManager - Adding key: http://localhost:62608 for channel [id: 0x4f27f1e1, L:/127.0.0.1:49932 - R:localhost/127.0.0.1:62608]
00:47:33.885 [AsyncHttpClient-1-1] DEBUG org.asynchttpclient.netty.channel.DefaultChannelPool - Entry count for : http://localhost:62608 : 1
00:47:34.032 [AsyncHttpClient-1-17] DEBUG org.asynchttpclient.netty.handler.HttpHandler - Unexpected I/O exception on channel [id: 0x4f27f1e1, L:/127.0.0.1:49932 - R:localhost/127.0.0.1:62608]
java.net.SocketException: Connection reset
	at java.base/sun.nio.ch.SocketChannelImpl.throwConnectionReset(SocketChannelImpl.java:394)
	at java.base/sun.nio.ch.SocketChannelImpl.read(SocketChannelImpl.java:426)
	at io.netty.buffer.PooledByteBuf.setBytes(PooledByteBuf.java:258)
	at io.netty.buffer.AbstractByteBuf.writeBytes(AbstractByteBuf.java:1132)
	at io.netty.channel.socket.nio.NioSocketChannel.doReadBytes(NioSocketChannel.java:350)
	at io.netty.channel.nio.AbstractNioByteChannel$NioByteUnsafe.read(AbstractNioByteChannel.java:151)
	at io.netty.channel.nio.NioEventLoop.processSelectedKey(NioEventLoop.java:722)
	at io.netty.channel.nio.NioEventLoop.processSelectedKeysOptimized(NioEventLoop.java:658)
	at io.netty.channel.nio.NioEventLoop.processSelectedKeys(NioEventLoop.java:584)
	at io.netty.channel.nio.NioEventLoop.run(NioEventLoop.java:496)
	at io.netty.util.concurrent.SingleThreadEventExecutor$4.run(SingleThreadEventExecutor.java:986)
	at io.netty.util.internal.ThreadExecutorMap$2.run(ThreadExecutorMap.java:74)
	at io.netty.util.concurrent.FastThreadLocalRunnable.run(FastThreadLocalRunnable.java:30)
	at java.base/java.lang.Thread.run(Thread.java:833)
00:47:34.032 [AsyncHttpClient-1-17] DEBUG org.asynchttpclient.netty.channel.ChannelManager - Closing Channel [id: 0x4f27f1e1, L:/127.0.0.1:49932 - R:localhost/127.0.0.1:62608] 
00:47:34.033 [AsyncHttpClient-1-17] DEBUG org.asynchttpclient.netty.handler.HttpHandler - Channel Closed: [id: 0x4f27f1e1, L:/127.0.0.1:49932 ! R:localhost/127.0.0.1:62608] with attribute DISCARD
]]></system-out>
    <system-err><![CDATA[Starting ChromeDriver 103.0.5060.134 (8ec6fce403b3feb0869b0732eda8bd95011d333c-refs/branch-heads/5060@{#1262}) on port 62608
Only local connections are allowed.
Please see https://chromedriver.chromium.org/security-considerations for suggestions on keeping ChromeDriver safe.
ChromeDriver was started successfully.
Jul 22, 2022 12:47:20 AM org.openqa.selenium.remote.ProtocolHandshake createSession
INFO: Detected dialect: W3C
Jul 22, 2022 12:47:20 AM org.openqa.selenium.devtools.CdpVersionFinder findNearestMatch
WARNING: Unable to find an exact match for CDP version 103, so returning the closest version found: a no-op implementation
Jul 22, 2022 12:47:20 AM org.openqa.selenium.devtools.CdpVersionFinder findNearestMatch
INFO: Unable to find CDP implementation matching 103.
Jul 22, 2022 12:47:20 AM org.openqa.selenium.chromium.ChromiumDriver lambda$new$3
WARNING: Unable to find version of CDP to use for . You may need to include a dependency on a specific version of the CDP using something similar to `org.seleniumhq.selenium:selenium-devtools-v86:4.1.2` where the version ("v86") matches the version of the chromium-based browser you're using and the version number of the artifact is the same as Selenium's.
]]></system-err>
  </testcase>
  <testcase name="admin choose manage admin" classname="admin see detail manageadmin page" time="11.419">
    <system-out><![CDATA[
@manage
Scenario: admin choose manage admin                         &amp#27;[90m# src/test/resources/features/manageadmin.feature:16&amp#27;[0m
00:47:34.092 [main] INFO io.cucumber.core.plugin.SerenityReporter - Running feature from file:///D:/capstone%20projek/web%20testing/src/test/resources/features/manageadmin.feature
00:47:34.093 [main] INFO  - 
  _____   ___   ___   _____     ___   _____     _     ___   _____   ___   ___  
 |_   _| | __| / __| |_   _|   / __| |_   _|   /_\   | _ \ |_   _| | __| |   \ 
   | |   | _|  \__ \   | |     \__ \   | |    / _ \  |   /   | |   | _|  | |) |
   |_|   |___| |___/   |_|     |___/   |_|   /_/ \_\ |_|_\   |_|   |___| |___/ 

admin choose manage admin(admin-see-detail-manageadmin-page;admin-choose-manage-admin)
--------------------------------------------------------------------------------
00:47:34.101 [main] DEBUG net.thucydides.core.steps.StepInterceptor - STARTING STEP: LoginSteps.adminOnLoginPage - openPage
00:47:34.102 [main] INFO net.serenitybdd.core.webdriver.driverproviders.ChromeDriverProvider - Using automatically driver download
00:47:34.216 [main] DEBUG io.github.bonigarcia.wdm.cache.ResolutionCache - Resolution chrome=103 in cache (valid until 01:32:20 22/07/2022 WITA)
00:47:34.219 [main] DEBUG io.github.bonigarcia.wdm.cache.ResolutionCache - Resolution chrome103=103.0.5060.134 in cache (valid until 21:05:58 22/07/2022 WITA)
00:47:34.220 [main] INFO io.github.bonigarcia.wdm.WebDriverManager - Using chromedriver 103.0.5060.134 (resolved driver for Chrome 103)
00:47:34.231 [main] DEBUG io.github.bonigarcia.wdm.WebDriverManager - Driver chromedriver 103.0.5060.134 found in cache
00:47:34.232 [main] INFO io.github.bonigarcia.wdm.WebDriverManager - Exporting webdriver.chrome.driver as C:\Users\Rev\.cache\selenium\chromedriver\win32\103.0.5060.134\chromedriver.exe
00:47:34.354 [main] DEBUG net.serenitybdd.core.webdriver.driverproviders.ProvideNewDriver - Instantiating driver
00:47:34.354 [main] DEBUG net.serenitybdd.core.webdriver.driverproviders.ProvideNewDriver - Driver capabilities: Capabilities {acceptInsecureCerts: false, base.url: https://sportly.rafdev.my.id/, browserName: chrome, chrome.driver: webdriver/chromedriver.exe, driver: chrome, goog:chromeOptions: {args: [], extensions: []}}
00:47:34.731 [AsyncHttpClient-1-20] DEBUG org.asynchttpclient.netty.channel.NettyConnectListener - Using new Channel '[id: 0xa34a9f18, L:/127.0.0.1:49977 - R:localhost/127.0.0.1:50106]' for 'POST' to '/session'
00:47:35.002 [AsyncHttpClient-1-1] DEBUG org.asynchttpclient.netty.channel.DefaultChannelPool - Entry count for : http://localhost:62608 : 1
00:47:35.002 [AsyncHttpClient-1-1] DEBUG org.asynchttpclient.netty.channel.DefaultChannelPool - Adding Candidate expired Channel [id: 0x4f27f1e1, L:/127.0.0.1:49932 ! R:localhost/127.0.0.1:62608] isIdleTimeoutExpired=false isRemotelyClosed=true isTtlExpired=false
00:47:35.002 [AsyncHttpClient-1-1] DEBUG org.asynchttpclient.netty.channel.DefaultChannelPool - Closing Idle Channel [id: 0x4f27f1e1, L:/127.0.0.1:49932 ! R:localhost/127.0.0.1:62608]
00:47:35.002 [AsyncHttpClient-1-1] DEBUG org.asynchttpclient.netty.channel.DefaultChannelPool - Closed 1 connections out of 1 in 0 ms
00:47:35.673 [AsyncHttpClient-1-20] DEBUG org.asynchttpclient.netty.handler.HttpHandler - 

Request DefaultHttpRequest(decodeResult: success, version: HTTP/1.1)
POST /session HTTP/1.1
User-Agent: selenium/4.1.2 (java windows)
Content-Length: 581
Content-Type: application/json; charset=utf-8
host: localhost:50106
accept: */*

Response DefaultHttpResponse(decodeResult: success, version: HTTP/1.1)
HTTP/1.1 200 OK
Content-Type: application/json; charset=utf-8
cache-control: no-cache
content-length: 790

00:47:35.673 [AsyncHttpClient-1-20] DEBUG org.asynchttpclient.netty.channel.ChannelManager - Adding key: http://localhost:50106 for channel [id: 0xa34a9f18, L:/127.0.0.1:49977 - R:localhost/127.0.0.1:50106]
00:47:35.679 [AsyncHttpClient-1-21] DEBUG org.asynchttpclient.netty.channel.NettyConnectListener - Using new Channel '[id: 0x3d2bab81, L:/127.0.0.1:49984 - R:localhost/127.0.0.1:49978]' for 'GET' to '/json/version'
00:47:35.679 [AsyncHttpClient-1-21] DEBUG org.asynchttpclient.netty.handler.HttpHandler - 

Request DefaultFullHttpRequest(decodeResult: success, version: HTTP/1.1, content: EmptyByteBufBE)
GET /json/version HTTP/1.1
User-Agent: selenium/4.1.2 (java windows)
host: localhost:49978
accept: */*

Response DefaultHttpResponse(decodeResult: success, version: HTTP/1.1)
HTTP/1.1 200 OK
Content-Type: application/json; charset=UTF-8
content-length: 429

00:47:35.679 [AsyncHttpClient-1-21] DEBUG org.asynchttpclient.netty.channel.ChannelManager - Adding key: http://localhost:49978 for channel [id: 0x3d2bab81, L:/127.0.0.1:49984 - R:localhost/127.0.0.1:49978]
00:47:35.681 [AsyncHttpClient-1-22] DEBUG org.asynchttpclient.netty.channel.NettyConnectListener - Using new Channel '[id: 0x95e18250, L:/127.0.0.1:49985 - R:localhost/127.0.0.1:49978]' for 'GET' to '/devtools/browser/1500306e-75f7-4005-b5fe-c6d54c0ea957'
00:47:35.681 [AsyncHttpClient-1-22] DEBUG org.asynchttpclient.netty.handler.WebSocketHandler - 

Request DefaultFullHttpRequest(decodeResult: success, version: HTTP/1.1, content: EmptyByteBufBE)
GET /devtools/browser/1500306e-75f7-4005-b5fe-c6d54c0ea957 HTTP/1.1
upgrade: websocket
connection: upgrade
sec-websocket-key: XVZf6TwhURrFuF5HTUjLOA==
sec-websocket-version: 13
origin: http://localhost:49978
host: localhost:49978
accept: */*
user-agent: AHC/2.1

Response DefaultHttpResponse(decodeResult: success, version: HTTP/1.1)
HTTP/1.1 101 WebSocket Protocol Handshake
Upgrade: WebSocket
Connection: Upgrade
Sec-WebSocket-Accept: Y7nHZP5IEplMtwNnQEIy7obapnE=

00:47:35.684 [Forwarding setCurrentWindowSize on session d830a0067d2acc212fd107eb6da2ffbb to remote] DEBUG org.asynchttpclient.netty.request.NettyRequestSender - Using pooled Channel '[id: 0xa34a9f18, L:/127.0.0.1:49977 - R:localhost/127.0.0.1:50106]' for 'POST' to 'http://localhost:50106/session/d830a0067d2acc212fd107eb6da2ffbb/window/rect'
00:47:35.684 [Forwarding setCurrentWindowSize on session d830a0067d2acc212fd107eb6da2ffbb to remote] DEBUG org.asynchttpclient.netty.request.NettyRequestSender - Using open Channel [id: 0xa34a9f18, L:/127.0.0.1:49977 - R:localhost/127.0.0.1:50106] for POST '/session/d830a0067d2acc212fd107eb6da2ffbb/window/rect'
00:47:35.819 [AsyncHttpClient-1-20] DEBUG org.asynchttpclient.netty.handler.HttpHandler - 

Request DefaultHttpRequest(decodeResult: success, version: HTTP/1.1)
POST /session/d830a0067d2acc212fd107eb6da2ffbb/window/rect HTTP/1.1
User-Agent: selenium/4.1.2 (java windows)
Content-Length: 37
Content-Type: application/json; charset=utf-8
host: localhost:50106
accept: */*

Response DefaultHttpResponse(decodeResult: success, version: HTTP/1.1)
HTTP/1.1 200 OK
Content-Type: application/json; charset=utf-8
cache-control: no-cache
content-length: 52

00:47:35.820 [AsyncHttpClient-1-20] DEBUG org.asynchttpclient.netty.channel.ChannelManager - Adding key: http://localhost:50106 for channel [id: 0xa34a9f18, L:/127.0.0.1:49977 - R:localhost/127.0.0.1:50106]
00:47:35.821 [Forwarding setWindowPosition on session d830a0067d2acc212fd107eb6da2ffbb to remote] DEBUG org.asynchttpclient.netty.request.NettyRequestSender - Using pooled Channel '[id: 0xa34a9f18, L:/127.0.0.1:49977 - R:localhost/127.0.0.1:50106]' for 'POST' to 'http://localhost:50106/session/d830a0067d2acc212fd107eb6da2ffbb/window/rect'
00:47:35.821 [Forwarding setWindowPosition on session d830a0067d2acc212fd107eb6da2ffbb to remote] DEBUG org.asynchttpclient.netty.request.NettyRequestSender - Using open Channel [id: 0xa34a9f18, L:/127.0.0.1:49977 - R:localhost/127.0.0.1:50106] for POST '/session/d830a0067d2acc212fd107eb6da2ffbb/window/rect'
00:47:35.950 [AsyncHttpClient-1-20] DEBUG org.asynchttpclient.netty.handler.HttpHandler - 

Request DefaultHttpRequest(decodeResult: success, version: HTTP/1.1)
POST /session/d830a0067d2acc212fd107eb6da2ffbb/window/rect HTTP/1.1
User-Agent: selenium/4.1.2 (java windows)
Content-Length: 22
Content-Type: application/json; charset=utf-8
host: localhost:50106
accept: */*

Response DefaultHttpResponse(decodeResult: success, version: HTTP/1.1)
HTTP/1.1 200 OK
Content-Type: application/json; charset=utf-8
cache-control: no-cache
content-length: 50

00:47:35.950 [AsyncHttpClient-1-20] DEBUG org.asynchttpclient.netty.channel.ChannelManager - Adding key: http://localhost:50106 for channel [id: 0xa34a9f18, L:/127.0.0.1:49977 - R:localhost/127.0.0.1:50106]
00:47:35.950 [Forwarding get on session d830a0067d2acc212fd107eb6da2ffbb to remote] DEBUG org.asynchttpclient.netty.request.NettyRequestSender - Using pooled Channel '[id: 0xa34a9f18, L:/127.0.0.1:49977 - R:localhost/127.0.0.1:50106]' for 'POST' to 'http://localhost:50106/session/d830a0067d2acc212fd107eb6da2ffbb/url'
00:47:35.950 [Forwarding get on session d830a0067d2acc212fd107eb6da2ffbb to remote] DEBUG org.asynchttpclient.netty.request.NettyRequestSender - Using open Channel [id: 0xa34a9f18, L:/127.0.0.1:49977 - R:localhost/127.0.0.1:50106] for POST '/session/d830a0067d2acc212fd107eb6da2ffbb/url'
00:47:36.084 [AsyncHttpClient-1-1] DEBUG org.asynchttpclient.netty.channel.DefaultChannelPool - Entry count for : http://localhost:49978 : 1
00:47:37.185 [AsyncHttpClient-1-1] DEBUG org.asynchttpclient.netty.channel.DefaultChannelPool - Entry count for : http://localhost:49978 : 1
00:47:38.284 [AsyncHttpClient-1-1] DEBUG org.asynchttpclient.netty.channel.DefaultChannelPool - Entry count for : http://localhost:49978 : 1
00:47:38.380 [AsyncHttpClient-1-20] DEBUG org.asynchttpclient.netty.handler.HttpHandler - 

Request DefaultHttpRequest(decodeResult: success, version: HTTP/1.1)
POST /session/d830a0067d2acc212fd107eb6da2ffbb/url HTTP/1.1
User-Agent: selenium/4.1.2 (java windows)
Content-Length: 59
Content-Type: application/json; charset=utf-8
host: localhost:50106
accept: */*

Response DefaultHttpResponse(decodeResult: success, version: HTTP/1.1)
HTTP/1.1 200 OK
Content-Type: application/json; charset=utf-8
cache-control: no-cache
content-length: 14

00:47:38.380 [AsyncHttpClient-1-20] DEBUG org.asynchttpclient.netty.channel.ChannelManager - Adding key: http://localhost:50106 for channel [id: 0xa34a9f18, L:/127.0.0.1:49977 - R:localhost/127.0.0.1:50106]
00:47:38.381 [Forwarding setTimeout on session d830a0067d2acc212fd107eb6da2ffbb to remote] DEBUG org.asynchttpclient.netty.request.NettyRequestSender - Using pooled Channel '[id: 0xa34a9f18, L:/127.0.0.1:49977 - R:localhost/127.0.0.1:50106]' for 'POST' to 'http://localhost:50106/session/d830a0067d2acc212fd107eb6da2ffbb/timeouts'
00:47:38.381 [Forwarding setTimeout on session d830a0067d2acc212fd107eb6da2ffbb to remote] DEBUG org.asynchttpclient.netty.request.NettyRequestSender - Using open Channel [id: 0xa34a9f18, L:/127.0.0.1:49977 - R:localhost/127.0.0.1:50106] for POST '/session/d830a0067d2acc212fd107eb6da2ffbb/timeouts'
00:47:38.382 [AsyncHttpClient-1-20] DEBUG org.asynchttpclient.netty.handler.HttpHandler - 

Request DefaultHttpRequest(decodeResult: success, version: HTTP/1.1)
POST /session/d830a0067d2acc212fd107eb6da2ffbb/timeouts HTTP/1.1
User-Agent: selenium/4.1.2 (java windows)
Content-Length: 22
Content-Type: application/json; charset=utf-8
host: localhost:50106
accept: */*

Response DefaultHttpResponse(decodeResult: success, version: HTTP/1.1)
HTTP/1.1 200 OK
Content-Type: application/json; charset=utf-8
cache-control: no-cache
content-length: 14

00:47:38.382 [AsyncHttpClient-1-20] DEBUG org.asynchttpclient.netty.channel.ChannelManager - Adding key: http://localhost:50106 for channel [id: 0xa34a9f18, L:/127.0.0.1:49977 - R:localhost/127.0.0.1:50106]
00:47:38.384 [Forwarding getCurrentUrl on session d830a0067d2acc212fd107eb6da2ffbb to remote] DEBUG org.asynchttpclient.netty.request.NettyRequestSender - Using pooled Channel '[id: 0xa34a9f18, L:/127.0.0.1:49977 - R:localhost/127.0.0.1:50106]' for 'GET' to 'http://localhost:50106/session/d830a0067d2acc212fd107eb6da2ffbb/url'
00:47:38.384 [Forwarding getCurrentUrl on session d830a0067d2acc212fd107eb6da2ffbb to remote] DEBUG org.asynchttpclient.netty.request.NettyRequestSender - Using open Channel [id: 0xa34a9f18, L:/127.0.0.1:49977 - R:localhost/127.0.0.1:50106] for GET '/session/d830a0067d2acc212fd107eb6da2ffbb/url'
00:47:38.447 [AsyncHttpClient-1-20] DEBUG org.asynchttpclient.netty.handler.HttpHandler - 

Request DefaultFullHttpRequest(decodeResult: success, version: HTTP/1.1, content: EmptyByteBufBE)
GET /session/d830a0067d2acc212fd107eb6da2ffbb/url HTTP/1.1
User-Agent: selenium/4.1.2 (java windows)
Cache-Control: no-cache
Content-Type: application/json; charset=utf-8
host: localhost:50106
accept: */*

Response DefaultHttpResponse(decodeResult: success, version: HTTP/1.1)
HTTP/1.1 200 OK
Content-Type: application/json; charset=utf-8
cache-control: no-cache
content-length: 46

00:47:38.447 [AsyncHttpClient-1-20] DEBUG org.asynchttpclient.netty.channel.ChannelManager - Adding key: http://localhost:50106 for channel [id: 0xa34a9f18, L:/127.0.0.1:49977 - R:localhost/127.0.0.1:50106]
00:47:38.449 [Forwarding getCurrentUrl on session d830a0067d2acc212fd107eb6da2ffbb to remote] DEBUG org.asynchttpclient.netty.request.NettyRequestSender - Using pooled Channel '[id: 0xa34a9f18, L:/127.0.0.1:49977 - R:localhost/127.0.0.1:50106]' for 'GET' to 'http://localhost:50106/session/d830a0067d2acc212fd107eb6da2ffbb/url'
00:47:38.449 [Forwarding getCurrentUrl on session d830a0067d2acc212fd107eb6da2ffbb to remote] DEBUG org.asynchttpclient.netty.request.NettyRequestSender - Using open Channel [id: 0xa34a9f18, L:/127.0.0.1:49977 - R:localhost/127.0.0.1:50106] for GET '/session/d830a0067d2acc212fd107eb6da2ffbb/url'
00:47:38.483 [AsyncHttpClient-1-20] DEBUG org.asynchttpclient.netty.handler.HttpHandler - 

Request DefaultFullHttpRequest(decodeResult: success, version: HTTP/1.1, content: EmptyByteBufBE)
GET /session/d830a0067d2acc212fd107eb6da2ffbb/url HTTP/1.1
User-Agent: selenium/4.1.2 (java windows)
Cache-Control: no-cache
Content-Type: application/json; charset=utf-8
host: localhost:50106
accept: */*

Response DefaultHttpResponse(decodeResult: success, version: HTTP/1.1)
HTTP/1.1 200 OK
Content-Type: application/json; charset=utf-8
cache-control: no-cache
content-length: 46

00:47:38.483 [AsyncHttpClient-1-20] DEBUG org.asynchttpclient.netty.channel.ChannelManager - Adding key: http://localhost:50106 for channel [id: 0xa34a9f18, L:/127.0.0.1:49977 - R:localhost/127.0.0.1:50106]
00:47:38.487 [Forwarding screenshot on session d830a0067d2acc212fd107eb6da2ffbb to remote] DEBUG org.asynchttpclient.netty.request.NettyRequestSender - Using pooled Channel '[id: 0xa34a9f18, L:/127.0.0.1:49977 - R:localhost/127.0.0.1:50106]' for 'GET' to 'http://localhost:50106/session/d830a0067d2acc212fd107eb6da2ffbb/screenshot'
00:47:38.487 [Forwarding screenshot on session d830a0067d2acc212fd107eb6da2ffbb to remote] DEBUG org.asynchttpclient.netty.request.NettyRequestSender - Using open Channel [id: 0xa34a9f18, L:/127.0.0.1:49977 - R:localhost/127.0.0.1:50106] for GET '/session/d830a0067d2acc212fd107eb6da2ffbb/screenshot'
00:47:38.877 [AsyncHttpClient-1-20] DEBUG org.asynchttpclient.netty.handler.HttpHandler - 

Request DefaultFullHttpRequest(decodeResult: success, version: HTTP/1.1, content: EmptyByteBufBE)
GET /session/d830a0067d2acc212fd107eb6da2ffbb/screenshot HTTP/1.1
User-Agent: selenium/4.1.2 (java windows)
Cache-Control: no-cache
Content-Type: application/json; charset=utf-8
host: localhost:50106
accept: */*

Response DefaultHttpResponse(decodeResult: success, version: HTTP/1.1)
HTTP/1.1 200 OK
Content-Type: application/json; charset=utf-8
cache-control: no-cache
content-length: 575004

00:47:38.878 [AsyncHttpClient-1-20] DEBUG org.asynchttpclient.netty.channel.ChannelManager - Adding key: http://localhost:50106 for channel [id: 0xa34a9f18, L:/127.0.0.1:49977 - R:localhost/127.0.0.1:50106]
00:47:38.888 [main] DEBUG net.serenitybdd.core.photography.Darkroom - Send negative for processing for target\site\serenity\bdfb3257a55b5f729af578dfc1dc3a5762c89839bea5dc19984e34dd6640fee1.png
00:47:38.888 [main] DEBUG net.thucydides.core.steps.StepInterceptor - STEP DONE: openPage
00:47:38.893 [main] DEBUG net.thucydides.core.steps.StepInterceptor - STARTING STEP: LoginSteps.adminOnLoginPage - validateonLoginPage
00:47:38.894 [Forwarding findElement on session d830a0067d2acc212fd107eb6da2ffbb to remote] DEBUG org.asynchttpclient.netty.request.NettyRequestSender - Using pooled Channel '[id: 0xa34a9f18, L:/127.0.0.1:49977 - R:localhost/127.0.0.1:50106]' for 'POST' to 'http://localhost:50106/session/d830a0067d2acc212fd107eb6da2ffbb/element'
00:47:38.894 [Forwarding findElement on session d830a0067d2acc212fd107eb6da2ffbb to remote] DEBUG org.asynchttpclient.netty.request.NettyRequestSender - Using open Channel [id: 0xa34a9f18, L:/127.0.0.1:49977 - R:localhost/127.0.0.1:50106] for POST '/session/d830a0067d2acc212fd107eb6da2ffbb/element'
00:47:38.915 [AsyncHttpClient-1-20] DEBUG org.asynchttpclient.netty.handler.HttpHandler - 

Request DefaultHttpRequest(decodeResult: success, version: HTTP/1.1)
POST /session/d830a0067d2acc212fd107eb6da2ffbb/element HTTP/1.1
User-Agent: selenium/4.1.2 (java windows)
Content-Length: 71
Content-Type: application/json; charset=utf-8
host: localhost:50106
accept: */*

Response DefaultHttpResponse(decodeResult: success, version: HTTP/1.1)
HTTP/1.1 200 OK
Content-Type: application/json; charset=utf-8
cache-control: no-cache
content-length: 88

00:47:38.915 [AsyncHttpClient-1-20] DEBUG org.asynchttpclient.netty.channel.ChannelManager - Adding key: http://localhost:50106 for channel [id: 0xa34a9f18, L:/127.0.0.1:49977 - R:localhost/127.0.0.1:50106]
00:47:38.918 [Forwarding isElementDisplayed on session d830a0067d2acc212fd107eb6da2ffbb to remote] DEBUG org.asynchttpclient.netty.request.NettyRequestSender - Using pooled Channel '[id: 0xa34a9f18, L:/127.0.0.1:49977 - R:localhost/127.0.0.1:50106]' for 'POST' to 'http://localhost:50106/session/d830a0067d2acc212fd107eb6da2ffbb/execute/sync'
00:47:38.918 [Forwarding isElementDisplayed on session d830a0067d2acc212fd107eb6da2ffbb to remote] DEBUG org.asynchttpclient.netty.request.NettyRequestSender - Using open Channel [id: 0xa34a9f18, L:/127.0.0.1:49977 - R:localhost/127.0.0.1:50106] for POST '/session/d830a0067d2acc212fd107eb6da2ffbb/execute/sync'
00:47:38.936 [AsyncHttpClient-1-20] DEBUG org.asynchttpclient.netty.handler.HttpHandler - 

Request DefaultHttpRequest(decodeResult: success, version: HTTP/1.1)
POST /session/d830a0067d2acc212fd107eb6da2ffbb/execute/sync HTTP/1.1
User-Agent: selenium/4.1.2 (java windows)
Content-Length: 48780
Content-Type: application/json; charset=utf-8
host: localhost:50106
accept: */*

Response DefaultHttpResponse(decodeResult: success, version: HTTP/1.1)
HTTP/1.1 200 OK
Content-Type: application/json; charset=utf-8
cache-control: no-cache
content-length: 14

00:47:38.936 [AsyncHttpClient-1-20] DEBUG org.asynchttpclient.netty.channel.ChannelManager - Adding key: http://localhost:50106 for channel [id: 0xa34a9f18, L:/127.0.0.1:49977 - R:localhost/127.0.0.1:50106]
00:47:38.941 [Forwarding screenshot on session d830a0067d2acc212fd107eb6da2ffbb to remote] DEBUG org.asynchttpclient.netty.request.NettyRequestSender - Using pooled Channel '[id: 0xa34a9f18, L:/127.0.0.1:49977 - R:localhost/127.0.0.1:50106]' for 'GET' to 'http://localhost:50106/session/d830a0067d2acc212fd107eb6da2ffbb/screenshot'
00:47:38.941 [Forwarding screenshot on session d830a0067d2acc212fd107eb6da2ffbb to remote] DEBUG org.asynchttpclient.netty.request.NettyRequestSender - Using open Channel [id: 0xa34a9f18, L:/127.0.0.1:49977 - R:localhost/127.0.0.1:50106] for GET '/session/d830a0067d2acc212fd107eb6da2ffbb/screenshot'
00:47:39.224 [AsyncHttpClient-1-20] DEBUG org.asynchttpclient.netty.handler.HttpHandler - 

Request DefaultFullHttpRequest(decodeResult: success, version: HTTP/1.1, content: EmptyByteBufBE)
GET /session/d830a0067d2acc212fd107eb6da2ffbb/screenshot HTTP/1.1
User-Agent: selenium/4.1.2 (java windows)
Cache-Control: no-cache
Content-Type: application/json; charset=utf-8
host: localhost:50106
accept: */*

Response DefaultHttpResponse(decodeResult: success, version: HTTP/1.1)
HTTP/1.1 200 OK
Content-Type: application/json; charset=utf-8
cache-control: no-cache
content-length: 575004

00:47:39.224 [AsyncHttpClient-1-20] DEBUG org.asynchttpclient.netty.channel.ChannelManager - Adding key: http://localhost:50106 for channel [id: 0xa34a9f18, L:/127.0.0.1:49977 - R:localhost/127.0.0.1:50106]
00:47:39.234 [main] DEBUG net.serenitybdd.core.photography.Darkroom - Send negative for processing for target\site\serenity\bdfb3257a55b5f729af578dfc1dc3a5762c89839bea5dc19984e34dd6640fee1.png
00:47:39.234 [main] DEBUG net.thucydides.core.steps.StepInterceptor - STEP DONE: validateonLoginPage
  &amp#27;[32mGiven &amp#27;[0m&amp#27;[32madmin on login page&amp#27;[0m                                 &amp#27;[90m# starter.definitions.LoginSteps.adminOnLoginPage()&amp#27;[0m
00:47:39.246 [main] DEBUG net.thucydides.core.steps.StepInterceptor - STARTING STEP: LoginSteps.adminInputValidUssername - inputusername
00:47:39.248 [Forwarding findElement on session d830a0067d2acc212fd107eb6da2ffbb to remote] DEBUG org.asynchttpclient.netty.request.NettyRequestSender - Using pooled Channel '[id: 0xa34a9f18, L:/127.0.0.1:49977 - R:localhost/127.0.0.1:50106]' for 'POST' to 'http://localhost:50106/session/d830a0067d2acc212fd107eb6da2ffbb/element'
00:47:39.248 [Forwarding findElement on session d830a0067d2acc212fd107eb6da2ffbb to remote] DEBUG org.asynchttpclient.netty.request.NettyRequestSender - Using open Channel [id: 0xa34a9f18, L:/127.0.0.1:49977 - R:localhost/127.0.0.1:50106] for POST '/session/d830a0067d2acc212fd107eb6da2ffbb/element'
00:47:39.269 [AsyncHttpClient-1-20] DEBUG org.asynchttpclient.netty.handler.HttpHandler - 

Request DefaultHttpRequest(decodeResult: success, version: HTTP/1.1)
POST /session/d830a0067d2acc212fd107eb6da2ffbb/element HTTP/1.1
User-Agent: selenium/4.1.2 (java windows)
Content-Length: 92
Content-Type: application/json; charset=utf-8
host: localhost:50106
accept: */*

Response DefaultHttpResponse(decodeResult: success, version: HTTP/1.1)
HTTP/1.1 200 OK
Content-Type: application/json; charset=utf-8
cache-control: no-cache
content-length: 88

00:47:39.269 [AsyncHttpClient-1-20] DEBUG org.asynchttpclient.netty.channel.ChannelManager - Adding key: http://localhost:50106 for channel [id: 0xa34a9f18, L:/127.0.0.1:49977 - R:localhost/127.0.0.1:50106]
00:47:39.270 [Forwarding clearElement on session d830a0067d2acc212fd107eb6da2ffbb to remote] DEBUG org.asynchttpclient.netty.request.NettyRequestSender - Using pooled Channel '[id: 0xa34a9f18, L:/127.0.0.1:49977 - R:localhost/127.0.0.1:50106]' for 'POST' to 'http://localhost:50106/session/d830a0067d2acc212fd107eb6da2ffbb/element/6e81ea33-c640-43e9-9f95-dd53185e6bbf/clear'
00:47:39.270 [Forwarding clearElement on session d830a0067d2acc212fd107eb6da2ffbb to remote] DEBUG org.asynchttpclient.netty.request.NettyRequestSender - Using open Channel [id: 0xa34a9f18, L:/127.0.0.1:49977 - R:localhost/127.0.0.1:50106] for POST '/session/d830a0067d2acc212fd107eb6da2ffbb/element/6e81ea33-c640-43e9-9f95-dd53185e6bbf/clear'
00:47:39.319 [AsyncHttpClient-1-20] DEBUG org.asynchttpclient.netty.handler.HttpHandler - 

Request DefaultHttpRequest(decodeResult: success, version: HTTP/1.1)
POST /session/d830a0067d2acc212fd107eb6da2ffbb/element/6e81ea33-c640-43e9-9f95-dd53185e6bbf/clear HTTP/1.1
User-Agent: selenium/4.1.2 (java windows)
Content-Length: 50
Content-Type: application/json; charset=utf-8
host: localhost:50106
accept: */*

Response DefaultHttpResponse(decodeResult: success, version: HTTP/1.1)
HTTP/1.1 200 OK
Content-Type: application/json; charset=utf-8
cache-control: no-cache
content-length: 14

00:47:39.319 [AsyncHttpClient-1-20] DEBUG org.asynchttpclient.netty.channel.ChannelManager - Adding key: http://localhost:50106 for channel [id: 0xa34a9f18, L:/127.0.0.1:49977 - R:localhost/127.0.0.1:50106]
00:47:39.320 [Forwarding sendKeysToElement on session d830a0067d2acc212fd107eb6da2ffbb to remote] DEBUG org.asynchttpclient.netty.request.NettyRequestSender - Using pooled Channel '[id: 0xa34a9f18, L:/127.0.0.1:49977 - R:localhost/127.0.0.1:50106]' for 'POST' to 'http://localhost:50106/session/d830a0067d2acc212fd107eb6da2ffbb/element/6e81ea33-c640-43e9-9f95-dd53185e6bbf/value'
00:47:39.320 [Forwarding sendKeysToElement on session d830a0067d2acc212fd107eb6da2ffbb to remote] DEBUG org.asynchttpclient.netty.request.NettyRequestSender - Using open Channel [id: 0xa34a9f18, L:/127.0.0.1:49977 - R:localhost/127.0.0.1:50106] for POST '/session/d830a0067d2acc212fd107eb6da2ffbb/element/6e81ea33-c640-43e9-9f95-dd53185e6bbf/value'
00:47:39.397 [AsyncHttpClient-1-1] DEBUG org.asynchttpclient.netty.channel.DefaultChannelPool - Entry count for : http://localhost:49978 : 1
00:47:39.412 [AsyncHttpClient-1-20] DEBUG org.asynchttpclient.netty.handler.HttpHandler - 

Request DefaultHttpRequest(decodeResult: success, version: HTTP/1.1)
POST /session/d830a0067d2acc212fd107eb6da2ffbb/element/6e81ea33-c640-43e9-9f95-dd53185e6bbf/value HTTP/1.1
User-Agent: selenium/4.1.2 (java windows)
Content-Length: 151
Content-Type: application/json; charset=utf-8
host: localhost:50106
accept: */*

Response DefaultHttpResponse(decodeResult: success, version: HTTP/1.1)
HTTP/1.1 200 OK
Content-Type: application/json; charset=utf-8
cache-control: no-cache
content-length: 14

00:47:39.412 [AsyncHttpClient-1-20] DEBUG org.asynchttpclient.netty.channel.ChannelManager - Adding key: http://localhost:50106 for channel [id: 0xa34a9f18, L:/127.0.0.1:49977 - R:localhost/127.0.0.1:50106]
00:47:39.417 [Forwarding screenshot on session d830a0067d2acc212fd107eb6da2ffbb to remote] DEBUG org.asynchttpclient.netty.request.NettyRequestSender - Using pooled Channel '[id: 0xa34a9f18, L:/127.0.0.1:49977 - R:localhost/127.0.0.1:50106]' for 'GET' to 'http://localhost:50106/session/d830a0067d2acc212fd107eb6da2ffbb/screenshot'
00:47:39.417 [Forwarding screenshot on session d830a0067d2acc212fd107eb6da2ffbb to remote] DEBUG org.asynchttpclient.netty.request.NettyRequestSender - Using open Channel [id: 0xa34a9f18, L:/127.0.0.1:49977 - R:localhost/127.0.0.1:50106] for GET '/session/d830a0067d2acc212fd107eb6da2ffbb/screenshot'
00:47:39.710 [AsyncHttpClient-1-20] DEBUG org.asynchttpclient.netty.handler.HttpHandler - 

Request DefaultFullHttpRequest(decodeResult: success, version: HTTP/1.1, content: EmptyByteBufBE)
GET /session/d830a0067d2acc212fd107eb6da2ffbb/screenshot HTTP/1.1
User-Agent: selenium/4.1.2 (java windows)
Cache-Control: no-cache
Content-Type: application/json; charset=utf-8
host: localhost:50106
accept: */*

Response DefaultHttpResponse(decodeResult: success, version: HTTP/1.1)
HTTP/1.1 200 OK
Content-Type: application/json; charset=utf-8
cache-control: no-cache
content-length: 573184

00:47:39.711 [AsyncHttpClient-1-20] DEBUG org.asynchttpclient.netty.channel.ChannelManager - Adding key: http://localhost:50106 for channel [id: 0xa34a9f18, L:/127.0.0.1:49977 - R:localhost/127.0.0.1:50106]
00:47:39.721 [main] DEBUG net.serenitybdd.core.photography.Darkroom - Send negative for processing for target\site\serenity\f77c054aa6a666f419ab49e776fdfb7fc10c7c59289c58aa7b77a3e2461e450a.png
00:47:39.722 [main] DEBUG net.thucydides.core.steps.StepInterceptor - STEP DONE: inputusername
  &amp#27;[32mWhen &amp#27;[0m&amp#27;[32madmin input valid ussername&amp#27;[0m                          &amp#27;[90m# starter.definitions.LoginSteps.adminInputValidUssername()&amp#27;[0m
00:47:39.734 [main] DEBUG net.thucydides.core.steps.StepInterceptor - STARTING STEP: LoginSteps.adminInputValidPassword - inputPassword
00:47:39.735 [Forwarding findElement on session d830a0067d2acc212fd107eb6da2ffbb to remote] DEBUG org.asynchttpclient.netty.request.NettyRequestSender - Using pooled Channel '[id: 0xa34a9f18, L:/127.0.0.1:49977 - R:localhost/127.0.0.1:50106]' for 'POST' to 'http://localhost:50106/session/d830a0067d2acc212fd107eb6da2ffbb/element'
00:47:39.735 [Forwarding findElement on session d830a0067d2acc212fd107eb6da2ffbb to remote] DEBUG org.asynchttpclient.netty.request.NettyRequestSender - Using open Channel [id: 0xa34a9f18, L:/127.0.0.1:49977 - R:localhost/127.0.0.1:50106] for POST '/session/d830a0067d2acc212fd107eb6da2ffbb/element'
00:47:39.749 [AsyncHttpClient-1-20] DEBUG org.asynchttpclient.netty.handler.HttpHandler - 

Request DefaultHttpRequest(decodeResult: success, version: HTTP/1.1)
POST /session/d830a0067d2acc212fd107eb6da2ffbb/element HTTP/1.1
User-Agent: selenium/4.1.2 (java windows)
Content-Length: 92
Content-Type: application/json; charset=utf-8
host: localhost:50106
accept: */*

Response DefaultHttpResponse(decodeResult: success, version: HTTP/1.1)
HTTP/1.1 200 OK
Content-Type: application/json; charset=utf-8
cache-control: no-cache
content-length: 88

00:47:39.750 [AsyncHttpClient-1-20] DEBUG org.asynchttpclient.netty.channel.ChannelManager - Adding key: http://localhost:50106 for channel [id: 0xa34a9f18, L:/127.0.0.1:49977 - R:localhost/127.0.0.1:50106]
00:47:39.750 [Forwarding clearElement on session d830a0067d2acc212fd107eb6da2ffbb to remote] DEBUG org.asynchttpclient.netty.request.NettyRequestSender - Using pooled Channel '[id: 0xa34a9f18, L:/127.0.0.1:49977 - R:localhost/127.0.0.1:50106]' for 'POST' to 'http://localhost:50106/session/d830a0067d2acc212fd107eb6da2ffbb/element/0a22e387-3cf9-4bb3-a01d-f53d5e974cff/clear'
00:47:39.751 [Forwarding clearElement on session d830a0067d2acc212fd107eb6da2ffbb to remote] DEBUG org.asynchttpclient.netty.request.NettyRequestSender - Using open Channel [id: 0xa34a9f18, L:/127.0.0.1:49977 - R:localhost/127.0.0.1:50106] for POST '/session/d830a0067d2acc212fd107eb6da2ffbb/element/0a22e387-3cf9-4bb3-a01d-f53d5e974cff/clear'
00:47:39.802 [AsyncHttpClient-1-20] DEBUG org.asynchttpclient.netty.handler.HttpHandler - 

Request DefaultHttpRequest(decodeResult: success, version: HTTP/1.1)
POST /session/d830a0067d2acc212fd107eb6da2ffbb/element/0a22e387-3cf9-4bb3-a01d-f53d5e974cff/clear HTTP/1.1
User-Agent: selenium/4.1.2 (java windows)
Content-Length: 50
Content-Type: application/json; charset=utf-8
host: localhost:50106
accept: */*

Response DefaultHttpResponse(decodeResult: success, version: HTTP/1.1)
HTTP/1.1 200 OK
Content-Type: application/json; charset=utf-8
cache-control: no-cache
content-length: 14

00:47:39.802 [AsyncHttpClient-1-20] DEBUG org.asynchttpclient.netty.channel.ChannelManager - Adding key: http://localhost:50106 for channel [id: 0xa34a9f18, L:/127.0.0.1:49977 - R:localhost/127.0.0.1:50106]
00:47:39.803 [Forwarding sendKeysToElement on session d830a0067d2acc212fd107eb6da2ffbb to remote] DEBUG org.asynchttpclient.netty.request.NettyRequestSender - Using pooled Channel '[id: 0xa34a9f18, L:/127.0.0.1:49977 - R:localhost/127.0.0.1:50106]' for 'POST' to 'http://localhost:50106/session/d830a0067d2acc212fd107eb6da2ffbb/element/0a22e387-3cf9-4bb3-a01d-f53d5e974cff/value'
00:47:39.803 [Forwarding sendKeysToElement on session d830a0067d2acc212fd107eb6da2ffbb to remote] DEBUG org.asynchttpclient.netty.request.NettyRequestSender - Using open Channel [id: 0xa34a9f18, L:/127.0.0.1:49977 - R:localhost/127.0.0.1:50106] for POST '/session/d830a0067d2acc212fd107eb6da2ffbb/element/0a22e387-3cf9-4bb3-a01d-f53d5e974cff/value'
00:47:39.887 [AsyncHttpClient-1-20] DEBUG org.asynchttpclient.netty.handler.HttpHandler - 

Request DefaultHttpRequest(decodeResult: success, version: HTTP/1.1)
POST /session/d830a0067d2acc212fd107eb6da2ffbb/element/0a22e387-3cf9-4bb3-a01d-f53d5e974cff/value HTTP/1.1
User-Agent: selenium/4.1.2 (java windows)
Content-Length: 291
Content-Type: application/json; charset=utf-8
host: localhost:50106
accept: */*

Response DefaultHttpResponse(decodeResult: success, version: HTTP/1.1)
HTTP/1.1 200 OK
Content-Type: application/json; charset=utf-8
cache-control: no-cache
content-length: 14

00:47:39.887 [AsyncHttpClient-1-20] DEBUG org.asynchttpclient.netty.channel.ChannelManager - Adding key: http://localhost:50106 for channel [id: 0xa34a9f18, L:/127.0.0.1:49977 - R:localhost/127.0.0.1:50106]
00:47:39.892 [Forwarding screenshot on session d830a0067d2acc212fd107eb6da2ffbb to remote] DEBUG org.asynchttpclient.netty.request.NettyRequestSender - Using pooled Channel '[id: 0xa34a9f18, L:/127.0.0.1:49977 - R:localhost/127.0.0.1:50106]' for 'GET' to 'http://localhost:50106/session/d830a0067d2acc212fd107eb6da2ffbb/screenshot'
00:47:39.892 [Forwarding screenshot on session d830a0067d2acc212fd107eb6da2ffbb to remote] DEBUG org.asynchttpclient.netty.request.NettyRequestSender - Using open Channel [id: 0xa34a9f18, L:/127.0.0.1:49977 - R:localhost/127.0.0.1:50106] for GET '/session/d830a0067d2acc212fd107eb6da2ffbb/screenshot'
00:47:40.194 [AsyncHttpClient-1-20] DEBUG org.asynchttpclient.netty.handler.HttpHandler - 

Request DefaultFullHttpRequest(decodeResult: success, version: HTTP/1.1, content: EmptyByteBufBE)
GET /session/d830a0067d2acc212fd107eb6da2ffbb/screenshot HTTP/1.1
User-Agent: selenium/4.1.2 (java windows)
Cache-Control: no-cache
Content-Type: application/json; charset=utf-8
host: localhost:50106
accept: */*

Response DefaultHttpResponse(decodeResult: success, version: HTTP/1.1)
HTTP/1.1 200 OK
Content-Type: application/json; charset=utf-8
cache-control: no-cache
content-length: 569460

00:47:40.194 [AsyncHttpClient-1-20] DEBUG org.asynchttpclient.netty.channel.ChannelManager - Adding key: http://localhost:50106 for channel [id: 0xa34a9f18, L:/127.0.0.1:49977 - R:localhost/127.0.0.1:50106]
00:47:40.205 [main] DEBUG net.serenitybdd.core.photography.Darkroom - Send negative for processing for target\site\serenity\7121c7966e51ed0bee580053fa8354e56400a63fd65cbfa41529dc1e051e1e6a.png
00:47:40.205 [main] DEBUG net.thucydides.core.steps.StepInterceptor - STEP DONE: inputPassword
  &amp#27;[32mAnd &amp#27;[0m&amp#27;[32madmin input valid password&amp#27;[0m                            &amp#27;[90m# starter.definitions.LoginSteps.adminInputValidPassword()&amp#27;[0m
00:47:40.217 [main] DEBUG net.thucydides.core.steps.StepInterceptor - STARTING STEP: LoginSteps.clickLoginButton - clickloginButton
00:47:40.219 [Forwarding findElement on session d830a0067d2acc212fd107eb6da2ffbb to remote] DEBUG org.asynchttpclient.netty.request.NettyRequestSender - Using pooled Channel '[id: 0xa34a9f18, L:/127.0.0.1:49977 - R:localhost/127.0.0.1:50106]' for 'POST' to 'http://localhost:50106/session/d830a0067d2acc212fd107eb6da2ffbb/element'
00:47:40.220 [Forwarding findElement on session d830a0067d2acc212fd107eb6da2ffbb to remote] DEBUG org.asynchttpclient.netty.request.NettyRequestSender - Using open Channel [id: 0xa34a9f18, L:/127.0.0.1:49977 - R:localhost/127.0.0.1:50106] for POST '/session/d830a0067d2acc212fd107eb6da2ffbb/element'
00:47:40.232 [AsyncHttpClient-1-20] DEBUG org.asynchttpclient.netty.handler.HttpHandler - 

Request DefaultHttpRequest(decodeResult: success, version: HTTP/1.1)
POST /session/d830a0067d2acc212fd107eb6da2ffbb/element HTTP/1.1
User-Agent: selenium/4.1.2 (java windows)
Content-Length: 71
Content-Type: application/json; charset=utf-8
host: localhost:50106
accept: */*

Response DefaultHttpResponse(decodeResult: success, version: HTTP/1.1)
HTTP/1.1 200 OK
Content-Type: application/json; charset=utf-8
cache-control: no-cache
content-length: 88

00:47:40.233 [AsyncHttpClient-1-20] DEBUG org.asynchttpclient.netty.channel.ChannelManager - Adding key: http://localhost:50106 for channel [id: 0xa34a9f18, L:/127.0.0.1:49977 - R:localhost/127.0.0.1:50106]
00:47:40.234 [Forwarding getElementTagName on session d830a0067d2acc212fd107eb6da2ffbb to remote] DEBUG org.asynchttpclient.netty.request.NettyRequestSender - Using pooled Channel '[id: 0xa34a9f18, L:/127.0.0.1:49977 - R:localhost/127.0.0.1:50106]' for 'GET' to 'http://localhost:50106/session/d830a0067d2acc212fd107eb6da2ffbb/element/0a60bd90-62ba-4af0-8c67-403432e5da60/name'
00:47:40.234 [Forwarding getElementTagName on session d830a0067d2acc212fd107eb6da2ffbb to remote] DEBUG org.asynchttpclient.netty.request.NettyRequestSender - Using open Channel [id: 0xa34a9f18, L:/127.0.0.1:49977 - R:localhost/127.0.0.1:50106] for GET '/session/d830a0067d2acc212fd107eb6da2ffbb/element/0a60bd90-62ba-4af0-8c67-403432e5da60/name'
00:47:40.244 [AsyncHttpClient-1-20] DEBUG org.asynchttpclient.netty.handler.HttpHandler - 

Request DefaultFullHttpRequest(decodeResult: success, version: HTTP/1.1, content: EmptyByteBufBE)
GET /session/d830a0067d2acc212fd107eb6da2ffbb/element/0a60bd90-62ba-4af0-8c67-403432e5da60/name HTTP/1.1
User-Agent: selenium/4.1.2 (java windows)
Cache-Control: no-cache
Content-Type: application/json; charset=utf-8
host: localhost:50106
accept: */*

Response DefaultHttpResponse(decodeResult: success, version: HTTP/1.1)
HTTP/1.1 200 OK
Content-Type: application/json; charset=utf-8
cache-control: no-cache
content-length: 18

00:47:40.244 [AsyncHttpClient-1-20] DEBUG org.asynchttpclient.netty.channel.ChannelManager - Adding key: http://localhost:50106 for channel [id: 0xa34a9f18, L:/127.0.0.1:49977 - R:localhost/127.0.0.1:50106]
00:47:40.245 [Forwarding getElementTagName on session d830a0067d2acc212fd107eb6da2ffbb to remote] DEBUG org.asynchttpclient.netty.request.NettyRequestSender - Using pooled Channel '[id: 0xa34a9f18, L:/127.0.0.1:49977 - R:localhost/127.0.0.1:50106]' for 'GET' to 'http://localhost:50106/session/d830a0067d2acc212fd107eb6da2ffbb/element/0a60bd90-62ba-4af0-8c67-403432e5da60/name'
00:47:40.245 [Forwarding getElementTagName on session d830a0067d2acc212fd107eb6da2ffbb to remote] DEBUG org.asynchttpclient.netty.request.NettyRequestSender - Using open Channel [id: 0xa34a9f18, L:/127.0.0.1:49977 - R:localhost/127.0.0.1:50106] for GET '/session/d830a0067d2acc212fd107eb6da2ffbb/element/0a60bd90-62ba-4af0-8c67-403432e5da60/name'
00:47:40.253 [AsyncHttpClient-1-20] DEBUG org.asynchttpclient.netty.handler.HttpHandler - 

Request DefaultFullHttpRequest(decodeResult: success, version: HTTP/1.1, content: EmptyByteBufBE)
GET /session/d830a0067d2acc212fd107eb6da2ffbb/element/0a60bd90-62ba-4af0-8c67-403432e5da60/name HTTP/1.1
User-Agent: selenium/4.1.2 (java windows)
Cache-Control: no-cache
Content-Type: application/json; charset=utf-8
host: localhost:50106
accept: */*

Response DefaultHttpResponse(decodeResult: success, version: HTTP/1.1)
HTTP/1.1 200 OK
Content-Type: application/json; charset=utf-8
cache-control: no-cache
content-length: 18

00:47:40.253 [AsyncHttpClient-1-20] DEBUG org.asynchttpclient.netty.channel.ChannelManager - Adding key: http://localhost:50106 for channel [id: 0xa34a9f18, L:/127.0.0.1:49977 - R:localhost/127.0.0.1:50106]
00:47:40.255 [Forwarding isElementEnabled on session d830a0067d2acc212fd107eb6da2ffbb to remote] DEBUG org.asynchttpclient.netty.request.NettyRequestSender - Using pooled Channel '[id: 0xa34a9f18, L:/127.0.0.1:49977 - R:localhost/127.0.0.1:50106]' for 'GET' to 'http://localhost:50106/session/d830a0067d2acc212fd107eb6da2ffbb/element/0a60bd90-62ba-4af0-8c67-403432e5da60/enabled'
00:47:40.255 [Forwarding isElementEnabled on session d830a0067d2acc212fd107eb6da2ffbb to remote] DEBUG org.asynchttpclient.netty.request.NettyRequestSender - Using open Channel [id: 0xa34a9f18, L:/127.0.0.1:49977 - R:localhost/127.0.0.1:50106] for GET '/session/d830a0067d2acc212fd107eb6da2ffbb/element/0a60bd90-62ba-4af0-8c67-403432e5da60/enabled'
00:47:40.274 [AsyncHttpClient-1-20] DEBUG org.asynchttpclient.netty.handler.HttpHandler - 

Request DefaultFullHttpRequest(decodeResult: success, version: HTTP/1.1, content: EmptyByteBufBE)
GET /session/d830a0067d2acc212fd107eb6da2ffbb/element/0a60bd90-62ba-4af0-8c67-403432e5da60/enabled HTTP/1.1
User-Agent: selenium/4.1.2 (java windows)
Cache-Control: no-cache
Content-Type: application/json; charset=utf-8
host: localhost:50106
accept: */*

Response DefaultHttpResponse(decodeResult: success, version: HTTP/1.1)
HTTP/1.1 200 OK
Content-Type: application/json; charset=utf-8
cache-control: no-cache
content-length: 14

00:47:40.274 [AsyncHttpClient-1-20] DEBUG org.asynchttpclient.netty.channel.ChannelManager - Adding key: http://localhost:50106 for channel [id: 0xa34a9f18, L:/127.0.0.1:49977 - R:localhost/127.0.0.1:50106]
00:47:40.275 [Forwarding isElementEnabled on session d830a0067d2acc212fd107eb6da2ffbb to remote] DEBUG org.asynchttpclient.netty.request.NettyRequestSender - Using pooled Channel '[id: 0xa34a9f18, L:/127.0.0.1:49977 - R:localhost/127.0.0.1:50106]' for 'GET' to 'http://localhost:50106/session/d830a0067d2acc212fd107eb6da2ffbb/element/0a60bd90-62ba-4af0-8c67-403432e5da60/enabled'
00:47:40.275 [Forwarding isElementEnabled on session d830a0067d2acc212fd107eb6da2ffbb to remote] DEBUG org.asynchttpclient.netty.request.NettyRequestSender - Using open Channel [id: 0xa34a9f18, L:/127.0.0.1:49977 - R:localhost/127.0.0.1:50106] for GET '/session/d830a0067d2acc212fd107eb6da2ffbb/element/0a60bd90-62ba-4af0-8c67-403432e5da60/enabled'
00:47:40.284 [AsyncHttpClient-1-20] DEBUG org.asynchttpclient.netty.handler.HttpHandler - 

Request DefaultFullHttpRequest(decodeResult: success, version: HTTP/1.1, content: EmptyByteBufBE)
GET /session/d830a0067d2acc212fd107eb6da2ffbb/element/0a60bd90-62ba-4af0-8c67-403432e5da60/enabled HTTP/1.1
User-Agent: selenium/4.1.2 (java windows)
Cache-Control: no-cache
Content-Type: application/json; charset=utf-8
host: localhost:50106
accept: */*

Response DefaultHttpResponse(decodeResult: success, version: HTTP/1.1)
HTTP/1.1 200 OK
Content-Type: application/json; charset=utf-8
cache-control: no-cache
content-length: 14

00:47:40.284 [AsyncHttpClient-1-20] DEBUG org.asynchttpclient.netty.channel.ChannelManager - Adding key: http://localhost:50106 for channel [id: 0xa34a9f18, L:/127.0.0.1:49977 - R:localhost/127.0.0.1:50106]
00:47:40.286 [Forwarding findElement on session d830a0067d2acc212fd107eb6da2ffbb to remote] DEBUG org.asynchttpclient.netty.request.NettyRequestSender - Using pooled Channel '[id: 0xa34a9f18, L:/127.0.0.1:49977 - R:localhost/127.0.0.1:50106]' for 'POST' to 'http://localhost:50106/session/d830a0067d2acc212fd107eb6da2ffbb/element'
00:47:40.286 [Forwarding findElement on session d830a0067d2acc212fd107eb6da2ffbb to remote] DEBUG org.asynchttpclient.netty.request.NettyRequestSender - Using open Channel [id: 0xa34a9f18, L:/127.0.0.1:49977 - R:localhost/127.0.0.1:50106] for POST '/session/d830a0067d2acc212fd107eb6da2ffbb/element'
00:47:40.299 [AsyncHttpClient-1-20] DEBUG org.asynchttpclient.netty.handler.HttpHandler - 

Request DefaultHttpRequest(decodeResult: success, version: HTTP/1.1)
POST /session/d830a0067d2acc212fd107eb6da2ffbb/element HTTP/1.1
User-Agent: selenium/4.1.2 (java windows)
Content-Length: 71
Content-Type: application/json; charset=utf-8
host: localhost:50106
accept: */*

Response DefaultHttpResponse(decodeResult: success, version: HTTP/1.1)
HTTP/1.1 200 OK
Content-Type: application/json; charset=utf-8
cache-control: no-cache
content-length: 88

00:47:40.299 [AsyncHttpClient-1-20] DEBUG org.asynchttpclient.netty.channel.ChannelManager - Adding key: http://localhost:50106 for channel [id: 0xa34a9f18, L:/127.0.0.1:49977 - R:localhost/127.0.0.1:50106]
00:47:40.301 [Forwarding clickElement on session d830a0067d2acc212fd107eb6da2ffbb to remote] DEBUG org.asynchttpclient.netty.request.NettyRequestSender - Using pooled Channel '[id: 0xa34a9f18, L:/127.0.0.1:49977 - R:localhost/127.0.0.1:50106]' for 'POST' to 'http://localhost:50106/session/d830a0067d2acc212fd107eb6da2ffbb/element/0a60bd90-62ba-4af0-8c67-403432e5da60/click'
00:47:40.301 [Forwarding clickElement on session d830a0067d2acc212fd107eb6da2ffbb to remote] DEBUG org.asynchttpclient.netty.request.NettyRequestSender - Using open Channel [id: 0xa34a9f18, L:/127.0.0.1:49977 - R:localhost/127.0.0.1:50106] for POST '/session/d830a0067d2acc212fd107eb6da2ffbb/element/0a60bd90-62ba-4af0-8c67-403432e5da60/click'
00:47:40.360 [AsyncHttpClient-1-20] DEBUG org.asynchttpclient.netty.handler.HttpHandler - 

Request DefaultHttpRequest(decodeResult: success, version: HTTP/1.1)
POST /session/d830a0067d2acc212fd107eb6da2ffbb/element/0a60bd90-62ba-4af0-8c67-403432e5da60/click HTTP/1.1
User-Agent: selenium/4.1.2 (java windows)
Content-Length: 50
Content-Type: application/json; charset=utf-8
host: localhost:50106
accept: */*

Response DefaultHttpResponse(decodeResult: success, version: HTTP/1.1)
HTTP/1.1 200 OK
Content-Type: application/json; charset=utf-8
cache-control: no-cache
content-length: 14

00:47:40.360 [AsyncHttpClient-1-20] DEBUG org.asynchttpclient.netty.channel.ChannelManager - Adding key: http://localhost:50106 for channel [id: 0xa34a9f18, L:/127.0.0.1:49977 - R:localhost/127.0.0.1:50106]
00:47:40.365 [Forwarding screenshot on session d830a0067d2acc212fd107eb6da2ffbb to remote] DEBUG org.asynchttpclient.netty.request.NettyRequestSender - Using pooled Channel '[id: 0xa34a9f18, L:/127.0.0.1:49977 - R:localhost/127.0.0.1:50106]' for 'GET' to 'http://localhost:50106/session/d830a0067d2acc212fd107eb6da2ffbb/screenshot'
00:47:40.365 [Forwarding screenshot on session d830a0067d2acc212fd107eb6da2ffbb to remote] DEBUG org.asynchttpclient.netty.request.NettyRequestSender - Using open Channel [id: 0xa34a9f18, L:/127.0.0.1:49977 - R:localhost/127.0.0.1:50106] for GET '/session/d830a0067d2acc212fd107eb6da2ffbb/screenshot'
00:47:40.487 [AsyncHttpClient-1-1] DEBUG org.asynchttpclient.netty.channel.DefaultChannelPool - Entry count for : http://localhost:49978 : 1
00:47:40.769 [AsyncHttpClient-1-20] DEBUG org.asynchttpclient.netty.handler.HttpHandler - 

Request DefaultFullHttpRequest(decodeResult: success, version: HTTP/1.1, content: EmptyByteBufBE)
GET /session/d830a0067d2acc212fd107eb6da2ffbb/screenshot HTTP/1.1
User-Agent: selenium/4.1.2 (java windows)
Cache-Control: no-cache
Content-Type: application/json; charset=utf-8
host: localhost:50106
accept: */*

Response DefaultHttpResponse(decodeResult: success, version: HTTP/1.1)
HTTP/1.1 200 OK
Content-Type: application/json; charset=utf-8
cache-control: no-cache
content-length: 575004

00:47:40.769 [AsyncHttpClient-1-20] DEBUG org.asynchttpclient.netty.channel.ChannelManager - Adding key: http://localhost:50106 for channel [id: 0xa34a9f18, L:/127.0.0.1:49977 - R:localhost/127.0.0.1:50106]
00:47:40.780 [main] DEBUG net.serenitybdd.core.photography.Darkroom - Send negative for processing for target\site\serenity\bdfb3257a55b5f729af578dfc1dc3a5762c89839bea5dc19984e34dd6640fee1.png
00:47:40.780 [main] DEBUG net.thucydides.core.steps.StepInterceptor - STEP DONE: clickloginButton
  &amp#27;[32mAnd &amp#27;[0m&amp#27;[32mclick login button&amp#27;[0m                                    &amp#27;[90m# starter.definitions.LoginSteps.clickLoginButton()&amp#27;[0m
00:47:40.793 [main] DEBUG net.thucydides.core.steps.StepInterceptor - STARTING STEP: LoginSteps.clickSucsessLogin - sucseslogin
00:47:40.795 [Forwarding findElement on session d830a0067d2acc212fd107eb6da2ffbb to remote] DEBUG org.asynchttpclient.netty.request.NettyRequestSender - Using pooled Channel '[id: 0xa34a9f18, L:/127.0.0.1:49977 - R:localhost/127.0.0.1:50106]' for 'POST' to 'http://localhost:50106/session/d830a0067d2acc212fd107eb6da2ffbb/element'
00:47:40.795 [Forwarding findElement on session d830a0067d2acc212fd107eb6da2ffbb to remote] DEBUG org.asynchttpclient.netty.request.NettyRequestSender - Using open Channel [id: 0xa34a9f18, L:/127.0.0.1:49977 - R:localhost/127.0.0.1:50106] for POST '/session/d830a0067d2acc212fd107eb6da2ffbb/element'
00:47:40.856 [AsyncHttpClient-1-20] DEBUG org.asynchttpclient.netty.handler.HttpHandler - 

Request DefaultHttpRequest(decodeResult: success, version: HTTP/1.1)
POST /session/d830a0067d2acc212fd107eb6da2ffbb/element HTTP/1.1
User-Agent: selenium/4.1.2 (java windows)
Content-Length: 79
Content-Type: application/json; charset=utf-8
host: localhost:50106
accept: */*

Response DefaultHttpResponse(decodeResult: success, version: HTTP/1.1)
HTTP/1.1 200 OK
Content-Type: application/json; charset=utf-8
cache-control: no-cache
content-length: 88

00:47:40.856 [AsyncHttpClient-1-20] DEBUG org.asynchttpclient.netty.channel.ChannelManager - Adding key: http://localhost:50106 for channel [id: 0xa34a9f18, L:/127.0.0.1:49977 - R:localhost/127.0.0.1:50106]
00:47:40.858 [Forwarding getElementTagName on session d830a0067d2acc212fd107eb6da2ffbb to remote] DEBUG org.asynchttpclient.netty.request.NettyRequestSender - Using pooled Channel '[id: 0xa34a9f18, L:/127.0.0.1:49977 - R:localhost/127.0.0.1:50106]' for 'GET' to 'http://localhost:50106/session/d830a0067d2acc212fd107eb6da2ffbb/element/4d88d282-ccb6-41d8-9106-4fc30cc92da6/name'
00:47:40.858 [Forwarding getElementTagName on session d830a0067d2acc212fd107eb6da2ffbb to remote] DEBUG org.asynchttpclient.netty.request.NettyRequestSender - Using open Channel [id: 0xa34a9f18, L:/127.0.0.1:49977 - R:localhost/127.0.0.1:50106] for GET '/session/d830a0067d2acc212fd107eb6da2ffbb/element/4d88d282-ccb6-41d8-9106-4fc30cc92da6/name'
00:47:40.879 [AsyncHttpClient-1-20] DEBUG org.asynchttpclient.netty.handler.HttpHandler - 

Request DefaultFullHttpRequest(decodeResult: success, version: HTTP/1.1, content: EmptyByteBufBE)
GET /session/d830a0067d2acc212fd107eb6da2ffbb/element/4d88d282-ccb6-41d8-9106-4fc30cc92da6/name HTTP/1.1
User-Agent: selenium/4.1.2 (java windows)
Cache-Control: no-cache
Content-Type: application/json; charset=utf-8
host: localhost:50106
accept: */*

Response DefaultHttpResponse(decodeResult: success, version: HTTP/1.1)
HTTP/1.1 200 OK
Content-Type: application/json; charset=utf-8
cache-control: no-cache
content-length: 18

00:47:40.879 [AsyncHttpClient-1-20] DEBUG org.asynchttpclient.netty.channel.ChannelManager - Adding key: http://localhost:50106 for channel [id: 0xa34a9f18, L:/127.0.0.1:49977 - R:localhost/127.0.0.1:50106]
00:47:40.880 [Forwarding getElementTagName on session d830a0067d2acc212fd107eb6da2ffbb to remote] DEBUG org.asynchttpclient.netty.request.NettyRequestSender - Using pooled Channel '[id: 0xa34a9f18, L:/127.0.0.1:49977 - R:localhost/127.0.0.1:50106]' for 'GET' to 'http://localhost:50106/session/d830a0067d2acc212fd107eb6da2ffbb/element/4d88d282-ccb6-41d8-9106-4fc30cc92da6/name'
00:47:40.880 [Forwarding getElementTagName on session d830a0067d2acc212fd107eb6da2ffbb to remote] DEBUG org.asynchttpclient.netty.request.NettyRequestSender - Using open Channel [id: 0xa34a9f18, L:/127.0.0.1:49977 - R:localhost/127.0.0.1:50106] for GET '/session/d830a0067d2acc212fd107eb6da2ffbb/element/4d88d282-ccb6-41d8-9106-4fc30cc92da6/name'
00:47:40.892 [AsyncHttpClient-1-20] DEBUG org.asynchttpclient.netty.handler.HttpHandler - 

Request DefaultFullHttpRequest(decodeResult: success, version: HTTP/1.1, content: EmptyByteBufBE)
GET /session/d830a0067d2acc212fd107eb6da2ffbb/element/4d88d282-ccb6-41d8-9106-4fc30cc92da6/name HTTP/1.1
User-Agent: selenium/4.1.2 (java windows)
Cache-Control: no-cache
Content-Type: application/json; charset=utf-8
host: localhost:50106
accept: */*

Response DefaultHttpResponse(decodeResult: success, version: HTTP/1.1)
HTTP/1.1 200 OK
Content-Type: application/json; charset=utf-8
cache-control: no-cache
content-length: 18

00:47:40.892 [AsyncHttpClient-1-20] DEBUG org.asynchttpclient.netty.channel.ChannelManager - Adding key: http://localhost:50106 for channel [id: 0xa34a9f18, L:/127.0.0.1:49977 - R:localhost/127.0.0.1:50106]
00:47:40.893 [Forwarding isElementEnabled on session d830a0067d2acc212fd107eb6da2ffbb to remote] DEBUG org.asynchttpclient.netty.request.NettyRequestSender - Using pooled Channel '[id: 0xa34a9f18, L:/127.0.0.1:49977 - R:localhost/127.0.0.1:50106]' for 'GET' to 'http://localhost:50106/session/d830a0067d2acc212fd107eb6da2ffbb/element/4d88d282-ccb6-41d8-9106-4fc30cc92da6/enabled'
00:47:40.894 [Forwarding isElementEnabled on session d830a0067d2acc212fd107eb6da2ffbb to remote] DEBUG org.asynchttpclient.netty.request.NettyRequestSender - Using open Channel [id: 0xa34a9f18, L:/127.0.0.1:49977 - R:localhost/127.0.0.1:50106] for GET '/session/d830a0067d2acc212fd107eb6da2ffbb/element/4d88d282-ccb6-41d8-9106-4fc30cc92da6/enabled'
00:47:40.910 [AsyncHttpClient-1-20] DEBUG org.asynchttpclient.netty.handler.HttpHandler - 

Request DefaultFullHttpRequest(decodeResult: success, version: HTTP/1.1, content: EmptyByteBufBE)
GET /session/d830a0067d2acc212fd107eb6da2ffbb/element/4d88d282-ccb6-41d8-9106-4fc30cc92da6/enabled HTTP/1.1
User-Agent: selenium/4.1.2 (java windows)
Cache-Control: no-cache
Content-Type: application/json; charset=utf-8
host: localhost:50106
accept: */*

Response DefaultHttpResponse(decodeResult: success, version: HTTP/1.1)
HTTP/1.1 200 OK
Content-Type: application/json; charset=utf-8
cache-control: no-cache
content-length: 14

00:47:40.910 [AsyncHttpClient-1-20] DEBUG org.asynchttpclient.netty.channel.ChannelManager - Adding key: http://localhost:50106 for channel [id: 0xa34a9f18, L:/127.0.0.1:49977 - R:localhost/127.0.0.1:50106]
00:47:40.911 [Forwarding isElementEnabled on session d830a0067d2acc212fd107eb6da2ffbb to remote] DEBUG org.asynchttpclient.netty.request.NettyRequestSender - Using pooled Channel '[id: 0xa34a9f18, L:/127.0.0.1:49977 - R:localhost/127.0.0.1:50106]' for 'GET' to 'http://localhost:50106/session/d830a0067d2acc212fd107eb6da2ffbb/element/4d88d282-ccb6-41d8-9106-4fc30cc92da6/enabled'
00:47:40.911 [Forwarding isElementEnabled on session d830a0067d2acc212fd107eb6da2ffbb to remote] DEBUG org.asynchttpclient.netty.request.NettyRequestSender - Using open Channel [id: 0xa34a9f18, L:/127.0.0.1:49977 - R:localhost/127.0.0.1:50106] for GET '/session/d830a0067d2acc212fd107eb6da2ffbb/element/4d88d282-ccb6-41d8-9106-4fc30cc92da6/enabled'
00:47:40.951 [AsyncHttpClient-1-20] DEBUG org.asynchttpclient.netty.handler.HttpHandler - 

Request DefaultFullHttpRequest(decodeResult: success, version: HTTP/1.1, content: EmptyByteBufBE)
GET /session/d830a0067d2acc212fd107eb6da2ffbb/element/4d88d282-ccb6-41d8-9106-4fc30cc92da6/enabled HTTP/1.1
User-Agent: selenium/4.1.2 (java windows)
Cache-Control: no-cache
Content-Type: application/json; charset=utf-8
host: localhost:50106
accept: */*

Response DefaultHttpResponse(decodeResult: success, version: HTTP/1.1)
HTTP/1.1 200 OK
Content-Type: application/json; charset=utf-8
cache-control: no-cache
content-length: 14

00:47:40.951 [AsyncHttpClient-1-20] DEBUG org.asynchttpclient.netty.channel.ChannelManager - Adding key: http://localhost:50106 for channel [id: 0xa34a9f18, L:/127.0.0.1:49977 - R:localhost/127.0.0.1:50106]
00:47:40.953 [Forwarding findElement on session d830a0067d2acc212fd107eb6da2ffbb to remote] DEBUG org.asynchttpclient.netty.request.NettyRequestSender - Using pooled Channel '[id: 0xa34a9f18, L:/127.0.0.1:49977 - R:localhost/127.0.0.1:50106]' for 'POST' to 'http://localhost:50106/session/d830a0067d2acc212fd107eb6da2ffbb/element'
00:47:40.953 [Forwarding findElement on session d830a0067d2acc212fd107eb6da2ffbb to remote] DEBUG org.asynchttpclient.netty.request.NettyRequestSender - Using open Channel [id: 0xa34a9f18, L:/127.0.0.1:49977 - R:localhost/127.0.0.1:50106] for POST '/session/d830a0067d2acc212fd107eb6da2ffbb/element'
00:47:40.966 [AsyncHttpClient-1-20] DEBUG org.asynchttpclient.netty.handler.HttpHandler - 

Request DefaultHttpRequest(decodeResult: success, version: HTTP/1.1)
POST /session/d830a0067d2acc212fd107eb6da2ffbb/element HTTP/1.1
User-Agent: selenium/4.1.2 (java windows)
Content-Length: 79
Content-Type: application/json; charset=utf-8
host: localhost:50106
accept: */*

Response DefaultHttpResponse(decodeResult: success, version: HTTP/1.1)
HTTP/1.1 200 OK
Content-Type: application/json; charset=utf-8
cache-control: no-cache
content-length: 88

00:47:40.966 [AsyncHttpClient-1-20] DEBUG org.asynchttpclient.netty.channel.ChannelManager - Adding key: http://localhost:50106 for channel [id: 0xa34a9f18, L:/127.0.0.1:49977 - R:localhost/127.0.0.1:50106]
00:47:40.967 [Forwarding clickElement on session d830a0067d2acc212fd107eb6da2ffbb to remote] DEBUG org.asynchttpclient.netty.request.NettyRequestSender - Using pooled Channel '[id: 0xa34a9f18, L:/127.0.0.1:49977 - R:localhost/127.0.0.1:50106]' for 'POST' to 'http://localhost:50106/session/d830a0067d2acc212fd107eb6da2ffbb/element/4d88d282-ccb6-41d8-9106-4fc30cc92da6/click'
00:47:40.967 [Forwarding clickElement on session d830a0067d2acc212fd107eb6da2ffbb to remote] DEBUG org.asynchttpclient.netty.request.NettyRequestSender - Using open Channel [id: 0xa34a9f18, L:/127.0.0.1:49977 - R:localhost/127.0.0.1:50106] for POST '/session/d830a0067d2acc212fd107eb6da2ffbb/element/4d88d282-ccb6-41d8-9106-4fc30cc92da6/click'
00:47:41.017 [AsyncHttpClient-1-20] DEBUG org.asynchttpclient.netty.handler.HttpHandler - 

Request DefaultHttpRequest(decodeResult: success, version: HTTP/1.1)
POST /session/d830a0067d2acc212fd107eb6da2ffbb/element/4d88d282-ccb6-41d8-9106-4fc30cc92da6/click HTTP/1.1
User-Agent: selenium/4.1.2 (java windows)
Content-Length: 50
Content-Type: application/json; charset=utf-8
host: localhost:50106
accept: */*

Response DefaultHttpResponse(decodeResult: success, version: HTTP/1.1)
HTTP/1.1 200 OK
Content-Type: application/json; charset=utf-8
cache-control: no-cache
content-length: 14

00:47:41.018 [AsyncHttpClient-1-20] DEBUG org.asynchttpclient.netty.channel.ChannelManager - Adding key: http://localhost:50106 for channel [id: 0xa34a9f18, L:/127.0.0.1:49977 - R:localhost/127.0.0.1:50106]
00:47:41.024 [Forwarding screenshot on session d830a0067d2acc212fd107eb6da2ffbb to remote] DEBUG org.asynchttpclient.netty.request.NettyRequestSender - Using pooled Channel '[id: 0xa34a9f18, L:/127.0.0.1:49977 - R:localhost/127.0.0.1:50106]' for 'GET' to 'http://localhost:50106/session/d830a0067d2acc212fd107eb6da2ffbb/screenshot'
00:47:41.024 [Forwarding screenshot on session d830a0067d2acc212fd107eb6da2ffbb to remote] DEBUG org.asynchttpclient.netty.request.NettyRequestSender - Using open Channel [id: 0xa34a9f18, L:/127.0.0.1:49977 - R:localhost/127.0.0.1:50106] for GET '/session/d830a0067d2acc212fd107eb6da2ffbb/screenshot'
00:47:41.275 [AsyncHttpClient-1-20] DEBUG org.asynchttpclient.netty.handler.HttpHandler - 

Request DefaultFullHttpRequest(decodeResult: success, version: HTTP/1.1, content: EmptyByteBufBE)
GET /session/d830a0067d2acc212fd107eb6da2ffbb/screenshot HTTP/1.1
User-Agent: selenium/4.1.2 (java windows)
Cache-Control: no-cache
Content-Type: application/json; charset=utf-8
host: localhost:50106
accept: */*

Response DefaultHttpResponse(decodeResult: success, version: HTTP/1.1)
HTTP/1.1 200 OK
Content-Type: application/json; charset=utf-8
cache-control: no-cache
content-length: 110452

00:47:41.275 [AsyncHttpClient-1-20] DEBUG org.asynchttpclient.netty.channel.ChannelManager - Adding key: http://localhost:50106 for channel [id: 0xa34a9f18, L:/127.0.0.1:49977 - R:localhost/127.0.0.1:50106]
00:47:41.278 [main] DEBUG net.serenitybdd.core.photography.Darkroom - Send negative for processing for target\site\serenity\e7c2e2d98f4771ce53a1c38f8d11c2717c1e0a9586c21804bbc01386da38f709.png
00:47:41.278 [main] DEBUG net.thucydides.core.steps.StepInterceptor - STEP DONE: sucseslogin
  &amp#27;[32mAnd &amp#27;[0m&amp#27;[32mclick sucsess login&amp#27;[0m                                   &amp#27;[90m# starter.definitions.LoginSteps.clickSucsessLogin()&amp#27;[0m
00:47:41.278 [Darkroom Processing Line] DEBUG net.serenitybdd.core.photography.DarkroomProcessingLine - Processing screenshot image in /var/screenshots/screenshot-12232892307895458276
00:47:41.278 [Darkroom Processing Line] DEBUG net.serenitybdd.core.photography.DarkroomProcessingLine - Saving screenshot to target\site\serenity\e7c2e2d98f4771ce53a1c38f8d11c2717c1e0a9586c21804bbc01386da38f709.png
00:47:41.297 [main] DEBUG net.thucydides.core.steps.StepInterceptor - STARTING STEP: ManageadminSteps.admindashboardpage - dashboardpage
00:47:41.298 [Forwarding findElement on session d830a0067d2acc212fd107eb6da2ffbb to remote] DEBUG org.asynchttpclient.netty.request.NettyRequestSender - Using pooled Channel '[id: 0xa34a9f18, L:/127.0.0.1:49977 - R:localhost/127.0.0.1:50106]' for 'POST' to 'http://localhost:50106/session/d830a0067d2acc212fd107eb6da2ffbb/element'
00:47:41.299 [Forwarding findElement on session d830a0067d2acc212fd107eb6da2ffbb to remote] DEBUG org.asynchttpclient.netty.request.NettyRequestSender - Using open Channel [id: 0xa34a9f18, L:/127.0.0.1:49977 - R:localhost/127.0.0.1:50106] for POST '/session/d830a0067d2acc212fd107eb6da2ffbb/element'
00:47:41.314 [AsyncHttpClient-1-20] DEBUG org.asynchttpclient.netty.handler.HttpHandler - 

Request DefaultHttpRequest(decodeResult: success, version: HTTP/1.1)
POST /session/d830a0067d2acc212fd107eb6da2ffbb/element HTTP/1.1
User-Agent: selenium/4.1.2 (java windows)
Content-Length: 82
Content-Type: application/json; charset=utf-8
host: localhost:50106
accept: */*

Response DefaultHttpResponse(decodeResult: success, version: HTTP/1.1)
HTTP/1.1 200 OK
Content-Type: application/json; charset=utf-8
cache-control: no-cache
content-length: 88

00:47:41.314 [AsyncHttpClient-1-20] DEBUG org.asynchttpclient.netty.channel.ChannelManager - Adding key: http://localhost:50106 for channel [id: 0xa34a9f18, L:/127.0.0.1:49977 - R:localhost/127.0.0.1:50106]
00:47:41.317 [Forwarding isElementDisplayed on session d830a0067d2acc212fd107eb6da2ffbb to remote] DEBUG org.asynchttpclient.netty.request.NettyRequestSender - Using pooled Channel '[id: 0xa34a9f18, L:/127.0.0.1:49977 - R:localhost/127.0.0.1:50106]' for 'POST' to 'http://localhost:50106/session/d830a0067d2acc212fd107eb6da2ffbb/execute/sync'
00:47:41.317 [Forwarding isElementDisplayed on session d830a0067d2acc212fd107eb6da2ffbb to remote] DEBUG org.asynchttpclient.netty.request.NettyRequestSender - Using open Channel [id: 0xa34a9f18, L:/127.0.0.1:49977 - R:localhost/127.0.0.1:50106] for POST '/session/d830a0067d2acc212fd107eb6da2ffbb/execute/sync'
00:47:41.342 [AsyncHttpClient-1-20] DEBUG org.asynchttpclient.netty.handler.HttpHandler - 

Request DefaultHttpRequest(decodeResult: success, version: HTTP/1.1)
POST /session/d830a0067d2acc212fd107eb6da2ffbb/execute/sync HTTP/1.1
User-Agent: selenium/4.1.2 (java windows)
Content-Length: 48780
Content-Type: application/json; charset=utf-8
host: localhost:50106
accept: */*

Response DefaultHttpResponse(decodeResult: success, version: HTTP/1.1)
HTTP/1.1 200 OK
Content-Type: application/json; charset=utf-8
cache-control: no-cache
content-length: 14

00:47:41.342 [AsyncHttpClient-1-20] DEBUG org.asynchttpclient.netty.channel.ChannelManager - Adding key: http://localhost:50106 for channel [id: 0xa34a9f18, L:/127.0.0.1:49977 - R:localhost/127.0.0.1:50106]
00:47:41.346 [Forwarding screenshot on session d830a0067d2acc212fd107eb6da2ffbb to remote] DEBUG org.asynchttpclient.netty.request.NettyRequestSender - Using pooled Channel '[id: 0xa34a9f18, L:/127.0.0.1:49977 - R:localhost/127.0.0.1:50106]' for 'GET' to 'http://localhost:50106/session/d830a0067d2acc212fd107eb6da2ffbb/screenshot'
00:47:41.346 [Forwarding screenshot on session d830a0067d2acc212fd107eb6da2ffbb to remote] DEBUG org.asynchttpclient.netty.request.NettyRequestSender - Using open Channel [id: 0xa34a9f18, L:/127.0.0.1:49977 - R:localhost/127.0.0.1:50106] for GET '/session/d830a0067d2acc212fd107eb6da2ffbb/screenshot'
00:47:41.568 [AsyncHttpClient-1-20] DEBUG org.asynchttpclient.netty.handler.HttpHandler - 

Request DefaultFullHttpRequest(decodeResult: success, version: HTTP/1.1, content: EmptyByteBufBE)
GET /session/d830a0067d2acc212fd107eb6da2ffbb/screenshot HTTP/1.1
User-Agent: selenium/4.1.2 (java windows)
Cache-Control: no-cache
Content-Type: application/json; charset=utf-8
host: localhost:50106
accept: */*

Response DefaultHttpResponse(decodeResult: success, version: HTTP/1.1)
HTTP/1.1 200 OK
Content-Type: application/json; charset=utf-8
cache-control: no-cache
content-length: 122804

00:47:41.568 [AsyncHttpClient-1-20] DEBUG org.asynchttpclient.netty.channel.ChannelManager - Adding key: http://localhost:50106 for channel [id: 0xa34a9f18, L:/127.0.0.1:49977 - R:localhost/127.0.0.1:50106]
00:47:41.572 [main] DEBUG net.serenitybdd.core.photography.Darkroom - Send negative for processing for target\site\serenity\caccd53b66d0a05a081497d76a1549da6c85e7eb27a133b23fc2697d5504fcb1.png
00:47:41.572 [main] DEBUG net.thucydides.core.steps.StepInterceptor - STEP DONE: dashboardpage
  &amp#27;[32mGiven &amp#27;[0m&amp#27;[32madmin dashboard page&amp#27;[0m                                &amp#27;[90m# starter.definitions.ManageadminSteps.admindashboardpage()&amp#27;[0m
00:47:41.573 [Darkroom Processing Line] DEBUG net.serenitybdd.core.photography.DarkroomProcessingLine - Processing screenshot image in /var/screenshots/screenshot-2817969651771504694
00:47:41.573 [Darkroom Processing Line] DEBUG net.serenitybdd.core.photography.DarkroomProcessingLine - Saving screenshot to target\site\serenity\caccd53b66d0a05a081497d76a1549da6c85e7eb27a133b23fc2697d5504fcb1.png
00:47:41.585 [main] DEBUG net.thucydides.core.steps.StepInterceptor - STARTING STEP: ManageadminSteps.adminClickManageAdminPageAndClick - manageadminpage
00:47:41.586 [AsyncHttpClient-1-1] DEBUG org.asynchttpclient.netty.channel.DefaultChannelPool - Entry count for : http://localhost:49978 : 1
00:47:41.586 [AsyncHttpClient-1-1] DEBUG org.asynchttpclient.netty.channel.DefaultChannelPool - Entry count for : http://localhost:50106 : 1
00:47:41.587 [Forwarding findElement on session d830a0067d2acc212fd107eb6da2ffbb to remote] DEBUG org.asynchttpclient.netty.request.NettyRequestSender - Using pooled Channel '[id: 0xa34a9f18, L:/127.0.0.1:49977 - R:localhost/127.0.0.1:50106]' for 'POST' to 'http://localhost:50106/session/d830a0067d2acc212fd107eb6da2ffbb/element'
00:47:41.587 [Forwarding findElement on session d830a0067d2acc212fd107eb6da2ffbb to remote] DEBUG org.asynchttpclient.netty.request.NettyRequestSender - Using open Channel [id: 0xa34a9f18, L:/127.0.0.1:49977 - R:localhost/127.0.0.1:50106] for POST '/session/d830a0067d2acc212fd107eb6da2ffbb/element'
00:47:42.547 [AsyncHttpClient-1-20] DEBUG org.asynchttpclient.netty.handler.HttpHandler - 

Request DefaultHttpRequest(decodeResult: success, version: HTTP/1.1)
POST /session/d830a0067d2acc212fd107eb6da2ffbb/element HTTP/1.1
User-Agent: selenium/4.1.2 (java windows)
Content-Length: 71
Content-Type: application/json; charset=utf-8
host: localhost:50106
accept: */*

Response DefaultHttpResponse(decodeResult: success, version: HTTP/1.1)
HTTP/1.1 200 OK
Content-Type: application/json; charset=utf-8
cache-control: no-cache
content-length: 88

00:47:42.547 [AsyncHttpClient-1-20] DEBUG org.asynchttpclient.netty.channel.ChannelManager - Adding key: http://localhost:50106 for channel [id: 0xa34a9f18, L:/127.0.0.1:49977 - R:localhost/127.0.0.1:50106]
00:47:42.548 [Forwarding getElementTagName on session d830a0067d2acc212fd107eb6da2ffbb to remote] DEBUG org.asynchttpclient.netty.request.NettyRequestSender - Using pooled Channel '[id: 0xa34a9f18, L:/127.0.0.1:49977 - R:localhost/127.0.0.1:50106]' for 'GET' to 'http://localhost:50106/session/d830a0067d2acc212fd107eb6da2ffbb/element/1de1bfe6-6d41-4661-b57f-bdcb88017f5d/name'
00:47:42.548 [Forwarding getElementTagName on session d830a0067d2acc212fd107eb6da2ffbb to remote] DEBUG org.asynchttpclient.netty.request.NettyRequestSender - Using open Channel [id: 0xa34a9f18, L:/127.0.0.1:49977 - R:localhost/127.0.0.1:50106] for GET '/session/d830a0067d2acc212fd107eb6da2ffbb/element/1de1bfe6-6d41-4661-b57f-bdcb88017f5d/name'
00:47:42.559 [AsyncHttpClient-1-20] DEBUG org.asynchttpclient.netty.handler.HttpHandler - 

Request DefaultFullHttpRequest(decodeResult: success, version: HTTP/1.1, content: EmptyByteBufBE)
GET /session/d830a0067d2acc212fd107eb6da2ffbb/element/1de1bfe6-6d41-4661-b57f-bdcb88017f5d/name HTTP/1.1
User-Agent: selenium/4.1.2 (java windows)
Cache-Control: no-cache
Content-Type: application/json; charset=utf-8
host: localhost:50106
accept: */*

Response DefaultHttpResponse(decodeResult: success, version: HTTP/1.1)
HTTP/1.1 200 OK
Content-Type: application/json; charset=utf-8
cache-control: no-cache
content-length: 13

00:47:42.559 [AsyncHttpClient-1-20] DEBUG org.asynchttpclient.netty.channel.ChannelManager - Adding key: http://localhost:50106 for channel [id: 0xa34a9f18, L:/127.0.0.1:49977 - R:localhost/127.0.0.1:50106]
00:47:42.560 [Forwarding getElementTagName on session d830a0067d2acc212fd107eb6da2ffbb to remote] DEBUG org.asynchttpclient.netty.request.NettyRequestSender - Using pooled Channel '[id: 0xa34a9f18, L:/127.0.0.1:49977 - R:localhost/127.0.0.1:50106]' for 'GET' to 'http://localhost:50106/session/d830a0067d2acc212fd107eb6da2ffbb/element/1de1bfe6-6d41-4661-b57f-bdcb88017f5d/name'
00:47:42.560 [Forwarding getElementTagName on session d830a0067d2acc212fd107eb6da2ffbb to remote] DEBUG org.asynchttpclient.netty.request.NettyRequestSender - Using open Channel [id: 0xa34a9f18, L:/127.0.0.1:49977 - R:localhost/127.0.0.1:50106] for GET '/session/d830a0067d2acc212fd107eb6da2ffbb/element/1de1bfe6-6d41-4661-b57f-bdcb88017f5d/name'
00:47:42.576 [AsyncHttpClient-1-20] DEBUG org.asynchttpclient.netty.handler.HttpHandler - 

Request DefaultFullHttpRequest(decodeResult: success, version: HTTP/1.1, content: EmptyByteBufBE)
GET /session/d830a0067d2acc212fd107eb6da2ffbb/element/1de1bfe6-6d41-4661-b57f-bdcb88017f5d/name HTTP/1.1
User-Agent: selenium/4.1.2 (java windows)
Cache-Control: no-cache
Content-Type: application/json; charset=utf-8
host: localhost:50106
accept: */*

Response DefaultHttpResponse(decodeResult: success, version: HTTP/1.1)
HTTP/1.1 200 OK
Content-Type: application/json; charset=utf-8
cache-control: no-cache
content-length: 13

00:47:42.576 [AsyncHttpClient-1-20] DEBUG org.asynchttpclient.netty.channel.ChannelManager - Adding key: http://localhost:50106 for channel [id: 0xa34a9f18, L:/127.0.0.1:49977 - R:localhost/127.0.0.1:50106]
00:47:42.577 [Forwarding findElement on session d830a0067d2acc212fd107eb6da2ffbb to remote] DEBUG org.asynchttpclient.netty.request.NettyRequestSender - Using pooled Channel '[id: 0xa34a9f18, L:/127.0.0.1:49977 - R:localhost/127.0.0.1:50106]' for 'POST' to 'http://localhost:50106/session/d830a0067d2acc212fd107eb6da2ffbb/element'
00:47:42.577 [Forwarding findElement on session d830a0067d2acc212fd107eb6da2ffbb to remote] DEBUG org.asynchttpclient.netty.request.NettyRequestSender - Using open Channel [id: 0xa34a9f18, L:/127.0.0.1:49977 - R:localhost/127.0.0.1:50106] for POST '/session/d830a0067d2acc212fd107eb6da2ffbb/element'
00:47:42.591 [AsyncHttpClient-1-20] DEBUG org.asynchttpclient.netty.handler.HttpHandler - 

Request DefaultHttpRequest(decodeResult: success, version: HTTP/1.1)
POST /session/d830a0067d2acc212fd107eb6da2ffbb/element HTTP/1.1
User-Agent: selenium/4.1.2 (java windows)
Content-Length: 71
Content-Type: application/json; charset=utf-8
host: localhost:50106
accept: */*

Response DefaultHttpResponse(decodeResult: success, version: HTTP/1.1)
HTTP/1.1 200 OK
Content-Type: application/json; charset=utf-8
cache-control: no-cache
content-length: 88

00:47:42.591 [AsyncHttpClient-1-20] DEBUG org.asynchttpclient.netty.channel.ChannelManager - Adding key: http://localhost:50106 for channel [id: 0xa34a9f18, L:/127.0.0.1:49977 - R:localhost/127.0.0.1:50106]
00:47:42.592 [Forwarding clickElement on session d830a0067d2acc212fd107eb6da2ffbb to remote] DEBUG org.asynchttpclient.netty.request.NettyRequestSender - Using pooled Channel '[id: 0xa34a9f18, L:/127.0.0.1:49977 - R:localhost/127.0.0.1:50106]' for 'POST' to 'http://localhost:50106/session/d830a0067d2acc212fd107eb6da2ffbb/element/1de1bfe6-6d41-4661-b57f-bdcb88017f5d/click'
00:47:42.592 [Forwarding clickElement on session d830a0067d2acc212fd107eb6da2ffbb to remote] DEBUG org.asynchttpclient.netty.request.NettyRequestSender - Using open Channel [id: 0xa34a9f18, L:/127.0.0.1:49977 - R:localhost/127.0.0.1:50106] for POST '/session/d830a0067d2acc212fd107eb6da2ffbb/element/1de1bfe6-6d41-4661-b57f-bdcb88017f5d/click'
00:47:42.677 [AsyncHttpClient-1-20] DEBUG org.asynchttpclient.netty.handler.HttpHandler - 

Request DefaultHttpRequest(decodeResult: success, version: HTTP/1.1)
POST /session/d830a0067d2acc212fd107eb6da2ffbb/element/1de1bfe6-6d41-4661-b57f-bdcb88017f5d/click HTTP/1.1
User-Agent: selenium/4.1.2 (java windows)
Content-Length: 50
Content-Type: application/json; charset=utf-8
host: localhost:50106
accept: */*

Response DefaultHttpResponse(decodeResult: success, version: HTTP/1.1)
HTTP/1.1 200 OK
Content-Type: application/json; charset=utf-8
cache-control: no-cache
content-length: 14

00:47:42.677 [AsyncHttpClient-1-20] DEBUG org.asynchttpclient.netty.channel.ChannelManager - Adding key: http://localhost:50106 for channel [id: 0xa34a9f18, L:/127.0.0.1:49977 - R:localhost/127.0.0.1:50106]
00:47:42.683 [Forwarding screenshot on session d830a0067d2acc212fd107eb6da2ffbb to remote] DEBUG org.asynchttpclient.netty.request.NettyRequestSender - Using pooled Channel '[id: 0xa34a9f18, L:/127.0.0.1:49977 - R:localhost/127.0.0.1:50106]' for 'GET' to 'http://localhost:50106/session/d830a0067d2acc212fd107eb6da2ffbb/screenshot'
00:47:42.683 [Forwarding screenshot on session d830a0067d2acc212fd107eb6da2ffbb to remote] DEBUG org.asynchttpclient.netty.request.NettyRequestSender - Using open Channel [id: 0xa34a9f18, L:/127.0.0.1:49977 - R:localhost/127.0.0.1:50106] for GET '/session/d830a0067d2acc212fd107eb6da2ffbb/screenshot'
00:47:42.696 [AsyncHttpClient-1-1] DEBUG org.asynchttpclient.netty.channel.DefaultChannelPool - Entry count for : http://localhost:49978 : 1
00:47:42.867 [AsyncHttpClient-1-20] DEBUG org.asynchttpclient.netty.handler.HttpHandler - 

Request DefaultFullHttpRequest(decodeResult: success, version: HTTP/1.1, content: EmptyByteBufBE)
GET /session/d830a0067d2acc212fd107eb6da2ffbb/screenshot HTTP/1.1
User-Agent: selenium/4.1.2 (java windows)
Cache-Control: no-cache
Content-Type: application/json; charset=utf-8
host: localhost:50106
accept: */*

Response DefaultHttpResponse(decodeResult: success, version: HTTP/1.1)
HTTP/1.1 200 OK
Content-Type: application/json; charset=utf-8
cache-control: no-cache
content-length: 96184

00:47:42.867 [AsyncHttpClient-1-20] DEBUG org.asynchttpclient.netty.channel.ChannelManager - Adding key: http://localhost:50106 for channel [id: 0xa34a9f18, L:/127.0.0.1:49977 - R:localhost/127.0.0.1:50106]
00:47:42.869 [main] DEBUG net.serenitybdd.core.photography.Darkroom - Send negative for processing for target\site\serenity\63c73baa8add639cec5c1b4af3013a17f641edccbdd0067c6e15c986d0ff87f3.png
00:47:42.869 [main] DEBUG net.thucydides.core.steps.StepInterceptor - STEP DONE: manageadminpage
  &amp#27;[32mWhen &amp#27;[0m&amp#27;[32madmin click manage admin page and click&amp#27;[0m              &amp#27;[90m# starter.definitions.ManageadminSteps.adminClickManageAdminPageAndClick()&amp#27;[0m
00:47:42.882 [main] DEBUG net.thucydides.core.steps.StepInterceptor - STARTING STEP: ManageadminSteps.adminClickSelectAdminAndBehindManageAdminPost - selectadmin
00:47:42.885 [Forwarding findElement on session d830a0067d2acc212fd107eb6da2ffbb to remote] DEBUG org.asynchttpclient.netty.request.NettyRequestSender - Using pooled Channel '[id: 0xa34a9f18, L:/127.0.0.1:49977 - R:localhost/127.0.0.1:50106]' for 'POST' to 'http://localhost:50106/session/d830a0067d2acc212fd107eb6da2ffbb/element'
00:47:42.885 [Forwarding findElement on session d830a0067d2acc212fd107eb6da2ffbb to remote] DEBUG org.asynchttpclient.netty.request.NettyRequestSender - Using open Channel [id: 0xa34a9f18, L:/127.0.0.1:49977 - R:localhost/127.0.0.1:50106] for POST '/session/d830a0067d2acc212fd107eb6da2ffbb/element'
00:47:42.900 [AsyncHttpClient-1-20] DEBUG org.asynchttpclient.netty.handler.HttpHandler - 

Request DefaultHttpRequest(decodeResult: success, version: HTTP/1.1)
POST /session/d830a0067d2acc212fd107eb6da2ffbb/element HTTP/1.1
User-Agent: selenium/4.1.2 (java windows)
Content-Length: 99
Content-Type: application/json; charset=utf-8
host: localhost:50106
accept: */*

Response DefaultHttpResponse(decodeResult: success, version: HTTP/1.1)
HTTP/1.1 200 OK
Content-Type: application/json; charset=utf-8
cache-control: no-cache
content-length: 88

00:47:42.900 [AsyncHttpClient-1-20] DEBUG org.asynchttpclient.netty.channel.ChannelManager - Adding key: http://localhost:50106 for channel [id: 0xa34a9f18, L:/127.0.0.1:49977 - R:localhost/127.0.0.1:50106]
00:47:42.901 [Forwarding getElementTagName on session d830a0067d2acc212fd107eb6da2ffbb to remote] DEBUG org.asynchttpclient.netty.request.NettyRequestSender - Using pooled Channel '[id: 0xa34a9f18, L:/127.0.0.1:49977 - R:localhost/127.0.0.1:50106]' for 'GET' to 'http://localhost:50106/session/d830a0067d2acc212fd107eb6da2ffbb/element/d75fcab9-dda7-4f64-b908-4247d609710a/name'
00:47:42.901 [Forwarding getElementTagName on session d830a0067d2acc212fd107eb6da2ffbb to remote] DEBUG org.asynchttpclient.netty.request.NettyRequestSender - Using open Channel [id: 0xa34a9f18, L:/127.0.0.1:49977 - R:localhost/127.0.0.1:50106] for GET '/session/d830a0067d2acc212fd107eb6da2ffbb/element/d75fcab9-dda7-4f64-b908-4247d609710a/name'
00:47:42.911 [AsyncHttpClient-1-20] DEBUG org.asynchttpclient.netty.handler.HttpHandler - 

Request DefaultFullHttpRequest(decodeResult: success, version: HTTP/1.1, content: EmptyByteBufBE)
GET /session/d830a0067d2acc212fd107eb6da2ffbb/element/d75fcab9-dda7-4f64-b908-4247d609710a/name HTTP/1.1
User-Agent: selenium/4.1.2 (java windows)
Cache-Control: no-cache
Content-Type: application/json; charset=utf-8
host: localhost:50106
accept: */*

Response DefaultHttpResponse(decodeResult: success, version: HTTP/1.1)
HTTP/1.1 200 OK
Content-Type: application/json; charset=utf-8
cache-control: no-cache
content-length: 15

00:47:42.912 [AsyncHttpClient-1-20] DEBUG org.asynchttpclient.netty.channel.ChannelManager - Adding key: http://localhost:50106 for channel [id: 0xa34a9f18, L:/127.0.0.1:49977 - R:localhost/127.0.0.1:50106]
00:47:42.913 [Forwarding getElementTagName on session d830a0067d2acc212fd107eb6da2ffbb to remote] DEBUG org.asynchttpclient.netty.request.NettyRequestSender - Using pooled Channel '[id: 0xa34a9f18, L:/127.0.0.1:49977 - R:localhost/127.0.0.1:50106]' for 'GET' to 'http://localhost:50106/session/d830a0067d2acc212fd107eb6da2ffbb/element/d75fcab9-dda7-4f64-b908-4247d609710a/name'
00:47:42.913 [Forwarding getElementTagName on session d830a0067d2acc212fd107eb6da2ffbb to remote] DEBUG org.asynchttpclient.netty.request.NettyRequestSender - Using open Channel [id: 0xa34a9f18, L:/127.0.0.1:49977 - R:localhost/127.0.0.1:50106] for GET '/session/d830a0067d2acc212fd107eb6da2ffbb/element/d75fcab9-dda7-4f64-b908-4247d609710a/name'
00:47:42.925 [AsyncHttpClient-1-20] DEBUG org.asynchttpclient.netty.handler.HttpHandler - 

Request DefaultFullHttpRequest(decodeResult: success, version: HTTP/1.1, content: EmptyByteBufBE)
GET /session/d830a0067d2acc212fd107eb6da2ffbb/element/d75fcab9-dda7-4f64-b908-4247d609710a/name HTTP/1.1
User-Agent: selenium/4.1.2 (java windows)
Cache-Control: no-cache
Content-Type: application/json; charset=utf-8
host: localhost:50106
accept: */*

Response DefaultHttpResponse(decodeResult: success, version: HTTP/1.1)
HTTP/1.1 200 OK
Content-Type: application/json; charset=utf-8
cache-control: no-cache
content-length: 15

00:47:42.925 [AsyncHttpClient-1-20] DEBUG org.asynchttpclient.netty.channel.ChannelManager - Adding key: http://localhost:50106 for channel [id: 0xa34a9f18, L:/127.0.0.1:49977 - R:localhost/127.0.0.1:50106]
00:47:42.927 [Forwarding findElement on session d830a0067d2acc212fd107eb6da2ffbb to remote] DEBUG org.asynchttpclient.netty.request.NettyRequestSender - Using pooled Channel '[id: 0xa34a9f18, L:/127.0.0.1:49977 - R:localhost/127.0.0.1:50106]' for 'POST' to 'http://localhost:50106/session/d830a0067d2acc212fd107eb6da2ffbb/element'
00:47:42.927 [Forwarding findElement on session d830a0067d2acc212fd107eb6da2ffbb to remote] DEBUG org.asynchttpclient.netty.request.NettyRequestSender - Using open Channel [id: 0xa34a9f18, L:/127.0.0.1:49977 - R:localhost/127.0.0.1:50106] for POST '/session/d830a0067d2acc212fd107eb6da2ffbb/element'
00:47:42.941 [AsyncHttpClient-1-20] DEBUG org.asynchttpclient.netty.handler.HttpHandler - 

Request DefaultHttpRequest(decodeResult: success, version: HTTP/1.1)
POST /session/d830a0067d2acc212fd107eb6da2ffbb/element HTTP/1.1
User-Agent: selenium/4.1.2 (java windows)
Content-Length: 99
Content-Type: application/json; charset=utf-8
host: localhost:50106
accept: */*

Response DefaultHttpResponse(decodeResult: success, version: HTTP/1.1)
HTTP/1.1 200 OK
Content-Type: application/json; charset=utf-8
cache-control: no-cache
content-length: 88

00:47:42.941 [AsyncHttpClient-1-20] DEBUG org.asynchttpclient.netty.channel.ChannelManager - Adding key: http://localhost:50106 for channel [id: 0xa34a9f18, L:/127.0.0.1:49977 - R:localhost/127.0.0.1:50106]
00:47:42.942 [Forwarding clickElement on session d830a0067d2acc212fd107eb6da2ffbb to remote] DEBUG org.asynchttpclient.netty.request.NettyRequestSender - Using pooled Channel '[id: 0xa34a9f18, L:/127.0.0.1:49977 - R:localhost/127.0.0.1:50106]' for 'POST' to 'http://localhost:50106/session/d830a0067d2acc212fd107eb6da2ffbb/element/d75fcab9-dda7-4f64-b908-4247d609710a/click'
00:47:42.942 [Forwarding clickElement on session d830a0067d2acc212fd107eb6da2ffbb to remote] DEBUG org.asynchttpclient.netty.request.NettyRequestSender - Using open Channel [id: 0xa34a9f18, L:/127.0.0.1:49977 - R:localhost/127.0.0.1:50106] for POST '/session/d830a0067d2acc212fd107eb6da2ffbb/element/d75fcab9-dda7-4f64-b908-4247d609710a/click'
00:47:43.004 [AsyncHttpClient-1-20] DEBUG org.asynchttpclient.netty.handler.HttpHandler - 

Request DefaultHttpRequest(decodeResult: success, version: HTTP/1.1)
POST /session/d830a0067d2acc212fd107eb6da2ffbb/element/d75fcab9-dda7-4f64-b908-4247d609710a/click HTTP/1.1
User-Agent: selenium/4.1.2 (java windows)
Content-Length: 50
Content-Type: application/json; charset=utf-8
host: localhost:50106
accept: */*

Response DefaultHttpResponse(decodeResult: success, version: HTTP/1.1)
HTTP/1.1 200 OK
Content-Type: application/json; charset=utf-8
cache-control: no-cache
content-length: 14

00:47:43.004 [AsyncHttpClient-1-20] DEBUG org.asynchttpclient.netty.channel.ChannelManager - Adding key: http://localhost:50106 for channel [id: 0xa34a9f18, L:/127.0.0.1:49977 - R:localhost/127.0.0.1:50106]
00:47:43.010 [Forwarding screenshot on session d830a0067d2acc212fd107eb6da2ffbb to remote] DEBUG org.asynchttpclient.netty.request.NettyRequestSender - Using pooled Channel '[id: 0xa34a9f18, L:/127.0.0.1:49977 - R:localhost/127.0.0.1:50106]' for 'GET' to 'http://localhost:50106/session/d830a0067d2acc212fd107eb6da2ffbb/screenshot'
00:47:43.010 [Forwarding screenshot on session d830a0067d2acc212fd107eb6da2ffbb to remote] DEBUG org.asynchttpclient.netty.request.NettyRequestSender - Using open Channel [id: 0xa34a9f18, L:/127.0.0.1:49977 - R:localhost/127.0.0.1:50106] for GET '/session/d830a0067d2acc212fd107eb6da2ffbb/screenshot'
00:47:43.279 [AsyncHttpClient-1-20] DEBUG org.asynchttpclient.netty.handler.HttpHandler - 

Request DefaultFullHttpRequest(decodeResult: success, version: HTTP/1.1, content: EmptyByteBufBE)
GET /session/d830a0067d2acc212fd107eb6da2ffbb/screenshot HTTP/1.1
User-Agent: selenium/4.1.2 (java windows)
Cache-Control: no-cache
Content-Type: application/json; charset=utf-8
host: localhost:50106
accept: */*

Response DefaultHttpResponse(decodeResult: success, version: HTTP/1.1)
HTTP/1.1 200 OK
Content-Type: application/json; charset=utf-8
cache-control: no-cache
content-length: 103288

00:47:43.279 [AsyncHttpClient-1-20] DEBUG org.asynchttpclient.netty.channel.ChannelManager - Adding key: http://localhost:50106 for channel [id: 0xa34a9f18, L:/127.0.0.1:49977 - R:localhost/127.0.0.1:50106]
00:47:43.282 [main] DEBUG net.serenitybdd.core.photography.Darkroom - Send negative for processing for target\site\serenity\f7167d8093514515203bb62374301cab123349d3c5e748ec99c149cebe9117ca.png
00:47:43.282 [main] DEBUG net.thucydides.core.steps.StepInterceptor - STEP DONE: selectadmin
00:47:43.282 [Darkroom Processing Line] DEBUG net.serenitybdd.core.photography.DarkroomProcessingLine - Processing screenshot image in /var/screenshots/screenshot-18182554731929332211
00:47:43.283 [Darkroom Processing Line] DEBUG net.serenitybdd.core.photography.DarkroomProcessingLine - Saving screenshot to target\site\serenity\f7167d8093514515203bb62374301cab123349d3c5e748ec99c149cebe9117ca.png
00:47:43.286 [main] DEBUG net.thucydides.core.steps.StepInterceptor - STARTING STEP: ManageadminSteps.adminClickSelectAdminAndBehindManageAdminPost - adminchoose
00:47:43.289 [Forwarding findElement on session d830a0067d2acc212fd107eb6da2ffbb to remote] DEBUG org.asynchttpclient.netty.request.NettyRequestSender - Using pooled Channel '[id: 0xa34a9f18, L:/127.0.0.1:49977 - R:localhost/127.0.0.1:50106]' for 'POST' to 'http://localhost:50106/session/d830a0067d2acc212fd107eb6da2ffbb/element'
00:47:43.289 [Forwarding findElement on session d830a0067d2acc212fd107eb6da2ffbb to remote] DEBUG org.asynchttpclient.netty.request.NettyRequestSender - Using open Channel [id: 0xa34a9f18, L:/127.0.0.1:49977 - R:localhost/127.0.0.1:50106] for POST '/session/d830a0067d2acc212fd107eb6da2ffbb/element'
00:47:43.312 [AsyncHttpClient-1-20] DEBUG org.asynchttpclient.netty.handler.HttpHandler - 

Request DefaultHttpRequest(decodeResult: success, version: HTTP/1.1)
POST /session/d830a0067d2acc212fd107eb6da2ffbb/element HTTP/1.1
User-Agent: selenium/4.1.2 (java windows)
Content-Length: 74
Content-Type: application/json; charset=utf-8
host: localhost:50106
accept: */*

Response DefaultHttpResponse(decodeResult: success, version: HTTP/1.1)
HTTP/1.1 200 OK
Content-Type: application/json; charset=utf-8
cache-control: no-cache
content-length: 88

00:47:43.312 [AsyncHttpClient-1-20] DEBUG org.asynchttpclient.netty.channel.ChannelManager - Adding key: http://localhost:50106 for channel [id: 0xa34a9f18, L:/127.0.0.1:49977 - R:localhost/127.0.0.1:50106]
00:47:43.313 [Forwarding getElementTagName on session d830a0067d2acc212fd107eb6da2ffbb to remote] DEBUG org.asynchttpclient.netty.request.NettyRequestSender - Using pooled Channel '[id: 0xa34a9f18, L:/127.0.0.1:49977 - R:localhost/127.0.0.1:50106]' for 'GET' to 'http://localhost:50106/session/d830a0067d2acc212fd107eb6da2ffbb/element/b5f06bb5-cb98-4dbd-aac2-adb26aceffb9/name'
00:47:43.313 [Forwarding getElementTagName on session d830a0067d2acc212fd107eb6da2ffbb to remote] DEBUG org.asynchttpclient.netty.request.NettyRequestSender - Using open Channel [id: 0xa34a9f18, L:/127.0.0.1:49977 - R:localhost/127.0.0.1:50106] for GET '/session/d830a0067d2acc212fd107eb6da2ffbb/element/b5f06bb5-cb98-4dbd-aac2-adb26aceffb9/name'
00:47:43.336 [AsyncHttpClient-1-20] DEBUG org.asynchttpclient.netty.handler.HttpHandler - 

Request DefaultFullHttpRequest(decodeResult: success, version: HTTP/1.1, content: EmptyByteBufBE)
GET /session/d830a0067d2acc212fd107eb6da2ffbb/element/b5f06bb5-cb98-4dbd-aac2-adb26aceffb9/name HTTP/1.1
User-Agent: selenium/4.1.2 (java windows)
Cache-Control: no-cache
Content-Type: application/json; charset=utf-8
host: localhost:50106
accept: */*

Response DefaultHttpResponse(decodeResult: success, version: HTTP/1.1)
HTTP/1.1 200 OK
Content-Type: application/json; charset=utf-8
cache-control: no-cache
content-length: 15

00:47:43.336 [AsyncHttpClient-1-20] DEBUG org.asynchttpclient.netty.channel.ChannelManager - Adding key: http://localhost:50106 for channel [id: 0xa34a9f18, L:/127.0.0.1:49977 - R:localhost/127.0.0.1:50106]
00:47:43.337 [Forwarding getElementTagName on session d830a0067d2acc212fd107eb6da2ffbb to remote] DEBUG org.asynchttpclient.netty.request.NettyRequestSender - Using pooled Channel '[id: 0xa34a9f18, L:/127.0.0.1:49977 - R:localhost/127.0.0.1:50106]' for 'GET' to 'http://localhost:50106/session/d830a0067d2acc212fd107eb6da2ffbb/element/b5f06bb5-cb98-4dbd-aac2-adb26aceffb9/name'
00:47:43.337 [Forwarding getElementTagName on session d830a0067d2acc212fd107eb6da2ffbb to remote] DEBUG org.asynchttpclient.netty.request.NettyRequestSender - Using open Channel [id: 0xa34a9f18, L:/127.0.0.1:49977 - R:localhost/127.0.0.1:50106] for GET '/session/d830a0067d2acc212fd107eb6da2ffbb/element/b5f06bb5-cb98-4dbd-aac2-adb26aceffb9/name'
00:47:43.346 [AsyncHttpClient-1-20] DEBUG org.asynchttpclient.netty.handler.HttpHandler - 

Request DefaultFullHttpRequest(decodeResult: success, version: HTTP/1.1, content: EmptyByteBufBE)
GET /session/d830a0067d2acc212fd107eb6da2ffbb/element/b5f06bb5-cb98-4dbd-aac2-adb26aceffb9/name HTTP/1.1
User-Agent: selenium/4.1.2 (java windows)
Cache-Control: no-cache
Content-Type: application/json; charset=utf-8
host: localhost:50106
accept: */*

Response DefaultHttpResponse(decodeResult: success, version: HTTP/1.1)
HTTP/1.1 200 OK
Content-Type: application/json; charset=utf-8
cache-control: no-cache
content-length: 15

00:47:43.346 [AsyncHttpClient-1-20] DEBUG org.asynchttpclient.netty.channel.ChannelManager - Adding key: http://localhost:50106 for channel [id: 0xa34a9f18, L:/127.0.0.1:49977 - R:localhost/127.0.0.1:50106]
00:47:43.348 [Forwarding findElement on session d830a0067d2acc212fd107eb6da2ffbb to remote] DEBUG org.asynchttpclient.netty.request.NettyRequestSender - Using pooled Channel '[id: 0xa34a9f18, L:/127.0.0.1:49977 - R:localhost/127.0.0.1:50106]' for 'POST' to 'http://localhost:50106/session/d830a0067d2acc212fd107eb6da2ffbb/element'
00:47:43.348 [Forwarding findElement on session d830a0067d2acc212fd107eb6da2ffbb to remote] DEBUG org.asynchttpclient.netty.request.NettyRequestSender - Using open Channel [id: 0xa34a9f18, L:/127.0.0.1:49977 - R:localhost/127.0.0.1:50106] for POST '/session/d830a0067d2acc212fd107eb6da2ffbb/element'
00:47:43.375 [AsyncHttpClient-1-20] DEBUG org.asynchttpclient.netty.handler.HttpHandler - 

Request DefaultHttpRequest(decodeResult: success, version: HTTP/1.1)
POST /session/d830a0067d2acc212fd107eb6da2ffbb/element HTTP/1.1
User-Agent: selenium/4.1.2 (java windows)
Content-Length: 74
Content-Type: application/json; charset=utf-8
host: localhost:50106
accept: */*

Response DefaultHttpResponse(decodeResult: success, version: HTTP/1.1)
HTTP/1.1 200 OK
Content-Type: application/json; charset=utf-8
cache-control: no-cache
content-length: 88

00:47:43.375 [AsyncHttpClient-1-20] DEBUG org.asynchttpclient.netty.channel.ChannelManager - Adding key: http://localhost:50106 for channel [id: 0xa34a9f18, L:/127.0.0.1:49977 - R:localhost/127.0.0.1:50106]
00:47:43.376 [Forwarding clickElement on session d830a0067d2acc212fd107eb6da2ffbb to remote] DEBUG org.asynchttpclient.netty.request.NettyRequestSender - Using pooled Channel '[id: 0xa34a9f18, L:/127.0.0.1:49977 - R:localhost/127.0.0.1:50106]' for 'POST' to 'http://localhost:50106/session/d830a0067d2acc212fd107eb6da2ffbb/element/b5f06bb5-cb98-4dbd-aac2-adb26aceffb9/click'
00:47:43.376 [Forwarding clickElement on session d830a0067d2acc212fd107eb6da2ffbb to remote] DEBUG org.asynchttpclient.netty.request.NettyRequestSender - Using open Channel [id: 0xa34a9f18, L:/127.0.0.1:49977 - R:localhost/127.0.0.1:50106] for POST '/session/d830a0067d2acc212fd107eb6da2ffbb/element/b5f06bb5-cb98-4dbd-aac2-adb26aceffb9/click'
00:47:43.464 [AsyncHttpClient-1-20] DEBUG org.asynchttpclient.netty.handler.HttpHandler - 

Request DefaultHttpRequest(decodeResult: success, version: HTTP/1.1)
POST /session/d830a0067d2acc212fd107eb6da2ffbb/element/b5f06bb5-cb98-4dbd-aac2-adb26aceffb9/click HTTP/1.1
User-Agent: selenium/4.1.2 (java windows)
Content-Length: 50
Content-Type: application/json; charset=utf-8
host: localhost:50106
accept: */*

Response DefaultHttpResponse(decodeResult: success, version: HTTP/1.1)
HTTP/1.1 200 OK
Content-Type: application/json; charset=utf-8
cache-control: no-cache
content-length: 14

00:47:43.464 [AsyncHttpClient-1-20] DEBUG org.asynchttpclient.netty.channel.ChannelManager - Adding key: http://localhost:50106 for channel [id: 0xa34a9f18, L:/127.0.0.1:49977 - R:localhost/127.0.0.1:50106]
00:47:43.469 [Forwarding screenshot on session d830a0067d2acc212fd107eb6da2ffbb to remote] DEBUG org.asynchttpclient.netty.request.NettyRequestSender - Using pooled Channel '[id: 0xa34a9f18, L:/127.0.0.1:49977 - R:localhost/127.0.0.1:50106]' for 'GET' to 'http://localhost:50106/session/d830a0067d2acc212fd107eb6da2ffbb/screenshot'
00:47:43.469 [Forwarding screenshot on session d830a0067d2acc212fd107eb6da2ffbb to remote] DEBUG org.asynchttpclient.netty.request.NettyRequestSender - Using open Channel [id: 0xa34a9f18, L:/127.0.0.1:49977 - R:localhost/127.0.0.1:50106] for GET '/session/d830a0067d2acc212fd107eb6da2ffbb/screenshot'
00:47:43.616 [AsyncHttpClient-1-20] DEBUG org.asynchttpclient.netty.handler.HttpHandler - 

Request DefaultFullHttpRequest(decodeResult: success, version: HTTP/1.1, content: EmptyByteBufBE)
GET /session/d830a0067d2acc212fd107eb6da2ffbb/screenshot HTTP/1.1
User-Agent: selenium/4.1.2 (java windows)
Cache-Control: no-cache
Content-Type: application/json; charset=utf-8
host: localhost:50106
accept: */*

Response DefaultHttpResponse(decodeResult: success, version: HTTP/1.1)
HTTP/1.1 200 OK
Content-Type: application/json; charset=utf-8
cache-control: no-cache
content-length: 96844

00:47:43.616 [AsyncHttpClient-1-20] DEBUG org.asynchttpclient.netty.channel.ChannelManager - Adding key: http://localhost:50106 for channel [id: 0xa34a9f18, L:/127.0.0.1:49977 - R:localhost/127.0.0.1:50106]
00:47:43.618 [main] DEBUG net.serenitybdd.core.photography.Darkroom - Send negative for processing for target\site\serenity\887eb572f4f0109ea23cfb6ff4e54fcd473d7087f7c919bc6fff0c38fd396576.png
00:47:43.618 [main] DEBUG net.thucydides.core.steps.StepInterceptor - STEP DONE: adminchoose
  &amp#27;[32mAnd &amp#27;[0m&amp#27;[32madmin click select admin and behind manage admin post&amp#27;[0m &amp#27;[90m# starter.definitions.ManageadminSteps.adminClickSelectAdminAndBehindManageAdminPost()&amp#27;[0m
00:47:43.619 [Darkroom Processing Line] DEBUG net.serenitybdd.core.photography.DarkroomProcessingLine - Processing screenshot image in /var/screenshots/screenshot-3813415104594812601
00:47:43.619 [Darkroom Processing Line] DEBUG net.serenitybdd.core.photography.DarkroomProcessingLine - Saving screenshot to target\site\serenity\887eb572f4f0109ea23cfb6ff4e54fcd473d7087f7c919bc6fff0c38fd396576.png
00:47:43.631 [main] DEBUG net.thucydides.core.steps.StepInterceptor - STARTING STEP: ManageadminSteps.adminSucseesChooseAdminSelect - choosedetail
00:47:43.633 [Forwarding findElement on session d830a0067d2acc212fd107eb6da2ffbb to remote] DEBUG org.asynchttpclient.netty.request.NettyRequestSender - Using pooled Channel '[id: 0xa34a9f18, L:/127.0.0.1:49977 - R:localhost/127.0.0.1:50106]' for 'POST' to 'http://localhost:50106/session/d830a0067d2acc212fd107eb6da2ffbb/element'
00:47:43.633 [Forwarding findElement on session d830a0067d2acc212fd107eb6da2ffbb to remote] DEBUG org.asynchttpclient.netty.request.NettyRequestSender - Using open Channel [id: 0xa34a9f18, L:/127.0.0.1:49977 - R:localhost/127.0.0.1:50106] for POST '/session/d830a0067d2acc212fd107eb6da2ffbb/element'
00:47:43.649 [AsyncHttpClient-1-20] DEBUG org.asynchttpclient.netty.handler.HttpHandler - 

Request DefaultHttpRequest(decodeResult: success, version: HTTP/1.1)
POST /session/d830a0067d2acc212fd107eb6da2ffbb/element HTTP/1.1
User-Agent: selenium/4.1.2 (java windows)
Content-Length: 75
Content-Type: application/json; charset=utf-8
host: localhost:50106
accept: */*

Response DefaultHttpResponse(decodeResult: success, version: HTTP/1.1)
HTTP/1.1 200 OK
Content-Type: application/json; charset=utf-8
cache-control: no-cache
content-length: 88

00:47:43.649 [AsyncHttpClient-1-20] DEBUG org.asynchttpclient.netty.channel.ChannelManager - Adding key: http://localhost:50106 for channel [id: 0xa34a9f18, L:/127.0.0.1:49977 - R:localhost/127.0.0.1:50106]
00:47:43.653 [Forwarding isElementDisplayed on session d830a0067d2acc212fd107eb6da2ffbb to remote] DEBUG org.asynchttpclient.netty.request.NettyRequestSender - Using pooled Channel '[id: 0xa34a9f18, L:/127.0.0.1:49977 - R:localhost/127.0.0.1:50106]' for 'POST' to 'http://localhost:50106/session/d830a0067d2acc212fd107eb6da2ffbb/execute/sync'
00:47:43.653 [Forwarding isElementDisplayed on session d830a0067d2acc212fd107eb6da2ffbb to remote] DEBUG org.asynchttpclient.netty.request.NettyRequestSender - Using open Channel [id: 0xa34a9f18, L:/127.0.0.1:49977 - R:localhost/127.0.0.1:50106] for POST '/session/d830a0067d2acc212fd107eb6da2ffbb/execute/sync'
00:47:43.672 [AsyncHttpClient-1-20] DEBUG org.asynchttpclient.netty.handler.HttpHandler - 

Request DefaultHttpRequest(decodeResult: success, version: HTTP/1.1)
POST /session/d830a0067d2acc212fd107eb6da2ffbb/execute/sync HTTP/1.1
User-Agent: selenium/4.1.2 (java windows)
Content-Length: 48780
Content-Type: application/json; charset=utf-8
host: localhost:50106
accept: */*

Response DefaultHttpResponse(decodeResult: success, version: HTTP/1.1)
HTTP/1.1 200 OK
Content-Type: application/json; charset=utf-8
cache-control: no-cache
content-length: 14

00:47:43.672 [AsyncHttpClient-1-20] DEBUG org.asynchttpclient.netty.channel.ChannelManager - Adding key: http://localhost:50106 for channel [id: 0xa34a9f18, L:/127.0.0.1:49977 - R:localhost/127.0.0.1:50106]
00:47:43.676 [Forwarding screenshot on session d830a0067d2acc212fd107eb6da2ffbb to remote] DEBUG org.asynchttpclient.netty.request.NettyRequestSender - Using pooled Channel '[id: 0xa34a9f18, L:/127.0.0.1:49977 - R:localhost/127.0.0.1:50106]' for 'GET' to 'http://localhost:50106/session/d830a0067d2acc212fd107eb6da2ffbb/screenshot'
00:47:43.676 [Forwarding screenshot on session d830a0067d2acc212fd107eb6da2ffbb to remote] DEBUG org.asynchttpclient.netty.request.NettyRequestSender - Using open Channel [id: 0xa34a9f18, L:/127.0.0.1:49977 - R:localhost/127.0.0.1:50106] for GET '/session/d830a0067d2acc212fd107eb6da2ffbb/screenshot'
00:47:43.793 [AsyncHttpClient-1-1] DEBUG org.asynchttpclient.netty.channel.DefaultChannelPool - Entry count for : http://localhost:49978 : 1
00:47:43.815 [AsyncHttpClient-1-20] DEBUG org.asynchttpclient.netty.handler.HttpHandler - 

Request DefaultFullHttpRequest(decodeResult: success, version: HTTP/1.1, content: EmptyByteBufBE)
GET /session/d830a0067d2acc212fd107eb6da2ffbb/screenshot HTTP/1.1
User-Agent: selenium/4.1.2 (java windows)
Cache-Control: no-cache
Content-Type: application/json; charset=utf-8
host: localhost:50106
accept: */*

Response DefaultHttpResponse(decodeResult: success, version: HTTP/1.1)
HTTP/1.1 200 OK
Content-Type: application/json; charset=utf-8
cache-control: no-cache
content-length: 86880

00:47:43.816 [AsyncHttpClient-1-20] DEBUG org.asynchttpclient.netty.channel.ChannelManager - Adding key: http://localhost:50106 for channel [id: 0xa34a9f18, L:/127.0.0.1:49977 - R:localhost/127.0.0.1:50106]
00:47:43.817 [main] DEBUG net.serenitybdd.core.photography.Darkroom - Send negative for processing for target\site\serenity\751797bbc31ab5186a3848606794869e69b14438a0b375881191ac298d076486.png
00:47:43.818 [main] DEBUG net.thucydides.core.steps.StepInterceptor - STEP DONE: choosedetail
  &amp#27;[32mThen &amp#27;[0m&amp#27;[32madmin sucsees choose admin select&amp#27;[0m                    &amp#27;[90m# starter.definitions.ManageadminSteps.adminSucseesChooseAdminSelect()&amp#27;[0m
00:47:43.818 [Darkroom Processing Line] DEBUG net.serenitybdd.core.photography.DarkroomProcessingLine - Processing screenshot image in /var/screenshots/screenshot-10402770033417396530
00:47:43.818 [Darkroom Processing Line] DEBUG net.serenitybdd.core.photography.DarkroomProcessingLine - Saving screenshot to target\site\serenity\751797bbc31ab5186a3848606794869e69b14438a0b375881191ac298d076486.png
00:47:43.823 [main] INFO  - 
  _____   ___   ___   _____     ___     _     ___   ___   ___   ___  
 |_   _| | __| / __| |_   _|   | _ \   /_\   / __| / __| | __| |   \ 
   | |   | _|  \__ \   | |     |  _/  / _ \  \__ \ \__ \ | _|  | |) |
   |_|   |___| |___/   |_|     |_|   /_/ \_\ |___/ |___/ |___| |___/ 

admin choose manage admin
----------------------------------------------------------------------
00:47:43.824 [AsyncHttpClient-1-22] DEBUG org.asynchttpclient.netty.handler.WebSocketHandler - Channel Closed: [id: 0x95e18250, L:/127.0.0.1:49985 ! R:localhost/127.0.0.1:49978] with attribute NettyResponseFuture{currentRetry=5,
	isDone=1,
	isCancelled=0,
	asyncHandler=org.asynchttpclient.ws.WebSocketUpgradeHandler@74612011,
	nettyRequest=org.asynchttpclient.netty.request.NettyRequest@21b33,
	future=java.util.concurrent.CompletableFuture@2662172d[Completed normally],
	uri=ws://localhost:49978/devtools/browser/1500306e-75f7-4005-b5fe-c6d54c0ea957,
	keepAlive=true,
	redirectCount=0,
	timeoutsHolder=null,
	inAuth=0,
	touch=1658422055681}
00:47:43.825 [AsyncHttpClient-1-22] DEBUG org.asynchttpclient.netty.channel.ChannelManager - Closing Channel [id: 0x95e18250, L:/127.0.0.1:49985 ! R:localhost/127.0.0.1:49978] 
00:47:43.832 [Driver Command Executor] DEBUG org.asynchttpclient.netty.request.NettyRequestSender - Using pooled Channel '[id: 0xa34a9f18, L:/127.0.0.1:49977 - R:localhost/127.0.0.1:50106]' for 'DELETE' to 'http://localhost:50106/session/d830a0067d2acc212fd107eb6da2ffbb'
00:47:43.832 [Driver Command Executor] DEBUG org.asynchttpclient.netty.request.NettyRequestSender - Using open Channel [id: 0xa34a9f18, L:/127.0.0.1:49977 - R:localhost/127.0.0.1:50106] for DELETE '/session/d830a0067d2acc212fd107eb6da2ffbb'
00:47:44.146 [AsyncHttpClient-1-21] DEBUG org.asynchttpclient.netty.handler.HttpHandler - Unexpected I/O exception on channel [id: 0x3d2bab81, L:/127.0.0.1:49984 - R:localhost/127.0.0.1:49978]
java.net.SocketException: Connection reset
	at java.base/sun.nio.ch.SocketChannelImpl.throwConnectionReset(SocketChannelImpl.java:394)
	at java.base/sun.nio.ch.SocketChannelImpl.read(SocketChannelImpl.java:426)
	at io.netty.buffer.PooledByteBuf.setBytes(PooledByteBuf.java:258)
	at io.netty.buffer.AbstractByteBuf.writeBytes(AbstractByteBuf.java:1132)
	at io.netty.channel.socket.nio.NioSocketChannel.doReadBytes(NioSocketChannel.java:350)
	at io.netty.channel.nio.AbstractNioByteChannel$NioByteUnsafe.read(AbstractNioByteChannel.java:151)
	at io.netty.channel.nio.NioEventLoop.processSelectedKey(NioEventLoop.java:722)
	at io.netty.channel.nio.NioEventLoop.processSelectedKeysOptimized(NioEventLoop.java:658)
	at io.netty.channel.nio.NioEventLoop.processSelectedKeys(NioEventLoop.java:584)
	at io.netty.channel.nio.NioEventLoop.run(NioEventLoop.java:496)
	at io.netty.util.concurrent.SingleThreadEventExecutor$4.run(SingleThreadEventExecutor.java:986)
	at io.netty.util.internal.ThreadExecutorMap$2.run(ThreadExecutorMap.java:74)
	at io.netty.util.concurrent.FastThreadLocalRunnable.run(FastThreadLocalRunnable.java:30)
	at java.base/java.lang.Thread.run(Thread.java:833)
00:47:44.146 [AsyncHttpClient-1-21] DEBUG org.asynchttpclient.netty.channel.ChannelManager - Closing Channel [id: 0x3d2bab81, L:/127.0.0.1:49984 - R:localhost/127.0.0.1:49978] 
00:47:44.146 [AsyncHttpClient-1-21] DEBUG org.asynchttpclient.netty.handler.HttpHandler - Channel Closed: [id: 0x3d2bab81, L:/127.0.0.1:49984 ! R:localhost/127.0.0.1:49978] with attribute DISCARD
00:47:44.408 [AsyncHttpClient-1-20] DEBUG org.asynchttpclient.netty.handler.HttpHandler - 

Request DefaultFullHttpRequest(decodeResult: success, version: HTTP/1.1, content: EmptyByteBufBE)
DELETE /session/d830a0067d2acc212fd107eb6da2ffbb HTTP/1.1
User-Agent: selenium/4.1.2 (java windows)
Content-Type: application/json; charset=utf-8
host: localhost:50106
accept: */*

Response DefaultHttpResponse(decodeResult: success, version: HTTP/1.1)
HTTP/1.1 200 OK
Content-Type: application/json; charset=utf-8
cache-control: no-cache
content-length: 14

00:47:44.408 [AsyncHttpClient-1-20] DEBUG org.asynchttpclient.netty.channel.ChannelManager - Adding key: http://localhost:50106 for channel [id: 0xa34a9f18, L:/127.0.0.1:49977 - R:localhost/127.0.0.1:50106]
00:47:44.895 [AsyncHttpClient-1-1] DEBUG org.asynchttpclient.netty.channel.DefaultChannelPool - Entry count for : http://localhost:49978 : 1
00:47:44.895 [AsyncHttpClient-1-1] DEBUG org.asynchttpclient.netty.channel.DefaultChannelPool - Entry count for : http://localhost:50106 : 1
00:47:44.895 [AsyncHttpClient-1-1] DEBUG org.asynchttpclient.netty.channel.DefaultChannelPool - Adding Candidate expired Channel [id: 0x3d2bab81, L:/127.0.0.1:49984 ! R:localhost/127.0.0.1:49978] isIdleTimeoutExpired=false isRemotelyClosed=true isTtlExpired=false
00:47:44.895 [AsyncHttpClient-1-1] DEBUG org.asynchttpclient.netty.channel.DefaultChannelPool - Closing Idle Channel [id: 0x3d2bab81, L:/127.0.0.1:49984 ! R:localhost/127.0.0.1:49978]
00:47:44.895 [AsyncHttpClient-1-1] DEBUG org.asynchttpclient.netty.channel.DefaultChannelPool - Closed 1 connections out of 2 in 0 ms
00:47:45.447 [AsyncHttpClient-1-20] DEBUG org.asynchttpclient.netty.handler.HttpHandler - Unexpected I/O exception on channel [id: 0xa34a9f18, L:/127.0.0.1:49977 - R:localhost/127.0.0.1:50106]
java.net.SocketException: Connection reset
	at java.base/sun.nio.ch.SocketChannelImpl.throwConnectionReset(SocketChannelImpl.java:394)
	at java.base/sun.nio.ch.SocketChannelImpl.read(SocketChannelImpl.java:426)
	at io.netty.buffer.PooledByteBuf.setBytes(PooledByteBuf.java:258)
	at io.netty.buffer.AbstractByteBuf.writeBytes(AbstractByteBuf.java:1132)
	at io.netty.channel.socket.nio.NioSocketChannel.doReadBytes(NioSocketChannel.java:350)
	at io.netty.channel.nio.AbstractNioByteChannel$NioByteUnsafe.read(AbstractNioByteChannel.java:151)
	at io.netty.channel.nio.NioEventLoop.processSelectedKey(NioEventLoop.java:722)
	at io.netty.channel.nio.NioEventLoop.processSelectedKeysOptimized(NioEventLoop.java:658)
	at io.netty.channel.nio.NioEventLoop.processSelectedKeys(NioEventLoop.java:584)
	at io.netty.channel.nio.NioEventLoop.run(NioEventLoop.java:496)
	at io.netty.util.concurrent.SingleThreadEventExecutor$4.run(SingleThreadEventExecutor.java:986)
	at io.netty.util.internal.ThreadExecutorMap$2.run(ThreadExecutorMap.java:74)
	at io.netty.util.concurrent.FastThreadLocalRunnable.run(FastThreadLocalRunnable.java:30)
	at java.base/java.lang.Thread.run(Thread.java:833)
00:47:45.447 [AsyncHttpClient-1-20] DEBUG org.asynchttpclient.netty.channel.ChannelManager - Closing Channel [id: 0xa34a9f18, L:/127.0.0.1:49977 - R:localhost/127.0.0.1:50106] 
00:47:45.447 [AsyncHttpClient-1-20] DEBUG org.asynchttpclient.netty.handler.HttpHandler - Channel Closed: [id: 0xa34a9f18, L:/127.0.0.1:49977 ! R:localhost/127.0.0.1:50106] with attribute DISCARD
]]></system-out>
    <system-err><![CDATA[Starting ChromeDriver 103.0.5060.134 (8ec6fce403b3feb0869b0732eda8bd95011d333c-refs/branch-heads/5060@{#1262}) on port 50106
Only local connections are allowed.
Please see https://chromedriver.chromium.org/security-considerations for suggestions on keeping ChromeDriver safe.
ChromeDriver was started successfully.
Jul 22, 2022 12:47:35 AM org.openqa.selenium.remote.ProtocolHandshake createSession
INFO: Detected dialect: W3C
Jul 22, 2022 12:47:35 AM org.openqa.selenium.devtools.CdpVersionFinder findNearestMatch
WARNING: Unable to find an exact match for CDP version 103, so returning the closest version found: a no-op implementation
Jul 22, 2022 12:47:35 AM org.openqa.selenium.devtools.CdpVersionFinder findNearestMatch
INFO: Unable to find CDP implementation matching 103.
Jul 22, 2022 12:47:35 AM org.openqa.selenium.chromium.ChromiumDriver lambda$new$3
WARNING: Unable to find version of CDP to use for . You may need to include a dependency on a specific version of the CDP using something similar to `org.seleniumhq.selenium:selenium-devtools-v86:4.1.2` where the version ("v86") matches the version of the chromium-based browser you're using and the version number of the artifact is the same as Selenium's.
]]></system-err>
  </testcase>
  <testcase name="admin choose delete admin" classname="admin see detail manageadmin page" time="10.947">
    <system-out><![CDATA[
@manage
Scenario: admin choose delete admin                 &amp#27;[90m# src/test/resources/features/manageadmin.feature:22&amp#27;[0m
00:47:45.514 [main] INFO io.cucumber.core.plugin.SerenityReporter - Running feature from file:///D:/capstone%20projek/web%20testing/src/test/resources/features/manageadmin.feature
00:47:45.515 [main] INFO  - 
  _____   ___   ___   _____     ___   _____     _     ___   _____   ___   ___  
 |_   _| | __| / __| |_   _|   / __| |_   _|   /_\   | _ \ |_   _| | __| |   \ 
   | |   | _|  \__ \   | |     \__ \   | |    / _ \  |   /   | |   | _|  | |) |
   |_|   |___| |___/   |_|     |___/   |_|   /_/ \_\ |_|_\   |_|   |___| |___/ 

admin choose delete admin(admin-see-detail-manageadmin-page;admin-choose-delete-admin)
--------------------------------------------------------------------------------
00:47:45.526 [main] DEBUG net.thucydides.core.steps.StepInterceptor - STARTING STEP: LoginSteps.adminOnLoginPage - openPage
00:47:45.527 [main] INFO net.serenitybdd.core.webdriver.driverproviders.ChromeDriverProvider - Using automatically driver download
00:47:45.640 [main] DEBUG io.github.bonigarcia.wdm.cache.ResolutionCache - Resolution chrome=103 in cache (valid until 01:32:20 22/07/2022 WITA)
00:47:45.643 [main] DEBUG io.github.bonigarcia.wdm.cache.ResolutionCache - Resolution chrome103=103.0.5060.134 in cache (valid until 21:05:58 22/07/2022 WITA)
00:47:45.644 [main] INFO io.github.bonigarcia.wdm.WebDriverManager - Using chromedriver 103.0.5060.134 (resolved driver for Chrome 103)
00:47:45.653 [main] DEBUG io.github.bonigarcia.wdm.WebDriverManager - Driver chromedriver 103.0.5060.134 found in cache
00:47:45.654 [main] INFO io.github.bonigarcia.wdm.WebDriverManager - Exporting webdriver.chrome.driver as C:\Users\Rev\.cache\selenium\chromedriver\win32\103.0.5060.134\chromedriver.exe
00:47:45.764 [main] DEBUG net.serenitybdd.core.webdriver.driverproviders.ProvideNewDriver - Instantiating driver
00:47:45.764 [main] DEBUG net.serenitybdd.core.webdriver.driverproviders.ProvideNewDriver - Driver capabilities: Capabilities {acceptInsecureCerts: false, base.url: https://sportly.rafdev.my.id/, browserName: chrome, chrome.driver: webdriver/chromedriver.exe, driver: chrome, goog:chromeOptions: {args: [], extensions: []}}
00:47:45.984 [AsyncHttpClient-1-1] DEBUG org.asynchttpclient.netty.channel.DefaultChannelPool - Entry count for : http://localhost:50106 : 1
00:47:45.984 [AsyncHttpClient-1-1] DEBUG org.asynchttpclient.netty.channel.DefaultChannelPool - Adding Candidate expired Channel [id: 0xa34a9f18, L:/127.0.0.1:49977 ! R:localhost/127.0.0.1:50106] isIdleTimeoutExpired=false isRemotelyClosed=true isTtlExpired=false
00:47:45.984 [AsyncHttpClient-1-1] DEBUG org.asynchttpclient.netty.channel.DefaultChannelPool - Closing Idle Channel [id: 0xa34a9f18, L:/127.0.0.1:49977 ! R:localhost/127.0.0.1:50106]
00:47:45.984 [AsyncHttpClient-1-1] DEBUG org.asynchttpclient.netty.channel.DefaultChannelPool - Closed 1 connections out of 1 in 0 ms
00:47:45.992 [AsyncHttpClient-1-23] DEBUG org.asynchttpclient.netty.channel.NettyConnectListener - Using new Channel '[id: 0xf8f126d6, L:/127.0.0.1:50023 - R:localhost/127.0.0.1:65354]' for 'POST' to '/session'
00:47:46.741 [AsyncHttpClient-1-23] DEBUG org.asynchttpclient.netty.handler.HttpHandler - 

Request DefaultHttpRequest(decodeResult: success, version: HTTP/1.1)
POST /session HTTP/1.1
User-Agent: selenium/4.1.2 (java windows)
Content-Length: 581
Content-Type: application/json; charset=utf-8
host: localhost:65354
accept: */*

Response DefaultHttpResponse(decodeResult: success, version: HTTP/1.1)
HTTP/1.1 200 OK
Content-Type: application/json; charset=utf-8
cache-control: no-cache
content-length: 790

00:47:46.742 [AsyncHttpClient-1-23] DEBUG org.asynchttpclient.netty.channel.ChannelManager - Adding key: http://localhost:65354 for channel [id: 0xf8f126d6, L:/127.0.0.1:50023 - R:localhost/127.0.0.1:65354]
00:47:46.749 [AsyncHttpClient-1-24] DEBUG org.asynchttpclient.netty.channel.NettyConnectListener - Using new Channel '[id: 0x4c83068b, L:/127.0.0.1:50030 - R:localhost/127.0.0.1:50024]' for 'GET' to '/json/version'
00:47:46.750 [AsyncHttpClient-1-24] DEBUG org.asynchttpclient.netty.handler.HttpHandler - 

Request DefaultFullHttpRequest(decodeResult: success, version: HTTP/1.1, content: EmptyByteBufBE)
GET /json/version HTTP/1.1
User-Agent: selenium/4.1.2 (java windows)
host: localhost:50024
accept: */*

Response DefaultHttpResponse(decodeResult: success, version: HTTP/1.1)
HTTP/1.1 200 OK
Content-Type: application/json; charset=UTF-8
content-length: 429

00:47:46.750 [AsyncHttpClient-1-24] DEBUG org.asynchttpclient.netty.channel.ChannelManager - Adding key: http://localhost:50024 for channel [id: 0x4c83068b, L:/127.0.0.1:50030 - R:localhost/127.0.0.1:50024]
00:47:46.752 [AsyncHttpClient-1-25] DEBUG org.asynchttpclient.netty.channel.NettyConnectListener - Using new Channel '[id: 0x94d95260, L:/127.0.0.1:50031 - R:localhost/127.0.0.1:50024]' for 'GET' to '/devtools/browser/80d6c4ad-44d9-4025-8107-e333caf24129'
00:47:46.752 [AsyncHttpClient-1-25] DEBUG org.asynchttpclient.netty.handler.WebSocketHandler - 

Request DefaultFullHttpRequest(decodeResult: success, version: HTTP/1.1, content: EmptyByteBufBE)
GET /devtools/browser/80d6c4ad-44d9-4025-8107-e333caf24129 HTTP/1.1
upgrade: websocket
connection: upgrade
sec-websocket-key: ZqpfaMJsJXfm6P9mTccH5A==
sec-websocket-version: 13
origin: http://localhost:50024
host: localhost:50024
accept: */*
user-agent: AHC/2.1

Response DefaultHttpResponse(decodeResult: success, version: HTTP/1.1)
HTTP/1.1 101 WebSocket Protocol Handshake
Upgrade: WebSocket
Connection: Upgrade
Sec-WebSocket-Accept: FAgByWE88AySignkGn9f94fjwoA=

00:47:46.757 [Forwarding setCurrentWindowSize on session 486a4f0aa3da3c1fbdf290b9268c6d6b to remote] DEBUG org.asynchttpclient.netty.request.NettyRequestSender - Using pooled Channel '[id: 0xf8f126d6, L:/127.0.0.1:50023 - R:localhost/127.0.0.1:65354]' for 'POST' to 'http://localhost:65354/session/486a4f0aa3da3c1fbdf290b9268c6d6b/window/rect'
00:47:46.757 [Forwarding setCurrentWindowSize on session 486a4f0aa3da3c1fbdf290b9268c6d6b to remote] DEBUG org.asynchttpclient.netty.request.NettyRequestSender - Using open Channel [id: 0xf8f126d6, L:/127.0.0.1:50023 - R:localhost/127.0.0.1:65354] for POST '/session/486a4f0aa3da3c1fbdf290b9268c6d6b/window/rect'
00:47:46.882 [AsyncHttpClient-1-23] DEBUG org.asynchttpclient.netty.handler.HttpHandler - 

Request DefaultHttpRequest(decodeResult: success, version: HTTP/1.1)
POST /session/486a4f0aa3da3c1fbdf290b9268c6d6b/window/rect HTTP/1.1
User-Agent: selenium/4.1.2 (java windows)
Content-Length: 37
Content-Type: application/json; charset=utf-8
host: localhost:65354
accept: */*

Response DefaultHttpResponse(decodeResult: success, version: HTTP/1.1)
HTTP/1.1 200 OK
Content-Type: application/json; charset=utf-8
cache-control: no-cache
content-length: 52

00:47:46.882 [AsyncHttpClient-1-23] DEBUG org.asynchttpclient.netty.channel.ChannelManager - Adding key: http://localhost:65354 for channel [id: 0xf8f126d6, L:/127.0.0.1:50023 - R:localhost/127.0.0.1:65354]
00:47:46.883 [Forwarding setWindowPosition on session 486a4f0aa3da3c1fbdf290b9268c6d6b to remote] DEBUG org.asynchttpclient.netty.request.NettyRequestSender - Using pooled Channel '[id: 0xf8f126d6, L:/127.0.0.1:50023 - R:localhost/127.0.0.1:65354]' for 'POST' to 'http://localhost:65354/session/486a4f0aa3da3c1fbdf290b9268c6d6b/window/rect'
00:47:46.883 [Forwarding setWindowPosition on session 486a4f0aa3da3c1fbdf290b9268c6d6b to remote] DEBUG org.asynchttpclient.netty.request.NettyRequestSender - Using open Channel [id: 0xf8f126d6, L:/127.0.0.1:50023 - R:localhost/127.0.0.1:65354] for POST '/session/486a4f0aa3da3c1fbdf290b9268c6d6b/window/rect'
00:47:47.012 [AsyncHttpClient-1-23] DEBUG org.asynchttpclient.netty.handler.HttpHandler - 

Request DefaultHttpRequest(decodeResult: success, version: HTTP/1.1)
POST /session/486a4f0aa3da3c1fbdf290b9268c6d6b/window/rect HTTP/1.1
User-Agent: selenium/4.1.2 (java windows)
Content-Length: 22
Content-Type: application/json; charset=utf-8
host: localhost:65354
accept: */*

Response DefaultHttpResponse(decodeResult: success, version: HTTP/1.1)
HTTP/1.1 200 OK
Content-Type: application/json; charset=utf-8
cache-control: no-cache
content-length: 50

00:47:47.012 [AsyncHttpClient-1-23] DEBUG org.asynchttpclient.netty.channel.ChannelManager - Adding key: http://localhost:65354 for channel [id: 0xf8f126d6, L:/127.0.0.1:50023 - R:localhost/127.0.0.1:65354]
00:47:47.013 [Forwarding get on session 486a4f0aa3da3c1fbdf290b9268c6d6b to remote] DEBUG org.asynchttpclient.netty.request.NettyRequestSender - Using pooled Channel '[id: 0xf8f126d6, L:/127.0.0.1:50023 - R:localhost/127.0.0.1:65354]' for 'POST' to 'http://localhost:65354/session/486a4f0aa3da3c1fbdf290b9268c6d6b/url'
00:47:47.013 [Forwarding get on session 486a4f0aa3da3c1fbdf290b9268c6d6b to remote] DEBUG org.asynchttpclient.netty.request.NettyRequestSender - Using open Channel [id: 0xf8f126d6, L:/127.0.0.1:50023 - R:localhost/127.0.0.1:65354] for POST '/session/486a4f0aa3da3c1fbdf290b9268c6d6b/url'
00:47:47.085 [AsyncHttpClient-1-1] DEBUG org.asynchttpclient.netty.channel.DefaultChannelPool - Entry count for : http://localhost:50024 : 1
00:47:48.186 [AsyncHttpClient-1-1] DEBUG org.asynchttpclient.netty.channel.DefaultChannelPool - Entry count for : http://localhost:50024 : 1
00:47:49.286 [AsyncHttpClient-1-1] DEBUG org.asynchttpclient.netty.channel.DefaultChannelPool - Entry count for : http://localhost:50024 : 1
00:47:49.401 [AsyncHttpClient-1-23] DEBUG org.asynchttpclient.netty.handler.HttpHandler - 

Request DefaultHttpRequest(decodeResult: success, version: HTTP/1.1)
POST /session/486a4f0aa3da3c1fbdf290b9268c6d6b/url HTTP/1.1
User-Agent: selenium/4.1.2 (java windows)
Content-Length: 59
Content-Type: application/json; charset=utf-8
host: localhost:65354
accept: */*

Response DefaultHttpResponse(decodeResult: success, version: HTTP/1.1)
HTTP/1.1 200 OK
Content-Type: application/json; charset=utf-8
cache-control: no-cache
content-length: 14

00:47:49.401 [AsyncHttpClient-1-23] DEBUG org.asynchttpclient.netty.channel.ChannelManager - Adding key: http://localhost:65354 for channel [id: 0xf8f126d6, L:/127.0.0.1:50023 - R:localhost/127.0.0.1:65354]
00:47:49.402 [Forwarding setTimeout on session 486a4f0aa3da3c1fbdf290b9268c6d6b to remote] DEBUG org.asynchttpclient.netty.request.NettyRequestSender - Using pooled Channel '[id: 0xf8f126d6, L:/127.0.0.1:50023 - R:localhost/127.0.0.1:65354]' for 'POST' to 'http://localhost:65354/session/486a4f0aa3da3c1fbdf290b9268c6d6b/timeouts'
00:47:49.402 [Forwarding setTimeout on session 486a4f0aa3da3c1fbdf290b9268c6d6b to remote] DEBUG org.asynchttpclient.netty.request.NettyRequestSender - Using open Channel [id: 0xf8f126d6, L:/127.0.0.1:50023 - R:localhost/127.0.0.1:65354] for POST '/session/486a4f0aa3da3c1fbdf290b9268c6d6b/timeouts'
00:47:49.406 [AsyncHttpClient-1-23] DEBUG org.asynchttpclient.netty.handler.HttpHandler - 

Request DefaultHttpRequest(decodeResult: success, version: HTTP/1.1)
POST /session/486a4f0aa3da3c1fbdf290b9268c6d6b/timeouts HTTP/1.1
User-Agent: selenium/4.1.2 (java windows)
Content-Length: 22
Content-Type: application/json; charset=utf-8
host: localhost:65354
accept: */*

Response DefaultHttpResponse(decodeResult: success, version: HTTP/1.1)
HTTP/1.1 200 OK
Content-Type: application/json; charset=utf-8
cache-control: no-cache
content-length: 14

00:47:49.406 [AsyncHttpClient-1-23] DEBUG org.asynchttpclient.netty.channel.ChannelManager - Adding key: http://localhost:65354 for channel [id: 0xf8f126d6, L:/127.0.0.1:50023 - R:localhost/127.0.0.1:65354]
00:47:49.408 [Forwarding getCurrentUrl on session 486a4f0aa3da3c1fbdf290b9268c6d6b to remote] DEBUG org.asynchttpclient.netty.request.NettyRequestSender - Using pooled Channel '[id: 0xf8f126d6, L:/127.0.0.1:50023 - R:localhost/127.0.0.1:65354]' for 'GET' to 'http://localhost:65354/session/486a4f0aa3da3c1fbdf290b9268c6d6b/url'
00:47:49.408 [Forwarding getCurrentUrl on session 486a4f0aa3da3c1fbdf290b9268c6d6b to remote] DEBUG org.asynchttpclient.netty.request.NettyRequestSender - Using open Channel [id: 0xf8f126d6, L:/127.0.0.1:50023 - R:localhost/127.0.0.1:65354] for GET '/session/486a4f0aa3da3c1fbdf290b9268c6d6b/url'
00:47:49.443 [AsyncHttpClient-1-23] DEBUG org.asynchttpclient.netty.handler.HttpHandler - 

Request DefaultFullHttpRequest(decodeResult: success, version: HTTP/1.1, content: EmptyByteBufBE)
GET /session/486a4f0aa3da3c1fbdf290b9268c6d6b/url HTTP/1.1
User-Agent: selenium/4.1.2 (java windows)
Cache-Control: no-cache
Content-Type: application/json; charset=utf-8
host: localhost:65354
accept: */*

Response DefaultHttpResponse(decodeResult: success, version: HTTP/1.1)
HTTP/1.1 200 OK
Content-Type: application/json; charset=utf-8
cache-control: no-cache
content-length: 46

00:47:49.443 [AsyncHttpClient-1-23] DEBUG org.asynchttpclient.netty.channel.ChannelManager - Adding key: http://localhost:65354 for channel [id: 0xf8f126d6, L:/127.0.0.1:50023 - R:localhost/127.0.0.1:65354]
00:47:49.447 [Forwarding getCurrentUrl on session 486a4f0aa3da3c1fbdf290b9268c6d6b to remote] DEBUG org.asynchttpclient.netty.request.NettyRequestSender - Using pooled Channel '[id: 0xf8f126d6, L:/127.0.0.1:50023 - R:localhost/127.0.0.1:65354]' for 'GET' to 'http://localhost:65354/session/486a4f0aa3da3c1fbdf290b9268c6d6b/url'
00:47:49.447 [Forwarding getCurrentUrl on session 486a4f0aa3da3c1fbdf290b9268c6d6b to remote] DEBUG org.asynchttpclient.netty.request.NettyRequestSender - Using open Channel [id: 0xf8f126d6, L:/127.0.0.1:50023 - R:localhost/127.0.0.1:65354] for GET '/session/486a4f0aa3da3c1fbdf290b9268c6d6b/url'
00:47:49.465 [AsyncHttpClient-1-23] DEBUG org.asynchttpclient.netty.handler.HttpHandler - 

Request DefaultFullHttpRequest(decodeResult: success, version: HTTP/1.1, content: EmptyByteBufBE)
GET /session/486a4f0aa3da3c1fbdf290b9268c6d6b/url HTTP/1.1
User-Agent: selenium/4.1.2 (java windows)
Cache-Control: no-cache
Content-Type: application/json; charset=utf-8
host: localhost:65354
accept: */*

Response DefaultHttpResponse(decodeResult: success, version: HTTP/1.1)
HTTP/1.1 200 OK
Content-Type: application/json; charset=utf-8
cache-control: no-cache
content-length: 46

00:47:49.465 [AsyncHttpClient-1-23] DEBUG org.asynchttpclient.netty.channel.ChannelManager - Adding key: http://localhost:65354 for channel [id: 0xf8f126d6, L:/127.0.0.1:50023 - R:localhost/127.0.0.1:65354]
00:47:49.470 [Forwarding screenshot on session 486a4f0aa3da3c1fbdf290b9268c6d6b to remote] DEBUG org.asynchttpclient.netty.request.NettyRequestSender - Using pooled Channel '[id: 0xf8f126d6, L:/127.0.0.1:50023 - R:localhost/127.0.0.1:65354]' for 'GET' to 'http://localhost:65354/session/486a4f0aa3da3c1fbdf290b9268c6d6b/screenshot'
00:47:49.470 [Forwarding screenshot on session 486a4f0aa3da3c1fbdf290b9268c6d6b to remote] DEBUG org.asynchttpclient.netty.request.NettyRequestSender - Using open Channel [id: 0xf8f126d6, L:/127.0.0.1:50023 - R:localhost/127.0.0.1:65354] for GET '/session/486a4f0aa3da3c1fbdf290b9268c6d6b/screenshot'
00:47:49.893 [AsyncHttpClient-1-23] DEBUG org.asynchttpclient.netty.handler.HttpHandler - 

Request DefaultFullHttpRequest(decodeResult: success, version: HTTP/1.1, content: EmptyByteBufBE)
GET /session/486a4f0aa3da3c1fbdf290b9268c6d6b/screenshot HTTP/1.1
User-Agent: selenium/4.1.2 (java windows)
Cache-Control: no-cache
Content-Type: application/json; charset=utf-8
host: localhost:65354
accept: */*

Response DefaultHttpResponse(decodeResult: success, version: HTTP/1.1)
HTTP/1.1 200 OK
Content-Type: application/json; charset=utf-8
cache-control: no-cache
content-length: 575004

00:47:49.894 [AsyncHttpClient-1-23] DEBUG org.asynchttpclient.netty.channel.ChannelManager - Adding key: http://localhost:65354 for channel [id: 0xf8f126d6, L:/127.0.0.1:50023 - R:localhost/127.0.0.1:65354]
00:47:49.904 [main] DEBUG net.serenitybdd.core.photography.Darkroom - Send negative for processing for target\site\serenity\bdfb3257a55b5f729af578dfc1dc3a5762c89839bea5dc19984e34dd6640fee1.png
00:47:49.904 [main] DEBUG net.thucydides.core.steps.StepInterceptor - STEP DONE: openPage
00:47:49.908 [main] DEBUG net.thucydides.core.steps.StepInterceptor - STARTING STEP: LoginSteps.adminOnLoginPage - validateonLoginPage
00:47:49.910 [Forwarding findElement on session 486a4f0aa3da3c1fbdf290b9268c6d6b to remote] DEBUG org.asynchttpclient.netty.request.NettyRequestSender - Using pooled Channel '[id: 0xf8f126d6, L:/127.0.0.1:50023 - R:localhost/127.0.0.1:65354]' for 'POST' to 'http://localhost:65354/session/486a4f0aa3da3c1fbdf290b9268c6d6b/element'
00:47:49.910 [Forwarding findElement on session 486a4f0aa3da3c1fbdf290b9268c6d6b to remote] DEBUG org.asynchttpclient.netty.request.NettyRequestSender - Using open Channel [id: 0xf8f126d6, L:/127.0.0.1:50023 - R:localhost/127.0.0.1:65354] for POST '/session/486a4f0aa3da3c1fbdf290b9268c6d6b/element'
00:47:49.928 [AsyncHttpClient-1-23] DEBUG org.asynchttpclient.netty.handler.HttpHandler - 

Request DefaultHttpRequest(decodeResult: success, version: HTTP/1.1)
POST /session/486a4f0aa3da3c1fbdf290b9268c6d6b/element HTTP/1.1
User-Agent: selenium/4.1.2 (java windows)
Content-Length: 71
Content-Type: application/json; charset=utf-8
host: localhost:65354
accept: */*

Response DefaultHttpResponse(decodeResult: success, version: HTTP/1.1)
HTTP/1.1 200 OK
Content-Type: application/json; charset=utf-8
cache-control: no-cache
content-length: 88

00:47:49.928 [AsyncHttpClient-1-23] DEBUG org.asynchttpclient.netty.channel.ChannelManager - Adding key: http://localhost:65354 for channel [id: 0xf8f126d6, L:/127.0.0.1:50023 - R:localhost/127.0.0.1:65354]
00:47:49.931 [Forwarding isElementDisplayed on session 486a4f0aa3da3c1fbdf290b9268c6d6b to remote] DEBUG org.asynchttpclient.netty.request.NettyRequestSender - Using pooled Channel '[id: 0xf8f126d6, L:/127.0.0.1:50023 - R:localhost/127.0.0.1:65354]' for 'POST' to 'http://localhost:65354/session/486a4f0aa3da3c1fbdf290b9268c6d6b/execute/sync'
00:47:49.931 [Forwarding isElementDisplayed on session 486a4f0aa3da3c1fbdf290b9268c6d6b to remote] DEBUG org.asynchttpclient.netty.request.NettyRequestSender - Using open Channel [id: 0xf8f126d6, L:/127.0.0.1:50023 - R:localhost/127.0.0.1:65354] for POST '/session/486a4f0aa3da3c1fbdf290b9268c6d6b/execute/sync'
00:47:49.949 [AsyncHttpClient-1-23] DEBUG org.asynchttpclient.netty.handler.HttpHandler - 

Request DefaultHttpRequest(decodeResult: success, version: HTTP/1.1)
POST /session/486a4f0aa3da3c1fbdf290b9268c6d6b/execute/sync HTTP/1.1
User-Agent: selenium/4.1.2 (java windows)
Content-Length: 48780
Content-Type: application/json; charset=utf-8
host: localhost:65354
accept: */*

Response DefaultHttpResponse(decodeResult: success, version: HTTP/1.1)
HTTP/1.1 200 OK
Content-Type: application/json; charset=utf-8
cache-control: no-cache
content-length: 14

00:47:49.950 [AsyncHttpClient-1-23] DEBUG org.asynchttpclient.netty.channel.ChannelManager - Adding key: http://localhost:65354 for channel [id: 0xf8f126d6, L:/127.0.0.1:50023 - R:localhost/127.0.0.1:65354]
00:47:49.953 [main] DEBUG net.thucydides.core.steps.StepInterceptor - STEP DONE: validateonLoginPage
  &amp#27;[32mGiven &amp#27;[0m&amp#27;[32madmin on login page&amp#27;[0m                         &amp#27;[90m# starter.definitions.LoginSteps.adminOnLoginPage()&amp#27;[0m
00:47:49.958 [Forwarding screenshot on session 486a4f0aa3da3c1fbdf290b9268c6d6b to remote] DEBUG org.asynchttpclient.netty.request.NettyRequestSender - Using pooled Channel '[id: 0xf8f126d6, L:/127.0.0.1:50023 - R:localhost/127.0.0.1:65354]' for 'GET' to 'http://localhost:65354/session/486a4f0aa3da3c1fbdf290b9268c6d6b/screenshot'
00:47:49.958 [Forwarding screenshot on session 486a4f0aa3da3c1fbdf290b9268c6d6b to remote] DEBUG org.asynchttpclient.netty.request.NettyRequestSender - Using open Channel [id: 0xf8f126d6, L:/127.0.0.1:50023 - R:localhost/127.0.0.1:65354] for GET '/session/486a4f0aa3da3c1fbdf290b9268c6d6b/screenshot'
00:47:50.267 [AsyncHttpClient-1-23] DEBUG org.asynchttpclient.netty.handler.HttpHandler - 

Request DefaultFullHttpRequest(decodeResult: success, version: HTTP/1.1, content: EmptyByteBufBE)
GET /session/486a4f0aa3da3c1fbdf290b9268c6d6b/screenshot HTTP/1.1
User-Agent: selenium/4.1.2 (java windows)
Cache-Control: no-cache
Content-Type: application/json; charset=utf-8
host: localhost:65354
accept: */*

Response DefaultHttpResponse(decodeResult: success, version: HTTP/1.1)
HTTP/1.1 200 OK
Content-Type: application/json; charset=utf-8
cache-control: no-cache
content-length: 575004

00:47:50.268 [AsyncHttpClient-1-23] DEBUG org.asynchttpclient.netty.channel.ChannelManager - Adding key: http://localhost:65354 for channel [id: 0xf8f126d6, L:/127.0.0.1:50023 - R:localhost/127.0.0.1:65354]
00:47:50.277 [main] DEBUG net.serenitybdd.core.photography.Darkroom - Send negative for processing for target\site\serenity\bdfb3257a55b5f729af578dfc1dc3a5762c89839bea5dc19984e34dd6640fee1.png
00:47:50.287 [main] DEBUG net.thucydides.core.steps.StepInterceptor - STARTING STEP: LoginSteps.adminInputValidUssername - inputusername
00:47:50.289 [Forwarding findElement on session 486a4f0aa3da3c1fbdf290b9268c6d6b to remote] DEBUG org.asynchttpclient.netty.request.NettyRequestSender - Using pooled Channel '[id: 0xf8f126d6, L:/127.0.0.1:50023 - R:localhost/127.0.0.1:65354]' for 'POST' to 'http://localhost:65354/session/486a4f0aa3da3c1fbdf290b9268c6d6b/element'
00:47:50.289 [Forwarding findElement on session 486a4f0aa3da3c1fbdf290b9268c6d6b to remote] DEBUG org.asynchttpclient.netty.request.NettyRequestSender - Using open Channel [id: 0xf8f126d6, L:/127.0.0.1:50023 - R:localhost/127.0.0.1:65354] for POST '/session/486a4f0aa3da3c1fbdf290b9268c6d6b/element'
00:47:50.304 [AsyncHttpClient-1-23] DEBUG org.asynchttpclient.netty.handler.HttpHandler - 

Request DefaultHttpRequest(decodeResult: success, version: HTTP/1.1)
POST /session/486a4f0aa3da3c1fbdf290b9268c6d6b/element HTTP/1.1
User-Agent: selenium/4.1.2 (java windows)
Content-Length: 92
Content-Type: application/json; charset=utf-8
host: localhost:65354
accept: */*

Response DefaultHttpResponse(decodeResult: success, version: HTTP/1.1)
HTTP/1.1 200 OK
Content-Type: application/json; charset=utf-8
cache-control: no-cache
content-length: 88

00:47:50.304 [AsyncHttpClient-1-23] DEBUG org.asynchttpclient.netty.channel.ChannelManager - Adding key: http://localhost:65354 for channel [id: 0xf8f126d6, L:/127.0.0.1:50023 - R:localhost/127.0.0.1:65354]
00:47:50.305 [Forwarding clearElement on session 486a4f0aa3da3c1fbdf290b9268c6d6b to remote] DEBUG org.asynchttpclient.netty.request.NettyRequestSender - Using pooled Channel '[id: 0xf8f126d6, L:/127.0.0.1:50023 - R:localhost/127.0.0.1:65354]' for 'POST' to 'http://localhost:65354/session/486a4f0aa3da3c1fbdf290b9268c6d6b/element/26ce27a9-e75c-4c52-acb2-07e3b9c4484e/clear'
00:47:50.305 [Forwarding clearElement on session 486a4f0aa3da3c1fbdf290b9268c6d6b to remote] DEBUG org.asynchttpclient.netty.request.NettyRequestSender - Using open Channel [id: 0xf8f126d6, L:/127.0.0.1:50023 - R:localhost/127.0.0.1:65354] for POST '/session/486a4f0aa3da3c1fbdf290b9268c6d6b/element/26ce27a9-e75c-4c52-acb2-07e3b9c4484e/clear'
00:47:50.336 [AsyncHttpClient-1-23] DEBUG org.asynchttpclient.netty.handler.HttpHandler - 

Request DefaultHttpRequest(decodeResult: success, version: HTTP/1.1)
POST /session/486a4f0aa3da3c1fbdf290b9268c6d6b/element/26ce27a9-e75c-4c52-acb2-07e3b9c4484e/clear HTTP/1.1
User-Agent: selenium/4.1.2 (java windows)
Content-Length: 50
Content-Type: application/json; charset=utf-8
host: localhost:65354
accept: */*

Response DefaultHttpResponse(decodeResult: success, version: HTTP/1.1)
HTTP/1.1 200 OK
Content-Type: application/json; charset=utf-8
cache-control: no-cache
content-length: 14

00:47:50.336 [AsyncHttpClient-1-23] DEBUG org.asynchttpclient.netty.channel.ChannelManager - Adding key: http://localhost:65354 for channel [id: 0xf8f126d6, L:/127.0.0.1:50023 - R:localhost/127.0.0.1:65354]
00:47:50.338 [Forwarding sendKeysToElement on session 486a4f0aa3da3c1fbdf290b9268c6d6b to remote] DEBUG org.asynchttpclient.netty.request.NettyRequestSender - Using pooled Channel '[id: 0xf8f126d6, L:/127.0.0.1:50023 - R:localhost/127.0.0.1:65354]' for 'POST' to 'http://localhost:65354/session/486a4f0aa3da3c1fbdf290b9268c6d6b/element/26ce27a9-e75c-4c52-acb2-07e3b9c4484e/value'
00:47:50.338 [Forwarding sendKeysToElement on session 486a4f0aa3da3c1fbdf290b9268c6d6b to remote] DEBUG org.asynchttpclient.netty.request.NettyRequestSender - Using open Channel [id: 0xf8f126d6, L:/127.0.0.1:50023 - R:localhost/127.0.0.1:65354] for POST '/session/486a4f0aa3da3c1fbdf290b9268c6d6b/element/26ce27a9-e75c-4c52-acb2-07e3b9c4484e/value'
00:47:50.390 [AsyncHttpClient-1-1] DEBUG org.asynchttpclient.netty.channel.DefaultChannelPool - Entry count for : http://localhost:50024 : 1
00:47:50.399 [AsyncHttpClient-1-23] DEBUG org.asynchttpclient.netty.handler.HttpHandler - 

Request DefaultHttpRequest(decodeResult: success, version: HTTP/1.1)
POST /session/486a4f0aa3da3c1fbdf290b9268c6d6b/element/26ce27a9-e75c-4c52-acb2-07e3b9c4484e/value HTTP/1.1
User-Agent: selenium/4.1.2 (java windows)
Content-Length: 151
Content-Type: application/json; charset=utf-8
host: localhost:65354
accept: */*

Response DefaultHttpResponse(decodeResult: success, version: HTTP/1.1)
HTTP/1.1 200 OK
Content-Type: application/json; charset=utf-8
cache-control: no-cache
content-length: 14

00:47:50.399 [AsyncHttpClient-1-23] DEBUG org.asynchttpclient.netty.channel.ChannelManager - Adding key: http://localhost:65354 for channel [id: 0xf8f126d6, L:/127.0.0.1:50023 - R:localhost/127.0.0.1:65354]
00:47:50.404 [Forwarding screenshot on session 486a4f0aa3da3c1fbdf290b9268c6d6b to remote] DEBUG org.asynchttpclient.netty.request.NettyRequestSender - Using pooled Channel '[id: 0xf8f126d6, L:/127.0.0.1:50023 - R:localhost/127.0.0.1:65354]' for 'GET' to 'http://localhost:65354/session/486a4f0aa3da3c1fbdf290b9268c6d6b/screenshot'
00:47:50.404 [Forwarding screenshot on session 486a4f0aa3da3c1fbdf290b9268c6d6b to remote] DEBUG org.asynchttpclient.netty.request.NettyRequestSender - Using open Channel [id: 0xf8f126d6, L:/127.0.0.1:50023 - R:localhost/127.0.0.1:65354] for GET '/session/486a4f0aa3da3c1fbdf290b9268c6d6b/screenshot'
00:47:50.693 [AsyncHttpClient-1-23] DEBUG org.asynchttpclient.netty.handler.HttpHandler - 

Request DefaultFullHttpRequest(decodeResult: success, version: HTTP/1.1, content: EmptyByteBufBE)
GET /session/486a4f0aa3da3c1fbdf290b9268c6d6b/screenshot HTTP/1.1
User-Agent: selenium/4.1.2 (java windows)
Cache-Control: no-cache
Content-Type: application/json; charset=utf-8
host: localhost:65354
accept: */*

Response DefaultHttpResponse(decodeResult: success, version: HTTP/1.1)
HTTP/1.1 200 OK
Content-Type: application/json; charset=utf-8
cache-control: no-cache
content-length: 573184

00:47:50.694 [AsyncHttpClient-1-23] DEBUG org.asynchttpclient.netty.channel.ChannelManager - Adding key: http://localhost:65354 for channel [id: 0xf8f126d6, L:/127.0.0.1:50023 - R:localhost/127.0.0.1:65354]
00:47:50.703 [main] DEBUG net.serenitybdd.core.photography.Darkroom - Send negative for processing for target\site\serenity\f77c054aa6a666f419ab49e776fdfb7fc10c7c59289c58aa7b77a3e2461e450a.png
00:47:50.703 [main] DEBUG net.thucydides.core.steps.StepInterceptor - STEP DONE: inputusername
  &amp#27;[32mWhen &amp#27;[0m&amp#27;[32madmin input valid ussername&amp#27;[0m                  &amp#27;[90m# starter.definitions.LoginSteps.adminInputValidUssername()&amp#27;[0m
00:47:50.717 [main] DEBUG net.thucydides.core.steps.StepInterceptor - STARTING STEP: LoginSteps.adminInputValidPassword - inputPassword
00:47:50.720 [Forwarding findElement on session 486a4f0aa3da3c1fbdf290b9268c6d6b to remote] DEBUG org.asynchttpclient.netty.request.NettyRequestSender - Using pooled Channel '[id: 0xf8f126d6, L:/127.0.0.1:50023 - R:localhost/127.0.0.1:65354]' for 'POST' to 'http://localhost:65354/session/486a4f0aa3da3c1fbdf290b9268c6d6b/element'
00:47:50.720 [Forwarding findElement on session 486a4f0aa3da3c1fbdf290b9268c6d6b to remote] DEBUG org.asynchttpclient.netty.request.NettyRequestSender - Using open Channel [id: 0xf8f126d6, L:/127.0.0.1:50023 - R:localhost/127.0.0.1:65354] for POST '/session/486a4f0aa3da3c1fbdf290b9268c6d6b/element'
00:47:50.744 [AsyncHttpClient-1-23] DEBUG org.asynchttpclient.netty.handler.HttpHandler - 

Request DefaultHttpRequest(decodeResult: success, version: HTTP/1.1)
POST /session/486a4f0aa3da3c1fbdf290b9268c6d6b/element HTTP/1.1
User-Agent: selenium/4.1.2 (java windows)
Content-Length: 92
Content-Type: application/json; charset=utf-8
host: localhost:65354
accept: */*

Response DefaultHttpResponse(decodeResult: success, version: HTTP/1.1)
HTTP/1.1 200 OK
Content-Type: application/json; charset=utf-8
cache-control: no-cache
content-length: 88

00:47:50.744 [AsyncHttpClient-1-23] DEBUG org.asynchttpclient.netty.channel.ChannelManager - Adding key: http://localhost:65354 for channel [id: 0xf8f126d6, L:/127.0.0.1:50023 - R:localhost/127.0.0.1:65354]
00:47:50.745 [Forwarding clearElement on session 486a4f0aa3da3c1fbdf290b9268c6d6b to remote] DEBUG org.asynchttpclient.netty.request.NettyRequestSender - Using pooled Channel '[id: 0xf8f126d6, L:/127.0.0.1:50023 - R:localhost/127.0.0.1:65354]' for 'POST' to 'http://localhost:65354/session/486a4f0aa3da3c1fbdf290b9268c6d6b/element/eaba5267-2b29-48fa-9eeb-d8dcb7f534eb/clear'
00:47:50.745 [Forwarding clearElement on session 486a4f0aa3da3c1fbdf290b9268c6d6b to remote] DEBUG org.asynchttpclient.netty.request.NettyRequestSender - Using open Channel [id: 0xf8f126d6, L:/127.0.0.1:50023 - R:localhost/127.0.0.1:65354] for POST '/session/486a4f0aa3da3c1fbdf290b9268c6d6b/element/eaba5267-2b29-48fa-9eeb-d8dcb7f534eb/clear'
00:47:50.795 [AsyncHttpClient-1-23] DEBUG org.asynchttpclient.netty.handler.HttpHandler - 

Request DefaultHttpRequest(decodeResult: success, version: HTTP/1.1)
POST /session/486a4f0aa3da3c1fbdf290b9268c6d6b/element/eaba5267-2b29-48fa-9eeb-d8dcb7f534eb/clear HTTP/1.1
User-Agent: selenium/4.1.2 (java windows)
Content-Length: 50
Content-Type: application/json; charset=utf-8
host: localhost:65354
accept: */*

Response DefaultHttpResponse(decodeResult: success, version: HTTP/1.1)
HTTP/1.1 200 OK
Content-Type: application/json; charset=utf-8
cache-control: no-cache
content-length: 14

00:47:50.795 [AsyncHttpClient-1-23] DEBUG org.asynchttpclient.netty.channel.ChannelManager - Adding key: http://localhost:65354 for channel [id: 0xf8f126d6, L:/127.0.0.1:50023 - R:localhost/127.0.0.1:65354]
00:47:50.797 [Forwarding sendKeysToElement on session 486a4f0aa3da3c1fbdf290b9268c6d6b to remote] DEBUG org.asynchttpclient.netty.request.NettyRequestSender - Using pooled Channel '[id: 0xf8f126d6, L:/127.0.0.1:50023 - R:localhost/127.0.0.1:65354]' for 'POST' to 'http://localhost:65354/session/486a4f0aa3da3c1fbdf290b9268c6d6b/element/eaba5267-2b29-48fa-9eeb-d8dcb7f534eb/value'
00:47:50.797 [Forwarding sendKeysToElement on session 486a4f0aa3da3c1fbdf290b9268c6d6b to remote] DEBUG org.asynchttpclient.netty.request.NettyRequestSender - Using open Channel [id: 0xf8f126d6, L:/127.0.0.1:50023 - R:localhost/127.0.0.1:65354] for POST '/session/486a4f0aa3da3c1fbdf290b9268c6d6b/element/eaba5267-2b29-48fa-9eeb-d8dcb7f534eb/value'
00:47:50.898 [AsyncHttpClient-1-23] DEBUG org.asynchttpclient.netty.handler.HttpHandler - 

Request DefaultHttpRequest(decodeResult: success, version: HTTP/1.1)
POST /session/486a4f0aa3da3c1fbdf290b9268c6d6b/element/eaba5267-2b29-48fa-9eeb-d8dcb7f534eb/value HTTP/1.1
User-Agent: selenium/4.1.2 (java windows)
Content-Length: 291
Content-Type: application/json; charset=utf-8
host: localhost:65354
accept: */*

Response DefaultHttpResponse(decodeResult: success, version: HTTP/1.1)
HTTP/1.1 200 OK
Content-Type: application/json; charset=utf-8
cache-control: no-cache
content-length: 14

00:47:50.898 [AsyncHttpClient-1-23] DEBUG org.asynchttpclient.netty.channel.ChannelManager - Adding key: http://localhost:65354 for channel [id: 0xf8f126d6, L:/127.0.0.1:50023 - R:localhost/127.0.0.1:65354]
00:47:50.903 [Forwarding screenshot on session 486a4f0aa3da3c1fbdf290b9268c6d6b to remote] DEBUG org.asynchttpclient.netty.request.NettyRequestSender - Using pooled Channel '[id: 0xf8f126d6, L:/127.0.0.1:50023 - R:localhost/127.0.0.1:65354]' for 'GET' to 'http://localhost:65354/session/486a4f0aa3da3c1fbdf290b9268c6d6b/screenshot'
00:47:50.903 [Forwarding screenshot on session 486a4f0aa3da3c1fbdf290b9268c6d6b to remote] DEBUG org.asynchttpclient.netty.request.NettyRequestSender - Using open Channel [id: 0xf8f126d6, L:/127.0.0.1:50023 - R:localhost/127.0.0.1:65354] for GET '/session/486a4f0aa3da3c1fbdf290b9268c6d6b/screenshot'
00:47:51.198 [AsyncHttpClient-1-23] DEBUG org.asynchttpclient.netty.handler.HttpHandler - 

Request DefaultFullHttpRequest(decodeResult: success, version: HTTP/1.1, content: EmptyByteBufBE)
GET /session/486a4f0aa3da3c1fbdf290b9268c6d6b/screenshot HTTP/1.1
User-Agent: selenium/4.1.2 (java windows)
Cache-Control: no-cache
Content-Type: application/json; charset=utf-8
host: localhost:65354
accept: */*

Response DefaultHttpResponse(decodeResult: success, version: HTTP/1.1)
HTTP/1.1 200 OK
Content-Type: application/json; charset=utf-8
cache-control: no-cache
content-length: 569460

00:47:51.198 [AsyncHttpClient-1-23] DEBUG org.asynchttpclient.netty.channel.ChannelManager - Adding key: http://localhost:65354 for channel [id: 0xf8f126d6, L:/127.0.0.1:50023 - R:localhost/127.0.0.1:65354]
00:47:51.208 [main] DEBUG net.serenitybdd.core.photography.Darkroom - Send negative for processing for target\site\serenity\7121c7966e51ed0bee580053fa8354e56400a63fd65cbfa41529dc1e051e1e6a.png
00:47:51.208 [main] DEBUG net.thucydides.core.steps.StepInterceptor - STEP DONE: inputPassword
  &amp#27;[32mAnd &amp#27;[0m&amp#27;[32madmin input valid password&amp#27;[0m                    &amp#27;[90m# starter.definitions.LoginSteps.adminInputValidPassword()&amp#27;[0m
00:47:51.220 [main] DEBUG net.thucydides.core.steps.StepInterceptor - STARTING STEP: LoginSteps.clickLoginButton - clickloginButton
00:47:51.223 [Forwarding findElement on session 486a4f0aa3da3c1fbdf290b9268c6d6b to remote] DEBUG org.asynchttpclient.netty.request.NettyRequestSender - Using pooled Channel '[id: 0xf8f126d6, L:/127.0.0.1:50023 - R:localhost/127.0.0.1:65354]' for 'POST' to 'http://localhost:65354/session/486a4f0aa3da3c1fbdf290b9268c6d6b/element'
00:47:51.223 [Forwarding findElement on session 486a4f0aa3da3c1fbdf290b9268c6d6b to remote] DEBUG org.asynchttpclient.netty.request.NettyRequestSender - Using open Channel [id: 0xf8f126d6, L:/127.0.0.1:50023 - R:localhost/127.0.0.1:65354] for POST '/session/486a4f0aa3da3c1fbdf290b9268c6d6b/element'
00:47:51.238 [AsyncHttpClient-1-23] DEBUG org.asynchttpclient.netty.handler.HttpHandler - 

Request DefaultHttpRequest(decodeResult: success, version: HTTP/1.1)
POST /session/486a4f0aa3da3c1fbdf290b9268c6d6b/element HTTP/1.1
User-Agent: selenium/4.1.2 (java windows)
Content-Length: 71
Content-Type: application/json; charset=utf-8
host: localhost:65354
accept: */*

Response DefaultHttpResponse(decodeResult: success, version: HTTP/1.1)
HTTP/1.1 200 OK
Content-Type: application/json; charset=utf-8
cache-control: no-cache
content-length: 88

00:47:51.238 [AsyncHttpClient-1-23] DEBUG org.asynchttpclient.netty.channel.ChannelManager - Adding key: http://localhost:65354 for channel [id: 0xf8f126d6, L:/127.0.0.1:50023 - R:localhost/127.0.0.1:65354]
00:47:51.240 [Forwarding getElementTagName on session 486a4f0aa3da3c1fbdf290b9268c6d6b to remote] DEBUG org.asynchttpclient.netty.request.NettyRequestSender - Using pooled Channel '[id: 0xf8f126d6, L:/127.0.0.1:50023 - R:localhost/127.0.0.1:65354]' for 'GET' to 'http://localhost:65354/session/486a4f0aa3da3c1fbdf290b9268c6d6b/element/914bc44b-7181-4427-894f-a35c767643ad/name'
00:47:51.240 [Forwarding getElementTagName on session 486a4f0aa3da3c1fbdf290b9268c6d6b to remote] DEBUG org.asynchttpclient.netty.request.NettyRequestSender - Using open Channel [id: 0xf8f126d6, L:/127.0.0.1:50023 - R:localhost/127.0.0.1:65354] for GET '/session/486a4f0aa3da3c1fbdf290b9268c6d6b/element/914bc44b-7181-4427-894f-a35c767643ad/name'
00:47:51.256 [AsyncHttpClient-1-23] DEBUG org.asynchttpclient.netty.handler.HttpHandler - 

Request DefaultFullHttpRequest(decodeResult: success, version: HTTP/1.1, content: EmptyByteBufBE)
GET /session/486a4f0aa3da3c1fbdf290b9268c6d6b/element/914bc44b-7181-4427-894f-a35c767643ad/name HTTP/1.1
User-Agent: selenium/4.1.2 (java windows)
Cache-Control: no-cache
Content-Type: application/json; charset=utf-8
host: localhost:65354
accept: */*

Response DefaultHttpResponse(decodeResult: success, version: HTTP/1.1)
HTTP/1.1 200 OK
Content-Type: application/json; charset=utf-8
cache-control: no-cache
content-length: 18

00:47:51.256 [AsyncHttpClient-1-23] DEBUG org.asynchttpclient.netty.channel.ChannelManager - Adding key: http://localhost:65354 for channel [id: 0xf8f126d6, L:/127.0.0.1:50023 - R:localhost/127.0.0.1:65354]
00:47:51.257 [Forwarding getElementTagName on session 486a4f0aa3da3c1fbdf290b9268c6d6b to remote] DEBUG org.asynchttpclient.netty.request.NettyRequestSender - Using pooled Channel '[id: 0xf8f126d6, L:/127.0.0.1:50023 - R:localhost/127.0.0.1:65354]' for 'GET' to 'http://localhost:65354/session/486a4f0aa3da3c1fbdf290b9268c6d6b/element/914bc44b-7181-4427-894f-a35c767643ad/name'
00:47:51.257 [Forwarding getElementTagName on session 486a4f0aa3da3c1fbdf290b9268c6d6b to remote] DEBUG org.asynchttpclient.netty.request.NettyRequestSender - Using open Channel [id: 0xf8f126d6, L:/127.0.0.1:50023 - R:localhost/127.0.0.1:65354] for GET '/session/486a4f0aa3da3c1fbdf290b9268c6d6b/element/914bc44b-7181-4427-894f-a35c767643ad/name'
00:47:51.271 [AsyncHttpClient-1-23] DEBUG org.asynchttpclient.netty.handler.HttpHandler - 

Request DefaultFullHttpRequest(decodeResult: success, version: HTTP/1.1, content: EmptyByteBufBE)
GET /session/486a4f0aa3da3c1fbdf290b9268c6d6b/element/914bc44b-7181-4427-894f-a35c767643ad/name HTTP/1.1
User-Agent: selenium/4.1.2 (java windows)
Cache-Control: no-cache
Content-Type: application/json; charset=utf-8
host: localhost:65354
accept: */*

Response DefaultHttpResponse(decodeResult: success, version: HTTP/1.1)
HTTP/1.1 200 OK
Content-Type: application/json; charset=utf-8
cache-control: no-cache
content-length: 18

00:47:51.271 [AsyncHttpClient-1-23] DEBUG org.asynchttpclient.netty.channel.ChannelManager - Adding key: http://localhost:65354 for channel [id: 0xf8f126d6, L:/127.0.0.1:50023 - R:localhost/127.0.0.1:65354]
00:47:51.273 [Forwarding isElementEnabled on session 486a4f0aa3da3c1fbdf290b9268c6d6b to remote] DEBUG org.asynchttpclient.netty.request.NettyRequestSender - Using pooled Channel '[id: 0xf8f126d6, L:/127.0.0.1:50023 - R:localhost/127.0.0.1:65354]' for 'GET' to 'http://localhost:65354/session/486a4f0aa3da3c1fbdf290b9268c6d6b/element/914bc44b-7181-4427-894f-a35c767643ad/enabled'
00:47:51.273 [Forwarding isElementEnabled on session 486a4f0aa3da3c1fbdf290b9268c6d6b to remote] DEBUG org.asynchttpclient.netty.request.NettyRequestSender - Using open Channel [id: 0xf8f126d6, L:/127.0.0.1:50023 - R:localhost/127.0.0.1:65354] for GET '/session/486a4f0aa3da3c1fbdf290b9268c6d6b/element/914bc44b-7181-4427-894f-a35c767643ad/enabled'
00:47:51.294 [AsyncHttpClient-1-23] DEBUG org.asynchttpclient.netty.handler.HttpHandler - 

Request DefaultFullHttpRequest(decodeResult: success, version: HTTP/1.1, content: EmptyByteBufBE)
GET /session/486a4f0aa3da3c1fbdf290b9268c6d6b/element/914bc44b-7181-4427-894f-a35c767643ad/enabled HTTP/1.1
User-Agent: selenium/4.1.2 (java windows)
Cache-Control: no-cache
Content-Type: application/json; charset=utf-8
host: localhost:65354
accept: */*

Response DefaultHttpResponse(decodeResult: success, version: HTTP/1.1)
HTTP/1.1 200 OK
Content-Type: application/json; charset=utf-8
cache-control: no-cache
content-length: 14

00:47:51.294 [AsyncHttpClient-1-23] DEBUG org.asynchttpclient.netty.channel.ChannelManager - Adding key: http://localhost:65354 for channel [id: 0xf8f126d6, L:/127.0.0.1:50023 - R:localhost/127.0.0.1:65354]
00:47:51.295 [Forwarding isElementEnabled on session 486a4f0aa3da3c1fbdf290b9268c6d6b to remote] DEBUG org.asynchttpclient.netty.request.NettyRequestSender - Using pooled Channel '[id: 0xf8f126d6, L:/127.0.0.1:50023 - R:localhost/127.0.0.1:65354]' for 'GET' to 'http://localhost:65354/session/486a4f0aa3da3c1fbdf290b9268c6d6b/element/914bc44b-7181-4427-894f-a35c767643ad/enabled'
00:47:51.295 [Forwarding isElementEnabled on session 486a4f0aa3da3c1fbdf290b9268c6d6b to remote] DEBUG org.asynchttpclient.netty.request.NettyRequestSender - Using open Channel [id: 0xf8f126d6, L:/127.0.0.1:50023 - R:localhost/127.0.0.1:65354] for GET '/session/486a4f0aa3da3c1fbdf290b9268c6d6b/element/914bc44b-7181-4427-894f-a35c767643ad/enabled'
00:47:51.309 [AsyncHttpClient-1-23] DEBUG org.asynchttpclient.netty.handler.HttpHandler - 

Request DefaultFullHttpRequest(decodeResult: success, version: HTTP/1.1, content: EmptyByteBufBE)
GET /session/486a4f0aa3da3c1fbdf290b9268c6d6b/element/914bc44b-7181-4427-894f-a35c767643ad/enabled HTTP/1.1
User-Agent: selenium/4.1.2 (java windows)
Cache-Control: no-cache
Content-Type: application/json; charset=utf-8
host: localhost:65354
accept: */*

Response DefaultHttpResponse(decodeResult: success, version: HTTP/1.1)
HTTP/1.1 200 OK
Content-Type: application/json; charset=utf-8
cache-control: no-cache
content-length: 14

00:47:51.309 [AsyncHttpClient-1-23] DEBUG org.asynchttpclient.netty.channel.ChannelManager - Adding key: http://localhost:65354 for channel [id: 0xf8f126d6, L:/127.0.0.1:50023 - R:localhost/127.0.0.1:65354]
00:47:51.310 [Forwarding findElement on session 486a4f0aa3da3c1fbdf290b9268c6d6b to remote] DEBUG org.asynchttpclient.netty.request.NettyRequestSender - Using pooled Channel '[id: 0xf8f126d6, L:/127.0.0.1:50023 - R:localhost/127.0.0.1:65354]' for 'POST' to 'http://localhost:65354/session/486a4f0aa3da3c1fbdf290b9268c6d6b/element'
00:47:51.311 [Forwarding findElement on session 486a4f0aa3da3c1fbdf290b9268c6d6b to remote] DEBUG org.asynchttpclient.netty.request.NettyRequestSender - Using open Channel [id: 0xf8f126d6, L:/127.0.0.1:50023 - R:localhost/127.0.0.1:65354] for POST '/session/486a4f0aa3da3c1fbdf290b9268c6d6b/element'
00:47:51.325 [AsyncHttpClient-1-23] DEBUG org.asynchttpclient.netty.handler.HttpHandler - 

Request DefaultHttpRequest(decodeResult: success, version: HTTP/1.1)
POST /session/486a4f0aa3da3c1fbdf290b9268c6d6b/element HTTP/1.1
User-Agent: selenium/4.1.2 (java windows)
Content-Length: 71
Content-Type: application/json; charset=utf-8
host: localhost:65354
accept: */*

Response DefaultHttpResponse(decodeResult: success, version: HTTP/1.1)
HTTP/1.1 200 OK
Content-Type: application/json; charset=utf-8
cache-control: no-cache
content-length: 88

00:47:51.325 [AsyncHttpClient-1-23] DEBUG org.asynchttpclient.netty.channel.ChannelManager - Adding key: http://localhost:65354 for channel [id: 0xf8f126d6, L:/127.0.0.1:50023 - R:localhost/127.0.0.1:65354]
00:47:51.326 [Forwarding clickElement on session 486a4f0aa3da3c1fbdf290b9268c6d6b to remote] DEBUG org.asynchttpclient.netty.request.NettyRequestSender - Using pooled Channel '[id: 0xf8f126d6, L:/127.0.0.1:50023 - R:localhost/127.0.0.1:65354]' for 'POST' to 'http://localhost:65354/session/486a4f0aa3da3c1fbdf290b9268c6d6b/element/914bc44b-7181-4427-894f-a35c767643ad/click'
00:47:51.326 [Forwarding clickElement on session 486a4f0aa3da3c1fbdf290b9268c6d6b to remote] DEBUG org.asynchttpclient.netty.request.NettyRequestSender - Using open Channel [id: 0xf8f126d6, L:/127.0.0.1:50023 - R:localhost/127.0.0.1:65354] for POST '/session/486a4f0aa3da3c1fbdf290b9268c6d6b/element/914bc44b-7181-4427-894f-a35c767643ad/click'
00:47:51.385 [AsyncHttpClient-1-23] DEBUG org.asynchttpclient.netty.handler.HttpHandler - 

Request DefaultHttpRequest(decodeResult: success, version: HTTP/1.1)
POST /session/486a4f0aa3da3c1fbdf290b9268c6d6b/element/914bc44b-7181-4427-894f-a35c767643ad/click HTTP/1.1
User-Agent: selenium/4.1.2 (java windows)
Content-Length: 50
Content-Type: application/json; charset=utf-8
host: localhost:65354
accept: */*

Response DefaultHttpResponse(decodeResult: success, version: HTTP/1.1)
HTTP/1.1 200 OK
Content-Type: application/json; charset=utf-8
cache-control: no-cache
content-length: 14

00:47:51.385 [AsyncHttpClient-1-23] DEBUG org.asynchttpclient.netty.channel.ChannelManager - Adding key: http://localhost:65354 for channel [id: 0xf8f126d6, L:/127.0.0.1:50023 - R:localhost/127.0.0.1:65354]
00:47:51.390 [Forwarding screenshot on session 486a4f0aa3da3c1fbdf290b9268c6d6b to remote] DEBUG org.asynchttpclient.netty.request.NettyRequestSender - Using pooled Channel '[id: 0xf8f126d6, L:/127.0.0.1:50023 - R:localhost/127.0.0.1:65354]' for 'GET' to 'http://localhost:65354/session/486a4f0aa3da3c1fbdf290b9268c6d6b/screenshot'
00:47:51.390 [Forwarding screenshot on session 486a4f0aa3da3c1fbdf290b9268c6d6b to remote] DEBUG org.asynchttpclient.netty.request.NettyRequestSender - Using open Channel [id: 0xf8f126d6, L:/127.0.0.1:50023 - R:localhost/127.0.0.1:65354] for GET '/session/486a4f0aa3da3c1fbdf290b9268c6d6b/screenshot'
00:47:51.486 [AsyncHttpClient-1-1] DEBUG org.asynchttpclient.netty.channel.DefaultChannelPool - Entry count for : http://localhost:50024 : 1
00:47:51.677 [AsyncHttpClient-1-23] DEBUG org.asynchttpclient.netty.handler.HttpHandler - 

Request DefaultFullHttpRequest(decodeResult: success, version: HTTP/1.1, content: EmptyByteBufBE)
GET /session/486a4f0aa3da3c1fbdf290b9268c6d6b/screenshot HTTP/1.1
User-Agent: selenium/4.1.2 (java windows)
Cache-Control: no-cache
Content-Type: application/json; charset=utf-8
host: localhost:65354
accept: */*

Response DefaultHttpResponse(decodeResult: success, version: HTTP/1.1)
HTTP/1.1 200 OK
Content-Type: application/json; charset=utf-8
cache-control: no-cache
content-length: 575004

00:47:51.678 [AsyncHttpClient-1-23] DEBUG org.asynchttpclient.netty.channel.ChannelManager - Adding key: http://localhost:65354 for channel [id: 0xf8f126d6, L:/127.0.0.1:50023 - R:localhost/127.0.0.1:65354]
00:47:51.687 [main] DEBUG net.serenitybdd.core.photography.Darkroom - Send negative for processing for target\site\serenity\bdfb3257a55b5f729af578dfc1dc3a5762c89839bea5dc19984e34dd6640fee1.png
00:47:51.687 [main] DEBUG net.thucydides.core.steps.StepInterceptor - STEP DONE: clickloginButton
  &amp#27;[32mAnd &amp#27;[0m&amp#27;[32mclick login button&amp#27;[0m                            &amp#27;[90m# starter.definitions.LoginSteps.clickLoginButton()&amp#27;[0m
00:47:51.700 [main] DEBUG net.thucydides.core.steps.StepInterceptor - STARTING STEP: LoginSteps.clickSucsessLogin - sucseslogin
00:47:51.703 [Forwarding findElement on session 486a4f0aa3da3c1fbdf290b9268c6d6b to remote] DEBUG org.asynchttpclient.netty.request.NettyRequestSender - Using pooled Channel '[id: 0xf8f126d6, L:/127.0.0.1:50023 - R:localhost/127.0.0.1:65354]' for 'POST' to 'http://localhost:65354/session/486a4f0aa3da3c1fbdf290b9268c6d6b/element'
00:47:51.703 [Forwarding findElement on session 486a4f0aa3da3c1fbdf290b9268c6d6b to remote] DEBUG org.asynchttpclient.netty.request.NettyRequestSender - Using open Channel [id: 0xf8f126d6, L:/127.0.0.1:50023 - R:localhost/127.0.0.1:65354] for POST '/session/486a4f0aa3da3c1fbdf290b9268c6d6b/element'
00:47:52.028 [AsyncHttpClient-1-23] DEBUG org.asynchttpclient.netty.handler.HttpHandler - 

Request DefaultHttpRequest(decodeResult: success, version: HTTP/1.1)
POST /session/486a4f0aa3da3c1fbdf290b9268c6d6b/element HTTP/1.1
User-Agent: selenium/4.1.2 (java windows)
Content-Length: 79
Content-Type: application/json; charset=utf-8
host: localhost:65354
accept: */*

Response DefaultHttpResponse(decodeResult: success, version: HTTP/1.1)
HTTP/1.1 200 OK
Content-Type: application/json; charset=utf-8
cache-control: no-cache
content-length: 88

00:47:52.028 [AsyncHttpClient-1-23] DEBUG org.asynchttpclient.netty.channel.ChannelManager - Adding key: http://localhost:65354 for channel [id: 0xf8f126d6, L:/127.0.0.1:50023 - R:localhost/127.0.0.1:65354]
00:47:52.029 [Forwarding getElementTagName on session 486a4f0aa3da3c1fbdf290b9268c6d6b to remote] DEBUG org.asynchttpclient.netty.request.NettyRequestSender - Using pooled Channel '[id: 0xf8f126d6, L:/127.0.0.1:50023 - R:localhost/127.0.0.1:65354]' for 'GET' to 'http://localhost:65354/session/486a4f0aa3da3c1fbdf290b9268c6d6b/element/ec0fd6fb-c18d-470d-b541-b3f76e22f71a/name'
00:47:52.029 [Forwarding getElementTagName on session 486a4f0aa3da3c1fbdf290b9268c6d6b to remote] DEBUG org.asynchttpclient.netty.request.NettyRequestSender - Using open Channel [id: 0xf8f126d6, L:/127.0.0.1:50023 - R:localhost/127.0.0.1:65354] for GET '/session/486a4f0aa3da3c1fbdf290b9268c6d6b/element/ec0fd6fb-c18d-470d-b541-b3f76e22f71a/name'
00:47:52.046 [AsyncHttpClient-1-23] DEBUG org.asynchttpclient.netty.handler.HttpHandler - 

Request DefaultFullHttpRequest(decodeResult: success, version: HTTP/1.1, content: EmptyByteBufBE)
GET /session/486a4f0aa3da3c1fbdf290b9268c6d6b/element/ec0fd6fb-c18d-470d-b541-b3f76e22f71a/name HTTP/1.1
User-Agent: selenium/4.1.2 (java windows)
Cache-Control: no-cache
Content-Type: application/json; charset=utf-8
host: localhost:65354
accept: */*

Response DefaultHttpResponse(decodeResult: success, version: HTTP/1.1)
HTTP/1.1 200 OK
Content-Type: application/json; charset=utf-8
cache-control: no-cache
content-length: 18

00:47:52.046 [AsyncHttpClient-1-23] DEBUG org.asynchttpclient.netty.channel.ChannelManager - Adding key: http://localhost:65354 for channel [id: 0xf8f126d6, L:/127.0.0.1:50023 - R:localhost/127.0.0.1:65354]
00:47:52.047 [Forwarding getElementTagName on session 486a4f0aa3da3c1fbdf290b9268c6d6b to remote] DEBUG org.asynchttpclient.netty.request.NettyRequestSender - Using pooled Channel '[id: 0xf8f126d6, L:/127.0.0.1:50023 - R:localhost/127.0.0.1:65354]' for 'GET' to 'http://localhost:65354/session/486a4f0aa3da3c1fbdf290b9268c6d6b/element/ec0fd6fb-c18d-470d-b541-b3f76e22f71a/name'
00:47:52.047 [Forwarding getElementTagName on session 486a4f0aa3da3c1fbdf290b9268c6d6b to remote] DEBUG org.asynchttpclient.netty.request.NettyRequestSender - Using open Channel [id: 0xf8f126d6, L:/127.0.0.1:50023 - R:localhost/127.0.0.1:65354] for GET '/session/486a4f0aa3da3c1fbdf290b9268c6d6b/element/ec0fd6fb-c18d-470d-b541-b3f76e22f71a/name'
00:47:52.074 [AsyncHttpClient-1-23] DEBUG org.asynchttpclient.netty.handler.HttpHandler - 

Request DefaultFullHttpRequest(decodeResult: success, version: HTTP/1.1, content: EmptyByteBufBE)
GET /session/486a4f0aa3da3c1fbdf290b9268c6d6b/element/ec0fd6fb-c18d-470d-b541-b3f76e22f71a/name HTTP/1.1
User-Agent: selenium/4.1.2 (java windows)
Cache-Control: no-cache
Content-Type: application/json; charset=utf-8
host: localhost:65354
accept: */*

Response DefaultHttpResponse(decodeResult: success, version: HTTP/1.1)
HTTP/1.1 200 OK
Content-Type: application/json; charset=utf-8
cache-control: no-cache
content-length: 18

00:47:52.074 [AsyncHttpClient-1-23] DEBUG org.asynchttpclient.netty.channel.ChannelManager - Adding key: http://localhost:65354 for channel [id: 0xf8f126d6, L:/127.0.0.1:50023 - R:localhost/127.0.0.1:65354]
00:47:52.076 [Forwarding isElementEnabled on session 486a4f0aa3da3c1fbdf290b9268c6d6b to remote] DEBUG org.asynchttpclient.netty.request.NettyRequestSender - Using pooled Channel '[id: 0xf8f126d6, L:/127.0.0.1:50023 - R:localhost/127.0.0.1:65354]' for 'GET' to 'http://localhost:65354/session/486a4f0aa3da3c1fbdf290b9268c6d6b/element/ec0fd6fb-c18d-470d-b541-b3f76e22f71a/enabled'
00:47:52.076 [Forwarding isElementEnabled on session 486a4f0aa3da3c1fbdf290b9268c6d6b to remote] DEBUG org.asynchttpclient.netty.request.NettyRequestSender - Using open Channel [id: 0xf8f126d6, L:/127.0.0.1:50023 - R:localhost/127.0.0.1:65354] for GET '/session/486a4f0aa3da3c1fbdf290b9268c6d6b/element/ec0fd6fb-c18d-470d-b541-b3f76e22f71a/enabled'
00:47:52.096 [AsyncHttpClient-1-23] DEBUG org.asynchttpclient.netty.handler.HttpHandler - 

Request DefaultFullHttpRequest(decodeResult: success, version: HTTP/1.1, content: EmptyByteBufBE)
GET /session/486a4f0aa3da3c1fbdf290b9268c6d6b/element/ec0fd6fb-c18d-470d-b541-b3f76e22f71a/enabled HTTP/1.1
User-Agent: selenium/4.1.2 (java windows)
Cache-Control: no-cache
Content-Type: application/json; charset=utf-8
host: localhost:65354
accept: */*

Response DefaultHttpResponse(decodeResult: success, version: HTTP/1.1)
HTTP/1.1 200 OK
Content-Type: application/json; charset=utf-8
cache-control: no-cache
content-length: 14

00:47:52.097 [AsyncHttpClient-1-23] DEBUG org.asynchttpclient.netty.channel.ChannelManager - Adding key: http://localhost:65354 for channel [id: 0xf8f126d6, L:/127.0.0.1:50023 - R:localhost/127.0.0.1:65354]
00:47:52.098 [Forwarding isElementEnabled on session 486a4f0aa3da3c1fbdf290b9268c6d6b to remote] DEBUG org.asynchttpclient.netty.request.NettyRequestSender - Using pooled Channel '[id: 0xf8f126d6, L:/127.0.0.1:50023 - R:localhost/127.0.0.1:65354]' for 'GET' to 'http://localhost:65354/session/486a4f0aa3da3c1fbdf290b9268c6d6b/element/ec0fd6fb-c18d-470d-b541-b3f76e22f71a/enabled'
00:47:52.098 [Forwarding isElementEnabled on session 486a4f0aa3da3c1fbdf290b9268c6d6b to remote] DEBUG org.asynchttpclient.netty.request.NettyRequestSender - Using open Channel [id: 0xf8f126d6, L:/127.0.0.1:50023 - R:localhost/127.0.0.1:65354] for GET '/session/486a4f0aa3da3c1fbdf290b9268c6d6b/element/ec0fd6fb-c18d-470d-b541-b3f76e22f71a/enabled'
00:47:52.115 [AsyncHttpClient-1-23] DEBUG org.asynchttpclient.netty.handler.HttpHandler - 

Request DefaultFullHttpRequest(decodeResult: success, version: HTTP/1.1, content: EmptyByteBufBE)
GET /session/486a4f0aa3da3c1fbdf290b9268c6d6b/element/ec0fd6fb-c18d-470d-b541-b3f76e22f71a/enabled HTTP/1.1
User-Agent: selenium/4.1.2 (java windows)
Cache-Control: no-cache
Content-Type: application/json; charset=utf-8
host: localhost:65354
accept: */*

Response DefaultHttpResponse(decodeResult: success, version: HTTP/1.1)
HTTP/1.1 200 OK
Content-Type: application/json; charset=utf-8
cache-control: no-cache
content-length: 14

00:47:52.115 [AsyncHttpClient-1-23] DEBUG org.asynchttpclient.netty.channel.ChannelManager - Adding key: http://localhost:65354 for channel [id: 0xf8f126d6, L:/127.0.0.1:50023 - R:localhost/127.0.0.1:65354]
00:47:52.117 [Forwarding findElement on session 486a4f0aa3da3c1fbdf290b9268c6d6b to remote] DEBUG org.asynchttpclient.netty.request.NettyRequestSender - Using pooled Channel '[id: 0xf8f126d6, L:/127.0.0.1:50023 - R:localhost/127.0.0.1:65354]' for 'POST' to 'http://localhost:65354/session/486a4f0aa3da3c1fbdf290b9268c6d6b/element'
00:47:52.117 [Forwarding findElement on session 486a4f0aa3da3c1fbdf290b9268c6d6b to remote] DEBUG org.asynchttpclient.netty.request.NettyRequestSender - Using open Channel [id: 0xf8f126d6, L:/127.0.0.1:50023 - R:localhost/127.0.0.1:65354] for POST '/session/486a4f0aa3da3c1fbdf290b9268c6d6b/element'
00:47:52.123 [AsyncHttpClient-1-23] DEBUG org.asynchttpclient.netty.handler.HttpHandler - 

Request DefaultHttpRequest(decodeResult: success, version: HTTP/1.1)
POST /session/486a4f0aa3da3c1fbdf290b9268c6d6b/element HTTP/1.1
User-Agent: selenium/4.1.2 (java windows)
Content-Length: 79
Content-Type: application/json; charset=utf-8
host: localhost:65354
accept: */*

Response DefaultHttpResponse(decodeResult: success, version: HTTP/1.1)
HTTP/1.1 200 OK
Content-Type: application/json; charset=utf-8
cache-control: no-cache
content-length: 88

00:47:52.124 [AsyncHttpClient-1-23] DEBUG org.asynchttpclient.netty.channel.ChannelManager - Adding key: http://localhost:65354 for channel [id: 0xf8f126d6, L:/127.0.0.1:50023 - R:localhost/127.0.0.1:65354]
00:47:52.125 [Forwarding clickElement on session 486a4f0aa3da3c1fbdf290b9268c6d6b to remote] DEBUG org.asynchttpclient.netty.request.NettyRequestSender - Using pooled Channel '[id: 0xf8f126d6, L:/127.0.0.1:50023 - R:localhost/127.0.0.1:65354]' for 'POST' to 'http://localhost:65354/session/486a4f0aa3da3c1fbdf290b9268c6d6b/element/ec0fd6fb-c18d-470d-b541-b3f76e22f71a/click'
00:47:52.125 [Forwarding clickElement on session 486a4f0aa3da3c1fbdf290b9268c6d6b to remote] DEBUG org.asynchttpclient.netty.request.NettyRequestSender - Using open Channel [id: 0xf8f126d6, L:/127.0.0.1:50023 - R:localhost/127.0.0.1:65354] for POST '/session/486a4f0aa3da3c1fbdf290b9268c6d6b/element/ec0fd6fb-c18d-470d-b541-b3f76e22f71a/click'
00:47:52.162 [AsyncHttpClient-1-23] DEBUG org.asynchttpclient.netty.handler.HttpHandler - 

Request DefaultHttpRequest(decodeResult: success, version: HTTP/1.1)
POST /session/486a4f0aa3da3c1fbdf290b9268c6d6b/element/ec0fd6fb-c18d-470d-b541-b3f76e22f71a/click HTTP/1.1
User-Agent: selenium/4.1.2 (java windows)
Content-Length: 50
Content-Type: application/json; charset=utf-8
host: localhost:65354
accept: */*

Response DefaultHttpResponse(decodeResult: success, version: HTTP/1.1)
HTTP/1.1 200 OK
Content-Type: application/json; charset=utf-8
cache-control: no-cache
content-length: 14

00:47:52.162 [AsyncHttpClient-1-23] DEBUG org.asynchttpclient.netty.channel.ChannelManager - Adding key: http://localhost:65354 for channel [id: 0xf8f126d6, L:/127.0.0.1:50023 - R:localhost/127.0.0.1:65354]
00:47:52.167 [Forwarding screenshot on session 486a4f0aa3da3c1fbdf290b9268c6d6b to remote] DEBUG org.asynchttpclient.netty.request.NettyRequestSender - Using pooled Channel '[id: 0xf8f126d6, L:/127.0.0.1:50023 - R:localhost/127.0.0.1:65354]' for 'GET' to 'http://localhost:65354/session/486a4f0aa3da3c1fbdf290b9268c6d6b/screenshot'
00:47:52.167 [Forwarding screenshot on session 486a4f0aa3da3c1fbdf290b9268c6d6b to remote] DEBUG org.asynchttpclient.netty.request.NettyRequestSender - Using open Channel [id: 0xf8f126d6, L:/127.0.0.1:50023 - R:localhost/127.0.0.1:65354] for GET '/session/486a4f0aa3da3c1fbdf290b9268c6d6b/screenshot'
00:47:52.426 [AsyncHttpClient-1-23] DEBUG org.asynchttpclient.netty.handler.HttpHandler - 

Request DefaultFullHttpRequest(decodeResult: success, version: HTTP/1.1, content: EmptyByteBufBE)
GET /session/486a4f0aa3da3c1fbdf290b9268c6d6b/screenshot HTTP/1.1
User-Agent: selenium/4.1.2 (java windows)
Cache-Control: no-cache
Content-Type: application/json; charset=utf-8
host: localhost:65354
accept: */*

Response DefaultHttpResponse(decodeResult: success, version: HTTP/1.1)
HTTP/1.1 200 OK
Content-Type: application/json; charset=utf-8
cache-control: no-cache
content-length: 107288

00:47:52.427 [AsyncHttpClient-1-23] DEBUG org.asynchttpclient.netty.channel.ChannelManager - Adding key: http://localhost:65354 for channel [id: 0xf8f126d6, L:/127.0.0.1:50023 - R:localhost/127.0.0.1:65354]
00:47:52.429 [main] DEBUG net.serenitybdd.core.photography.Darkroom - Send negative for processing for target\site\serenity\89a9b47c540fe32078f9fa9ade3bc329facf5617c8b8919bcf7e868b433a4246.png
00:47:52.429 [main] DEBUG net.thucydides.core.steps.StepInterceptor - STEP DONE: sucseslogin
  &amp#27;[32mAnd &amp#27;[0m&amp#27;[32mclick sucsess login&amp#27;[0m                           &amp#27;[90m# starter.definitions.LoginSteps.clickSucsessLogin()&amp#27;[0m
00:47:52.430 [Darkroom Processing Line] DEBUG net.serenitybdd.core.photography.DarkroomProcessingLine - Processing screenshot image in /var/screenshots/screenshot-9491272181816280725
00:47:52.430 [Darkroom Processing Line] DEBUG net.serenitybdd.core.photography.DarkroomProcessingLine - Saving screenshot to target\site\serenity\89a9b47c540fe32078f9fa9ade3bc329facf5617c8b8919bcf7e868b433a4246.png
00:47:52.448 [main] DEBUG net.thucydides.core.steps.StepInterceptor - STARTING STEP: ManageadminSteps.admindashboardpage - dashboardpage
00:47:52.450 [Forwarding findElement on session 486a4f0aa3da3c1fbdf290b9268c6d6b to remote] DEBUG org.asynchttpclient.netty.request.NettyRequestSender - Using pooled Channel '[id: 0xf8f126d6, L:/127.0.0.1:50023 - R:localhost/127.0.0.1:65354]' for 'POST' to 'http://localhost:65354/session/486a4f0aa3da3c1fbdf290b9268c6d6b/element'
00:47:52.450 [Forwarding findElement on session 486a4f0aa3da3c1fbdf290b9268c6d6b to remote] DEBUG org.asynchttpclient.netty.request.NettyRequestSender - Using open Channel [id: 0xf8f126d6, L:/127.0.0.1:50023 - R:localhost/127.0.0.1:65354] for POST '/session/486a4f0aa3da3c1fbdf290b9268c6d6b/element'
00:47:52.476 [AsyncHttpClient-1-23] DEBUG org.asynchttpclient.netty.handler.HttpHandler - 

Request DefaultHttpRequest(decodeResult: success, version: HTTP/1.1)
POST /session/486a4f0aa3da3c1fbdf290b9268c6d6b/element HTTP/1.1
User-Agent: selenium/4.1.2 (java windows)
Content-Length: 82
Content-Type: application/json; charset=utf-8
host: localhost:65354
accept: */*

Response DefaultHttpResponse(decodeResult: success, version: HTTP/1.1)
HTTP/1.1 200 OK
Content-Type: application/json; charset=utf-8
cache-control: no-cache
content-length: 88

00:47:52.476 [AsyncHttpClient-1-23] DEBUG org.asynchttpclient.netty.channel.ChannelManager - Adding key: http://localhost:65354 for channel [id: 0xf8f126d6, L:/127.0.0.1:50023 - R:localhost/127.0.0.1:65354]
00:47:52.479 [Forwarding isElementDisplayed on session 486a4f0aa3da3c1fbdf290b9268c6d6b to remote] DEBUG org.asynchttpclient.netty.request.NettyRequestSender - Using pooled Channel '[id: 0xf8f126d6, L:/127.0.0.1:50023 - R:localhost/127.0.0.1:65354]' for 'POST' to 'http://localhost:65354/session/486a4f0aa3da3c1fbdf290b9268c6d6b/execute/sync'
00:47:52.479 [Forwarding isElementDisplayed on session 486a4f0aa3da3c1fbdf290b9268c6d6b to remote] DEBUG org.asynchttpclient.netty.request.NettyRequestSender - Using open Channel [id: 0xf8f126d6, L:/127.0.0.1:50023 - R:localhost/127.0.0.1:65354] for POST '/session/486a4f0aa3da3c1fbdf290b9268c6d6b/execute/sync'
00:47:52.502 [AsyncHttpClient-1-23] DEBUG org.asynchttpclient.netty.handler.HttpHandler - 

Request DefaultHttpRequest(decodeResult: success, version: HTTP/1.1)
POST /session/486a4f0aa3da3c1fbdf290b9268c6d6b/execute/sync HTTP/1.1
User-Agent: selenium/4.1.2 (java windows)
Content-Length: 48780
Content-Type: application/json; charset=utf-8
host: localhost:65354
accept: */*

Response DefaultHttpResponse(decodeResult: success, version: HTTP/1.1)
HTTP/1.1 200 OK
Content-Type: application/json; charset=utf-8
cache-control: no-cache
content-length: 14

00:47:52.502 [AsyncHttpClient-1-23] DEBUG org.asynchttpclient.netty.channel.ChannelManager - Adding key: http://localhost:65354 for channel [id: 0xf8f126d6, L:/127.0.0.1:50023 - R:localhost/127.0.0.1:65354]
00:47:52.508 [Forwarding screenshot on session 486a4f0aa3da3c1fbdf290b9268c6d6b to remote] DEBUG org.asynchttpclient.netty.request.NettyRequestSender - Using pooled Channel '[id: 0xf8f126d6, L:/127.0.0.1:50023 - R:localhost/127.0.0.1:65354]' for 'GET' to 'http://localhost:65354/session/486a4f0aa3da3c1fbdf290b9268c6d6b/screenshot'
00:47:52.508 [Forwarding screenshot on session 486a4f0aa3da3c1fbdf290b9268c6d6b to remote] DEBUG org.asynchttpclient.netty.request.NettyRequestSender - Using open Channel [id: 0xf8f126d6, L:/127.0.0.1:50023 - R:localhost/127.0.0.1:65354] for GET '/session/486a4f0aa3da3c1fbdf290b9268c6d6b/screenshot'
00:47:52.586 [AsyncHttpClient-1-1] DEBUG org.asynchttpclient.netty.channel.DefaultChannelPool - Entry count for : http://localhost:50024 : 1
00:47:52.753 [AsyncHttpClient-1-23] DEBUG org.asynchttpclient.netty.handler.HttpHandler - 

Request DefaultFullHttpRequest(decodeResult: success, version: HTTP/1.1, content: EmptyByteBufBE)
GET /session/486a4f0aa3da3c1fbdf290b9268c6d6b/screenshot HTTP/1.1
User-Agent: selenium/4.1.2 (java windows)
Cache-Control: no-cache
Content-Type: application/json; charset=utf-8
host: localhost:65354
accept: */*

Response DefaultHttpResponse(decodeResult: success, version: HTTP/1.1)
HTTP/1.1 200 OK
Content-Type: application/json; charset=utf-8
cache-control: no-cache
content-length: 122564

00:47:52.753 [AsyncHttpClient-1-23] DEBUG org.asynchttpclient.netty.channel.ChannelManager - Adding key: http://localhost:65354 for channel [id: 0xf8f126d6, L:/127.0.0.1:50023 - R:localhost/127.0.0.1:65354]
00:47:52.756 [main] DEBUG net.serenitybdd.core.photography.Darkroom - Send negative for processing for target\site\serenity\30845b3043919536926a066c876b59a8086eb341056f4a3474cec658c4b801b6.png
00:47:52.756 [main] DEBUG net.thucydides.core.steps.StepInterceptor - STEP DONE: dashboardpage
  &amp#27;[32mGiven &amp#27;[0m&amp#27;[32madmin dashboard page&amp#27;[0m                        &amp#27;[90m# starter.definitions.ManageadminSteps.admindashboardpage()&amp#27;[0m
00:47:52.757 [Darkroom Processing Line] DEBUG net.serenitybdd.core.photography.DarkroomProcessingLine - Processing screenshot image in /var/screenshots/screenshot-15284644576179185664
00:47:52.757 [Darkroom Processing Line] DEBUG net.serenitybdd.core.photography.DarkroomProcessingLine - Saving screenshot to target\site\serenity\30845b3043919536926a066c876b59a8086eb341056f4a3474cec658c4b801b6.png
00:47:52.768 [main] DEBUG net.thucydides.core.steps.StepInterceptor - STARTING STEP: ManageadminSteps.adminClickManageAdminPageAndClick - manageadminpage
00:47:52.770 [Forwarding findElement on session 486a4f0aa3da3c1fbdf290b9268c6d6b to remote] DEBUG org.asynchttpclient.netty.request.NettyRequestSender - Using pooled Channel '[id: 0xf8f126d6, L:/127.0.0.1:50023 - R:localhost/127.0.0.1:65354]' for 'POST' to 'http://localhost:65354/session/486a4f0aa3da3c1fbdf290b9268c6d6b/element'
00:47:52.770 [Forwarding findElement on session 486a4f0aa3da3c1fbdf290b9268c6d6b to remote] DEBUG org.asynchttpclient.netty.request.NettyRequestSender - Using open Channel [id: 0xf8f126d6, L:/127.0.0.1:50023 - R:localhost/127.0.0.1:65354] for POST '/session/486a4f0aa3da3c1fbdf290b9268c6d6b/element'
00:47:53.684 [AsyncHttpClient-1-1] DEBUG org.asynchttpclient.netty.channel.DefaultChannelPool - Entry count for : http://localhost:50024 : 1
00:47:53.839 [AsyncHttpClient-1-23] DEBUG org.asynchttpclient.netty.handler.HttpHandler - 

Request DefaultHttpRequest(decodeResult: success, version: HTTP/1.1)
POST /session/486a4f0aa3da3c1fbdf290b9268c6d6b/element HTTP/1.1
User-Agent: selenium/4.1.2 (java windows)
Content-Length: 71
Content-Type: application/json; charset=utf-8
host: localhost:65354
accept: */*

Response DefaultHttpResponse(decodeResult: success, version: HTTP/1.1)
HTTP/1.1 200 OK
Content-Type: application/json; charset=utf-8
cache-control: no-cache
content-length: 88

00:47:53.840 [AsyncHttpClient-1-23] DEBUG org.asynchttpclient.netty.channel.ChannelManager - Adding key: http://localhost:65354 for channel [id: 0xf8f126d6, L:/127.0.0.1:50023 - R:localhost/127.0.0.1:65354]
00:47:53.841 [Forwarding getElementTagName on session 486a4f0aa3da3c1fbdf290b9268c6d6b to remote] DEBUG org.asynchttpclient.netty.request.NettyRequestSender - Using pooled Channel '[id: 0xf8f126d6, L:/127.0.0.1:50023 - R:localhost/127.0.0.1:65354]' for 'GET' to 'http://localhost:65354/session/486a4f0aa3da3c1fbdf290b9268c6d6b/element/95fed7be-7bdf-4fc8-bfe2-41cc0db8c191/name'
00:47:53.841 [Forwarding getElementTagName on session 486a4f0aa3da3c1fbdf290b9268c6d6b to remote] DEBUG org.asynchttpclient.netty.request.NettyRequestSender - Using open Channel [id: 0xf8f126d6, L:/127.0.0.1:50023 - R:localhost/127.0.0.1:65354] for GET '/session/486a4f0aa3da3c1fbdf290b9268c6d6b/element/95fed7be-7bdf-4fc8-bfe2-41cc0db8c191/name'
00:47:53.850 [AsyncHttpClient-1-23] DEBUG org.asynchttpclient.netty.handler.HttpHandler - 

Request DefaultFullHttpRequest(decodeResult: success, version: HTTP/1.1, content: EmptyByteBufBE)
GET /session/486a4f0aa3da3c1fbdf290b9268c6d6b/element/95fed7be-7bdf-4fc8-bfe2-41cc0db8c191/name HTTP/1.1
User-Agent: selenium/4.1.2 (java windows)
Cache-Control: no-cache
Content-Type: application/json; charset=utf-8
host: localhost:65354
accept: */*

Response DefaultHttpResponse(decodeResult: success, version: HTTP/1.1)
HTTP/1.1 200 OK
Content-Type: application/json; charset=utf-8
cache-control: no-cache
content-length: 13

00:47:53.850 [AsyncHttpClient-1-23] DEBUG org.asynchttpclient.netty.channel.ChannelManager - Adding key: http://localhost:65354 for channel [id: 0xf8f126d6, L:/127.0.0.1:50023 - R:localhost/127.0.0.1:65354]
00:47:53.851 [Forwarding getElementTagName on session 486a4f0aa3da3c1fbdf290b9268c6d6b to remote] DEBUG org.asynchttpclient.netty.request.NettyRequestSender - Using pooled Channel '[id: 0xf8f126d6, L:/127.0.0.1:50023 - R:localhost/127.0.0.1:65354]' for 'GET' to 'http://localhost:65354/session/486a4f0aa3da3c1fbdf290b9268c6d6b/element/95fed7be-7bdf-4fc8-bfe2-41cc0db8c191/name'
00:47:53.851 [Forwarding getElementTagName on session 486a4f0aa3da3c1fbdf290b9268c6d6b to remote] DEBUG org.asynchttpclient.netty.request.NettyRequestSender - Using open Channel [id: 0xf8f126d6, L:/127.0.0.1:50023 - R:localhost/127.0.0.1:65354] for GET '/session/486a4f0aa3da3c1fbdf290b9268c6d6b/element/95fed7be-7bdf-4fc8-bfe2-41cc0db8c191/name'
00:47:53.864 [AsyncHttpClient-1-23] DEBUG org.asynchttpclient.netty.handler.HttpHandler - 

Request DefaultFullHttpRequest(decodeResult: success, version: HTTP/1.1, content: EmptyByteBufBE)
GET /session/486a4f0aa3da3c1fbdf290b9268c6d6b/element/95fed7be-7bdf-4fc8-bfe2-41cc0db8c191/name HTTP/1.1
User-Agent: selenium/4.1.2 (java windows)
Cache-Control: no-cache
Content-Type: application/json; charset=utf-8
host: localhost:65354
accept: */*

Response DefaultHttpResponse(decodeResult: success, version: HTTP/1.1)
HTTP/1.1 200 OK
Content-Type: application/json; charset=utf-8
cache-control: no-cache
content-length: 13

00:47:53.864 [AsyncHttpClient-1-23] DEBUG org.asynchttpclient.netty.channel.ChannelManager - Adding key: http://localhost:65354 for channel [id: 0xf8f126d6, L:/127.0.0.1:50023 - R:localhost/127.0.0.1:65354]
00:47:53.866 [Forwarding findElement on session 486a4f0aa3da3c1fbdf290b9268c6d6b to remote] DEBUG org.asynchttpclient.netty.request.NettyRequestSender - Using pooled Channel '[id: 0xf8f126d6, L:/127.0.0.1:50023 - R:localhost/127.0.0.1:65354]' for 'POST' to 'http://localhost:65354/session/486a4f0aa3da3c1fbdf290b9268c6d6b/element'
00:47:53.866 [Forwarding findElement on session 486a4f0aa3da3c1fbdf290b9268c6d6b to remote] DEBUG org.asynchttpclient.netty.request.NettyRequestSender - Using open Channel [id: 0xf8f126d6, L:/127.0.0.1:50023 - R:localhost/127.0.0.1:65354] for POST '/session/486a4f0aa3da3c1fbdf290b9268c6d6b/element'
00:47:53.880 [AsyncHttpClient-1-23] DEBUG org.asynchttpclient.netty.handler.HttpHandler - 

Request DefaultHttpRequest(decodeResult: success, version: HTTP/1.1)
POST /session/486a4f0aa3da3c1fbdf290b9268c6d6b/element HTTP/1.1
User-Agent: selenium/4.1.2 (java windows)
Content-Length: 71
Content-Type: application/json; charset=utf-8
host: localhost:65354
accept: */*

Response DefaultHttpResponse(decodeResult: success, version: HTTP/1.1)
HTTP/1.1 200 OK
Content-Type: application/json; charset=utf-8
cache-control: no-cache
content-length: 88

00:47:53.880 [AsyncHttpClient-1-23] DEBUG org.asynchttpclient.netty.channel.ChannelManager - Adding key: http://localhost:65354 for channel [id: 0xf8f126d6, L:/127.0.0.1:50023 - R:localhost/127.0.0.1:65354]
00:47:53.881 [Forwarding clickElement on session 486a4f0aa3da3c1fbdf290b9268c6d6b to remote] DEBUG org.asynchttpclient.netty.request.NettyRequestSender - Using pooled Channel '[id: 0xf8f126d6, L:/127.0.0.1:50023 - R:localhost/127.0.0.1:65354]' for 'POST' to 'http://localhost:65354/session/486a4f0aa3da3c1fbdf290b9268c6d6b/element/95fed7be-7bdf-4fc8-bfe2-41cc0db8c191/click'
00:47:53.881 [Forwarding clickElement on session 486a4f0aa3da3c1fbdf290b9268c6d6b to remote] DEBUG org.asynchttpclient.netty.request.NettyRequestSender - Using open Channel [id: 0xf8f126d6, L:/127.0.0.1:50023 - R:localhost/127.0.0.1:65354] for POST '/session/486a4f0aa3da3c1fbdf290b9268c6d6b/element/95fed7be-7bdf-4fc8-bfe2-41cc0db8c191/click'
00:47:53.992 [AsyncHttpClient-1-23] DEBUG org.asynchttpclient.netty.handler.HttpHandler - 

Request DefaultHttpRequest(decodeResult: success, version: HTTP/1.1)
POST /session/486a4f0aa3da3c1fbdf290b9268c6d6b/element/95fed7be-7bdf-4fc8-bfe2-41cc0db8c191/click HTTP/1.1
User-Agent: selenium/4.1.2 (java windows)
Content-Length: 50
Content-Type: application/json; charset=utf-8
host: localhost:65354
accept: */*

Response DefaultHttpResponse(decodeResult: success, version: HTTP/1.1)
HTTP/1.1 200 OK
Content-Type: application/json; charset=utf-8
cache-control: no-cache
content-length: 14

00:47:53.992 [AsyncHttpClient-1-23] DEBUG org.asynchttpclient.netty.channel.ChannelManager - Adding key: http://localhost:65354 for channel [id: 0xf8f126d6, L:/127.0.0.1:50023 - R:localhost/127.0.0.1:65354]
00:47:53.998 [Forwarding screenshot on session 486a4f0aa3da3c1fbdf290b9268c6d6b to remote] DEBUG org.asynchttpclient.netty.request.NettyRequestSender - Using pooled Channel '[id: 0xf8f126d6, L:/127.0.0.1:50023 - R:localhost/127.0.0.1:65354]' for 'GET' to 'http://localhost:65354/session/486a4f0aa3da3c1fbdf290b9268c6d6b/screenshot'
00:47:53.998 [Forwarding screenshot on session 486a4f0aa3da3c1fbdf290b9268c6d6b to remote] DEBUG org.asynchttpclient.netty.request.NettyRequestSender - Using open Channel [id: 0xf8f126d6, L:/127.0.0.1:50023 - R:localhost/127.0.0.1:65354] for GET '/session/486a4f0aa3da3c1fbdf290b9268c6d6b/screenshot'
00:47:54.175 [AsyncHttpClient-1-23] DEBUG org.asynchttpclient.netty.handler.HttpHandler - 

Request DefaultFullHttpRequest(decodeResult: success, version: HTTP/1.1, content: EmptyByteBufBE)
GET /session/486a4f0aa3da3c1fbdf290b9268c6d6b/screenshot HTTP/1.1
User-Agent: selenium/4.1.2 (java windows)
Cache-Control: no-cache
Content-Type: application/json; charset=utf-8
host: localhost:65354
accept: */*

Response DefaultHttpResponse(decodeResult: success, version: HTTP/1.1)
HTTP/1.1 200 OK
Content-Type: application/json; charset=utf-8
cache-control: no-cache
content-length: 96184

00:47:54.176 [AsyncHttpClient-1-23] DEBUG org.asynchttpclient.netty.channel.ChannelManager - Adding key: http://localhost:65354 for channel [id: 0xf8f126d6, L:/127.0.0.1:50023 - R:localhost/127.0.0.1:65354]
00:47:54.178 [main] DEBUG net.serenitybdd.core.photography.Darkroom - Send negative for processing for target\site\serenity\63c73baa8add639cec5c1b4af3013a17f641edccbdd0067c6e15c986d0ff87f3.png
00:47:54.178 [main] DEBUG net.thucydides.core.steps.StepInterceptor - STEP DONE: manageadminpage
  &amp#27;[32mWhen &amp#27;[0m&amp#27;[32madmin click manage admin page and click&amp#27;[0m      &amp#27;[90m# starter.definitions.ManageadminSteps.adminClickManageAdminPageAndClick()&amp#27;[0m
00:47:54.190 [main] DEBUG net.thucydides.core.steps.StepInterceptor - STARTING STEP: ManageadminSteps.adminClickTheRedImageNextToTheAddress - deleteadmin
00:47:54.192 [Forwarding findElement on session 486a4f0aa3da3c1fbdf290b9268c6d6b to remote] DEBUG org.asynchttpclient.netty.request.NettyRequestSender - Using pooled Channel '[id: 0xf8f126d6, L:/127.0.0.1:50023 - R:localhost/127.0.0.1:65354]' for 'POST' to 'http://localhost:65354/session/486a4f0aa3da3c1fbdf290b9268c6d6b/element'
00:47:54.192 [Forwarding findElement on session 486a4f0aa3da3c1fbdf290b9268c6d6b to remote] DEBUG org.asynchttpclient.netty.request.NettyRequestSender - Using open Channel [id: 0xf8f126d6, L:/127.0.0.1:50023 - R:localhost/127.0.0.1:65354] for POST '/session/486a4f0aa3da3c1fbdf290b9268c6d6b/element'
00:47:54.211 [AsyncHttpClient-1-23] DEBUG org.asynchttpclient.netty.handler.HttpHandler - 

Request DefaultHttpRequest(decodeResult: success, version: HTTP/1.1)
POST /session/486a4f0aa3da3c1fbdf290b9268c6d6b/element HTTP/1.1
User-Agent: selenium/4.1.2 (java windows)
Content-Length: 103
Content-Type: application/json; charset=utf-8
host: localhost:65354
accept: */*

Response DefaultHttpResponse(decodeResult: success, version: HTTP/1.1)
HTTP/1.1 200 OK
Content-Type: application/json; charset=utf-8
cache-control: no-cache
content-length: 88

00:47:54.211 [AsyncHttpClient-1-23] DEBUG org.asynchttpclient.netty.channel.ChannelManager - Adding key: http://localhost:65354 for channel [id: 0xf8f126d6, L:/127.0.0.1:50023 - R:localhost/127.0.0.1:65354]
00:47:54.212 [Forwarding getElementTagName on session 486a4f0aa3da3c1fbdf290b9268c6d6b to remote] DEBUG org.asynchttpclient.netty.request.NettyRequestSender - Using pooled Channel '[id: 0xf8f126d6, L:/127.0.0.1:50023 - R:localhost/127.0.0.1:65354]' for 'GET' to 'http://localhost:65354/session/486a4f0aa3da3c1fbdf290b9268c6d6b/element/6f518305-a161-410f-b9ad-a454924b3c50/name'
00:47:54.212 [Forwarding getElementTagName on session 486a4f0aa3da3c1fbdf290b9268c6d6b to remote] DEBUG org.asynchttpclient.netty.request.NettyRequestSender - Using open Channel [id: 0xf8f126d6, L:/127.0.0.1:50023 - R:localhost/127.0.0.1:65354] for GET '/session/486a4f0aa3da3c1fbdf290b9268c6d6b/element/6f518305-a161-410f-b9ad-a454924b3c50/name'
00:47:54.220 [AsyncHttpClient-1-23] DEBUG org.asynchttpclient.netty.handler.HttpHandler - 

Request DefaultFullHttpRequest(decodeResult: success, version: HTTP/1.1, content: EmptyByteBufBE)
GET /session/486a4f0aa3da3c1fbdf290b9268c6d6b/element/6f518305-a161-410f-b9ad-a454924b3c50/name HTTP/1.1
User-Agent: selenium/4.1.2 (java windows)
Cache-Control: no-cache
Content-Type: application/json; charset=utf-8
host: localhost:65354
accept: */*

Response DefaultHttpResponse(decodeResult: success, version: HTTP/1.1)
HTTP/1.1 200 OK
Content-Type: application/json; charset=utf-8
cache-control: no-cache
content-length: 15

00:47:54.220 [AsyncHttpClient-1-23] DEBUG org.asynchttpclient.netty.channel.ChannelManager - Adding key: http://localhost:65354 for channel [id: 0xf8f126d6, L:/127.0.0.1:50023 - R:localhost/127.0.0.1:65354]
00:47:54.221 [Forwarding getElementTagName on session 486a4f0aa3da3c1fbdf290b9268c6d6b to remote] DEBUG org.asynchttpclient.netty.request.NettyRequestSender - Using pooled Channel '[id: 0xf8f126d6, L:/127.0.0.1:50023 - R:localhost/127.0.0.1:65354]' for 'GET' to 'http://localhost:65354/session/486a4f0aa3da3c1fbdf290b9268c6d6b/element/6f518305-a161-410f-b9ad-a454924b3c50/name'
00:47:54.221 [Forwarding getElementTagName on session 486a4f0aa3da3c1fbdf290b9268c6d6b to remote] DEBUG org.asynchttpclient.netty.request.NettyRequestSender - Using open Channel [id: 0xf8f126d6, L:/127.0.0.1:50023 - R:localhost/127.0.0.1:65354] for GET '/session/486a4f0aa3da3c1fbdf290b9268c6d6b/element/6f518305-a161-410f-b9ad-a454924b3c50/name'
00:47:54.243 [AsyncHttpClient-1-23] DEBUG org.asynchttpclient.netty.handler.HttpHandler - 

Request DefaultFullHttpRequest(decodeResult: success, version: HTTP/1.1, content: EmptyByteBufBE)
GET /session/486a4f0aa3da3c1fbdf290b9268c6d6b/element/6f518305-a161-410f-b9ad-a454924b3c50/name HTTP/1.1
User-Agent: selenium/4.1.2 (java windows)
Cache-Control: no-cache
Content-Type: application/json; charset=utf-8
host: localhost:65354
accept: */*

Response DefaultHttpResponse(decodeResult: success, version: HTTP/1.1)
HTTP/1.1 200 OK
Content-Type: application/json; charset=utf-8
cache-control: no-cache
content-length: 15

00:47:54.243 [AsyncHttpClient-1-23] DEBUG org.asynchttpclient.netty.channel.ChannelManager - Adding key: http://localhost:65354 for channel [id: 0xf8f126d6, L:/127.0.0.1:50023 - R:localhost/127.0.0.1:65354]
00:47:54.245 [Forwarding findElement on session 486a4f0aa3da3c1fbdf290b9268c6d6b to remote] DEBUG org.asynchttpclient.netty.request.NettyRequestSender - Using pooled Channel '[id: 0xf8f126d6, L:/127.0.0.1:50023 - R:localhost/127.0.0.1:65354]' for 'POST' to 'http://localhost:65354/session/486a4f0aa3da3c1fbdf290b9268c6d6b/element'
00:47:54.245 [Forwarding findElement on session 486a4f0aa3da3c1fbdf290b9268c6d6b to remote] DEBUG org.asynchttpclient.netty.request.NettyRequestSender - Using open Channel [id: 0xf8f126d6, L:/127.0.0.1:50023 - R:localhost/127.0.0.1:65354] for POST '/session/486a4f0aa3da3c1fbdf290b9268c6d6b/element'
00:47:54.260 [AsyncHttpClient-1-23] DEBUG org.asynchttpclient.netty.handler.HttpHandler - 

Request DefaultHttpRequest(decodeResult: success, version: HTTP/1.1)
POST /session/486a4f0aa3da3c1fbdf290b9268c6d6b/element HTTP/1.1
User-Agent: selenium/4.1.2 (java windows)
Content-Length: 103
Content-Type: application/json; charset=utf-8
host: localhost:65354
accept: */*

Response DefaultHttpResponse(decodeResult: success, version: HTTP/1.1)
HTTP/1.1 200 OK
Content-Type: application/json; charset=utf-8
cache-control: no-cache
content-length: 88

00:47:54.260 [AsyncHttpClient-1-23] DEBUG org.asynchttpclient.netty.channel.ChannelManager - Adding key: http://localhost:65354 for channel [id: 0xf8f126d6, L:/127.0.0.1:50023 - R:localhost/127.0.0.1:65354]
00:47:54.261 [Forwarding clickElement on session 486a4f0aa3da3c1fbdf290b9268c6d6b to remote] DEBUG org.asynchttpclient.netty.request.NettyRequestSender - Using pooled Channel '[id: 0xf8f126d6, L:/127.0.0.1:50023 - R:localhost/127.0.0.1:65354]' for 'POST' to 'http://localhost:65354/session/486a4f0aa3da3c1fbdf290b9268c6d6b/element/6f518305-a161-410f-b9ad-a454924b3c50/click'
00:47:54.261 [Forwarding clickElement on session 486a4f0aa3da3c1fbdf290b9268c6d6b to remote] DEBUG org.asynchttpclient.netty.request.NettyRequestSender - Using open Channel [id: 0xf8f126d6, L:/127.0.0.1:50023 - R:localhost/127.0.0.1:65354] for POST '/session/486a4f0aa3da3c1fbdf290b9268c6d6b/element/6f518305-a161-410f-b9ad-a454924b3c50/click'
00:47:54.335 [AsyncHttpClient-1-23] DEBUG org.asynchttpclient.netty.handler.HttpHandler - 

Request DefaultHttpRequest(decodeResult: success, version: HTTP/1.1)
POST /session/486a4f0aa3da3c1fbdf290b9268c6d6b/element/6f518305-a161-410f-b9ad-a454924b3c50/click HTTP/1.1
User-Agent: selenium/4.1.2 (java windows)
Content-Length: 50
Content-Type: application/json; charset=utf-8
host: localhost:65354
accept: */*

Response DefaultHttpResponse(decodeResult: success, version: HTTP/1.1)
HTTP/1.1 200 OK
Content-Type: application/json; charset=utf-8
cache-control: no-cache
content-length: 14

00:47:54.335 [AsyncHttpClient-1-23] DEBUG org.asynchttpclient.netty.channel.ChannelManager - Adding key: http://localhost:65354 for channel [id: 0xf8f126d6, L:/127.0.0.1:50023 - R:localhost/127.0.0.1:65354]
00:47:54.340 [Forwarding screenshot on session 486a4f0aa3da3c1fbdf290b9268c6d6b to remote] DEBUG org.asynchttpclient.netty.request.NettyRequestSender - Using pooled Channel '[id: 0xf8f126d6, L:/127.0.0.1:50023 - R:localhost/127.0.0.1:65354]' for 'GET' to 'http://localhost:65354/session/486a4f0aa3da3c1fbdf290b9268c6d6b/screenshot'
00:47:54.340 [Forwarding screenshot on session 486a4f0aa3da3c1fbdf290b9268c6d6b to remote] DEBUG org.asynchttpclient.netty.request.NettyRequestSender - Using open Channel [id: 0xf8f126d6, L:/127.0.0.1:50023 - R:localhost/127.0.0.1:65354] for GET '/session/486a4f0aa3da3c1fbdf290b9268c6d6b/screenshot'
00:47:54.498 [AsyncHttpClient-1-23] DEBUG org.asynchttpclient.netty.handler.HttpHandler - 

Request DefaultFullHttpRequest(decodeResult: success, version: HTTP/1.1, content: EmptyByteBufBE)
GET /session/486a4f0aa3da3c1fbdf290b9268c6d6b/screenshot HTTP/1.1
User-Agent: selenium/4.1.2 (java windows)
Cache-Control: no-cache
Content-Type: application/json; charset=utf-8
host: localhost:65354
accept: */*

Response DefaultHttpResponse(decodeResult: success, version: HTTP/1.1)
HTTP/1.1 200 OK
Content-Type: application/json; charset=utf-8
cache-control: no-cache
content-length: 108336

00:47:54.498 [AsyncHttpClient-1-23] DEBUG org.asynchttpclient.netty.channel.ChannelManager - Adding key: http://localhost:65354 for channel [id: 0xf8f126d6, L:/127.0.0.1:50023 - R:localhost/127.0.0.1:65354]
00:47:54.500 [main] DEBUG net.serenitybdd.core.photography.Darkroom - Send negative for processing for target\site\serenity\5aa0ced3a0263b5dd5c1a1052607f035a97bca398db4fa99d4b41e41966703e5.png
00:47:54.500 [main] DEBUG net.thucydides.core.steps.StepInterceptor - STEP DONE: deleteadmin
  &amp#27;[32mAnd &amp#27;[0m&amp#27;[32madmin click the red image next to the address&amp#27;[0m &amp#27;[90m# starter.definitions.ManageadminSteps.adminClickTheRedImageNextToTheAddress()&amp#27;[0m
00:47:54.501 [Darkroom Processing Line] DEBUG net.serenitybdd.core.photography.DarkroomProcessingLine - Processing screenshot image in /var/screenshots/screenshot-7290132607589879312
00:47:54.501 [Darkroom Processing Line] DEBUG net.serenitybdd.core.photography.DarkroomProcessingLine - Saving screenshot to target\site\serenity\5aa0ced3a0263b5dd5c1a1052607f035a97bca398db4fa99d4b41e41966703e5.png
00:47:54.513 [main] DEBUG net.thucydides.core.steps.StepInterceptor - STARTING STEP: ManageadminSteps.adminSucseesDeleteAdmin - deleteok
00:47:54.515 [Forwarding findElement on session 486a4f0aa3da3c1fbdf290b9268c6d6b to remote] DEBUG org.asynchttpclient.netty.request.NettyRequestSender - Using pooled Channel '[id: 0xf8f126d6, L:/127.0.0.1:50023 - R:localhost/127.0.0.1:65354]' for 'POST' to 'http://localhost:65354/session/486a4f0aa3da3c1fbdf290b9268c6d6b/element'
00:47:54.515 [Forwarding findElement on session 486a4f0aa3da3c1fbdf290b9268c6d6b to remote] DEBUG org.asynchttpclient.netty.request.NettyRequestSender - Using open Channel [id: 0xf8f126d6, L:/127.0.0.1:50023 - R:localhost/127.0.0.1:65354] for POST '/session/486a4f0aa3da3c1fbdf290b9268c6d6b/element'
00:47:54.534 [AsyncHttpClient-1-23] DEBUG org.asynchttpclient.netty.handler.HttpHandler - 

Request DefaultHttpRequest(decodeResult: success, version: HTTP/1.1)
POST /session/486a4f0aa3da3c1fbdf290b9268c6d6b/element HTTP/1.1
User-Agent: selenium/4.1.2 (java windows)
Content-Length: 81
Content-Type: application/json; charset=utf-8
host: localhost:65354
accept: */*

Response DefaultHttpResponse(decodeResult: success, version: HTTP/1.1)
HTTP/1.1 200 OK
Content-Type: application/json; charset=utf-8
cache-control: no-cache
content-length: 88

00:47:54.534 [AsyncHttpClient-1-23] DEBUG org.asynchttpclient.netty.channel.ChannelManager - Adding key: http://localhost:65354 for channel [id: 0xf8f126d6, L:/127.0.0.1:50023 - R:localhost/127.0.0.1:65354]
00:47:54.535 [Forwarding getElementTagName on session 486a4f0aa3da3c1fbdf290b9268c6d6b to remote] DEBUG org.asynchttpclient.netty.request.NettyRequestSender - Using pooled Channel '[id: 0xf8f126d6, L:/127.0.0.1:50023 - R:localhost/127.0.0.1:65354]' for 'GET' to 'http://localhost:65354/session/486a4f0aa3da3c1fbdf290b9268c6d6b/element/ff62ef91-0b40-4662-a1f2-bdef3e22dc59/name'
00:47:54.535 [Forwarding getElementTagName on session 486a4f0aa3da3c1fbdf290b9268c6d6b to remote] DEBUG org.asynchttpclient.netty.request.NettyRequestSender - Using open Channel [id: 0xf8f126d6, L:/127.0.0.1:50023 - R:localhost/127.0.0.1:65354] for GET '/session/486a4f0aa3da3c1fbdf290b9268c6d6b/element/ff62ef91-0b40-4662-a1f2-bdef3e22dc59/name'
00:47:54.549 [AsyncHttpClient-1-23] DEBUG org.asynchttpclient.netty.handler.HttpHandler - 

Request DefaultFullHttpRequest(decodeResult: success, version: HTTP/1.1, content: EmptyByteBufBE)
GET /session/486a4f0aa3da3c1fbdf290b9268c6d6b/element/ff62ef91-0b40-4662-a1f2-bdef3e22dc59/name HTTP/1.1
User-Agent: selenium/4.1.2 (java windows)
Cache-Control: no-cache
Content-Type: application/json; charset=utf-8
host: localhost:65354
accept: */*

Response DefaultHttpResponse(decodeResult: success, version: HTTP/1.1)
HTTP/1.1 200 OK
Content-Type: application/json; charset=utf-8
cache-control: no-cache
content-length: 18

00:47:54.549 [AsyncHttpClient-1-23] DEBUG org.asynchttpclient.netty.channel.ChannelManager - Adding key: http://localhost:65354 for channel [id: 0xf8f126d6, L:/127.0.0.1:50023 - R:localhost/127.0.0.1:65354]
00:47:54.550 [Forwarding getElementTagName on session 486a4f0aa3da3c1fbdf290b9268c6d6b to remote] DEBUG org.asynchttpclient.netty.request.NettyRequestSender - Using pooled Channel '[id: 0xf8f126d6, L:/127.0.0.1:50023 - R:localhost/127.0.0.1:65354]' for 'GET' to 'http://localhost:65354/session/486a4f0aa3da3c1fbdf290b9268c6d6b/element/ff62ef91-0b40-4662-a1f2-bdef3e22dc59/name'
00:47:54.550 [Forwarding getElementTagName on session 486a4f0aa3da3c1fbdf290b9268c6d6b to remote] DEBUG org.asynchttpclient.netty.request.NettyRequestSender - Using open Channel [id: 0xf8f126d6, L:/127.0.0.1:50023 - R:localhost/127.0.0.1:65354] for GET '/session/486a4f0aa3da3c1fbdf290b9268c6d6b/element/ff62ef91-0b40-4662-a1f2-bdef3e22dc59/name'
00:47:54.569 [AsyncHttpClient-1-23] DEBUG org.asynchttpclient.netty.handler.HttpHandler - 

Request DefaultFullHttpRequest(decodeResult: success, version: HTTP/1.1, content: EmptyByteBufBE)
GET /session/486a4f0aa3da3c1fbdf290b9268c6d6b/element/ff62ef91-0b40-4662-a1f2-bdef3e22dc59/name HTTP/1.1
User-Agent: selenium/4.1.2 (java windows)
Cache-Control: no-cache
Content-Type: application/json; charset=utf-8
host: localhost:65354
accept: */*

Response DefaultHttpResponse(decodeResult: success, version: HTTP/1.1)
HTTP/1.1 200 OK
Content-Type: application/json; charset=utf-8
cache-control: no-cache
content-length: 18

00:47:54.569 [AsyncHttpClient-1-23] DEBUG org.asynchttpclient.netty.channel.ChannelManager - Adding key: http://localhost:65354 for channel [id: 0xf8f126d6, L:/127.0.0.1:50023 - R:localhost/127.0.0.1:65354]
00:47:54.571 [Forwarding isElementEnabled on session 486a4f0aa3da3c1fbdf290b9268c6d6b to remote] DEBUG org.asynchttpclient.netty.request.NettyRequestSender - Using pooled Channel '[id: 0xf8f126d6, L:/127.0.0.1:50023 - R:localhost/127.0.0.1:65354]' for 'GET' to 'http://localhost:65354/session/486a4f0aa3da3c1fbdf290b9268c6d6b/element/ff62ef91-0b40-4662-a1f2-bdef3e22dc59/enabled'
00:47:54.571 [Forwarding isElementEnabled on session 486a4f0aa3da3c1fbdf290b9268c6d6b to remote] DEBUG org.asynchttpclient.netty.request.NettyRequestSender - Using open Channel [id: 0xf8f126d6, L:/127.0.0.1:50023 - R:localhost/127.0.0.1:65354] for GET '/session/486a4f0aa3da3c1fbdf290b9268c6d6b/element/ff62ef91-0b40-4662-a1f2-bdef3e22dc59/enabled'
00:47:54.591 [AsyncHttpClient-1-23] DEBUG org.asynchttpclient.netty.handler.HttpHandler - 

Request DefaultFullHttpRequest(decodeResult: success, version: HTTP/1.1, content: EmptyByteBufBE)
GET /session/486a4f0aa3da3c1fbdf290b9268c6d6b/element/ff62ef91-0b40-4662-a1f2-bdef3e22dc59/enabled HTTP/1.1
User-Agent: selenium/4.1.2 (java windows)
Cache-Control: no-cache
Content-Type: application/json; charset=utf-8
host: localhost:65354
accept: */*

Response DefaultHttpResponse(decodeResult: success, version: HTTP/1.1)
HTTP/1.1 200 OK
Content-Type: application/json; charset=utf-8
cache-control: no-cache
content-length: 14

00:47:54.591 [AsyncHttpClient-1-23] DEBUG org.asynchttpclient.netty.channel.ChannelManager - Adding key: http://localhost:65354 for channel [id: 0xf8f126d6, L:/127.0.0.1:50023 - R:localhost/127.0.0.1:65354]
00:47:54.592 [Forwarding isElementEnabled on session 486a4f0aa3da3c1fbdf290b9268c6d6b to remote] DEBUG org.asynchttpclient.netty.request.NettyRequestSender - Using pooled Channel '[id: 0xf8f126d6, L:/127.0.0.1:50023 - R:localhost/127.0.0.1:65354]' for 'GET' to 'http://localhost:65354/session/486a4f0aa3da3c1fbdf290b9268c6d6b/element/ff62ef91-0b40-4662-a1f2-bdef3e22dc59/enabled'
00:47:54.592 [Forwarding isElementEnabled on session 486a4f0aa3da3c1fbdf290b9268c6d6b to remote] DEBUG org.asynchttpclient.netty.request.NettyRequestSender - Using open Channel [id: 0xf8f126d6, L:/127.0.0.1:50023 - R:localhost/127.0.0.1:65354] for GET '/session/486a4f0aa3da3c1fbdf290b9268c6d6b/element/ff62ef91-0b40-4662-a1f2-bdef3e22dc59/enabled'
00:47:54.603 [AsyncHttpClient-1-23] DEBUG org.asynchttpclient.netty.handler.HttpHandler - 

Request DefaultFullHttpRequest(decodeResult: success, version: HTTP/1.1, content: EmptyByteBufBE)
GET /session/486a4f0aa3da3c1fbdf290b9268c6d6b/element/ff62ef91-0b40-4662-a1f2-bdef3e22dc59/enabled HTTP/1.1
User-Agent: selenium/4.1.2 (java windows)
Cache-Control: no-cache
Content-Type: application/json; charset=utf-8
host: localhost:65354
accept: */*

Response DefaultHttpResponse(decodeResult: success, version: HTTP/1.1)
HTTP/1.1 200 OK
Content-Type: application/json; charset=utf-8
cache-control: no-cache
content-length: 14

00:47:54.603 [AsyncHttpClient-1-23] DEBUG org.asynchttpclient.netty.channel.ChannelManager - Adding key: http://localhost:65354 for channel [id: 0xf8f126d6, L:/127.0.0.1:50023 - R:localhost/127.0.0.1:65354]
00:47:54.605 [Forwarding findElement on session 486a4f0aa3da3c1fbdf290b9268c6d6b to remote] DEBUG org.asynchttpclient.netty.request.NettyRequestSender - Using pooled Channel '[id: 0xf8f126d6, L:/127.0.0.1:50023 - R:localhost/127.0.0.1:65354]' for 'POST' to 'http://localhost:65354/session/486a4f0aa3da3c1fbdf290b9268c6d6b/element'
00:47:54.606 [Forwarding findElement on session 486a4f0aa3da3c1fbdf290b9268c6d6b to remote] DEBUG org.asynchttpclient.netty.request.NettyRequestSender - Using open Channel [id: 0xf8f126d6, L:/127.0.0.1:50023 - R:localhost/127.0.0.1:65354] for POST '/session/486a4f0aa3da3c1fbdf290b9268c6d6b/element'
00:47:54.624 [AsyncHttpClient-1-23] DEBUG org.asynchttpclient.netty.handler.HttpHandler - 

Request DefaultHttpRequest(decodeResult: success, version: HTTP/1.1)
POST /session/486a4f0aa3da3c1fbdf290b9268c6d6b/element HTTP/1.1
User-Agent: selenium/4.1.2 (java windows)
Content-Length: 81
Content-Type: application/json; charset=utf-8
host: localhost:65354
accept: */*

Response DefaultHttpResponse(decodeResult: success, version: HTTP/1.1)
HTTP/1.1 200 OK
Content-Type: application/json; charset=utf-8
cache-control: no-cache
content-length: 88

00:47:54.624 [AsyncHttpClient-1-23] DEBUG org.asynchttpclient.netty.channel.ChannelManager - Adding key: http://localhost:65354 for channel [id: 0xf8f126d6, L:/127.0.0.1:50023 - R:localhost/127.0.0.1:65354]
00:47:54.625 [Forwarding clickElement on session 486a4f0aa3da3c1fbdf290b9268c6d6b to remote] DEBUG org.asynchttpclient.netty.request.NettyRequestSender - Using pooled Channel '[id: 0xf8f126d6, L:/127.0.0.1:50023 - R:localhost/127.0.0.1:65354]' for 'POST' to 'http://localhost:65354/session/486a4f0aa3da3c1fbdf290b9268c6d6b/element/ff62ef91-0b40-4662-a1f2-bdef3e22dc59/click'
00:47:54.625 [Forwarding clickElement on session 486a4f0aa3da3c1fbdf290b9268c6d6b to remote] DEBUG org.asynchttpclient.netty.request.NettyRequestSender - Using open Channel [id: 0xf8f126d6, L:/127.0.0.1:50023 - R:localhost/127.0.0.1:65354] for POST '/session/486a4f0aa3da3c1fbdf290b9268c6d6b/element/ff62ef91-0b40-4662-a1f2-bdef3e22dc59/click'
00:47:54.704 [AsyncHttpClient-1-23] DEBUG org.asynchttpclient.netty.handler.HttpHandler - 

Request DefaultHttpRequest(decodeResult: success, version: HTTP/1.1)
POST /session/486a4f0aa3da3c1fbdf290b9268c6d6b/element/ff62ef91-0b40-4662-a1f2-bdef3e22dc59/click HTTP/1.1
User-Agent: selenium/4.1.2 (java windows)
Content-Length: 50
Content-Type: application/json; charset=utf-8
host: localhost:65354
accept: */*

Response DefaultHttpResponse(decodeResult: success, version: HTTP/1.1)
HTTP/1.1 200 OK
Content-Type: application/json; charset=utf-8
cache-control: no-cache
content-length: 14

00:47:54.704 [AsyncHttpClient-1-23] DEBUG org.asynchttpclient.netty.channel.ChannelManager - Adding key: http://localhost:65354 for channel [id: 0xf8f126d6, L:/127.0.0.1:50023 - R:localhost/127.0.0.1:65354]
00:47:54.709 [Forwarding screenshot on session 486a4f0aa3da3c1fbdf290b9268c6d6b to remote] DEBUG org.asynchttpclient.netty.request.NettyRequestSender - Using pooled Channel '[id: 0xf8f126d6, L:/127.0.0.1:50023 - R:localhost/127.0.0.1:65354]' for 'GET' to 'http://localhost:65354/session/486a4f0aa3da3c1fbdf290b9268c6d6b/screenshot'
00:47:54.709 [Forwarding screenshot on session 486a4f0aa3da3c1fbdf290b9268c6d6b to remote] DEBUG org.asynchttpclient.netty.request.NettyRequestSender - Using open Channel [id: 0xf8f126d6, L:/127.0.0.1:50023 - R:localhost/127.0.0.1:65354] for GET '/session/486a4f0aa3da3c1fbdf290b9268c6d6b/screenshot'
00:47:54.795 [AsyncHttpClient-1-1] DEBUG org.asynchttpclient.netty.channel.DefaultChannelPool - Entry count for : http://localhost:50024 : 1
00:47:54.868 [AsyncHttpClient-1-23] DEBUG org.asynchttpclient.netty.handler.HttpHandler - 

Request DefaultFullHttpRequest(decodeResult: success, version: HTTP/1.1, content: EmptyByteBufBE)
GET /session/486a4f0aa3da3c1fbdf290b9268c6d6b/screenshot HTTP/1.1
User-Agent: selenium/4.1.2 (java windows)
Cache-Control: no-cache
Content-Type: application/json; charset=utf-8
host: localhost:65354
accept: */*

Response DefaultHttpResponse(decodeResult: success, version: HTTP/1.1)
HTTP/1.1 200 OK
Content-Type: application/json; charset=utf-8
cache-control: no-cache
content-length: 102628

00:47:54.869 [AsyncHttpClient-1-23] DEBUG org.asynchttpclient.netty.channel.ChannelManager - Adding key: http://localhost:65354 for channel [id: 0xf8f126d6, L:/127.0.0.1:50023 - R:localhost/127.0.0.1:65354]
00:47:54.871 [main] DEBUG net.serenitybdd.core.photography.Darkroom - Send negative for processing for target\site\serenity\c4adbba52f2b2422374eb9bcc3bbcd893ead2e12c2cedc829c60d4dc22144a16.png
00:47:54.871 [main] DEBUG net.thucydides.core.steps.StepInterceptor - STEP DONE: deleteok
  &amp#27;[32mThen &amp#27;[0m&amp#27;[32madmin sucsees delete admin&amp#27;[0m                   &amp#27;[90m# starter.definitions.ManageadminSteps.adminSucseesDeleteAdmin()&amp#27;[0m
00:47:54.872 [Darkroom Processing Line] DEBUG net.serenitybdd.core.photography.DarkroomProcessingLine - Processing screenshot image in /var/screenshots/screenshot-3776132207920313044
00:47:54.872 [Darkroom Processing Line] DEBUG net.serenitybdd.core.photography.DarkroomProcessingLine - Saving screenshot to target\site\serenity\c4adbba52f2b2422374eb9bcc3bbcd893ead2e12c2cedc829c60d4dc22144a16.png
00:47:54.877 [main] INFO  - 
  _____   ___   ___   _____     ___     _     ___   ___   ___   ___  
 |_   _| | __| / __| |_   _|   | _ \   /_\   / __| / __| | __| |   \ 
   | |   | _|  \__ \   | |     |  _/  / _ \  \__ \ \__ \ | _|  | |) |
   |_|   |___| |___/   |_|     |_|   /_/ \_\ |___/ |___/ |___| |___/ 

admin choose delete admin
----------------------------------------------------------------------
00:47:54.877 [AsyncHttpClient-1-25] DEBUG org.asynchttpclient.netty.handler.WebSocketHandler - Channel Closed: [id: 0x94d95260, L:/127.0.0.1:50031 ! R:localhost/127.0.0.1:50024] with attribute NettyResponseFuture{currentRetry=5,
	isDone=1,
	isCancelled=0,
	asyncHandler=org.asynchttpclient.ws.WebSocketUpgradeHandler@49feb380,
	nettyRequest=org.asynchttpclient.netty.request.NettyRequest@4470858b,
	future=java.util.concurrent.CompletableFuture@4ad6d6b0[Completed normally],
	uri=ws://localhost:50024/devtools/browser/80d6c4ad-44d9-4025-8107-e333caf24129,
	keepAlive=true,
	redirectCount=0,
	timeoutsHolder=null,
	inAuth=0,
	touch=1658422066753}
00:47:54.878 [AsyncHttpClient-1-25] DEBUG org.asynchttpclient.netty.channel.ChannelManager - Closing Channel [id: 0x94d95260, L:/127.0.0.1:50031 ! R:localhost/127.0.0.1:50024] 
00:47:54.882 [Driver Command Executor] DEBUG org.asynchttpclient.netty.request.NettyRequestSender - Using pooled Channel '[id: 0xf8f126d6, L:/127.0.0.1:50023 - R:localhost/127.0.0.1:65354]' for 'DELETE' to 'http://localhost:65354/session/486a4f0aa3da3c1fbdf290b9268c6d6b'
00:47:54.882 [Driver Command Executor] DEBUG org.asynchttpclient.netty.request.NettyRequestSender - Using open Channel [id: 0xf8f126d6, L:/127.0.0.1:50023 - R:localhost/127.0.0.1:65354] for DELETE '/session/486a4f0aa3da3c1fbdf290b9268c6d6b'
00:47:55.331 [AsyncHttpClient-1-24] DEBUG org.asynchttpclient.netty.handler.HttpHandler - Unexpected I/O exception on channel [id: 0x4c83068b, L:/127.0.0.1:50030 - R:localhost/127.0.0.1:50024]
java.net.SocketException: Connection reset
	at java.base/sun.nio.ch.SocketChannelImpl.throwConnectionReset(SocketChannelImpl.java:394)
	at java.base/sun.nio.ch.SocketChannelImpl.read(SocketChannelImpl.java:426)
	at io.netty.buffer.PooledByteBuf.setBytes(PooledByteBuf.java:258)
	at io.netty.buffer.AbstractByteBuf.writeBytes(AbstractByteBuf.java:1132)
	at io.netty.channel.socket.nio.NioSocketChannel.doReadBytes(NioSocketChannel.java:350)
	at io.netty.channel.nio.AbstractNioByteChannel$NioByteUnsafe.read(AbstractNioByteChannel.java:151)
	at io.netty.channel.nio.NioEventLoop.processSelectedKey(NioEventLoop.java:722)
	at io.netty.channel.nio.NioEventLoop.processSelectedKeysOptimized(NioEventLoop.java:658)
	at io.netty.channel.nio.NioEventLoop.processSelectedKeys(NioEventLoop.java:584)
	at io.netty.channel.nio.NioEventLoop.run(NioEventLoop.java:496)
	at io.netty.util.concurrent.SingleThreadEventExecutor$4.run(SingleThreadEventExecutor.java:986)
	at io.netty.util.internal.ThreadExecutorMap$2.run(ThreadExecutorMap.java:74)
	at io.netty.util.concurrent.FastThreadLocalRunnable.run(FastThreadLocalRunnable.java:30)
	at java.base/java.lang.Thread.run(Thread.java:833)
00:47:55.331 [AsyncHttpClient-1-24] DEBUG org.asynchttpclient.netty.channel.ChannelManager - Closing Channel [id: 0x4c83068b, L:/127.0.0.1:50030 - R:localhost/127.0.0.1:50024] 
00:47:55.331 [AsyncHttpClient-1-24] DEBUG org.asynchttpclient.netty.handler.HttpHandler - Channel Closed: [id: 0x4c83068b, L:/127.0.0.1:50030 ! R:localhost/127.0.0.1:50024] with attribute DISCARD
00:47:55.385 [AsyncHttpClient-1-23] DEBUG org.asynchttpclient.netty.handler.HttpHandler - 

Request DefaultFullHttpRequest(decodeResult: success, version: HTTP/1.1, content: EmptyByteBufBE)
DELETE /session/486a4f0aa3da3c1fbdf290b9268c6d6b HTTP/1.1
User-Agent: selenium/4.1.2 (java windows)
Content-Type: application/json; charset=utf-8
host: localhost:65354
accept: */*

Response DefaultHttpResponse(decodeResult: success, version: HTTP/1.1)
HTTP/1.1 200 OK
Content-Type: application/json; charset=utf-8
cache-control: no-cache
content-length: 14

00:47:55.385 [AsyncHttpClient-1-23] DEBUG org.asynchttpclient.netty.channel.ChannelManager - Adding key: http://localhost:65354 for channel [id: 0xf8f126d6, L:/127.0.0.1:50023 - R:localhost/127.0.0.1:65354]
00:47:55.887 [AsyncHttpClient-1-1] DEBUG org.asynchttpclient.netty.channel.DefaultChannelPool - Entry count for : http://localhost:50024 : 1
00:47:55.888 [AsyncHttpClient-1-1] DEBUG org.asynchttpclient.netty.channel.DefaultChannelPool - Entry count for : http://localhost:65354 : 1
00:47:55.888 [AsyncHttpClient-1-1] DEBUG org.asynchttpclient.netty.channel.DefaultChannelPool - Adding Candidate expired Channel [id: 0x4c83068b, L:/127.0.0.1:50030 ! R:localhost/127.0.0.1:50024] isIdleTimeoutExpired=false isRemotelyClosed=true isTtlExpired=false
00:47:55.888 [AsyncHttpClient-1-1] DEBUG org.asynchttpclient.netty.channel.DefaultChannelPool - Closing Idle Channel [id: 0x4c83068b, L:/127.0.0.1:50030 ! R:localhost/127.0.0.1:50024]
00:47:55.888 [AsyncHttpClient-1-1] DEBUG org.asynchttpclient.netty.channel.DefaultChannelPool - Closed 1 connections out of 2 in 0 ms
00:47:56.378 [AsyncHttpClient-1-23] DEBUG org.asynchttpclient.netty.handler.HttpHandler - Channel Closed: [id: 0xf8f126d6, L:/127.0.0.1:50023 ! R:localhost/127.0.0.1:65354] with attribute DISCARD
]]></system-out>
    <system-err><![CDATA[Starting ChromeDriver 103.0.5060.134 (8ec6fce403b3feb0869b0732eda8bd95011d333c-refs/branch-heads/5060@{#1262}) on port 65354
Only local connections are allowed.
Please see https://chromedriver.chromium.org/security-considerations for suggestions on keeping ChromeDriver safe.
ChromeDriver was started successfully.
Jul 22, 2022 12:47:46 AM org.openqa.selenium.remote.ProtocolHandshake createSession
INFO: Detected dialect: W3C
Jul 22, 2022 12:47:46 AM org.openqa.selenium.devtools.CdpVersionFinder findNearestMatch
WARNING: Unable to find an exact match for CDP version 103, so returning the closest version found: a no-op implementation
Jul 22, 2022 12:47:46 AM org.openqa.selenium.devtools.CdpVersionFinder findNearestMatch
INFO: Unable to find CDP implementation matching 103.
Jul 22, 2022 12:47:46 AM org.openqa.selenium.chromium.ChromiumDriver lambda$new$3
WARNING: Unable to find version of CDP to use for . You may need to include a dependency on a specific version of the CDP using something similar to `org.seleniumhq.selenium:selenium-devtools-v86:4.1.2` where the version ("v86") matches the version of the chromium-based browser you're using and the version number of the artifact is the same as Selenium's.
]]></system-err>
  </testcase>
  <testcase name="admin can see detail membership page" classname="admin can see detail membership page" time="10.222">
    <system-out><![CDATA[00:47:56.454 [main] INFO io.cucumber.core.plugin.SerenityReporter - Running feature from file:///D:/capstone%20projek/web%20testing/src/test/resources/features/membeship.feature
00:47:56.456 [main] DEBUG net.thucydides.core.steps.StepEventBus - Test suite started for story net.thucydides.core.model.Story@9cec83d
00:47:56.456 [main] INFO  - Test Suite Started: admin can see detail membership page

@Member
Scenario: admin can see detail membership page &amp#27;[90m# src/test/resources/features/membeship.feature:12&amp#27;[0m
00:47:56.463 [main] INFO io.cucumber.core.plugin.SerenityReporter - Running feature from file:///D:/capstone%20projek/web%20testing/src/test/resources/features/membeship.feature
00:47:56.464 [main] INFO  - 
  _____   ___   ___   _____     ___   _____     _     ___   _____   ___   ___  
 |_   _| | __| / __| |_   _|   / __| |_   _|   /_\   | _ \ |_   _| | __| |   \ 
   | |   | _|  \__ \   | |     \__ \   | |    / _ \  |   /   | |   | _|  | |) |
   |_|   |___| |___/   |_|     |___/   |_|   /_/ \_\ |_|_\   |_|   |___| |___/ 

admin can see detail membership page(admin-can-see-detail-membership-page;admin-can-see-detail-membership-page)
--------------------------------------------------------------------------------
00:47:56.473 [main] DEBUG net.thucydides.core.steps.StepInterceptor - STARTING STEP: LoginSteps.adminOnLoginPage - openPage
00:47:56.474 [main] INFO net.serenitybdd.core.webdriver.driverproviders.ChromeDriverProvider - Using automatically driver download
00:47:56.586 [main] DEBUG io.github.bonigarcia.wdm.cache.ResolutionCache - Resolution chrome=103 in cache (valid until 01:32:20 22/07/2022 WITA)
00:47:56.589 [main] DEBUG io.github.bonigarcia.wdm.cache.ResolutionCache - Resolution chrome103=103.0.5060.134 in cache (valid until 21:05:58 22/07/2022 WITA)
00:47:56.590 [main] INFO io.github.bonigarcia.wdm.WebDriverManager - Using chromedriver 103.0.5060.134 (resolved driver for Chrome 103)
00:47:56.599 [main] DEBUG io.github.bonigarcia.wdm.WebDriverManager - Driver chromedriver 103.0.5060.134 found in cache
00:47:56.600 [main] INFO io.github.bonigarcia.wdm.WebDriverManager - Exporting webdriver.chrome.driver as C:\Users\Rev\.cache\selenium\chromedriver\win32\103.0.5060.134\chromedriver.exe
00:47:56.713 [main] DEBUG net.serenitybdd.core.webdriver.driverproviders.ProvideNewDriver - Instantiating driver
00:47:56.713 [main] DEBUG net.serenitybdd.core.webdriver.driverproviders.ProvideNewDriver - Driver capabilities: Capabilities {acceptInsecureCerts: false, base.url: https://sportly.rafdev.my.id/, browserName: chrome, chrome.driver: webdriver/chromedriver.exe, driver: chrome, goog:chromeOptions: {args: [], extensions: []}}
00:47:56.937 [AsyncHttpClient-1-2] DEBUG org.asynchttpclient.netty.channel.NettyConnectListener - Using new Channel '[id: 0x381e0ae8, L:/127.0.0.1:50062 - R:localhost/127.0.0.1:59001]' for 'POST' to '/session'
00:47:56.998 [AsyncHttpClient-1-1] DEBUG org.asynchttpclient.netty.channel.DefaultChannelPool - Entry count for : http://localhost:65354 : 1
00:47:56.998 [AsyncHttpClient-1-1] DEBUG org.asynchttpclient.netty.channel.DefaultChannelPool - Adding Candidate expired Channel [id: 0xf8f126d6, L:/127.0.0.1:50023 ! R:localhost/127.0.0.1:65354] isIdleTimeoutExpired=false isRemotelyClosed=true isTtlExpired=false
00:47:56.998 [AsyncHttpClient-1-1] DEBUG org.asynchttpclient.netty.channel.DefaultChannelPool - Closing Idle Channel [id: 0xf8f126d6, L:/127.0.0.1:50023 ! R:localhost/127.0.0.1:65354]
00:47:56.998 [AsyncHttpClient-1-1] DEBUG org.asynchttpclient.netty.channel.DefaultChannelPool - Closed 1 connections out of 1 in 0 ms
00:47:57.620 [AsyncHttpClient-1-2] DEBUG org.asynchttpclient.netty.handler.HttpHandler - 

Request DefaultHttpRequest(decodeResult: success, version: HTTP/1.1)
POST /session HTTP/1.1
User-Agent: selenium/4.1.2 (java windows)
Content-Length: 581
Content-Type: application/json; charset=utf-8
host: localhost:59001
accept: */*

Response DefaultHttpResponse(decodeResult: success, version: HTTP/1.1)
HTTP/1.1 200 OK
Content-Type: application/json; charset=utf-8
cache-control: no-cache
content-length: 791

00:47:57.620 [AsyncHttpClient-1-2] DEBUG org.asynchttpclient.netty.channel.ChannelManager - Adding key: http://localhost:59001 for channel [id: 0x381e0ae8, L:/127.0.0.1:50062 - R:localhost/127.0.0.1:59001]
00:47:57.626 [AsyncHttpClient-1-3] DEBUG org.asynchttpclient.netty.channel.NettyConnectListener - Using new Channel '[id: 0x064b8482, L:/127.0.0.1:50069 - R:localhost/127.0.0.1:50063]' for 'GET' to '/json/version'
00:47:57.626 [AsyncHttpClient-1-3] DEBUG org.asynchttpclient.netty.handler.HttpHandler - 

Request DefaultFullHttpRequest(decodeResult: success, version: HTTP/1.1, content: EmptyByteBufBE)
GET /json/version HTTP/1.1
User-Agent: selenium/4.1.2 (java windows)
host: localhost:50063
accept: */*

Response DefaultHttpResponse(decodeResult: success, version: HTTP/1.1)
HTTP/1.1 200 OK
Content-Type: application/json; charset=UTF-8
content-length: 429

00:47:57.627 [AsyncHttpClient-1-3] DEBUG org.asynchttpclient.netty.channel.ChannelManager - Adding key: http://localhost:50063 for channel [id: 0x064b8482, L:/127.0.0.1:50069 - R:localhost/127.0.0.1:50063]
00:47:57.628 [AsyncHttpClient-1-4] DEBUG org.asynchttpclient.netty.channel.NettyConnectListener - Using new Channel '[id: 0x601ae0de, L:/127.0.0.1:50070 - R:localhost/127.0.0.1:50063]' for 'GET' to '/devtools/browser/8e939f4a-d1f8-464d-81f5-d0272880fee1'
00:47:57.629 [AsyncHttpClient-1-4] DEBUG org.asynchttpclient.netty.handler.WebSocketHandler - 

Request DefaultFullHttpRequest(decodeResult: success, version: HTTP/1.1, content: EmptyByteBufBE)
GET /devtools/browser/8e939f4a-d1f8-464d-81f5-d0272880fee1 HTTP/1.1
upgrade: websocket
connection: upgrade
sec-websocket-key: rR/8MooCDhqWxAwRMNZDOA==
sec-websocket-version: 13
origin: http://localhost:50063
host: localhost:50063
accept: */*
user-agent: AHC/2.1

Response DefaultHttpResponse(decodeResult: success, version: HTTP/1.1)
HTTP/1.1 101 WebSocket Protocol Handshake
Upgrade: WebSocket
Connection: Upgrade
Sec-WebSocket-Accept: 4Dbr+WP73Aswhf+5MGmEgpb8FVU=

00:47:57.632 [Forwarding setCurrentWindowSize on session 13878f45740c4338ca31cb2bf983b2e4 to remote] DEBUG org.asynchttpclient.netty.request.NettyRequestSender - Using pooled Channel '[id: 0x381e0ae8, L:/127.0.0.1:50062 - R:localhost/127.0.0.1:59001]' for 'POST' to 'http://localhost:59001/session/13878f45740c4338ca31cb2bf983b2e4/window/rect'
00:47:57.632 [Forwarding setCurrentWindowSize on session 13878f45740c4338ca31cb2bf983b2e4 to remote] DEBUG org.asynchttpclient.netty.request.NettyRequestSender - Using open Channel [id: 0x381e0ae8, L:/127.0.0.1:50062 - R:localhost/127.0.0.1:59001] for POST '/session/13878f45740c4338ca31cb2bf983b2e4/window/rect'
00:47:57.768 [AsyncHttpClient-1-2] DEBUG org.asynchttpclient.netty.handler.HttpHandler - 

Request DefaultHttpRequest(decodeResult: success, version: HTTP/1.1)
POST /session/13878f45740c4338ca31cb2bf983b2e4/window/rect HTTP/1.1
User-Agent: selenium/4.1.2 (java windows)
Content-Length: 37
Content-Type: application/json; charset=utf-8
host: localhost:59001
accept: */*

Response DefaultHttpResponse(decodeResult: success, version: HTTP/1.1)
HTTP/1.1 200 OK
Content-Type: application/json; charset=utf-8
cache-control: no-cache
content-length: 52

00:47:57.768 [AsyncHttpClient-1-2] DEBUG org.asynchttpclient.netty.channel.ChannelManager - Adding key: http://localhost:59001 for channel [id: 0x381e0ae8, L:/127.0.0.1:50062 - R:localhost/127.0.0.1:59001]
00:47:57.769 [Forwarding setWindowPosition on session 13878f45740c4338ca31cb2bf983b2e4 to remote] DEBUG org.asynchttpclient.netty.request.NettyRequestSender - Using pooled Channel '[id: 0x381e0ae8, L:/127.0.0.1:50062 - R:localhost/127.0.0.1:59001]' for 'POST' to 'http://localhost:59001/session/13878f45740c4338ca31cb2bf983b2e4/window/rect'
00:47:57.769 [Forwarding setWindowPosition on session 13878f45740c4338ca31cb2bf983b2e4 to remote] DEBUG org.asynchttpclient.netty.request.NettyRequestSender - Using open Channel [id: 0x381e0ae8, L:/127.0.0.1:50062 - R:localhost/127.0.0.1:59001] for POST '/session/13878f45740c4338ca31cb2bf983b2e4/window/rect'
00:47:57.895 [AsyncHttpClient-1-2] DEBUG org.asynchttpclient.netty.handler.HttpHandler - 

Request DefaultHttpRequest(decodeResult: success, version: HTTP/1.1)
POST /session/13878f45740c4338ca31cb2bf983b2e4/window/rect HTTP/1.1
User-Agent: selenium/4.1.2 (java windows)
Content-Length: 22
Content-Type: application/json; charset=utf-8
host: localhost:59001
accept: */*

Response DefaultHttpResponse(decodeResult: success, version: HTTP/1.1)
HTTP/1.1 200 OK
Content-Type: application/json; charset=utf-8
cache-control: no-cache
content-length: 50

00:47:57.895 [AsyncHttpClient-1-2] DEBUG org.asynchttpclient.netty.channel.ChannelManager - Adding key: http://localhost:59001 for channel [id: 0x381e0ae8, L:/127.0.0.1:50062 - R:localhost/127.0.0.1:59001]
00:47:57.896 [Forwarding get on session 13878f45740c4338ca31cb2bf983b2e4 to remote] DEBUG org.asynchttpclient.netty.request.NettyRequestSender - Using pooled Channel '[id: 0x381e0ae8, L:/127.0.0.1:50062 - R:localhost/127.0.0.1:59001]' for 'POST' to 'http://localhost:59001/session/13878f45740c4338ca31cb2bf983b2e4/url'
00:47:57.896 [Forwarding get on session 13878f45740c4338ca31cb2bf983b2e4 to remote] DEBUG org.asynchttpclient.netty.request.NettyRequestSender - Using open Channel [id: 0x381e0ae8, L:/127.0.0.1:50062 - R:localhost/127.0.0.1:59001] for POST '/session/13878f45740c4338ca31cb2bf983b2e4/url'
00:47:58.106 [AsyncHttpClient-1-1] DEBUG org.asynchttpclient.netty.channel.DefaultChannelPool - Entry count for : http://localhost:50063 : 1
00:47:59.186 [AsyncHttpClient-1-1] DEBUG org.asynchttpclient.netty.channel.DefaultChannelPool - Entry count for : http://localhost:50063 : 1
00:48:00.285 [AsyncHttpClient-1-1] DEBUG org.asynchttpclient.netty.channel.DefaultChannelPool - Entry count for : http://localhost:50063 : 1
00:48:00.326 [AsyncHttpClient-1-2] DEBUG org.asynchttpclient.netty.handler.HttpHandler - 

Request DefaultHttpRequest(decodeResult: success, version: HTTP/1.1)
POST /session/13878f45740c4338ca31cb2bf983b2e4/url HTTP/1.1
User-Agent: selenium/4.1.2 (java windows)
Content-Length: 59
Content-Type: application/json; charset=utf-8
host: localhost:59001
accept: */*

Response DefaultHttpResponse(decodeResult: success, version: HTTP/1.1)
HTTP/1.1 200 OK
Content-Type: application/json; charset=utf-8
cache-control: no-cache
content-length: 14

00:48:00.326 [AsyncHttpClient-1-2] DEBUG org.asynchttpclient.netty.channel.ChannelManager - Adding key: http://localhost:59001 for channel [id: 0x381e0ae8, L:/127.0.0.1:50062 - R:localhost/127.0.0.1:59001]
00:48:00.327 [Forwarding setTimeout on session 13878f45740c4338ca31cb2bf983b2e4 to remote] DEBUG org.asynchttpclient.netty.request.NettyRequestSender - Using pooled Channel '[id: 0x381e0ae8, L:/127.0.0.1:50062 - R:localhost/127.0.0.1:59001]' for 'POST' to 'http://localhost:59001/session/13878f45740c4338ca31cb2bf983b2e4/timeouts'
00:48:00.327 [Forwarding setTimeout on session 13878f45740c4338ca31cb2bf983b2e4 to remote] DEBUG org.asynchttpclient.netty.request.NettyRequestSender - Using open Channel [id: 0x381e0ae8, L:/127.0.0.1:50062 - R:localhost/127.0.0.1:59001] for POST '/session/13878f45740c4338ca31cb2bf983b2e4/timeouts'
00:48:00.328 [AsyncHttpClient-1-2] DEBUG org.asynchttpclient.netty.handler.HttpHandler - 

Request DefaultHttpRequest(decodeResult: success, version: HTTP/1.1)
POST /session/13878f45740c4338ca31cb2bf983b2e4/timeouts HTTP/1.1
User-Agent: selenium/4.1.2 (java windows)
Content-Length: 22
Content-Type: application/json; charset=utf-8
host: localhost:59001
accept: */*

Response DefaultHttpResponse(decodeResult: success, version: HTTP/1.1)
HTTP/1.1 200 OK
Content-Type: application/json; charset=utf-8
cache-control: no-cache
content-length: 14

00:48:00.328 [AsyncHttpClient-1-2] DEBUG org.asynchttpclient.netty.channel.ChannelManager - Adding key: http://localhost:59001 for channel [id: 0x381e0ae8, L:/127.0.0.1:50062 - R:localhost/127.0.0.1:59001]
00:48:00.330 [Forwarding getCurrentUrl on session 13878f45740c4338ca31cb2bf983b2e4 to remote] DEBUG org.asynchttpclient.netty.request.NettyRequestSender - Using pooled Channel '[id: 0x381e0ae8, L:/127.0.0.1:50062 - R:localhost/127.0.0.1:59001]' for 'GET' to 'http://localhost:59001/session/13878f45740c4338ca31cb2bf983b2e4/url'
00:48:00.330 [Forwarding getCurrentUrl on session 13878f45740c4338ca31cb2bf983b2e4 to remote] DEBUG org.asynchttpclient.netty.request.NettyRequestSender - Using open Channel [id: 0x381e0ae8, L:/127.0.0.1:50062 - R:localhost/127.0.0.1:59001] for GET '/session/13878f45740c4338ca31cb2bf983b2e4/url'
00:48:00.369 [AsyncHttpClient-1-2] DEBUG org.asynchttpclient.netty.handler.HttpHandler - 

Request DefaultFullHttpRequest(decodeResult: success, version: HTTP/1.1, content: EmptyByteBufBE)
GET /session/13878f45740c4338ca31cb2bf983b2e4/url HTTP/1.1
User-Agent: selenium/4.1.2 (java windows)
Cache-Control: no-cache
Content-Type: application/json; charset=utf-8
host: localhost:59001
accept: */*

Response DefaultHttpResponse(decodeResult: success, version: HTTP/1.1)
HTTP/1.1 200 OK
Content-Type: application/json; charset=utf-8
cache-control: no-cache
content-length: 46

00:48:00.369 [AsyncHttpClient-1-2] DEBUG org.asynchttpclient.netty.channel.ChannelManager - Adding key: http://localhost:59001 for channel [id: 0x381e0ae8, L:/127.0.0.1:50062 - R:localhost/127.0.0.1:59001]
00:48:00.372 [Forwarding getCurrentUrl on session 13878f45740c4338ca31cb2bf983b2e4 to remote] DEBUG org.asynchttpclient.netty.request.NettyRequestSender - Using pooled Channel '[id: 0x381e0ae8, L:/127.0.0.1:50062 - R:localhost/127.0.0.1:59001]' for 'GET' to 'http://localhost:59001/session/13878f45740c4338ca31cb2bf983b2e4/url'
00:48:00.372 [Forwarding getCurrentUrl on session 13878f45740c4338ca31cb2bf983b2e4 to remote] DEBUG org.asynchttpclient.netty.request.NettyRequestSender - Using open Channel [id: 0x381e0ae8, L:/127.0.0.1:50062 - R:localhost/127.0.0.1:59001] for GET '/session/13878f45740c4338ca31cb2bf983b2e4/url'
00:48:00.383 [AsyncHttpClient-1-2] DEBUG org.asynchttpclient.netty.handler.HttpHandler - 

Request DefaultFullHttpRequest(decodeResult: success, version: HTTP/1.1, content: EmptyByteBufBE)
GET /session/13878f45740c4338ca31cb2bf983b2e4/url HTTP/1.1
User-Agent: selenium/4.1.2 (java windows)
Cache-Control: no-cache
Content-Type: application/json; charset=utf-8
host: localhost:59001
accept: */*

Response DefaultHttpResponse(decodeResult: success, version: HTTP/1.1)
HTTP/1.1 200 OK
Content-Type: application/json; charset=utf-8
cache-control: no-cache
content-length: 46

00:48:00.383 [AsyncHttpClient-1-2] DEBUG org.asynchttpclient.netty.channel.ChannelManager - Adding key: http://localhost:59001 for channel [id: 0x381e0ae8, L:/127.0.0.1:50062 - R:localhost/127.0.0.1:59001]
00:48:00.388 [main] DEBUG net.serenitybdd.core.photography.Darkroom - Opening darkroom
00:48:00.388 [Forwarding screenshot on session 13878f45740c4338ca31cb2bf983b2e4 to remote] DEBUG org.asynchttpclient.netty.request.NettyRequestSender - Using pooled Channel '[id: 0x381e0ae8, L:/127.0.0.1:50062 - R:localhost/127.0.0.1:59001]' for 'GET' to 'http://localhost:59001/session/13878f45740c4338ca31cb2bf983b2e4/screenshot'
00:48:00.389 [Forwarding screenshot on session 13878f45740c4338ca31cb2bf983b2e4 to remote] DEBUG org.asynchttpclient.netty.request.NettyRequestSender - Using open Channel [id: 0x381e0ae8, L:/127.0.0.1:50062 - R:localhost/127.0.0.1:59001] for GET '/session/13878f45740c4338ca31cb2bf983b2e4/screenshot'
00:48:00.392 [Darkroom Processing Line] DEBUG net.serenitybdd.core.photography.DarkroomProcessingLine - Darkroom processing line starting up
00:48:00.861 [AsyncHttpClient-1-2] DEBUG org.asynchttpclient.netty.handler.HttpHandler - 

Request DefaultFullHttpRequest(decodeResult: success, version: HTTP/1.1, content: EmptyByteBufBE)
GET /session/13878f45740c4338ca31cb2bf983b2e4/screenshot HTTP/1.1
User-Agent: selenium/4.1.2 (java windows)
Cache-Control: no-cache
Content-Type: application/json; charset=utf-8
host: localhost:59001
accept: */*

Response DefaultHttpResponse(decodeResult: success, version: HTTP/1.1)
HTTP/1.1 200 OK
Content-Type: application/json; charset=utf-8
cache-control: no-cache
content-length: 575004

00:48:00.862 [AsyncHttpClient-1-2] DEBUG org.asynchttpclient.netty.channel.ChannelManager - Adding key: http://localhost:59001 for channel [id: 0x381e0ae8, L:/127.0.0.1:50062 - R:localhost/127.0.0.1:59001]
00:48:00.871 [main] DEBUG net.serenitybdd.core.photography.Darkroom - Send negative for processing for target\site\serenity\bdfb3257a55b5f729af578dfc1dc3a5762c89839bea5dc19984e34dd6640fee1.png
00:48:00.872 [main] DEBUG net.thucydides.core.steps.StepInterceptor - STEP DONE: openPage
00:48:00.876 [main] DEBUG net.thucydides.core.steps.StepInterceptor - STARTING STEP: LoginSteps.adminOnLoginPage - validateonLoginPage
00:48:00.878 [Forwarding findElement on session 13878f45740c4338ca31cb2bf983b2e4 to remote] DEBUG org.asynchttpclient.netty.request.NettyRequestSender - Using pooled Channel '[id: 0x381e0ae8, L:/127.0.0.1:50062 - R:localhost/127.0.0.1:59001]' for 'POST' to 'http://localhost:59001/session/13878f45740c4338ca31cb2bf983b2e4/element'
00:48:00.878 [Forwarding findElement on session 13878f45740c4338ca31cb2bf983b2e4 to remote] DEBUG org.asynchttpclient.netty.request.NettyRequestSender - Using open Channel [id: 0x381e0ae8, L:/127.0.0.1:50062 - R:localhost/127.0.0.1:59001] for POST '/session/13878f45740c4338ca31cb2bf983b2e4/element'
00:48:00.896 [AsyncHttpClient-1-2] DEBUG org.asynchttpclient.netty.handler.HttpHandler - 

Request DefaultHttpRequest(decodeResult: success, version: HTTP/1.1)
POST /session/13878f45740c4338ca31cb2bf983b2e4/element HTTP/1.1
User-Agent: selenium/4.1.2 (java windows)
Content-Length: 71
Content-Type: application/json; charset=utf-8
host: localhost:59001
accept: */*

Response DefaultHttpResponse(decodeResult: success, version: HTTP/1.1)
HTTP/1.1 200 OK
Content-Type: application/json; charset=utf-8
cache-control: no-cache
content-length: 88

00:48:00.896 [AsyncHttpClient-1-2] DEBUG org.asynchttpclient.netty.channel.ChannelManager - Adding key: http://localhost:59001 for channel [id: 0x381e0ae8, L:/127.0.0.1:50062 - R:localhost/127.0.0.1:59001]
00:48:00.899 [Forwarding isElementDisplayed on session 13878f45740c4338ca31cb2bf983b2e4 to remote] DEBUG org.asynchttpclient.netty.request.NettyRequestSender - Using pooled Channel '[id: 0x381e0ae8, L:/127.0.0.1:50062 - R:localhost/127.0.0.1:59001]' for 'POST' to 'http://localhost:59001/session/13878f45740c4338ca31cb2bf983b2e4/execute/sync'
00:48:00.899 [Forwarding isElementDisplayed on session 13878f45740c4338ca31cb2bf983b2e4 to remote] DEBUG org.asynchttpclient.netty.request.NettyRequestSender - Using open Channel [id: 0x381e0ae8, L:/127.0.0.1:50062 - R:localhost/127.0.0.1:59001] for POST '/session/13878f45740c4338ca31cb2bf983b2e4/execute/sync'
00:48:00.916 [AsyncHttpClient-1-2] DEBUG org.asynchttpclient.netty.handler.HttpHandler - 

Request DefaultHttpRequest(decodeResult: success, version: HTTP/1.1)
POST /session/13878f45740c4338ca31cb2bf983b2e4/execute/sync HTTP/1.1
User-Agent: selenium/4.1.2 (java windows)
Content-Length: 48780
Content-Type: application/json; charset=utf-8
host: localhost:59001
accept: */*

Response DefaultHttpResponse(decodeResult: success, version: HTTP/1.1)
HTTP/1.1 200 OK
Content-Type: application/json; charset=utf-8
cache-control: no-cache
content-length: 14

00:48:00.916 [AsyncHttpClient-1-2] DEBUG org.asynchttpclient.netty.channel.ChannelManager - Adding key: http://localhost:59001 for channel [id: 0x381e0ae8, L:/127.0.0.1:50062 - R:localhost/127.0.0.1:59001]
00:48:00.920 [main] DEBUG net.thucydides.core.steps.StepInterceptor - STEP DONE: validateonLoginPage
  &amp#27;[32mGiven &amp#27;[0m&amp#27;[32madmin on login page&amp#27;[0m                    &amp#27;[90m# starter.definitions.LoginSteps.adminOnLoginPage()&amp#27;[0m
00:48:00.925 [Forwarding screenshot on session 13878f45740c4338ca31cb2bf983b2e4 to remote] DEBUG org.asynchttpclient.netty.request.NettyRequestSender - Using pooled Channel '[id: 0x381e0ae8, L:/127.0.0.1:50062 - R:localhost/127.0.0.1:59001]' for 'GET' to 'http://localhost:59001/session/13878f45740c4338ca31cb2bf983b2e4/screenshot'
00:48:00.925 [Forwarding screenshot on session 13878f45740c4338ca31cb2bf983b2e4 to remote] DEBUG org.asynchttpclient.netty.request.NettyRequestSender - Using open Channel [id: 0x381e0ae8, L:/127.0.0.1:50062 - R:localhost/127.0.0.1:59001] for GET '/session/13878f45740c4338ca31cb2bf983b2e4/screenshot'
00:48:01.224 [AsyncHttpClient-1-2] DEBUG org.asynchttpclient.netty.handler.HttpHandler - 

Request DefaultFullHttpRequest(decodeResult: success, version: HTTP/1.1, content: EmptyByteBufBE)
GET /session/13878f45740c4338ca31cb2bf983b2e4/screenshot HTTP/1.1
User-Agent: selenium/4.1.2 (java windows)
Cache-Control: no-cache
Content-Type: application/json; charset=utf-8
host: localhost:59001
accept: */*

Response DefaultHttpResponse(decodeResult: success, version: HTTP/1.1)
HTTP/1.1 200 OK
Content-Type: application/json; charset=utf-8
cache-control: no-cache
content-length: 575004

00:48:01.225 [AsyncHttpClient-1-2] DEBUG org.asynchttpclient.netty.channel.ChannelManager - Adding key: http://localhost:59001 for channel [id: 0x381e0ae8, L:/127.0.0.1:50062 - R:localhost/127.0.0.1:59001]
00:48:01.234 [main] DEBUG net.serenitybdd.core.photography.Darkroom - Send negative for processing for target\site\serenity\bdfb3257a55b5f729af578dfc1dc3a5762c89839bea5dc19984e34dd6640fee1.png
00:48:01.243 [main] DEBUG net.thucydides.core.steps.StepInterceptor - STARTING STEP: LoginSteps.adminInputValidUssername - inputusername
00:48:01.246 [Forwarding findElement on session 13878f45740c4338ca31cb2bf983b2e4 to remote] DEBUG org.asynchttpclient.netty.request.NettyRequestSender - Using pooled Channel '[id: 0x381e0ae8, L:/127.0.0.1:50062 - R:localhost/127.0.0.1:59001]' for 'POST' to 'http://localhost:59001/session/13878f45740c4338ca31cb2bf983b2e4/element'
00:48:01.246 [Forwarding findElement on session 13878f45740c4338ca31cb2bf983b2e4 to remote] DEBUG org.asynchttpclient.netty.request.NettyRequestSender - Using open Channel [id: 0x381e0ae8, L:/127.0.0.1:50062 - R:localhost/127.0.0.1:59001] for POST '/session/13878f45740c4338ca31cb2bf983b2e4/element'
00:48:01.256 [AsyncHttpClient-1-2] DEBUG org.asynchttpclient.netty.handler.HttpHandler - 

Request DefaultHttpRequest(decodeResult: success, version: HTTP/1.1)
POST /session/13878f45740c4338ca31cb2bf983b2e4/element HTTP/1.1
User-Agent: selenium/4.1.2 (java windows)
Content-Length: 92
Content-Type: application/json; charset=utf-8
host: localhost:59001
accept: */*

Response DefaultHttpResponse(decodeResult: success, version: HTTP/1.1)
HTTP/1.1 200 OK
Content-Type: application/json; charset=utf-8
cache-control: no-cache
content-length: 88

00:48:01.256 [AsyncHttpClient-1-2] DEBUG org.asynchttpclient.netty.channel.ChannelManager - Adding key: http://localhost:59001 for channel [id: 0x381e0ae8, L:/127.0.0.1:50062 - R:localhost/127.0.0.1:59001]
00:48:01.257 [Forwarding clearElement on session 13878f45740c4338ca31cb2bf983b2e4 to remote] DEBUG org.asynchttpclient.netty.request.NettyRequestSender - Using pooled Channel '[id: 0x381e0ae8, L:/127.0.0.1:50062 - R:localhost/127.0.0.1:59001]' for 'POST' to 'http://localhost:59001/session/13878f45740c4338ca31cb2bf983b2e4/element/c970353d-7923-4b2f-957f-f1603f6c3ea5/clear'
00:48:01.257 [Forwarding clearElement on session 13878f45740c4338ca31cb2bf983b2e4 to remote] DEBUG org.asynchttpclient.netty.request.NettyRequestSender - Using open Channel [id: 0x381e0ae8, L:/127.0.0.1:50062 - R:localhost/127.0.0.1:59001] for POST '/session/13878f45740c4338ca31cb2bf983b2e4/element/c970353d-7923-4b2f-957f-f1603f6c3ea5/clear'
00:48:01.288 [AsyncHttpClient-1-2] DEBUG org.asynchttpclient.netty.handler.HttpHandler - 

Request DefaultHttpRequest(decodeResult: success, version: HTTP/1.1)
POST /session/13878f45740c4338ca31cb2bf983b2e4/element/c970353d-7923-4b2f-957f-f1603f6c3ea5/clear HTTP/1.1
User-Agent: selenium/4.1.2 (java windows)
Content-Length: 50
Content-Type: application/json; charset=utf-8
host: localhost:59001
accept: */*

Response DefaultHttpResponse(decodeResult: success, version: HTTP/1.1)
HTTP/1.1 200 OK
Content-Type: application/json; charset=utf-8
cache-control: no-cache
content-length: 14

00:48:01.288 [AsyncHttpClient-1-2] DEBUG org.asynchttpclient.netty.channel.ChannelManager - Adding key: http://localhost:59001 for channel [id: 0x381e0ae8, L:/127.0.0.1:50062 - R:localhost/127.0.0.1:59001]
00:48:01.290 [Forwarding sendKeysToElement on session 13878f45740c4338ca31cb2bf983b2e4 to remote] DEBUG org.asynchttpclient.netty.request.NettyRequestSender - Using pooled Channel '[id: 0x381e0ae8, L:/127.0.0.1:50062 - R:localhost/127.0.0.1:59001]' for 'POST' to 'http://localhost:59001/session/13878f45740c4338ca31cb2bf983b2e4/element/c970353d-7923-4b2f-957f-f1603f6c3ea5/value'
00:48:01.290 [Forwarding sendKeysToElement on session 13878f45740c4338ca31cb2bf983b2e4 to remote] DEBUG org.asynchttpclient.netty.request.NettyRequestSender - Using open Channel [id: 0x381e0ae8, L:/127.0.0.1:50062 - R:localhost/127.0.0.1:59001] for POST '/session/13878f45740c4338ca31cb2bf983b2e4/element/c970353d-7923-4b2f-957f-f1603f6c3ea5/value'
00:48:01.352 [AsyncHttpClient-1-2] DEBUG org.asynchttpclient.netty.handler.HttpHandler - 

Request DefaultHttpRequest(decodeResult: success, version: HTTP/1.1)
POST /session/13878f45740c4338ca31cb2bf983b2e4/element/c970353d-7923-4b2f-957f-f1603f6c3ea5/value HTTP/1.1
User-Agent: selenium/4.1.2 (java windows)
Content-Length: 151
Content-Type: application/json; charset=utf-8
host: localhost:59001
accept: */*

Response DefaultHttpResponse(decodeResult: success, version: HTTP/1.1)
HTTP/1.1 200 OK
Content-Type: application/json; charset=utf-8
cache-control: no-cache
content-length: 14

00:48:01.352 [AsyncHttpClient-1-2] DEBUG org.asynchttpclient.netty.channel.ChannelManager - Adding key: http://localhost:59001 for channel [id: 0x381e0ae8, L:/127.0.0.1:50062 - R:localhost/127.0.0.1:59001]
00:48:01.358 [Forwarding screenshot on session 13878f45740c4338ca31cb2bf983b2e4 to remote] DEBUG org.asynchttpclient.netty.request.NettyRequestSender - Using pooled Channel '[id: 0x381e0ae8, L:/127.0.0.1:50062 - R:localhost/127.0.0.1:59001]' for 'GET' to 'http://localhost:59001/session/13878f45740c4338ca31cb2bf983b2e4/screenshot'
00:48:01.358 [Forwarding screenshot on session 13878f45740c4338ca31cb2bf983b2e4 to remote] DEBUG org.asynchttpclient.netty.request.NettyRequestSender - Using open Channel [id: 0x381e0ae8, L:/127.0.0.1:50062 - R:localhost/127.0.0.1:59001] for GET '/session/13878f45740c4338ca31cb2bf983b2e4/screenshot'
00:48:01.394 [AsyncHttpClient-1-1] DEBUG org.asynchttpclient.netty.channel.DefaultChannelPool - Entry count for : http://localhost:50063 : 1
00:48:01.659 [AsyncHttpClient-1-2] DEBUG org.asynchttpclient.netty.handler.HttpHandler - 

Request DefaultFullHttpRequest(decodeResult: success, version: HTTP/1.1, content: EmptyByteBufBE)
GET /session/13878f45740c4338ca31cb2bf983b2e4/screenshot HTTP/1.1
User-Agent: selenium/4.1.2 (java windows)
Cache-Control: no-cache
Content-Type: application/json; charset=utf-8
host: localhost:59001
accept: */*

Response DefaultHttpResponse(decodeResult: success, version: HTTP/1.1)
HTTP/1.1 200 OK
Content-Type: application/json; charset=utf-8
cache-control: no-cache
content-length: 573184

00:48:01.659 [AsyncHttpClient-1-2] DEBUG org.asynchttpclient.netty.channel.ChannelManager - Adding key: http://localhost:59001 for channel [id: 0x381e0ae8, L:/127.0.0.1:50062 - R:localhost/127.0.0.1:59001]
00:48:01.673 [main] DEBUG net.serenitybdd.core.photography.Darkroom - Send negative for processing for target\site\serenity\f77c054aa6a666f419ab49e776fdfb7fc10c7c59289c58aa7b77a3e2461e450a.png
00:48:01.673 [main] DEBUG net.thucydides.core.steps.StepInterceptor - STEP DONE: inputusername
  &amp#27;[32mWhen &amp#27;[0m&amp#27;[32madmin input valid ussername&amp#27;[0m             &amp#27;[90m# starter.definitions.LoginSteps.adminInputValidUssername()&amp#27;[0m
00:48:01.686 [main] DEBUG net.thucydides.core.steps.StepInterceptor - STARTING STEP: LoginSteps.adminInputValidPassword - inputPassword
00:48:01.688 [Forwarding findElement on session 13878f45740c4338ca31cb2bf983b2e4 to remote] DEBUG org.asynchttpclient.netty.request.NettyRequestSender - Using pooled Channel '[id: 0x381e0ae8, L:/127.0.0.1:50062 - R:localhost/127.0.0.1:59001]' for 'POST' to 'http://localhost:59001/session/13878f45740c4338ca31cb2bf983b2e4/element'
00:48:01.688 [Forwarding findElement on session 13878f45740c4338ca31cb2bf983b2e4 to remote] DEBUG org.asynchttpclient.netty.request.NettyRequestSender - Using open Channel [id: 0x381e0ae8, L:/127.0.0.1:50062 - R:localhost/127.0.0.1:59001] for POST '/session/13878f45740c4338ca31cb2bf983b2e4/element'
00:48:01.704 [AsyncHttpClient-1-2] DEBUG org.asynchttpclient.netty.handler.HttpHandler - 

Request DefaultHttpRequest(decodeResult: success, version: HTTP/1.1)
POST /session/13878f45740c4338ca31cb2bf983b2e4/element HTTP/1.1
User-Agent: selenium/4.1.2 (java windows)
Content-Length: 92
Content-Type: application/json; charset=utf-8
host: localhost:59001
accept: */*

Response DefaultHttpResponse(decodeResult: success, version: HTTP/1.1)
HTTP/1.1 200 OK
Content-Type: application/json; charset=utf-8
cache-control: no-cache
content-length: 88

00:48:01.704 [AsyncHttpClient-1-2] DEBUG org.asynchttpclient.netty.channel.ChannelManager - Adding key: http://localhost:59001 for channel [id: 0x381e0ae8, L:/127.0.0.1:50062 - R:localhost/127.0.0.1:59001]
00:48:01.706 [Forwarding clearElement on session 13878f45740c4338ca31cb2bf983b2e4 to remote] DEBUG org.asynchttpclient.netty.request.NettyRequestSender - Using pooled Channel '[id: 0x381e0ae8, L:/127.0.0.1:50062 - R:localhost/127.0.0.1:59001]' for 'POST' to 'http://localhost:59001/session/13878f45740c4338ca31cb2bf983b2e4/element/a2b97a32-75e1-420a-9a77-4870ca34c8e2/clear'
00:48:01.706 [Forwarding clearElement on session 13878f45740c4338ca31cb2bf983b2e4 to remote] DEBUG org.asynchttpclient.netty.request.NettyRequestSender - Using open Channel [id: 0x381e0ae8, L:/127.0.0.1:50062 - R:localhost/127.0.0.1:59001] for POST '/session/13878f45740c4338ca31cb2bf983b2e4/element/a2b97a32-75e1-420a-9a77-4870ca34c8e2/clear'
00:48:01.764 [AsyncHttpClient-1-2] DEBUG org.asynchttpclient.netty.handler.HttpHandler - 

Request DefaultHttpRequest(decodeResult: success, version: HTTP/1.1)
POST /session/13878f45740c4338ca31cb2bf983b2e4/element/a2b97a32-75e1-420a-9a77-4870ca34c8e2/clear HTTP/1.1
User-Agent: selenium/4.1.2 (java windows)
Content-Length: 50
Content-Type: application/json; charset=utf-8
host: localhost:59001
accept: */*

Response DefaultHttpResponse(decodeResult: success, version: HTTP/1.1)
HTTP/1.1 200 OK
Content-Type: application/json; charset=utf-8
cache-control: no-cache
content-length: 14

00:48:01.764 [AsyncHttpClient-1-2] DEBUG org.asynchttpclient.netty.channel.ChannelManager - Adding key: http://localhost:59001 for channel [id: 0x381e0ae8, L:/127.0.0.1:50062 - R:localhost/127.0.0.1:59001]
00:48:01.765 [Forwarding sendKeysToElement on session 13878f45740c4338ca31cb2bf983b2e4 to remote] DEBUG org.asynchttpclient.netty.request.NettyRequestSender - Using pooled Channel '[id: 0x381e0ae8, L:/127.0.0.1:50062 - R:localhost/127.0.0.1:59001]' for 'POST' to 'http://localhost:59001/session/13878f45740c4338ca31cb2bf983b2e4/element/a2b97a32-75e1-420a-9a77-4870ca34c8e2/value'
00:48:01.765 [Forwarding sendKeysToElement on session 13878f45740c4338ca31cb2bf983b2e4 to remote] DEBUG org.asynchttpclient.netty.request.NettyRequestSender - Using open Channel [id: 0x381e0ae8, L:/127.0.0.1:50062 - R:localhost/127.0.0.1:59001] for POST '/session/13878f45740c4338ca31cb2bf983b2e4/element/a2b97a32-75e1-420a-9a77-4870ca34c8e2/value'
00:48:01.890 [AsyncHttpClient-1-2] DEBUG org.asynchttpclient.netty.handler.HttpHandler - 

Request DefaultHttpRequest(decodeResult: success, version: HTTP/1.1)
POST /session/13878f45740c4338ca31cb2bf983b2e4/element/a2b97a32-75e1-420a-9a77-4870ca34c8e2/value HTTP/1.1
User-Agent: selenium/4.1.2 (java windows)
Content-Length: 291
Content-Type: application/json; charset=utf-8
host: localhost:59001
accept: */*

Response DefaultHttpResponse(decodeResult: success, version: HTTP/1.1)
HTTP/1.1 200 OK
Content-Type: application/json; charset=utf-8
cache-control: no-cache
content-length: 14

00:48:01.890 [AsyncHttpClient-1-2] DEBUG org.asynchttpclient.netty.channel.ChannelManager - Adding key: http://localhost:59001 for channel [id: 0x381e0ae8, L:/127.0.0.1:50062 - R:localhost/127.0.0.1:59001]
00:48:01.895 [Forwarding screenshot on session 13878f45740c4338ca31cb2bf983b2e4 to remote] DEBUG org.asynchttpclient.netty.request.NettyRequestSender - Using pooled Channel '[id: 0x381e0ae8, L:/127.0.0.1:50062 - R:localhost/127.0.0.1:59001]' for 'GET' to 'http://localhost:59001/session/13878f45740c4338ca31cb2bf983b2e4/screenshot'
00:48:01.895 [Forwarding screenshot on session 13878f45740c4338ca31cb2bf983b2e4 to remote] DEBUG org.asynchttpclient.netty.request.NettyRequestSender - Using open Channel [id: 0x381e0ae8, L:/127.0.0.1:50062 - R:localhost/127.0.0.1:59001] for GET '/session/13878f45740c4338ca31cb2bf983b2e4/screenshot'
00:48:02.201 [AsyncHttpClient-1-2] DEBUG org.asynchttpclient.netty.handler.HttpHandler - 

Request DefaultFullHttpRequest(decodeResult: success, version: HTTP/1.1, content: EmptyByteBufBE)
GET /session/13878f45740c4338ca31cb2bf983b2e4/screenshot HTTP/1.1
User-Agent: selenium/4.1.2 (java windows)
Cache-Control: no-cache
Content-Type: application/json; charset=utf-8
host: localhost:59001
accept: */*

Response DefaultHttpResponse(decodeResult: success, version: HTTP/1.1)
HTTP/1.1 200 OK
Content-Type: application/json; charset=utf-8
cache-control: no-cache
content-length: 569460

00:48:02.202 [AsyncHttpClient-1-2] DEBUG org.asynchttpclient.netty.channel.ChannelManager - Adding key: http://localhost:59001 for channel [id: 0x381e0ae8, L:/127.0.0.1:50062 - R:localhost/127.0.0.1:59001]
00:48:02.211 [main] DEBUG net.serenitybdd.core.photography.Darkroom - Send negative for processing for target\site\serenity\7121c7966e51ed0bee580053fa8354e56400a63fd65cbfa41529dc1e051e1e6a.png
00:48:02.211 [main] DEBUG net.thucydides.core.steps.StepInterceptor - STEP DONE: inputPassword
  &amp#27;[32mAnd &amp#27;[0m&amp#27;[32madmin input valid password&amp#27;[0m               &amp#27;[90m# starter.definitions.LoginSteps.adminInputValidPassword()&amp#27;[0m
00:48:02.224 [main] DEBUG net.thucydides.core.steps.StepInterceptor - STARTING STEP: LoginSteps.clickLoginButton - clickloginButton
00:48:02.226 [Forwarding findElement on session 13878f45740c4338ca31cb2bf983b2e4 to remote] DEBUG org.asynchttpclient.netty.request.NettyRequestSender - Using pooled Channel '[id: 0x381e0ae8, L:/127.0.0.1:50062 - R:localhost/127.0.0.1:59001]' for 'POST' to 'http://localhost:59001/session/13878f45740c4338ca31cb2bf983b2e4/element'
00:48:02.226 [Forwarding findElement on session 13878f45740c4338ca31cb2bf983b2e4 to remote] DEBUG org.asynchttpclient.netty.request.NettyRequestSender - Using open Channel [id: 0x381e0ae8, L:/127.0.0.1:50062 - R:localhost/127.0.0.1:59001] for POST '/session/13878f45740c4338ca31cb2bf983b2e4/element'
00:48:02.242 [AsyncHttpClient-1-2] DEBUG org.asynchttpclient.netty.handler.HttpHandler - 

Request DefaultHttpRequest(decodeResult: success, version: HTTP/1.1)
POST /session/13878f45740c4338ca31cb2bf983b2e4/element HTTP/1.1
User-Agent: selenium/4.1.2 (java windows)
Content-Length: 71
Content-Type: application/json; charset=utf-8
host: localhost:59001
accept: */*

Response DefaultHttpResponse(decodeResult: success, version: HTTP/1.1)
HTTP/1.1 200 OK
Content-Type: application/json; charset=utf-8
cache-control: no-cache
content-length: 88

00:48:02.242 [AsyncHttpClient-1-2] DEBUG org.asynchttpclient.netty.channel.ChannelManager - Adding key: http://localhost:59001 for channel [id: 0x381e0ae8, L:/127.0.0.1:50062 - R:localhost/127.0.0.1:59001]
00:48:02.244 [Forwarding getElementTagName on session 13878f45740c4338ca31cb2bf983b2e4 to remote] DEBUG org.asynchttpclient.netty.request.NettyRequestSender - Using pooled Channel '[id: 0x381e0ae8, L:/127.0.0.1:50062 - R:localhost/127.0.0.1:59001]' for 'GET' to 'http://localhost:59001/session/13878f45740c4338ca31cb2bf983b2e4/element/436141a0-6759-444b-a1d9-507f294678b3/name'
00:48:02.244 [Forwarding getElementTagName on session 13878f45740c4338ca31cb2bf983b2e4 to remote] DEBUG org.asynchttpclient.netty.request.NettyRequestSender - Using open Channel [id: 0x381e0ae8, L:/127.0.0.1:50062 - R:localhost/127.0.0.1:59001] for GET '/session/13878f45740c4338ca31cb2bf983b2e4/element/436141a0-6759-444b-a1d9-507f294678b3/name'
00:48:02.256 [AsyncHttpClient-1-2] DEBUG org.asynchttpclient.netty.handler.HttpHandler - 

Request DefaultFullHttpRequest(decodeResult: success, version: HTTP/1.1, content: EmptyByteBufBE)
GET /session/13878f45740c4338ca31cb2bf983b2e4/element/436141a0-6759-444b-a1d9-507f294678b3/name HTTP/1.1
User-Agent: selenium/4.1.2 (java windows)
Cache-Control: no-cache
Content-Type: application/json; charset=utf-8
host: localhost:59001
accept: */*

Response DefaultHttpResponse(decodeResult: success, version: HTTP/1.1)
HTTP/1.1 200 OK
Content-Type: application/json; charset=utf-8
cache-control: no-cache
content-length: 18

00:48:02.256 [AsyncHttpClient-1-2] DEBUG org.asynchttpclient.netty.channel.ChannelManager - Adding key: http://localhost:59001 for channel [id: 0x381e0ae8, L:/127.0.0.1:50062 - R:localhost/127.0.0.1:59001]
00:48:02.257 [Forwarding getElementTagName on session 13878f45740c4338ca31cb2bf983b2e4 to remote] DEBUG org.asynchttpclient.netty.request.NettyRequestSender - Using pooled Channel '[id: 0x381e0ae8, L:/127.0.0.1:50062 - R:localhost/127.0.0.1:59001]' for 'GET' to 'http://localhost:59001/session/13878f45740c4338ca31cb2bf983b2e4/element/436141a0-6759-444b-a1d9-507f294678b3/name'
00:48:02.257 [Forwarding getElementTagName on session 13878f45740c4338ca31cb2bf983b2e4 to remote] DEBUG org.asynchttpclient.netty.request.NettyRequestSender - Using open Channel [id: 0x381e0ae8, L:/127.0.0.1:50062 - R:localhost/127.0.0.1:59001] for GET '/session/13878f45740c4338ca31cb2bf983b2e4/element/436141a0-6759-444b-a1d9-507f294678b3/name'
00:48:02.271 [AsyncHttpClient-1-2] DEBUG org.asynchttpclient.netty.handler.HttpHandler - 

Request DefaultFullHttpRequest(decodeResult: success, version: HTTP/1.1, content: EmptyByteBufBE)
GET /session/13878f45740c4338ca31cb2bf983b2e4/element/436141a0-6759-444b-a1d9-507f294678b3/name HTTP/1.1
User-Agent: selenium/4.1.2 (java windows)
Cache-Control: no-cache
Content-Type: application/json; charset=utf-8
host: localhost:59001
accept: */*

Response DefaultHttpResponse(decodeResult: success, version: HTTP/1.1)
HTTP/1.1 200 OK
Content-Type: application/json; charset=utf-8
cache-control: no-cache
content-length: 18

00:48:02.271 [AsyncHttpClient-1-2] DEBUG org.asynchttpclient.netty.channel.ChannelManager - Adding key: http://localhost:59001 for channel [id: 0x381e0ae8, L:/127.0.0.1:50062 - R:localhost/127.0.0.1:59001]
00:48:02.274 [Forwarding isElementEnabled on session 13878f45740c4338ca31cb2bf983b2e4 to remote] DEBUG org.asynchttpclient.netty.request.NettyRequestSender - Using pooled Channel '[id: 0x381e0ae8, L:/127.0.0.1:50062 - R:localhost/127.0.0.1:59001]' for 'GET' to 'http://localhost:59001/session/13878f45740c4338ca31cb2bf983b2e4/element/436141a0-6759-444b-a1d9-507f294678b3/enabled'
00:48:02.274 [Forwarding isElementEnabled on session 13878f45740c4338ca31cb2bf983b2e4 to remote] DEBUG org.asynchttpclient.netty.request.NettyRequestSender - Using open Channel [id: 0x381e0ae8, L:/127.0.0.1:50062 - R:localhost/127.0.0.1:59001] for GET '/session/13878f45740c4338ca31cb2bf983b2e4/element/436141a0-6759-444b-a1d9-507f294678b3/enabled'
00:48:02.294 [AsyncHttpClient-1-2] DEBUG org.asynchttpclient.netty.handler.HttpHandler - 

Request DefaultFullHttpRequest(decodeResult: success, version: HTTP/1.1, content: EmptyByteBufBE)
GET /session/13878f45740c4338ca31cb2bf983b2e4/element/436141a0-6759-444b-a1d9-507f294678b3/enabled HTTP/1.1
User-Agent: selenium/4.1.2 (java windows)
Cache-Control: no-cache
Content-Type: application/json; charset=utf-8
host: localhost:59001
accept: */*

Response DefaultHttpResponse(decodeResult: success, version: HTTP/1.1)
HTTP/1.1 200 OK
Content-Type: application/json; charset=utf-8
cache-control: no-cache
content-length: 14

00:48:02.294 [AsyncHttpClient-1-2] DEBUG org.asynchttpclient.netty.channel.ChannelManager - Adding key: http://localhost:59001 for channel [id: 0x381e0ae8, L:/127.0.0.1:50062 - R:localhost/127.0.0.1:59001]
00:48:02.295 [Forwarding isElementEnabled on session 13878f45740c4338ca31cb2bf983b2e4 to remote] DEBUG org.asynchttpclient.netty.request.NettyRequestSender - Using pooled Channel '[id: 0x381e0ae8, L:/127.0.0.1:50062 - R:localhost/127.0.0.1:59001]' for 'GET' to 'http://localhost:59001/session/13878f45740c4338ca31cb2bf983b2e4/element/436141a0-6759-444b-a1d9-507f294678b3/enabled'
00:48:02.295 [Forwarding isElementEnabled on session 13878f45740c4338ca31cb2bf983b2e4 to remote] DEBUG org.asynchttpclient.netty.request.NettyRequestSender - Using open Channel [id: 0x381e0ae8, L:/127.0.0.1:50062 - R:localhost/127.0.0.1:59001] for GET '/session/13878f45740c4338ca31cb2bf983b2e4/element/436141a0-6759-444b-a1d9-507f294678b3/enabled'
00:48:02.318 [AsyncHttpClient-1-2] DEBUG org.asynchttpclient.netty.handler.HttpHandler - 

Request DefaultFullHttpRequest(decodeResult: success, version: HTTP/1.1, content: EmptyByteBufBE)
GET /session/13878f45740c4338ca31cb2bf983b2e4/element/436141a0-6759-444b-a1d9-507f294678b3/enabled HTTP/1.1
User-Agent: selenium/4.1.2 (java windows)
Cache-Control: no-cache
Content-Type: application/json; charset=utf-8
host: localhost:59001
accept: */*

Response DefaultHttpResponse(decodeResult: success, version: HTTP/1.1)
HTTP/1.1 200 OK
Content-Type: application/json; charset=utf-8
cache-control: no-cache
content-length: 14

00:48:02.318 [AsyncHttpClient-1-2] DEBUG org.asynchttpclient.netty.channel.ChannelManager - Adding key: http://localhost:59001 for channel [id: 0x381e0ae8, L:/127.0.0.1:50062 - R:localhost/127.0.0.1:59001]
00:48:02.319 [Forwarding findElement on session 13878f45740c4338ca31cb2bf983b2e4 to remote] DEBUG org.asynchttpclient.netty.request.NettyRequestSender - Using pooled Channel '[id: 0x381e0ae8, L:/127.0.0.1:50062 - R:localhost/127.0.0.1:59001]' for 'POST' to 'http://localhost:59001/session/13878f45740c4338ca31cb2bf983b2e4/element'
00:48:02.319 [Forwarding findElement on session 13878f45740c4338ca31cb2bf983b2e4 to remote] DEBUG org.asynchttpclient.netty.request.NettyRequestSender - Using open Channel [id: 0x381e0ae8, L:/127.0.0.1:50062 - R:localhost/127.0.0.1:59001] for POST '/session/13878f45740c4338ca31cb2bf983b2e4/element'
00:48:02.342 [AsyncHttpClient-1-2] DEBUG org.asynchttpclient.netty.handler.HttpHandler - 

Request DefaultHttpRequest(decodeResult: success, version: HTTP/1.1)
POST /session/13878f45740c4338ca31cb2bf983b2e4/element HTTP/1.1
User-Agent: selenium/4.1.2 (java windows)
Content-Length: 71
Content-Type: application/json; charset=utf-8
host: localhost:59001
accept: */*

Response DefaultHttpResponse(decodeResult: success, version: HTTP/1.1)
HTTP/1.1 200 OK
Content-Type: application/json; charset=utf-8
cache-control: no-cache
content-length: 88

00:48:02.342 [AsyncHttpClient-1-2] DEBUG org.asynchttpclient.netty.channel.ChannelManager - Adding key: http://localhost:59001 for channel [id: 0x381e0ae8, L:/127.0.0.1:50062 - R:localhost/127.0.0.1:59001]
00:48:02.343 [Forwarding clickElement on session 13878f45740c4338ca31cb2bf983b2e4 to remote] DEBUG org.asynchttpclient.netty.request.NettyRequestSender - Using pooled Channel '[id: 0x381e0ae8, L:/127.0.0.1:50062 - R:localhost/127.0.0.1:59001]' for 'POST' to 'http://localhost:59001/session/13878f45740c4338ca31cb2bf983b2e4/element/436141a0-6759-444b-a1d9-507f294678b3/click'
00:48:02.343 [Forwarding clickElement on session 13878f45740c4338ca31cb2bf983b2e4 to remote] DEBUG org.asynchttpclient.netty.request.NettyRequestSender - Using open Channel [id: 0x381e0ae8, L:/127.0.0.1:50062 - R:localhost/127.0.0.1:59001] for POST '/session/13878f45740c4338ca31cb2bf983b2e4/element/436141a0-6759-444b-a1d9-507f294678b3/click'
00:48:02.427 [AsyncHttpClient-1-2] DEBUG org.asynchttpclient.netty.handler.HttpHandler - 

Request DefaultHttpRequest(decodeResult: success, version: HTTP/1.1)
POST /session/13878f45740c4338ca31cb2bf983b2e4/element/436141a0-6759-444b-a1d9-507f294678b3/click HTTP/1.1
User-Agent: selenium/4.1.2 (java windows)
Content-Length: 50
Content-Type: application/json; charset=utf-8
host: localhost:59001
accept: */*

Response DefaultHttpResponse(decodeResult: success, version: HTTP/1.1)
HTTP/1.1 200 OK
Content-Type: application/json; charset=utf-8
cache-control: no-cache
content-length: 14

00:48:02.427 [AsyncHttpClient-1-2] DEBUG org.asynchttpclient.netty.channel.ChannelManager - Adding key: http://localhost:59001 for channel [id: 0x381e0ae8, L:/127.0.0.1:50062 - R:localhost/127.0.0.1:59001]
00:48:02.432 [Forwarding screenshot on session 13878f45740c4338ca31cb2bf983b2e4 to remote] DEBUG org.asynchttpclient.netty.request.NettyRequestSender - Using pooled Channel '[id: 0x381e0ae8, L:/127.0.0.1:50062 - R:localhost/127.0.0.1:59001]' for 'GET' to 'http://localhost:59001/session/13878f45740c4338ca31cb2bf983b2e4/screenshot'
00:48:02.432 [Forwarding screenshot on session 13878f45740c4338ca31cb2bf983b2e4 to remote] DEBUG org.asynchttpclient.netty.request.NettyRequestSender - Using open Channel [id: 0x381e0ae8, L:/127.0.0.1:50062 - R:localhost/127.0.0.1:59001] for GET '/session/13878f45740c4338ca31cb2bf983b2e4/screenshot'
00:48:02.485 [AsyncHttpClient-1-1] DEBUG org.asynchttpclient.netty.channel.DefaultChannelPool - Entry count for : http://localhost:50063 : 1
00:48:02.747 [AsyncHttpClient-1-2] DEBUG org.asynchttpclient.netty.handler.HttpHandler - 

Request DefaultFullHttpRequest(decodeResult: success, version: HTTP/1.1, content: EmptyByteBufBE)
GET /session/13878f45740c4338ca31cb2bf983b2e4/screenshot HTTP/1.1
User-Agent: selenium/4.1.2 (java windows)
Cache-Control: no-cache
Content-Type: application/json; charset=utf-8
host: localhost:59001
accept: */*

Response DefaultHttpResponse(decodeResult: success, version: HTTP/1.1)
HTTP/1.1 200 OK
Content-Type: application/json; charset=utf-8
cache-control: no-cache
content-length: 575004

00:48:02.748 [AsyncHttpClient-1-2] DEBUG org.asynchttpclient.netty.channel.ChannelManager - Adding key: http://localhost:59001 for channel [id: 0x381e0ae8, L:/127.0.0.1:50062 - R:localhost/127.0.0.1:59001]
00:48:02.757 [main] DEBUG net.serenitybdd.core.photography.Darkroom - Send negative for processing for target\site\serenity\bdfb3257a55b5f729af578dfc1dc3a5762c89839bea5dc19984e34dd6640fee1.png
00:48:02.757 [main] DEBUG net.thucydides.core.steps.StepInterceptor - STEP DONE: clickloginButton
  &amp#27;[32mAnd &amp#27;[0m&amp#27;[32mclick login button&amp#27;[0m                       &amp#27;[90m# starter.definitions.LoginSteps.clickLoginButton()&amp#27;[0m
00:48:02.769 [main] DEBUG net.thucydides.core.steps.StepInterceptor - STARTING STEP: LoginSteps.clickSucsessLogin - sucseslogin
00:48:02.772 [Forwarding findElement on session 13878f45740c4338ca31cb2bf983b2e4 to remote] DEBUG org.asynchttpclient.netty.request.NettyRequestSender - Using pooled Channel '[id: 0x381e0ae8, L:/127.0.0.1:50062 - R:localhost/127.0.0.1:59001]' for 'POST' to 'http://localhost:59001/session/13878f45740c4338ca31cb2bf983b2e4/element'
00:48:02.772 [Forwarding findElement on session 13878f45740c4338ca31cb2bf983b2e4 to remote] DEBUG org.asynchttpclient.netty.request.NettyRequestSender - Using open Channel [id: 0x381e0ae8, L:/127.0.0.1:50062 - R:localhost/127.0.0.1:59001] for POST '/session/13878f45740c4338ca31cb2bf983b2e4/element'
00:48:03.137 [AsyncHttpClient-1-2] DEBUG org.asynchttpclient.netty.handler.HttpHandler - 

Request DefaultHttpRequest(decodeResult: success, version: HTTP/1.1)
POST /session/13878f45740c4338ca31cb2bf983b2e4/element HTTP/1.1
User-Agent: selenium/4.1.2 (java windows)
Content-Length: 79
Content-Type: application/json; charset=utf-8
host: localhost:59001
accept: */*

Response DefaultHttpResponse(decodeResult: success, version: HTTP/1.1)
HTTP/1.1 200 OK
Content-Type: application/json; charset=utf-8
cache-control: no-cache
content-length: 88

00:48:03.137 [AsyncHttpClient-1-2] DEBUG org.asynchttpclient.netty.channel.ChannelManager - Adding key: http://localhost:59001 for channel [id: 0x381e0ae8, L:/127.0.0.1:50062 - R:localhost/127.0.0.1:59001]
00:48:03.139 [Forwarding getElementTagName on session 13878f45740c4338ca31cb2bf983b2e4 to remote] DEBUG org.asynchttpclient.netty.request.NettyRequestSender - Using pooled Channel '[id: 0x381e0ae8, L:/127.0.0.1:50062 - R:localhost/127.0.0.1:59001]' for 'GET' to 'http://localhost:59001/session/13878f45740c4338ca31cb2bf983b2e4/element/e1a0bf37-f38f-45f7-9a13-d87462d9938b/name'
00:48:03.139 [Forwarding getElementTagName on session 13878f45740c4338ca31cb2bf983b2e4 to remote] DEBUG org.asynchttpclient.netty.request.NettyRequestSender - Using open Channel [id: 0x381e0ae8, L:/127.0.0.1:50062 - R:localhost/127.0.0.1:59001] for GET '/session/13878f45740c4338ca31cb2bf983b2e4/element/e1a0bf37-f38f-45f7-9a13-d87462d9938b/name'
00:48:03.159 [AsyncHttpClient-1-2] DEBUG org.asynchttpclient.netty.handler.HttpHandler - 

Request DefaultFullHttpRequest(decodeResult: success, version: HTTP/1.1, content: EmptyByteBufBE)
GET /session/13878f45740c4338ca31cb2bf983b2e4/element/e1a0bf37-f38f-45f7-9a13-d87462d9938b/name HTTP/1.1
User-Agent: selenium/4.1.2 (java windows)
Cache-Control: no-cache
Content-Type: application/json; charset=utf-8
host: localhost:59001
accept: */*

Response DefaultHttpResponse(decodeResult: success, version: HTTP/1.1)
HTTP/1.1 200 OK
Content-Type: application/json; charset=utf-8
cache-control: no-cache
content-length: 18

00:48:03.159 [AsyncHttpClient-1-2] DEBUG org.asynchttpclient.netty.channel.ChannelManager - Adding key: http://localhost:59001 for channel [id: 0x381e0ae8, L:/127.0.0.1:50062 - R:localhost/127.0.0.1:59001]
00:48:03.160 [Forwarding getElementTagName on session 13878f45740c4338ca31cb2bf983b2e4 to remote] DEBUG org.asynchttpclient.netty.request.NettyRequestSender - Using pooled Channel '[id: 0x381e0ae8, L:/127.0.0.1:50062 - R:localhost/127.0.0.1:59001]' for 'GET' to 'http://localhost:59001/session/13878f45740c4338ca31cb2bf983b2e4/element/e1a0bf37-f38f-45f7-9a13-d87462d9938b/name'
00:48:03.160 [Forwarding getElementTagName on session 13878f45740c4338ca31cb2bf983b2e4 to remote] DEBUG org.asynchttpclient.netty.request.NettyRequestSender - Using open Channel [id: 0x381e0ae8, L:/127.0.0.1:50062 - R:localhost/127.0.0.1:59001] for GET '/session/13878f45740c4338ca31cb2bf983b2e4/element/e1a0bf37-f38f-45f7-9a13-d87462d9938b/name'
00:48:03.186 [AsyncHttpClient-1-2] DEBUG org.asynchttpclient.netty.handler.HttpHandler - 

Request DefaultFullHttpRequest(decodeResult: success, version: HTTP/1.1, content: EmptyByteBufBE)
GET /session/13878f45740c4338ca31cb2bf983b2e4/element/e1a0bf37-f38f-45f7-9a13-d87462d9938b/name HTTP/1.1
User-Agent: selenium/4.1.2 (java windows)
Cache-Control: no-cache
Content-Type: application/json; charset=utf-8
host: localhost:59001
accept: */*

Response DefaultHttpResponse(decodeResult: success, version: HTTP/1.1)
HTTP/1.1 200 OK
Content-Type: application/json; charset=utf-8
cache-control: no-cache
content-length: 18

00:48:03.186 [AsyncHttpClient-1-2] DEBUG org.asynchttpclient.netty.channel.ChannelManager - Adding key: http://localhost:59001 for channel [id: 0x381e0ae8, L:/127.0.0.1:50062 - R:localhost/127.0.0.1:59001]
00:48:03.188 [Forwarding isElementEnabled on session 13878f45740c4338ca31cb2bf983b2e4 to remote] DEBUG org.asynchttpclient.netty.request.NettyRequestSender - Using pooled Channel '[id: 0x381e0ae8, L:/127.0.0.1:50062 - R:localhost/127.0.0.1:59001]' for 'GET' to 'http://localhost:59001/session/13878f45740c4338ca31cb2bf983b2e4/element/e1a0bf37-f38f-45f7-9a13-d87462d9938b/enabled'
00:48:03.189 [Forwarding isElementEnabled on session 13878f45740c4338ca31cb2bf983b2e4 to remote] DEBUG org.asynchttpclient.netty.request.NettyRequestSender - Using open Channel [id: 0x381e0ae8, L:/127.0.0.1:50062 - R:localhost/127.0.0.1:59001] for GET '/session/13878f45740c4338ca31cb2bf983b2e4/element/e1a0bf37-f38f-45f7-9a13-d87462d9938b/enabled'
00:48:03.216 [AsyncHttpClient-1-2] DEBUG org.asynchttpclient.netty.handler.HttpHandler - 

Request DefaultFullHttpRequest(decodeResult: success, version: HTTP/1.1, content: EmptyByteBufBE)
GET /session/13878f45740c4338ca31cb2bf983b2e4/element/e1a0bf37-f38f-45f7-9a13-d87462d9938b/enabled HTTP/1.1
User-Agent: selenium/4.1.2 (java windows)
Cache-Control: no-cache
Content-Type: application/json; charset=utf-8
host: localhost:59001
accept: */*

Response DefaultHttpResponse(decodeResult: success, version: HTTP/1.1)
HTTP/1.1 200 OK
Content-Type: application/json; charset=utf-8
cache-control: no-cache
content-length: 14

00:48:03.216 [AsyncHttpClient-1-2] DEBUG org.asynchttpclient.netty.channel.ChannelManager - Adding key: http://localhost:59001 for channel [id: 0x381e0ae8, L:/127.0.0.1:50062 - R:localhost/127.0.0.1:59001]
00:48:03.218 [Forwarding isElementEnabled on session 13878f45740c4338ca31cb2bf983b2e4 to remote] DEBUG org.asynchttpclient.netty.request.NettyRequestSender - Using pooled Channel '[id: 0x381e0ae8, L:/127.0.0.1:50062 - R:localhost/127.0.0.1:59001]' for 'GET' to 'http://localhost:59001/session/13878f45740c4338ca31cb2bf983b2e4/element/e1a0bf37-f38f-45f7-9a13-d87462d9938b/enabled'
00:48:03.218 [Forwarding isElementEnabled on session 13878f45740c4338ca31cb2bf983b2e4 to remote] DEBUG org.asynchttpclient.netty.request.NettyRequestSender - Using open Channel [id: 0x381e0ae8, L:/127.0.0.1:50062 - R:localhost/127.0.0.1:59001] for GET '/session/13878f45740c4338ca31cb2bf983b2e4/element/e1a0bf37-f38f-45f7-9a13-d87462d9938b/enabled'
00:48:03.244 [AsyncHttpClient-1-2] DEBUG org.asynchttpclient.netty.handler.HttpHandler - 

Request DefaultFullHttpRequest(decodeResult: success, version: HTTP/1.1, content: EmptyByteBufBE)
GET /session/13878f45740c4338ca31cb2bf983b2e4/element/e1a0bf37-f38f-45f7-9a13-d87462d9938b/enabled HTTP/1.1
User-Agent: selenium/4.1.2 (java windows)
Cache-Control: no-cache
Content-Type: application/json; charset=utf-8
host: localhost:59001
accept: */*

Response DefaultHttpResponse(decodeResult: success, version: HTTP/1.1)
HTTP/1.1 200 OK
Content-Type: application/json; charset=utf-8
cache-control: no-cache
content-length: 14

00:48:03.244 [AsyncHttpClient-1-2] DEBUG org.asynchttpclient.netty.channel.ChannelManager - Adding key: http://localhost:59001 for channel [id: 0x381e0ae8, L:/127.0.0.1:50062 - R:localhost/127.0.0.1:59001]
00:48:03.246 [Forwarding findElement on session 13878f45740c4338ca31cb2bf983b2e4 to remote] DEBUG org.asynchttpclient.netty.request.NettyRequestSender - Using pooled Channel '[id: 0x381e0ae8, L:/127.0.0.1:50062 - R:localhost/127.0.0.1:59001]' for 'POST' to 'http://localhost:59001/session/13878f45740c4338ca31cb2bf983b2e4/element'
00:48:03.246 [Forwarding findElement on session 13878f45740c4338ca31cb2bf983b2e4 to remote] DEBUG org.asynchttpclient.netty.request.NettyRequestSender - Using open Channel [id: 0x381e0ae8, L:/127.0.0.1:50062 - R:localhost/127.0.0.1:59001] for POST '/session/13878f45740c4338ca31cb2bf983b2e4/element'
00:48:03.266 [AsyncHttpClient-1-2] DEBUG org.asynchttpclient.netty.handler.HttpHandler - 

Request DefaultHttpRequest(decodeResult: success, version: HTTP/1.1)
POST /session/13878f45740c4338ca31cb2bf983b2e4/element HTTP/1.1
User-Agent: selenium/4.1.2 (java windows)
Content-Length: 79
Content-Type: application/json; charset=utf-8
host: localhost:59001
accept: */*

Response DefaultHttpResponse(decodeResult: success, version: HTTP/1.1)
HTTP/1.1 200 OK
Content-Type: application/json; charset=utf-8
cache-control: no-cache
content-length: 88

00:48:03.266 [AsyncHttpClient-1-2] DEBUG org.asynchttpclient.netty.channel.ChannelManager - Adding key: http://localhost:59001 for channel [id: 0x381e0ae8, L:/127.0.0.1:50062 - R:localhost/127.0.0.1:59001]
00:48:03.267 [Forwarding clickElement on session 13878f45740c4338ca31cb2bf983b2e4 to remote] DEBUG org.asynchttpclient.netty.request.NettyRequestSender - Using pooled Channel '[id: 0x381e0ae8, L:/127.0.0.1:50062 - R:localhost/127.0.0.1:59001]' for 'POST' to 'http://localhost:59001/session/13878f45740c4338ca31cb2bf983b2e4/element/e1a0bf37-f38f-45f7-9a13-d87462d9938b/click'
00:48:03.267 [Forwarding clickElement on session 13878f45740c4338ca31cb2bf983b2e4 to remote] DEBUG org.asynchttpclient.netty.request.NettyRequestSender - Using open Channel [id: 0x381e0ae8, L:/127.0.0.1:50062 - R:localhost/127.0.0.1:59001] for POST '/session/13878f45740c4338ca31cb2bf983b2e4/element/e1a0bf37-f38f-45f7-9a13-d87462d9938b/click'
00:48:03.329 [AsyncHttpClient-1-2] DEBUG org.asynchttpclient.netty.handler.HttpHandler - 

Request DefaultHttpRequest(decodeResult: success, version: HTTP/1.1)
POST /session/13878f45740c4338ca31cb2bf983b2e4/element/e1a0bf37-f38f-45f7-9a13-d87462d9938b/click HTTP/1.1
User-Agent: selenium/4.1.2 (java windows)
Content-Length: 50
Content-Type: application/json; charset=utf-8
host: localhost:59001
accept: */*

Response DefaultHttpResponse(decodeResult: success, version: HTTP/1.1)
HTTP/1.1 200 OK
Content-Type: application/json; charset=utf-8
cache-control: no-cache
content-length: 14

00:48:03.329 [AsyncHttpClient-1-2] DEBUG org.asynchttpclient.netty.channel.ChannelManager - Adding key: http://localhost:59001 for channel [id: 0x381e0ae8, L:/127.0.0.1:50062 - R:localhost/127.0.0.1:59001]
00:48:03.334 [Forwarding screenshot on session 13878f45740c4338ca31cb2bf983b2e4 to remote] DEBUG org.asynchttpclient.netty.request.NettyRequestSender - Using pooled Channel '[id: 0x381e0ae8, L:/127.0.0.1:50062 - R:localhost/127.0.0.1:59001]' for 'GET' to 'http://localhost:59001/session/13878f45740c4338ca31cb2bf983b2e4/screenshot'
00:48:03.334 [Forwarding screenshot on session 13878f45740c4338ca31cb2bf983b2e4 to remote] DEBUG org.asynchttpclient.netty.request.NettyRequestSender - Using open Channel [id: 0x381e0ae8, L:/127.0.0.1:50062 - R:localhost/127.0.0.1:59001] for GET '/session/13878f45740c4338ca31cb2bf983b2e4/screenshot'
00:48:03.572 [AsyncHttpClient-1-2] DEBUG org.asynchttpclient.netty.handler.HttpHandler - 

Request DefaultFullHttpRequest(decodeResult: success, version: HTTP/1.1, content: EmptyByteBufBE)
GET /session/13878f45740c4338ca31cb2bf983b2e4/screenshot HTTP/1.1
User-Agent: selenium/4.1.2 (java windows)
Cache-Control: no-cache
Content-Type: application/json; charset=utf-8
host: localhost:59001
accept: */*

Response DefaultHttpResponse(decodeResult: success, version: HTTP/1.1)
HTTP/1.1 200 OK
Content-Type: application/json; charset=utf-8
cache-control: no-cache
content-length: 109408

00:48:03.572 [AsyncHttpClient-1-2] DEBUG org.asynchttpclient.netty.channel.ChannelManager - Adding key: http://localhost:59001 for channel [id: 0x381e0ae8, L:/127.0.0.1:50062 - R:localhost/127.0.0.1:59001]
00:48:03.575 [main] DEBUG net.serenitybdd.core.photography.Darkroom - Send negative for processing for target\site\serenity\b50f5d74a6511097a492dc9e0498d523f823766fb46a4aaadc33feeb3c1ca4ba.png
00:48:03.575 [main] DEBUG net.thucydides.core.steps.StepInterceptor - STEP DONE: sucseslogin
  &amp#27;[32mAnd &amp#27;[0m&amp#27;[32mclick sucsess login&amp#27;[0m                      &amp#27;[90m# starter.definitions.LoginSteps.clickSucsessLogin()&amp#27;[0m
00:48:03.576 [Darkroom Processing Line] DEBUG net.serenitybdd.core.photography.DarkroomProcessingLine - Processing screenshot image in /var/screenshots/screenshot-5678756542520355030
00:48:03.576 [Darkroom Processing Line] DEBUG net.serenitybdd.core.photography.DarkroomProcessingLine - Saving screenshot to target\site\serenity\b50f5d74a6511097a492dc9e0498d523f823766fb46a4aaadc33feeb3c1ca4ba.png
00:48:03.592 [AsyncHttpClient-1-1] DEBUG org.asynchttpclient.netty.channel.DefaultChannelPool - Entry count for : http://localhost:50063 : 1
00:48:03.592 [AsyncHttpClient-1-1] DEBUG org.asynchttpclient.netty.channel.DefaultChannelPool - Entry count for : http://localhost:59001 : 1
00:48:03.646 [Forwarding screenshot on session 13878f45740c4338ca31cb2bf983b2e4 to remote] DEBUG org.asynchttpclient.netty.request.NettyRequestSender - Using pooled Channel '[id: 0x381e0ae8, L:/127.0.0.1:50062 - R:localhost/127.0.0.1:59001]' for 'GET' to 'http://localhost:59001/session/13878f45740c4338ca31cb2bf983b2e4/screenshot'
00:48:03.646 [Forwarding screenshot on session 13878f45740c4338ca31cb2bf983b2e4 to remote] DEBUG org.asynchttpclient.netty.request.NettyRequestSender - Using open Channel [id: 0x381e0ae8, L:/127.0.0.1:50062 - R:localhost/127.0.0.1:59001] for GET '/session/13878f45740c4338ca31cb2bf983b2e4/screenshot'
00:48:03.873 [AsyncHttpClient-1-2] DEBUG org.asynchttpclient.netty.handler.HttpHandler - 

Request DefaultFullHttpRequest(decodeResult: success, version: HTTP/1.1, content: EmptyByteBufBE)
GET /session/13878f45740c4338ca31cb2bf983b2e4/screenshot HTTP/1.1
User-Agent: selenium/4.1.2 (java windows)
Cache-Control: no-cache
Content-Type: application/json; charset=utf-8
host: localhost:59001
accept: */*

Response DefaultHttpResponse(decodeResult: success, version: HTTP/1.1)
HTTP/1.1 200 OK
Content-Type: application/json; charset=utf-8
cache-control: no-cache
content-length: 122984

00:48:03.873 [AsyncHttpClient-1-2] DEBUG org.asynchttpclient.netty.channel.ChannelManager - Adding key: http://localhost:59001 for channel [id: 0x381e0ae8, L:/127.0.0.1:50062 - R:localhost/127.0.0.1:59001]
00:48:03.876 [main] DEBUG net.serenitybdd.core.photography.Darkroom - Send negative for processing for target\site\serenity\612bd1d05e74dc262d10d946eb47417b2957c9fdd25208790afd93c3c555655e.png
00:48:03.876 [main] DEBUG net.thucydides.core.steps.StepInterceptor - STARTING STEP: MembershipSteps.adminInDashboardPage - homepage
00:48:03.876 [Darkroom Processing Line] DEBUG net.serenitybdd.core.photography.DarkroomProcessingLine - Processing screenshot image in /var/screenshots/screenshot-5626324875112091562
00:48:03.877 [Darkroom Processing Line] DEBUG net.serenitybdd.core.photography.DarkroomProcessingLine - Saving screenshot to target\site\serenity\612bd1d05e74dc262d10d946eb47417b2957c9fdd25208790afd93c3c555655e.png
00:48:03.878 [Forwarding findElement on session 13878f45740c4338ca31cb2bf983b2e4 to remote] DEBUG org.asynchttpclient.netty.request.NettyRequestSender - Using pooled Channel '[id: 0x381e0ae8, L:/127.0.0.1:50062 - R:localhost/127.0.0.1:59001]' for 'POST' to 'http://localhost:59001/session/13878f45740c4338ca31cb2bf983b2e4/element'
00:48:03.878 [Forwarding findElement on session 13878f45740c4338ca31cb2bf983b2e4 to remote] DEBUG org.asynchttpclient.netty.request.NettyRequestSender - Using open Channel [id: 0x381e0ae8, L:/127.0.0.1:50062 - R:localhost/127.0.0.1:59001] for POST '/session/13878f45740c4338ca31cb2bf983b2e4/element'
00:48:03.897 [AsyncHttpClient-1-2] DEBUG org.asynchttpclient.netty.handler.HttpHandler - 

Request DefaultHttpRequest(decodeResult: success, version: HTTP/1.1)
POST /session/13878f45740c4338ca31cb2bf983b2e4/element HTTP/1.1
User-Agent: selenium/4.1.2 (java windows)
Content-Length: 82
Content-Type: application/json; charset=utf-8
host: localhost:59001
accept: */*

Response DefaultHttpResponse(decodeResult: success, version: HTTP/1.1)
HTTP/1.1 200 OK
Content-Type: application/json; charset=utf-8
cache-control: no-cache
content-length: 88

00:48:03.897 [AsyncHttpClient-1-2] DEBUG org.asynchttpclient.netty.channel.ChannelManager - Adding key: http://localhost:59001 for channel [id: 0x381e0ae8, L:/127.0.0.1:50062 - R:localhost/127.0.0.1:59001]
00:48:03.900 [Forwarding isElementDisplayed on session 13878f45740c4338ca31cb2bf983b2e4 to remote] DEBUG org.asynchttpclient.netty.request.NettyRequestSender - Using pooled Channel '[id: 0x381e0ae8, L:/127.0.0.1:50062 - R:localhost/127.0.0.1:59001]' for 'POST' to 'http://localhost:59001/session/13878f45740c4338ca31cb2bf983b2e4/execute/sync'
00:48:03.900 [Forwarding isElementDisplayed on session 13878f45740c4338ca31cb2bf983b2e4 to remote] DEBUG org.asynchttpclient.netty.request.NettyRequestSender - Using open Channel [id: 0x381e0ae8, L:/127.0.0.1:50062 - R:localhost/127.0.0.1:59001] for POST '/session/13878f45740c4338ca31cb2bf983b2e4/execute/sync'
00:48:03.927 [AsyncHttpClient-1-2] DEBUG org.asynchttpclient.netty.handler.HttpHandler - 

Request DefaultHttpRequest(decodeResult: success, version: HTTP/1.1)
POST /session/13878f45740c4338ca31cb2bf983b2e4/execute/sync HTTP/1.1
User-Agent: selenium/4.1.2 (java windows)
Content-Length: 48780
Content-Type: application/json; charset=utf-8
host: localhost:59001
accept: */*

Response DefaultHttpResponse(decodeResult: success, version: HTTP/1.1)
HTTP/1.1 200 OK
Content-Type: application/json; charset=utf-8
cache-control: no-cache
content-length: 14

00:48:03.927 [AsyncHttpClient-1-2] DEBUG org.asynchttpclient.netty.channel.ChannelManager - Adding key: http://localhost:59001 for channel [id: 0x381e0ae8, L:/127.0.0.1:50062 - R:localhost/127.0.0.1:59001]
00:48:03.932 [Forwarding screenshot on session 13878f45740c4338ca31cb2bf983b2e4 to remote] DEBUG org.asynchttpclient.netty.request.NettyRequestSender - Using pooled Channel '[id: 0x381e0ae8, L:/127.0.0.1:50062 - R:localhost/127.0.0.1:59001]' for 'GET' to 'http://localhost:59001/session/13878f45740c4338ca31cb2bf983b2e4/screenshot'
00:48:03.932 [Forwarding screenshot on session 13878f45740c4338ca31cb2bf983b2e4 to remote] DEBUG org.asynchttpclient.netty.request.NettyRequestSender - Using open Channel [id: 0x381e0ae8, L:/127.0.0.1:50062 - R:localhost/127.0.0.1:59001] for GET '/session/13878f45740c4338ca31cb2bf983b2e4/screenshot'
00:48:04.164 [AsyncHttpClient-1-2] DEBUG org.asynchttpclient.netty.handler.HttpHandler - 

Request DefaultFullHttpRequest(decodeResult: success, version: HTTP/1.1, content: EmptyByteBufBE)
GET /session/13878f45740c4338ca31cb2bf983b2e4/screenshot HTTP/1.1
User-Agent: selenium/4.1.2 (java windows)
Cache-Control: no-cache
Content-Type: application/json; charset=utf-8
host: localhost:59001
accept: */*

Response DefaultHttpResponse(decodeResult: success, version: HTTP/1.1)
HTTP/1.1 200 OK
Content-Type: application/json; charset=utf-8
cache-control: no-cache
content-length: 125476

00:48:04.164 [AsyncHttpClient-1-2] DEBUG org.asynchttpclient.netty.channel.ChannelManager - Adding key: http://localhost:59001 for channel [id: 0x381e0ae8, L:/127.0.0.1:50062 - R:localhost/127.0.0.1:59001]
00:48:04.167 [main] DEBUG net.serenitybdd.core.photography.Darkroom - Send negative for processing for target\site\serenity\69e061fc05c7de3892dd76ffed68c3c7950c61b87f7764f04e6d1b2b6dd80572.png
00:48:04.167 [main] DEBUG net.thucydides.core.steps.StepInterceptor - STEP DONE: homepage
  &amp#27;[32mGiven &amp#27;[0m&amp#27;[32mAdmin In dashboard page&amp#27;[0m                &amp#27;[90m# starter.definitions.MembershipSteps.adminInDashboardPage()&amp#27;[0m
00:48:04.168 [Darkroom Processing Line] DEBUG net.serenitybdd.core.photography.DarkroomProcessingLine - Processing screenshot image in /var/screenshots/screenshot-16638389523240691426
00:48:04.168 [Darkroom Processing Line] DEBUG net.serenitybdd.core.photography.DarkroomProcessingLine - Saving screenshot to target\site\serenity\69e061fc05c7de3892dd76ffed68c3c7950c61b87f7764f04e6d1b2b6dd80572.png
00:48:04.181 [main] DEBUG net.thucydides.core.steps.StepInterceptor - STARTING STEP: MembershipSteps.adminClickMembershipPage - validateclickmembership
00:48:04.183 [Forwarding findElement on session 13878f45740c4338ca31cb2bf983b2e4 to remote] DEBUG org.asynchttpclient.netty.request.NettyRequestSender - Using pooled Channel '[id: 0x381e0ae8, L:/127.0.0.1:50062 - R:localhost/127.0.0.1:59001]' for 'POST' to 'http://localhost:59001/session/13878f45740c4338ca31cb2bf983b2e4/element'
00:48:04.183 [Forwarding findElement on session 13878f45740c4338ca31cb2bf983b2e4 to remote] DEBUG org.asynchttpclient.netty.request.NettyRequestSender - Using open Channel [id: 0x381e0ae8, L:/127.0.0.1:50062 - R:localhost/127.0.0.1:59001] for POST '/session/13878f45740c4338ca31cb2bf983b2e4/element'
00:48:04.693 [AsyncHttpClient-1-1] DEBUG org.asynchttpclient.netty.channel.DefaultChannelPool - Entry count for : http://localhost:50063 : 1
00:48:04.705 [AsyncHttpClient-1-2] DEBUG org.asynchttpclient.netty.handler.HttpHandler - 

Request DefaultHttpRequest(decodeResult: success, version: HTTP/1.1)
POST /session/13878f45740c4338ca31cb2bf983b2e4/element HTTP/1.1
User-Agent: selenium/4.1.2 (java windows)
Content-Length: 112
Content-Type: application/json; charset=utf-8
host: localhost:59001
accept: */*

Response DefaultHttpResponse(decodeResult: success, version: HTTP/1.1)
HTTP/1.1 200 OK
Content-Type: application/json; charset=utf-8
cache-control: no-cache
content-length: 88

00:48:04.705 [AsyncHttpClient-1-2] DEBUG org.asynchttpclient.netty.channel.ChannelManager - Adding key: http://localhost:59001 for channel [id: 0x381e0ae8, L:/127.0.0.1:50062 - R:localhost/127.0.0.1:59001]
00:48:04.706 [Forwarding getElementTagName on session 13878f45740c4338ca31cb2bf983b2e4 to remote] DEBUG org.asynchttpclient.netty.request.NettyRequestSender - Using pooled Channel '[id: 0x381e0ae8, L:/127.0.0.1:50062 - R:localhost/127.0.0.1:59001]' for 'GET' to 'http://localhost:59001/session/13878f45740c4338ca31cb2bf983b2e4/element/0d897df2-1d2f-4e06-ab43-6af9be4ff63d/name'
00:48:04.706 [Forwarding getElementTagName on session 13878f45740c4338ca31cb2bf983b2e4 to remote] DEBUG org.asynchttpclient.netty.request.NettyRequestSender - Using open Channel [id: 0x381e0ae8, L:/127.0.0.1:50062 - R:localhost/127.0.0.1:59001] for GET '/session/13878f45740c4338ca31cb2bf983b2e4/element/0d897df2-1d2f-4e06-ab43-6af9be4ff63d/name'
00:48:04.720 [AsyncHttpClient-1-2] DEBUG org.asynchttpclient.netty.handler.HttpHandler - 

Request DefaultFullHttpRequest(decodeResult: success, version: HTTP/1.1, content: EmptyByteBufBE)
GET /session/13878f45740c4338ca31cb2bf983b2e4/element/0d897df2-1d2f-4e06-ab43-6af9be4ff63d/name HTTP/1.1
User-Agent: selenium/4.1.2 (java windows)
Cache-Control: no-cache
Content-Type: application/json; charset=utf-8
host: localhost:59001
accept: */*

Response DefaultHttpResponse(decodeResult: success, version: HTTP/1.1)
HTTP/1.1 200 OK
Content-Type: application/json; charset=utf-8
cache-control: no-cache
content-length: 15

00:48:04.720 [AsyncHttpClient-1-2] DEBUG org.asynchttpclient.netty.channel.ChannelManager - Adding key: http://localhost:59001 for channel [id: 0x381e0ae8, L:/127.0.0.1:50062 - R:localhost/127.0.0.1:59001]
00:48:04.721 [Forwarding getElementTagName on session 13878f45740c4338ca31cb2bf983b2e4 to remote] DEBUG org.asynchttpclient.netty.request.NettyRequestSender - Using pooled Channel '[id: 0x381e0ae8, L:/127.0.0.1:50062 - R:localhost/127.0.0.1:59001]' for 'GET' to 'http://localhost:59001/session/13878f45740c4338ca31cb2bf983b2e4/element/0d897df2-1d2f-4e06-ab43-6af9be4ff63d/name'
00:48:04.722 [Forwarding getElementTagName on session 13878f45740c4338ca31cb2bf983b2e4 to remote] DEBUG org.asynchttpclient.netty.request.NettyRequestSender - Using open Channel [id: 0x381e0ae8, L:/127.0.0.1:50062 - R:localhost/127.0.0.1:59001] for GET '/session/13878f45740c4338ca31cb2bf983b2e4/element/0d897df2-1d2f-4e06-ab43-6af9be4ff63d/name'
00:48:04.740 [AsyncHttpClient-1-2] DEBUG org.asynchttpclient.netty.handler.HttpHandler - 

Request DefaultFullHttpRequest(decodeResult: success, version: HTTP/1.1, content: EmptyByteBufBE)
GET /session/13878f45740c4338ca31cb2bf983b2e4/element/0d897df2-1d2f-4e06-ab43-6af9be4ff63d/name HTTP/1.1
User-Agent: selenium/4.1.2 (java windows)
Cache-Control: no-cache
Content-Type: application/json; charset=utf-8
host: localhost:59001
accept: */*

Response DefaultHttpResponse(decodeResult: success, version: HTTP/1.1)
HTTP/1.1 200 OK
Content-Type: application/json; charset=utf-8
cache-control: no-cache
content-length: 15

00:48:04.740 [AsyncHttpClient-1-2] DEBUG org.asynchttpclient.netty.channel.ChannelManager - Adding key: http://localhost:59001 for channel [id: 0x381e0ae8, L:/127.0.0.1:50062 - R:localhost/127.0.0.1:59001]
00:48:04.742 [Forwarding findElement on session 13878f45740c4338ca31cb2bf983b2e4 to remote] DEBUG org.asynchttpclient.netty.request.NettyRequestSender - Using pooled Channel '[id: 0x381e0ae8, L:/127.0.0.1:50062 - R:localhost/127.0.0.1:59001]' for 'POST' to 'http://localhost:59001/session/13878f45740c4338ca31cb2bf983b2e4/element'
00:48:04.742 [Forwarding findElement on session 13878f45740c4338ca31cb2bf983b2e4 to remote] DEBUG org.asynchttpclient.netty.request.NettyRequestSender - Using open Channel [id: 0x381e0ae8, L:/127.0.0.1:50062 - R:localhost/127.0.0.1:59001] for POST '/session/13878f45740c4338ca31cb2bf983b2e4/element'
00:48:04.779 [AsyncHttpClient-1-2] DEBUG org.asynchttpclient.netty.handler.HttpHandler - 

Request DefaultHttpRequest(decodeResult: success, version: HTTP/1.1)
POST /session/13878f45740c4338ca31cb2bf983b2e4/element HTTP/1.1
User-Agent: selenium/4.1.2 (java windows)
Content-Length: 112
Content-Type: application/json; charset=utf-8
host: localhost:59001
accept: */*

Response DefaultHttpResponse(decodeResult: success, version: HTTP/1.1)
HTTP/1.1 200 OK
Content-Type: application/json; charset=utf-8
cache-control: no-cache
content-length: 88

00:48:04.779 [AsyncHttpClient-1-2] DEBUG org.asynchttpclient.netty.channel.ChannelManager - Adding key: http://localhost:59001 for channel [id: 0x381e0ae8, L:/127.0.0.1:50062 - R:localhost/127.0.0.1:59001]
00:48:04.780 [Forwarding clickElement on session 13878f45740c4338ca31cb2bf983b2e4 to remote] DEBUG org.asynchttpclient.netty.request.NettyRequestSender - Using pooled Channel '[id: 0x381e0ae8, L:/127.0.0.1:50062 - R:localhost/127.0.0.1:59001]' for 'POST' to 'http://localhost:59001/session/13878f45740c4338ca31cb2bf983b2e4/element/0d897df2-1d2f-4e06-ab43-6af9be4ff63d/click'
00:48:04.780 [Forwarding clickElement on session 13878f45740c4338ca31cb2bf983b2e4 to remote] DEBUG org.asynchttpclient.netty.request.NettyRequestSender - Using open Channel [id: 0x381e0ae8, L:/127.0.0.1:50062 - R:localhost/127.0.0.1:59001] for POST '/session/13878f45740c4338ca31cb2bf983b2e4/element/0d897df2-1d2f-4e06-ab43-6af9be4ff63d/click'
00:48:04.874 [AsyncHttpClient-1-2] DEBUG org.asynchttpclient.netty.handler.HttpHandler - 

Request DefaultHttpRequest(decodeResult: success, version: HTTP/1.1)
POST /session/13878f45740c4338ca31cb2bf983b2e4/element/0d897df2-1d2f-4e06-ab43-6af9be4ff63d/click HTTP/1.1
User-Agent: selenium/4.1.2 (java windows)
Content-Length: 50
Content-Type: application/json; charset=utf-8
host: localhost:59001
accept: */*

Response DefaultHttpResponse(decodeResult: success, version: HTTP/1.1)
HTTP/1.1 200 OK
Content-Type: application/json; charset=utf-8
cache-control: no-cache
content-length: 14

00:48:04.874 [AsyncHttpClient-1-2] DEBUG org.asynchttpclient.netty.channel.ChannelManager - Adding key: http://localhost:59001 for channel [id: 0x381e0ae8, L:/127.0.0.1:50062 - R:localhost/127.0.0.1:59001]
00:48:04.879 [Forwarding screenshot on session 13878f45740c4338ca31cb2bf983b2e4 to remote] DEBUG org.asynchttpclient.netty.request.NettyRequestSender - Using pooled Channel '[id: 0x381e0ae8, L:/127.0.0.1:50062 - R:localhost/127.0.0.1:59001]' for 'GET' to 'http://localhost:59001/session/13878f45740c4338ca31cb2bf983b2e4/screenshot'
00:48:04.879 [Forwarding screenshot on session 13878f45740c4338ca31cb2bf983b2e4 to remote] DEBUG org.asynchttpclient.netty.request.NettyRequestSender - Using open Channel [id: 0x381e0ae8, L:/127.0.0.1:50062 - R:localhost/127.0.0.1:59001] for GET '/session/13878f45740c4338ca31cb2bf983b2e4/screenshot'
00:48:05.039 [AsyncHttpClient-1-2] DEBUG org.asynchttpclient.netty.handler.HttpHandler - 

Request DefaultFullHttpRequest(decodeResult: success, version: HTTP/1.1, content: EmptyByteBufBE)
GET /session/13878f45740c4338ca31cb2bf983b2e4/screenshot HTTP/1.1
User-Agent: selenium/4.1.2 (java windows)
Cache-Control: no-cache
Content-Type: application/json; charset=utf-8
host: localhost:59001
accept: */*

Response DefaultHttpResponse(decodeResult: success, version: HTTP/1.1)
HTTP/1.1 200 OK
Content-Type: application/json; charset=utf-8
cache-control: no-cache
content-length: 80732

00:48:05.039 [AsyncHttpClient-1-2] DEBUG org.asynchttpclient.netty.channel.ChannelManager - Adding key: http://localhost:59001 for channel [id: 0x381e0ae8, L:/127.0.0.1:50062 - R:localhost/127.0.0.1:59001]
00:48:05.041 [main] DEBUG net.serenitybdd.core.photography.Darkroom - Send negative for processing for target\site\serenity\87c5fa6dda78f64726f7bee38941a5890f6af8acb66fb6059cfbc14a0b863ac6.png
00:48:05.041 [main] DEBUG net.thucydides.core.steps.StepInterceptor - STEP DONE: validateclickmembership
  &amp#27;[32mWhen &amp#27;[0m&amp#27;[32madmin click membership page&amp#27;[0m             &amp#27;[90m# starter.definitions.MembershipSteps.adminClickMembershipPage()&amp#27;[0m
00:48:05.042 [Darkroom Processing Line] DEBUG net.serenitybdd.core.photography.DarkroomProcessingLine - Processing screenshot image in /var/screenshots/screenshot-14576965193287839879
00:48:05.042 [Darkroom Processing Line] DEBUG net.serenitybdd.core.photography.DarkroomProcessingLine - Saving screenshot to target\site\serenity\87c5fa6dda78f64726f7bee38941a5890f6af8acb66fb6059cfbc14a0b863ac6.png
00:48:05.053 [main] DEBUG net.thucydides.core.steps.StepInterceptor - STARTING STEP: MembershipSteps.adminCanSeeDetailOfMembershipPage - canseedetailmembership
00:48:05.054 [Forwarding findElement on session 13878f45740c4338ca31cb2bf983b2e4 to remote] DEBUG org.asynchttpclient.netty.request.NettyRequestSender - Using pooled Channel '[id: 0x381e0ae8, L:/127.0.0.1:50062 - R:localhost/127.0.0.1:59001]' for 'POST' to 'http://localhost:59001/session/13878f45740c4338ca31cb2bf983b2e4/element'
00:48:05.054 [Forwarding findElement on session 13878f45740c4338ca31cb2bf983b2e4 to remote] DEBUG org.asynchttpclient.netty.request.NettyRequestSender - Using open Channel [id: 0x381e0ae8, L:/127.0.0.1:50062 - R:localhost/127.0.0.1:59001] for POST '/session/13878f45740c4338ca31cb2bf983b2e4/element'
00:48:05.072 [AsyncHttpClient-1-2] DEBUG org.asynchttpclient.netty.handler.HttpHandler - 

Request DefaultHttpRequest(decodeResult: success, version: HTTP/1.1)
POST /session/13878f45740c4338ca31cb2bf983b2e4/element HTTP/1.1
User-Agent: selenium/4.1.2 (java windows)
Content-Length: 75
Content-Type: application/json; charset=utf-8
host: localhost:59001
accept: */*

Response DefaultHttpResponse(decodeResult: success, version: HTTP/1.1)
HTTP/1.1 200 OK
Content-Type: application/json; charset=utf-8
cache-control: no-cache
content-length: 88

00:48:05.072 [AsyncHttpClient-1-2] DEBUG org.asynchttpclient.netty.channel.ChannelManager - Adding key: http://localhost:59001 for channel [id: 0x381e0ae8, L:/127.0.0.1:50062 - R:localhost/127.0.0.1:59001]
00:48:05.075 [Forwarding isElementDisplayed on session 13878f45740c4338ca31cb2bf983b2e4 to remote] DEBUG org.asynchttpclient.netty.request.NettyRequestSender - Using pooled Channel '[id: 0x381e0ae8, L:/127.0.0.1:50062 - R:localhost/127.0.0.1:59001]' for 'POST' to 'http://localhost:59001/session/13878f45740c4338ca31cb2bf983b2e4/execute/sync'
00:48:05.075 [Forwarding isElementDisplayed on session 13878f45740c4338ca31cb2bf983b2e4 to remote] DEBUG org.asynchttpclient.netty.request.NettyRequestSender - Using open Channel [id: 0x381e0ae8, L:/127.0.0.1:50062 - R:localhost/127.0.0.1:59001] for POST '/session/13878f45740c4338ca31cb2bf983b2e4/execute/sync'
00:48:05.092 [AsyncHttpClient-1-2] DEBUG org.asynchttpclient.netty.handler.HttpHandler - 

Request DefaultHttpRequest(decodeResult: success, version: HTTP/1.1)
POST /session/13878f45740c4338ca31cb2bf983b2e4/execute/sync HTTP/1.1
User-Agent: selenium/4.1.2 (java windows)
Content-Length: 48780
Content-Type: application/json; charset=utf-8
host: localhost:59001
accept: */*

Response DefaultHttpResponse(decodeResult: success, version: HTTP/1.1)
HTTP/1.1 200 OK
Content-Type: application/json; charset=utf-8
cache-control: no-cache
content-length: 14

00:48:05.092 [AsyncHttpClient-1-2] DEBUG org.asynchttpclient.netty.channel.ChannelManager - Adding key: http://localhost:59001 for channel [id: 0x381e0ae8, L:/127.0.0.1:50062 - R:localhost/127.0.0.1:59001]
00:48:05.096 [Forwarding screenshot on session 13878f45740c4338ca31cb2bf983b2e4 to remote] DEBUG org.asynchttpclient.netty.request.NettyRequestSender - Using pooled Channel '[id: 0x381e0ae8, L:/127.0.0.1:50062 - R:localhost/127.0.0.1:59001]' for 'GET' to 'http://localhost:59001/session/13878f45740c4338ca31cb2bf983b2e4/screenshot'
00:48:05.096 [Forwarding screenshot on session 13878f45740c4338ca31cb2bf983b2e4 to remote] DEBUG org.asynchttpclient.netty.request.NettyRequestSender - Using open Channel [id: 0x381e0ae8, L:/127.0.0.1:50062 - R:localhost/127.0.0.1:59001] for GET '/session/13878f45740c4338ca31cb2bf983b2e4/screenshot'
00:48:05.243 [AsyncHttpClient-1-2] DEBUG org.asynchttpclient.netty.handler.HttpHandler - 

Request DefaultFullHttpRequest(decodeResult: success, version: HTTP/1.1, content: EmptyByteBufBE)
GET /session/13878f45740c4338ca31cb2bf983b2e4/screenshot HTTP/1.1
User-Agent: selenium/4.1.2 (java windows)
Cache-Control: no-cache
Content-Type: application/json; charset=utf-8
host: localhost:59001
accept: */*

Response DefaultHttpResponse(decodeResult: success, version: HTTP/1.1)
HTTP/1.1 200 OK
Content-Type: application/json; charset=utf-8
cache-control: no-cache
content-length: 108852

00:48:05.243 [AsyncHttpClient-1-2] DEBUG org.asynchttpclient.netty.channel.ChannelManager - Adding key: http://localhost:59001 for channel [id: 0x381e0ae8, L:/127.0.0.1:50062 - R:localhost/127.0.0.1:59001]
00:48:05.245 [main] DEBUG net.serenitybdd.core.photography.Darkroom - Send negative for processing for target\site\serenity\2665cde540b7c62e7cbb0a2d71dd39394c76d96be2da503bb6ced10aa74823a0.png
00:48:05.246 [main] DEBUG net.thucydides.core.steps.StepInterceptor - STEP DONE: canseedetailmembership
  &amp#27;[32mAnd &amp#27;[0m&amp#27;[32madmin can see detail of membership page&amp#27;[0m  &amp#27;[90m# starter.definitions.MembershipSteps.adminCanSeeDetailOfMembershipPage()&amp#27;[0m
00:48:05.246 [Darkroom Processing Line] DEBUG net.serenitybdd.core.photography.DarkroomProcessingLine - Processing screenshot image in /var/screenshots/screenshot-13484234242009387560
00:48:05.246 [Darkroom Processing Line] DEBUG net.serenitybdd.core.photography.DarkroomProcessingLine - Saving screenshot to target\site\serenity\2665cde540b7c62e7cbb0a2d71dd39394c76d96be2da503bb6ced10aa74823a0.png
  &amp#27;[32mThen &amp#27;[0m&amp#27;[32madmin sucsess see membership page&amp#27;[0m       &amp#27;[90m# starter.definitions.MembershipSteps.adminSucsessSeeMembershipPage()&amp#27;[0m
00:48:05.257 [main] INFO  - 
  _____   ___   ___   _____     ___     _     ___   ___   ___   ___  
 |_   _| | __| / __| |_   _|   | _ \   /_\   / __| / __| | __| |   \ 
   | |   | _|  \__ \   | |     |  _/  / _ \  \__ \ \__ \ | _|  | |) |
   |_|   |___| |___/   |_|     |_|   /_/ \_\ |___/ |___/ |___| |___/ 

admin can see detail membership page
----------------------------------------------------------------------
00:48:05.258 [AsyncHttpClient-1-4] DEBUG org.asynchttpclient.netty.handler.WebSocketHandler - Channel Closed: [id: 0x601ae0de, L:/127.0.0.1:50070 ! R:localhost/127.0.0.1:50063] with attribute NettyResponseFuture{currentRetry=5,
	isDone=1,
	isCancelled=0,
	asyncHandler=org.asynchttpclient.ws.WebSocketUpgradeHandler@60fc50a0,
	nettyRequest=org.asynchttpclient.netty.request.NettyRequest@7b37cd56,
	future=java.util.concurrent.CompletableFuture@1d89bc4b[Completed normally],
	uri=ws://localhost:50063/devtools/browser/8e939f4a-d1f8-464d-81f5-d0272880fee1,
	keepAlive=true,
	redirectCount=0,
	timeoutsHolder=null,
	inAuth=0,
	touch=1658422077629}
00:48:05.258 [AsyncHttpClient-1-4] DEBUG org.asynchttpclient.netty.channel.ChannelManager - Closing Channel [id: 0x601ae0de, L:/127.0.0.1:50070 ! R:localhost/127.0.0.1:50063] 
00:48:05.260 [Driver Command Executor] DEBUG org.asynchttpclient.netty.request.NettyRequestSender - Using pooled Channel '[id: 0x381e0ae8, L:/127.0.0.1:50062 - R:localhost/127.0.0.1:59001]' for 'DELETE' to 'http://localhost:59001/session/13878f45740c4338ca31cb2bf983b2e4'
00:48:05.260 [Driver Command Executor] DEBUG org.asynchttpclient.netty.request.NettyRequestSender - Using open Channel [id: 0x381e0ae8, L:/127.0.0.1:50062 - R:localhost/127.0.0.1:59001] for DELETE '/session/13878f45740c4338ca31cb2bf983b2e4'
00:48:05.787 [AsyncHttpClient-1-1] DEBUG org.asynchttpclient.netty.channel.DefaultChannelPool - Entry count for : http://localhost:50063 : 1
00:48:05.818 [AsyncHttpClient-1-3] DEBUG org.asynchttpclient.netty.handler.HttpHandler - Unexpected I/O exception on channel [id: 0x064b8482, L:/127.0.0.1:50069 - R:localhost/127.0.0.1:50063]
java.net.SocketException: Connection reset
	at java.base/sun.nio.ch.SocketChannelImpl.throwConnectionReset(SocketChannelImpl.java:394)
	at java.base/sun.nio.ch.SocketChannelImpl.read(SocketChannelImpl.java:426)
	at io.netty.buffer.PooledByteBuf.setBytes(PooledByteBuf.java:258)
	at io.netty.buffer.AbstractByteBuf.writeBytes(AbstractByteBuf.java:1132)
	at io.netty.channel.socket.nio.NioSocketChannel.doReadBytes(NioSocketChannel.java:350)
	at io.netty.channel.nio.AbstractNioByteChannel$NioByteUnsafe.read(AbstractNioByteChannel.java:151)
	at io.netty.channel.nio.NioEventLoop.processSelectedKey(NioEventLoop.java:722)
	at io.netty.channel.nio.NioEventLoop.processSelectedKeysOptimized(NioEventLoop.java:658)
	at io.netty.channel.nio.NioEventLoop.processSelectedKeys(NioEventLoop.java:584)
	at io.netty.channel.nio.NioEventLoop.run(NioEventLoop.java:496)
	at io.netty.util.concurrent.SingleThreadEventExecutor$4.run(SingleThreadEventExecutor.java:986)
	at io.netty.util.internal.ThreadExecutorMap$2.run(ThreadExecutorMap.java:74)
	at io.netty.util.concurrent.FastThreadLocalRunnable.run(FastThreadLocalRunnable.java:30)
	at java.base/java.lang.Thread.run(Thread.java:833)
00:48:05.818 [AsyncHttpClient-1-3] DEBUG org.asynchttpclient.netty.channel.ChannelManager - Closing Channel [id: 0x064b8482, L:/127.0.0.1:50069 - R:localhost/127.0.0.1:50063] 
00:48:05.818 [AsyncHttpClient-1-3] DEBUG org.asynchttpclient.netty.handler.HttpHandler - Channel Closed: [id: 0x064b8482, L:/127.0.0.1:50069 ! R:localhost/127.0.0.1:50063] with attribute DISCARD
00:48:05.863 [AsyncHttpClient-1-2] DEBUG org.asynchttpclient.netty.handler.HttpHandler - 

Request DefaultFullHttpRequest(decodeResult: success, version: HTTP/1.1, content: EmptyByteBufBE)
DELETE /session/13878f45740c4338ca31cb2bf983b2e4 HTTP/1.1
User-Agent: selenium/4.1.2 (java windows)
Content-Type: application/json; charset=utf-8
host: localhost:59001
accept: */*

Response DefaultHttpResponse(decodeResult: success, version: HTTP/1.1)
HTTP/1.1 200 OK
Content-Type: application/json; charset=utf-8
cache-control: no-cache
content-length: 14

00:48:05.863 [AsyncHttpClient-1-2] DEBUG org.asynchttpclient.netty.channel.ChannelManager - Adding key: http://localhost:59001 for channel [id: 0x381e0ae8, L:/127.0.0.1:50062 - R:localhost/127.0.0.1:59001]
00:48:06.650 [AsyncHttpClient-1-2] DEBUG org.asynchttpclient.netty.handler.HttpHandler - Channel Closed: [id: 0x381e0ae8, L:/127.0.0.1:50062 ! R:localhost/127.0.0.1:59001] with attribute DISCARD
]]></system-out>
    <system-err><![CDATA[Starting ChromeDriver 103.0.5060.134 (8ec6fce403b3feb0869b0732eda8bd95011d333c-refs/branch-heads/5060@{#1262}) on port 59001
Only local connections are allowed.
Please see https://chromedriver.chromium.org/security-considerations for suggestions on keeping ChromeDriver safe.
ChromeDriver was started successfully.
Jul 22, 2022 12:47:57 AM org.openqa.selenium.remote.ProtocolHandshake createSession
INFO: Detected dialect: W3C
Jul 22, 2022 12:47:57 AM org.openqa.selenium.devtools.CdpVersionFinder findNearestMatch
WARNING: Unable to find an exact match for CDP version 103, so returning the closest version found: a no-op implementation
Jul 22, 2022 12:47:57 AM org.openqa.selenium.devtools.CdpVersionFinder findNearestMatch
INFO: Unable to find CDP implementation matching 103.
Jul 22, 2022 12:47:57 AM org.openqa.selenium.chromium.ChromiumDriver lambda$new$3
WARNING: Unable to find version of CDP to use for . You may need to include a dependency on a specific version of the CDP using something similar to `org.seleniumhq.selenium:selenium-devtools-v86:4.1.2` where the version ("v86") matches the version of the chromium-based browser you're using and the version number of the artifact is the same as Selenium's.
]]></system-err>
  </testcase>
  <testcase name="admin add new membership" classname="admin can see detail membership page" time="13.734">
    <system-out><![CDATA[
@Member
Scenario: admin add new membership            &amp#27;[90m# src/test/resources/features/membeship.feature:19&amp#27;[0m
00:48:06.687 [main] INFO io.cucumber.core.plugin.SerenityReporter - Running feature from file:///D:/capstone%20projek/web%20testing/src/test/resources/features/membeship.feature
00:48:06.688 [main] INFO  - 
  _____   ___   ___   _____     ___   _____     _     ___   _____   ___   ___  
 |_   _| | __| / __| |_   _|   / __| |_   _|   /_\   | _ \ |_   _| | __| |   \ 
   | |   | _|  \__ \   | |     \__ \   | |    / _ \  |   /   | |   | _|  | |) |
   |_|   |___| |___/   |_|     |___/   |_|   /_/ \_\ |_|_\   |_|   |___| |___/ 

admin add new membership(admin-can-see-detail-membership-page;admin-add-new-membership)
--------------------------------------------------------------------------------
00:48:06.696 [main] DEBUG net.thucydides.core.steps.StepInterceptor - STARTING STEP: LoginSteps.adminOnLoginPage - openPage
00:48:06.697 [main] INFO net.serenitybdd.core.webdriver.driverproviders.ChromeDriverProvider - Using automatically driver download
00:48:06.811 [main] DEBUG io.github.bonigarcia.wdm.cache.ResolutionCache - Resolution chrome=103 in cache (valid until 01:32:20 22/07/2022 WITA)
00:48:06.814 [main] DEBUG io.github.bonigarcia.wdm.cache.ResolutionCache - Resolution chrome103=103.0.5060.134 in cache (valid until 21:05:58 22/07/2022 WITA)
00:48:06.815 [main] INFO io.github.bonigarcia.wdm.WebDriverManager - Using chromedriver 103.0.5060.134 (resolved driver for Chrome 103)
00:48:06.827 [main] DEBUG io.github.bonigarcia.wdm.WebDriverManager - Driver chromedriver 103.0.5060.134 found in cache
00:48:06.827 [main] INFO io.github.bonigarcia.wdm.WebDriverManager - Exporting webdriver.chrome.driver as C:\Users\Rev\.cache\selenium\chromedriver\win32\103.0.5060.134\chromedriver.exe
00:48:06.886 [AsyncHttpClient-1-1] DEBUG org.asynchttpclient.netty.channel.DefaultChannelPool - Entry count for : http://localhost:50063 : 1
00:48:06.886 [AsyncHttpClient-1-1] DEBUG org.asynchttpclient.netty.channel.DefaultChannelPool - Entry count for : http://localhost:59001 : 1
00:48:06.886 [AsyncHttpClient-1-1] DEBUG org.asynchttpclient.netty.channel.DefaultChannelPool - Adding Candidate expired Channel [id: 0x064b8482, L:/127.0.0.1:50069 ! R:localhost/127.0.0.1:50063] isIdleTimeoutExpired=false isRemotelyClosed=true isTtlExpired=false
00:48:06.886 [AsyncHttpClient-1-1] DEBUG org.asynchttpclient.netty.channel.DefaultChannelPool - Closing Idle Channel [id: 0x064b8482, L:/127.0.0.1:50069 ! R:localhost/127.0.0.1:50063]
00:48:06.886 [AsyncHttpClient-1-1] DEBUG org.asynchttpclient.netty.channel.DefaultChannelPool - Adding Candidate expired Channel [id: 0x381e0ae8, L:/127.0.0.1:50062 ! R:localhost/127.0.0.1:59001] isIdleTimeoutExpired=false isRemotelyClosed=true isTtlExpired=false
00:48:06.886 [AsyncHttpClient-1-1] DEBUG org.asynchttpclient.netty.channel.DefaultChannelPool - Closing Idle Channel [id: 0x381e0ae8, L:/127.0.0.1:50062 ! R:localhost/127.0.0.1:59001]
00:48:06.886 [AsyncHttpClient-1-1] DEBUG org.asynchttpclient.netty.channel.DefaultChannelPool - Closed 2 connections out of 2 in 0 ms
00:48:06.944 [main] DEBUG net.serenitybdd.core.webdriver.driverproviders.ProvideNewDriver - Instantiating driver
00:48:06.944 [main] DEBUG net.serenitybdd.core.webdriver.driverproviders.ProvideNewDriver - Driver capabilities: Capabilities {acceptInsecureCerts: false, base.url: https://sportly.rafdev.my.id/, browserName: chrome, chrome.driver: webdriver/chromedriver.exe, driver: chrome, goog:chromeOptions: {args: [], extensions: []}}
00:48:07.163 [AsyncHttpClient-1-5] DEBUG org.asynchttpclient.netty.channel.NettyConnectListener - Using new Channel '[id: 0xe3cdca2b, L:/127.0.0.1:50100 - R:localhost/127.0.0.1:61189]' for 'POST' to '/session'
00:48:07.932 [AsyncHttpClient-1-5] DEBUG org.asynchttpclient.netty.handler.HttpHandler - 

Request DefaultHttpRequest(decodeResult: success, version: HTTP/1.1)
POST /session HTTP/1.1
User-Agent: selenium/4.1.2 (java windows)
Content-Length: 581
Content-Type: application/json; charset=utf-8
host: localhost:61189
accept: */*

Response DefaultHttpResponse(decodeResult: success, version: HTTP/1.1)
HTTP/1.1 200 OK
Content-Type: application/json; charset=utf-8
cache-control: no-cache
content-length: 789

00:48:07.932 [AsyncHttpClient-1-5] DEBUG org.asynchttpclient.netty.channel.ChannelManager - Adding key: http://localhost:61189 for channel [id: 0xe3cdca2b, L:/127.0.0.1:50100 - R:localhost/127.0.0.1:61189]
00:48:07.937 [AsyncHttpClient-1-6] DEBUG org.asynchttpclient.netty.channel.NettyConnectListener - Using new Channel '[id: 0xcb27d15f, L:/127.0.0.1:50107 - R:localhost/127.0.0.1:50101]' for 'GET' to '/json/version'
00:48:07.937 [AsyncHttpClient-1-6] DEBUG org.asynchttpclient.netty.handler.HttpHandler - 

Request DefaultFullHttpRequest(decodeResult: success, version: HTTP/1.1, content: EmptyByteBufBE)
GET /json/version HTTP/1.1
User-Agent: selenium/4.1.2 (java windows)
host: localhost:50101
accept: */*

Response DefaultHttpResponse(decodeResult: success, version: HTTP/1.1)
HTTP/1.1 200 OK
Content-Type: application/json; charset=UTF-8
content-length: 429

00:48:07.937 [AsyncHttpClient-1-6] DEBUG org.asynchttpclient.netty.channel.ChannelManager - Adding key: http://localhost:50101 for channel [id: 0xcb27d15f, L:/127.0.0.1:50107 - R:localhost/127.0.0.1:50101]
00:48:07.939 [AsyncHttpClient-1-7] DEBUG org.asynchttpclient.netty.channel.NettyConnectListener - Using new Channel '[id: 0x458b191c, L:/127.0.0.1:50108 - R:localhost/127.0.0.1:50101]' for 'GET' to '/devtools/browser/6889e90e-39c1-43ba-afee-cf8f59664ff6'
00:48:07.940 [AsyncHttpClient-1-7] DEBUG org.asynchttpclient.netty.handler.WebSocketHandler - 

Request DefaultFullHttpRequest(decodeResult: success, version: HTTP/1.1, content: EmptyByteBufBE)
GET /devtools/browser/6889e90e-39c1-43ba-afee-cf8f59664ff6 HTTP/1.1
upgrade: websocket
connection: upgrade
sec-websocket-key: +H6QKEtyqHbBFYhmB9qa2g==
sec-websocket-version: 13
origin: http://localhost:50101
host: localhost:50101
accept: */*
user-agent: AHC/2.1

Response DefaultHttpResponse(decodeResult: success, version: HTTP/1.1)
HTTP/1.1 101 WebSocket Protocol Handshake
Upgrade: WebSocket
Connection: Upgrade
Sec-WebSocket-Accept: mLGyYzasW31geQawhzV5PyQskjA=

00:48:07.943 [Forwarding setCurrentWindowSize on session b540a72eea78ba1b3227b841abb7f9a2 to remote] DEBUG org.asynchttpclient.netty.request.NettyRequestSender - Using pooled Channel '[id: 0xe3cdca2b, L:/127.0.0.1:50100 - R:localhost/127.0.0.1:61189]' for 'POST' to 'http://localhost:61189/session/b540a72eea78ba1b3227b841abb7f9a2/window/rect'
00:48:07.943 [Forwarding setCurrentWindowSize on session b540a72eea78ba1b3227b841abb7f9a2 to remote] DEBUG org.asynchttpclient.netty.request.NettyRequestSender - Using open Channel [id: 0xe3cdca2b, L:/127.0.0.1:50100 - R:localhost/127.0.0.1:61189] for POST '/session/b540a72eea78ba1b3227b841abb7f9a2/window/rect'
00:48:07.990 [AsyncHttpClient-1-1] DEBUG org.asynchttpclient.netty.channel.DefaultChannelPool - Entry count for : http://localhost:50101 : 1
00:48:08.064 [AsyncHttpClient-1-5] DEBUG org.asynchttpclient.netty.handler.HttpHandler - 

Request DefaultHttpRequest(decodeResult: success, version: HTTP/1.1)
POST /session/b540a72eea78ba1b3227b841abb7f9a2/window/rect HTTP/1.1
User-Agent: selenium/4.1.2 (java windows)
Content-Length: 37
Content-Type: application/json; charset=utf-8
host: localhost:61189
accept: */*

Response DefaultHttpResponse(decodeResult: success, version: HTTP/1.1)
HTTP/1.1 200 OK
Content-Type: application/json; charset=utf-8
cache-control: no-cache
content-length: 52

00:48:08.064 [AsyncHttpClient-1-5] DEBUG org.asynchttpclient.netty.channel.ChannelManager - Adding key: http://localhost:61189 for channel [id: 0xe3cdca2b, L:/127.0.0.1:50100 - R:localhost/127.0.0.1:61189]
00:48:08.065 [Forwarding setWindowPosition on session b540a72eea78ba1b3227b841abb7f9a2 to remote] DEBUG org.asynchttpclient.netty.request.NettyRequestSender - Using pooled Channel '[id: 0xe3cdca2b, L:/127.0.0.1:50100 - R:localhost/127.0.0.1:61189]' for 'POST' to 'http://localhost:61189/session/b540a72eea78ba1b3227b841abb7f9a2/window/rect'
00:48:08.065 [Forwarding setWindowPosition on session b540a72eea78ba1b3227b841abb7f9a2 to remote] DEBUG org.asynchttpclient.netty.request.NettyRequestSender - Using open Channel [id: 0xe3cdca2b, L:/127.0.0.1:50100 - R:localhost/127.0.0.1:61189] for POST '/session/b540a72eea78ba1b3227b841abb7f9a2/window/rect'
00:48:08.211 [AsyncHttpClient-1-5] DEBUG org.asynchttpclient.netty.handler.HttpHandler - 

Request DefaultHttpRequest(decodeResult: success, version: HTTP/1.1)
POST /session/b540a72eea78ba1b3227b841abb7f9a2/window/rect HTTP/1.1
User-Agent: selenium/4.1.2 (java windows)
Content-Length: 22
Content-Type: application/json; charset=utf-8
host: localhost:61189
accept: */*

Response DefaultHttpResponse(decodeResult: success, version: HTTP/1.1)
HTTP/1.1 200 OK
Content-Type: application/json; charset=utf-8
cache-control: no-cache
content-length: 50

00:48:08.211 [AsyncHttpClient-1-5] DEBUG org.asynchttpclient.netty.channel.ChannelManager - Adding key: http://localhost:61189 for channel [id: 0xe3cdca2b, L:/127.0.0.1:50100 - R:localhost/127.0.0.1:61189]
00:48:08.212 [Forwarding get on session b540a72eea78ba1b3227b841abb7f9a2 to remote] DEBUG org.asynchttpclient.netty.request.NettyRequestSender - Using pooled Channel '[id: 0xe3cdca2b, L:/127.0.0.1:50100 - R:localhost/127.0.0.1:61189]' for 'POST' to 'http://localhost:61189/session/b540a72eea78ba1b3227b841abb7f9a2/url'
00:48:08.212 [Forwarding get on session b540a72eea78ba1b3227b841abb7f9a2 to remote] DEBUG org.asynchttpclient.netty.request.NettyRequestSender - Using open Channel [id: 0xe3cdca2b, L:/127.0.0.1:50100 - R:localhost/127.0.0.1:61189] for POST '/session/b540a72eea78ba1b3227b841abb7f9a2/url'
00:48:09.086 [AsyncHttpClient-1-1] DEBUG org.asynchttpclient.netty.channel.DefaultChannelPool - Entry count for : http://localhost:50101 : 1
00:48:10.185 [AsyncHttpClient-1-1] DEBUG org.asynchttpclient.netty.channel.DefaultChannelPool - Entry count for : http://localhost:50101 : 1
00:48:10.492 [AsyncHttpClient-1-5] DEBUG org.asynchttpclient.netty.handler.HttpHandler - 

Request DefaultHttpRequest(decodeResult: success, version: HTTP/1.1)
POST /session/b540a72eea78ba1b3227b841abb7f9a2/url HTTP/1.1
User-Agent: selenium/4.1.2 (java windows)
Content-Length: 59
Content-Type: application/json; charset=utf-8
host: localhost:61189
accept: */*

Response DefaultHttpResponse(decodeResult: success, version: HTTP/1.1)
HTTP/1.1 200 OK
Content-Type: application/json; charset=utf-8
cache-control: no-cache
content-length: 14

00:48:10.492 [AsyncHttpClient-1-5] DEBUG org.asynchttpclient.netty.channel.ChannelManager - Adding key: http://localhost:61189 for channel [id: 0xe3cdca2b, L:/127.0.0.1:50100 - R:localhost/127.0.0.1:61189]
00:48:10.494 [Forwarding setTimeout on session b540a72eea78ba1b3227b841abb7f9a2 to remote] DEBUG org.asynchttpclient.netty.request.NettyRequestSender - Using pooled Channel '[id: 0xe3cdca2b, L:/127.0.0.1:50100 - R:localhost/127.0.0.1:61189]' for 'POST' to 'http://localhost:61189/session/b540a72eea78ba1b3227b841abb7f9a2/timeouts'
00:48:10.494 [Forwarding setTimeout on session b540a72eea78ba1b3227b841abb7f9a2 to remote] DEBUG org.asynchttpclient.netty.request.NettyRequestSender - Using open Channel [id: 0xe3cdca2b, L:/127.0.0.1:50100 - R:localhost/127.0.0.1:61189] for POST '/session/b540a72eea78ba1b3227b841abb7f9a2/timeouts'
00:48:10.494 [AsyncHttpClient-1-5] DEBUG org.asynchttpclient.netty.handler.HttpHandler - 

Request DefaultHttpRequest(decodeResult: success, version: HTTP/1.1)
POST /session/b540a72eea78ba1b3227b841abb7f9a2/timeouts HTTP/1.1
User-Agent: selenium/4.1.2 (java windows)
Content-Length: 22
Content-Type: application/json; charset=utf-8
host: localhost:61189
accept: */*

Response DefaultHttpResponse(decodeResult: success, version: HTTP/1.1)
HTTP/1.1 200 OK
Content-Type: application/json; charset=utf-8
cache-control: no-cache
content-length: 14

00:48:10.494 [AsyncHttpClient-1-5] DEBUG org.asynchttpclient.netty.channel.ChannelManager - Adding key: http://localhost:61189 for channel [id: 0xe3cdca2b, L:/127.0.0.1:50100 - R:localhost/127.0.0.1:61189]
00:48:10.497 [Forwarding getCurrentUrl on session b540a72eea78ba1b3227b841abb7f9a2 to remote] DEBUG org.asynchttpclient.netty.request.NettyRequestSender - Using pooled Channel '[id: 0xe3cdca2b, L:/127.0.0.1:50100 - R:localhost/127.0.0.1:61189]' for 'GET' to 'http://localhost:61189/session/b540a72eea78ba1b3227b841abb7f9a2/url'
00:48:10.497 [Forwarding getCurrentUrl on session b540a72eea78ba1b3227b841abb7f9a2 to remote] DEBUG org.asynchttpclient.netty.request.NettyRequestSender - Using open Channel [id: 0xe3cdca2b, L:/127.0.0.1:50100 - R:localhost/127.0.0.1:61189] for GET '/session/b540a72eea78ba1b3227b841abb7f9a2/url'
00:48:10.545 [AsyncHttpClient-1-5] DEBUG org.asynchttpclient.netty.handler.HttpHandler - 

Request DefaultFullHttpRequest(decodeResult: success, version: HTTP/1.1, content: EmptyByteBufBE)
GET /session/b540a72eea78ba1b3227b841abb7f9a2/url HTTP/1.1
User-Agent: selenium/4.1.2 (java windows)
Cache-Control: no-cache
Content-Type: application/json; charset=utf-8
host: localhost:61189
accept: */*

Response DefaultHttpResponse(decodeResult: success, version: HTTP/1.1)
HTTP/1.1 200 OK
Content-Type: application/json; charset=utf-8
cache-control: no-cache
content-length: 46

00:48:10.545 [AsyncHttpClient-1-5] DEBUG org.asynchttpclient.netty.channel.ChannelManager - Adding key: http://localhost:61189 for channel [id: 0xe3cdca2b, L:/127.0.0.1:50100 - R:localhost/127.0.0.1:61189]
00:48:10.547 [Forwarding getCurrentUrl on session b540a72eea78ba1b3227b841abb7f9a2 to remote] DEBUG org.asynchttpclient.netty.request.NettyRequestSender - Using pooled Channel '[id: 0xe3cdca2b, L:/127.0.0.1:50100 - R:localhost/127.0.0.1:61189]' for 'GET' to 'http://localhost:61189/session/b540a72eea78ba1b3227b841abb7f9a2/url'
00:48:10.547 [Forwarding getCurrentUrl on session b540a72eea78ba1b3227b841abb7f9a2 to remote] DEBUG org.asynchttpclient.netty.request.NettyRequestSender - Using open Channel [id: 0xe3cdca2b, L:/127.0.0.1:50100 - R:localhost/127.0.0.1:61189] for GET '/session/b540a72eea78ba1b3227b841abb7f9a2/url'
00:48:10.558 [AsyncHttpClient-1-5] DEBUG org.asynchttpclient.netty.handler.HttpHandler - 

Request DefaultFullHttpRequest(decodeResult: success, version: HTTP/1.1, content: EmptyByteBufBE)
GET /session/b540a72eea78ba1b3227b841abb7f9a2/url HTTP/1.1
User-Agent: selenium/4.1.2 (java windows)
Cache-Control: no-cache
Content-Type: application/json; charset=utf-8
host: localhost:61189
accept: */*

Response DefaultHttpResponse(decodeResult: success, version: HTTP/1.1)
HTTP/1.1 200 OK
Content-Type: application/json; charset=utf-8
cache-control: no-cache
content-length: 46

00:48:10.559 [AsyncHttpClient-1-5] DEBUG org.asynchttpclient.netty.channel.ChannelManager - Adding key: http://localhost:61189 for channel [id: 0xe3cdca2b, L:/127.0.0.1:50100 - R:localhost/127.0.0.1:61189]
00:48:10.563 [Forwarding screenshot on session b540a72eea78ba1b3227b841abb7f9a2 to remote] DEBUG org.asynchttpclient.netty.request.NettyRequestSender - Using pooled Channel '[id: 0xe3cdca2b, L:/127.0.0.1:50100 - R:localhost/127.0.0.1:61189]' for 'GET' to 'http://localhost:61189/session/b540a72eea78ba1b3227b841abb7f9a2/screenshot'
00:48:10.563 [Forwarding screenshot on session b540a72eea78ba1b3227b841abb7f9a2 to remote] DEBUG org.asynchttpclient.netty.request.NettyRequestSender - Using open Channel [id: 0xe3cdca2b, L:/127.0.0.1:50100 - R:localhost/127.0.0.1:61189] for GET '/session/b540a72eea78ba1b3227b841abb7f9a2/screenshot'
00:48:11.013 [AsyncHttpClient-1-5] DEBUG org.asynchttpclient.netty.handler.HttpHandler - 

Request DefaultFullHttpRequest(decodeResult: success, version: HTTP/1.1, content: EmptyByteBufBE)
GET /session/b540a72eea78ba1b3227b841abb7f9a2/screenshot HTTP/1.1
User-Agent: selenium/4.1.2 (java windows)
Cache-Control: no-cache
Content-Type: application/json; charset=utf-8
host: localhost:61189
accept: */*

Response DefaultHttpResponse(decodeResult: success, version: HTTP/1.1)
HTTP/1.1 200 OK
Content-Type: application/json; charset=utf-8
cache-control: no-cache
content-length: 575004

00:48:11.014 [AsyncHttpClient-1-5] DEBUG org.asynchttpclient.netty.channel.ChannelManager - Adding key: http://localhost:61189 for channel [id: 0xe3cdca2b, L:/127.0.0.1:50100 - R:localhost/127.0.0.1:61189]
00:48:11.023 [main] DEBUG net.serenitybdd.core.photography.Darkroom - Send negative for processing for target\site\serenity\bdfb3257a55b5f729af578dfc1dc3a5762c89839bea5dc19984e34dd6640fee1.png
00:48:11.023 [main] DEBUG net.thucydides.core.steps.StepInterceptor - STEP DONE: openPage
00:48:11.028 [main] DEBUG net.thucydides.core.steps.StepInterceptor - STARTING STEP: LoginSteps.adminOnLoginPage - validateonLoginPage
00:48:11.029 [Forwarding findElement on session b540a72eea78ba1b3227b841abb7f9a2 to remote] DEBUG org.asynchttpclient.netty.request.NettyRequestSender - Using pooled Channel '[id: 0xe3cdca2b, L:/127.0.0.1:50100 - R:localhost/127.0.0.1:61189]' for 'POST' to 'http://localhost:61189/session/b540a72eea78ba1b3227b841abb7f9a2/element'
00:48:11.029 [Forwarding findElement on session b540a72eea78ba1b3227b841abb7f9a2 to remote] DEBUG org.asynchttpclient.netty.request.NettyRequestSender - Using open Channel [id: 0xe3cdca2b, L:/127.0.0.1:50100 - R:localhost/127.0.0.1:61189] for POST '/session/b540a72eea78ba1b3227b841abb7f9a2/element'
00:48:11.046 [AsyncHttpClient-1-5] DEBUG org.asynchttpclient.netty.handler.HttpHandler - 

Request DefaultHttpRequest(decodeResult: success, version: HTTP/1.1)
POST /session/b540a72eea78ba1b3227b841abb7f9a2/element HTTP/1.1
User-Agent: selenium/4.1.2 (java windows)
Content-Length: 71
Content-Type: application/json; charset=utf-8
host: localhost:61189
accept: */*

Response DefaultHttpResponse(decodeResult: success, version: HTTP/1.1)
HTTP/1.1 200 OK
Content-Type: application/json; charset=utf-8
cache-control: no-cache
content-length: 88

00:48:11.046 [AsyncHttpClient-1-5] DEBUG org.asynchttpclient.netty.channel.ChannelManager - Adding key: http://localhost:61189 for channel [id: 0xe3cdca2b, L:/127.0.0.1:50100 - R:localhost/127.0.0.1:61189]
00:48:11.048 [Forwarding isElementDisplayed on session b540a72eea78ba1b3227b841abb7f9a2 to remote] DEBUG org.asynchttpclient.netty.request.NettyRequestSender - Using pooled Channel '[id: 0xe3cdca2b, L:/127.0.0.1:50100 - R:localhost/127.0.0.1:61189]' for 'POST' to 'http://localhost:61189/session/b540a72eea78ba1b3227b841abb7f9a2/execute/sync'
00:48:11.048 [Forwarding isElementDisplayed on session b540a72eea78ba1b3227b841abb7f9a2 to remote] DEBUG org.asynchttpclient.netty.request.NettyRequestSender - Using open Channel [id: 0xe3cdca2b, L:/127.0.0.1:50100 - R:localhost/127.0.0.1:61189] for POST '/session/b540a72eea78ba1b3227b841abb7f9a2/execute/sync'
00:48:11.067 [AsyncHttpClient-1-5] DEBUG org.asynchttpclient.netty.handler.HttpHandler - 

Request DefaultHttpRequest(decodeResult: success, version: HTTP/1.1)
POST /session/b540a72eea78ba1b3227b841abb7f9a2/execute/sync HTTP/1.1
User-Agent: selenium/4.1.2 (java windows)
Content-Length: 48780
Content-Type: application/json; charset=utf-8
host: localhost:61189
accept: */*

Response DefaultHttpResponse(decodeResult: success, version: HTTP/1.1)
HTTP/1.1 200 OK
Content-Type: application/json; charset=utf-8
cache-control: no-cache
content-length: 14

00:48:11.067 [AsyncHttpClient-1-5] DEBUG org.asynchttpclient.netty.channel.ChannelManager - Adding key: http://localhost:61189 for channel [id: 0xe3cdca2b, L:/127.0.0.1:50100 - R:localhost/127.0.0.1:61189]
00:48:11.071 [main] DEBUG net.thucydides.core.steps.StepInterceptor - STEP DONE: validateonLoginPage
  &amp#27;[32mGiven &amp#27;[0m&amp#27;[32madmin on login page&amp#27;[0m                   &amp#27;[90m# starter.definitions.LoginSteps.adminOnLoginPage()&amp#27;[0m
00:48:11.076 [Forwarding screenshot on session b540a72eea78ba1b3227b841abb7f9a2 to remote] DEBUG org.asynchttpclient.netty.request.NettyRequestSender - Using pooled Channel '[id: 0xe3cdca2b, L:/127.0.0.1:50100 - R:localhost/127.0.0.1:61189]' for 'GET' to 'http://localhost:61189/session/b540a72eea78ba1b3227b841abb7f9a2/screenshot'
00:48:11.076 [Forwarding screenshot on session b540a72eea78ba1b3227b841abb7f9a2 to remote] DEBUG org.asynchttpclient.netty.request.NettyRequestSender - Using open Channel [id: 0xe3cdca2b, L:/127.0.0.1:50100 - R:localhost/127.0.0.1:61189] for GET '/session/b540a72eea78ba1b3227b841abb7f9a2/screenshot'
00:48:11.294 [AsyncHttpClient-1-1] DEBUG org.asynchttpclient.netty.channel.DefaultChannelPool - Entry count for : http://localhost:50101 : 1
00:48:11.364 [AsyncHttpClient-1-5] DEBUG org.asynchttpclient.netty.handler.HttpHandler - 

Request DefaultFullHttpRequest(decodeResult: success, version: HTTP/1.1, content: EmptyByteBufBE)
GET /session/b540a72eea78ba1b3227b841abb7f9a2/screenshot HTTP/1.1
User-Agent: selenium/4.1.2 (java windows)
Cache-Control: no-cache
Content-Type: application/json; charset=utf-8
host: localhost:61189
accept: */*

Response DefaultHttpResponse(decodeResult: success, version: HTTP/1.1)
HTTP/1.1 200 OK
Content-Type: application/json; charset=utf-8
cache-control: no-cache
content-length: 575004

00:48:11.365 [AsyncHttpClient-1-5] DEBUG org.asynchttpclient.netty.channel.ChannelManager - Adding key: http://localhost:61189 for channel [id: 0xe3cdca2b, L:/127.0.0.1:50100 - R:localhost/127.0.0.1:61189]
00:48:11.374 [main] DEBUG net.serenitybdd.core.photography.Darkroom - Send negative for processing for target\site\serenity\bdfb3257a55b5f729af578dfc1dc3a5762c89839bea5dc19984e34dd6640fee1.png
00:48:11.383 [main] DEBUG net.thucydides.core.steps.StepInterceptor - STARTING STEP: LoginSteps.adminInputValidUssername - inputusername
00:48:11.385 [Forwarding findElement on session b540a72eea78ba1b3227b841abb7f9a2 to remote] DEBUG org.asynchttpclient.netty.request.NettyRequestSender - Using pooled Channel '[id: 0xe3cdca2b, L:/127.0.0.1:50100 - R:localhost/127.0.0.1:61189]' for 'POST' to 'http://localhost:61189/session/b540a72eea78ba1b3227b841abb7f9a2/element'
00:48:11.385 [Forwarding findElement on session b540a72eea78ba1b3227b841abb7f9a2 to remote] DEBUG org.asynchttpclient.netty.request.NettyRequestSender - Using open Channel [id: 0xe3cdca2b, L:/127.0.0.1:50100 - R:localhost/127.0.0.1:61189] for POST '/session/b540a72eea78ba1b3227b841abb7f9a2/element'
00:48:11.400 [AsyncHttpClient-1-5] DEBUG org.asynchttpclient.netty.handler.HttpHandler - 

Request DefaultHttpRequest(decodeResult: success, version: HTTP/1.1)
POST /session/b540a72eea78ba1b3227b841abb7f9a2/element HTTP/1.1
User-Agent: selenium/4.1.2 (java windows)
Content-Length: 92
Content-Type: application/json; charset=utf-8
host: localhost:61189
accept: */*

Response DefaultHttpResponse(decodeResult: success, version: HTTP/1.1)
HTTP/1.1 200 OK
Content-Type: application/json; charset=utf-8
cache-control: no-cache
content-length: 88

00:48:11.400 [AsyncHttpClient-1-5] DEBUG org.asynchttpclient.netty.channel.ChannelManager - Adding key: http://localhost:61189 for channel [id: 0xe3cdca2b, L:/127.0.0.1:50100 - R:localhost/127.0.0.1:61189]
00:48:11.401 [Forwarding clearElement on session b540a72eea78ba1b3227b841abb7f9a2 to remote] DEBUG org.asynchttpclient.netty.request.NettyRequestSender - Using pooled Channel '[id: 0xe3cdca2b, L:/127.0.0.1:50100 - R:localhost/127.0.0.1:61189]' for 'POST' to 'http://localhost:61189/session/b540a72eea78ba1b3227b841abb7f9a2/element/830ddbcf-4cf6-41e8-bb01-e375023eb81d/clear'
00:48:11.401 [Forwarding clearElement on session b540a72eea78ba1b3227b841abb7f9a2 to remote] DEBUG org.asynchttpclient.netty.request.NettyRequestSender - Using open Channel [id: 0xe3cdca2b, L:/127.0.0.1:50100 - R:localhost/127.0.0.1:61189] for POST '/session/b540a72eea78ba1b3227b841abb7f9a2/element/830ddbcf-4cf6-41e8-bb01-e375023eb81d/clear'
00:48:11.445 [AsyncHttpClient-1-5] DEBUG org.asynchttpclient.netty.handler.HttpHandler - 

Request DefaultHttpRequest(decodeResult: success, version: HTTP/1.1)
POST /session/b540a72eea78ba1b3227b841abb7f9a2/element/830ddbcf-4cf6-41e8-bb01-e375023eb81d/clear HTTP/1.1
User-Agent: selenium/4.1.2 (java windows)
Content-Length: 50
Content-Type: application/json; charset=utf-8
host: localhost:61189
accept: */*

Response DefaultHttpResponse(decodeResult: success, version: HTTP/1.1)
HTTP/1.1 200 OK
Content-Type: application/json; charset=utf-8
cache-control: no-cache
content-length: 14

00:48:11.446 [AsyncHttpClient-1-5] DEBUG org.asynchttpclient.netty.channel.ChannelManager - Adding key: http://localhost:61189 for channel [id: 0xe3cdca2b, L:/127.0.0.1:50100 - R:localhost/127.0.0.1:61189]
00:48:11.447 [Forwarding sendKeysToElement on session b540a72eea78ba1b3227b841abb7f9a2 to remote] DEBUG org.asynchttpclient.netty.request.NettyRequestSender - Using pooled Channel '[id: 0xe3cdca2b, L:/127.0.0.1:50100 - R:localhost/127.0.0.1:61189]' for 'POST' to 'http://localhost:61189/session/b540a72eea78ba1b3227b841abb7f9a2/element/830ddbcf-4cf6-41e8-bb01-e375023eb81d/value'
00:48:11.447 [Forwarding sendKeysToElement on session b540a72eea78ba1b3227b841abb7f9a2 to remote] DEBUG org.asynchttpclient.netty.request.NettyRequestSender - Using open Channel [id: 0xe3cdca2b, L:/127.0.0.1:50100 - R:localhost/127.0.0.1:61189] for POST '/session/b540a72eea78ba1b3227b841abb7f9a2/element/830ddbcf-4cf6-41e8-bb01-e375023eb81d/value'
00:48:11.543 [AsyncHttpClient-1-5] DEBUG org.asynchttpclient.netty.handler.HttpHandler - 

Request DefaultHttpRequest(decodeResult: success, version: HTTP/1.1)
POST /session/b540a72eea78ba1b3227b841abb7f9a2/element/830ddbcf-4cf6-41e8-bb01-e375023eb81d/value HTTP/1.1
User-Agent: selenium/4.1.2 (java windows)
Content-Length: 151
Content-Type: application/json; charset=utf-8
host: localhost:61189
accept: */*

Response DefaultHttpResponse(decodeResult: success, version: HTTP/1.1)
HTTP/1.1 200 OK
Content-Type: application/json; charset=utf-8
cache-control: no-cache
content-length: 14

00:48:11.543 [AsyncHttpClient-1-5] DEBUG org.asynchttpclient.netty.channel.ChannelManager - Adding key: http://localhost:61189 for channel [id: 0xe3cdca2b, L:/127.0.0.1:50100 - R:localhost/127.0.0.1:61189]
00:48:11.548 [Forwarding screenshot on session b540a72eea78ba1b3227b841abb7f9a2 to remote] DEBUG org.asynchttpclient.netty.request.NettyRequestSender - Using pooled Channel '[id: 0xe3cdca2b, L:/127.0.0.1:50100 - R:localhost/127.0.0.1:61189]' for 'GET' to 'http://localhost:61189/session/b540a72eea78ba1b3227b841abb7f9a2/screenshot'
00:48:11.548 [Forwarding screenshot on session b540a72eea78ba1b3227b841abb7f9a2 to remote] DEBUG org.asynchttpclient.netty.request.NettyRequestSender - Using open Channel [id: 0xe3cdca2b, L:/127.0.0.1:50100 - R:localhost/127.0.0.1:61189] for GET '/session/b540a72eea78ba1b3227b841abb7f9a2/screenshot'
00:48:11.859 [AsyncHttpClient-1-5] DEBUG org.asynchttpclient.netty.handler.HttpHandler - 

Request DefaultFullHttpRequest(decodeResult: success, version: HTTP/1.1, content: EmptyByteBufBE)
GET /session/b540a72eea78ba1b3227b841abb7f9a2/screenshot HTTP/1.1
User-Agent: selenium/4.1.2 (java windows)
Cache-Control: no-cache
Content-Type: application/json; charset=utf-8
host: localhost:61189
accept: */*

Response DefaultHttpResponse(decodeResult: success, version: HTTP/1.1)
HTTP/1.1 200 OK
Content-Type: application/json; charset=utf-8
cache-control: no-cache
content-length: 573184

00:48:11.860 [AsyncHttpClient-1-5] DEBUG org.asynchttpclient.netty.channel.ChannelManager - Adding key: http://localhost:61189 for channel [id: 0xe3cdca2b, L:/127.0.0.1:50100 - R:localhost/127.0.0.1:61189]
00:48:11.869 [main] DEBUG net.serenitybdd.core.photography.Darkroom - Send negative for processing for target\site\serenity\f77c054aa6a666f419ab49e776fdfb7fc10c7c59289c58aa7b77a3e2461e450a.png
00:48:11.870 [main] DEBUG net.thucydides.core.steps.StepInterceptor - STEP DONE: inputusername
  &amp#27;[32mWhen &amp#27;[0m&amp#27;[32madmin input valid ussername&amp#27;[0m            &amp#27;[90m# starter.definitions.LoginSteps.adminInputValidUssername()&amp#27;[0m
00:48:11.882 [main] DEBUG net.thucydides.core.steps.StepInterceptor - STARTING STEP: LoginSteps.adminInputValidPassword - inputPassword
00:48:11.884 [Forwarding findElement on session b540a72eea78ba1b3227b841abb7f9a2 to remote] DEBUG org.asynchttpclient.netty.request.NettyRequestSender - Using pooled Channel '[id: 0xe3cdca2b, L:/127.0.0.1:50100 - R:localhost/127.0.0.1:61189]' for 'POST' to 'http://localhost:61189/session/b540a72eea78ba1b3227b841abb7f9a2/element'
00:48:11.884 [Forwarding findElement on session b540a72eea78ba1b3227b841abb7f9a2 to remote] DEBUG org.asynchttpclient.netty.request.NettyRequestSender - Using open Channel [id: 0xe3cdca2b, L:/127.0.0.1:50100 - R:localhost/127.0.0.1:61189] for POST '/session/b540a72eea78ba1b3227b841abb7f9a2/element'
00:48:11.900 [AsyncHttpClient-1-5] DEBUG org.asynchttpclient.netty.handler.HttpHandler - 

Request DefaultHttpRequest(decodeResult: success, version: HTTP/1.1)
POST /session/b540a72eea78ba1b3227b841abb7f9a2/element HTTP/1.1
User-Agent: selenium/4.1.2 (java windows)
Content-Length: 92
Content-Type: application/json; charset=utf-8
host: localhost:61189
accept: */*

Response DefaultHttpResponse(decodeResult: success, version: HTTP/1.1)
HTTP/1.1 200 OK
Content-Type: application/json; charset=utf-8
cache-control: no-cache
content-length: 88

00:48:11.900 [AsyncHttpClient-1-5] DEBUG org.asynchttpclient.netty.channel.ChannelManager - Adding key: http://localhost:61189 for channel [id: 0xe3cdca2b, L:/127.0.0.1:50100 - R:localhost/127.0.0.1:61189]
00:48:11.901 [Forwarding clearElement on session b540a72eea78ba1b3227b841abb7f9a2 to remote] DEBUG org.asynchttpclient.netty.request.NettyRequestSender - Using pooled Channel '[id: 0xe3cdca2b, L:/127.0.0.1:50100 - R:localhost/127.0.0.1:61189]' for 'POST' to 'http://localhost:61189/session/b540a72eea78ba1b3227b841abb7f9a2/element/92880e30-7c89-46e8-be55-cfa999081997/clear'
00:48:11.901 [Forwarding clearElement on session b540a72eea78ba1b3227b841abb7f9a2 to remote] DEBUG org.asynchttpclient.netty.request.NettyRequestSender - Using open Channel [id: 0xe3cdca2b, L:/127.0.0.1:50100 - R:localhost/127.0.0.1:61189] for POST '/session/b540a72eea78ba1b3227b841abb7f9a2/element/92880e30-7c89-46e8-be55-cfa999081997/clear'
00:48:11.944 [AsyncHttpClient-1-5] DEBUG org.asynchttpclient.netty.handler.HttpHandler - 

Request DefaultHttpRequest(decodeResult: success, version: HTTP/1.1)
POST /session/b540a72eea78ba1b3227b841abb7f9a2/element/92880e30-7c89-46e8-be55-cfa999081997/clear HTTP/1.1
User-Agent: selenium/4.1.2 (java windows)
Content-Length: 50
Content-Type: application/json; charset=utf-8
host: localhost:61189
accept: */*

Response DefaultHttpResponse(decodeResult: success, version: HTTP/1.1)
HTTP/1.1 200 OK
Content-Type: application/json; charset=utf-8
cache-control: no-cache
content-length: 14

00:48:11.945 [AsyncHttpClient-1-5] DEBUG org.asynchttpclient.netty.channel.ChannelManager - Adding key: http://localhost:61189 for channel [id: 0xe3cdca2b, L:/127.0.0.1:50100 - R:localhost/127.0.0.1:61189]
00:48:11.946 [Forwarding sendKeysToElement on session b540a72eea78ba1b3227b841abb7f9a2 to remote] DEBUG org.asynchttpclient.netty.request.NettyRequestSender - Using pooled Channel '[id: 0xe3cdca2b, L:/127.0.0.1:50100 - R:localhost/127.0.0.1:61189]' for 'POST' to 'http://localhost:61189/session/b540a72eea78ba1b3227b841abb7f9a2/element/92880e30-7c89-46e8-be55-cfa999081997/value'
00:48:11.946 [Forwarding sendKeysToElement on session b540a72eea78ba1b3227b841abb7f9a2 to remote] DEBUG org.asynchttpclient.netty.request.NettyRequestSender - Using open Channel [id: 0xe3cdca2b, L:/127.0.0.1:50100 - R:localhost/127.0.0.1:61189] for POST '/session/b540a72eea78ba1b3227b841abb7f9a2/element/92880e30-7c89-46e8-be55-cfa999081997/value'
00:48:12.064 [AsyncHttpClient-1-5] DEBUG org.asynchttpclient.netty.handler.HttpHandler - 

Request DefaultHttpRequest(decodeResult: success, version: HTTP/1.1)
POST /session/b540a72eea78ba1b3227b841abb7f9a2/element/92880e30-7c89-46e8-be55-cfa999081997/value HTTP/1.1
User-Agent: selenium/4.1.2 (java windows)
Content-Length: 291
Content-Type: application/json; charset=utf-8
host: localhost:61189
accept: */*

Response DefaultHttpResponse(decodeResult: success, version: HTTP/1.1)
HTTP/1.1 200 OK
Content-Type: application/json; charset=utf-8
cache-control: no-cache
content-length: 14

00:48:12.064 [AsyncHttpClient-1-5] DEBUG org.asynchttpclient.netty.channel.ChannelManager - Adding key: http://localhost:61189 for channel [id: 0xe3cdca2b, L:/127.0.0.1:50100 - R:localhost/127.0.0.1:61189]
00:48:12.069 [Forwarding screenshot on session b540a72eea78ba1b3227b841abb7f9a2 to remote] DEBUG org.asynchttpclient.netty.request.NettyRequestSender - Using pooled Channel '[id: 0xe3cdca2b, L:/127.0.0.1:50100 - R:localhost/127.0.0.1:61189]' for 'GET' to 'http://localhost:61189/session/b540a72eea78ba1b3227b841abb7f9a2/screenshot'
00:48:12.069 [Forwarding screenshot on session b540a72eea78ba1b3227b841abb7f9a2 to remote] DEBUG org.asynchttpclient.netty.request.NettyRequestSender - Using open Channel [id: 0xe3cdca2b, L:/127.0.0.1:50100 - R:localhost/127.0.0.1:61189] for GET '/session/b540a72eea78ba1b3227b841abb7f9a2/screenshot'
00:48:12.367 [AsyncHttpClient-1-5] DEBUG org.asynchttpclient.netty.handler.HttpHandler - 

Request DefaultFullHttpRequest(decodeResult: success, version: HTTP/1.1, content: EmptyByteBufBE)
GET /session/b540a72eea78ba1b3227b841abb7f9a2/screenshot HTTP/1.1
User-Agent: selenium/4.1.2 (java windows)
Cache-Control: no-cache
Content-Type: application/json; charset=utf-8
host: localhost:61189
accept: */*

Response DefaultHttpResponse(decodeResult: success, version: HTTP/1.1)
HTTP/1.1 200 OK
Content-Type: application/json; charset=utf-8
cache-control: no-cache
content-length: 569460

00:48:12.368 [AsyncHttpClient-1-5] DEBUG org.asynchttpclient.netty.channel.ChannelManager - Adding key: http://localhost:61189 for channel [id: 0xe3cdca2b, L:/127.0.0.1:50100 - R:localhost/127.0.0.1:61189]
00:48:12.377 [main] DEBUG net.serenitybdd.core.photography.Darkroom - Send negative for processing for target\site\serenity\7121c7966e51ed0bee580053fa8354e56400a63fd65cbfa41529dc1e051e1e6a.png
00:48:12.377 [main] DEBUG net.thucydides.core.steps.StepInterceptor - STEP DONE: inputPassword
  &amp#27;[32mAnd &amp#27;[0m&amp#27;[32madmin input valid password&amp#27;[0m              &amp#27;[90m# starter.definitions.LoginSteps.adminInputValidPassword()&amp#27;[0m
00:48:12.387 [AsyncHttpClient-1-1] DEBUG org.asynchttpclient.netty.channel.DefaultChannelPool - Entry count for : http://localhost:50101 : 1
00:48:12.387 [AsyncHttpClient-1-1] DEBUG org.asynchttpclient.netty.channel.DefaultChannelPool - Entry count for : http://localhost:61189 : 1
00:48:12.390 [main] DEBUG net.thucydides.core.steps.StepInterceptor - STARTING STEP: LoginSteps.clickLoginButton - clickloginButton
00:48:12.392 [Forwarding findElement on session b540a72eea78ba1b3227b841abb7f9a2 to remote] DEBUG org.asynchttpclient.netty.request.NettyRequestSender - Using pooled Channel '[id: 0xe3cdca2b, L:/127.0.0.1:50100 - R:localhost/127.0.0.1:61189]' for 'POST' to 'http://localhost:61189/session/b540a72eea78ba1b3227b841abb7f9a2/element'
00:48:12.392 [Forwarding findElement on session b540a72eea78ba1b3227b841abb7f9a2 to remote] DEBUG org.asynchttpclient.netty.request.NettyRequestSender - Using open Channel [id: 0xe3cdca2b, L:/127.0.0.1:50100 - R:localhost/127.0.0.1:61189] for POST '/session/b540a72eea78ba1b3227b841abb7f9a2/element'
00:48:12.404 [AsyncHttpClient-1-5] DEBUG org.asynchttpclient.netty.handler.HttpHandler - 

Request DefaultHttpRequest(decodeResult: success, version: HTTP/1.1)
POST /session/b540a72eea78ba1b3227b841abb7f9a2/element HTTP/1.1
User-Agent: selenium/4.1.2 (java windows)
Content-Length: 71
Content-Type: application/json; charset=utf-8
host: localhost:61189
accept: */*

Response DefaultHttpResponse(decodeResult: success, version: HTTP/1.1)
HTTP/1.1 200 OK
Content-Type: application/json; charset=utf-8
cache-control: no-cache
content-length: 88

00:48:12.404 [AsyncHttpClient-1-5] DEBUG org.asynchttpclient.netty.channel.ChannelManager - Adding key: http://localhost:61189 for channel [id: 0xe3cdca2b, L:/127.0.0.1:50100 - R:localhost/127.0.0.1:61189]
00:48:12.406 [Forwarding getElementTagName on session b540a72eea78ba1b3227b841abb7f9a2 to remote] DEBUG org.asynchttpclient.netty.request.NettyRequestSender - Using pooled Channel '[id: 0xe3cdca2b, L:/127.0.0.1:50100 - R:localhost/127.0.0.1:61189]' for 'GET' to 'http://localhost:61189/session/b540a72eea78ba1b3227b841abb7f9a2/element/cbc75279-a30b-4125-9b8a-ff30dbaf53d5/name'
00:48:12.406 [Forwarding getElementTagName on session b540a72eea78ba1b3227b841abb7f9a2 to remote] DEBUG org.asynchttpclient.netty.request.NettyRequestSender - Using open Channel [id: 0xe3cdca2b, L:/127.0.0.1:50100 - R:localhost/127.0.0.1:61189] for GET '/session/b540a72eea78ba1b3227b841abb7f9a2/element/cbc75279-a30b-4125-9b8a-ff30dbaf53d5/name'
00:48:12.419 [AsyncHttpClient-1-5] DEBUG org.asynchttpclient.netty.handler.HttpHandler - 

Request DefaultFullHttpRequest(decodeResult: success, version: HTTP/1.1, content: EmptyByteBufBE)
GET /session/b540a72eea78ba1b3227b841abb7f9a2/element/cbc75279-a30b-4125-9b8a-ff30dbaf53d5/name HTTP/1.1
User-Agent: selenium/4.1.2 (java windows)
Cache-Control: no-cache
Content-Type: application/json; charset=utf-8
host: localhost:61189
accept: */*

Response DefaultHttpResponse(decodeResult: success, version: HTTP/1.1)
HTTP/1.1 200 OK
Content-Type: application/json; charset=utf-8
cache-control: no-cache
content-length: 18

00:48:12.419 [AsyncHttpClient-1-5] DEBUG org.asynchttpclient.netty.channel.ChannelManager - Adding key: http://localhost:61189 for channel [id: 0xe3cdca2b, L:/127.0.0.1:50100 - R:localhost/127.0.0.1:61189]
00:48:12.420 [Forwarding getElementTagName on session b540a72eea78ba1b3227b841abb7f9a2 to remote] DEBUG org.asynchttpclient.netty.request.NettyRequestSender - Using pooled Channel '[id: 0xe3cdca2b, L:/127.0.0.1:50100 - R:localhost/127.0.0.1:61189]' for 'GET' to 'http://localhost:61189/session/b540a72eea78ba1b3227b841abb7f9a2/element/cbc75279-a30b-4125-9b8a-ff30dbaf53d5/name'
00:48:12.420 [Forwarding getElementTagName on session b540a72eea78ba1b3227b841abb7f9a2 to remote] DEBUG org.asynchttpclient.netty.request.NettyRequestSender - Using open Channel [id: 0xe3cdca2b, L:/127.0.0.1:50100 - R:localhost/127.0.0.1:61189] for GET '/session/b540a72eea78ba1b3227b841abb7f9a2/element/cbc75279-a30b-4125-9b8a-ff30dbaf53d5/name'
00:48:12.433 [AsyncHttpClient-1-5] DEBUG org.asynchttpclient.netty.handler.HttpHandler - 

Request DefaultFullHttpRequest(decodeResult: success, version: HTTP/1.1, content: EmptyByteBufBE)
GET /session/b540a72eea78ba1b3227b841abb7f9a2/element/cbc75279-a30b-4125-9b8a-ff30dbaf53d5/name HTTP/1.1
User-Agent: selenium/4.1.2 (java windows)
Cache-Control: no-cache
Content-Type: application/json; charset=utf-8
host: localhost:61189
accept: */*

Response DefaultHttpResponse(decodeResult: success, version: HTTP/1.1)
HTTP/1.1 200 OK
Content-Type: application/json; charset=utf-8
cache-control: no-cache
content-length: 18

00:48:12.433 [AsyncHttpClient-1-5] DEBUG org.asynchttpclient.netty.channel.ChannelManager - Adding key: http://localhost:61189 for channel [id: 0xe3cdca2b, L:/127.0.0.1:50100 - R:localhost/127.0.0.1:61189]
00:48:12.435 [Forwarding isElementEnabled on session b540a72eea78ba1b3227b841abb7f9a2 to remote] DEBUG org.asynchttpclient.netty.request.NettyRequestSender - Using pooled Channel '[id: 0xe3cdca2b, L:/127.0.0.1:50100 - R:localhost/127.0.0.1:61189]' for 'GET' to 'http://localhost:61189/session/b540a72eea78ba1b3227b841abb7f9a2/element/cbc75279-a30b-4125-9b8a-ff30dbaf53d5/enabled'
00:48:12.435 [Forwarding isElementEnabled on session b540a72eea78ba1b3227b841abb7f9a2 to remote] DEBUG org.asynchttpclient.netty.request.NettyRequestSender - Using open Channel [id: 0xe3cdca2b, L:/127.0.0.1:50100 - R:localhost/127.0.0.1:61189] for GET '/session/b540a72eea78ba1b3227b841abb7f9a2/element/cbc75279-a30b-4125-9b8a-ff30dbaf53d5/enabled'
00:48:12.449 [AsyncHttpClient-1-5] DEBUG org.asynchttpclient.netty.handler.HttpHandler - 

Request DefaultFullHttpRequest(decodeResult: success, version: HTTP/1.1, content: EmptyByteBufBE)
GET /session/b540a72eea78ba1b3227b841abb7f9a2/element/cbc75279-a30b-4125-9b8a-ff30dbaf53d5/enabled HTTP/1.1
User-Agent: selenium/4.1.2 (java windows)
Cache-Control: no-cache
Content-Type: application/json; charset=utf-8
host: localhost:61189
accept: */*

Response DefaultHttpResponse(decodeResult: success, version: HTTP/1.1)
HTTP/1.1 200 OK
Content-Type: application/json; charset=utf-8
cache-control: no-cache
content-length: 14

00:48:12.450 [AsyncHttpClient-1-5] DEBUG org.asynchttpclient.netty.channel.ChannelManager - Adding key: http://localhost:61189 for channel [id: 0xe3cdca2b, L:/127.0.0.1:50100 - R:localhost/127.0.0.1:61189]
00:48:12.451 [Forwarding isElementEnabled on session b540a72eea78ba1b3227b841abb7f9a2 to remote] DEBUG org.asynchttpclient.netty.request.NettyRequestSender - Using pooled Channel '[id: 0xe3cdca2b, L:/127.0.0.1:50100 - R:localhost/127.0.0.1:61189]' for 'GET' to 'http://localhost:61189/session/b540a72eea78ba1b3227b841abb7f9a2/element/cbc75279-a30b-4125-9b8a-ff30dbaf53d5/enabled'
00:48:12.451 [Forwarding isElementEnabled on session b540a72eea78ba1b3227b841abb7f9a2 to remote] DEBUG org.asynchttpclient.netty.request.NettyRequestSender - Using open Channel [id: 0xe3cdca2b, L:/127.0.0.1:50100 - R:localhost/127.0.0.1:61189] for GET '/session/b540a72eea78ba1b3227b841abb7f9a2/element/cbc75279-a30b-4125-9b8a-ff30dbaf53d5/enabled'
00:48:12.455 [AsyncHttpClient-1-5] DEBUG org.asynchttpclient.netty.handler.HttpHandler - 

Request DefaultFullHttpRequest(decodeResult: success, version: HTTP/1.1, content: EmptyByteBufBE)
GET /session/b540a72eea78ba1b3227b841abb7f9a2/element/cbc75279-a30b-4125-9b8a-ff30dbaf53d5/enabled HTTP/1.1
User-Agent: selenium/4.1.2 (java windows)
Cache-Control: no-cache
Content-Type: application/json; charset=utf-8
host: localhost:61189
accept: */*

Response DefaultHttpResponse(decodeResult: success, version: HTTP/1.1)
HTTP/1.1 200 OK
Content-Type: application/json; charset=utf-8
cache-control: no-cache
content-length: 14

00:48:12.456 [AsyncHttpClient-1-5] DEBUG org.asynchttpclient.netty.channel.ChannelManager - Adding key: http://localhost:61189 for channel [id: 0xe3cdca2b, L:/127.0.0.1:50100 - R:localhost/127.0.0.1:61189]
00:48:12.457 [Forwarding findElement on session b540a72eea78ba1b3227b841abb7f9a2 to remote] DEBUG org.asynchttpclient.netty.request.NettyRequestSender - Using pooled Channel '[id: 0xe3cdca2b, L:/127.0.0.1:50100 - R:localhost/127.0.0.1:61189]' for 'POST' to 'http://localhost:61189/session/b540a72eea78ba1b3227b841abb7f9a2/element'
00:48:12.458 [Forwarding findElement on session b540a72eea78ba1b3227b841abb7f9a2 to remote] DEBUG org.asynchttpclient.netty.request.NettyRequestSender - Using open Channel [id: 0xe3cdca2b, L:/127.0.0.1:50100 - R:localhost/127.0.0.1:61189] for POST '/session/b540a72eea78ba1b3227b841abb7f9a2/element'
00:48:12.464 [AsyncHttpClient-1-5] DEBUG org.asynchttpclient.netty.handler.HttpHandler - 

Request DefaultHttpRequest(decodeResult: success, version: HTTP/1.1)
POST /session/b540a72eea78ba1b3227b841abb7f9a2/element HTTP/1.1
User-Agent: selenium/4.1.2 (java windows)
Content-Length: 71
Content-Type: application/json; charset=utf-8
host: localhost:61189
accept: */*

Response DefaultHttpResponse(decodeResult: success, version: HTTP/1.1)
HTTP/1.1 200 OK
Content-Type: application/json; charset=utf-8
cache-control: no-cache
content-length: 88

00:48:12.464 [AsyncHttpClient-1-5] DEBUG org.asynchttpclient.netty.channel.ChannelManager - Adding key: http://localhost:61189 for channel [id: 0xe3cdca2b, L:/127.0.0.1:50100 - R:localhost/127.0.0.1:61189]
00:48:12.465 [Forwarding clickElement on session b540a72eea78ba1b3227b841abb7f9a2 to remote] DEBUG org.asynchttpclient.netty.request.NettyRequestSender - Using pooled Channel '[id: 0xe3cdca2b, L:/127.0.0.1:50100 - R:localhost/127.0.0.1:61189]' for 'POST' to 'http://localhost:61189/session/b540a72eea78ba1b3227b841abb7f9a2/element/cbc75279-a30b-4125-9b8a-ff30dbaf53d5/click'
00:48:12.465 [Forwarding clickElement on session b540a72eea78ba1b3227b841abb7f9a2 to remote] DEBUG org.asynchttpclient.netty.request.NettyRequestSender - Using open Channel [id: 0xe3cdca2b, L:/127.0.0.1:50100 - R:localhost/127.0.0.1:61189] for POST '/session/b540a72eea78ba1b3227b841abb7f9a2/element/cbc75279-a30b-4125-9b8a-ff30dbaf53d5/click'
00:48:12.507 [AsyncHttpClient-1-5] DEBUG org.asynchttpclient.netty.handler.HttpHandler - 

Request DefaultHttpRequest(decodeResult: success, version: HTTP/1.1)
POST /session/b540a72eea78ba1b3227b841abb7f9a2/element/cbc75279-a30b-4125-9b8a-ff30dbaf53d5/click HTTP/1.1
User-Agent: selenium/4.1.2 (java windows)
Content-Length: 50
Content-Type: application/json; charset=utf-8
host: localhost:61189
accept: */*

Response DefaultHttpResponse(decodeResult: success, version: HTTP/1.1)
HTTP/1.1 200 OK
Content-Type: application/json; charset=utf-8
cache-control: no-cache
content-length: 14

00:48:12.507 [AsyncHttpClient-1-5] DEBUG org.asynchttpclient.netty.channel.ChannelManager - Adding key: http://localhost:61189 for channel [id: 0xe3cdca2b, L:/127.0.0.1:50100 - R:localhost/127.0.0.1:61189]
00:48:12.512 [Forwarding screenshot on session b540a72eea78ba1b3227b841abb7f9a2 to remote] DEBUG org.asynchttpclient.netty.request.NettyRequestSender - Using pooled Channel '[id: 0xe3cdca2b, L:/127.0.0.1:50100 - R:localhost/127.0.0.1:61189]' for 'GET' to 'http://localhost:61189/session/b540a72eea78ba1b3227b841abb7f9a2/screenshot'
00:48:12.512 [Forwarding screenshot on session b540a72eea78ba1b3227b841abb7f9a2 to remote] DEBUG org.asynchttpclient.netty.request.NettyRequestSender - Using open Channel [id: 0xe3cdca2b, L:/127.0.0.1:50100 - R:localhost/127.0.0.1:61189] for GET '/session/b540a72eea78ba1b3227b841abb7f9a2/screenshot'
00:48:12.795 [AsyncHttpClient-1-5] DEBUG org.asynchttpclient.netty.handler.HttpHandler - 

Request DefaultFullHttpRequest(decodeResult: success, version: HTTP/1.1, content: EmptyByteBufBE)
GET /session/b540a72eea78ba1b3227b841abb7f9a2/screenshot HTTP/1.1
User-Agent: selenium/4.1.2 (java windows)
Cache-Control: no-cache
Content-Type: application/json; charset=utf-8
host: localhost:61189
accept: */*

Response DefaultHttpResponse(decodeResult: success, version: HTTP/1.1)
HTTP/1.1 200 OK
Content-Type: application/json; charset=utf-8
cache-control: no-cache
content-length: 575004

00:48:12.796 [AsyncHttpClient-1-5] DEBUG org.asynchttpclient.netty.channel.ChannelManager - Adding key: http://localhost:61189 for channel [id: 0xe3cdca2b, L:/127.0.0.1:50100 - R:localhost/127.0.0.1:61189]
00:48:12.806 [main] DEBUG net.serenitybdd.core.photography.Darkroom - Send negative for processing for target\site\serenity\bdfb3257a55b5f729af578dfc1dc3a5762c89839bea5dc19984e34dd6640fee1.png
00:48:12.806 [main] DEBUG net.thucydides.core.steps.StepInterceptor - STEP DONE: clickloginButton
  &amp#27;[32mAnd &amp#27;[0m&amp#27;[32mclick login button&amp#27;[0m                      &amp#27;[90m# starter.definitions.LoginSteps.clickLoginButton()&amp#27;[0m
00:48:12.818 [main] DEBUG net.thucydides.core.steps.StepInterceptor - STARTING STEP: LoginSteps.clickSucsessLogin - sucseslogin
00:48:12.820 [Forwarding findElement on session b540a72eea78ba1b3227b841abb7f9a2 to remote] DEBUG org.asynchttpclient.netty.request.NettyRequestSender - Using pooled Channel '[id: 0xe3cdca2b, L:/127.0.0.1:50100 - R:localhost/127.0.0.1:61189]' for 'POST' to 'http://localhost:61189/session/b540a72eea78ba1b3227b841abb7f9a2/element'
00:48:12.821 [Forwarding findElement on session b540a72eea78ba1b3227b841abb7f9a2 to remote] DEBUG org.asynchttpclient.netty.request.NettyRequestSender - Using open Channel [id: 0xe3cdca2b, L:/127.0.0.1:50100 - R:localhost/127.0.0.1:61189] for POST '/session/b540a72eea78ba1b3227b841abb7f9a2/element'
00:48:13.153 [AsyncHttpClient-1-5] DEBUG org.asynchttpclient.netty.handler.HttpHandler - 

Request DefaultHttpRequest(decodeResult: success, version: HTTP/1.1)
POST /session/b540a72eea78ba1b3227b841abb7f9a2/element HTTP/1.1
User-Agent: selenium/4.1.2 (java windows)
Content-Length: 79
Content-Type: application/json; charset=utf-8
host: localhost:61189
accept: */*

Response DefaultHttpResponse(decodeResult: success, version: HTTP/1.1)
HTTP/1.1 200 OK
Content-Type: application/json; charset=utf-8
cache-control: no-cache
content-length: 88

00:48:13.153 [AsyncHttpClient-1-5] DEBUG org.asynchttpclient.netty.channel.ChannelManager - Adding key: http://localhost:61189 for channel [id: 0xe3cdca2b, L:/127.0.0.1:50100 - R:localhost/127.0.0.1:61189]
00:48:13.155 [Forwarding getElementTagName on session b540a72eea78ba1b3227b841abb7f9a2 to remote] DEBUG org.asynchttpclient.netty.request.NettyRequestSender - Using pooled Channel '[id: 0xe3cdca2b, L:/127.0.0.1:50100 - R:localhost/127.0.0.1:61189]' for 'GET' to 'http://localhost:61189/session/b540a72eea78ba1b3227b841abb7f9a2/element/fe5475be-c507-431a-bf9e-a1388e449e18/name'
00:48:13.155 [Forwarding getElementTagName on session b540a72eea78ba1b3227b841abb7f9a2 to remote] DEBUG org.asynchttpclient.netty.request.NettyRequestSender - Using open Channel [id: 0xe3cdca2b, L:/127.0.0.1:50100 - R:localhost/127.0.0.1:61189] for GET '/session/b540a72eea78ba1b3227b841abb7f9a2/element/fe5475be-c507-431a-bf9e-a1388e449e18/name'
00:48:13.201 [AsyncHttpClient-1-5] DEBUG org.asynchttpclient.netty.handler.HttpHandler - 

Request DefaultFullHttpRequest(decodeResult: success, version: HTTP/1.1, content: EmptyByteBufBE)
GET /session/b540a72eea78ba1b3227b841abb7f9a2/element/fe5475be-c507-431a-bf9e-a1388e449e18/name HTTP/1.1
User-Agent: selenium/4.1.2 (java windows)
Cache-Control: no-cache
Content-Type: application/json; charset=utf-8
host: localhost:61189
accept: */*

Response DefaultHttpResponse(decodeResult: success, version: HTTP/1.1)
HTTP/1.1 200 OK
Content-Type: application/json; charset=utf-8
cache-control: no-cache
content-length: 18

00:48:13.202 [AsyncHttpClient-1-5] DEBUG org.asynchttpclient.netty.channel.ChannelManager - Adding key: http://localhost:61189 for channel [id: 0xe3cdca2b, L:/127.0.0.1:50100 - R:localhost/127.0.0.1:61189]
00:48:13.203 [Forwarding getElementTagName on session b540a72eea78ba1b3227b841abb7f9a2 to remote] DEBUG org.asynchttpclient.netty.request.NettyRequestSender - Using pooled Channel '[id: 0xe3cdca2b, L:/127.0.0.1:50100 - R:localhost/127.0.0.1:61189]' for 'GET' to 'http://localhost:61189/session/b540a72eea78ba1b3227b841abb7f9a2/element/fe5475be-c507-431a-bf9e-a1388e449e18/name'
00:48:13.203 [Forwarding getElementTagName on session b540a72eea78ba1b3227b841abb7f9a2 to remote] DEBUG org.asynchttpclient.netty.request.NettyRequestSender - Using open Channel [id: 0xe3cdca2b, L:/127.0.0.1:50100 - R:localhost/127.0.0.1:61189] for GET '/session/b540a72eea78ba1b3227b841abb7f9a2/element/fe5475be-c507-431a-bf9e-a1388e449e18/name'
00:48:13.227 [AsyncHttpClient-1-5] DEBUG org.asynchttpclient.netty.handler.HttpHandler - 

Request DefaultFullHttpRequest(decodeResult: success, version: HTTP/1.1, content: EmptyByteBufBE)
GET /session/b540a72eea78ba1b3227b841abb7f9a2/element/fe5475be-c507-431a-bf9e-a1388e449e18/name HTTP/1.1
User-Agent: selenium/4.1.2 (java windows)
Cache-Control: no-cache
Content-Type: application/json; charset=utf-8
host: localhost:61189
accept: */*

Response DefaultHttpResponse(decodeResult: success, version: HTTP/1.1)
HTTP/1.1 200 OK
Content-Type: application/json; charset=utf-8
cache-control: no-cache
content-length: 18

00:48:13.227 [AsyncHttpClient-1-5] DEBUG org.asynchttpclient.netty.channel.ChannelManager - Adding key: http://localhost:61189 for channel [id: 0xe3cdca2b, L:/127.0.0.1:50100 - R:localhost/127.0.0.1:61189]
00:48:13.229 [Forwarding isElementEnabled on session b540a72eea78ba1b3227b841abb7f9a2 to remote] DEBUG org.asynchttpclient.netty.request.NettyRequestSender - Using pooled Channel '[id: 0xe3cdca2b, L:/127.0.0.1:50100 - R:localhost/127.0.0.1:61189]' for 'GET' to 'http://localhost:61189/session/b540a72eea78ba1b3227b841abb7f9a2/element/fe5475be-c507-431a-bf9e-a1388e449e18/enabled'
00:48:13.229 [Forwarding isElementEnabled on session b540a72eea78ba1b3227b841abb7f9a2 to remote] DEBUG org.asynchttpclient.netty.request.NettyRequestSender - Using open Channel [id: 0xe3cdca2b, L:/127.0.0.1:50100 - R:localhost/127.0.0.1:61189] for GET '/session/b540a72eea78ba1b3227b841abb7f9a2/element/fe5475be-c507-431a-bf9e-a1388e449e18/enabled'
00:48:13.268 [AsyncHttpClient-1-5] DEBUG org.asynchttpclient.netty.handler.HttpHandler - 

Request DefaultFullHttpRequest(decodeResult: success, version: HTTP/1.1, content: EmptyByteBufBE)
GET /session/b540a72eea78ba1b3227b841abb7f9a2/element/fe5475be-c507-431a-bf9e-a1388e449e18/enabled HTTP/1.1
User-Agent: selenium/4.1.2 (java windows)
Cache-Control: no-cache
Content-Type: application/json; charset=utf-8
host: localhost:61189
accept: */*

Response DefaultHttpResponse(decodeResult: success, version: HTTP/1.1)
HTTP/1.1 200 OK
Content-Type: application/json; charset=utf-8
cache-control: no-cache
content-length: 14

00:48:13.268 [AsyncHttpClient-1-5] DEBUG org.asynchttpclient.netty.channel.ChannelManager - Adding key: http://localhost:61189 for channel [id: 0xe3cdca2b, L:/127.0.0.1:50100 - R:localhost/127.0.0.1:61189]
00:48:13.270 [Forwarding isElementEnabled on session b540a72eea78ba1b3227b841abb7f9a2 to remote] DEBUG org.asynchttpclient.netty.request.NettyRequestSender - Using pooled Channel '[id: 0xe3cdca2b, L:/127.0.0.1:50100 - R:localhost/127.0.0.1:61189]' for 'GET' to 'http://localhost:61189/session/b540a72eea78ba1b3227b841abb7f9a2/element/fe5475be-c507-431a-bf9e-a1388e449e18/enabled'
00:48:13.270 [Forwarding isElementEnabled on session b540a72eea78ba1b3227b841abb7f9a2 to remote] DEBUG org.asynchttpclient.netty.request.NettyRequestSender - Using open Channel [id: 0xe3cdca2b, L:/127.0.0.1:50100 - R:localhost/127.0.0.1:61189] for GET '/session/b540a72eea78ba1b3227b841abb7f9a2/element/fe5475be-c507-431a-bf9e-a1388e449e18/enabled'
00:48:13.295 [AsyncHttpClient-1-5] DEBUG org.asynchttpclient.netty.handler.HttpHandler - 

Request DefaultFullHttpRequest(decodeResult: success, version: HTTP/1.1, content: EmptyByteBufBE)
GET /session/b540a72eea78ba1b3227b841abb7f9a2/element/fe5475be-c507-431a-bf9e-a1388e449e18/enabled HTTP/1.1
User-Agent: selenium/4.1.2 (java windows)
Cache-Control: no-cache
Content-Type: application/json; charset=utf-8
host: localhost:61189
accept: */*

Response DefaultHttpResponse(decodeResult: success, version: HTTP/1.1)
HTTP/1.1 200 OK
Content-Type: application/json; charset=utf-8
cache-control: no-cache
content-length: 14

00:48:13.295 [AsyncHttpClient-1-5] DEBUG org.asynchttpclient.netty.channel.ChannelManager - Adding key: http://localhost:61189 for channel [id: 0xe3cdca2b, L:/127.0.0.1:50100 - R:localhost/127.0.0.1:61189]
00:48:13.296 [Forwarding findElement on session b540a72eea78ba1b3227b841abb7f9a2 to remote] DEBUG org.asynchttpclient.netty.request.NettyRequestSender - Using pooled Channel '[id: 0xe3cdca2b, L:/127.0.0.1:50100 - R:localhost/127.0.0.1:61189]' for 'POST' to 'http://localhost:61189/session/b540a72eea78ba1b3227b841abb7f9a2/element'
00:48:13.296 [Forwarding findElement on session b540a72eea78ba1b3227b841abb7f9a2 to remote] DEBUG org.asynchttpclient.netty.request.NettyRequestSender - Using open Channel [id: 0xe3cdca2b, L:/127.0.0.1:50100 - R:localhost/127.0.0.1:61189] for POST '/session/b540a72eea78ba1b3227b841abb7f9a2/element'
00:48:13.313 [AsyncHttpClient-1-5] DEBUG org.asynchttpclient.netty.handler.HttpHandler - 

Request DefaultHttpRequest(decodeResult: success, version: HTTP/1.1)
POST /session/b540a72eea78ba1b3227b841abb7f9a2/element HTTP/1.1
User-Agent: selenium/4.1.2 (java windows)
Content-Length: 79
Content-Type: application/json; charset=utf-8
host: localhost:61189
accept: */*

Response DefaultHttpResponse(decodeResult: success, version: HTTP/1.1)
HTTP/1.1 200 OK
Content-Type: application/json; charset=utf-8
cache-control: no-cache
content-length: 88

00:48:13.313 [AsyncHttpClient-1-5] DEBUG org.asynchttpclient.netty.channel.ChannelManager - Adding key: http://localhost:61189 for channel [id: 0xe3cdca2b, L:/127.0.0.1:50100 - R:localhost/127.0.0.1:61189]
00:48:13.314 [Forwarding clickElement on session b540a72eea78ba1b3227b841abb7f9a2 to remote] DEBUG org.asynchttpclient.netty.request.NettyRequestSender - Using pooled Channel '[id: 0xe3cdca2b, L:/127.0.0.1:50100 - R:localhost/127.0.0.1:61189]' for 'POST' to 'http://localhost:61189/session/b540a72eea78ba1b3227b841abb7f9a2/element/fe5475be-c507-431a-bf9e-a1388e449e18/click'
00:48:13.314 [Forwarding clickElement on session b540a72eea78ba1b3227b841abb7f9a2 to remote] DEBUG org.asynchttpclient.netty.request.NettyRequestSender - Using open Channel [id: 0xe3cdca2b, L:/127.0.0.1:50100 - R:localhost/127.0.0.1:61189] for POST '/session/b540a72eea78ba1b3227b841abb7f9a2/element/fe5475be-c507-431a-bf9e-a1388e449e18/click'
00:48:13.477 [AsyncHttpClient-1-5] DEBUG org.asynchttpclient.netty.handler.HttpHandler - 

Request DefaultHttpRequest(decodeResult: success, version: HTTP/1.1)
POST /session/b540a72eea78ba1b3227b841abb7f9a2/element/fe5475be-c507-431a-bf9e-a1388e449e18/click HTTP/1.1
User-Agent: selenium/4.1.2 (java windows)
Content-Length: 50
Content-Type: application/json; charset=utf-8
host: localhost:61189
accept: */*

Response DefaultHttpResponse(decodeResult: success, version: HTTP/1.1)
HTTP/1.1 200 OK
Content-Type: application/json; charset=utf-8
cache-control: no-cache
content-length: 14

00:48:13.477 [AsyncHttpClient-1-5] DEBUG org.asynchttpclient.netty.channel.ChannelManager - Adding key: http://localhost:61189 for channel [id: 0xe3cdca2b, L:/127.0.0.1:50100 - R:localhost/127.0.0.1:61189]
00:48:13.482 [Forwarding screenshot on session b540a72eea78ba1b3227b841abb7f9a2 to remote] DEBUG org.asynchttpclient.netty.request.NettyRequestSender - Using pooled Channel '[id: 0xe3cdca2b, L:/127.0.0.1:50100 - R:localhost/127.0.0.1:61189]' for 'GET' to 'http://localhost:61189/session/b540a72eea78ba1b3227b841abb7f9a2/screenshot'
00:48:13.482 [Forwarding screenshot on session b540a72eea78ba1b3227b841abb7f9a2 to remote] DEBUG org.asynchttpclient.netty.request.NettyRequestSender - Using open Channel [id: 0xe3cdca2b, L:/127.0.0.1:50100 - R:localhost/127.0.0.1:61189] for GET '/session/b540a72eea78ba1b3227b841abb7f9a2/screenshot'
00:48:13.496 [AsyncHttpClient-1-1] DEBUG org.asynchttpclient.netty.channel.DefaultChannelPool - Entry count for : http://localhost:50101 : 1
00:48:13.737 [AsyncHttpClient-1-5] DEBUG org.asynchttpclient.netty.handler.HttpHandler - 

Request DefaultFullHttpRequest(decodeResult: success, version: HTTP/1.1, content: EmptyByteBufBE)
GET /session/b540a72eea78ba1b3227b841abb7f9a2/screenshot HTTP/1.1
User-Agent: selenium/4.1.2 (java windows)
Cache-Control: no-cache
Content-Type: application/json; charset=utf-8
host: localhost:61189
accept: */*

Response DefaultHttpResponse(decodeResult: success, version: HTTP/1.1)
HTTP/1.1 200 OK
Content-Type: application/json; charset=utf-8
cache-control: no-cache
content-length: 115972

00:48:13.737 [AsyncHttpClient-1-5] DEBUG org.asynchttpclient.netty.channel.ChannelManager - Adding key: http://localhost:61189 for channel [id: 0xe3cdca2b, L:/127.0.0.1:50100 - R:localhost/127.0.0.1:61189]
00:48:13.740 [main] DEBUG net.serenitybdd.core.photography.Darkroom - Send negative for processing for target\site\serenity\d4842c31ae5270cb30cb5931474b1640a1a7f56402de24d3da3165bd146f6be1.png
00:48:13.740 [main] DEBUG net.thucydides.core.steps.StepInterceptor - STEP DONE: sucseslogin
  &amp#27;[32mAnd &amp#27;[0m&amp#27;[32mclick sucsess login&amp#27;[0m                     &amp#27;[90m# starter.definitions.LoginSteps.clickSucsessLogin()&amp#27;[0m
00:48:13.741 [Darkroom Processing Line] DEBUG net.serenitybdd.core.photography.DarkroomProcessingLine - Processing screenshot image in /var/screenshots/screenshot-1778711300157959179
00:48:13.741 [Darkroom Processing Line] DEBUG net.serenitybdd.core.photography.DarkroomProcessingLine - Saving screenshot to target\site\serenity\d4842c31ae5270cb30cb5931474b1640a1a7f56402de24d3da3165bd146f6be1.png
00:48:13.757 [main] DEBUG net.thucydides.core.steps.StepInterceptor - STARTING STEP: MembershipSteps.adminClickAddNewMembership - validateclickmembership
00:48:13.759 [Forwarding findElement on session b540a72eea78ba1b3227b841abb7f9a2 to remote] DEBUG org.asynchttpclient.netty.request.NettyRequestSender - Using pooled Channel '[id: 0xe3cdca2b, L:/127.0.0.1:50100 - R:localhost/127.0.0.1:61189]' for 'POST' to 'http://localhost:61189/session/b540a72eea78ba1b3227b841abb7f9a2/element'
00:48:13.759 [Forwarding findElement on session b540a72eea78ba1b3227b841abb7f9a2 to remote] DEBUG org.asynchttpclient.netty.request.NettyRequestSender - Using open Channel [id: 0xe3cdca2b, L:/127.0.0.1:50100 - R:localhost/127.0.0.1:61189] for POST '/session/b540a72eea78ba1b3227b841abb7f9a2/element'
00:48:14.586 [AsyncHttpClient-1-1] DEBUG org.asynchttpclient.netty.channel.DefaultChannelPool - Entry count for : http://localhost:50101 : 1
00:48:15.515 [AsyncHttpClient-1-5] DEBUG org.asynchttpclient.netty.handler.HttpHandler - 

Request DefaultHttpRequest(decodeResult: success, version: HTTP/1.1)
POST /session/b540a72eea78ba1b3227b841abb7f9a2/element HTTP/1.1
User-Agent: selenium/4.1.2 (java windows)
Content-Length: 112
Content-Type: application/json; charset=utf-8
host: localhost:61189
accept: */*

Response DefaultHttpResponse(decodeResult: success, version: HTTP/1.1)
HTTP/1.1 200 OK
Content-Type: application/json; charset=utf-8
cache-control: no-cache
content-length: 88

00:48:15.515 [AsyncHttpClient-1-5] DEBUG org.asynchttpclient.netty.channel.ChannelManager - Adding key: http://localhost:61189 for channel [id: 0xe3cdca2b, L:/127.0.0.1:50100 - R:localhost/127.0.0.1:61189]
00:48:15.516 [Forwarding getElementTagName on session b540a72eea78ba1b3227b841abb7f9a2 to remote] DEBUG org.asynchttpclient.netty.request.NettyRequestSender - Using pooled Channel '[id: 0xe3cdca2b, L:/127.0.0.1:50100 - R:localhost/127.0.0.1:61189]' for 'GET' to 'http://localhost:61189/session/b540a72eea78ba1b3227b841abb7f9a2/element/70ecd06f-b9bd-45d2-8463-9577a245430b/name'
00:48:15.516 [Forwarding getElementTagName on session b540a72eea78ba1b3227b841abb7f9a2 to remote] DEBUG org.asynchttpclient.netty.request.NettyRequestSender - Using open Channel [id: 0xe3cdca2b, L:/127.0.0.1:50100 - R:localhost/127.0.0.1:61189] for GET '/session/b540a72eea78ba1b3227b841abb7f9a2/element/70ecd06f-b9bd-45d2-8463-9577a245430b/name'
00:48:15.536 [AsyncHttpClient-1-5] DEBUG org.asynchttpclient.netty.handler.HttpHandler - 

Request DefaultFullHttpRequest(decodeResult: success, version: HTTP/1.1, content: EmptyByteBufBE)
GET /session/b540a72eea78ba1b3227b841abb7f9a2/element/70ecd06f-b9bd-45d2-8463-9577a245430b/name HTTP/1.1
User-Agent: selenium/4.1.2 (java windows)
Cache-Control: no-cache
Content-Type: application/json; charset=utf-8
host: localhost:61189
accept: */*

Response DefaultHttpResponse(decodeResult: success, version: HTTP/1.1)
HTTP/1.1 200 OK
Content-Type: application/json; charset=utf-8
cache-control: no-cache
content-length: 15

00:48:15.536 [AsyncHttpClient-1-5] DEBUG org.asynchttpclient.netty.channel.ChannelManager - Adding key: http://localhost:61189 for channel [id: 0xe3cdca2b, L:/127.0.0.1:50100 - R:localhost/127.0.0.1:61189]
00:48:15.537 [Forwarding getElementTagName on session b540a72eea78ba1b3227b841abb7f9a2 to remote] DEBUG org.asynchttpclient.netty.request.NettyRequestSender - Using pooled Channel '[id: 0xe3cdca2b, L:/127.0.0.1:50100 - R:localhost/127.0.0.1:61189]' for 'GET' to 'http://localhost:61189/session/b540a72eea78ba1b3227b841abb7f9a2/element/70ecd06f-b9bd-45d2-8463-9577a245430b/name'
00:48:15.537 [Forwarding getElementTagName on session b540a72eea78ba1b3227b841abb7f9a2 to remote] DEBUG org.asynchttpclient.netty.request.NettyRequestSender - Using open Channel [id: 0xe3cdca2b, L:/127.0.0.1:50100 - R:localhost/127.0.0.1:61189] for GET '/session/b540a72eea78ba1b3227b841abb7f9a2/element/70ecd06f-b9bd-45d2-8463-9577a245430b/name'
00:48:15.553 [AsyncHttpClient-1-5] DEBUG org.asynchttpclient.netty.handler.HttpHandler - 

Request DefaultFullHttpRequest(decodeResult: success, version: HTTP/1.1, content: EmptyByteBufBE)
GET /session/b540a72eea78ba1b3227b841abb7f9a2/element/70ecd06f-b9bd-45d2-8463-9577a245430b/name HTTP/1.1
User-Agent: selenium/4.1.2 (java windows)
Cache-Control: no-cache
Content-Type: application/json; charset=utf-8
host: localhost:61189
accept: */*

Response DefaultHttpResponse(decodeResult: success, version: HTTP/1.1)
HTTP/1.1 200 OK
Content-Type: application/json; charset=utf-8
cache-control: no-cache
content-length: 15

00:48:15.553 [AsyncHttpClient-1-5] DEBUG org.asynchttpclient.netty.channel.ChannelManager - Adding key: http://localhost:61189 for channel [id: 0xe3cdca2b, L:/127.0.0.1:50100 - R:localhost/127.0.0.1:61189]
00:48:15.555 [Forwarding findElement on session b540a72eea78ba1b3227b841abb7f9a2 to remote] DEBUG org.asynchttpclient.netty.request.NettyRequestSender - Using pooled Channel '[id: 0xe3cdca2b, L:/127.0.0.1:50100 - R:localhost/127.0.0.1:61189]' for 'POST' to 'http://localhost:61189/session/b540a72eea78ba1b3227b841abb7f9a2/element'
00:48:15.555 [Forwarding findElement on session b540a72eea78ba1b3227b841abb7f9a2 to remote] DEBUG org.asynchttpclient.netty.request.NettyRequestSender - Using open Channel [id: 0xe3cdca2b, L:/127.0.0.1:50100 - R:localhost/127.0.0.1:61189] for POST '/session/b540a72eea78ba1b3227b841abb7f9a2/element'
00:48:15.575 [AsyncHttpClient-1-5] DEBUG org.asynchttpclient.netty.handler.HttpHandler - 

Request DefaultHttpRequest(decodeResult: success, version: HTTP/1.1)
POST /session/b540a72eea78ba1b3227b841abb7f9a2/element HTTP/1.1
User-Agent: selenium/4.1.2 (java windows)
Content-Length: 112
Content-Type: application/json; charset=utf-8
host: localhost:61189
accept: */*

Response DefaultHttpResponse(decodeResult: success, version: HTTP/1.1)
HTTP/1.1 200 OK
Content-Type: application/json; charset=utf-8
cache-control: no-cache
content-length: 88

00:48:15.575 [AsyncHttpClient-1-5] DEBUG org.asynchttpclient.netty.channel.ChannelManager - Adding key: http://localhost:61189 for channel [id: 0xe3cdca2b, L:/127.0.0.1:50100 - R:localhost/127.0.0.1:61189]
00:48:15.576 [Forwarding clickElement on session b540a72eea78ba1b3227b841abb7f9a2 to remote] DEBUG org.asynchttpclient.netty.request.NettyRequestSender - Using pooled Channel '[id: 0xe3cdca2b, L:/127.0.0.1:50100 - R:localhost/127.0.0.1:61189]' for 'POST' to 'http://localhost:61189/session/b540a72eea78ba1b3227b841abb7f9a2/element/70ecd06f-b9bd-45d2-8463-9577a245430b/click'
00:48:15.576 [Forwarding clickElement on session b540a72eea78ba1b3227b841abb7f9a2 to remote] DEBUG org.asynchttpclient.netty.request.NettyRequestSender - Using open Channel [id: 0xe3cdca2b, L:/127.0.0.1:50100 - R:localhost/127.0.0.1:61189] for POST '/session/b540a72eea78ba1b3227b841abb7f9a2/element/70ecd06f-b9bd-45d2-8463-9577a245430b/click'
00:48:15.690 [AsyncHttpClient-1-5] DEBUG org.asynchttpclient.netty.handler.HttpHandler - 

Request DefaultHttpRequest(decodeResult: success, version: HTTP/1.1)
POST /session/b540a72eea78ba1b3227b841abb7f9a2/element/70ecd06f-b9bd-45d2-8463-9577a245430b/click HTTP/1.1
User-Agent: selenium/4.1.2 (java windows)
Content-Length: 50
Content-Type: application/json; charset=utf-8
host: localhost:61189
accept: */*

Response DefaultHttpResponse(decodeResult: success, version: HTTP/1.1)
HTTP/1.1 200 OK
Content-Type: application/json; charset=utf-8
cache-control: no-cache
content-length: 14

00:48:15.691 [AsyncHttpClient-1-5] DEBUG org.asynchttpclient.netty.channel.ChannelManager - Adding key: http://localhost:61189 for channel [id: 0xe3cdca2b, L:/127.0.0.1:50100 - R:localhost/127.0.0.1:61189]
00:48:15.695 [Forwarding screenshot on session b540a72eea78ba1b3227b841abb7f9a2 to remote] DEBUG org.asynchttpclient.netty.request.NettyRequestSender - Using pooled Channel '[id: 0xe3cdca2b, L:/127.0.0.1:50100 - R:localhost/127.0.0.1:61189]' for 'GET' to 'http://localhost:61189/session/b540a72eea78ba1b3227b841abb7f9a2/screenshot'
00:48:15.695 [Forwarding screenshot on session b540a72eea78ba1b3227b841abb7f9a2 to remote] DEBUG org.asynchttpclient.netty.request.NettyRequestSender - Using open Channel [id: 0xe3cdca2b, L:/127.0.0.1:50100 - R:localhost/127.0.0.1:61189] for GET '/session/b540a72eea78ba1b3227b841abb7f9a2/screenshot'
00:48:15.696 [AsyncHttpClient-1-1] DEBUG org.asynchttpclient.netty.channel.DefaultChannelPool - Entry count for : http://localhost:50101 : 1
00:48:15.860 [AsyncHttpClient-1-5] DEBUG org.asynchttpclient.netty.handler.HttpHandler - 

Request DefaultFullHttpRequest(decodeResult: success, version: HTTP/1.1, content: EmptyByteBufBE)
GET /session/b540a72eea78ba1b3227b841abb7f9a2/screenshot HTTP/1.1
User-Agent: selenium/4.1.2 (java windows)
Cache-Control: no-cache
Content-Type: application/json; charset=utf-8
host: localhost:61189
accept: */*

Response DefaultHttpResponse(decodeResult: success, version: HTTP/1.1)
HTTP/1.1 200 OK
Content-Type: application/json; charset=utf-8
cache-control: no-cache
content-length: 80732

00:48:15.860 [AsyncHttpClient-1-5] DEBUG org.asynchttpclient.netty.channel.ChannelManager - Adding key: http://localhost:61189 for channel [id: 0xe3cdca2b, L:/127.0.0.1:50100 - R:localhost/127.0.0.1:61189]
00:48:15.862 [main] DEBUG net.serenitybdd.core.photography.Darkroom - Send negative for processing for target\site\serenity\87c5fa6dda78f64726f7bee38941a5890f6af8acb66fb6059cfbc14a0b863ac6.png
00:48:15.863 [main] DEBUG net.thucydides.core.steps.StepInterceptor - STEP DONE: validateclickmembership
00:48:15.867 [main] DEBUG net.thucydides.core.steps.StepInterceptor - STARTING STEP: MembershipSteps.adminClickAddNewMembership - addmembership
00:48:15.869 [Forwarding findElement on session b540a72eea78ba1b3227b841abb7f9a2 to remote] DEBUG org.asynchttpclient.netty.request.NettyRequestSender - Using pooled Channel '[id: 0xe3cdca2b, L:/127.0.0.1:50100 - R:localhost/127.0.0.1:61189]' for 'POST' to 'http://localhost:61189/session/b540a72eea78ba1b3227b841abb7f9a2/element'
00:48:15.869 [Forwarding findElement on session b540a72eea78ba1b3227b841abb7f9a2 to remote] DEBUG org.asynchttpclient.netty.request.NettyRequestSender - Using open Channel [id: 0xe3cdca2b, L:/127.0.0.1:50100 - R:localhost/127.0.0.1:61189] for POST '/session/b540a72eea78ba1b3227b841abb7f9a2/element'
00:48:15.893 [AsyncHttpClient-1-5] DEBUG org.asynchttpclient.netty.handler.HttpHandler - 

Request DefaultHttpRequest(decodeResult: success, version: HTTP/1.1)
POST /session/b540a72eea78ba1b3227b841abb7f9a2/element HTTP/1.1
User-Agent: selenium/4.1.2 (java windows)
Content-Length: 71
Content-Type: application/json; charset=utf-8
host: localhost:61189
accept: */*

Response DefaultHttpResponse(decodeResult: success, version: HTTP/1.1)
HTTP/1.1 200 OK
Content-Type: application/json; charset=utf-8
cache-control: no-cache
content-length: 88

00:48:15.893 [AsyncHttpClient-1-5] DEBUG org.asynchttpclient.netty.channel.ChannelManager - Adding key: http://localhost:61189 for channel [id: 0xe3cdca2b, L:/127.0.0.1:50100 - R:localhost/127.0.0.1:61189]
00:48:15.894 [Forwarding getElementTagName on session b540a72eea78ba1b3227b841abb7f9a2 to remote] DEBUG org.asynchttpclient.netty.request.NettyRequestSender - Using pooled Channel '[id: 0xe3cdca2b, L:/127.0.0.1:50100 - R:localhost/127.0.0.1:61189]' for 'GET' to 'http://localhost:61189/session/b540a72eea78ba1b3227b841abb7f9a2/element/9f8e05cd-051e-429b-96c1-3be021538e7f/name'
00:48:15.894 [Forwarding getElementTagName on session b540a72eea78ba1b3227b841abb7f9a2 to remote] DEBUG org.asynchttpclient.netty.request.NettyRequestSender - Using open Channel [id: 0xe3cdca2b, L:/127.0.0.1:50100 - R:localhost/127.0.0.1:61189] for GET '/session/b540a72eea78ba1b3227b841abb7f9a2/element/9f8e05cd-051e-429b-96c1-3be021538e7f/name'
00:48:15.904 [AsyncHttpClient-1-5] DEBUG org.asynchttpclient.netty.handler.HttpHandler - 

Request DefaultFullHttpRequest(decodeResult: success, version: HTTP/1.1, content: EmptyByteBufBE)
GET /session/b540a72eea78ba1b3227b841abb7f9a2/element/9f8e05cd-051e-429b-96c1-3be021538e7f/name HTTP/1.1
User-Agent: selenium/4.1.2 (java windows)
Cache-Control: no-cache
Content-Type: application/json; charset=utf-8
host: localhost:61189
accept: */*

Response DefaultHttpResponse(decodeResult: success, version: HTTP/1.1)
HTTP/1.1 200 OK
Content-Type: application/json; charset=utf-8
cache-control: no-cache
content-length: 18

00:48:15.904 [AsyncHttpClient-1-5] DEBUG org.asynchttpclient.netty.channel.ChannelManager - Adding key: http://localhost:61189 for channel [id: 0xe3cdca2b, L:/127.0.0.1:50100 - R:localhost/127.0.0.1:61189]
00:48:15.905 [Forwarding getElementTagName on session b540a72eea78ba1b3227b841abb7f9a2 to remote] DEBUG org.asynchttpclient.netty.request.NettyRequestSender - Using pooled Channel '[id: 0xe3cdca2b, L:/127.0.0.1:50100 - R:localhost/127.0.0.1:61189]' for 'GET' to 'http://localhost:61189/session/b540a72eea78ba1b3227b841abb7f9a2/element/9f8e05cd-051e-429b-96c1-3be021538e7f/name'
00:48:15.906 [Forwarding getElementTagName on session b540a72eea78ba1b3227b841abb7f9a2 to remote] DEBUG org.asynchttpclient.netty.request.NettyRequestSender - Using open Channel [id: 0xe3cdca2b, L:/127.0.0.1:50100 - R:localhost/127.0.0.1:61189] for GET '/session/b540a72eea78ba1b3227b841abb7f9a2/element/9f8e05cd-051e-429b-96c1-3be021538e7f/name'
00:48:15.916 [AsyncHttpClient-1-5] DEBUG org.asynchttpclient.netty.handler.HttpHandler - 

Request DefaultFullHttpRequest(decodeResult: success, version: HTTP/1.1, content: EmptyByteBufBE)
GET /session/b540a72eea78ba1b3227b841abb7f9a2/element/9f8e05cd-051e-429b-96c1-3be021538e7f/name HTTP/1.1
User-Agent: selenium/4.1.2 (java windows)
Cache-Control: no-cache
Content-Type: application/json; charset=utf-8
host: localhost:61189
accept: */*

Response DefaultHttpResponse(decodeResult: success, version: HTTP/1.1)
HTTP/1.1 200 OK
Content-Type: application/json; charset=utf-8
cache-control: no-cache
content-length: 18

00:48:15.916 [AsyncHttpClient-1-5] DEBUG org.asynchttpclient.netty.channel.ChannelManager - Adding key: http://localhost:61189 for channel [id: 0xe3cdca2b, L:/127.0.0.1:50100 - R:localhost/127.0.0.1:61189]
00:48:15.918 [Forwarding isElementEnabled on session b540a72eea78ba1b3227b841abb7f9a2 to remote] DEBUG org.asynchttpclient.netty.request.NettyRequestSender - Using pooled Channel '[id: 0xe3cdca2b, L:/127.0.0.1:50100 - R:localhost/127.0.0.1:61189]' for 'GET' to 'http://localhost:61189/session/b540a72eea78ba1b3227b841abb7f9a2/element/9f8e05cd-051e-429b-96c1-3be021538e7f/enabled'
00:48:15.918 [Forwarding isElementEnabled on session b540a72eea78ba1b3227b841abb7f9a2 to remote] DEBUG org.asynchttpclient.netty.request.NettyRequestSender - Using open Channel [id: 0xe3cdca2b, L:/127.0.0.1:50100 - R:localhost/127.0.0.1:61189] for GET '/session/b540a72eea78ba1b3227b841abb7f9a2/element/9f8e05cd-051e-429b-96c1-3be021538e7f/enabled'
00:48:15.947 [AsyncHttpClient-1-5] DEBUG org.asynchttpclient.netty.handler.HttpHandler - 

Request DefaultFullHttpRequest(decodeResult: success, version: HTTP/1.1, content: EmptyByteBufBE)
GET /session/b540a72eea78ba1b3227b841abb7f9a2/element/9f8e05cd-051e-429b-96c1-3be021538e7f/enabled HTTP/1.1
User-Agent: selenium/4.1.2 (java windows)
Cache-Control: no-cache
Content-Type: application/json; charset=utf-8
host: localhost:61189
accept: */*

Response DefaultHttpResponse(decodeResult: success, version: HTTP/1.1)
HTTP/1.1 200 OK
Content-Type: application/json; charset=utf-8
cache-control: no-cache
content-length: 14

00:48:15.947 [AsyncHttpClient-1-5] DEBUG org.asynchttpclient.netty.channel.ChannelManager - Adding key: http://localhost:61189 for channel [id: 0xe3cdca2b, L:/127.0.0.1:50100 - R:localhost/127.0.0.1:61189]
00:48:15.948 [Forwarding isElementEnabled on session b540a72eea78ba1b3227b841abb7f9a2 to remote] DEBUG org.asynchttpclient.netty.request.NettyRequestSender - Using pooled Channel '[id: 0xe3cdca2b, L:/127.0.0.1:50100 - R:localhost/127.0.0.1:61189]' for 'GET' to 'http://localhost:61189/session/b540a72eea78ba1b3227b841abb7f9a2/element/9f8e05cd-051e-429b-96c1-3be021538e7f/enabled'
00:48:15.948 [Forwarding isElementEnabled on session b540a72eea78ba1b3227b841abb7f9a2 to remote] DEBUG org.asynchttpclient.netty.request.NettyRequestSender - Using open Channel [id: 0xe3cdca2b, L:/127.0.0.1:50100 - R:localhost/127.0.0.1:61189] for GET '/session/b540a72eea78ba1b3227b841abb7f9a2/element/9f8e05cd-051e-429b-96c1-3be021538e7f/enabled'
00:48:15.970 [AsyncHttpClient-1-5] DEBUG org.asynchttpclient.netty.handler.HttpHandler - 

Request DefaultFullHttpRequest(decodeResult: success, version: HTTP/1.1, content: EmptyByteBufBE)
GET /session/b540a72eea78ba1b3227b841abb7f9a2/element/9f8e05cd-051e-429b-96c1-3be021538e7f/enabled HTTP/1.1
User-Agent: selenium/4.1.2 (java windows)
Cache-Control: no-cache
Content-Type: application/json; charset=utf-8
host: localhost:61189
accept: */*

Response DefaultHttpResponse(decodeResult: success, version: HTTP/1.1)
HTTP/1.1 200 OK
Content-Type: application/json; charset=utf-8
cache-control: no-cache
content-length: 14

00:48:15.971 [AsyncHttpClient-1-5] DEBUG org.asynchttpclient.netty.channel.ChannelManager - Adding key: http://localhost:61189 for channel [id: 0xe3cdca2b, L:/127.0.0.1:50100 - R:localhost/127.0.0.1:61189]
00:48:15.972 [Forwarding findElement on session b540a72eea78ba1b3227b841abb7f9a2 to remote] DEBUG org.asynchttpclient.netty.request.NettyRequestSender - Using pooled Channel '[id: 0xe3cdca2b, L:/127.0.0.1:50100 - R:localhost/127.0.0.1:61189]' for 'POST' to 'http://localhost:61189/session/b540a72eea78ba1b3227b841abb7f9a2/element'
00:48:15.973 [Forwarding findElement on session b540a72eea78ba1b3227b841abb7f9a2 to remote] DEBUG org.asynchttpclient.netty.request.NettyRequestSender - Using open Channel [id: 0xe3cdca2b, L:/127.0.0.1:50100 - R:localhost/127.0.0.1:61189] for POST '/session/b540a72eea78ba1b3227b841abb7f9a2/element'
00:48:15.993 [AsyncHttpClient-1-5] DEBUG org.asynchttpclient.netty.handler.HttpHandler - 

Request DefaultHttpRequest(decodeResult: success, version: HTTP/1.1)
POST /session/b540a72eea78ba1b3227b841abb7f9a2/element HTTP/1.1
User-Agent: selenium/4.1.2 (java windows)
Content-Length: 71
Content-Type: application/json; charset=utf-8
host: localhost:61189
accept: */*

Response DefaultHttpResponse(decodeResult: success, version: HTTP/1.1)
HTTP/1.1 200 OK
Content-Type: application/json; charset=utf-8
cache-control: no-cache
content-length: 88

00:48:15.993 [AsyncHttpClient-1-5] DEBUG org.asynchttpclient.netty.channel.ChannelManager - Adding key: http://localhost:61189 for channel [id: 0xe3cdca2b, L:/127.0.0.1:50100 - R:localhost/127.0.0.1:61189]
00:48:15.994 [Forwarding clickElement on session b540a72eea78ba1b3227b841abb7f9a2 to remote] DEBUG org.asynchttpclient.netty.request.NettyRequestSender - Using pooled Channel '[id: 0xe3cdca2b, L:/127.0.0.1:50100 - R:localhost/127.0.0.1:61189]' for 'POST' to 'http://localhost:61189/session/b540a72eea78ba1b3227b841abb7f9a2/element/9f8e05cd-051e-429b-96c1-3be021538e7f/click'
00:48:15.994 [Forwarding clickElement on session b540a72eea78ba1b3227b841abb7f9a2 to remote] DEBUG org.asynchttpclient.netty.request.NettyRequestSender - Using open Channel [id: 0xe3cdca2b, L:/127.0.0.1:50100 - R:localhost/127.0.0.1:61189] for POST '/session/b540a72eea78ba1b3227b841abb7f9a2/element/9f8e05cd-051e-429b-96c1-3be021538e7f/click'
00:48:16.058 [AsyncHttpClient-1-5] DEBUG org.asynchttpclient.netty.handler.HttpHandler - 

Request DefaultHttpRequest(decodeResult: success, version: HTTP/1.1)
POST /session/b540a72eea78ba1b3227b841abb7f9a2/element/9f8e05cd-051e-429b-96c1-3be021538e7f/click HTTP/1.1
User-Agent: selenium/4.1.2 (java windows)
Content-Length: 50
Content-Type: application/json; charset=utf-8
host: localhost:61189
accept: */*

Response DefaultHttpResponse(decodeResult: success, version: HTTP/1.1)
HTTP/1.1 200 OK
Content-Type: application/json; charset=utf-8
cache-control: no-cache
content-length: 14

00:48:16.058 [AsyncHttpClient-1-5] DEBUG org.asynchttpclient.netty.channel.ChannelManager - Adding key: http://localhost:61189 for channel [id: 0xe3cdca2b, L:/127.0.0.1:50100 - R:localhost/127.0.0.1:61189]
00:48:16.063 [Forwarding screenshot on session b540a72eea78ba1b3227b841abb7f9a2 to remote] DEBUG org.asynchttpclient.netty.request.NettyRequestSender - Using pooled Channel '[id: 0xe3cdca2b, L:/127.0.0.1:50100 - R:localhost/127.0.0.1:61189]' for 'GET' to 'http://localhost:61189/session/b540a72eea78ba1b3227b841abb7f9a2/screenshot'
00:48:16.063 [Forwarding screenshot on session b540a72eea78ba1b3227b841abb7f9a2 to remote] DEBUG org.asynchttpclient.netty.request.NettyRequestSender - Using open Channel [id: 0xe3cdca2b, L:/127.0.0.1:50100 - R:localhost/127.0.0.1:61189] for GET '/session/b540a72eea78ba1b3227b841abb7f9a2/screenshot'
00:48:16.207 [AsyncHttpClient-1-5] DEBUG org.asynchttpclient.netty.handler.HttpHandler - 

Request DefaultFullHttpRequest(decodeResult: success, version: HTTP/1.1, content: EmptyByteBufBE)
GET /session/b540a72eea78ba1b3227b841abb7f9a2/screenshot HTTP/1.1
User-Agent: selenium/4.1.2 (java windows)
Cache-Control: no-cache
Content-Type: application/json; charset=utf-8
host: localhost:61189
accept: */*

Response DefaultHttpResponse(decodeResult: success, version: HTTP/1.1)
HTTP/1.1 200 OK
Content-Type: application/json; charset=utf-8
cache-control: no-cache
content-length: 84820

00:48:16.207 [AsyncHttpClient-1-5] DEBUG org.asynchttpclient.netty.channel.ChannelManager - Adding key: http://localhost:61189 for channel [id: 0xe3cdca2b, L:/127.0.0.1:50100 - R:localhost/127.0.0.1:61189]
00:48:16.209 [main] DEBUG net.serenitybdd.core.photography.Darkroom - Send negative for processing for target\site\serenity\bf650dcf7c543fa826bf9870e490656f507be38a237caf81191f399f7b8bd5e6.png
00:48:16.209 [main] DEBUG net.thucydides.core.steps.StepInterceptor - STEP DONE: addmembership
  &amp#27;[32mAnd &amp#27;[0m&amp#27;[32madmin click add new membership&amp#27;[0m          &amp#27;[90m# starter.definitions.MembershipSteps.adminClickAddNewMembership()&amp#27;[0m
00:48:16.209 [Darkroom Processing Line] DEBUG net.serenitybdd.core.photography.DarkroomProcessingLine - Processing screenshot image in /var/screenshots/screenshot-1978308588098459924
00:48:16.210 [Darkroom Processing Line] DEBUG net.serenitybdd.core.photography.DarkroomProcessingLine - Saving screenshot to target\site\serenity\bf650dcf7c543fa826bf9870e490656f507be38a237caf81191f399f7b8bd5e6.png
00:48:16.220 [main] DEBUG net.thucydides.core.steps.StepInterceptor - STARTING STEP: MembershipSteps.adminChoseeUserAndChoseeMembership - userclick
00:48:16.223 [Forwarding findElement on session b540a72eea78ba1b3227b841abb7f9a2 to remote] DEBUG org.asynchttpclient.netty.request.NettyRequestSender - Using pooled Channel '[id: 0xe3cdca2b, L:/127.0.0.1:50100 - R:localhost/127.0.0.1:61189]' for 'POST' to 'http://localhost:61189/session/b540a72eea78ba1b3227b841abb7f9a2/element'
00:48:16.223 [Forwarding findElement on session b540a72eea78ba1b3227b841abb7f9a2 to remote] DEBUG org.asynchttpclient.netty.request.NettyRequestSender - Using open Channel [id: 0xe3cdca2b, L:/127.0.0.1:50100 - R:localhost/127.0.0.1:61189] for POST '/session/b540a72eea78ba1b3227b841abb7f9a2/element'
00:48:16.245 [AsyncHttpClient-1-5] DEBUG org.asynchttpclient.netty.handler.HttpHandler - 

Request DefaultHttpRequest(decodeResult: success, version: HTTP/1.1)
POST /session/b540a72eea78ba1b3227b841abb7f9a2/element HTTP/1.1
User-Agent: selenium/4.1.2 (java windows)
Content-Length: 89
Content-Type: application/json; charset=utf-8
host: localhost:61189
accept: */*

Response DefaultHttpResponse(decodeResult: success, version: HTTP/1.1)
HTTP/1.1 200 OK
Content-Type: application/json; charset=utf-8
cache-control: no-cache
content-length: 88

00:48:16.246 [AsyncHttpClient-1-5] DEBUG org.asynchttpclient.netty.channel.ChannelManager - Adding key: http://localhost:61189 for channel [id: 0xe3cdca2b, L:/127.0.0.1:50100 - R:localhost/127.0.0.1:61189]
00:48:16.247 [Forwarding getElementTagName on session b540a72eea78ba1b3227b841abb7f9a2 to remote] DEBUG org.asynchttpclient.netty.request.NettyRequestSender - Using pooled Channel '[id: 0xe3cdca2b, L:/127.0.0.1:50100 - R:localhost/127.0.0.1:61189]' for 'GET' to 'http://localhost:61189/session/b540a72eea78ba1b3227b841abb7f9a2/element/d9b0760d-c185-4ef0-be38-4103b3656b8e/name'
00:48:16.247 [Forwarding getElementTagName on session b540a72eea78ba1b3227b841abb7f9a2 to remote] DEBUG org.asynchttpclient.netty.request.NettyRequestSender - Using open Channel [id: 0xe3cdca2b, L:/127.0.0.1:50100 - R:localhost/127.0.0.1:61189] for GET '/session/b540a72eea78ba1b3227b841abb7f9a2/element/d9b0760d-c185-4ef0-be38-4103b3656b8e/name'
00:48:16.256 [AsyncHttpClient-1-5] DEBUG org.asynchttpclient.netty.handler.HttpHandler - 

Request DefaultFullHttpRequest(decodeResult: success, version: HTTP/1.1, content: EmptyByteBufBE)
GET /session/b540a72eea78ba1b3227b841abb7f9a2/element/d9b0760d-c185-4ef0-be38-4103b3656b8e/name HTTP/1.1
User-Agent: selenium/4.1.2 (java windows)
Cache-Control: no-cache
Content-Type: application/json; charset=utf-8
host: localhost:61189
accept: */*

Response DefaultHttpResponse(decodeResult: success, version: HTTP/1.1)
HTTP/1.1 200 OK
Content-Type: application/json; charset=utf-8
cache-control: no-cache
content-length: 15

00:48:16.256 [AsyncHttpClient-1-5] DEBUG org.asynchttpclient.netty.channel.ChannelManager - Adding key: http://localhost:61189 for channel [id: 0xe3cdca2b, L:/127.0.0.1:50100 - R:localhost/127.0.0.1:61189]
00:48:16.258 [Forwarding getElementTagName on session b540a72eea78ba1b3227b841abb7f9a2 to remote] DEBUG org.asynchttpclient.netty.request.NettyRequestSender - Using pooled Channel '[id: 0xe3cdca2b, L:/127.0.0.1:50100 - R:localhost/127.0.0.1:61189]' for 'GET' to 'http://localhost:61189/session/b540a72eea78ba1b3227b841abb7f9a2/element/d9b0760d-c185-4ef0-be38-4103b3656b8e/name'
00:48:16.258 [Forwarding getElementTagName on session b540a72eea78ba1b3227b841abb7f9a2 to remote] DEBUG org.asynchttpclient.netty.request.NettyRequestSender - Using open Channel [id: 0xe3cdca2b, L:/127.0.0.1:50100 - R:localhost/127.0.0.1:61189] for GET '/session/b540a72eea78ba1b3227b841abb7f9a2/element/d9b0760d-c185-4ef0-be38-4103b3656b8e/name'
00:48:16.268 [AsyncHttpClient-1-5] DEBUG org.asynchttpclient.netty.handler.HttpHandler - 

Request DefaultFullHttpRequest(decodeResult: success, version: HTTP/1.1, content: EmptyByteBufBE)
GET /session/b540a72eea78ba1b3227b841abb7f9a2/element/d9b0760d-c185-4ef0-be38-4103b3656b8e/name HTTP/1.1
User-Agent: selenium/4.1.2 (java windows)
Cache-Control: no-cache
Content-Type: application/json; charset=utf-8
host: localhost:61189
accept: */*

Response DefaultHttpResponse(decodeResult: success, version: HTTP/1.1)
HTTP/1.1 200 OK
Content-Type: application/json; charset=utf-8
cache-control: no-cache
content-length: 15

00:48:16.268 [AsyncHttpClient-1-5] DEBUG org.asynchttpclient.netty.channel.ChannelManager - Adding key: http://localhost:61189 for channel [id: 0xe3cdca2b, L:/127.0.0.1:50100 - R:localhost/127.0.0.1:61189]
00:48:16.269 [Forwarding findElement on session b540a72eea78ba1b3227b841abb7f9a2 to remote] DEBUG org.asynchttpclient.netty.request.NettyRequestSender - Using pooled Channel '[id: 0xe3cdca2b, L:/127.0.0.1:50100 - R:localhost/127.0.0.1:61189]' for 'POST' to 'http://localhost:61189/session/b540a72eea78ba1b3227b841abb7f9a2/element'
00:48:16.269 [Forwarding findElement on session b540a72eea78ba1b3227b841abb7f9a2 to remote] DEBUG org.asynchttpclient.netty.request.NettyRequestSender - Using open Channel [id: 0xe3cdca2b, L:/127.0.0.1:50100 - R:localhost/127.0.0.1:61189] for POST '/session/b540a72eea78ba1b3227b841abb7f9a2/element'
00:48:16.283 [AsyncHttpClient-1-5] DEBUG org.asynchttpclient.netty.handler.HttpHandler - 

Request DefaultHttpRequest(decodeResult: success, version: HTTP/1.1)
POST /session/b540a72eea78ba1b3227b841abb7f9a2/element HTTP/1.1
User-Agent: selenium/4.1.2 (java windows)
Content-Length: 89
Content-Type: application/json; charset=utf-8
host: localhost:61189
accept: */*

Response DefaultHttpResponse(decodeResult: success, version: HTTP/1.1)
HTTP/1.1 200 OK
Content-Type: application/json; charset=utf-8
cache-control: no-cache
content-length: 88

00:48:16.283 [AsyncHttpClient-1-5] DEBUG org.asynchttpclient.netty.channel.ChannelManager - Adding key: http://localhost:61189 for channel [id: 0xe3cdca2b, L:/127.0.0.1:50100 - R:localhost/127.0.0.1:61189]
00:48:16.284 [Forwarding clickElement on session b540a72eea78ba1b3227b841abb7f9a2 to remote] DEBUG org.asynchttpclient.netty.request.NettyRequestSender - Using pooled Channel '[id: 0xe3cdca2b, L:/127.0.0.1:50100 - R:localhost/127.0.0.1:61189]' for 'POST' to 'http://localhost:61189/session/b540a72eea78ba1b3227b841abb7f9a2/element/d9b0760d-c185-4ef0-be38-4103b3656b8e/click'
00:48:16.284 [Forwarding clickElement on session b540a72eea78ba1b3227b841abb7f9a2 to remote] DEBUG org.asynchttpclient.netty.request.NettyRequestSender - Using open Channel [id: 0xe3cdca2b, L:/127.0.0.1:50100 - R:localhost/127.0.0.1:61189] for POST '/session/b540a72eea78ba1b3227b841abb7f9a2/element/d9b0760d-c185-4ef0-be38-4103b3656b8e/click'
00:48:16.365 [AsyncHttpClient-1-5] DEBUG org.asynchttpclient.netty.handler.HttpHandler - 

Request DefaultHttpRequest(decodeResult: success, version: HTTP/1.1)
POST /session/b540a72eea78ba1b3227b841abb7f9a2/element/d9b0760d-c185-4ef0-be38-4103b3656b8e/click HTTP/1.1
User-Agent: selenium/4.1.2 (java windows)
Content-Length: 50
Content-Type: application/json; charset=utf-8
host: localhost:61189
accept: */*

Response DefaultHttpResponse(decodeResult: success, version: HTTP/1.1)
HTTP/1.1 200 OK
Content-Type: application/json; charset=utf-8
cache-control: no-cache
content-length: 14

00:48:16.365 [AsyncHttpClient-1-5] DEBUG org.asynchttpclient.netty.channel.ChannelManager - Adding key: http://localhost:61189 for channel [id: 0xe3cdca2b, L:/127.0.0.1:50100 - R:localhost/127.0.0.1:61189]
00:48:16.369 [Forwarding screenshot on session b540a72eea78ba1b3227b841abb7f9a2 to remote] DEBUG org.asynchttpclient.netty.request.NettyRequestSender - Using pooled Channel '[id: 0xe3cdca2b, L:/127.0.0.1:50100 - R:localhost/127.0.0.1:61189]' for 'GET' to 'http://localhost:61189/session/b540a72eea78ba1b3227b841abb7f9a2/screenshot'
00:48:16.369 [Forwarding screenshot on session b540a72eea78ba1b3227b841abb7f9a2 to remote] DEBUG org.asynchttpclient.netty.request.NettyRequestSender - Using open Channel [id: 0xe3cdca2b, L:/127.0.0.1:50100 - R:localhost/127.0.0.1:61189] for GET '/session/b540a72eea78ba1b3227b841abb7f9a2/screenshot'
00:48:16.723 [AsyncHttpClient-1-5] DEBUG org.asynchttpclient.netty.handler.HttpHandler - 

Request DefaultFullHttpRequest(decodeResult: success, version: HTTP/1.1, content: EmptyByteBufBE)
GET /session/b540a72eea78ba1b3227b841abb7f9a2/screenshot HTTP/1.1
User-Agent: selenium/4.1.2 (java windows)
Cache-Control: no-cache
Content-Type: application/json; charset=utf-8
host: localhost:61189
accept: */*

Response DefaultHttpResponse(decodeResult: success, version: HTTP/1.1)
HTTP/1.1 200 OK
Content-Type: application/json; charset=utf-8
cache-control: no-cache
content-length: 105324

00:48:16.723 [AsyncHttpClient-1-5] DEBUG org.asynchttpclient.netty.channel.ChannelManager - Adding key: http://localhost:61189 for channel [id: 0xe3cdca2b, L:/127.0.0.1:50100 - R:localhost/127.0.0.1:61189]
00:48:16.726 [main] DEBUG net.serenitybdd.core.photography.Darkroom - Send negative for processing for target\site\serenity\4c3c8c94f6584660462516b4558aa6db499eb23455fb1b6778a62e529f2a79d2.png
00:48:16.726 [main] DEBUG net.thucydides.core.steps.StepInterceptor - STEP DONE: userclick
00:48:16.726 [Darkroom Processing Line] DEBUG net.serenitybdd.core.photography.DarkroomProcessingLine - Processing screenshot image in /var/screenshots/screenshot-1334264578460101374
00:48:16.726 [Darkroom Processing Line] DEBUG net.serenitybdd.core.photography.DarkroomProcessingLine - Saving screenshot to target\site\serenity\4c3c8c94f6584660462516b4558aa6db499eb23455fb1b6778a62e529f2a79d2.png
00:48:16.730 [main] DEBUG net.thucydides.core.steps.StepInterceptor - STARTING STEP: MembershipSteps.adminChoseeUserAndChoseeMembership - userchoose
00:48:16.733 [Forwarding findElement on session b540a72eea78ba1b3227b841abb7f9a2 to remote] DEBUG org.asynchttpclient.netty.request.NettyRequestSender - Using pooled Channel '[id: 0xe3cdca2b, L:/127.0.0.1:50100 - R:localhost/127.0.0.1:61189]' for 'POST' to 'http://localhost:61189/session/b540a72eea78ba1b3227b841abb7f9a2/element'
00:48:16.733 [Forwarding findElement on session b540a72eea78ba1b3227b841abb7f9a2 to remote] DEBUG org.asynchttpclient.netty.request.NettyRequestSender - Using open Channel [id: 0xe3cdca2b, L:/127.0.0.1:50100 - R:localhost/127.0.0.1:61189] for POST '/session/b540a72eea78ba1b3227b841abb7f9a2/element'
00:48:16.751 [AsyncHttpClient-1-5] DEBUG org.asynchttpclient.netty.handler.HttpHandler - 

Request DefaultHttpRequest(decodeResult: success, version: HTTP/1.1)
POST /session/b540a72eea78ba1b3227b841abb7f9a2/element HTTP/1.1
User-Agent: selenium/4.1.2 (java windows)
Content-Length: 72
Content-Type: application/json; charset=utf-8
host: localhost:61189
accept: */*

Response DefaultHttpResponse(decodeResult: success, version: HTTP/1.1)
HTTP/1.1 200 OK
Content-Type: application/json; charset=utf-8
cache-control: no-cache
content-length: 88

00:48:16.751 [AsyncHttpClient-1-5] DEBUG org.asynchttpclient.netty.channel.ChannelManager - Adding key: http://localhost:61189 for channel [id: 0xe3cdca2b, L:/127.0.0.1:50100 - R:localhost/127.0.0.1:61189]
00:48:16.753 [Forwarding getElementTagName on session b540a72eea78ba1b3227b841abb7f9a2 to remote] DEBUG org.asynchttpclient.netty.request.NettyRequestSender - Using pooled Channel '[id: 0xe3cdca2b, L:/127.0.0.1:50100 - R:localhost/127.0.0.1:61189]' for 'GET' to 'http://localhost:61189/session/b540a72eea78ba1b3227b841abb7f9a2/element/defb3256-8f28-4fd6-91ad-76e0ee17bdde/name'
00:48:16.753 [Forwarding getElementTagName on session b540a72eea78ba1b3227b841abb7f9a2 to remote] DEBUG org.asynchttpclient.netty.request.NettyRequestSender - Using open Channel [id: 0xe3cdca2b, L:/127.0.0.1:50100 - R:localhost/127.0.0.1:61189] for GET '/session/b540a72eea78ba1b3227b841abb7f9a2/element/defb3256-8f28-4fd6-91ad-76e0ee17bdde/name'
00:48:16.764 [AsyncHttpClient-1-5] DEBUG org.asynchttpclient.netty.handler.HttpHandler - 

Request DefaultFullHttpRequest(decodeResult: success, version: HTTP/1.1, content: EmptyByteBufBE)
GET /session/b540a72eea78ba1b3227b841abb7f9a2/element/defb3256-8f28-4fd6-91ad-76e0ee17bdde/name HTTP/1.1
User-Agent: selenium/4.1.2 (java windows)
Cache-Control: no-cache
Content-Type: application/json; charset=utf-8
host: localhost:61189
accept: */*

Response DefaultHttpResponse(decodeResult: success, version: HTTP/1.1)
HTTP/1.1 200 OK
Content-Type: application/json; charset=utf-8
cache-control: no-cache
content-length: 15

00:48:16.764 [AsyncHttpClient-1-5] DEBUG org.asynchttpclient.netty.channel.ChannelManager - Adding key: http://localhost:61189 for channel [id: 0xe3cdca2b, L:/127.0.0.1:50100 - R:localhost/127.0.0.1:61189]
00:48:16.765 [Forwarding getElementTagName on session b540a72eea78ba1b3227b841abb7f9a2 to remote] DEBUG org.asynchttpclient.netty.request.NettyRequestSender - Using pooled Channel '[id: 0xe3cdca2b, L:/127.0.0.1:50100 - R:localhost/127.0.0.1:61189]' for 'GET' to 'http://localhost:61189/session/b540a72eea78ba1b3227b841abb7f9a2/element/defb3256-8f28-4fd6-91ad-76e0ee17bdde/name'
00:48:16.765 [Forwarding getElementTagName on session b540a72eea78ba1b3227b841abb7f9a2 to remote] DEBUG org.asynchttpclient.netty.request.NettyRequestSender - Using open Channel [id: 0xe3cdca2b, L:/127.0.0.1:50100 - R:localhost/127.0.0.1:61189] for GET '/session/b540a72eea78ba1b3227b841abb7f9a2/element/defb3256-8f28-4fd6-91ad-76e0ee17bdde/name'
00:48:16.776 [AsyncHttpClient-1-5] DEBUG org.asynchttpclient.netty.handler.HttpHandler - 

Request DefaultFullHttpRequest(decodeResult: success, version: HTTP/1.1, content: EmptyByteBufBE)
GET /session/b540a72eea78ba1b3227b841abb7f9a2/element/defb3256-8f28-4fd6-91ad-76e0ee17bdde/name HTTP/1.1
User-Agent: selenium/4.1.2 (java windows)
Cache-Control: no-cache
Content-Type: application/json; charset=utf-8
host: localhost:61189
accept: */*

Response DefaultHttpResponse(decodeResult: success, version: HTTP/1.1)
HTTP/1.1 200 OK
Content-Type: application/json; charset=utf-8
cache-control: no-cache
content-length: 15

00:48:16.777 [AsyncHttpClient-1-5] DEBUG org.asynchttpclient.netty.channel.ChannelManager - Adding key: http://localhost:61189 for channel [id: 0xe3cdca2b, L:/127.0.0.1:50100 - R:localhost/127.0.0.1:61189]
00:48:16.778 [Forwarding findElement on session b540a72eea78ba1b3227b841abb7f9a2 to remote] DEBUG org.asynchttpclient.netty.request.NettyRequestSender - Using pooled Channel '[id: 0xe3cdca2b, L:/127.0.0.1:50100 - R:localhost/127.0.0.1:61189]' for 'POST' to 'http://localhost:61189/session/b540a72eea78ba1b3227b841abb7f9a2/element'
00:48:16.778 [Forwarding findElement on session b540a72eea78ba1b3227b841abb7f9a2 to remote] DEBUG org.asynchttpclient.netty.request.NettyRequestSender - Using open Channel [id: 0xe3cdca2b, L:/127.0.0.1:50100 - R:localhost/127.0.0.1:61189] for POST '/session/b540a72eea78ba1b3227b841abb7f9a2/element'
00:48:16.790 [AsyncHttpClient-1-1] DEBUG org.asynchttpclient.netty.channel.DefaultChannelPool - Entry count for : http://localhost:50101 : 1
00:48:16.790 [AsyncHttpClient-1-5] DEBUG org.asynchttpclient.netty.handler.HttpHandler - 

Request DefaultHttpRequest(decodeResult: success, version: HTTP/1.1)
POST /session/b540a72eea78ba1b3227b841abb7f9a2/element HTTP/1.1
User-Agent: selenium/4.1.2 (java windows)
Content-Length: 72
Content-Type: application/json; charset=utf-8
host: localhost:61189
accept: */*

Response DefaultHttpResponse(decodeResult: success, version: HTTP/1.1)
HTTP/1.1 200 OK
Content-Type: application/json; charset=utf-8
cache-control: no-cache
content-length: 88

00:48:16.790 [AsyncHttpClient-1-5] DEBUG org.asynchttpclient.netty.channel.ChannelManager - Adding key: http://localhost:61189 for channel [id: 0xe3cdca2b, L:/127.0.0.1:50100 - R:localhost/127.0.0.1:61189]
00:48:16.791 [Forwarding clickElement on session b540a72eea78ba1b3227b841abb7f9a2 to remote] DEBUG org.asynchttpclient.netty.request.NettyRequestSender - Using pooled Channel '[id: 0xe3cdca2b, L:/127.0.0.1:50100 - R:localhost/127.0.0.1:61189]' for 'POST' to 'http://localhost:61189/session/b540a72eea78ba1b3227b841abb7f9a2/element/defb3256-8f28-4fd6-91ad-76e0ee17bdde/click'
00:48:16.791 [Forwarding clickElement on session b540a72eea78ba1b3227b841abb7f9a2 to remote] DEBUG org.asynchttpclient.netty.request.NettyRequestSender - Using open Channel [id: 0xe3cdca2b, L:/127.0.0.1:50100 - R:localhost/127.0.0.1:61189] for POST '/session/b540a72eea78ba1b3227b841abb7f9a2/element/defb3256-8f28-4fd6-91ad-76e0ee17bdde/click'
00:48:16.845 [AsyncHttpClient-1-5] DEBUG org.asynchttpclient.netty.handler.HttpHandler - 

Request DefaultHttpRequest(decodeResult: success, version: HTTP/1.1)
POST /session/b540a72eea78ba1b3227b841abb7f9a2/element/defb3256-8f28-4fd6-91ad-76e0ee17bdde/click HTTP/1.1
User-Agent: selenium/4.1.2 (java windows)
Content-Length: 50
Content-Type: application/json; charset=utf-8
host: localhost:61189
accept: */*

Response DefaultHttpResponse(decodeResult: success, version: HTTP/1.1)
HTTP/1.1 200 OK
Content-Type: application/json; charset=utf-8
cache-control: no-cache
content-length: 14

00:48:16.845 [AsyncHttpClient-1-5] DEBUG org.asynchttpclient.netty.channel.ChannelManager - Adding key: http://localhost:61189 for channel [id: 0xe3cdca2b, L:/127.0.0.1:50100 - R:localhost/127.0.0.1:61189]
00:48:16.850 [Forwarding screenshot on session b540a72eea78ba1b3227b841abb7f9a2 to remote] DEBUG org.asynchttpclient.netty.request.NettyRequestSender - Using pooled Channel '[id: 0xe3cdca2b, L:/127.0.0.1:50100 - R:localhost/127.0.0.1:61189]' for 'GET' to 'http://localhost:61189/session/b540a72eea78ba1b3227b841abb7f9a2/screenshot'
00:48:16.850 [Forwarding screenshot on session b540a72eea78ba1b3227b841abb7f9a2 to remote] DEBUG org.asynchttpclient.netty.request.NettyRequestSender - Using open Channel [id: 0xe3cdca2b, L:/127.0.0.1:50100 - R:localhost/127.0.0.1:61189] for GET '/session/b540a72eea78ba1b3227b841abb7f9a2/screenshot'
00:48:16.979 [AsyncHttpClient-1-5] DEBUG org.asynchttpclient.netty.handler.HttpHandler - 

Request DefaultFullHttpRequest(decodeResult: success, version: HTTP/1.1, content: EmptyByteBufBE)
GET /session/b540a72eea78ba1b3227b841abb7f9a2/screenshot HTTP/1.1
User-Agent: selenium/4.1.2 (java windows)
Cache-Control: no-cache
Content-Type: application/json; charset=utf-8
host: localhost:61189
accept: */*

Response DefaultHttpResponse(decodeResult: success, version: HTTP/1.1)
HTTP/1.1 200 OK
Content-Type: application/json; charset=utf-8
cache-control: no-cache
content-length: 87068

00:48:16.979 [AsyncHttpClient-1-5] DEBUG org.asynchttpclient.netty.channel.ChannelManager - Adding key: http://localhost:61189 for channel [id: 0xe3cdca2b, L:/127.0.0.1:50100 - R:localhost/127.0.0.1:61189]
00:48:16.982 [main] DEBUG net.serenitybdd.core.photography.Darkroom - Send negative for processing for target\site\serenity\087a5bedb916895d57018fd08a394a6a503b5b87f5439af4e1e66b866cf7242f.png
00:48:16.982 [main] DEBUG net.thucydides.core.steps.StepInterceptor - STEP DONE: userchoose
00:48:16.982 [Darkroom Processing Line] DEBUG net.serenitybdd.core.photography.DarkroomProcessingLine - Processing screenshot image in /var/screenshots/screenshot-12447937925137732903
00:48:16.982 [Darkroom Processing Line] DEBUG net.serenitybdd.core.photography.DarkroomProcessingLine - Saving screenshot to target\site\serenity\087a5bedb916895d57018fd08a394a6a503b5b87f5439af4e1e66b866cf7242f.png
00:48:16.986 [main] DEBUG net.thucydides.core.steps.StepInterceptor - STARTING STEP: MembershipSteps.adminChoseeUserAndChoseeMembership - memberclick
00:48:16.988 [Forwarding findElement on session b540a72eea78ba1b3227b841abb7f9a2 to remote] DEBUG org.asynchttpclient.netty.request.NettyRequestSender - Using pooled Channel '[id: 0xe3cdca2b, L:/127.0.0.1:50100 - R:localhost/127.0.0.1:61189]' for 'POST' to 'http://localhost:61189/session/b540a72eea78ba1b3227b841abb7f9a2/element'
00:48:16.988 [Forwarding findElement on session b540a72eea78ba1b3227b841abb7f9a2 to remote] DEBUG org.asynchttpclient.netty.request.NettyRequestSender - Using open Channel [id: 0xe3cdca2b, L:/127.0.0.1:50100 - R:localhost/127.0.0.1:61189] for POST '/session/b540a72eea78ba1b3227b841abb7f9a2/element'
00:48:17.008 [AsyncHttpClient-1-5] DEBUG org.asynchttpclient.netty.handler.HttpHandler - 

Request DefaultHttpRequest(decodeResult: success, version: HTTP/1.1)
POST /session/b540a72eea78ba1b3227b841abb7f9a2/element HTTP/1.1
User-Agent: selenium/4.1.2 (java windows)
Content-Length: 212
Content-Type: application/json; charset=utf-8
host: localhost:61189
accept: */*

Response DefaultHttpResponse(decodeResult: success, version: HTTP/1.1)
HTTP/1.1 200 OK
Content-Type: application/json; charset=utf-8
cache-control: no-cache
content-length: 88

00:48:17.008 [AsyncHttpClient-1-5] DEBUG org.asynchttpclient.netty.channel.ChannelManager - Adding key: http://localhost:61189 for channel [id: 0xe3cdca2b, L:/127.0.0.1:50100 - R:localhost/127.0.0.1:61189]
00:48:17.010 [Forwarding getElementTagName on session b540a72eea78ba1b3227b841abb7f9a2 to remote] DEBUG org.asynchttpclient.netty.request.NettyRequestSender - Using pooled Channel '[id: 0xe3cdca2b, L:/127.0.0.1:50100 - R:localhost/127.0.0.1:61189]' for 'GET' to 'http://localhost:61189/session/b540a72eea78ba1b3227b841abb7f9a2/element/c96effe6-80d9-4dfe-b1a2-ff12f49cd71b/name'
00:48:17.010 [Forwarding getElementTagName on session b540a72eea78ba1b3227b841abb7f9a2 to remote] DEBUG org.asynchttpclient.netty.request.NettyRequestSender - Using open Channel [id: 0xe3cdca2b, L:/127.0.0.1:50100 - R:localhost/127.0.0.1:61189] for GET '/session/b540a72eea78ba1b3227b841abb7f9a2/element/c96effe6-80d9-4dfe-b1a2-ff12f49cd71b/name'
00:48:17.020 [AsyncHttpClient-1-5] DEBUG org.asynchttpclient.netty.handler.HttpHandler - 

Request DefaultFullHttpRequest(decodeResult: success, version: HTTP/1.1, content: EmptyByteBufBE)
GET /session/b540a72eea78ba1b3227b841abb7f9a2/element/c96effe6-80d9-4dfe-b1a2-ff12f49cd71b/name HTTP/1.1
User-Agent: selenium/4.1.2 (java windows)
Cache-Control: no-cache
Content-Type: application/json; charset=utf-8
host: localhost:61189
accept: */*

Response DefaultHttpResponse(decodeResult: success, version: HTTP/1.1)
HTTP/1.1 200 OK
Content-Type: application/json; charset=utf-8
cache-control: no-cache
content-length: 15

00:48:17.020 [AsyncHttpClient-1-5] DEBUG org.asynchttpclient.netty.channel.ChannelManager - Adding key: http://localhost:61189 for channel [id: 0xe3cdca2b, L:/127.0.0.1:50100 - R:localhost/127.0.0.1:61189]
00:48:17.022 [Forwarding getElementTagName on session b540a72eea78ba1b3227b841abb7f9a2 to remote] DEBUG org.asynchttpclient.netty.request.NettyRequestSender - Using pooled Channel '[id: 0xe3cdca2b, L:/127.0.0.1:50100 - R:localhost/127.0.0.1:61189]' for 'GET' to 'http://localhost:61189/session/b540a72eea78ba1b3227b841abb7f9a2/element/c96effe6-80d9-4dfe-b1a2-ff12f49cd71b/name'
00:48:17.022 [Forwarding getElementTagName on session b540a72eea78ba1b3227b841abb7f9a2 to remote] DEBUG org.asynchttpclient.netty.request.NettyRequestSender - Using open Channel [id: 0xe3cdca2b, L:/127.0.0.1:50100 - R:localhost/127.0.0.1:61189] for GET '/session/b540a72eea78ba1b3227b841abb7f9a2/element/c96effe6-80d9-4dfe-b1a2-ff12f49cd71b/name'
00:48:17.034 [AsyncHttpClient-1-5] DEBUG org.asynchttpclient.netty.handler.HttpHandler - 

Request DefaultFullHttpRequest(decodeResult: success, version: HTTP/1.1, content: EmptyByteBufBE)
GET /session/b540a72eea78ba1b3227b841abb7f9a2/element/c96effe6-80d9-4dfe-b1a2-ff12f49cd71b/name HTTP/1.1
User-Agent: selenium/4.1.2 (java windows)
Cache-Control: no-cache
Content-Type: application/json; charset=utf-8
host: localhost:61189
accept: */*

Response DefaultHttpResponse(decodeResult: success, version: HTTP/1.1)
HTTP/1.1 200 OK
Content-Type: application/json; charset=utf-8
cache-control: no-cache
content-length: 15

00:48:17.034 [AsyncHttpClient-1-5] DEBUG org.asynchttpclient.netty.channel.ChannelManager - Adding key: http://localhost:61189 for channel [id: 0xe3cdca2b, L:/127.0.0.1:50100 - R:localhost/127.0.0.1:61189]
00:48:17.036 [Forwarding findElement on session b540a72eea78ba1b3227b841abb7f9a2 to remote] DEBUG org.asynchttpclient.netty.request.NettyRequestSender - Using pooled Channel '[id: 0xe3cdca2b, L:/127.0.0.1:50100 - R:localhost/127.0.0.1:61189]' for 'POST' to 'http://localhost:61189/session/b540a72eea78ba1b3227b841abb7f9a2/element'
00:48:17.036 [Forwarding findElement on session b540a72eea78ba1b3227b841abb7f9a2 to remote] DEBUG org.asynchttpclient.netty.request.NettyRequestSender - Using open Channel [id: 0xe3cdca2b, L:/127.0.0.1:50100 - R:localhost/127.0.0.1:61189] for POST '/session/b540a72eea78ba1b3227b841abb7f9a2/element'
00:48:17.048 [AsyncHttpClient-1-5] DEBUG org.asynchttpclient.netty.handler.HttpHandler - 

Request DefaultHttpRequest(decodeResult: success, version: HTTP/1.1)
POST /session/b540a72eea78ba1b3227b841abb7f9a2/element HTTP/1.1
User-Agent: selenium/4.1.2 (java windows)
Content-Length: 212
Content-Type: application/json; charset=utf-8
host: localhost:61189
accept: */*

Response DefaultHttpResponse(decodeResult: success, version: HTTP/1.1)
HTTP/1.1 200 OK
Content-Type: application/json; charset=utf-8
cache-control: no-cache
content-length: 88

00:48:17.048 [AsyncHttpClient-1-5] DEBUG org.asynchttpclient.netty.channel.ChannelManager - Adding key: http://localhost:61189 for channel [id: 0xe3cdca2b, L:/127.0.0.1:50100 - R:localhost/127.0.0.1:61189]
00:48:17.049 [Forwarding clickElement on session b540a72eea78ba1b3227b841abb7f9a2 to remote] DEBUG org.asynchttpclient.netty.request.NettyRequestSender - Using pooled Channel '[id: 0xe3cdca2b, L:/127.0.0.1:50100 - R:localhost/127.0.0.1:61189]' for 'POST' to 'http://localhost:61189/session/b540a72eea78ba1b3227b841abb7f9a2/element/c96effe6-80d9-4dfe-b1a2-ff12f49cd71b/click'
00:48:17.049 [Forwarding clickElement on session b540a72eea78ba1b3227b841abb7f9a2 to remote] DEBUG org.asynchttpclient.netty.request.NettyRequestSender - Using open Channel [id: 0xe3cdca2b, L:/127.0.0.1:50100 - R:localhost/127.0.0.1:61189] for POST '/session/b540a72eea78ba1b3227b841abb7f9a2/element/c96effe6-80d9-4dfe-b1a2-ff12f49cd71b/click'
00:48:17.117 [AsyncHttpClient-1-5] DEBUG org.asynchttpclient.netty.handler.HttpHandler - 

Request DefaultHttpRequest(decodeResult: success, version: HTTP/1.1)
POST /session/b540a72eea78ba1b3227b841abb7f9a2/element/c96effe6-80d9-4dfe-b1a2-ff12f49cd71b/click HTTP/1.1
User-Agent: selenium/4.1.2 (java windows)
Content-Length: 50
Content-Type: application/json; charset=utf-8
host: localhost:61189
accept: */*

Response DefaultHttpResponse(decodeResult: success, version: HTTP/1.1)
HTTP/1.1 200 OK
Content-Type: application/json; charset=utf-8
cache-control: no-cache
content-length: 14

00:48:17.117 [AsyncHttpClient-1-5] DEBUG org.asynchttpclient.netty.channel.ChannelManager - Adding key: http://localhost:61189 for channel [id: 0xe3cdca2b, L:/127.0.0.1:50100 - R:localhost/127.0.0.1:61189]
00:48:17.122 [Forwarding screenshot on session b540a72eea78ba1b3227b841abb7f9a2 to remote] DEBUG org.asynchttpclient.netty.request.NettyRequestSender - Using pooled Channel '[id: 0xe3cdca2b, L:/127.0.0.1:50100 - R:localhost/127.0.0.1:61189]' for 'GET' to 'http://localhost:61189/session/b540a72eea78ba1b3227b841abb7f9a2/screenshot'
00:48:17.122 [Forwarding screenshot on session b540a72eea78ba1b3227b841abb7f9a2 to remote] DEBUG org.asynchttpclient.netty.request.NettyRequestSender - Using open Channel [id: 0xe3cdca2b, L:/127.0.0.1:50100 - R:localhost/127.0.0.1:61189] for GET '/session/b540a72eea78ba1b3227b841abb7f9a2/screenshot'
00:48:17.263 [AsyncHttpClient-1-5] DEBUG org.asynchttpclient.netty.handler.HttpHandler - 

Request DefaultFullHttpRequest(decodeResult: success, version: HTTP/1.1, content: EmptyByteBufBE)
GET /session/b540a72eea78ba1b3227b841abb7f9a2/screenshot HTTP/1.1
User-Agent: selenium/4.1.2 (java windows)
Cache-Control: no-cache
Content-Type: application/json; charset=utf-8
host: localhost:61189
accept: */*

Response DefaultHttpResponse(decodeResult: success, version: HTTP/1.1)
HTTP/1.1 200 OK
Content-Type: application/json; charset=utf-8
cache-control: no-cache
content-length: 91684

00:48:17.263 [AsyncHttpClient-1-5] DEBUG org.asynchttpclient.netty.channel.ChannelManager - Adding key: http://localhost:61189 for channel [id: 0xe3cdca2b, L:/127.0.0.1:50100 - R:localhost/127.0.0.1:61189]
00:48:17.266 [main] DEBUG net.serenitybdd.core.photography.Darkroom - Send negative for processing for target\site\serenity\ad9a496a760f741aca5c8d57a36af38ac319d06755501829279d0dccfb4f0650.png
00:48:17.266 [main] DEBUG net.thucydides.core.steps.StepInterceptor - STEP DONE: memberclick
00:48:17.266 [Darkroom Processing Line] DEBUG net.serenitybdd.core.photography.DarkroomProcessingLine - Processing screenshot image in /var/screenshots/screenshot-9502362449969403884
00:48:17.266 [Darkroom Processing Line] DEBUG net.serenitybdd.core.photography.DarkroomProcessingLine - Saving screenshot to target\site\serenity\ad9a496a760f741aca5c8d57a36af38ac319d06755501829279d0dccfb4f0650.png
00:48:17.271 [main] DEBUG net.thucydides.core.steps.StepInterceptor - STARTING STEP: MembershipSteps.adminChoseeUserAndChoseeMembership - memberchoose
00:48:17.273 [Forwarding findElement on session b540a72eea78ba1b3227b841abb7f9a2 to remote] DEBUG org.asynchttpclient.netty.request.NettyRequestSender - Using pooled Channel '[id: 0xe3cdca2b, L:/127.0.0.1:50100 - R:localhost/127.0.0.1:61189]' for 'POST' to 'http://localhost:61189/session/b540a72eea78ba1b3227b841abb7f9a2/element'
00:48:17.273 [Forwarding findElement on session b540a72eea78ba1b3227b841abb7f9a2 to remote] DEBUG org.asynchttpclient.netty.request.NettyRequestSender - Using open Channel [id: 0xe3cdca2b, L:/127.0.0.1:50100 - R:localhost/127.0.0.1:61189] for POST '/session/b540a72eea78ba1b3227b841abb7f9a2/element'
00:48:17.293 [AsyncHttpClient-1-5] DEBUG org.asynchttpclient.netty.handler.HttpHandler - 

Request DefaultHttpRequest(decodeResult: success, version: HTTP/1.1)
POST /session/b540a72eea78ba1b3227b841abb7f9a2/element HTTP/1.1
User-Agent: selenium/4.1.2 (java windows)
Content-Length: 67
Content-Type: application/json; charset=utf-8
host: localhost:61189
accept: */*

Response DefaultHttpResponse(decodeResult: success, version: HTTP/1.1)
HTTP/1.1 200 OK
Content-Type: application/json; charset=utf-8
cache-control: no-cache
content-length: 88

00:48:17.293 [AsyncHttpClient-1-5] DEBUG org.asynchttpclient.netty.channel.ChannelManager - Adding key: http://localhost:61189 for channel [id: 0xe3cdca2b, L:/127.0.0.1:50100 - R:localhost/127.0.0.1:61189]
00:48:17.294 [Forwarding getElementTagName on session b540a72eea78ba1b3227b841abb7f9a2 to remote] DEBUG org.asynchttpclient.netty.request.NettyRequestSender - Using pooled Channel '[id: 0xe3cdca2b, L:/127.0.0.1:50100 - R:localhost/127.0.0.1:61189]' for 'GET' to 'http://localhost:61189/session/b540a72eea78ba1b3227b841abb7f9a2/element/67cbc16b-9c9f-4656-b0d6-0172a0a29397/name'
00:48:17.294 [Forwarding getElementTagName on session b540a72eea78ba1b3227b841abb7f9a2 to remote] DEBUG org.asynchttpclient.netty.request.NettyRequestSender - Using open Channel [id: 0xe3cdca2b, L:/127.0.0.1:50100 - R:localhost/127.0.0.1:61189] for GET '/session/b540a72eea78ba1b3227b841abb7f9a2/element/67cbc16b-9c9f-4656-b0d6-0172a0a29397/name'
00:48:17.307 [AsyncHttpClient-1-5] DEBUG org.asynchttpclient.netty.handler.HttpHandler - 

Request DefaultFullHttpRequest(decodeResult: success, version: HTTP/1.1, content: EmptyByteBufBE)
GET /session/b540a72eea78ba1b3227b841abb7f9a2/element/67cbc16b-9c9f-4656-b0d6-0172a0a29397/name HTTP/1.1
User-Agent: selenium/4.1.2 (java windows)
Cache-Control: no-cache
Content-Type: application/json; charset=utf-8
host: localhost:61189
accept: */*

Response DefaultHttpResponse(decodeResult: success, version: HTTP/1.1)
HTTP/1.1 200 OK
Content-Type: application/json; charset=utf-8
cache-control: no-cache
content-length: 15

00:48:17.307 [AsyncHttpClient-1-5] DEBUG org.asynchttpclient.netty.channel.ChannelManager - Adding key: http://localhost:61189 for channel [id: 0xe3cdca2b, L:/127.0.0.1:50100 - R:localhost/127.0.0.1:61189]
00:48:17.308 [Forwarding getElementTagName on session b540a72eea78ba1b3227b841abb7f9a2 to remote] DEBUG org.asynchttpclient.netty.request.NettyRequestSender - Using pooled Channel '[id: 0xe3cdca2b, L:/127.0.0.1:50100 - R:localhost/127.0.0.1:61189]' for 'GET' to 'http://localhost:61189/session/b540a72eea78ba1b3227b841abb7f9a2/element/67cbc16b-9c9f-4656-b0d6-0172a0a29397/name'
00:48:17.308 [Forwarding getElementTagName on session b540a72eea78ba1b3227b841abb7f9a2 to remote] DEBUG org.asynchttpclient.netty.request.NettyRequestSender - Using open Channel [id: 0xe3cdca2b, L:/127.0.0.1:50100 - R:localhost/127.0.0.1:61189] for GET '/session/b540a72eea78ba1b3227b841abb7f9a2/element/67cbc16b-9c9f-4656-b0d6-0172a0a29397/name'
00:48:17.319 [AsyncHttpClient-1-5] DEBUG org.asynchttpclient.netty.handler.HttpHandler - 

Request DefaultFullHttpRequest(decodeResult: success, version: HTTP/1.1, content: EmptyByteBufBE)
GET /session/b540a72eea78ba1b3227b841abb7f9a2/element/67cbc16b-9c9f-4656-b0d6-0172a0a29397/name HTTP/1.1
User-Agent: selenium/4.1.2 (java windows)
Cache-Control: no-cache
Content-Type: application/json; charset=utf-8
host: localhost:61189
accept: */*

Response DefaultHttpResponse(decodeResult: success, version: HTTP/1.1)
HTTP/1.1 200 OK
Content-Type: application/json; charset=utf-8
cache-control: no-cache
content-length: 15

00:48:17.319 [AsyncHttpClient-1-5] DEBUG org.asynchttpclient.netty.channel.ChannelManager - Adding key: http://localhost:61189 for channel [id: 0xe3cdca2b, L:/127.0.0.1:50100 - R:localhost/127.0.0.1:61189]
00:48:17.320 [Forwarding findElement on session b540a72eea78ba1b3227b841abb7f9a2 to remote] DEBUG org.asynchttpclient.netty.request.NettyRequestSender - Using pooled Channel '[id: 0xe3cdca2b, L:/127.0.0.1:50100 - R:localhost/127.0.0.1:61189]' for 'POST' to 'http://localhost:61189/session/b540a72eea78ba1b3227b841abb7f9a2/element'
00:48:17.320 [Forwarding findElement on session b540a72eea78ba1b3227b841abb7f9a2 to remote] DEBUG org.asynchttpclient.netty.request.NettyRequestSender - Using open Channel [id: 0xe3cdca2b, L:/127.0.0.1:50100 - R:localhost/127.0.0.1:61189] for POST '/session/b540a72eea78ba1b3227b841abb7f9a2/element'
00:48:17.336 [AsyncHttpClient-1-5] DEBUG org.asynchttpclient.netty.handler.HttpHandler - 

Request DefaultHttpRequest(decodeResult: success, version: HTTP/1.1)
POST /session/b540a72eea78ba1b3227b841abb7f9a2/element HTTP/1.1
User-Agent: selenium/4.1.2 (java windows)
Content-Length: 67
Content-Type: application/json; charset=utf-8
host: localhost:61189
accept: */*

Response DefaultHttpResponse(decodeResult: success, version: HTTP/1.1)
HTTP/1.1 200 OK
Content-Type: application/json; charset=utf-8
cache-control: no-cache
content-length: 88

00:48:17.337 [AsyncHttpClient-1-5] DEBUG org.asynchttpclient.netty.channel.ChannelManager - Adding key: http://localhost:61189 for channel [id: 0xe3cdca2b, L:/127.0.0.1:50100 - R:localhost/127.0.0.1:61189]
00:48:17.337 [Forwarding clickElement on session b540a72eea78ba1b3227b841abb7f9a2 to remote] DEBUG org.asynchttpclient.netty.request.NettyRequestSender - Using pooled Channel '[id: 0xe3cdca2b, L:/127.0.0.1:50100 - R:localhost/127.0.0.1:61189]' for 'POST' to 'http://localhost:61189/session/b540a72eea78ba1b3227b841abb7f9a2/element/67cbc16b-9c9f-4656-b0d6-0172a0a29397/click'
00:48:17.337 [Forwarding clickElement on session b540a72eea78ba1b3227b841abb7f9a2 to remote] DEBUG org.asynchttpclient.netty.request.NettyRequestSender - Using open Channel [id: 0xe3cdca2b, L:/127.0.0.1:50100 - R:localhost/127.0.0.1:61189] for POST '/session/b540a72eea78ba1b3227b841abb7f9a2/element/67cbc16b-9c9f-4656-b0d6-0172a0a29397/click'
00:48:17.404 [AsyncHttpClient-1-5] DEBUG org.asynchttpclient.netty.handler.HttpHandler - 

Request DefaultHttpRequest(decodeResult: success, version: HTTP/1.1)
POST /session/b540a72eea78ba1b3227b841abb7f9a2/element/67cbc16b-9c9f-4656-b0d6-0172a0a29397/click HTTP/1.1
User-Agent: selenium/4.1.2 (java windows)
Content-Length: 50
Content-Type: application/json; charset=utf-8
host: localhost:61189
accept: */*

Response DefaultHttpResponse(decodeResult: success, version: HTTP/1.1)
HTTP/1.1 200 OK
Content-Type: application/json; charset=utf-8
cache-control: no-cache
content-length: 14

00:48:17.404 [AsyncHttpClient-1-5] DEBUG org.asynchttpclient.netty.channel.ChannelManager - Adding key: http://localhost:61189 for channel [id: 0xe3cdca2b, L:/127.0.0.1:50100 - R:localhost/127.0.0.1:61189]
00:48:17.409 [Forwarding screenshot on session b540a72eea78ba1b3227b841abb7f9a2 to remote] DEBUG org.asynchttpclient.netty.request.NettyRequestSender - Using pooled Channel '[id: 0xe3cdca2b, L:/127.0.0.1:50100 - R:localhost/127.0.0.1:61189]' for 'GET' to 'http://localhost:61189/session/b540a72eea78ba1b3227b841abb7f9a2/screenshot'
00:48:17.409 [Forwarding screenshot on session b540a72eea78ba1b3227b841abb7f9a2 to remote] DEBUG org.asynchttpclient.netty.request.NettyRequestSender - Using open Channel [id: 0xe3cdca2b, L:/127.0.0.1:50100 - R:localhost/127.0.0.1:61189] for GET '/session/b540a72eea78ba1b3227b841abb7f9a2/screenshot'
00:48:17.562 [AsyncHttpClient-1-5] DEBUG org.asynchttpclient.netty.handler.HttpHandler - 

Request DefaultFullHttpRequest(decodeResult: success, version: HTTP/1.1, content: EmptyByteBufBE)
GET /session/b540a72eea78ba1b3227b841abb7f9a2/screenshot HTTP/1.1
User-Agent: selenium/4.1.2 (java windows)
Cache-Control: no-cache
Content-Type: application/json; charset=utf-8
host: localhost:61189
accept: */*

Response DefaultHttpResponse(decodeResult: success, version: HTTP/1.1)
HTTP/1.1 200 OK
Content-Type: application/json; charset=utf-8
cache-control: no-cache
content-length: 85676

00:48:17.562 [AsyncHttpClient-1-5] DEBUG org.asynchttpclient.netty.channel.ChannelManager - Adding key: http://localhost:61189 for channel [id: 0xe3cdca2b, L:/127.0.0.1:50100 - R:localhost/127.0.0.1:61189]
00:48:17.564 [main] DEBUG net.serenitybdd.core.photography.Darkroom - Send negative for processing for target\site\serenity\15403b1dd66b3e28d18444c2602b30c120474f22f8094ecb7105fb74b5dfeb0b.png
00:48:17.564 [main] DEBUG net.thucydides.core.steps.StepInterceptor - STEP DONE: memberchoose
  &amp#27;[32mAnd &amp#27;[0m&amp#27;[32madmin chosee user and chosee membership&amp#27;[0m &amp#27;[90m# starter.definitions.MembershipSteps.adminChoseeUserAndChoseeMembership()&amp#27;[0m
00:48:17.565 [Darkroom Processing Line] DEBUG net.serenitybdd.core.photography.DarkroomProcessingLine - Processing screenshot image in /var/screenshots/screenshot-11533006668870139204
00:48:17.565 [Darkroom Processing Line] DEBUG net.serenitybdd.core.photography.DarkroomProcessingLine - Saving screenshot to target\site\serenity\15403b1dd66b3e28d18444c2602b30c120474f22f8094ecb7105fb74b5dfeb0b.png
00:48:17.577 [main] DEBUG net.thucydides.core.steps.StepInterceptor - STARTING STEP: MembershipSteps.adminClickSave - buttonsave
00:48:17.579 [Forwarding findElement on session b540a72eea78ba1b3227b841abb7f9a2 to remote] DEBUG org.asynchttpclient.netty.request.NettyRequestSender - Using pooled Channel '[id: 0xe3cdca2b, L:/127.0.0.1:50100 - R:localhost/127.0.0.1:61189]' for 'POST' to 'http://localhost:61189/session/b540a72eea78ba1b3227b841abb7f9a2/element'
00:48:17.579 [Forwarding findElement on session b540a72eea78ba1b3227b841abb7f9a2 to remote] DEBUG org.asynchttpclient.netty.request.NettyRequestSender - Using open Channel [id: 0xe3cdca2b, L:/127.0.0.1:50100 - R:localhost/127.0.0.1:61189] for POST '/session/b540a72eea78ba1b3227b841abb7f9a2/element'
00:48:17.598 [AsyncHttpClient-1-5] DEBUG org.asynchttpclient.netty.handler.HttpHandler - 

Request DefaultHttpRequest(decodeResult: success, version: HTTP/1.1)
POST /session/b540a72eea78ba1b3227b841abb7f9a2/element HTTP/1.1
User-Agent: selenium/4.1.2 (java windows)
Content-Length: 81
Content-Type: application/json; charset=utf-8
host: localhost:61189
accept: */*

Response DefaultHttpResponse(decodeResult: success, version: HTTP/1.1)
HTTP/1.1 200 OK
Content-Type: application/json; charset=utf-8
cache-control: no-cache
content-length: 88

00:48:17.598 [AsyncHttpClient-1-5] DEBUG org.asynchttpclient.netty.channel.ChannelManager - Adding key: http://localhost:61189 for channel [id: 0xe3cdca2b, L:/127.0.0.1:50100 - R:localhost/127.0.0.1:61189]
00:48:17.599 [Forwarding getElementTagName on session b540a72eea78ba1b3227b841abb7f9a2 to remote] DEBUG org.asynchttpclient.netty.request.NettyRequestSender - Using pooled Channel '[id: 0xe3cdca2b, L:/127.0.0.1:50100 - R:localhost/127.0.0.1:61189]' for 'GET' to 'http://localhost:61189/session/b540a72eea78ba1b3227b841abb7f9a2/element/b7e2578e-c77d-48c7-8347-c615e6b4cbfa/name'
00:48:17.599 [Forwarding getElementTagName on session b540a72eea78ba1b3227b841abb7f9a2 to remote] DEBUG org.asynchttpclient.netty.request.NettyRequestSender - Using open Channel [id: 0xe3cdca2b, L:/127.0.0.1:50100 - R:localhost/127.0.0.1:61189] for GET '/session/b540a72eea78ba1b3227b841abb7f9a2/element/b7e2578e-c77d-48c7-8347-c615e6b4cbfa/name'
00:48:17.611 [AsyncHttpClient-1-5] DEBUG org.asynchttpclient.netty.handler.HttpHandler - 

Request DefaultFullHttpRequest(decodeResult: success, version: HTTP/1.1, content: EmptyByteBufBE)
GET /session/b540a72eea78ba1b3227b841abb7f9a2/element/b7e2578e-c77d-48c7-8347-c615e6b4cbfa/name HTTP/1.1
User-Agent: selenium/4.1.2 (java windows)
Cache-Control: no-cache
Content-Type: application/json; charset=utf-8
host: localhost:61189
accept: */*

Response DefaultHttpResponse(decodeResult: success, version: HTTP/1.1)
HTTP/1.1 200 OK
Content-Type: application/json; charset=utf-8
cache-control: no-cache
content-length: 18

00:48:17.611 [AsyncHttpClient-1-5] DEBUG org.asynchttpclient.netty.channel.ChannelManager - Adding key: http://localhost:61189 for channel [id: 0xe3cdca2b, L:/127.0.0.1:50100 - R:localhost/127.0.0.1:61189]
00:48:17.612 [Forwarding getElementTagName on session b540a72eea78ba1b3227b841abb7f9a2 to remote] DEBUG org.asynchttpclient.netty.request.NettyRequestSender - Using pooled Channel '[id: 0xe3cdca2b, L:/127.0.0.1:50100 - R:localhost/127.0.0.1:61189]' for 'GET' to 'http://localhost:61189/session/b540a72eea78ba1b3227b841abb7f9a2/element/b7e2578e-c77d-48c7-8347-c615e6b4cbfa/name'
00:48:17.612 [Forwarding getElementTagName on session b540a72eea78ba1b3227b841abb7f9a2 to remote] DEBUG org.asynchttpclient.netty.request.NettyRequestSender - Using open Channel [id: 0xe3cdca2b, L:/127.0.0.1:50100 - R:localhost/127.0.0.1:61189] for GET '/session/b540a72eea78ba1b3227b841abb7f9a2/element/b7e2578e-c77d-48c7-8347-c615e6b4cbfa/name'
00:48:17.620 [AsyncHttpClient-1-5] DEBUG org.asynchttpclient.netty.handler.HttpHandler - 

Request DefaultFullHttpRequest(decodeResult: success, version: HTTP/1.1, content: EmptyByteBufBE)
GET /session/b540a72eea78ba1b3227b841abb7f9a2/element/b7e2578e-c77d-48c7-8347-c615e6b4cbfa/name HTTP/1.1
User-Agent: selenium/4.1.2 (java windows)
Cache-Control: no-cache
Content-Type: application/json; charset=utf-8
host: localhost:61189
accept: */*

Response DefaultHttpResponse(decodeResult: success, version: HTTP/1.1)
HTTP/1.1 200 OK
Content-Type: application/json; charset=utf-8
cache-control: no-cache
content-length: 18

00:48:17.620 [AsyncHttpClient-1-5] DEBUG org.asynchttpclient.netty.channel.ChannelManager - Adding key: http://localhost:61189 for channel [id: 0xe3cdca2b, L:/127.0.0.1:50100 - R:localhost/127.0.0.1:61189]
00:48:17.622 [Forwarding isElementEnabled on session b540a72eea78ba1b3227b841abb7f9a2 to remote] DEBUG org.asynchttpclient.netty.request.NettyRequestSender - Using pooled Channel '[id: 0xe3cdca2b, L:/127.0.0.1:50100 - R:localhost/127.0.0.1:61189]' for 'GET' to 'http://localhost:61189/session/b540a72eea78ba1b3227b841abb7f9a2/element/b7e2578e-c77d-48c7-8347-c615e6b4cbfa/enabled'
00:48:17.622 [Forwarding isElementEnabled on session b540a72eea78ba1b3227b841abb7f9a2 to remote] DEBUG org.asynchttpclient.netty.request.NettyRequestSender - Using open Channel [id: 0xe3cdca2b, L:/127.0.0.1:50100 - R:localhost/127.0.0.1:61189] for GET '/session/b540a72eea78ba1b3227b841abb7f9a2/element/b7e2578e-c77d-48c7-8347-c615e6b4cbfa/enabled'
00:48:17.639 [AsyncHttpClient-1-5] DEBUG org.asynchttpclient.netty.handler.HttpHandler - 

Request DefaultFullHttpRequest(decodeResult: success, version: HTTP/1.1, content: EmptyByteBufBE)
GET /session/b540a72eea78ba1b3227b841abb7f9a2/element/b7e2578e-c77d-48c7-8347-c615e6b4cbfa/enabled HTTP/1.1
User-Agent: selenium/4.1.2 (java windows)
Cache-Control: no-cache
Content-Type: application/json; charset=utf-8
host: localhost:61189
accept: */*

Response DefaultHttpResponse(decodeResult: success, version: HTTP/1.1)
HTTP/1.1 200 OK
Content-Type: application/json; charset=utf-8
cache-control: no-cache
content-length: 14

00:48:17.639 [AsyncHttpClient-1-5] DEBUG org.asynchttpclient.netty.channel.ChannelManager - Adding key: http://localhost:61189 for channel [id: 0xe3cdca2b, L:/127.0.0.1:50100 - R:localhost/127.0.0.1:61189]
00:48:17.640 [Forwarding isElementEnabled on session b540a72eea78ba1b3227b841abb7f9a2 to remote] DEBUG org.asynchttpclient.netty.request.NettyRequestSender - Using pooled Channel '[id: 0xe3cdca2b, L:/127.0.0.1:50100 - R:localhost/127.0.0.1:61189]' for 'GET' to 'http://localhost:61189/session/b540a72eea78ba1b3227b841abb7f9a2/element/b7e2578e-c77d-48c7-8347-c615e6b4cbfa/enabled'
00:48:17.640 [Forwarding isElementEnabled on session b540a72eea78ba1b3227b841abb7f9a2 to remote] DEBUG org.asynchttpclient.netty.request.NettyRequestSender - Using open Channel [id: 0xe3cdca2b, L:/127.0.0.1:50100 - R:localhost/127.0.0.1:61189] for GET '/session/b540a72eea78ba1b3227b841abb7f9a2/element/b7e2578e-c77d-48c7-8347-c615e6b4cbfa/enabled'
00:48:17.657 [AsyncHttpClient-1-5] DEBUG org.asynchttpclient.netty.handler.HttpHandler - 

Request DefaultFullHttpRequest(decodeResult: success, version: HTTP/1.1, content: EmptyByteBufBE)
GET /session/b540a72eea78ba1b3227b841abb7f9a2/element/b7e2578e-c77d-48c7-8347-c615e6b4cbfa/enabled HTTP/1.1
User-Agent: selenium/4.1.2 (java windows)
Cache-Control: no-cache
Content-Type: application/json; charset=utf-8
host: localhost:61189
accept: */*

Response DefaultHttpResponse(decodeResult: success, version: HTTP/1.1)
HTTP/1.1 200 OK
Content-Type: application/json; charset=utf-8
cache-control: no-cache
content-length: 14

00:48:17.657 [AsyncHttpClient-1-5] DEBUG org.asynchttpclient.netty.channel.ChannelManager - Adding key: http://localhost:61189 for channel [id: 0xe3cdca2b, L:/127.0.0.1:50100 - R:localhost/127.0.0.1:61189]
00:48:17.659 [Forwarding findElement on session b540a72eea78ba1b3227b841abb7f9a2 to remote] DEBUG org.asynchttpclient.netty.request.NettyRequestSender - Using pooled Channel '[id: 0xe3cdca2b, L:/127.0.0.1:50100 - R:localhost/127.0.0.1:61189]' for 'POST' to 'http://localhost:61189/session/b540a72eea78ba1b3227b841abb7f9a2/element'
00:48:17.659 [Forwarding findElement on session b540a72eea78ba1b3227b841abb7f9a2 to remote] DEBUG org.asynchttpclient.netty.request.NettyRequestSender - Using open Channel [id: 0xe3cdca2b, L:/127.0.0.1:50100 - R:localhost/127.0.0.1:61189] for POST '/session/b540a72eea78ba1b3227b841abb7f9a2/element'
00:48:17.676 [AsyncHttpClient-1-5] DEBUG org.asynchttpclient.netty.handler.HttpHandler - 

Request DefaultHttpRequest(decodeResult: success, version: HTTP/1.1)
POST /session/b540a72eea78ba1b3227b841abb7f9a2/element HTTP/1.1
User-Agent: selenium/4.1.2 (java windows)
Content-Length: 81
Content-Type: application/json; charset=utf-8
host: localhost:61189
accept: */*

Response DefaultHttpResponse(decodeResult: success, version: HTTP/1.1)
HTTP/1.1 200 OK
Content-Type: application/json; charset=utf-8
cache-control: no-cache
content-length: 88

00:48:17.676 [AsyncHttpClient-1-5] DEBUG org.asynchttpclient.netty.channel.ChannelManager - Adding key: http://localhost:61189 for channel [id: 0xe3cdca2b, L:/127.0.0.1:50100 - R:localhost/127.0.0.1:61189]
00:48:17.677 [Forwarding clickElement on session b540a72eea78ba1b3227b841abb7f9a2 to remote] DEBUG org.asynchttpclient.netty.request.NettyRequestSender - Using pooled Channel '[id: 0xe3cdca2b, L:/127.0.0.1:50100 - R:localhost/127.0.0.1:61189]' for 'POST' to 'http://localhost:61189/session/b540a72eea78ba1b3227b841abb7f9a2/element/b7e2578e-c77d-48c7-8347-c615e6b4cbfa/click'
00:48:17.677 [Forwarding clickElement on session b540a72eea78ba1b3227b841abb7f9a2 to remote] DEBUG org.asynchttpclient.netty.request.NettyRequestSender - Using open Channel [id: 0xe3cdca2b, L:/127.0.0.1:50100 - R:localhost/127.0.0.1:61189] for POST '/session/b540a72eea78ba1b3227b841abb7f9a2/element/b7e2578e-c77d-48c7-8347-c615e6b4cbfa/click'
00:48:17.734 [AsyncHttpClient-1-5] DEBUG org.asynchttpclient.netty.handler.HttpHandler - 

Request DefaultHttpRequest(decodeResult: success, version: HTTP/1.1)
POST /session/b540a72eea78ba1b3227b841abb7f9a2/element/b7e2578e-c77d-48c7-8347-c615e6b4cbfa/click HTTP/1.1
User-Agent: selenium/4.1.2 (java windows)
Content-Length: 50
Content-Type: application/json; charset=utf-8
host: localhost:61189
accept: */*

Response DefaultHttpResponse(decodeResult: success, version: HTTP/1.1)
HTTP/1.1 200 OK
Content-Type: application/json; charset=utf-8
cache-control: no-cache
content-length: 14

00:48:17.734 [AsyncHttpClient-1-5] DEBUG org.asynchttpclient.netty.channel.ChannelManager - Adding key: http://localhost:61189 for channel [id: 0xe3cdca2b, L:/127.0.0.1:50100 - R:localhost/127.0.0.1:61189]
00:48:17.739 [Forwarding screenshot on session b540a72eea78ba1b3227b841abb7f9a2 to remote] DEBUG org.asynchttpclient.netty.request.NettyRequestSender - Using pooled Channel '[id: 0xe3cdca2b, L:/127.0.0.1:50100 - R:localhost/127.0.0.1:61189]' for 'GET' to 'http://localhost:61189/session/b540a72eea78ba1b3227b841abb7f9a2/screenshot'
00:48:17.739 [Forwarding screenshot on session b540a72eea78ba1b3227b841abb7f9a2 to remote] DEBUG org.asynchttpclient.netty.request.NettyRequestSender - Using open Channel [id: 0xe3cdca2b, L:/127.0.0.1:50100 - R:localhost/127.0.0.1:61189] for GET '/session/b540a72eea78ba1b3227b841abb7f9a2/screenshot'
00:48:17.886 [AsyncHttpClient-1-1] DEBUG org.asynchttpclient.netty.channel.DefaultChannelPool - Entry count for : http://localhost:50101 : 1
00:48:18.002 [AsyncHttpClient-1-5] DEBUG org.asynchttpclient.netty.handler.HttpHandler - 

Request DefaultFullHttpRequest(decodeResult: success, version: HTTP/1.1, content: EmptyByteBufBE)
GET /session/b540a72eea78ba1b3227b841abb7f9a2/screenshot HTTP/1.1
User-Agent: selenium/4.1.2 (java windows)
Cache-Control: no-cache
Content-Type: application/json; charset=utf-8
host: localhost:61189
accept: */*

Response DefaultHttpResponse(decodeResult: success, version: HTTP/1.1)
HTTP/1.1 200 OK
Content-Type: application/json; charset=utf-8
cache-control: no-cache
content-length: 149000

00:48:18.002 [AsyncHttpClient-1-5] DEBUG org.asynchttpclient.netty.channel.ChannelManager - Adding key: http://localhost:61189 for channel [id: 0xe3cdca2b, L:/127.0.0.1:50100 - R:localhost/127.0.0.1:61189]
00:48:18.006 [main] DEBUG net.serenitybdd.core.photography.Darkroom - Send negative for processing for target\site\serenity\09adbe8fcfec50b310db92480fda35c3d29d0057843fedf938e10079e917fccb.png
00:48:18.006 [main] DEBUG net.thucydides.core.steps.StepInterceptor - STEP DONE: buttonsave
00:48:18.006 [Darkroom Processing Line] DEBUG net.serenitybdd.core.photography.DarkroomProcessingLine - Processing screenshot image in /var/screenshots/screenshot-15875534129776509673
00:48:18.006 [Darkroom Processing Line] DEBUG net.serenitybdd.core.photography.DarkroomProcessingLine - Saving screenshot to target\site\serenity\09adbe8fcfec50b310db92480fda35c3d29d0057843fedf938e10079e917fccb.png
00:48:18.010 [main] DEBUG net.thucydides.core.steps.StepInterceptor - STARTING STEP: MembershipSteps.adminClickSave - payy
00:48:18.012 [Forwarding findElement on session b540a72eea78ba1b3227b841abb7f9a2 to remote] DEBUG org.asynchttpclient.netty.request.NettyRequestSender - Using pooled Channel '[id: 0xe3cdca2b, L:/127.0.0.1:50100 - R:localhost/127.0.0.1:61189]' for 'POST' to 'http://localhost:61189/session/b540a72eea78ba1b3227b841abb7f9a2/element'
00:48:18.012 [Forwarding findElement on session b540a72eea78ba1b3227b841abb7f9a2 to remote] DEBUG org.asynchttpclient.netty.request.NettyRequestSender - Using open Channel [id: 0xe3cdca2b, L:/127.0.0.1:50100 - R:localhost/127.0.0.1:61189] for POST '/session/b540a72eea78ba1b3227b841abb7f9a2/element'
00:48:18.032 [AsyncHttpClient-1-5] DEBUG org.asynchttpclient.netty.handler.HttpHandler - 

Request DefaultHttpRequest(decodeResult: success, version: HTTP/1.1)
POST /session/b540a72eea78ba1b3227b841abb7f9a2/element HTTP/1.1
User-Agent: selenium/4.1.2 (java windows)
Content-Length: 80
Content-Type: application/json; charset=utf-8
host: localhost:61189
accept: */*

Response DefaultHttpResponse(decodeResult: success, version: HTTP/1.1)
HTTP/1.1 200 OK
Content-Type: application/json; charset=utf-8
cache-control: no-cache
content-length: 88

00:48:18.032 [AsyncHttpClient-1-5] DEBUG org.asynchttpclient.netty.channel.ChannelManager - Adding key: http://localhost:61189 for channel [id: 0xe3cdca2b, L:/127.0.0.1:50100 - R:localhost/127.0.0.1:61189]
00:48:18.033 [Forwarding getElementTagName on session b540a72eea78ba1b3227b841abb7f9a2 to remote] DEBUG org.asynchttpclient.netty.request.NettyRequestSender - Using pooled Channel '[id: 0xe3cdca2b, L:/127.0.0.1:50100 - R:localhost/127.0.0.1:61189]' for 'GET' to 'http://localhost:61189/session/b540a72eea78ba1b3227b841abb7f9a2/element/d0cb1fe5-d6ae-48d9-8639-3ee4b72904e9/name'
00:48:18.033 [Forwarding getElementTagName on session b540a72eea78ba1b3227b841abb7f9a2 to remote] DEBUG org.asynchttpclient.netty.request.NettyRequestSender - Using open Channel [id: 0xe3cdca2b, L:/127.0.0.1:50100 - R:localhost/127.0.0.1:61189] for GET '/session/b540a72eea78ba1b3227b841abb7f9a2/element/d0cb1fe5-d6ae-48d9-8639-3ee4b72904e9/name'
00:48:18.044 [AsyncHttpClient-1-5] DEBUG org.asynchttpclient.netty.handler.HttpHandler - 

Request DefaultFullHttpRequest(decodeResult: success, version: HTTP/1.1, content: EmptyByteBufBE)
GET /session/b540a72eea78ba1b3227b841abb7f9a2/element/d0cb1fe5-d6ae-48d9-8639-3ee4b72904e9/name HTTP/1.1
User-Agent: selenium/4.1.2 (java windows)
Cache-Control: no-cache
Content-Type: application/json; charset=utf-8
host: localhost:61189
accept: */*

Response DefaultHttpResponse(decodeResult: success, version: HTTP/1.1)
HTTP/1.1 200 OK
Content-Type: application/json; charset=utf-8
cache-control: no-cache
content-length: 18

00:48:18.044 [AsyncHttpClient-1-5] DEBUG org.asynchttpclient.netty.channel.ChannelManager - Adding key: http://localhost:61189 for channel [id: 0xe3cdca2b, L:/127.0.0.1:50100 - R:localhost/127.0.0.1:61189]
00:48:18.045 [Forwarding getElementTagName on session b540a72eea78ba1b3227b841abb7f9a2 to remote] DEBUG org.asynchttpclient.netty.request.NettyRequestSender - Using pooled Channel '[id: 0xe3cdca2b, L:/127.0.0.1:50100 - R:localhost/127.0.0.1:61189]' for 'GET' to 'http://localhost:61189/session/b540a72eea78ba1b3227b841abb7f9a2/element/d0cb1fe5-d6ae-48d9-8639-3ee4b72904e9/name'
00:48:18.045 [Forwarding getElementTagName on session b540a72eea78ba1b3227b841abb7f9a2 to remote] DEBUG org.asynchttpclient.netty.request.NettyRequestSender - Using open Channel [id: 0xe3cdca2b, L:/127.0.0.1:50100 - R:localhost/127.0.0.1:61189] for GET '/session/b540a72eea78ba1b3227b841abb7f9a2/element/d0cb1fe5-d6ae-48d9-8639-3ee4b72904e9/name'
00:48:18.058 [AsyncHttpClient-1-5] DEBUG org.asynchttpclient.netty.handler.HttpHandler - 

Request DefaultFullHttpRequest(decodeResult: success, version: HTTP/1.1, content: EmptyByteBufBE)
GET /session/b540a72eea78ba1b3227b841abb7f9a2/element/d0cb1fe5-d6ae-48d9-8639-3ee4b72904e9/name HTTP/1.1
User-Agent: selenium/4.1.2 (java windows)
Cache-Control: no-cache
Content-Type: application/json; charset=utf-8
host: localhost:61189
accept: */*

Response DefaultHttpResponse(decodeResult: success, version: HTTP/1.1)
HTTP/1.1 200 OK
Content-Type: application/json; charset=utf-8
cache-control: no-cache
content-length: 18

00:48:18.058 [AsyncHttpClient-1-5] DEBUG org.asynchttpclient.netty.channel.ChannelManager - Adding key: http://localhost:61189 for channel [id: 0xe3cdca2b, L:/127.0.0.1:50100 - R:localhost/127.0.0.1:61189]
00:48:18.060 [Forwarding isElementEnabled on session b540a72eea78ba1b3227b841abb7f9a2 to remote] DEBUG org.asynchttpclient.netty.request.NettyRequestSender - Using pooled Channel '[id: 0xe3cdca2b, L:/127.0.0.1:50100 - R:localhost/127.0.0.1:61189]' for 'GET' to 'http://localhost:61189/session/b540a72eea78ba1b3227b841abb7f9a2/element/d0cb1fe5-d6ae-48d9-8639-3ee4b72904e9/enabled'
00:48:18.060 [Forwarding isElementEnabled on session b540a72eea78ba1b3227b841abb7f9a2 to remote] DEBUG org.asynchttpclient.netty.request.NettyRequestSender - Using open Channel [id: 0xe3cdca2b, L:/127.0.0.1:50100 - R:localhost/127.0.0.1:61189] for GET '/session/b540a72eea78ba1b3227b841abb7f9a2/element/d0cb1fe5-d6ae-48d9-8639-3ee4b72904e9/enabled'
00:48:18.079 [AsyncHttpClient-1-5] DEBUG org.asynchttpclient.netty.handler.HttpHandler - 

Request DefaultFullHttpRequest(decodeResult: success, version: HTTP/1.1, content: EmptyByteBufBE)
GET /session/b540a72eea78ba1b3227b841abb7f9a2/element/d0cb1fe5-d6ae-48d9-8639-3ee4b72904e9/enabled HTTP/1.1
User-Agent: selenium/4.1.2 (java windows)
Cache-Control: no-cache
Content-Type: application/json; charset=utf-8
host: localhost:61189
accept: */*

Response DefaultHttpResponse(decodeResult: success, version: HTTP/1.1)
HTTP/1.1 200 OK
Content-Type: application/json; charset=utf-8
cache-control: no-cache
content-length: 14

00:48:18.079 [AsyncHttpClient-1-5] DEBUG org.asynchttpclient.netty.channel.ChannelManager - Adding key: http://localhost:61189 for channel [id: 0xe3cdca2b, L:/127.0.0.1:50100 - R:localhost/127.0.0.1:61189]
00:48:18.080 [Forwarding isElementEnabled on session b540a72eea78ba1b3227b841abb7f9a2 to remote] DEBUG org.asynchttpclient.netty.request.NettyRequestSender - Using pooled Channel '[id: 0xe3cdca2b, L:/127.0.0.1:50100 - R:localhost/127.0.0.1:61189]' for 'GET' to 'http://localhost:61189/session/b540a72eea78ba1b3227b841abb7f9a2/element/d0cb1fe5-d6ae-48d9-8639-3ee4b72904e9/enabled'
00:48:18.080 [Forwarding isElementEnabled on session b540a72eea78ba1b3227b841abb7f9a2 to remote] DEBUG org.asynchttpclient.netty.request.NettyRequestSender - Using open Channel [id: 0xe3cdca2b, L:/127.0.0.1:50100 - R:localhost/127.0.0.1:61189] for GET '/session/b540a72eea78ba1b3227b841abb7f9a2/element/d0cb1fe5-d6ae-48d9-8639-3ee4b72904e9/enabled'
00:48:18.098 [AsyncHttpClient-1-5] DEBUG org.asynchttpclient.netty.handler.HttpHandler - 

Request DefaultFullHttpRequest(decodeResult: success, version: HTTP/1.1, content: EmptyByteBufBE)
GET /session/b540a72eea78ba1b3227b841abb7f9a2/element/d0cb1fe5-d6ae-48d9-8639-3ee4b72904e9/enabled HTTP/1.1
User-Agent: selenium/4.1.2 (java windows)
Cache-Control: no-cache
Content-Type: application/json; charset=utf-8
host: localhost:61189
accept: */*

Response DefaultHttpResponse(decodeResult: success, version: HTTP/1.1)
HTTP/1.1 200 OK
Content-Type: application/json; charset=utf-8
cache-control: no-cache
content-length: 14

00:48:18.098 [AsyncHttpClient-1-5] DEBUG org.asynchttpclient.netty.channel.ChannelManager - Adding key: http://localhost:61189 for channel [id: 0xe3cdca2b, L:/127.0.0.1:50100 - R:localhost/127.0.0.1:61189]
00:48:18.100 [Forwarding findElement on session b540a72eea78ba1b3227b841abb7f9a2 to remote] DEBUG org.asynchttpclient.netty.request.NettyRequestSender - Using pooled Channel '[id: 0xe3cdca2b, L:/127.0.0.1:50100 - R:localhost/127.0.0.1:61189]' for 'POST' to 'http://localhost:61189/session/b540a72eea78ba1b3227b841abb7f9a2/element'
00:48:18.100 [Forwarding findElement on session b540a72eea78ba1b3227b841abb7f9a2 to remote] DEBUG org.asynchttpclient.netty.request.NettyRequestSender - Using open Channel [id: 0xe3cdca2b, L:/127.0.0.1:50100 - R:localhost/127.0.0.1:61189] for POST '/session/b540a72eea78ba1b3227b841abb7f9a2/element'
00:48:18.120 [AsyncHttpClient-1-5] DEBUG org.asynchttpclient.netty.handler.HttpHandler - 

Request DefaultHttpRequest(decodeResult: success, version: HTTP/1.1)
POST /session/b540a72eea78ba1b3227b841abb7f9a2/element HTTP/1.1
User-Agent: selenium/4.1.2 (java windows)
Content-Length: 80
Content-Type: application/json; charset=utf-8
host: localhost:61189
accept: */*

Response DefaultHttpResponse(decodeResult: success, version: HTTP/1.1)
HTTP/1.1 200 OK
Content-Type: application/json; charset=utf-8
cache-control: no-cache
content-length: 88

00:48:18.120 [AsyncHttpClient-1-5] DEBUG org.asynchttpclient.netty.channel.ChannelManager - Adding key: http://localhost:61189 for channel [id: 0xe3cdca2b, L:/127.0.0.1:50100 - R:localhost/127.0.0.1:61189]
00:48:18.121 [Forwarding clickElement on session b540a72eea78ba1b3227b841abb7f9a2 to remote] DEBUG org.asynchttpclient.netty.request.NettyRequestSender - Using pooled Channel '[id: 0xe3cdca2b, L:/127.0.0.1:50100 - R:localhost/127.0.0.1:61189]' for 'POST' to 'http://localhost:61189/session/b540a72eea78ba1b3227b841abb7f9a2/element/d0cb1fe5-d6ae-48d9-8639-3ee4b72904e9/click'
00:48:18.121 [Forwarding clickElement on session b540a72eea78ba1b3227b841abb7f9a2 to remote] DEBUG org.asynchttpclient.netty.request.NettyRequestSender - Using open Channel [id: 0xe3cdca2b, L:/127.0.0.1:50100 - R:localhost/127.0.0.1:61189] for POST '/session/b540a72eea78ba1b3227b841abb7f9a2/element/d0cb1fe5-d6ae-48d9-8639-3ee4b72904e9/click'
00:48:18.198 [AsyncHttpClient-1-5] DEBUG org.asynchttpclient.netty.handler.HttpHandler - 

Request DefaultHttpRequest(decodeResult: success, version: HTTP/1.1)
POST /session/b540a72eea78ba1b3227b841abb7f9a2/element/d0cb1fe5-d6ae-48d9-8639-3ee4b72904e9/click HTTP/1.1
User-Agent: selenium/4.1.2 (java windows)
Content-Length: 50
Content-Type: application/json; charset=utf-8
host: localhost:61189
accept: */*

Response DefaultHttpResponse(decodeResult: success, version: HTTP/1.1)
HTTP/1.1 200 OK
Content-Type: application/json; charset=utf-8
cache-control: no-cache
content-length: 14

00:48:18.198 [AsyncHttpClient-1-5] DEBUG org.asynchttpclient.netty.channel.ChannelManager - Adding key: http://localhost:61189 for channel [id: 0xe3cdca2b, L:/127.0.0.1:50100 - R:localhost/127.0.0.1:61189]
00:48:18.204 [Forwarding screenshot on session b540a72eea78ba1b3227b841abb7f9a2 to remote] DEBUG org.asynchttpclient.netty.request.NettyRequestSender - Using pooled Channel '[id: 0xe3cdca2b, L:/127.0.0.1:50100 - R:localhost/127.0.0.1:61189]' for 'GET' to 'http://localhost:61189/session/b540a72eea78ba1b3227b841abb7f9a2/screenshot'
00:48:18.204 [Forwarding screenshot on session b540a72eea78ba1b3227b841abb7f9a2 to remote] DEBUG org.asynchttpclient.netty.request.NettyRequestSender - Using open Channel [id: 0xe3cdca2b, L:/127.0.0.1:50100 - R:localhost/127.0.0.1:61189] for GET '/session/b540a72eea78ba1b3227b841abb7f9a2/screenshot'
00:48:18.425 [AsyncHttpClient-1-5] DEBUG org.asynchttpclient.netty.handler.HttpHandler - 

Request DefaultFullHttpRequest(decodeResult: success, version: HTTP/1.1, content: EmptyByteBufBE)
GET /session/b540a72eea78ba1b3227b841abb7f9a2/screenshot HTTP/1.1
User-Agent: selenium/4.1.2 (java windows)
Cache-Control: no-cache
Content-Type: application/json; charset=utf-8
host: localhost:61189
accept: */*

Response DefaultHttpResponse(decodeResult: success, version: HTTP/1.1)
HTTP/1.1 200 OK
Content-Type: application/json; charset=utf-8
cache-control: no-cache
content-length: 110696

00:48:18.425 [AsyncHttpClient-1-5] DEBUG org.asynchttpclient.netty.channel.ChannelManager - Adding key: http://localhost:61189 for channel [id: 0xe3cdca2b, L:/127.0.0.1:50100 - R:localhost/127.0.0.1:61189]
00:48:18.427 [main] DEBUG net.serenitybdd.core.photography.Darkroom - Send negative for processing for target\site\serenity\36c2f646eb298d8e133adc514b630bf13d929d1b7c0565400660752e095ddec7.png
00:48:18.428 [main] DEBUG net.thucydides.core.steps.StepInterceptor - STEP DONE: payy
  &amp#27;[32mAnd &amp#27;[0m&amp#27;[32madmin click save&amp#27;[0m                        &amp#27;[90m# starter.definitions.MembershipSteps.adminClickSave()&amp#27;[0m
00:48:18.428 [Darkroom Processing Line] DEBUG net.serenitybdd.core.photography.DarkroomProcessingLine - Processing screenshot image in /var/screenshots/screenshot-6268289688039493244
00:48:18.428 [Darkroom Processing Line] DEBUG net.serenitybdd.core.photography.DarkroomProcessingLine - Saving screenshot to target\site\serenity\36c2f646eb298d8e133adc514b630bf13d929d1b7c0565400660752e095ddec7.png
00:48:18.440 [main] DEBUG net.thucydides.core.steps.StepInterceptor - STARTING STEP: MembershipSteps.adminSucsessAddNewMembership - okclick
00:48:18.443 [Forwarding findElement on session b540a72eea78ba1b3227b841abb7f9a2 to remote] DEBUG org.asynchttpclient.netty.request.NettyRequestSender - Using pooled Channel '[id: 0xe3cdca2b, L:/127.0.0.1:50100 - R:localhost/127.0.0.1:61189]' for 'POST' to 'http://localhost:61189/session/b540a72eea78ba1b3227b841abb7f9a2/element'
00:48:18.443 [Forwarding findElement on session b540a72eea78ba1b3227b841abb7f9a2 to remote] DEBUG org.asynchttpclient.netty.request.NettyRequestSender - Using open Channel [id: 0xe3cdca2b, L:/127.0.0.1:50100 - R:localhost/127.0.0.1:61189] for POST '/session/b540a72eea78ba1b3227b841abb7f9a2/element'
00:48:18.457 [AsyncHttpClient-1-5] DEBUG org.asynchttpclient.netty.handler.HttpHandler - 

Request DefaultHttpRequest(decodeResult: success, version: HTTP/1.1)
POST /session/b540a72eea78ba1b3227b841abb7f9a2/element HTTP/1.1
User-Agent: selenium/4.1.2 (java windows)
Content-Length: 79
Content-Type: application/json; charset=utf-8
host: localhost:61189
accept: */*

Response DefaultHttpResponse(decodeResult: success, version: HTTP/1.1)
HTTP/1.1 200 OK
Content-Type: application/json; charset=utf-8
cache-control: no-cache
content-length: 88

00:48:18.457 [AsyncHttpClient-1-5] DEBUG org.asynchttpclient.netty.channel.ChannelManager - Adding key: http://localhost:61189 for channel [id: 0xe3cdca2b, L:/127.0.0.1:50100 - R:localhost/127.0.0.1:61189]
00:48:18.459 [Forwarding getElementTagName on session b540a72eea78ba1b3227b841abb7f9a2 to remote] DEBUG org.asynchttpclient.netty.request.NettyRequestSender - Using pooled Channel '[id: 0xe3cdca2b, L:/127.0.0.1:50100 - R:localhost/127.0.0.1:61189]' for 'GET' to 'http://localhost:61189/session/b540a72eea78ba1b3227b841abb7f9a2/element/83f48ab0-fda8-471b-a8d6-6365681a5df5/name'
00:48:18.459 [Forwarding getElementTagName on session b540a72eea78ba1b3227b841abb7f9a2 to remote] DEBUG org.asynchttpclient.netty.request.NettyRequestSender - Using open Channel [id: 0xe3cdca2b, L:/127.0.0.1:50100 - R:localhost/127.0.0.1:61189] for GET '/session/b540a72eea78ba1b3227b841abb7f9a2/element/83f48ab0-fda8-471b-a8d6-6365681a5df5/name'
00:48:18.469 [AsyncHttpClient-1-5] DEBUG org.asynchttpclient.netty.handler.HttpHandler - 

Request DefaultFullHttpRequest(decodeResult: success, version: HTTP/1.1, content: EmptyByteBufBE)
GET /session/b540a72eea78ba1b3227b841abb7f9a2/element/83f48ab0-fda8-471b-a8d6-6365681a5df5/name HTTP/1.1
User-Agent: selenium/4.1.2 (java windows)
Cache-Control: no-cache
Content-Type: application/json; charset=utf-8
host: localhost:61189
accept: */*

Response DefaultHttpResponse(decodeResult: success, version: HTTP/1.1)
HTTP/1.1 200 OK
Content-Type: application/json; charset=utf-8
cache-control: no-cache
content-length: 18

00:48:18.469 [AsyncHttpClient-1-5] DEBUG org.asynchttpclient.netty.channel.ChannelManager - Adding key: http://localhost:61189 for channel [id: 0xe3cdca2b, L:/127.0.0.1:50100 - R:localhost/127.0.0.1:61189]
00:48:18.470 [Forwarding getElementTagName on session b540a72eea78ba1b3227b841abb7f9a2 to remote] DEBUG org.asynchttpclient.netty.request.NettyRequestSender - Using pooled Channel '[id: 0xe3cdca2b, L:/127.0.0.1:50100 - R:localhost/127.0.0.1:61189]' for 'GET' to 'http://localhost:61189/session/b540a72eea78ba1b3227b841abb7f9a2/element/83f48ab0-fda8-471b-a8d6-6365681a5df5/name'
00:48:18.470 [Forwarding getElementTagName on session b540a72eea78ba1b3227b841abb7f9a2 to remote] DEBUG org.asynchttpclient.netty.request.NettyRequestSender - Using open Channel [id: 0xe3cdca2b, L:/127.0.0.1:50100 - R:localhost/127.0.0.1:61189] for GET '/session/b540a72eea78ba1b3227b841abb7f9a2/element/83f48ab0-fda8-471b-a8d6-6365681a5df5/name'
00:48:18.481 [AsyncHttpClient-1-5] DEBUG org.asynchttpclient.netty.handler.HttpHandler - 

Request DefaultFullHttpRequest(decodeResult: success, version: HTTP/1.1, content: EmptyByteBufBE)
GET /session/b540a72eea78ba1b3227b841abb7f9a2/element/83f48ab0-fda8-471b-a8d6-6365681a5df5/name HTTP/1.1
User-Agent: selenium/4.1.2 (java windows)
Cache-Control: no-cache
Content-Type: application/json; charset=utf-8
host: localhost:61189
accept: */*

Response DefaultHttpResponse(decodeResult: success, version: HTTP/1.1)
HTTP/1.1 200 OK
Content-Type: application/json; charset=utf-8
cache-control: no-cache
content-length: 18

00:48:18.481 [AsyncHttpClient-1-5] DEBUG org.asynchttpclient.netty.channel.ChannelManager - Adding key: http://localhost:61189 for channel [id: 0xe3cdca2b, L:/127.0.0.1:50100 - R:localhost/127.0.0.1:61189]
00:48:18.483 [Forwarding isElementEnabled on session b540a72eea78ba1b3227b841abb7f9a2 to remote] DEBUG org.asynchttpclient.netty.request.NettyRequestSender - Using pooled Channel '[id: 0xe3cdca2b, L:/127.0.0.1:50100 - R:localhost/127.0.0.1:61189]' for 'GET' to 'http://localhost:61189/session/b540a72eea78ba1b3227b841abb7f9a2/element/83f48ab0-fda8-471b-a8d6-6365681a5df5/enabled'
00:48:18.483 [Forwarding isElementEnabled on session b540a72eea78ba1b3227b841abb7f9a2 to remote] DEBUG org.asynchttpclient.netty.request.NettyRequestSender - Using open Channel [id: 0xe3cdca2b, L:/127.0.0.1:50100 - R:localhost/127.0.0.1:61189] for GET '/session/b540a72eea78ba1b3227b841abb7f9a2/element/83f48ab0-fda8-471b-a8d6-6365681a5df5/enabled'
00:48:18.502 [AsyncHttpClient-1-5] DEBUG org.asynchttpclient.netty.handler.HttpHandler - 

Request DefaultFullHttpRequest(decodeResult: success, version: HTTP/1.1, content: EmptyByteBufBE)
GET /session/b540a72eea78ba1b3227b841abb7f9a2/element/83f48ab0-fda8-471b-a8d6-6365681a5df5/enabled HTTP/1.1
User-Agent: selenium/4.1.2 (java windows)
Cache-Control: no-cache
Content-Type: application/json; charset=utf-8
host: localhost:61189
accept: */*

Response DefaultHttpResponse(decodeResult: success, version: HTTP/1.1)
HTTP/1.1 200 OK
Content-Type: application/json; charset=utf-8
cache-control: no-cache
content-length: 14

00:48:18.502 [AsyncHttpClient-1-5] DEBUG org.asynchttpclient.netty.channel.ChannelManager - Adding key: http://localhost:61189 for channel [id: 0xe3cdca2b, L:/127.0.0.1:50100 - R:localhost/127.0.0.1:61189]
00:48:18.503 [Forwarding isElementEnabled on session b540a72eea78ba1b3227b841abb7f9a2 to remote] DEBUG org.asynchttpclient.netty.request.NettyRequestSender - Using pooled Channel '[id: 0xe3cdca2b, L:/127.0.0.1:50100 - R:localhost/127.0.0.1:61189]' for 'GET' to 'http://localhost:61189/session/b540a72eea78ba1b3227b841abb7f9a2/element/83f48ab0-fda8-471b-a8d6-6365681a5df5/enabled'
00:48:18.503 [Forwarding isElementEnabled on session b540a72eea78ba1b3227b841abb7f9a2 to remote] DEBUG org.asynchttpclient.netty.request.NettyRequestSender - Using open Channel [id: 0xe3cdca2b, L:/127.0.0.1:50100 - R:localhost/127.0.0.1:61189] for GET '/session/b540a72eea78ba1b3227b841abb7f9a2/element/83f48ab0-fda8-471b-a8d6-6365681a5df5/enabled'
00:48:18.519 [AsyncHttpClient-1-5] DEBUG org.asynchttpclient.netty.handler.HttpHandler - 

Request DefaultFullHttpRequest(decodeResult: success, version: HTTP/1.1, content: EmptyByteBufBE)
GET /session/b540a72eea78ba1b3227b841abb7f9a2/element/83f48ab0-fda8-471b-a8d6-6365681a5df5/enabled HTTP/1.1
User-Agent: selenium/4.1.2 (java windows)
Cache-Control: no-cache
Content-Type: application/json; charset=utf-8
host: localhost:61189
accept: */*

Response DefaultHttpResponse(decodeResult: success, version: HTTP/1.1)
HTTP/1.1 200 OK
Content-Type: application/json; charset=utf-8
cache-control: no-cache
content-length: 14

00:48:18.519 [AsyncHttpClient-1-5] DEBUG org.asynchttpclient.netty.channel.ChannelManager - Adding key: http://localhost:61189 for channel [id: 0xe3cdca2b, L:/127.0.0.1:50100 - R:localhost/127.0.0.1:61189]
00:48:18.521 [Forwarding findElement on session b540a72eea78ba1b3227b841abb7f9a2 to remote] DEBUG org.asynchttpclient.netty.request.NettyRequestSender - Using pooled Channel '[id: 0xe3cdca2b, L:/127.0.0.1:50100 - R:localhost/127.0.0.1:61189]' for 'POST' to 'http://localhost:61189/session/b540a72eea78ba1b3227b841abb7f9a2/element'
00:48:18.521 [Forwarding findElement on session b540a72eea78ba1b3227b841abb7f9a2 to remote] DEBUG org.asynchttpclient.netty.request.NettyRequestSender - Using open Channel [id: 0xe3cdca2b, L:/127.0.0.1:50100 - R:localhost/127.0.0.1:61189] for POST '/session/b540a72eea78ba1b3227b841abb7f9a2/element'
00:48:18.536 [AsyncHttpClient-1-5] DEBUG org.asynchttpclient.netty.handler.HttpHandler - 

Request DefaultHttpRequest(decodeResult: success, version: HTTP/1.1)
POST /session/b540a72eea78ba1b3227b841abb7f9a2/element HTTP/1.1
User-Agent: selenium/4.1.2 (java windows)
Content-Length: 79
Content-Type: application/json; charset=utf-8
host: localhost:61189
accept: */*

Response DefaultHttpResponse(decodeResult: success, version: HTTP/1.1)
HTTP/1.1 200 OK
Content-Type: application/json; charset=utf-8
cache-control: no-cache
content-length: 88

00:48:18.536 [AsyncHttpClient-1-5] DEBUG org.asynchttpclient.netty.channel.ChannelManager - Adding key: http://localhost:61189 for channel [id: 0xe3cdca2b, L:/127.0.0.1:50100 - R:localhost/127.0.0.1:61189]
00:48:18.537 [Forwarding clickElement on session b540a72eea78ba1b3227b841abb7f9a2 to remote] DEBUG org.asynchttpclient.netty.request.NettyRequestSender - Using pooled Channel '[id: 0xe3cdca2b, L:/127.0.0.1:50100 - R:localhost/127.0.0.1:61189]' for 'POST' to 'http://localhost:61189/session/b540a72eea78ba1b3227b841abb7f9a2/element/83f48ab0-fda8-471b-a8d6-6365681a5df5/click'
00:48:18.537 [Forwarding clickElement on session b540a72eea78ba1b3227b841abb7f9a2 to remote] DEBUG org.asynchttpclient.netty.request.NettyRequestSender - Using open Channel [id: 0xe3cdca2b, L:/127.0.0.1:50100 - R:localhost/127.0.0.1:61189] for POST '/session/b540a72eea78ba1b3227b841abb7f9a2/element/83f48ab0-fda8-471b-a8d6-6365681a5df5/click'
00:48:18.585 [AsyncHttpClient-1-5] DEBUG org.asynchttpclient.netty.handler.HttpHandler - 

Request DefaultHttpRequest(decodeResult: success, version: HTTP/1.1)
POST /session/b540a72eea78ba1b3227b841abb7f9a2/element/83f48ab0-fda8-471b-a8d6-6365681a5df5/click HTTP/1.1
User-Agent: selenium/4.1.2 (java windows)
Content-Length: 50
Content-Type: application/json; charset=utf-8
host: localhost:61189
accept: */*

Response DefaultHttpResponse(decodeResult: success, version: HTTP/1.1)
HTTP/1.1 200 OK
Content-Type: application/json; charset=utf-8
cache-control: no-cache
content-length: 14

00:48:18.585 [AsyncHttpClient-1-5] DEBUG org.asynchttpclient.netty.channel.ChannelManager - Adding key: http://localhost:61189 for channel [id: 0xe3cdca2b, L:/127.0.0.1:50100 - R:localhost/127.0.0.1:61189]
00:48:18.591 [Forwarding screenshot on session b540a72eea78ba1b3227b841abb7f9a2 to remote] DEBUG org.asynchttpclient.netty.request.NettyRequestSender - Using pooled Channel '[id: 0xe3cdca2b, L:/127.0.0.1:50100 - R:localhost/127.0.0.1:61189]' for 'GET' to 'http://localhost:61189/session/b540a72eea78ba1b3227b841abb7f9a2/screenshot'
00:48:18.591 [Forwarding screenshot on session b540a72eea78ba1b3227b841abb7f9a2 to remote] DEBUG org.asynchttpclient.netty.request.NettyRequestSender - Using open Channel [id: 0xe3cdca2b, L:/127.0.0.1:50100 - R:localhost/127.0.0.1:61189] for GET '/session/b540a72eea78ba1b3227b841abb7f9a2/screenshot'
00:48:18.808 [AsyncHttpClient-1-5] DEBUG org.asynchttpclient.netty.handler.HttpHandler - 

Request DefaultFullHttpRequest(decodeResult: success, version: HTTP/1.1, content: EmptyByteBufBE)
GET /session/b540a72eea78ba1b3227b841abb7f9a2/screenshot HTTP/1.1
User-Agent: selenium/4.1.2 (java windows)
Cache-Control: no-cache
Content-Type: application/json; charset=utf-8
host: localhost:61189
accept: */*

Response DefaultHttpResponse(decodeResult: success, version: HTTP/1.1)
HTTP/1.1 200 OK
Content-Type: application/json; charset=utf-8
cache-control: no-cache
content-length: 117436

00:48:18.809 [AsyncHttpClient-1-5] DEBUG org.asynchttpclient.netty.channel.ChannelManager - Adding key: http://localhost:61189 for channel [id: 0xe3cdca2b, L:/127.0.0.1:50100 - R:localhost/127.0.0.1:61189]
00:48:18.811 [main] DEBUG net.serenitybdd.core.photography.Darkroom - Send negative for processing for target\site\serenity\0618c66f4828aa560692621b0efae261504f6125153f209dfbb1fec6f2fa69a9.png
00:48:18.811 [main] DEBUG net.thucydides.core.steps.StepInterceptor - STEP DONE: okclick
  &amp#27;[32mThen &amp#27;[0m&amp#27;[32madmin sucsess add new membership&amp#27;[0m       &amp#27;[90m# starter.definitions.MembershipSteps.adminSucsessAddNewMembership()&amp#27;[0m
00:48:18.812 [Darkroom Processing Line] DEBUG net.serenitybdd.core.photography.DarkroomProcessingLine - Processing screenshot image in /var/screenshots/screenshot-10626575971086826809
00:48:18.812 [Darkroom Processing Line] DEBUG net.serenitybdd.core.photography.DarkroomProcessingLine - Saving screenshot to target\site\serenity\0618c66f4828aa560692621b0efae261504f6125153f209dfbb1fec6f2fa69a9.png
00:48:18.816 [main] INFO  - 
  _____   ___   ___   _____     ___     _     ___   ___   ___   ___  
 |_   _| | __| / __| |_   _|   | _ \   /_\   / __| / __| | __| |   \ 
   | |   | _|  \__ \   | |     |  _/  / _ \  \__ \ \__ \ | _|  | |) |
   |_|   |___| |___/   |_|     |_|   /_/ \_\ |___/ |___/ |___| |___/ 

admin add new membership
----------------------------------------------------------------------
00:48:18.817 [AsyncHttpClient-1-7] DEBUG org.asynchttpclient.netty.handler.WebSocketHandler - Channel Closed: [id: 0x458b191c, L:/127.0.0.1:50108 ! R:localhost/127.0.0.1:50101] with attribute NettyResponseFuture{currentRetry=5,
	isDone=1,
	isCancelled=0,
	asyncHandler=org.asynchttpclient.ws.WebSocketUpgradeHandler@16fa94b6,
	nettyRequest=org.asynchttpclient.netty.request.NettyRequest@1769d5d4,
	future=java.util.concurrent.CompletableFuture@a1cb765[Completed normally],
	uri=ws://localhost:50101/devtools/browser/6889e90e-39c1-43ba-afee-cf8f59664ff6,
	keepAlive=true,
	redirectCount=0,
	timeoutsHolder=null,
	inAuth=0,
	touch=1658422087940}
00:48:18.817 [AsyncHttpClient-1-7] DEBUG org.asynchttpclient.netty.channel.ChannelManager - Closing Channel [id: 0x458b191c, L:/127.0.0.1:50108 ! R:localhost/127.0.0.1:50101] 
00:48:18.824 [Driver Command Executor] DEBUG org.asynchttpclient.netty.request.NettyRequestSender - Using pooled Channel '[id: 0xe3cdca2b, L:/127.0.0.1:50100 - R:localhost/127.0.0.1:61189]' for 'DELETE' to 'http://localhost:61189/session/b540a72eea78ba1b3227b841abb7f9a2'
00:48:18.824 [Driver Command Executor] DEBUG org.asynchttpclient.netty.request.NettyRequestSender - Using open Channel [id: 0xe3cdca2b, L:/127.0.0.1:50100 - R:localhost/127.0.0.1:61189] for DELETE '/session/b540a72eea78ba1b3227b841abb7f9a2'
00:48:18.990 [AsyncHttpClient-1-1] DEBUG org.asynchttpclient.netty.channel.DefaultChannelPool - Entry count for : http://localhost:50101 : 1
00:48:19.047 [AsyncHttpClient-1-6] DEBUG org.asynchttpclient.netty.handler.HttpHandler - Unexpected I/O exception on channel [id: 0xcb27d15f, L:/127.0.0.1:50107 - R:localhost/127.0.0.1:50101]
java.net.SocketException: Connection reset
	at java.base/sun.nio.ch.SocketChannelImpl.throwConnectionReset(SocketChannelImpl.java:394)
	at java.base/sun.nio.ch.SocketChannelImpl.read(SocketChannelImpl.java:426)
	at io.netty.buffer.PooledByteBuf.setBytes(PooledByteBuf.java:258)
	at io.netty.buffer.AbstractByteBuf.writeBytes(AbstractByteBuf.java:1132)
	at io.netty.channel.socket.nio.NioSocketChannel.doReadBytes(NioSocketChannel.java:350)
	at io.netty.channel.nio.AbstractNioByteChannel$NioByteUnsafe.read(AbstractNioByteChannel.java:151)
	at io.netty.channel.nio.NioEventLoop.processSelectedKey(NioEventLoop.java:722)
	at io.netty.channel.nio.NioEventLoop.processSelectedKeysOptimized(NioEventLoop.java:658)
	at io.netty.channel.nio.NioEventLoop.processSelectedKeys(NioEventLoop.java:584)
	at io.netty.channel.nio.NioEventLoop.run(NioEventLoop.java:496)
	at io.netty.util.concurrent.SingleThreadEventExecutor$4.run(SingleThreadEventExecutor.java:986)
	at io.netty.util.internal.ThreadExecutorMap$2.run(ThreadExecutorMap.java:74)
	at io.netty.util.concurrent.FastThreadLocalRunnable.run(FastThreadLocalRunnable.java:30)
	at java.base/java.lang.Thread.run(Thread.java:833)
00:48:19.047 [AsyncHttpClient-1-6] DEBUG org.asynchttpclient.netty.channel.ChannelManager - Closing Channel [id: 0xcb27d15f, L:/127.0.0.1:50107 - R:localhost/127.0.0.1:50101] 
00:48:19.048 [AsyncHttpClient-1-6] DEBUG org.asynchttpclient.netty.handler.HttpHandler - Channel Closed: [id: 0xcb27d15f, L:/127.0.0.1:50107 ! R:localhost/127.0.0.1:50101] with attribute DISCARD
00:48:19.088 [AsyncHttpClient-1-5] DEBUG org.asynchttpclient.netty.handler.HttpHandler - 

Request DefaultFullHttpRequest(decodeResult: success, version: HTTP/1.1, content: EmptyByteBufBE)
DELETE /session/b540a72eea78ba1b3227b841abb7f9a2 HTTP/1.1
User-Agent: selenium/4.1.2 (java windows)
Content-Type: application/json; charset=utf-8
host: localhost:61189
accept: */*

Response DefaultHttpResponse(decodeResult: success, version: HTTP/1.1)
HTTP/1.1 200 OK
Content-Type: application/json; charset=utf-8
cache-control: no-cache
content-length: 14

00:48:19.089 [AsyncHttpClient-1-5] DEBUG org.asynchttpclient.netty.channel.ChannelManager - Adding key: http://localhost:61189 for channel [id: 0xe3cdca2b, L:/127.0.0.1:50100 - R:localhost/127.0.0.1:61189]
00:48:20.088 [AsyncHttpClient-1-1] DEBUG org.asynchttpclient.netty.channel.DefaultChannelPool - Entry count for : http://localhost:50101 : 1
00:48:20.088 [AsyncHttpClient-1-1] DEBUG org.asynchttpclient.netty.channel.DefaultChannelPool - Entry count for : http://localhost:61189 : 1
00:48:20.088 [AsyncHttpClient-1-1] DEBUG org.asynchttpclient.netty.channel.DefaultChannelPool - Adding Candidate expired Channel [id: 0xcb27d15f, L:/127.0.0.1:50107 ! R:localhost/127.0.0.1:50101] isIdleTimeoutExpired=false isRemotelyClosed=true isTtlExpired=false
00:48:20.088 [AsyncHttpClient-1-1] DEBUG org.asynchttpclient.netty.channel.DefaultChannelPool - Closing Idle Channel [id: 0xcb27d15f, L:/127.0.0.1:50107 ! R:localhost/127.0.0.1:50101]
00:48:20.088 [AsyncHttpClient-1-1] DEBUG org.asynchttpclient.netty.channel.DefaultChannelPool - Closed 1 connections out of 2 in 0 ms
00:48:20.326 [AsyncHttpClient-1-5] DEBUG org.asynchttpclient.netty.handler.HttpHandler - Unexpected I/O exception on channel [id: 0xe3cdca2b, L:/127.0.0.1:50100 - R:localhost/127.0.0.1:61189]
java.net.SocketException: Connection reset
	at java.base/sun.nio.ch.SocketChannelImpl.throwConnectionReset(SocketChannelImpl.java:394)
	at java.base/sun.nio.ch.SocketChannelImpl.read(SocketChannelImpl.java:426)
	at io.netty.buffer.PooledByteBuf.setBytes(PooledByteBuf.java:258)
	at io.netty.buffer.AbstractByteBuf.writeBytes(AbstractByteBuf.java:1132)
	at io.netty.channel.socket.nio.NioSocketChannel.doReadBytes(NioSocketChannel.java:350)
	at io.netty.channel.nio.AbstractNioByteChannel$NioByteUnsafe.read(AbstractNioByteChannel.java:151)
	at io.netty.channel.nio.NioEventLoop.processSelectedKey(NioEventLoop.java:722)
	at io.netty.channel.nio.NioEventLoop.processSelectedKeysOptimized(NioEventLoop.java:658)
	at io.netty.channel.nio.NioEventLoop.processSelectedKeys(NioEventLoop.java:584)
	at io.netty.channel.nio.NioEventLoop.run(NioEventLoop.java:496)
	at io.netty.util.concurrent.SingleThreadEventExecutor$4.run(SingleThreadEventExecutor.java:986)
	at io.netty.util.internal.ThreadExecutorMap$2.run(ThreadExecutorMap.java:74)
	at io.netty.util.concurrent.FastThreadLocalRunnable.run(FastThreadLocalRunnable.java:30)
	at java.base/java.lang.Thread.run(Thread.java:833)
00:48:20.326 [AsyncHttpClient-1-5] DEBUG org.asynchttpclient.netty.channel.ChannelManager - Closing Channel [id: 0xe3cdca2b, L:/127.0.0.1:50100 - R:localhost/127.0.0.1:61189] 
00:48:20.326 [AsyncHttpClient-1-5] DEBUG org.asynchttpclient.netty.handler.HttpHandler - Channel Closed: [id: 0xe3cdca2b, L:/127.0.0.1:50100 ! R:localhost/127.0.0.1:61189] with attribute DISCARD
]]></system-out>
    <system-err><![CDATA[Starting ChromeDriver 103.0.5060.134 (8ec6fce403b3feb0869b0732eda8bd95011d333c-refs/branch-heads/5060@{#1262}) on port 61189
Only local connections are allowed.
Please see https://chromedriver.chromium.org/security-considerations for suggestions on keeping ChromeDriver safe.
ChromeDriver was started successfully.
Jul 22, 2022 12:48:07 AM org.openqa.selenium.remote.ProtocolHandshake createSession
INFO: Detected dialect: W3C
Jul 22, 2022 12:48:07 AM org.openqa.selenium.devtools.CdpVersionFinder findNearestMatch
WARNING: Unable to find an exact match for CDP version 103, so returning the closest version found: a no-op implementation
Jul 22, 2022 12:48:07 AM org.openqa.selenium.devtools.CdpVersionFinder findNearestMatch
INFO: Unable to find CDP implementation matching 103.
Jul 22, 2022 12:48:07 AM org.openqa.selenium.chromium.ChromiumDriver lambda$new$3
WARNING: Unable to find version of CDP to use for . You may need to include a dependency on a specific version of the CDP using something similar to `org.seleniumhq.selenium:selenium-devtools-v86:4.1.2` where the version ("v86") matches the version of the chromium-based browser you're using and the version number of the artifact is the same as Selenium's.
]]></system-err>
  </testcase>
  <testcase name="admin look status active" classname="admin can see detail membership page" time="12.298">
    <system-out><![CDATA[
@Member
Scenario: admin look status active               &amp#27;[90m# src/test/resources/features/membeship.feature:28&amp#27;[0m
00:48:20.421 [main] INFO io.cucumber.core.plugin.SerenityReporter - Running feature from file:///D:/capstone%20projek/web%20testing/src/test/resources/features/membeship.feature
00:48:20.422 [main] INFO  - 
  _____   ___   ___   _____     ___   _____     _     ___   _____   ___   ___  
 |_   _| | __| / __| |_   _|   / __| |_   _|   /_\   | _ \ |_   _| | __| |   \ 
   | |   | _|  \__ \   | |     \__ \   | |    / _ \  |   /   | |   | _|  | |) |
   |_|   |___| |___/   |_|     |___/   |_|   /_/ \_\ |_|_\   |_|   |___| |___/ 

admin look status active(admin-can-see-detail-membership-page;admin-look-status-active)
--------------------------------------------------------------------------------
00:48:20.431 [main] DEBUG net.thucydides.core.steps.StepInterceptor - STARTING STEP: LoginSteps.adminOnLoginPage - openPage
00:48:20.432 [main] INFO net.serenitybdd.core.webdriver.driverproviders.ChromeDriverProvider - Using automatically driver download
00:48:20.545 [main] DEBUG io.github.bonigarcia.wdm.cache.ResolutionCache - Resolution chrome=103 in cache (valid until 01:32:20 22/07/2022 WITA)
00:48:20.548 [main] DEBUG io.github.bonigarcia.wdm.cache.ResolutionCache - Resolution chrome103=103.0.5060.134 in cache (valid until 21:05:58 22/07/2022 WITA)
00:48:20.549 [main] INFO io.github.bonigarcia.wdm.WebDriverManager - Using chromedriver 103.0.5060.134 (resolved driver for Chrome 103)
00:48:20.558 [main] DEBUG io.github.bonigarcia.wdm.WebDriverManager - Driver chromedriver 103.0.5060.134 found in cache
00:48:20.560 [main] INFO io.github.bonigarcia.wdm.WebDriverManager - Exporting webdriver.chrome.driver as C:\Users\Rev\.cache\selenium\chromedriver\win32\103.0.5060.134\chromedriver.exe
00:48:20.673 [main] DEBUG net.serenitybdd.core.webdriver.driverproviders.ProvideNewDriver - Instantiating driver
00:48:20.673 [main] DEBUG net.serenitybdd.core.webdriver.driverproviders.ProvideNewDriver - Driver capabilities: Capabilities {acceptInsecureCerts: false, base.url: https://sportly.rafdev.my.id/, browserName: chrome, chrome.driver: webdriver/chromedriver.exe, driver: chrome, goog:chromeOptions: {args: [], extensions: []}}
00:48:20.893 [AsyncHttpClient-1-8] DEBUG org.asynchttpclient.netty.channel.NettyConnectListener - Using new Channel '[id: 0x64732bcd, L:/127.0.0.1:50140 - R:localhost/127.0.0.1:53698]' for 'POST' to '/session'
00:48:21.189 [AsyncHttpClient-1-1] DEBUG org.asynchttpclient.netty.channel.DefaultChannelPool - Entry count for : http://localhost:61189 : 1
00:48:21.189 [AsyncHttpClient-1-1] DEBUG org.asynchttpclient.netty.channel.DefaultChannelPool - Adding Candidate expired Channel [id: 0xe3cdca2b, L:/127.0.0.1:50100 ! R:localhost/127.0.0.1:61189] isIdleTimeoutExpired=false isRemotelyClosed=true isTtlExpired=false
00:48:21.189 [AsyncHttpClient-1-1] DEBUG org.asynchttpclient.netty.channel.DefaultChannelPool - Closing Idle Channel [id: 0xe3cdca2b, L:/127.0.0.1:50100 ! R:localhost/127.0.0.1:61189]
00:48:21.189 [AsyncHttpClient-1-1] DEBUG org.asynchttpclient.netty.channel.DefaultChannelPool - Closed 1 connections out of 1 in 0 ms
00:48:22.177 [AsyncHttpClient-1-8] DEBUG org.asynchttpclient.netty.handler.HttpHandler - 

Request DefaultHttpRequest(decodeResult: success, version: HTTP/1.1)
POST /session HTTP/1.1
User-Agent: selenium/4.1.2 (java windows)
Content-Length: 581
Content-Type: application/json; charset=utf-8
host: localhost:53698
accept: */*

Response DefaultHttpResponse(decodeResult: success, version: HTTP/1.1)
HTTP/1.1 200 OK
Content-Type: application/json; charset=utf-8
cache-control: no-cache
content-length: 791

00:48:22.177 [AsyncHttpClient-1-8] DEBUG org.asynchttpclient.netty.channel.ChannelManager - Adding key: http://localhost:53698 for channel [id: 0x64732bcd, L:/127.0.0.1:50140 - R:localhost/127.0.0.1:53698]
00:48:22.182 [AsyncHttpClient-1-9] DEBUG org.asynchttpclient.netty.channel.NettyConnectListener - Using new Channel '[id: 0xcc338a2c, L:/127.0.0.1:50149 - R:localhost/127.0.0.1:50141]' for 'GET' to '/json/version'
00:48:22.182 [AsyncHttpClient-1-9] DEBUG org.asynchttpclient.netty.handler.HttpHandler - 

Request DefaultFullHttpRequest(decodeResult: success, version: HTTP/1.1, content: EmptyByteBufBE)
GET /json/version HTTP/1.1
User-Agent: selenium/4.1.2 (java windows)
host: localhost:50141
accept: */*

Response DefaultHttpResponse(decodeResult: success, version: HTTP/1.1)
HTTP/1.1 200 OK
Content-Type: application/json; charset=UTF-8
content-length: 429

00:48:22.182 [AsyncHttpClient-1-9] DEBUG org.asynchttpclient.netty.channel.ChannelManager - Adding key: http://localhost:50141 for channel [id: 0xcc338a2c, L:/127.0.0.1:50149 - R:localhost/127.0.0.1:50141]
00:48:22.184 [AsyncHttpClient-1-10] DEBUG org.asynchttpclient.netty.channel.NettyConnectListener - Using new Channel '[id: 0x88057347, L:/127.0.0.1:50150 - R:localhost/127.0.0.1:50141]' for 'GET' to '/devtools/browser/595f0e21-9ca8-4520-b921-23d5094a4fb2'
00:48:22.184 [AsyncHttpClient-1-10] DEBUG org.asynchttpclient.netty.handler.WebSocketHandler - 

Request DefaultFullHttpRequest(decodeResult: success, version: HTTP/1.1, content: EmptyByteBufBE)
GET /devtools/browser/595f0e21-9ca8-4520-b921-23d5094a4fb2 HTTP/1.1
upgrade: websocket
connection: upgrade
sec-websocket-key: N/hbL9D073SNnEpT3CNciA==
sec-websocket-version: 13
origin: http://localhost:50141
host: localhost:50141
accept: */*
user-agent: AHC/2.1

Response DefaultHttpResponse(decodeResult: success, version: HTTP/1.1)
HTTP/1.1 101 WebSocket Protocol Handshake
Upgrade: WebSocket
Connection: Upgrade
Sec-WebSocket-Accept: +TbWuUjI08dYhxwSvvKOjZEtS5o=

00:48:22.187 [Forwarding setCurrentWindowSize on session f7c289055e2999f1fc394f9c82174be2 to remote] DEBUG org.asynchttpclient.netty.request.NettyRequestSender - Using pooled Channel '[id: 0x64732bcd, L:/127.0.0.1:50140 - R:localhost/127.0.0.1:53698]' for 'POST' to 'http://localhost:53698/session/f7c289055e2999f1fc394f9c82174be2/window/rect'
00:48:22.187 [Forwarding setCurrentWindowSize on session f7c289055e2999f1fc394f9c82174be2 to remote] DEBUG org.asynchttpclient.netty.request.NettyRequestSender - Using open Channel [id: 0x64732bcd, L:/127.0.0.1:50140 - R:localhost/127.0.0.1:53698] for POST '/session/f7c289055e2999f1fc394f9c82174be2/window/rect'
00:48:22.286 [AsyncHttpClient-1-1] DEBUG org.asynchttpclient.netty.channel.DefaultChannelPool - Entry count for : http://localhost:50141 : 1
00:48:22.337 [AsyncHttpClient-1-8] DEBUG org.asynchttpclient.netty.handler.HttpHandler - 

Request DefaultHttpRequest(decodeResult: success, version: HTTP/1.1)
POST /session/f7c289055e2999f1fc394f9c82174be2/window/rect HTTP/1.1
User-Agent: selenium/4.1.2 (java windows)
Content-Length: 37
Content-Type: application/json; charset=utf-8
host: localhost:53698
accept: */*

Response DefaultHttpResponse(decodeResult: success, version: HTTP/1.1)
HTTP/1.1 200 OK
Content-Type: application/json; charset=utf-8
cache-control: no-cache
content-length: 52

00:48:22.337 [AsyncHttpClient-1-8] DEBUG org.asynchttpclient.netty.channel.ChannelManager - Adding key: http://localhost:53698 for channel [id: 0x64732bcd, L:/127.0.0.1:50140 - R:localhost/127.0.0.1:53698]
00:48:22.338 [Forwarding setWindowPosition on session f7c289055e2999f1fc394f9c82174be2 to remote] DEBUG org.asynchttpclient.netty.request.NettyRequestSender - Using pooled Channel '[id: 0x64732bcd, L:/127.0.0.1:50140 - R:localhost/127.0.0.1:53698]' for 'POST' to 'http://localhost:53698/session/f7c289055e2999f1fc394f9c82174be2/window/rect'
00:48:22.338 [Forwarding setWindowPosition on session f7c289055e2999f1fc394f9c82174be2 to remote] DEBUG org.asynchttpclient.netty.request.NettyRequestSender - Using open Channel [id: 0x64732bcd, L:/127.0.0.1:50140 - R:localhost/127.0.0.1:53698] for POST '/session/f7c289055e2999f1fc394f9c82174be2/window/rect'
00:48:22.501 [AsyncHttpClient-1-8] DEBUG org.asynchttpclient.netty.handler.HttpHandler - 

Request DefaultHttpRequest(decodeResult: success, version: HTTP/1.1)
POST /session/f7c289055e2999f1fc394f9c82174be2/window/rect HTTP/1.1
User-Agent: selenium/4.1.2 (java windows)
Content-Length: 22
Content-Type: application/json; charset=utf-8
host: localhost:53698
accept: */*

Response DefaultHttpResponse(decodeResult: success, version: HTTP/1.1)
HTTP/1.1 200 OK
Content-Type: application/json; charset=utf-8
cache-control: no-cache
content-length: 50

00:48:22.501 [AsyncHttpClient-1-8] DEBUG org.asynchttpclient.netty.channel.ChannelManager - Adding key: http://localhost:53698 for channel [id: 0x64732bcd, L:/127.0.0.1:50140 - R:localhost/127.0.0.1:53698]
00:48:22.502 [Forwarding get on session f7c289055e2999f1fc394f9c82174be2 to remote] DEBUG org.asynchttpclient.netty.request.NettyRequestSender - Using pooled Channel '[id: 0x64732bcd, L:/127.0.0.1:50140 - R:localhost/127.0.0.1:53698]' for 'POST' to 'http://localhost:53698/session/f7c289055e2999f1fc394f9c82174be2/url'
00:48:22.502 [Forwarding get on session f7c289055e2999f1fc394f9c82174be2 to remote] DEBUG org.asynchttpclient.netty.request.NettyRequestSender - Using open Channel [id: 0x64732bcd, L:/127.0.0.1:50140 - R:localhost/127.0.0.1:53698] for POST '/session/f7c289055e2999f1fc394f9c82174be2/url'
00:48:23.391 [AsyncHttpClient-1-1] DEBUG org.asynchttpclient.netty.channel.DefaultChannelPool - Entry count for : http://localhost:50141 : 1
00:48:24.486 [AsyncHttpClient-1-1] DEBUG org.asynchttpclient.netty.channel.DefaultChannelPool - Entry count for : http://localhost:50141 : 1
00:48:24.739 [AsyncHttpClient-1-8] DEBUG org.asynchttpclient.netty.handler.HttpHandler - 

Request DefaultHttpRequest(decodeResult: success, version: HTTP/1.1)
POST /session/f7c289055e2999f1fc394f9c82174be2/url HTTP/1.1
User-Agent: selenium/4.1.2 (java windows)
Content-Length: 59
Content-Type: application/json; charset=utf-8
host: localhost:53698
accept: */*

Response DefaultHttpResponse(decodeResult: success, version: HTTP/1.1)
HTTP/1.1 200 OK
Content-Type: application/json; charset=utf-8
cache-control: no-cache
content-length: 14

00:48:24.739 [AsyncHttpClient-1-8] DEBUG org.asynchttpclient.netty.channel.ChannelManager - Adding key: http://localhost:53698 for channel [id: 0x64732bcd, L:/127.0.0.1:50140 - R:localhost/127.0.0.1:53698]
00:48:24.740 [Forwarding setTimeout on session f7c289055e2999f1fc394f9c82174be2 to remote] DEBUG org.asynchttpclient.netty.request.NettyRequestSender - Using pooled Channel '[id: 0x64732bcd, L:/127.0.0.1:50140 - R:localhost/127.0.0.1:53698]' for 'POST' to 'http://localhost:53698/session/f7c289055e2999f1fc394f9c82174be2/timeouts'
00:48:24.740 [Forwarding setTimeout on session f7c289055e2999f1fc394f9c82174be2 to remote] DEBUG org.asynchttpclient.netty.request.NettyRequestSender - Using open Channel [id: 0x64732bcd, L:/127.0.0.1:50140 - R:localhost/127.0.0.1:53698] for POST '/session/f7c289055e2999f1fc394f9c82174be2/timeouts'
00:48:24.744 [AsyncHttpClient-1-8] DEBUG org.asynchttpclient.netty.handler.HttpHandler - 

Request DefaultHttpRequest(decodeResult: success, version: HTTP/1.1)
POST /session/f7c289055e2999f1fc394f9c82174be2/timeouts HTTP/1.1
User-Agent: selenium/4.1.2 (java windows)
Content-Length: 22
Content-Type: application/json; charset=utf-8
host: localhost:53698
accept: */*

Response DefaultHttpResponse(decodeResult: success, version: HTTP/1.1)
HTTP/1.1 200 OK
Content-Type: application/json; charset=utf-8
cache-control: no-cache
content-length: 14

00:48:24.744 [AsyncHttpClient-1-8] DEBUG org.asynchttpclient.netty.channel.ChannelManager - Adding key: http://localhost:53698 for channel [id: 0x64732bcd, L:/127.0.0.1:50140 - R:localhost/127.0.0.1:53698]
00:48:24.746 [Forwarding getCurrentUrl on session f7c289055e2999f1fc394f9c82174be2 to remote] DEBUG org.asynchttpclient.netty.request.NettyRequestSender - Using pooled Channel '[id: 0x64732bcd, L:/127.0.0.1:50140 - R:localhost/127.0.0.1:53698]' for 'GET' to 'http://localhost:53698/session/f7c289055e2999f1fc394f9c82174be2/url'
00:48:24.746 [Forwarding getCurrentUrl on session f7c289055e2999f1fc394f9c82174be2 to remote] DEBUG org.asynchttpclient.netty.request.NettyRequestSender - Using open Channel [id: 0x64732bcd, L:/127.0.0.1:50140 - R:localhost/127.0.0.1:53698] for GET '/session/f7c289055e2999f1fc394f9c82174be2/url'
00:48:24.777 [AsyncHttpClient-1-8] DEBUG org.asynchttpclient.netty.handler.HttpHandler - 

Request DefaultFullHttpRequest(decodeResult: success, version: HTTP/1.1, content: EmptyByteBufBE)
GET /session/f7c289055e2999f1fc394f9c82174be2/url HTTP/1.1
User-Agent: selenium/4.1.2 (java windows)
Cache-Control: no-cache
Content-Type: application/json; charset=utf-8
host: localhost:53698
accept: */*

Response DefaultHttpResponse(decodeResult: success, version: HTTP/1.1)
HTTP/1.1 200 OK
Content-Type: application/json; charset=utf-8
cache-control: no-cache
content-length: 46

00:48:24.777 [AsyncHttpClient-1-8] DEBUG org.asynchttpclient.netty.channel.ChannelManager - Adding key: http://localhost:53698 for channel [id: 0x64732bcd, L:/127.0.0.1:50140 - R:localhost/127.0.0.1:53698]
00:48:24.779 [Forwarding getCurrentUrl on session f7c289055e2999f1fc394f9c82174be2 to remote] DEBUG org.asynchttpclient.netty.request.NettyRequestSender - Using pooled Channel '[id: 0x64732bcd, L:/127.0.0.1:50140 - R:localhost/127.0.0.1:53698]' for 'GET' to 'http://localhost:53698/session/f7c289055e2999f1fc394f9c82174be2/url'
00:48:24.780 [Forwarding getCurrentUrl on session f7c289055e2999f1fc394f9c82174be2 to remote] DEBUG org.asynchttpclient.netty.request.NettyRequestSender - Using open Channel [id: 0x64732bcd, L:/127.0.0.1:50140 - R:localhost/127.0.0.1:53698] for GET '/session/f7c289055e2999f1fc394f9c82174be2/url'
00:48:24.793 [AsyncHttpClient-1-8] DEBUG org.asynchttpclient.netty.handler.HttpHandler - 

Request DefaultFullHttpRequest(decodeResult: success, version: HTTP/1.1, content: EmptyByteBufBE)
GET /session/f7c289055e2999f1fc394f9c82174be2/url HTTP/1.1
User-Agent: selenium/4.1.2 (java windows)
Cache-Control: no-cache
Content-Type: application/json; charset=utf-8
host: localhost:53698
accept: */*

Response DefaultHttpResponse(decodeResult: success, version: HTTP/1.1)
HTTP/1.1 200 OK
Content-Type: application/json; charset=utf-8
cache-control: no-cache
content-length: 46

00:48:24.793 [AsyncHttpClient-1-8] DEBUG org.asynchttpclient.netty.channel.ChannelManager - Adding key: http://localhost:53698 for channel [id: 0x64732bcd, L:/127.0.0.1:50140 - R:localhost/127.0.0.1:53698]
00:48:24.797 [Forwarding screenshot on session f7c289055e2999f1fc394f9c82174be2 to remote] DEBUG org.asynchttpclient.netty.request.NettyRequestSender - Using pooled Channel '[id: 0x64732bcd, L:/127.0.0.1:50140 - R:localhost/127.0.0.1:53698]' for 'GET' to 'http://localhost:53698/session/f7c289055e2999f1fc394f9c82174be2/screenshot'
00:48:24.797 [Forwarding screenshot on session f7c289055e2999f1fc394f9c82174be2 to remote] DEBUG org.asynchttpclient.netty.request.NettyRequestSender - Using open Channel [id: 0x64732bcd, L:/127.0.0.1:50140 - R:localhost/127.0.0.1:53698] for GET '/session/f7c289055e2999f1fc394f9c82174be2/screenshot'
00:48:25.259 [AsyncHttpClient-1-8] DEBUG org.asynchttpclient.netty.handler.HttpHandler - 

Request DefaultFullHttpRequest(decodeResult: success, version: HTTP/1.1, content: EmptyByteBufBE)
GET /session/f7c289055e2999f1fc394f9c82174be2/screenshot HTTP/1.1
User-Agent: selenium/4.1.2 (java windows)
Cache-Control: no-cache
Content-Type: application/json; charset=utf-8
host: localhost:53698
accept: */*

Response DefaultHttpResponse(decodeResult: success, version: HTTP/1.1)
HTTP/1.1 200 OK
Content-Type: application/json; charset=utf-8
cache-control: no-cache
content-length: 575004

00:48:25.259 [AsyncHttpClient-1-8] DEBUG org.asynchttpclient.netty.channel.ChannelManager - Adding key: http://localhost:53698 for channel [id: 0x64732bcd, L:/127.0.0.1:50140 - R:localhost/127.0.0.1:53698]
00:48:25.269 [main] DEBUG net.serenitybdd.core.photography.Darkroom - Send negative for processing for target\site\serenity\bdfb3257a55b5f729af578dfc1dc3a5762c89839bea5dc19984e34dd6640fee1.png
00:48:25.269 [main] DEBUG net.thucydides.core.steps.StepInterceptor - STEP DONE: openPage
00:48:25.274 [main] DEBUG net.thucydides.core.steps.StepInterceptor - STARTING STEP: LoginSteps.adminOnLoginPage - validateonLoginPage
00:48:25.275 [Forwarding findElement on session f7c289055e2999f1fc394f9c82174be2 to remote] DEBUG org.asynchttpclient.netty.request.NettyRequestSender - Using pooled Channel '[id: 0x64732bcd, L:/127.0.0.1:50140 - R:localhost/127.0.0.1:53698]' for 'POST' to 'http://localhost:53698/session/f7c289055e2999f1fc394f9c82174be2/element'
00:48:25.275 [Forwarding findElement on session f7c289055e2999f1fc394f9c82174be2 to remote] DEBUG org.asynchttpclient.netty.request.NettyRequestSender - Using open Channel [id: 0x64732bcd, L:/127.0.0.1:50140 - R:localhost/127.0.0.1:53698] for POST '/session/f7c289055e2999f1fc394f9c82174be2/element'
00:48:25.286 [AsyncHttpClient-1-8] DEBUG org.asynchttpclient.netty.handler.HttpHandler - 

Request DefaultHttpRequest(decodeResult: success, version: HTTP/1.1)
POST /session/f7c289055e2999f1fc394f9c82174be2/element HTTP/1.1
User-Agent: selenium/4.1.2 (java windows)
Content-Length: 71
Content-Type: application/json; charset=utf-8
host: localhost:53698
accept: */*

Response DefaultHttpResponse(decodeResult: success, version: HTTP/1.1)
HTTP/1.1 200 OK
Content-Type: application/json; charset=utf-8
cache-control: no-cache
content-length: 88

00:48:25.287 [AsyncHttpClient-1-8] DEBUG org.asynchttpclient.netty.channel.ChannelManager - Adding key: http://localhost:53698 for channel [id: 0x64732bcd, L:/127.0.0.1:50140 - R:localhost/127.0.0.1:53698]
00:48:25.289 [Forwarding isElementDisplayed on session f7c289055e2999f1fc394f9c82174be2 to remote] DEBUG org.asynchttpclient.netty.request.NettyRequestSender - Using pooled Channel '[id: 0x64732bcd, L:/127.0.0.1:50140 - R:localhost/127.0.0.1:53698]' for 'POST' to 'http://localhost:53698/session/f7c289055e2999f1fc394f9c82174be2/execute/sync'
00:48:25.289 [Forwarding isElementDisplayed on session f7c289055e2999f1fc394f9c82174be2 to remote] DEBUG org.asynchttpclient.netty.request.NettyRequestSender - Using open Channel [id: 0x64732bcd, L:/127.0.0.1:50140 - R:localhost/127.0.0.1:53698] for POST '/session/f7c289055e2999f1fc394f9c82174be2/execute/sync'
00:48:25.302 [AsyncHttpClient-1-8] DEBUG org.asynchttpclient.netty.handler.HttpHandler - 

Request DefaultHttpRequest(decodeResult: success, version: HTTP/1.1)
POST /session/f7c289055e2999f1fc394f9c82174be2/execute/sync HTTP/1.1
User-Agent: selenium/4.1.2 (java windows)
Content-Length: 48780
Content-Type: application/json; charset=utf-8
host: localhost:53698
accept: */*

Response DefaultHttpResponse(decodeResult: success, version: HTTP/1.1)
HTTP/1.1 200 OK
Content-Type: application/json; charset=utf-8
cache-control: no-cache
content-length: 14

00:48:25.302 [AsyncHttpClient-1-8] DEBUG org.asynchttpclient.netty.channel.ChannelManager - Adding key: http://localhost:53698 for channel [id: 0x64732bcd, L:/127.0.0.1:50140 - R:localhost/127.0.0.1:53698]
00:48:25.306 [main] DEBUG net.thucydides.core.steps.StepInterceptor - STEP DONE: validateonLoginPage
  &amp#27;[32mGiven &amp#27;[0m&amp#27;[32madmin on login page&amp#27;[0m                      &amp#27;[90m# starter.definitions.LoginSteps.adminOnLoginPage()&amp#27;[0m
00:48:25.320 [Forwarding screenshot on session f7c289055e2999f1fc394f9c82174be2 to remote] DEBUG org.asynchttpclient.netty.request.NettyRequestSender - Using pooled Channel '[id: 0x64732bcd, L:/127.0.0.1:50140 - R:localhost/127.0.0.1:53698]' for 'GET' to 'http://localhost:53698/session/f7c289055e2999f1fc394f9c82174be2/screenshot'
00:48:25.320 [Forwarding screenshot on session f7c289055e2999f1fc394f9c82174be2 to remote] DEBUG org.asynchttpclient.netty.request.NettyRequestSender - Using open Channel [id: 0x64732bcd, L:/127.0.0.1:50140 - R:localhost/127.0.0.1:53698] for GET '/session/f7c289055e2999f1fc394f9c82174be2/screenshot'
00:48:25.585 [AsyncHttpClient-1-1] DEBUG org.asynchttpclient.netty.channel.DefaultChannelPool - Entry count for : http://localhost:50141 : 1
00:48:25.631 [AsyncHttpClient-1-8] DEBUG org.asynchttpclient.netty.handler.HttpHandler - 

Request DefaultFullHttpRequest(decodeResult: success, version: HTTP/1.1, content: EmptyByteBufBE)
GET /session/f7c289055e2999f1fc394f9c82174be2/screenshot HTTP/1.1
User-Agent: selenium/4.1.2 (java windows)
Cache-Control: no-cache
Content-Type: application/json; charset=utf-8
host: localhost:53698
accept: */*

Response DefaultHttpResponse(decodeResult: success, version: HTTP/1.1)
HTTP/1.1 200 OK
Content-Type: application/json; charset=utf-8
cache-control: no-cache
content-length: 575004

00:48:25.632 [AsyncHttpClient-1-8] DEBUG org.asynchttpclient.netty.channel.ChannelManager - Adding key: http://localhost:53698 for channel [id: 0x64732bcd, L:/127.0.0.1:50140 - R:localhost/127.0.0.1:53698]
00:48:25.641 [main] DEBUG net.serenitybdd.core.photography.Darkroom - Send negative for processing for target\site\serenity\bdfb3257a55b5f729af578dfc1dc3a5762c89839bea5dc19984e34dd6640fee1.png
00:48:25.642 [main] DEBUG net.thucydides.core.steps.StepInterceptor - STARTING STEP: LoginSteps.adminInputValidUssername - inputusername
00:48:25.644 [Forwarding findElement on session f7c289055e2999f1fc394f9c82174be2 to remote] DEBUG org.asynchttpclient.netty.request.NettyRequestSender - Using pooled Channel '[id: 0x64732bcd, L:/127.0.0.1:50140 - R:localhost/127.0.0.1:53698]' for 'POST' to 'http://localhost:53698/session/f7c289055e2999f1fc394f9c82174be2/element'
00:48:25.644 [Forwarding findElement on session f7c289055e2999f1fc394f9c82174be2 to remote] DEBUG org.asynchttpclient.netty.request.NettyRequestSender - Using open Channel [id: 0x64732bcd, L:/127.0.0.1:50140 - R:localhost/127.0.0.1:53698] for POST '/session/f7c289055e2999f1fc394f9c82174be2/element'
00:48:25.664 [AsyncHttpClient-1-8] DEBUG org.asynchttpclient.netty.handler.HttpHandler - 

Request DefaultHttpRequest(decodeResult: success, version: HTTP/1.1)
POST /session/f7c289055e2999f1fc394f9c82174be2/element HTTP/1.1
User-Agent: selenium/4.1.2 (java windows)
Content-Length: 92
Content-Type: application/json; charset=utf-8
host: localhost:53698
accept: */*

Response DefaultHttpResponse(decodeResult: success, version: HTTP/1.1)
HTTP/1.1 200 OK
Content-Type: application/json; charset=utf-8
cache-control: no-cache
content-length: 88

00:48:25.664 [AsyncHttpClient-1-8] DEBUG org.asynchttpclient.netty.channel.ChannelManager - Adding key: http://localhost:53698 for channel [id: 0x64732bcd, L:/127.0.0.1:50140 - R:localhost/127.0.0.1:53698]
00:48:25.665 [Forwarding clearElement on session f7c289055e2999f1fc394f9c82174be2 to remote] DEBUG org.asynchttpclient.netty.request.NettyRequestSender - Using pooled Channel '[id: 0x64732bcd, L:/127.0.0.1:50140 - R:localhost/127.0.0.1:53698]' for 'POST' to 'http://localhost:53698/session/f7c289055e2999f1fc394f9c82174be2/element/66b722da-0d6f-42f6-8ee4-dca5f38d108f/clear'
00:48:25.665 [Forwarding clearElement on session f7c289055e2999f1fc394f9c82174be2 to remote] DEBUG org.asynchttpclient.netty.request.NettyRequestSender - Using open Channel [id: 0x64732bcd, L:/127.0.0.1:50140 - R:localhost/127.0.0.1:53698] for POST '/session/f7c289055e2999f1fc394f9c82174be2/element/66b722da-0d6f-42f6-8ee4-dca5f38d108f/clear'
00:48:25.711 [AsyncHttpClient-1-8] DEBUG org.asynchttpclient.netty.handler.HttpHandler - 

Request DefaultHttpRequest(decodeResult: success, version: HTTP/1.1)
POST /session/f7c289055e2999f1fc394f9c82174be2/element/66b722da-0d6f-42f6-8ee4-dca5f38d108f/clear HTTP/1.1
User-Agent: selenium/4.1.2 (java windows)
Content-Length: 50
Content-Type: application/json; charset=utf-8
host: localhost:53698
accept: */*

Response DefaultHttpResponse(decodeResult: success, version: HTTP/1.1)
HTTP/1.1 200 OK
Content-Type: application/json; charset=utf-8
cache-control: no-cache
content-length: 14

00:48:25.711 [AsyncHttpClient-1-8] DEBUG org.asynchttpclient.netty.channel.ChannelManager - Adding key: http://localhost:53698 for channel [id: 0x64732bcd, L:/127.0.0.1:50140 - R:localhost/127.0.0.1:53698]
00:48:25.713 [Forwarding sendKeysToElement on session f7c289055e2999f1fc394f9c82174be2 to remote] DEBUG org.asynchttpclient.netty.request.NettyRequestSender - Using pooled Channel '[id: 0x64732bcd, L:/127.0.0.1:50140 - R:localhost/127.0.0.1:53698]' for 'POST' to 'http://localhost:53698/session/f7c289055e2999f1fc394f9c82174be2/element/66b722da-0d6f-42f6-8ee4-dca5f38d108f/value'
00:48:25.713 [Forwarding sendKeysToElement on session f7c289055e2999f1fc394f9c82174be2 to remote] DEBUG org.asynchttpclient.netty.request.NettyRequestSender - Using open Channel [id: 0x64732bcd, L:/127.0.0.1:50140 - R:localhost/127.0.0.1:53698] for POST '/session/f7c289055e2999f1fc394f9c82174be2/element/66b722da-0d6f-42f6-8ee4-dca5f38d108f/value'
00:48:25.813 [AsyncHttpClient-1-8] DEBUG org.asynchttpclient.netty.handler.HttpHandler - 

Request DefaultHttpRequest(decodeResult: success, version: HTTP/1.1)
POST /session/f7c289055e2999f1fc394f9c82174be2/element/66b722da-0d6f-42f6-8ee4-dca5f38d108f/value HTTP/1.1
User-Agent: selenium/4.1.2 (java windows)
Content-Length: 151
Content-Type: application/json; charset=utf-8
host: localhost:53698
accept: */*

Response DefaultHttpResponse(decodeResult: success, version: HTTP/1.1)
HTTP/1.1 200 OK
Content-Type: application/json; charset=utf-8
cache-control: no-cache
content-length: 14

00:48:25.813 [AsyncHttpClient-1-8] DEBUG org.asynchttpclient.netty.channel.ChannelManager - Adding key: http://localhost:53698 for channel [id: 0x64732bcd, L:/127.0.0.1:50140 - R:localhost/127.0.0.1:53698]
00:48:25.818 [Forwarding screenshot on session f7c289055e2999f1fc394f9c82174be2 to remote] DEBUG org.asynchttpclient.netty.request.NettyRequestSender - Using pooled Channel '[id: 0x64732bcd, L:/127.0.0.1:50140 - R:localhost/127.0.0.1:53698]' for 'GET' to 'http://localhost:53698/session/f7c289055e2999f1fc394f9c82174be2/screenshot'
00:48:25.818 [Forwarding screenshot on session f7c289055e2999f1fc394f9c82174be2 to remote] DEBUG org.asynchttpclient.netty.request.NettyRequestSender - Using open Channel [id: 0x64732bcd, L:/127.0.0.1:50140 - R:localhost/127.0.0.1:53698] for GET '/session/f7c289055e2999f1fc394f9c82174be2/screenshot'
00:48:26.142 [AsyncHttpClient-1-8] DEBUG org.asynchttpclient.netty.handler.HttpHandler - 

Request DefaultFullHttpRequest(decodeResult: success, version: HTTP/1.1, content: EmptyByteBufBE)
GET /session/f7c289055e2999f1fc394f9c82174be2/screenshot HTTP/1.1
User-Agent: selenium/4.1.2 (java windows)
Cache-Control: no-cache
Content-Type: application/json; charset=utf-8
host: localhost:53698
accept: */*

Response DefaultHttpResponse(decodeResult: success, version: HTTP/1.1)
HTTP/1.1 200 OK
Content-Type: application/json; charset=utf-8
cache-control: no-cache
content-length: 573184

00:48:26.143 [AsyncHttpClient-1-8] DEBUG org.asynchttpclient.netty.channel.ChannelManager - Adding key: http://localhost:53698 for channel [id: 0x64732bcd, L:/127.0.0.1:50140 - R:localhost/127.0.0.1:53698]
00:48:26.153 [main] DEBUG net.serenitybdd.core.photography.Darkroom - Send negative for processing for target\site\serenity\f77c054aa6a666f419ab49e776fdfb7fc10c7c59289c58aa7b77a3e2461e450a.png
00:48:26.153 [main] DEBUG net.thucydides.core.steps.StepInterceptor - STEP DONE: inputusername
  &amp#27;[32mWhen &amp#27;[0m&amp#27;[32madmin input valid ussername&amp#27;[0m               &amp#27;[90m# starter.definitions.LoginSteps.adminInputValidUssername()&amp#27;[0m
00:48:26.165 [main] DEBUG net.thucydides.core.steps.StepInterceptor - STARTING STEP: LoginSteps.adminInputValidPassword - inputPassword
00:48:26.167 [Forwarding findElement on session f7c289055e2999f1fc394f9c82174be2 to remote] DEBUG org.asynchttpclient.netty.request.NettyRequestSender - Using pooled Channel '[id: 0x64732bcd, L:/127.0.0.1:50140 - R:localhost/127.0.0.1:53698]' for 'POST' to 'http://localhost:53698/session/f7c289055e2999f1fc394f9c82174be2/element'
00:48:26.167 [Forwarding findElement on session f7c289055e2999f1fc394f9c82174be2 to remote] DEBUG org.asynchttpclient.netty.request.NettyRequestSender - Using open Channel [id: 0x64732bcd, L:/127.0.0.1:50140 - R:localhost/127.0.0.1:53698] for POST '/session/f7c289055e2999f1fc394f9c82174be2/element'
00:48:26.191 [AsyncHttpClient-1-8] DEBUG org.asynchttpclient.netty.handler.HttpHandler - 

Request DefaultHttpRequest(decodeResult: success, version: HTTP/1.1)
POST /session/f7c289055e2999f1fc394f9c82174be2/element HTTP/1.1
User-Agent: selenium/4.1.2 (java windows)
Content-Length: 92
Content-Type: application/json; charset=utf-8
host: localhost:53698
accept: */*

Response DefaultHttpResponse(decodeResult: success, version: HTTP/1.1)
HTTP/1.1 200 OK
Content-Type: application/json; charset=utf-8
cache-control: no-cache
content-length: 88

00:48:26.191 [AsyncHttpClient-1-8] DEBUG org.asynchttpclient.netty.channel.ChannelManager - Adding key: http://localhost:53698 for channel [id: 0x64732bcd, L:/127.0.0.1:50140 - R:localhost/127.0.0.1:53698]
00:48:26.192 [Forwarding clearElement on session f7c289055e2999f1fc394f9c82174be2 to remote] DEBUG org.asynchttpclient.netty.request.NettyRequestSender - Using pooled Channel '[id: 0x64732bcd, L:/127.0.0.1:50140 - R:localhost/127.0.0.1:53698]' for 'POST' to 'http://localhost:53698/session/f7c289055e2999f1fc394f9c82174be2/element/96dcdf74-5b3c-4404-aca9-243730f3ea93/clear'
00:48:26.192 [Forwarding clearElement on session f7c289055e2999f1fc394f9c82174be2 to remote] DEBUG org.asynchttpclient.netty.request.NettyRequestSender - Using open Channel [id: 0x64732bcd, L:/127.0.0.1:50140 - R:localhost/127.0.0.1:53698] for POST '/session/f7c289055e2999f1fc394f9c82174be2/element/96dcdf74-5b3c-4404-aca9-243730f3ea93/clear'
00:48:26.243 [AsyncHttpClient-1-8] DEBUG org.asynchttpclient.netty.handler.HttpHandler - 

Request DefaultHttpRequest(decodeResult: success, version: HTTP/1.1)
POST /session/f7c289055e2999f1fc394f9c82174be2/element/96dcdf74-5b3c-4404-aca9-243730f3ea93/clear HTTP/1.1
User-Agent: selenium/4.1.2 (java windows)
Content-Length: 50
Content-Type: application/json; charset=utf-8
host: localhost:53698
accept: */*

Response DefaultHttpResponse(decodeResult: success, version: HTTP/1.1)
HTTP/1.1 200 OK
Content-Type: application/json; charset=utf-8
cache-control: no-cache
content-length: 14

00:48:26.243 [AsyncHttpClient-1-8] DEBUG org.asynchttpclient.netty.channel.ChannelManager - Adding key: http://localhost:53698 for channel [id: 0x64732bcd, L:/127.0.0.1:50140 - R:localhost/127.0.0.1:53698]
00:48:26.245 [Forwarding sendKeysToElement on session f7c289055e2999f1fc394f9c82174be2 to remote] DEBUG org.asynchttpclient.netty.request.NettyRequestSender - Using pooled Channel '[id: 0x64732bcd, L:/127.0.0.1:50140 - R:localhost/127.0.0.1:53698]' for 'POST' to 'http://localhost:53698/session/f7c289055e2999f1fc394f9c82174be2/element/96dcdf74-5b3c-4404-aca9-243730f3ea93/value'
00:48:26.245 [Forwarding sendKeysToElement on session f7c289055e2999f1fc394f9c82174be2 to remote] DEBUG org.asynchttpclient.netty.request.NettyRequestSender - Using open Channel [id: 0x64732bcd, L:/127.0.0.1:50140 - R:localhost/127.0.0.1:53698] for POST '/session/f7c289055e2999f1fc394f9c82174be2/element/96dcdf74-5b3c-4404-aca9-243730f3ea93/value'
00:48:26.385 [AsyncHttpClient-1-8] DEBUG org.asynchttpclient.netty.handler.HttpHandler - 

Request DefaultHttpRequest(decodeResult: success, version: HTTP/1.1)
POST /session/f7c289055e2999f1fc394f9c82174be2/element/96dcdf74-5b3c-4404-aca9-243730f3ea93/value HTTP/1.1
User-Agent: selenium/4.1.2 (java windows)
Content-Length: 291
Content-Type: application/json; charset=utf-8
host: localhost:53698
accept: */*

Response DefaultHttpResponse(decodeResult: success, version: HTTP/1.1)
HTTP/1.1 200 OK
Content-Type: application/json; charset=utf-8
cache-control: no-cache
content-length: 14

00:48:26.385 [AsyncHttpClient-1-8] DEBUG org.asynchttpclient.netty.channel.ChannelManager - Adding key: http://localhost:53698 for channel [id: 0x64732bcd, L:/127.0.0.1:50140 - R:localhost/127.0.0.1:53698]
00:48:26.391 [Forwarding screenshot on session f7c289055e2999f1fc394f9c82174be2 to remote] DEBUG org.asynchttpclient.netty.request.NettyRequestSender - Using pooled Channel '[id: 0x64732bcd, L:/127.0.0.1:50140 - R:localhost/127.0.0.1:53698]' for 'GET' to 'http://localhost:53698/session/f7c289055e2999f1fc394f9c82174be2/screenshot'
00:48:26.391 [Forwarding screenshot on session f7c289055e2999f1fc394f9c82174be2 to remote] DEBUG org.asynchttpclient.netty.request.NettyRequestSender - Using open Channel [id: 0x64732bcd, L:/127.0.0.1:50140 - R:localhost/127.0.0.1:53698] for GET '/session/f7c289055e2999f1fc394f9c82174be2/screenshot'
00:48:26.691 [AsyncHttpClient-1-1] DEBUG org.asynchttpclient.netty.channel.DefaultChannelPool - Entry count for : http://localhost:50141 : 1
00:48:26.708 [AsyncHttpClient-1-8] DEBUG org.asynchttpclient.netty.handler.HttpHandler - 

Request DefaultFullHttpRequest(decodeResult: success, version: HTTP/1.1, content: EmptyByteBufBE)
GET /session/f7c289055e2999f1fc394f9c82174be2/screenshot HTTP/1.1
User-Agent: selenium/4.1.2 (java windows)
Cache-Control: no-cache
Content-Type: application/json; charset=utf-8
host: localhost:53698
accept: */*

Response DefaultHttpResponse(decodeResult: success, version: HTTP/1.1)
HTTP/1.1 200 OK
Content-Type: application/json; charset=utf-8
cache-control: no-cache
content-length: 569460

00:48:26.709 [AsyncHttpClient-1-8] DEBUG org.asynchttpclient.netty.channel.ChannelManager - Adding key: http://localhost:53698 for channel [id: 0x64732bcd, L:/127.0.0.1:50140 - R:localhost/127.0.0.1:53698]
00:48:26.718 [main] DEBUG net.serenitybdd.core.photography.Darkroom - Send negative for processing for target\site\serenity\7121c7966e51ed0bee580053fa8354e56400a63fd65cbfa41529dc1e051e1e6a.png
00:48:26.718 [main] DEBUG net.thucydides.core.steps.StepInterceptor - STEP DONE: inputPassword
  &amp#27;[32mAnd &amp#27;[0m&amp#27;[32madmin input valid password&amp#27;[0m                 &amp#27;[90m# starter.definitions.LoginSteps.adminInputValidPassword()&amp#27;[0m
00:48:26.731 [main] DEBUG net.thucydides.core.steps.StepInterceptor - STARTING STEP: LoginSteps.clickLoginButton - clickloginButton
00:48:26.733 [Forwarding findElement on session f7c289055e2999f1fc394f9c82174be2 to remote] DEBUG org.asynchttpclient.netty.request.NettyRequestSender - Using pooled Channel '[id: 0x64732bcd, L:/127.0.0.1:50140 - R:localhost/127.0.0.1:53698]' for 'POST' to 'http://localhost:53698/session/f7c289055e2999f1fc394f9c82174be2/element'
00:48:26.733 [Forwarding findElement on session f7c289055e2999f1fc394f9c82174be2 to remote] DEBUG org.asynchttpclient.netty.request.NettyRequestSender - Using open Channel [id: 0x64732bcd, L:/127.0.0.1:50140 - R:localhost/127.0.0.1:53698] for POST '/session/f7c289055e2999f1fc394f9c82174be2/element'
00:48:26.740 [AsyncHttpClient-1-8] DEBUG org.asynchttpclient.netty.handler.HttpHandler - 

Request DefaultHttpRequest(decodeResult: success, version: HTTP/1.1)
POST /session/f7c289055e2999f1fc394f9c82174be2/element HTTP/1.1
User-Agent: selenium/4.1.2 (java windows)
Content-Length: 71
Content-Type: application/json; charset=utf-8
host: localhost:53698
accept: */*

Response DefaultHttpResponse(decodeResult: success, version: HTTP/1.1)
HTTP/1.1 200 OK
Content-Type: application/json; charset=utf-8
cache-control: no-cache
content-length: 88

00:48:26.740 [AsyncHttpClient-1-8] DEBUG org.asynchttpclient.netty.channel.ChannelManager - Adding key: http://localhost:53698 for channel [id: 0x64732bcd, L:/127.0.0.1:50140 - R:localhost/127.0.0.1:53698]
00:48:26.741 [Forwarding getElementTagName on session f7c289055e2999f1fc394f9c82174be2 to remote] DEBUG org.asynchttpclient.netty.request.NettyRequestSender - Using pooled Channel '[id: 0x64732bcd, L:/127.0.0.1:50140 - R:localhost/127.0.0.1:53698]' for 'GET' to 'http://localhost:53698/session/f7c289055e2999f1fc394f9c82174be2/element/c9bef76e-e718-4b1a-86fc-5c0528df7180/name'
00:48:26.741 [Forwarding getElementTagName on session f7c289055e2999f1fc394f9c82174be2 to remote] DEBUG org.asynchttpclient.netty.request.NettyRequestSender - Using open Channel [id: 0x64732bcd, L:/127.0.0.1:50140 - R:localhost/127.0.0.1:53698] for GET '/session/f7c289055e2999f1fc394f9c82174be2/element/c9bef76e-e718-4b1a-86fc-5c0528df7180/name'
00:48:26.745 [AsyncHttpClient-1-8] DEBUG org.asynchttpclient.netty.handler.HttpHandler - 

Request DefaultFullHttpRequest(decodeResult: success, version: HTTP/1.1, content: EmptyByteBufBE)
GET /session/f7c289055e2999f1fc394f9c82174be2/element/c9bef76e-e718-4b1a-86fc-5c0528df7180/name HTTP/1.1
User-Agent: selenium/4.1.2 (java windows)
Cache-Control: no-cache
Content-Type: application/json; charset=utf-8
host: localhost:53698
accept: */*

Response DefaultHttpResponse(decodeResult: success, version: HTTP/1.1)
HTTP/1.1 200 OK
Content-Type: application/json; charset=utf-8
cache-control: no-cache
content-length: 18

00:48:26.745 [AsyncHttpClient-1-8] DEBUG org.asynchttpclient.netty.channel.ChannelManager - Adding key: http://localhost:53698 for channel [id: 0x64732bcd, L:/127.0.0.1:50140 - R:localhost/127.0.0.1:53698]
00:48:26.746 [Forwarding getElementTagName on session f7c289055e2999f1fc394f9c82174be2 to remote] DEBUG org.asynchttpclient.netty.request.NettyRequestSender - Using pooled Channel '[id: 0x64732bcd, L:/127.0.0.1:50140 - R:localhost/127.0.0.1:53698]' for 'GET' to 'http://localhost:53698/session/f7c289055e2999f1fc394f9c82174be2/element/c9bef76e-e718-4b1a-86fc-5c0528df7180/name'
00:48:26.746 [Forwarding getElementTagName on session f7c289055e2999f1fc394f9c82174be2 to remote] DEBUG org.asynchttpclient.netty.request.NettyRequestSender - Using open Channel [id: 0x64732bcd, L:/127.0.0.1:50140 - R:localhost/127.0.0.1:53698] for GET '/session/f7c289055e2999f1fc394f9c82174be2/element/c9bef76e-e718-4b1a-86fc-5c0528df7180/name'
00:48:26.749 [AsyncHttpClient-1-8] DEBUG org.asynchttpclient.netty.handler.HttpHandler - 

Request DefaultFullHttpRequest(decodeResult: success, version: HTTP/1.1, content: EmptyByteBufBE)
GET /session/f7c289055e2999f1fc394f9c82174be2/element/c9bef76e-e718-4b1a-86fc-5c0528df7180/name HTTP/1.1
User-Agent: selenium/4.1.2 (java windows)
Cache-Control: no-cache
Content-Type: application/json; charset=utf-8
host: localhost:53698
accept: */*

Response DefaultHttpResponse(decodeResult: success, version: HTTP/1.1)
HTTP/1.1 200 OK
Content-Type: application/json; charset=utf-8
cache-control: no-cache
content-length: 18

00:48:26.749 [AsyncHttpClient-1-8] DEBUG org.asynchttpclient.netty.channel.ChannelManager - Adding key: http://localhost:53698 for channel [id: 0x64732bcd, L:/127.0.0.1:50140 - R:localhost/127.0.0.1:53698]
00:48:26.751 [Forwarding isElementEnabled on session f7c289055e2999f1fc394f9c82174be2 to remote] DEBUG org.asynchttpclient.netty.request.NettyRequestSender - Using pooled Channel '[id: 0x64732bcd, L:/127.0.0.1:50140 - R:localhost/127.0.0.1:53698]' for 'GET' to 'http://localhost:53698/session/f7c289055e2999f1fc394f9c82174be2/element/c9bef76e-e718-4b1a-86fc-5c0528df7180/enabled'
00:48:26.751 [Forwarding isElementEnabled on session f7c289055e2999f1fc394f9c82174be2 to remote] DEBUG org.asynchttpclient.netty.request.NettyRequestSender - Using open Channel [id: 0x64732bcd, L:/127.0.0.1:50140 - R:localhost/127.0.0.1:53698] for GET '/session/f7c289055e2999f1fc394f9c82174be2/element/c9bef76e-e718-4b1a-86fc-5c0528df7180/enabled'
00:48:26.759 [AsyncHttpClient-1-8] DEBUG org.asynchttpclient.netty.handler.HttpHandler - 

Request DefaultFullHttpRequest(decodeResult: success, version: HTTP/1.1, content: EmptyByteBufBE)
GET /session/f7c289055e2999f1fc394f9c82174be2/element/c9bef76e-e718-4b1a-86fc-5c0528df7180/enabled HTTP/1.1
User-Agent: selenium/4.1.2 (java windows)
Cache-Control: no-cache
Content-Type: application/json; charset=utf-8
host: localhost:53698
accept: */*

Response DefaultHttpResponse(decodeResult: success, version: HTTP/1.1)
HTTP/1.1 200 OK
Content-Type: application/json; charset=utf-8
cache-control: no-cache
content-length: 14

00:48:26.760 [AsyncHttpClient-1-8] DEBUG org.asynchttpclient.netty.channel.ChannelManager - Adding key: http://localhost:53698 for channel [id: 0x64732bcd, L:/127.0.0.1:50140 - R:localhost/127.0.0.1:53698]
00:48:26.761 [Forwarding isElementEnabled on session f7c289055e2999f1fc394f9c82174be2 to remote] DEBUG org.asynchttpclient.netty.request.NettyRequestSender - Using pooled Channel '[id: 0x64732bcd, L:/127.0.0.1:50140 - R:localhost/127.0.0.1:53698]' for 'GET' to 'http://localhost:53698/session/f7c289055e2999f1fc394f9c82174be2/element/c9bef76e-e718-4b1a-86fc-5c0528df7180/enabled'
00:48:26.761 [Forwarding isElementEnabled on session f7c289055e2999f1fc394f9c82174be2 to remote] DEBUG org.asynchttpclient.netty.request.NettyRequestSender - Using open Channel [id: 0x64732bcd, L:/127.0.0.1:50140 - R:localhost/127.0.0.1:53698] for GET '/session/f7c289055e2999f1fc394f9c82174be2/element/c9bef76e-e718-4b1a-86fc-5c0528df7180/enabled'
00:48:26.765 [AsyncHttpClient-1-8] DEBUG org.asynchttpclient.netty.handler.HttpHandler - 

Request DefaultFullHttpRequest(decodeResult: success, version: HTTP/1.1, content: EmptyByteBufBE)
GET /session/f7c289055e2999f1fc394f9c82174be2/element/c9bef76e-e718-4b1a-86fc-5c0528df7180/enabled HTTP/1.1
User-Agent: selenium/4.1.2 (java windows)
Cache-Control: no-cache
Content-Type: application/json; charset=utf-8
host: localhost:53698
accept: */*

Response DefaultHttpResponse(decodeResult: success, version: HTTP/1.1)
HTTP/1.1 200 OK
Content-Type: application/json; charset=utf-8
cache-control: no-cache
content-length: 14

00:48:26.765 [AsyncHttpClient-1-8] DEBUG org.asynchttpclient.netty.channel.ChannelManager - Adding key: http://localhost:53698 for channel [id: 0x64732bcd, L:/127.0.0.1:50140 - R:localhost/127.0.0.1:53698]
00:48:26.767 [Forwarding findElement on session f7c289055e2999f1fc394f9c82174be2 to remote] DEBUG org.asynchttpclient.netty.request.NettyRequestSender - Using pooled Channel '[id: 0x64732bcd, L:/127.0.0.1:50140 - R:localhost/127.0.0.1:53698]' for 'POST' to 'http://localhost:53698/session/f7c289055e2999f1fc394f9c82174be2/element'
00:48:26.767 [Forwarding findElement on session f7c289055e2999f1fc394f9c82174be2 to remote] DEBUG org.asynchttpclient.netty.request.NettyRequestSender - Using open Channel [id: 0x64732bcd, L:/127.0.0.1:50140 - R:localhost/127.0.0.1:53698] for POST '/session/f7c289055e2999f1fc394f9c82174be2/element'
00:48:26.774 [AsyncHttpClient-1-8] DEBUG org.asynchttpclient.netty.handler.HttpHandler - 

Request DefaultHttpRequest(decodeResult: success, version: HTTP/1.1)
POST /session/f7c289055e2999f1fc394f9c82174be2/element HTTP/1.1
User-Agent: selenium/4.1.2 (java windows)
Content-Length: 71
Content-Type: application/json; charset=utf-8
host: localhost:53698
accept: */*

Response DefaultHttpResponse(decodeResult: success, version: HTTP/1.1)
HTTP/1.1 200 OK
Content-Type: application/json; charset=utf-8
cache-control: no-cache
content-length: 88

00:48:26.774 [AsyncHttpClient-1-8] DEBUG org.asynchttpclient.netty.channel.ChannelManager - Adding key: http://localhost:53698 for channel [id: 0x64732bcd, L:/127.0.0.1:50140 - R:localhost/127.0.0.1:53698]
00:48:26.775 [Forwarding clickElement on session f7c289055e2999f1fc394f9c82174be2 to remote] DEBUG org.asynchttpclient.netty.request.NettyRequestSender - Using pooled Channel '[id: 0x64732bcd, L:/127.0.0.1:50140 - R:localhost/127.0.0.1:53698]' for 'POST' to 'http://localhost:53698/session/f7c289055e2999f1fc394f9c82174be2/element/c9bef76e-e718-4b1a-86fc-5c0528df7180/click'
00:48:26.775 [Forwarding clickElement on session f7c289055e2999f1fc394f9c82174be2 to remote] DEBUG org.asynchttpclient.netty.request.NettyRequestSender - Using open Channel [id: 0x64732bcd, L:/127.0.0.1:50140 - R:localhost/127.0.0.1:53698] for POST '/session/f7c289055e2999f1fc394f9c82174be2/element/c9bef76e-e718-4b1a-86fc-5c0528df7180/click'
00:48:26.813 [AsyncHttpClient-1-8] DEBUG org.asynchttpclient.netty.handler.HttpHandler - 

Request DefaultHttpRequest(decodeResult: success, version: HTTP/1.1)
POST /session/f7c289055e2999f1fc394f9c82174be2/element/c9bef76e-e718-4b1a-86fc-5c0528df7180/click HTTP/1.1
User-Agent: selenium/4.1.2 (java windows)
Content-Length: 50
Content-Type: application/json; charset=utf-8
host: localhost:53698
accept: */*

Response DefaultHttpResponse(decodeResult: success, version: HTTP/1.1)
HTTP/1.1 200 OK
Content-Type: application/json; charset=utf-8
cache-control: no-cache
content-length: 14

00:48:26.813 [AsyncHttpClient-1-8] DEBUG org.asynchttpclient.netty.channel.ChannelManager - Adding key: http://localhost:53698 for channel [id: 0x64732bcd, L:/127.0.0.1:50140 - R:localhost/127.0.0.1:53698]
00:48:26.820 [Forwarding screenshot on session f7c289055e2999f1fc394f9c82174be2 to remote] DEBUG org.asynchttpclient.netty.request.NettyRequestSender - Using pooled Channel '[id: 0x64732bcd, L:/127.0.0.1:50140 - R:localhost/127.0.0.1:53698]' for 'GET' to 'http://localhost:53698/session/f7c289055e2999f1fc394f9c82174be2/screenshot'
00:48:26.820 [Forwarding screenshot on session f7c289055e2999f1fc394f9c82174be2 to remote] DEBUG org.asynchttpclient.netty.request.NettyRequestSender - Using open Channel [id: 0x64732bcd, L:/127.0.0.1:50140 - R:localhost/127.0.0.1:53698] for GET '/session/f7c289055e2999f1fc394f9c82174be2/screenshot'
00:48:27.126 [AsyncHttpClient-1-8] DEBUG org.asynchttpclient.netty.handler.HttpHandler - 

Request DefaultFullHttpRequest(decodeResult: success, version: HTTP/1.1, content: EmptyByteBufBE)
GET /session/f7c289055e2999f1fc394f9c82174be2/screenshot HTTP/1.1
User-Agent: selenium/4.1.2 (java windows)
Cache-Control: no-cache
Content-Type: application/json; charset=utf-8
host: localhost:53698
accept: */*

Response DefaultHttpResponse(decodeResult: success, version: HTTP/1.1)
HTTP/1.1 200 OK
Content-Type: application/json; charset=utf-8
cache-control: no-cache
content-length: 575004

00:48:27.127 [AsyncHttpClient-1-8] DEBUG org.asynchttpclient.netty.channel.ChannelManager - Adding key: http://localhost:53698 for channel [id: 0x64732bcd, L:/127.0.0.1:50140 - R:localhost/127.0.0.1:53698]
00:48:27.136 [main] DEBUG net.serenitybdd.core.photography.Darkroom - Send negative for processing for target\site\serenity\bdfb3257a55b5f729af578dfc1dc3a5762c89839bea5dc19984e34dd6640fee1.png
00:48:27.137 [main] DEBUG net.thucydides.core.steps.StepInterceptor - STEP DONE: clickloginButton
  &amp#27;[32mAnd &amp#27;[0m&amp#27;[32mclick login button&amp#27;[0m                         &amp#27;[90m# starter.definitions.LoginSteps.clickLoginButton()&amp#27;[0m
00:48:27.149 [main] DEBUG net.thucydides.core.steps.StepInterceptor - STARTING STEP: LoginSteps.clickSucsessLogin - sucseslogin
00:48:27.151 [Forwarding findElement on session f7c289055e2999f1fc394f9c82174be2 to remote] DEBUG org.asynchttpclient.netty.request.NettyRequestSender - Using pooled Channel '[id: 0x64732bcd, L:/127.0.0.1:50140 - R:localhost/127.0.0.1:53698]' for 'POST' to 'http://localhost:53698/session/f7c289055e2999f1fc394f9c82174be2/element'
00:48:27.151 [Forwarding findElement on session f7c289055e2999f1fc394f9c82174be2 to remote] DEBUG org.asynchttpclient.netty.request.NettyRequestSender - Using open Channel [id: 0x64732bcd, L:/127.0.0.1:50140 - R:localhost/127.0.0.1:53698] for POST '/session/f7c289055e2999f1fc394f9c82174be2/element'
00:48:27.543 [AsyncHttpClient-1-8] DEBUG org.asynchttpclient.netty.handler.HttpHandler - 

Request DefaultHttpRequest(decodeResult: success, version: HTTP/1.1)
POST /session/f7c289055e2999f1fc394f9c82174be2/element HTTP/1.1
User-Agent: selenium/4.1.2 (java windows)
Content-Length: 79
Content-Type: application/json; charset=utf-8
host: localhost:53698
accept: */*

Response DefaultHttpResponse(decodeResult: success, version: HTTP/1.1)
HTTP/1.1 200 OK
Content-Type: application/json; charset=utf-8
cache-control: no-cache
content-length: 88

00:48:27.543 [AsyncHttpClient-1-8] DEBUG org.asynchttpclient.netty.channel.ChannelManager - Adding key: http://localhost:53698 for channel [id: 0x64732bcd, L:/127.0.0.1:50140 - R:localhost/127.0.0.1:53698]
00:48:27.544 [Forwarding getElementTagName on session f7c289055e2999f1fc394f9c82174be2 to remote] DEBUG org.asynchttpclient.netty.request.NettyRequestSender - Using pooled Channel '[id: 0x64732bcd, L:/127.0.0.1:50140 - R:localhost/127.0.0.1:53698]' for 'GET' to 'http://localhost:53698/session/f7c289055e2999f1fc394f9c82174be2/element/e35d6280-acc0-4fcc-9985-15ae058c30f4/name'
00:48:27.544 [Forwarding getElementTagName on session f7c289055e2999f1fc394f9c82174be2 to remote] DEBUG org.asynchttpclient.netty.request.NettyRequestSender - Using open Channel [id: 0x64732bcd, L:/127.0.0.1:50140 - R:localhost/127.0.0.1:53698] for GET '/session/f7c289055e2999f1fc394f9c82174be2/element/e35d6280-acc0-4fcc-9985-15ae058c30f4/name'
00:48:27.564 [AsyncHttpClient-1-8] DEBUG org.asynchttpclient.netty.handler.HttpHandler - 

Request DefaultFullHttpRequest(decodeResult: success, version: HTTP/1.1, content: EmptyByteBufBE)
GET /session/f7c289055e2999f1fc394f9c82174be2/element/e35d6280-acc0-4fcc-9985-15ae058c30f4/name HTTP/1.1
User-Agent: selenium/4.1.2 (java windows)
Cache-Control: no-cache
Content-Type: application/json; charset=utf-8
host: localhost:53698
accept: */*

Response DefaultHttpResponse(decodeResult: success, version: HTTP/1.1)
HTTP/1.1 200 OK
Content-Type: application/json; charset=utf-8
cache-control: no-cache
content-length: 18

00:48:27.564 [AsyncHttpClient-1-8] DEBUG org.asynchttpclient.netty.channel.ChannelManager - Adding key: http://localhost:53698 for channel [id: 0x64732bcd, L:/127.0.0.1:50140 - R:localhost/127.0.0.1:53698]
00:48:27.565 [Forwarding getElementTagName on session f7c289055e2999f1fc394f9c82174be2 to remote] DEBUG org.asynchttpclient.netty.request.NettyRequestSender - Using pooled Channel '[id: 0x64732bcd, L:/127.0.0.1:50140 - R:localhost/127.0.0.1:53698]' for 'GET' to 'http://localhost:53698/session/f7c289055e2999f1fc394f9c82174be2/element/e35d6280-acc0-4fcc-9985-15ae058c30f4/name'
00:48:27.565 [Forwarding getElementTagName on session f7c289055e2999f1fc394f9c82174be2 to remote] DEBUG org.asynchttpclient.netty.request.NettyRequestSender - Using open Channel [id: 0x64732bcd, L:/127.0.0.1:50140 - R:localhost/127.0.0.1:53698] for GET '/session/f7c289055e2999f1fc394f9c82174be2/element/e35d6280-acc0-4fcc-9985-15ae058c30f4/name'
00:48:27.582 [AsyncHttpClient-1-8] DEBUG org.asynchttpclient.netty.handler.HttpHandler - 

Request DefaultFullHttpRequest(decodeResult: success, version: HTTP/1.1, content: EmptyByteBufBE)
GET /session/f7c289055e2999f1fc394f9c82174be2/element/e35d6280-acc0-4fcc-9985-15ae058c30f4/name HTTP/1.1
User-Agent: selenium/4.1.2 (java windows)
Cache-Control: no-cache
Content-Type: application/json; charset=utf-8
host: localhost:53698
accept: */*

Response DefaultHttpResponse(decodeResult: success, version: HTTP/1.1)
HTTP/1.1 200 OK
Content-Type: application/json; charset=utf-8
cache-control: no-cache
content-length: 18

00:48:27.582 [AsyncHttpClient-1-8] DEBUG org.asynchttpclient.netty.channel.ChannelManager - Adding key: http://localhost:53698 for channel [id: 0x64732bcd, L:/127.0.0.1:50140 - R:localhost/127.0.0.1:53698]
00:48:27.584 [Forwarding isElementEnabled on session f7c289055e2999f1fc394f9c82174be2 to remote] DEBUG org.asynchttpclient.netty.request.NettyRequestSender - Using pooled Channel '[id: 0x64732bcd, L:/127.0.0.1:50140 - R:localhost/127.0.0.1:53698]' for 'GET' to 'http://localhost:53698/session/f7c289055e2999f1fc394f9c82174be2/element/e35d6280-acc0-4fcc-9985-15ae058c30f4/enabled'
00:48:27.584 [Forwarding isElementEnabled on session f7c289055e2999f1fc394f9c82174be2 to remote] DEBUG org.asynchttpclient.netty.request.NettyRequestSender - Using open Channel [id: 0x64732bcd, L:/127.0.0.1:50140 - R:localhost/127.0.0.1:53698] for GET '/session/f7c289055e2999f1fc394f9c82174be2/element/e35d6280-acc0-4fcc-9985-15ae058c30f4/enabled'
00:48:27.604 [AsyncHttpClient-1-8] DEBUG org.asynchttpclient.netty.handler.HttpHandler - 

Request DefaultFullHttpRequest(decodeResult: success, version: HTTP/1.1, content: EmptyByteBufBE)
GET /session/f7c289055e2999f1fc394f9c82174be2/element/e35d6280-acc0-4fcc-9985-15ae058c30f4/enabled HTTP/1.1
User-Agent: selenium/4.1.2 (java windows)
Cache-Control: no-cache
Content-Type: application/json; charset=utf-8
host: localhost:53698
accept: */*

Response DefaultHttpResponse(decodeResult: success, version: HTTP/1.1)
HTTP/1.1 200 OK
Content-Type: application/json; charset=utf-8
cache-control: no-cache
content-length: 14

00:48:27.604 [AsyncHttpClient-1-8] DEBUG org.asynchttpclient.netty.channel.ChannelManager - Adding key: http://localhost:53698 for channel [id: 0x64732bcd, L:/127.0.0.1:50140 - R:localhost/127.0.0.1:53698]
00:48:27.606 [Forwarding isElementEnabled on session f7c289055e2999f1fc394f9c82174be2 to remote] DEBUG org.asynchttpclient.netty.request.NettyRequestSender - Using pooled Channel '[id: 0x64732bcd, L:/127.0.0.1:50140 - R:localhost/127.0.0.1:53698]' for 'GET' to 'http://localhost:53698/session/f7c289055e2999f1fc394f9c82174be2/element/e35d6280-acc0-4fcc-9985-15ae058c30f4/enabled'
00:48:27.606 [Forwarding isElementEnabled on session f7c289055e2999f1fc394f9c82174be2 to remote] DEBUG org.asynchttpclient.netty.request.NettyRequestSender - Using open Channel [id: 0x64732bcd, L:/127.0.0.1:50140 - R:localhost/127.0.0.1:53698] for GET '/session/f7c289055e2999f1fc394f9c82174be2/element/e35d6280-acc0-4fcc-9985-15ae058c30f4/enabled'
00:48:27.621 [AsyncHttpClient-1-8] DEBUG org.asynchttpclient.netty.handler.HttpHandler - 

Request DefaultFullHttpRequest(decodeResult: success, version: HTTP/1.1, content: EmptyByteBufBE)
GET /session/f7c289055e2999f1fc394f9c82174be2/element/e35d6280-acc0-4fcc-9985-15ae058c30f4/enabled HTTP/1.1
User-Agent: selenium/4.1.2 (java windows)
Cache-Control: no-cache
Content-Type: application/json; charset=utf-8
host: localhost:53698
accept: */*

Response DefaultHttpResponse(decodeResult: success, version: HTTP/1.1)
HTTP/1.1 200 OK
Content-Type: application/json; charset=utf-8
cache-control: no-cache
content-length: 14

00:48:27.621 [AsyncHttpClient-1-8] DEBUG org.asynchttpclient.netty.channel.ChannelManager - Adding key: http://localhost:53698 for channel [id: 0x64732bcd, L:/127.0.0.1:50140 - R:localhost/127.0.0.1:53698]
00:48:27.624 [Forwarding findElement on session f7c289055e2999f1fc394f9c82174be2 to remote] DEBUG org.asynchttpclient.netty.request.NettyRequestSender - Using pooled Channel '[id: 0x64732bcd, L:/127.0.0.1:50140 - R:localhost/127.0.0.1:53698]' for 'POST' to 'http://localhost:53698/session/f7c289055e2999f1fc394f9c82174be2/element'
00:48:27.624 [Forwarding findElement on session f7c289055e2999f1fc394f9c82174be2 to remote] DEBUG org.asynchttpclient.netty.request.NettyRequestSender - Using open Channel [id: 0x64732bcd, L:/127.0.0.1:50140 - R:localhost/127.0.0.1:53698] for POST '/session/f7c289055e2999f1fc394f9c82174be2/element'
00:48:27.649 [AsyncHttpClient-1-8] DEBUG org.asynchttpclient.netty.handler.HttpHandler - 

Request DefaultHttpRequest(decodeResult: success, version: HTTP/1.1)
POST /session/f7c289055e2999f1fc394f9c82174be2/element HTTP/1.1
User-Agent: selenium/4.1.2 (java windows)
Content-Length: 79
Content-Type: application/json; charset=utf-8
host: localhost:53698
accept: */*

Response DefaultHttpResponse(decodeResult: success, version: HTTP/1.1)
HTTP/1.1 200 OK
Content-Type: application/json; charset=utf-8
cache-control: no-cache
content-length: 88

00:48:27.649 [AsyncHttpClient-1-8] DEBUG org.asynchttpclient.netty.channel.ChannelManager - Adding key: http://localhost:53698 for channel [id: 0x64732bcd, L:/127.0.0.1:50140 - R:localhost/127.0.0.1:53698]
00:48:27.650 [Forwarding clickElement on session f7c289055e2999f1fc394f9c82174be2 to remote] DEBUG org.asynchttpclient.netty.request.NettyRequestSender - Using pooled Channel '[id: 0x64732bcd, L:/127.0.0.1:50140 - R:localhost/127.0.0.1:53698]' for 'POST' to 'http://localhost:53698/session/f7c289055e2999f1fc394f9c82174be2/element/e35d6280-acc0-4fcc-9985-15ae058c30f4/click'
00:48:27.650 [Forwarding clickElement on session f7c289055e2999f1fc394f9c82174be2 to remote] DEBUG org.asynchttpclient.netty.request.NettyRequestSender - Using open Channel [id: 0x64732bcd, L:/127.0.0.1:50140 - R:localhost/127.0.0.1:53698] for POST '/session/f7c289055e2999f1fc394f9c82174be2/element/e35d6280-acc0-4fcc-9985-15ae058c30f4/click'
00:48:27.712 [AsyncHttpClient-1-8] DEBUG org.asynchttpclient.netty.handler.HttpHandler - 

Request DefaultHttpRequest(decodeResult: success, version: HTTP/1.1)
POST /session/f7c289055e2999f1fc394f9c82174be2/element/e35d6280-acc0-4fcc-9985-15ae058c30f4/click HTTP/1.1
User-Agent: selenium/4.1.2 (java windows)
Content-Length: 50
Content-Type: application/json; charset=utf-8
host: localhost:53698
accept: */*

Response DefaultHttpResponse(decodeResult: success, version: HTTP/1.1)
HTTP/1.1 200 OK
Content-Type: application/json; charset=utf-8
cache-control: no-cache
content-length: 14

00:48:27.712 [AsyncHttpClient-1-8] DEBUG org.asynchttpclient.netty.channel.ChannelManager - Adding key: http://localhost:53698 for channel [id: 0x64732bcd, L:/127.0.0.1:50140 - R:localhost/127.0.0.1:53698]
00:48:27.717 [Forwarding screenshot on session f7c289055e2999f1fc394f9c82174be2 to remote] DEBUG org.asynchttpclient.netty.request.NettyRequestSender - Using pooled Channel '[id: 0x64732bcd, L:/127.0.0.1:50140 - R:localhost/127.0.0.1:53698]' for 'GET' to 'http://localhost:53698/session/f7c289055e2999f1fc394f9c82174be2/screenshot'
00:48:27.717 [Forwarding screenshot on session f7c289055e2999f1fc394f9c82174be2 to remote] DEBUG org.asynchttpclient.netty.request.NettyRequestSender - Using open Channel [id: 0x64732bcd, L:/127.0.0.1:50140 - R:localhost/127.0.0.1:53698] for GET '/session/f7c289055e2999f1fc394f9c82174be2/screenshot'
00:48:27.793 [AsyncHttpClient-1-1] DEBUG org.asynchttpclient.netty.channel.DefaultChannelPool - Entry count for : http://localhost:50141 : 1
00:48:28.077 [AsyncHttpClient-1-8] DEBUG org.asynchttpclient.netty.handler.HttpHandler - 

Request DefaultFullHttpRequest(decodeResult: success, version: HTTP/1.1, content: EmptyByteBufBE)
GET /session/f7c289055e2999f1fc394f9c82174be2/screenshot HTTP/1.1
User-Agent: selenium/4.1.2 (java windows)
Cache-Control: no-cache
Content-Type: application/json; charset=utf-8
host: localhost:53698
accept: */*

Response DefaultHttpResponse(decodeResult: success, version: HTTP/1.1)
HTTP/1.1 200 OK
Content-Type: application/json; charset=utf-8
cache-control: no-cache
content-length: 119664

00:48:28.078 [AsyncHttpClient-1-8] DEBUG org.asynchttpclient.netty.channel.ChannelManager - Adding key: http://localhost:53698 for channel [id: 0x64732bcd, L:/127.0.0.1:50140 - R:localhost/127.0.0.1:53698]
00:48:28.080 [main] DEBUG net.serenitybdd.core.photography.Darkroom - Send negative for processing for target\site\serenity\35aad12b290b02ef2573ede54fb7873399eea3a4c978dc2f8103a9db77c2b3fe.png
00:48:28.080 [main] DEBUG net.thucydides.core.steps.StepInterceptor - STEP DONE: sucseslogin
  &amp#27;[32mAnd &amp#27;[0m&amp#27;[32mclick sucsess login&amp#27;[0m                        &amp#27;[90m# starter.definitions.LoginSteps.clickSucsessLogin()&amp#27;[0m
00:48:28.081 [Darkroom Processing Line] DEBUG net.serenitybdd.core.photography.DarkroomProcessingLine - Processing screenshot image in /var/screenshots/screenshot-2367782635701526483
00:48:28.081 [Darkroom Processing Line] DEBUG net.serenitybdd.core.photography.DarkroomProcessingLine - Saving screenshot to target\site\serenity\35aad12b290b02ef2573ede54fb7873399eea3a4c978dc2f8103a9db77c2b3fe.png
00:48:28.098 [main] DEBUG net.thucydides.core.steps.StepInterceptor - STARTING STEP: MembershipSteps.adminInDashboardPage - homepage
00:48:28.100 [Forwarding findElement on session f7c289055e2999f1fc394f9c82174be2 to remote] DEBUG org.asynchttpclient.netty.request.NettyRequestSender - Using pooled Channel '[id: 0x64732bcd, L:/127.0.0.1:50140 - R:localhost/127.0.0.1:53698]' for 'POST' to 'http://localhost:53698/session/f7c289055e2999f1fc394f9c82174be2/element'
00:48:28.100 [Forwarding findElement on session f7c289055e2999f1fc394f9c82174be2 to remote] DEBUG org.asynchttpclient.netty.request.NettyRequestSender - Using open Channel [id: 0x64732bcd, L:/127.0.0.1:50140 - R:localhost/127.0.0.1:53698] for POST '/session/f7c289055e2999f1fc394f9c82174be2/element'
00:48:28.114 [AsyncHttpClient-1-8] DEBUG org.asynchttpclient.netty.handler.HttpHandler - 

Request DefaultHttpRequest(decodeResult: success, version: HTTP/1.1)
POST /session/f7c289055e2999f1fc394f9c82174be2/element HTTP/1.1
User-Agent: selenium/4.1.2 (java windows)
Content-Length: 82
Content-Type: application/json; charset=utf-8
host: localhost:53698
accept: */*

Response DefaultHttpResponse(decodeResult: success, version: HTTP/1.1)
HTTP/1.1 200 OK
Content-Type: application/json; charset=utf-8
cache-control: no-cache
content-length: 88

00:48:28.114 [AsyncHttpClient-1-8] DEBUG org.asynchttpclient.netty.channel.ChannelManager - Adding key: http://localhost:53698 for channel [id: 0x64732bcd, L:/127.0.0.1:50140 - R:localhost/127.0.0.1:53698]
00:48:28.117 [Forwarding isElementDisplayed on session f7c289055e2999f1fc394f9c82174be2 to remote] DEBUG org.asynchttpclient.netty.request.NettyRequestSender - Using pooled Channel '[id: 0x64732bcd, L:/127.0.0.1:50140 - R:localhost/127.0.0.1:53698]' for 'POST' to 'http://localhost:53698/session/f7c289055e2999f1fc394f9c82174be2/execute/sync'
00:48:28.117 [Forwarding isElementDisplayed on session f7c289055e2999f1fc394f9c82174be2 to remote] DEBUG org.asynchttpclient.netty.request.NettyRequestSender - Using open Channel [id: 0x64732bcd, L:/127.0.0.1:50140 - R:localhost/127.0.0.1:53698] for POST '/session/f7c289055e2999f1fc394f9c82174be2/execute/sync'
00:48:28.143 [AsyncHttpClient-1-8] DEBUG org.asynchttpclient.netty.handler.HttpHandler - 

Request DefaultHttpRequest(decodeResult: success, version: HTTP/1.1)
POST /session/f7c289055e2999f1fc394f9c82174be2/execute/sync HTTP/1.1
User-Agent: selenium/4.1.2 (java windows)
Content-Length: 48780
Content-Type: application/json; charset=utf-8
host: localhost:53698
accept: */*

Response DefaultHttpResponse(decodeResult: success, version: HTTP/1.1)
HTTP/1.1 200 OK
Content-Type: application/json; charset=utf-8
cache-control: no-cache
content-length: 14

00:48:28.143 [AsyncHttpClient-1-8] DEBUG org.asynchttpclient.netty.channel.ChannelManager - Adding key: http://localhost:53698 for channel [id: 0x64732bcd, L:/127.0.0.1:50140 - R:localhost/127.0.0.1:53698]
00:48:28.147 [Forwarding screenshot on session f7c289055e2999f1fc394f9c82174be2 to remote] DEBUG org.asynchttpclient.netty.request.NettyRequestSender - Using pooled Channel '[id: 0x64732bcd, L:/127.0.0.1:50140 - R:localhost/127.0.0.1:53698]' for 'GET' to 'http://localhost:53698/session/f7c289055e2999f1fc394f9c82174be2/screenshot'
00:48:28.147 [Forwarding screenshot on session f7c289055e2999f1fc394f9c82174be2 to remote] DEBUG org.asynchttpclient.netty.request.NettyRequestSender - Using open Channel [id: 0x64732bcd, L:/127.0.0.1:50140 - R:localhost/127.0.0.1:53698] for GET '/session/f7c289055e2999f1fc394f9c82174be2/screenshot'
00:48:28.375 [AsyncHttpClient-1-8] DEBUG org.asynchttpclient.netty.handler.HttpHandler - 

Request DefaultFullHttpRequest(decodeResult: success, version: HTTP/1.1, content: EmptyByteBufBE)
GET /session/f7c289055e2999f1fc394f9c82174be2/screenshot HTTP/1.1
User-Agent: selenium/4.1.2 (java windows)
Cache-Control: no-cache
Content-Type: application/json; charset=utf-8
host: localhost:53698
accept: */*

Response DefaultHttpResponse(decodeResult: success, version: HTTP/1.1)
HTTP/1.1 200 OK
Content-Type: application/json; charset=utf-8
cache-control: no-cache
content-length: 124056

00:48:28.375 [AsyncHttpClient-1-8] DEBUG org.asynchttpclient.netty.channel.ChannelManager - Adding key: http://localhost:53698 for channel [id: 0x64732bcd, L:/127.0.0.1:50140 - R:localhost/127.0.0.1:53698]
00:48:28.378 [main] DEBUG net.serenitybdd.core.photography.Darkroom - Send negative for processing for target\site\serenity\42e8f1a5c7913936a28fe7c0d2b709a9f6516f45beb80bd89b20cb34e9ef6a20.png
00:48:28.378 [main] DEBUG net.thucydides.core.steps.StepInterceptor - STEP DONE: homepage
  &amp#27;[32mGiven &amp#27;[0m&amp#27;[32mAdmin In dashboard page&amp#27;[0m                  &amp#27;[90m# starter.definitions.MembershipSteps.adminInDashboardPage()&amp#27;[0m
00:48:28.378 [Darkroom Processing Line] DEBUG net.serenitybdd.core.photography.DarkroomProcessingLine - Processing screenshot image in /var/screenshots/screenshot-6515749655541963405
00:48:28.378 [Darkroom Processing Line] DEBUG net.serenitybdd.core.photography.DarkroomProcessingLine - Saving screenshot to target\site\serenity\42e8f1a5c7913936a28fe7c0d2b709a9f6516f45beb80bd89b20cb34e9ef6a20.png
00:48:28.390 [main] DEBUG net.thucydides.core.steps.StepInterceptor - STARTING STEP: MembershipSteps.adminClickMembershipPage - validateclickmembership
00:48:28.392 [Forwarding findElement on session f7c289055e2999f1fc394f9c82174be2 to remote] DEBUG org.asynchttpclient.netty.request.NettyRequestSender - Using pooled Channel '[id: 0x64732bcd, L:/127.0.0.1:50140 - R:localhost/127.0.0.1:53698]' for 'POST' to 'http://localhost:53698/session/f7c289055e2999f1fc394f9c82174be2/element'
00:48:28.392 [Forwarding findElement on session f7c289055e2999f1fc394f9c82174be2 to remote] DEBUG org.asynchttpclient.netty.request.NettyRequestSender - Using open Channel [id: 0x64732bcd, L:/127.0.0.1:50140 - R:localhost/127.0.0.1:53698] for POST '/session/f7c289055e2999f1fc394f9c82174be2/element'
00:48:28.886 [AsyncHttpClient-1-1] DEBUG org.asynchttpclient.netty.channel.DefaultChannelPool - Entry count for : http://localhost:50141 : 1
00:48:29.986 [AsyncHttpClient-1-1] DEBUG org.asynchttpclient.netty.channel.DefaultChannelPool - Entry count for : http://localhost:50141 : 1
00:48:30.404 [AsyncHttpClient-1-8] DEBUG org.asynchttpclient.netty.handler.HttpHandler - 

Request DefaultHttpRequest(decodeResult: success, version: HTTP/1.1)
POST /session/f7c289055e2999f1fc394f9c82174be2/element HTTP/1.1
User-Agent: selenium/4.1.2 (java windows)
Content-Length: 112
Content-Type: application/json; charset=utf-8
host: localhost:53698
accept: */*

Response DefaultHttpResponse(decodeResult: success, version: HTTP/1.1)
HTTP/1.1 404 Not Found
Content-Type: application/json; charset=utf-8
cache-control: no-cache
content-length: 1070

00:48:30.404 [AsyncHttpClient-1-8] DEBUG org.asynchttpclient.netty.channel.ChannelManager - Adding key: http://localhost:53698 for channel [id: 0x64732bcd, L:/127.0.0.1:50140 - R:localhost/127.0.0.1:53698]
00:48:30.508 [Forwarding findElement on session f7c289055e2999f1fc394f9c82174be2 to remote] DEBUG org.asynchttpclient.netty.request.NettyRequestSender - Using pooled Channel '[id: 0x64732bcd, L:/127.0.0.1:50140 - R:localhost/127.0.0.1:53698]' for 'POST' to 'http://localhost:53698/session/f7c289055e2999f1fc394f9c82174be2/element'
00:48:30.508 [Forwarding findElement on session f7c289055e2999f1fc394f9c82174be2 to remote] DEBUG org.asynchttpclient.netty.request.NettyRequestSender - Using open Channel [id: 0x64732bcd, L:/127.0.0.1:50140 - R:localhost/127.0.0.1:53698] for POST '/session/f7c289055e2999f1fc394f9c82174be2/element'
00:48:30.787 [AsyncHttpClient-1-8] DEBUG org.asynchttpclient.netty.handler.HttpHandler - 

Request DefaultHttpRequest(decodeResult: success, version: HTTP/1.1)
POST /session/f7c289055e2999f1fc394f9c82174be2/element HTTP/1.1
User-Agent: selenium/4.1.2 (java windows)
Content-Length: 112
Content-Type: application/json; charset=utf-8
host: localhost:53698
accept: */*

Response DefaultHttpResponse(decodeResult: success, version: HTTP/1.1)
HTTP/1.1 200 OK
Content-Type: application/json; charset=utf-8
cache-control: no-cache
content-length: 88

00:48:30.787 [AsyncHttpClient-1-8] DEBUG org.asynchttpclient.netty.channel.ChannelManager - Adding key: http://localhost:53698 for channel [id: 0x64732bcd, L:/127.0.0.1:50140 - R:localhost/127.0.0.1:53698]
00:48:30.788 [Forwarding getElementTagName on session f7c289055e2999f1fc394f9c82174be2 to remote] DEBUG org.asynchttpclient.netty.request.NettyRequestSender - Using pooled Channel '[id: 0x64732bcd, L:/127.0.0.1:50140 - R:localhost/127.0.0.1:53698]' for 'GET' to 'http://localhost:53698/session/f7c289055e2999f1fc394f9c82174be2/element/e2e5d40b-7bec-4a13-a29a-fb20aa234302/name'
00:48:30.788 [Forwarding getElementTagName on session f7c289055e2999f1fc394f9c82174be2 to remote] DEBUG org.asynchttpclient.netty.request.NettyRequestSender - Using open Channel [id: 0x64732bcd, L:/127.0.0.1:50140 - R:localhost/127.0.0.1:53698] for GET '/session/f7c289055e2999f1fc394f9c82174be2/element/e2e5d40b-7bec-4a13-a29a-fb20aa234302/name'
00:48:30.803 [AsyncHttpClient-1-8] DEBUG org.asynchttpclient.netty.handler.HttpHandler - 

Request DefaultFullHttpRequest(decodeResult: success, version: HTTP/1.1, content: EmptyByteBufBE)
GET /session/f7c289055e2999f1fc394f9c82174be2/element/e2e5d40b-7bec-4a13-a29a-fb20aa234302/name HTTP/1.1
User-Agent: selenium/4.1.2 (java windows)
Cache-Control: no-cache
Content-Type: application/json; charset=utf-8
host: localhost:53698
accept: */*

Response DefaultHttpResponse(decodeResult: success, version: HTTP/1.1)
HTTP/1.1 200 OK
Content-Type: application/json; charset=utf-8
cache-control: no-cache
content-length: 15

00:48:30.803 [AsyncHttpClient-1-8] DEBUG org.asynchttpclient.netty.channel.ChannelManager - Adding key: http://localhost:53698 for channel [id: 0x64732bcd, L:/127.0.0.1:50140 - R:localhost/127.0.0.1:53698]
00:48:30.804 [Forwarding getElementTagName on session f7c289055e2999f1fc394f9c82174be2 to remote] DEBUG org.asynchttpclient.netty.request.NettyRequestSender - Using pooled Channel '[id: 0x64732bcd, L:/127.0.0.1:50140 - R:localhost/127.0.0.1:53698]' for 'GET' to 'http://localhost:53698/session/f7c289055e2999f1fc394f9c82174be2/element/e2e5d40b-7bec-4a13-a29a-fb20aa234302/name'
00:48:30.804 [Forwarding getElementTagName on session f7c289055e2999f1fc394f9c82174be2 to remote] DEBUG org.asynchttpclient.netty.request.NettyRequestSender - Using open Channel [id: 0x64732bcd, L:/127.0.0.1:50140 - R:localhost/127.0.0.1:53698] for GET '/session/f7c289055e2999f1fc394f9c82174be2/element/e2e5d40b-7bec-4a13-a29a-fb20aa234302/name'
00:48:30.817 [AsyncHttpClient-1-8] DEBUG org.asynchttpclient.netty.handler.HttpHandler - 

Request DefaultFullHttpRequest(decodeResult: success, version: HTTP/1.1, content: EmptyByteBufBE)
GET /session/f7c289055e2999f1fc394f9c82174be2/element/e2e5d40b-7bec-4a13-a29a-fb20aa234302/name HTTP/1.1
User-Agent: selenium/4.1.2 (java windows)
Cache-Control: no-cache
Content-Type: application/json; charset=utf-8
host: localhost:53698
accept: */*

Response DefaultHttpResponse(decodeResult: success, version: HTTP/1.1)
HTTP/1.1 200 OK
Content-Type: application/json; charset=utf-8
cache-control: no-cache
content-length: 15

00:48:30.817 [AsyncHttpClient-1-8] DEBUG org.asynchttpclient.netty.channel.ChannelManager - Adding key: http://localhost:53698 for channel [id: 0x64732bcd, L:/127.0.0.1:50140 - R:localhost/127.0.0.1:53698]
00:48:30.819 [Forwarding findElement on session f7c289055e2999f1fc394f9c82174be2 to remote] DEBUG org.asynchttpclient.netty.request.NettyRequestSender - Using pooled Channel '[id: 0x64732bcd, L:/127.0.0.1:50140 - R:localhost/127.0.0.1:53698]' for 'POST' to 'http://localhost:53698/session/f7c289055e2999f1fc394f9c82174be2/element'
00:48:30.819 [Forwarding findElement on session f7c289055e2999f1fc394f9c82174be2 to remote] DEBUG org.asynchttpclient.netty.request.NettyRequestSender - Using open Channel [id: 0x64732bcd, L:/127.0.0.1:50140 - R:localhost/127.0.0.1:53698] for POST '/session/f7c289055e2999f1fc394f9c82174be2/element'
00:48:30.833 [AsyncHttpClient-1-8] DEBUG org.asynchttpclient.netty.handler.HttpHandler - 

Request DefaultHttpRequest(decodeResult: success, version: HTTP/1.1)
POST /session/f7c289055e2999f1fc394f9c82174be2/element HTTP/1.1
User-Agent: selenium/4.1.2 (java windows)
Content-Length: 112
Content-Type: application/json; charset=utf-8
host: localhost:53698
accept: */*

Response DefaultHttpResponse(decodeResult: success, version: HTTP/1.1)
HTTP/1.1 200 OK
Content-Type: application/json; charset=utf-8
cache-control: no-cache
content-length: 88

00:48:30.833 [AsyncHttpClient-1-8] DEBUG org.asynchttpclient.netty.channel.ChannelManager - Adding key: http://localhost:53698 for channel [id: 0x64732bcd, L:/127.0.0.1:50140 - R:localhost/127.0.0.1:53698]
00:48:30.834 [Forwarding clickElement on session f7c289055e2999f1fc394f9c82174be2 to remote] DEBUG org.asynchttpclient.netty.request.NettyRequestSender - Using pooled Channel '[id: 0x64732bcd, L:/127.0.0.1:50140 - R:localhost/127.0.0.1:53698]' for 'POST' to 'http://localhost:53698/session/f7c289055e2999f1fc394f9c82174be2/element/e2e5d40b-7bec-4a13-a29a-fb20aa234302/click'
00:48:30.834 [Forwarding clickElement on session f7c289055e2999f1fc394f9c82174be2 to remote] DEBUG org.asynchttpclient.netty.request.NettyRequestSender - Using open Channel [id: 0x64732bcd, L:/127.0.0.1:50140 - R:localhost/127.0.0.1:53698] for POST '/session/f7c289055e2999f1fc394f9c82174be2/element/e2e5d40b-7bec-4a13-a29a-fb20aa234302/click'
00:48:30.952 [AsyncHttpClient-1-8] DEBUG org.asynchttpclient.netty.handler.HttpHandler - 

Request DefaultHttpRequest(decodeResult: success, version: HTTP/1.1)
POST /session/f7c289055e2999f1fc394f9c82174be2/element/e2e5d40b-7bec-4a13-a29a-fb20aa234302/click HTTP/1.1
User-Agent: selenium/4.1.2 (java windows)
Content-Length: 50
Content-Type: application/json; charset=utf-8
host: localhost:53698
accept: */*

Response DefaultHttpResponse(decodeResult: success, version: HTTP/1.1)
HTTP/1.1 200 OK
Content-Type: application/json; charset=utf-8
cache-control: no-cache
content-length: 14

00:48:30.952 [AsyncHttpClient-1-8] DEBUG org.asynchttpclient.netty.channel.ChannelManager - Adding key: http://localhost:53698 for channel [id: 0x64732bcd, L:/127.0.0.1:50140 - R:localhost/127.0.0.1:53698]
00:48:30.957 [Forwarding screenshot on session f7c289055e2999f1fc394f9c82174be2 to remote] DEBUG org.asynchttpclient.netty.request.NettyRequestSender - Using pooled Channel '[id: 0x64732bcd, L:/127.0.0.1:50140 - R:localhost/127.0.0.1:53698]' for 'GET' to 'http://localhost:53698/session/f7c289055e2999f1fc394f9c82174be2/screenshot'
00:48:30.957 [Forwarding screenshot on session f7c289055e2999f1fc394f9c82174be2 to remote] DEBUG org.asynchttpclient.netty.request.NettyRequestSender - Using open Channel [id: 0x64732bcd, L:/127.0.0.1:50140 - R:localhost/127.0.0.1:53698] for GET '/session/f7c289055e2999f1fc394f9c82174be2/screenshot'
00:48:31.085 [AsyncHttpClient-1-1] DEBUG org.asynchttpclient.netty.channel.DefaultChannelPool - Entry count for : http://localhost:50141 : 1
00:48:31.106 [AsyncHttpClient-1-8] DEBUG org.asynchttpclient.netty.handler.HttpHandler - 

Request DefaultFullHttpRequest(decodeResult: success, version: HTTP/1.1, content: EmptyByteBufBE)
GET /session/f7c289055e2999f1fc394f9c82174be2/screenshot HTTP/1.1
User-Agent: selenium/4.1.2 (java windows)
Cache-Control: no-cache
Content-Type: application/json; charset=utf-8
host: localhost:53698
accept: */*

Response DefaultHttpResponse(decodeResult: success, version: HTTP/1.1)
HTTP/1.1 200 OK
Content-Type: application/json; charset=utf-8
cache-control: no-cache
content-length: 80732

00:48:31.106 [AsyncHttpClient-1-8] DEBUG org.asynchttpclient.netty.channel.ChannelManager - Adding key: http://localhost:53698 for channel [id: 0x64732bcd, L:/127.0.0.1:50140 - R:localhost/127.0.0.1:53698]
00:48:31.108 [main] DEBUG net.serenitybdd.core.photography.Darkroom - Send negative for processing for target\site\serenity\87c5fa6dda78f64726f7bee38941a5890f6af8acb66fb6059cfbc14a0b863ac6.png
00:48:31.108 [main] DEBUG net.thucydides.core.steps.StepInterceptor - STEP DONE: validateclickmembership
  &amp#27;[32mWhen &amp#27;[0m&amp#27;[32madmin click membership page&amp#27;[0m               &amp#27;[90m# starter.definitions.MembershipSteps.adminClickMembershipPage()&amp#27;[0m
00:48:31.121 [main] DEBUG net.thucydides.core.steps.StepInterceptor - STARTING STEP: MembershipSteps.adminCanSeeDetailOfMembershipPage - canseedetailmembership
00:48:31.123 [Forwarding findElement on session f7c289055e2999f1fc394f9c82174be2 to remote] DEBUG org.asynchttpclient.netty.request.NettyRequestSender - Using pooled Channel '[id: 0x64732bcd, L:/127.0.0.1:50140 - R:localhost/127.0.0.1:53698]' for 'POST' to 'http://localhost:53698/session/f7c289055e2999f1fc394f9c82174be2/element'
00:48:31.123 [Forwarding findElement on session f7c289055e2999f1fc394f9c82174be2 to remote] DEBUG org.asynchttpclient.netty.request.NettyRequestSender - Using open Channel [id: 0x64732bcd, L:/127.0.0.1:50140 - R:localhost/127.0.0.1:53698] for POST '/session/f7c289055e2999f1fc394f9c82174be2/element'
00:48:31.139 [AsyncHttpClient-1-8] DEBUG org.asynchttpclient.netty.handler.HttpHandler - 

Request DefaultHttpRequest(decodeResult: success, version: HTTP/1.1)
POST /session/f7c289055e2999f1fc394f9c82174be2/element HTTP/1.1
User-Agent: selenium/4.1.2 (java windows)
Content-Length: 75
Content-Type: application/json; charset=utf-8
host: localhost:53698
accept: */*

Response DefaultHttpResponse(decodeResult: success, version: HTTP/1.1)
HTTP/1.1 200 OK
Content-Type: application/json; charset=utf-8
cache-control: no-cache
content-length: 88

00:48:31.139 [AsyncHttpClient-1-8] DEBUG org.asynchttpclient.netty.channel.ChannelManager - Adding key: http://localhost:53698 for channel [id: 0x64732bcd, L:/127.0.0.1:50140 - R:localhost/127.0.0.1:53698]
00:48:31.142 [Forwarding isElementDisplayed on session f7c289055e2999f1fc394f9c82174be2 to remote] DEBUG org.asynchttpclient.netty.request.NettyRequestSender - Using pooled Channel '[id: 0x64732bcd, L:/127.0.0.1:50140 - R:localhost/127.0.0.1:53698]' for 'POST' to 'http://localhost:53698/session/f7c289055e2999f1fc394f9c82174be2/execute/sync'
00:48:31.142 [Forwarding isElementDisplayed on session f7c289055e2999f1fc394f9c82174be2 to remote] DEBUG org.asynchttpclient.netty.request.NettyRequestSender - Using open Channel [id: 0x64732bcd, L:/127.0.0.1:50140 - R:localhost/127.0.0.1:53698] for POST '/session/f7c289055e2999f1fc394f9c82174be2/execute/sync'
00:48:31.174 [AsyncHttpClient-1-8] DEBUG org.asynchttpclient.netty.handler.HttpHandler - 

Request DefaultHttpRequest(decodeResult: success, version: HTTP/1.1)
POST /session/f7c289055e2999f1fc394f9c82174be2/execute/sync HTTP/1.1
User-Agent: selenium/4.1.2 (java windows)
Content-Length: 48780
Content-Type: application/json; charset=utf-8
host: localhost:53698
accept: */*

Response DefaultHttpResponse(decodeResult: success, version: HTTP/1.1)
HTTP/1.1 200 OK
Content-Type: application/json; charset=utf-8
cache-control: no-cache
content-length: 14

00:48:31.174 [AsyncHttpClient-1-8] DEBUG org.asynchttpclient.netty.channel.ChannelManager - Adding key: http://localhost:53698 for channel [id: 0x64732bcd, L:/127.0.0.1:50140 - R:localhost/127.0.0.1:53698]
00:48:31.178 [Forwarding screenshot on session f7c289055e2999f1fc394f9c82174be2 to remote] DEBUG org.asynchttpclient.netty.request.NettyRequestSender - Using pooled Channel '[id: 0x64732bcd, L:/127.0.0.1:50140 - R:localhost/127.0.0.1:53698]' for 'GET' to 'http://localhost:53698/session/f7c289055e2999f1fc394f9c82174be2/screenshot'
00:48:31.178 [Forwarding screenshot on session f7c289055e2999f1fc394f9c82174be2 to remote] DEBUG org.asynchttpclient.netty.request.NettyRequestSender - Using open Channel [id: 0x64732bcd, L:/127.0.0.1:50140 - R:localhost/127.0.0.1:53698] for GET '/session/f7c289055e2999f1fc394f9c82174be2/screenshot'
00:48:31.317 [AsyncHttpClient-1-8] DEBUG org.asynchttpclient.netty.handler.HttpHandler - 

Request DefaultFullHttpRequest(decodeResult: success, version: HTTP/1.1, content: EmptyByteBufBE)
GET /session/f7c289055e2999f1fc394f9c82174be2/screenshot HTTP/1.1
User-Agent: selenium/4.1.2 (java windows)
Cache-Control: no-cache
Content-Type: application/json; charset=utf-8
host: localhost:53698
accept: */*

Response DefaultHttpResponse(decodeResult: success, version: HTTP/1.1)
HTTP/1.1 200 OK
Content-Type: application/json; charset=utf-8
cache-control: no-cache
content-length: 108852

00:48:31.317 [AsyncHttpClient-1-8] DEBUG org.asynchttpclient.netty.channel.ChannelManager - Adding key: http://localhost:53698 for channel [id: 0x64732bcd, L:/127.0.0.1:50140 - R:localhost/127.0.0.1:53698]
00:48:31.319 [main] DEBUG net.serenitybdd.core.photography.Darkroom - Send negative for processing for target\site\serenity\2665cde540b7c62e7cbb0a2d71dd39394c76d96be2da503bb6ced10aa74823a0.png
00:48:31.319 [main] DEBUG net.thucydides.core.steps.StepInterceptor - STEP DONE: canseedetailmembership
  &amp#27;[32mAnd &amp#27;[0m&amp#27;[32madmin can see detail of membership page&amp#27;[0m    &amp#27;[90m# starter.definitions.MembershipSteps.adminCanSeeDetailOfMembershipPage()&amp#27;[0m
00:48:31.332 [main] DEBUG net.thucydides.core.steps.StepInterceptor - STARTING STEP: MembershipSteps.adminSeeSimbolActiveOnMembershipPage - seesymbolactive
00:48:31.334 [Forwarding findElement on session f7c289055e2999f1fc394f9c82174be2 to remote] DEBUG org.asynchttpclient.netty.request.NettyRequestSender - Using pooled Channel '[id: 0x64732bcd, L:/127.0.0.1:50140 - R:localhost/127.0.0.1:53698]' for 'POST' to 'http://localhost:53698/session/f7c289055e2999f1fc394f9c82174be2/element'
00:48:31.334 [Forwarding findElement on session f7c289055e2999f1fc394f9c82174be2 to remote] DEBUG org.asynchttpclient.netty.request.NettyRequestSender - Using open Channel [id: 0x64732bcd, L:/127.0.0.1:50140 - R:localhost/127.0.0.1:53698] for POST '/session/f7c289055e2999f1fc394f9c82174be2/element'
00:48:31.353 [AsyncHttpClient-1-8] DEBUG org.asynchttpclient.netty.handler.HttpHandler - 

Request DefaultHttpRequest(decodeResult: success, version: HTTP/1.1)
POST /session/f7c289055e2999f1fc394f9c82174be2/element HTTP/1.1
User-Agent: selenium/4.1.2 (java windows)
Content-Length: 83
Content-Type: application/json; charset=utf-8
host: localhost:53698
accept: */*

Response DefaultHttpResponse(decodeResult: success, version: HTTP/1.1)
HTTP/1.1 200 OK
Content-Type: application/json; charset=utf-8
cache-control: no-cache
content-length: 88

00:48:31.353 [AsyncHttpClient-1-8] DEBUG org.asynchttpclient.netty.channel.ChannelManager - Adding key: http://localhost:53698 for channel [id: 0x64732bcd, L:/127.0.0.1:50140 - R:localhost/127.0.0.1:53698]
00:48:31.356 [Forwarding isElementDisplayed on session f7c289055e2999f1fc394f9c82174be2 to remote] DEBUG org.asynchttpclient.netty.request.NettyRequestSender - Using pooled Channel '[id: 0x64732bcd, L:/127.0.0.1:50140 - R:localhost/127.0.0.1:53698]' for 'POST' to 'http://localhost:53698/session/f7c289055e2999f1fc394f9c82174be2/execute/sync'
00:48:31.356 [Forwarding isElementDisplayed on session f7c289055e2999f1fc394f9c82174be2 to remote] DEBUG org.asynchttpclient.netty.request.NettyRequestSender - Using open Channel [id: 0x64732bcd, L:/127.0.0.1:50140 - R:localhost/127.0.0.1:53698] for POST '/session/f7c289055e2999f1fc394f9c82174be2/execute/sync'
00:48:31.377 [AsyncHttpClient-1-8] DEBUG org.asynchttpclient.netty.handler.HttpHandler - 

Request DefaultHttpRequest(decodeResult: success, version: HTTP/1.1)
POST /session/f7c289055e2999f1fc394f9c82174be2/execute/sync HTTP/1.1
User-Agent: selenium/4.1.2 (java windows)
Content-Length: 48780
Content-Type: application/json; charset=utf-8
host: localhost:53698
accept: */*

Response DefaultHttpResponse(decodeResult: success, version: HTTP/1.1)
HTTP/1.1 200 OK
Content-Type: application/json; charset=utf-8
cache-control: no-cache
content-length: 14

00:48:31.377 [AsyncHttpClient-1-8] DEBUG org.asynchttpclient.netty.channel.ChannelManager - Adding key: http://localhost:53698 for channel [id: 0x64732bcd, L:/127.0.0.1:50140 - R:localhost/127.0.0.1:53698]
00:48:31.380 [Forwarding screenshot on session f7c289055e2999f1fc394f9c82174be2 to remote] DEBUG org.asynchttpclient.netty.request.NettyRequestSender - Using pooled Channel '[id: 0x64732bcd, L:/127.0.0.1:50140 - R:localhost/127.0.0.1:53698]' for 'GET' to 'http://localhost:53698/session/f7c289055e2999f1fc394f9c82174be2/screenshot'
00:48:31.380 [Forwarding screenshot on session f7c289055e2999f1fc394f9c82174be2 to remote] DEBUG org.asynchttpclient.netty.request.NettyRequestSender - Using open Channel [id: 0x64732bcd, L:/127.0.0.1:50140 - R:localhost/127.0.0.1:53698] for GET '/session/f7c289055e2999f1fc394f9c82174be2/screenshot'
00:48:31.524 [AsyncHttpClient-1-8] DEBUG org.asynchttpclient.netty.handler.HttpHandler - 

Request DefaultFullHttpRequest(decodeResult: success, version: HTTP/1.1, content: EmptyByteBufBE)
GET /session/f7c289055e2999f1fc394f9c82174be2/screenshot HTTP/1.1
User-Agent: selenium/4.1.2 (java windows)
Cache-Control: no-cache
Content-Type: application/json; charset=utf-8
host: localhost:53698
accept: */*

Response DefaultHttpResponse(decodeResult: success, version: HTTP/1.1)
HTTP/1.1 200 OK
Content-Type: application/json; charset=utf-8
cache-control: no-cache
content-length: 108852

00:48:31.524 [AsyncHttpClient-1-8] DEBUG org.asynchttpclient.netty.channel.ChannelManager - Adding key: http://localhost:53698 for channel [id: 0x64732bcd, L:/127.0.0.1:50140 - R:localhost/127.0.0.1:53698]
00:48:31.526 [main] DEBUG net.serenitybdd.core.photography.Darkroom - Send negative for processing for target\site\serenity\2665cde540b7c62e7cbb0a2d71dd39394c76d96be2da503bb6ced10aa74823a0.png
00:48:31.527 [main] DEBUG net.thucydides.core.steps.StepInterceptor - STEP DONE: seesymbolactive
  &amp#27;[32mAnd &amp#27;[0m&amp#27;[32madmin see simbol active on membership page&amp#27;[0m &amp#27;[90m# starter.definitions.MembershipSteps.adminSeeSimbolActiveOnMembershipPage()&amp#27;[0m
00:48:31.538 [main] DEBUG net.thucydides.core.steps.StepInterceptor - STARTING STEP: MembershipSteps.adminSucsessSeeSymbolActive - canseedetailmembership
00:48:31.541 [Forwarding findElement on session f7c289055e2999f1fc394f9c82174be2 to remote] DEBUG org.asynchttpclient.netty.request.NettyRequestSender - Using pooled Channel '[id: 0x64732bcd, L:/127.0.0.1:50140 - R:localhost/127.0.0.1:53698]' for 'POST' to 'http://localhost:53698/session/f7c289055e2999f1fc394f9c82174be2/element'
00:48:31.541 [Forwarding findElement on session f7c289055e2999f1fc394f9c82174be2 to remote] DEBUG org.asynchttpclient.netty.request.NettyRequestSender - Using open Channel [id: 0x64732bcd, L:/127.0.0.1:50140 - R:localhost/127.0.0.1:53698] for POST '/session/f7c289055e2999f1fc394f9c82174be2/element'
00:48:31.554 [AsyncHttpClient-1-8] DEBUG org.asynchttpclient.netty.handler.HttpHandler - 

Request DefaultHttpRequest(decodeResult: success, version: HTTP/1.1)
POST /session/f7c289055e2999f1fc394f9c82174be2/element HTTP/1.1
User-Agent: selenium/4.1.2 (java windows)
Content-Length: 75
Content-Type: application/json; charset=utf-8
host: localhost:53698
accept: */*

Response DefaultHttpResponse(decodeResult: success, version: HTTP/1.1)
HTTP/1.1 200 OK
Content-Type: application/json; charset=utf-8
cache-control: no-cache
content-length: 88

00:48:31.554 [AsyncHttpClient-1-8] DEBUG org.asynchttpclient.netty.channel.ChannelManager - Adding key: http://localhost:53698 for channel [id: 0x64732bcd, L:/127.0.0.1:50140 - R:localhost/127.0.0.1:53698]
00:48:31.557 [Forwarding isElementDisplayed on session f7c289055e2999f1fc394f9c82174be2 to remote] DEBUG org.asynchttpclient.netty.request.NettyRequestSender - Using pooled Channel '[id: 0x64732bcd, L:/127.0.0.1:50140 - R:localhost/127.0.0.1:53698]' for 'POST' to 'http://localhost:53698/session/f7c289055e2999f1fc394f9c82174be2/execute/sync'
00:48:31.557 [Forwarding isElementDisplayed on session f7c289055e2999f1fc394f9c82174be2 to remote] DEBUG org.asynchttpclient.netty.request.NettyRequestSender - Using open Channel [id: 0x64732bcd, L:/127.0.0.1:50140 - R:localhost/127.0.0.1:53698] for POST '/session/f7c289055e2999f1fc394f9c82174be2/execute/sync'
00:48:31.576 [AsyncHttpClient-1-8] DEBUG org.asynchttpclient.netty.handler.HttpHandler - 

Request DefaultHttpRequest(decodeResult: success, version: HTTP/1.1)
POST /session/f7c289055e2999f1fc394f9c82174be2/execute/sync HTTP/1.1
User-Agent: selenium/4.1.2 (java windows)
Content-Length: 48780
Content-Type: application/json; charset=utf-8
host: localhost:53698
accept: */*

Response DefaultHttpResponse(decodeResult: success, version: HTTP/1.1)
HTTP/1.1 200 OK
Content-Type: application/json; charset=utf-8
cache-control: no-cache
content-length: 14

00:48:31.576 [AsyncHttpClient-1-8] DEBUG org.asynchttpclient.netty.channel.ChannelManager - Adding key: http://localhost:53698 for channel [id: 0x64732bcd, L:/127.0.0.1:50140 - R:localhost/127.0.0.1:53698]
00:48:31.580 [Forwarding screenshot on session f7c289055e2999f1fc394f9c82174be2 to remote] DEBUG org.asynchttpclient.netty.request.NettyRequestSender - Using pooled Channel '[id: 0x64732bcd, L:/127.0.0.1:50140 - R:localhost/127.0.0.1:53698]' for 'GET' to 'http://localhost:53698/session/f7c289055e2999f1fc394f9c82174be2/screenshot'
00:48:31.580 [Forwarding screenshot on session f7c289055e2999f1fc394f9c82174be2 to remote] DEBUG org.asynchttpclient.netty.request.NettyRequestSender - Using open Channel [id: 0x64732bcd, L:/127.0.0.1:50140 - R:localhost/127.0.0.1:53698] for GET '/session/f7c289055e2999f1fc394f9c82174be2/screenshot'
00:48:31.719 [AsyncHttpClient-1-8] DEBUG org.asynchttpclient.netty.handler.HttpHandler - 

Request DefaultFullHttpRequest(decodeResult: success, version: HTTP/1.1, content: EmptyByteBufBE)
GET /session/f7c289055e2999f1fc394f9c82174be2/screenshot HTTP/1.1
User-Agent: selenium/4.1.2 (java windows)
Cache-Control: no-cache
Content-Type: application/json; charset=utf-8
host: localhost:53698
accept: */*

Response DefaultHttpResponse(decodeResult: success, version: HTTP/1.1)
HTTP/1.1 200 OK
Content-Type: application/json; charset=utf-8
cache-control: no-cache
content-length: 108852

00:48:31.719 [AsyncHttpClient-1-8] DEBUG org.asynchttpclient.netty.channel.ChannelManager - Adding key: http://localhost:53698 for channel [id: 0x64732bcd, L:/127.0.0.1:50140 - R:localhost/127.0.0.1:53698]
00:48:31.721 [main] DEBUG net.serenitybdd.core.photography.Darkroom - Send negative for processing for target\site\serenity\2665cde540b7c62e7cbb0a2d71dd39394c76d96be2da503bb6ced10aa74823a0.png
00:48:31.722 [main] DEBUG net.thucydides.core.steps.StepInterceptor - STEP DONE: canseedetailmembership
  &amp#27;[32mThen &amp#27;[0m&amp#27;[32madmin sucsess see symbol active&amp#27;[0m           &amp#27;[90m# starter.definitions.MembershipSteps.adminSucsessSeeSymbolActive()&amp#27;[0m
00:48:31.726 [main] INFO  - 
  _____   ___   ___   _____     ___     _     ___   ___   ___   ___  
 |_   _| | __| / __| |_   _|   | _ \   /_\   / __| / __| | __| |   \ 
   | |   | _|  \__ \   | |     |  _/  / _ \  \__ \ \__ \ | _|  | |) |
   |_|   |___| |___/   |_|     |_|   /_/ \_\ |___/ |___/ |___| |___/ 

admin look status active
----------------------------------------------------------------------
00:48:31.727 [AsyncHttpClient-1-10] DEBUG org.asynchttpclient.netty.handler.WebSocketHandler - Channel Closed: [id: 0x88057347, L:/127.0.0.1:50150 ! R:localhost/127.0.0.1:50141] with attribute NettyResponseFuture{currentRetry=5,
	isDone=1,
	isCancelled=0,
	asyncHandler=org.asynchttpclient.ws.WebSocketUpgradeHandler@9b219eb,
	nettyRequest=org.asynchttpclient.netty.request.NettyRequest@ceaea4f,
	future=java.util.concurrent.CompletableFuture@64a02112[Completed normally],
	uri=ws://localhost:50141/devtools/browser/595f0e21-9ca8-4520-b921-23d5094a4fb2,
	keepAlive=true,
	redirectCount=0,
	timeoutsHolder=null,
	inAuth=0,
	touch=1658422102185}
00:48:31.727 [AsyncHttpClient-1-10] DEBUG org.asynchttpclient.netty.channel.ChannelManager - Closing Channel [id: 0x88057347, L:/127.0.0.1:50150 ! R:localhost/127.0.0.1:50141] 
00:48:31.731 [Driver Command Executor] DEBUG org.asynchttpclient.netty.request.NettyRequestSender - Using pooled Channel '[id: 0x64732bcd, L:/127.0.0.1:50140 - R:localhost/127.0.0.1:53698]' for 'DELETE' to 'http://localhost:53698/session/f7c289055e2999f1fc394f9c82174be2'
00:48:31.731 [Driver Command Executor] DEBUG org.asynchttpclient.netty.request.NettyRequestSender - Using open Channel [id: 0x64732bcd, L:/127.0.0.1:50140 - R:localhost/127.0.0.1:53698] for DELETE '/session/f7c289055e2999f1fc394f9c82174be2'
00:48:31.976 [AsyncHttpClient-1-9] DEBUG org.asynchttpclient.netty.handler.HttpHandler - Unexpected I/O exception on channel [id: 0xcc338a2c, L:/127.0.0.1:50149 - R:localhost/127.0.0.1:50141]
java.net.SocketException: Connection reset
	at java.base/sun.nio.ch.SocketChannelImpl.throwConnectionReset(SocketChannelImpl.java:394)
	at java.base/sun.nio.ch.SocketChannelImpl.read(SocketChannelImpl.java:426)
	at io.netty.buffer.PooledByteBuf.setBytes(PooledByteBuf.java:258)
	at io.netty.buffer.AbstractByteBuf.writeBytes(AbstractByteBuf.java:1132)
	at io.netty.channel.socket.nio.NioSocketChannel.doReadBytes(NioSocketChannel.java:350)
	at io.netty.channel.nio.AbstractNioByteChannel$NioByteUnsafe.read(AbstractNioByteChannel.java:151)
	at io.netty.channel.nio.NioEventLoop.processSelectedKey(NioEventLoop.java:722)
	at io.netty.channel.nio.NioEventLoop.processSelectedKeysOptimized(NioEventLoop.java:658)
	at io.netty.channel.nio.NioEventLoop.processSelectedKeys(NioEventLoop.java:584)
	at io.netty.channel.nio.NioEventLoop.run(NioEventLoop.java:496)
	at io.netty.util.concurrent.SingleThreadEventExecutor$4.run(SingleThreadEventExecutor.java:986)
	at io.netty.util.internal.ThreadExecutorMap$2.run(ThreadExecutorMap.java:74)
	at io.netty.util.concurrent.FastThreadLocalRunnable.run(FastThreadLocalRunnable.java:30)
	at java.base/java.lang.Thread.run(Thread.java:833)
00:48:31.976 [AsyncHttpClient-1-9] DEBUG org.asynchttpclient.netty.channel.ChannelManager - Closing Channel [id: 0xcc338a2c, L:/127.0.0.1:50149 - R:localhost/127.0.0.1:50141] 
00:48:31.976 [AsyncHttpClient-1-9] DEBUG org.asynchttpclient.netty.handler.HttpHandler - Channel Closed: [id: 0xcc338a2c, L:/127.0.0.1:50149 ! R:localhost/127.0.0.1:50141] with attribute DISCARD
00:48:32.028 [AsyncHttpClient-1-8] DEBUG org.asynchttpclient.netty.handler.HttpHandler - 

Request DefaultFullHttpRequest(decodeResult: success, version: HTTP/1.1, content: EmptyByteBufBE)
DELETE /session/f7c289055e2999f1fc394f9c82174be2 HTTP/1.1
User-Agent: selenium/4.1.2 (java windows)
Content-Type: application/json; charset=utf-8
host: localhost:53698
accept: */*

Response DefaultHttpResponse(decodeResult: success, version: HTTP/1.1)
HTTP/1.1 200 OK
Content-Type: application/json; charset=utf-8
cache-control: no-cache
content-length: 14

00:48:32.028 [AsyncHttpClient-1-8] DEBUG org.asynchttpclient.netty.channel.ChannelManager - Adding key: http://localhost:53698 for channel [id: 0x64732bcd, L:/127.0.0.1:50140 - R:localhost/127.0.0.1:53698]
00:48:32.190 [AsyncHttpClient-1-1] DEBUG org.asynchttpclient.netty.channel.DefaultChannelPool - Entry count for : http://localhost:50141 : 1
00:48:32.190 [AsyncHttpClient-1-1] DEBUG org.asynchttpclient.netty.channel.DefaultChannelPool - Entry count for : http://localhost:53698 : 1
00:48:32.190 [AsyncHttpClient-1-1] DEBUG org.asynchttpclient.netty.channel.DefaultChannelPool - Adding Candidate expired Channel [id: 0xcc338a2c, L:/127.0.0.1:50149 ! R:localhost/127.0.0.1:50141] isIdleTimeoutExpired=false isRemotelyClosed=true isTtlExpired=false
00:48:32.190 [AsyncHttpClient-1-1] DEBUG org.asynchttpclient.netty.channel.DefaultChannelPool - Closing Idle Channel [id: 0xcc338a2c, L:/127.0.0.1:50149 ! R:localhost/127.0.0.1:50141]
00:48:32.190 [AsyncHttpClient-1-1] DEBUG org.asynchttpclient.netty.channel.DefaultChannelPool - Closed 1 connections out of 2 in 0 ms
00:48:32.634 [AsyncHttpClient-1-8] DEBUG org.asynchttpclient.netty.handler.HttpHandler - Channel Closed: [id: 0x64732bcd, L:/127.0.0.1:50140 ! R:localhost/127.0.0.1:53698] with attribute DISCARD
]]></system-out>
    <system-err><![CDATA[Starting ChromeDriver 103.0.5060.134 (8ec6fce403b3feb0869b0732eda8bd95011d333c-refs/branch-heads/5060@{#1262}) on port 53698
Only local connections are allowed.
Please see https://chromedriver.chromium.org/security-considerations for suggestions on keeping ChromeDriver safe.
ChromeDriver was started successfully.
Jul 22, 2022 12:48:22 AM org.openqa.selenium.remote.ProtocolHandshake createSession
INFO: Detected dialect: W3C
Jul 22, 2022 12:48:22 AM org.openqa.selenium.devtools.CdpVersionFinder findNearestMatch
WARNING: Unable to find an exact match for CDP version 103, so returning the closest version found: a no-op implementation
Jul 22, 2022 12:48:22 AM org.openqa.selenium.devtools.CdpVersionFinder findNearestMatch
INFO: Unable to find CDP implementation matching 103.
Jul 22, 2022 12:48:22 AM org.openqa.selenium.chromium.ChromiumDriver lambda$new$3
WARNING: Unable to find version of CDP to use for . You may need to include a dependency on a specific version of the CDP using something similar to `org.seleniumhq.selenium:selenium-devtools-v86:4.1.2` where the version ("v86") matches the version of the chromium-based browser you're using and the version number of the artifact is the same as Selenium's.
]]></system-err>
  </testcase>
  <testcase name="admin send newsletter" classname="admin see detail newsletter page" time="11.517">
    <system-out><![CDATA[00:48:32.713 [main] INFO io.cucumber.core.plugin.SerenityReporter - Running feature from file:///D:/capstone%20projek/web%20testing/src/test/resources/features/newsletter.feature
00:48:32.714 [main] DEBUG net.thucydides.core.steps.StepEventBus - Test suite started for story net.thucydides.core.model.Story@ff4c3d02
00:48:32.715 [main] INFO  - Test Suite Started: admin see detail newsletter page

@newsletter
Scenario: admin send newsletter                                                                         &amp#27;[90m# src/test/resources/features/newsletter.feature:10&amp#27;[0m
00:48:32.722 [main] INFO io.cucumber.core.plugin.SerenityReporter - Running feature from file:///D:/capstone%20projek/web%20testing/src/test/resources/features/newsletter.feature
00:48:32.722 [main] INFO  - 
  _____   ___   ___   _____     ___   _____     _     ___   _____   ___   ___  
 |_   _| | __| / __| |_   _|   / __| |_   _|   /_\   | _ \ |_   _| | __| |   \ 
   | |   | _|  \__ \   | |     \__ \   | |    / _ \  |   /   | |   | _|  | |) |
   |_|   |___| |___/   |_|     |___/   |_|   /_/ \_\ |_|_\   |_|   |___| |___/ 

admin send newsletter(admin-see-detail-newsletter-page;admin-send-newsletter)
--------------------------------------------------------------------------------
00:48:32.733 [main] DEBUG net.thucydides.core.steps.StepInterceptor - STARTING STEP: LoginSteps.adminOnLoginPage - openPage
00:48:32.734 [main] INFO net.serenitybdd.core.webdriver.driverproviders.ChromeDriverProvider - Using automatically driver download
00:48:32.864 [main] DEBUG io.github.bonigarcia.wdm.cache.ResolutionCache - Resolution chrome=103 in cache (valid until 01:32:20 22/07/2022 WITA)
00:48:32.867 [main] DEBUG io.github.bonigarcia.wdm.cache.ResolutionCache - Resolution chrome103=103.0.5060.134 in cache (valid until 21:05:58 22/07/2022 WITA)
00:48:32.868 [main] INFO io.github.bonigarcia.wdm.WebDriverManager - Using chromedriver 103.0.5060.134 (resolved driver for Chrome 103)
00:48:32.877 [main] DEBUG io.github.bonigarcia.wdm.WebDriverManager - Driver chromedriver 103.0.5060.134 found in cache
00:48:32.880 [main] INFO io.github.bonigarcia.wdm.WebDriverManager - Exporting webdriver.chrome.driver as C:\Users\Rev\.cache\selenium\chromedriver\win32\103.0.5060.134\chromedriver.exe
00:48:33.008 [main] DEBUG net.serenitybdd.core.webdriver.driverproviders.ProvideNewDriver - Instantiating driver
00:48:33.008 [main] DEBUG net.serenitybdd.core.webdriver.driverproviders.ProvideNewDriver - Driver capabilities: Capabilities {acceptInsecureCerts: false, base.url: https://sportly.rafdev.my.id/, browserName: chrome, chrome.driver: webdriver/chromedriver.exe, driver: chrome, goog:chromeOptions: {args: [], extensions: []}}
00:48:33.219 [AsyncHttpClient-1-11] DEBUG org.asynchttpclient.netty.channel.NettyConnectListener - Using new Channel '[id: 0x7bc3febf, L:/127.0.0.1:50180 - R:localhost/127.0.0.1:52877]' for 'POST' to '/session'
00:48:33.294 [AsyncHttpClient-1-1] DEBUG org.asynchttpclient.netty.channel.DefaultChannelPool - Entry count for : http://localhost:53698 : 1
00:48:33.294 [AsyncHttpClient-1-1] DEBUG org.asynchttpclient.netty.channel.DefaultChannelPool - Adding Candidate expired Channel [id: 0x64732bcd, L:/127.0.0.1:50140 ! R:localhost/127.0.0.1:53698] isIdleTimeoutExpired=false isRemotelyClosed=true isTtlExpired=false
00:48:33.294 [AsyncHttpClient-1-1] DEBUG org.asynchttpclient.netty.channel.DefaultChannelPool - Closing Idle Channel [id: 0x64732bcd, L:/127.0.0.1:50140 ! R:localhost/127.0.0.1:53698]
00:48:33.294 [AsyncHttpClient-1-1] DEBUG org.asynchttpclient.netty.channel.DefaultChannelPool - Closed 1 connections out of 1 in 0 ms
00:48:33.982 [AsyncHttpClient-1-11] DEBUG org.asynchttpclient.netty.handler.HttpHandler - 

Request DefaultHttpRequest(decodeResult: success, version: HTTP/1.1)
POST /session HTTP/1.1
User-Agent: selenium/4.1.2 (java windows)
Content-Length: 581
Content-Type: application/json; charset=utf-8
host: localhost:52877
accept: */*

Response DefaultHttpResponse(decodeResult: success, version: HTTP/1.1)
HTTP/1.1 200 OK
Content-Type: application/json; charset=utf-8
cache-control: no-cache
content-length: 790

00:48:33.982 [AsyncHttpClient-1-11] DEBUG org.asynchttpclient.netty.channel.ChannelManager - Adding key: http://localhost:52877 for channel [id: 0x7bc3febf, L:/127.0.0.1:50180 - R:localhost/127.0.0.1:52877]
00:48:33.987 [AsyncHttpClient-1-12] DEBUG org.asynchttpclient.netty.channel.NettyConnectListener - Using new Channel '[id: 0x04d7a466, L:/127.0.0.1:50187 - R:localhost/127.0.0.1:50181]' for 'GET' to '/json/version'
00:48:33.988 [AsyncHttpClient-1-12] DEBUG org.asynchttpclient.netty.handler.HttpHandler - 

Request DefaultFullHttpRequest(decodeResult: success, version: HTTP/1.1, content: EmptyByteBufBE)
GET /json/version HTTP/1.1
User-Agent: selenium/4.1.2 (java windows)
host: localhost:50181
accept: */*

Response DefaultHttpResponse(decodeResult: success, version: HTTP/1.1)
HTTP/1.1 200 OK
Content-Type: application/json; charset=UTF-8
content-length: 429

00:48:33.988 [AsyncHttpClient-1-12] DEBUG org.asynchttpclient.netty.channel.ChannelManager - Adding key: http://localhost:50181 for channel [id: 0x04d7a466, L:/127.0.0.1:50187 - R:localhost/127.0.0.1:50181]
00:48:33.990 [AsyncHttpClient-1-13] DEBUG org.asynchttpclient.netty.channel.NettyConnectListener - Using new Channel '[id: 0x83569cde, L:/127.0.0.1:50188 - R:localhost/127.0.0.1:50181]' for 'GET' to '/devtools/browser/9561d066-3670-4cb7-8de7-ae4c258844c5'
00:48:33.991 [AsyncHttpClient-1-13] DEBUG org.asynchttpclient.netty.handler.WebSocketHandler - 

Request DefaultFullHttpRequest(decodeResult: success, version: HTTP/1.1, content: EmptyByteBufBE)
GET /devtools/browser/9561d066-3670-4cb7-8de7-ae4c258844c5 HTTP/1.1
upgrade: websocket
connection: upgrade
sec-websocket-key: 3myhleU6t7RfbPxG1emC5w==
sec-websocket-version: 13
origin: http://localhost:50181
host: localhost:50181
accept: */*
user-agent: AHC/2.1

Response DefaultHttpResponse(decodeResult: success, version: HTTP/1.1)
HTTP/1.1 101 WebSocket Protocol Handshake
Upgrade: WebSocket
Connection: Upgrade
Sec-WebSocket-Accept: U6mhSeYZg+5SISvS4wsAGvIlKmQ=

00:48:33.994 [Forwarding setCurrentWindowSize on session 17b60dc985377980ce49c666d81771d8 to remote] DEBUG org.asynchttpclient.netty.request.NettyRequestSender - Using pooled Channel '[id: 0x7bc3febf, L:/127.0.0.1:50180 - R:localhost/127.0.0.1:52877]' for 'POST' to 'http://localhost:52877/session/17b60dc985377980ce49c666d81771d8/window/rect'
00:48:33.994 [Forwarding setCurrentWindowSize on session 17b60dc985377980ce49c666d81771d8 to remote] DEBUG org.asynchttpclient.netty.request.NettyRequestSender - Using open Channel [id: 0x7bc3febf, L:/127.0.0.1:50180 - R:localhost/127.0.0.1:52877] for POST '/session/17b60dc985377980ce49c666d81771d8/window/rect'
00:48:34.123 [AsyncHttpClient-1-11] DEBUG org.asynchttpclient.netty.handler.HttpHandler - 

Request DefaultHttpRequest(decodeResult: success, version: HTTP/1.1)
POST /session/17b60dc985377980ce49c666d81771d8/window/rect HTTP/1.1
User-Agent: selenium/4.1.2 (java windows)
Content-Length: 37
Content-Type: application/json; charset=utf-8
host: localhost:52877
accept: */*

Response DefaultHttpResponse(decodeResult: success, version: HTTP/1.1)
HTTP/1.1 200 OK
Content-Type: application/json; charset=utf-8
cache-control: no-cache
content-length: 52

00:48:34.123 [AsyncHttpClient-1-11] DEBUG org.asynchttpclient.netty.channel.ChannelManager - Adding key: http://localhost:52877 for channel [id: 0x7bc3febf, L:/127.0.0.1:50180 - R:localhost/127.0.0.1:52877]
00:48:34.124 [Forwarding setWindowPosition on session 17b60dc985377980ce49c666d81771d8 to remote] DEBUG org.asynchttpclient.netty.request.NettyRequestSender - Using pooled Channel '[id: 0x7bc3febf, L:/127.0.0.1:50180 - R:localhost/127.0.0.1:52877]' for 'POST' to 'http://localhost:52877/session/17b60dc985377980ce49c666d81771d8/window/rect'
00:48:34.124 [Forwarding setWindowPosition on session 17b60dc985377980ce49c666d81771d8 to remote] DEBUG org.asynchttpclient.netty.request.NettyRequestSender - Using open Channel [id: 0x7bc3febf, L:/127.0.0.1:50180 - R:localhost/127.0.0.1:52877] for POST '/session/17b60dc985377980ce49c666d81771d8/window/rect'
00:48:34.248 [AsyncHttpClient-1-11] DEBUG org.asynchttpclient.netty.handler.HttpHandler - 

Request DefaultHttpRequest(decodeResult: success, version: HTTP/1.1)
POST /session/17b60dc985377980ce49c666d81771d8/window/rect HTTP/1.1
User-Agent: selenium/4.1.2 (java windows)
Content-Length: 22
Content-Type: application/json; charset=utf-8
host: localhost:52877
accept: */*

Response DefaultHttpResponse(decodeResult: success, version: HTTP/1.1)
HTTP/1.1 200 OK
Content-Type: application/json; charset=utf-8
cache-control: no-cache
content-length: 50

00:48:34.248 [AsyncHttpClient-1-11] DEBUG org.asynchttpclient.netty.channel.ChannelManager - Adding key: http://localhost:52877 for channel [id: 0x7bc3febf, L:/127.0.0.1:50180 - R:localhost/127.0.0.1:52877]
00:48:34.249 [Forwarding get on session 17b60dc985377980ce49c666d81771d8 to remote] DEBUG org.asynchttpclient.netty.request.NettyRequestSender - Using pooled Channel '[id: 0x7bc3febf, L:/127.0.0.1:50180 - R:localhost/127.0.0.1:52877]' for 'POST' to 'http://localhost:52877/session/17b60dc985377980ce49c666d81771d8/url'
00:48:34.249 [Forwarding get on session 17b60dc985377980ce49c666d81771d8 to remote] DEBUG org.asynchttpclient.netty.request.NettyRequestSender - Using open Channel [id: 0x7bc3febf, L:/127.0.0.1:50180 - R:localhost/127.0.0.1:52877] for POST '/session/17b60dc985377980ce49c666d81771d8/url'
00:48:34.385 [AsyncHttpClient-1-1] DEBUG org.asynchttpclient.netty.channel.DefaultChannelPool - Entry count for : http://localhost:50181 : 1
00:48:35.486 [AsyncHttpClient-1-1] DEBUG org.asynchttpclient.netty.channel.DefaultChannelPool - Entry count for : http://localhost:50181 : 1
00:48:36.590 [AsyncHttpClient-1-1] DEBUG org.asynchttpclient.netty.channel.DefaultChannelPool - Entry count for : http://localhost:50181 : 1
00:48:36.731 [AsyncHttpClient-1-11] DEBUG org.asynchttpclient.netty.handler.HttpHandler - 

Request DefaultHttpRequest(decodeResult: success, version: HTTP/1.1)
POST /session/17b60dc985377980ce49c666d81771d8/url HTTP/1.1
User-Agent: selenium/4.1.2 (java windows)
Content-Length: 59
Content-Type: application/json; charset=utf-8
host: localhost:52877
accept: */*

Response DefaultHttpResponse(decodeResult: success, version: HTTP/1.1)
HTTP/1.1 200 OK
Content-Type: application/json; charset=utf-8
cache-control: no-cache
content-length: 14

00:48:36.731 [AsyncHttpClient-1-11] DEBUG org.asynchttpclient.netty.channel.ChannelManager - Adding key: http://localhost:52877 for channel [id: 0x7bc3febf, L:/127.0.0.1:50180 - R:localhost/127.0.0.1:52877]
00:48:36.732 [Forwarding setTimeout on session 17b60dc985377980ce49c666d81771d8 to remote] DEBUG org.asynchttpclient.netty.request.NettyRequestSender - Using pooled Channel '[id: 0x7bc3febf, L:/127.0.0.1:50180 - R:localhost/127.0.0.1:52877]' for 'POST' to 'http://localhost:52877/session/17b60dc985377980ce49c666d81771d8/timeouts'
00:48:36.732 [Forwarding setTimeout on session 17b60dc985377980ce49c666d81771d8 to remote] DEBUG org.asynchttpclient.netty.request.NettyRequestSender - Using open Channel [id: 0x7bc3febf, L:/127.0.0.1:50180 - R:localhost/127.0.0.1:52877] for POST '/session/17b60dc985377980ce49c666d81771d8/timeouts'
00:48:36.733 [AsyncHttpClient-1-11] DEBUG org.asynchttpclient.netty.handler.HttpHandler - 

Request DefaultHttpRequest(decodeResult: success, version: HTTP/1.1)
POST /session/17b60dc985377980ce49c666d81771d8/timeouts HTTP/1.1
User-Agent: selenium/4.1.2 (java windows)
Content-Length: 22
Content-Type: application/json; charset=utf-8
host: localhost:52877
accept: */*

Response DefaultHttpResponse(decodeResult: success, version: HTTP/1.1)
HTTP/1.1 200 OK
Content-Type: application/json; charset=utf-8
cache-control: no-cache
content-length: 14

00:48:36.733 [AsyncHttpClient-1-11] DEBUG org.asynchttpclient.netty.channel.ChannelManager - Adding key: http://localhost:52877 for channel [id: 0x7bc3febf, L:/127.0.0.1:50180 - R:localhost/127.0.0.1:52877]
00:48:36.735 [Forwarding getCurrentUrl on session 17b60dc985377980ce49c666d81771d8 to remote] DEBUG org.asynchttpclient.netty.request.NettyRequestSender - Using pooled Channel '[id: 0x7bc3febf, L:/127.0.0.1:50180 - R:localhost/127.0.0.1:52877]' for 'GET' to 'http://localhost:52877/session/17b60dc985377980ce49c666d81771d8/url'
00:48:36.735 [Forwarding getCurrentUrl on session 17b60dc985377980ce49c666d81771d8 to remote] DEBUG org.asynchttpclient.netty.request.NettyRequestSender - Using open Channel [id: 0x7bc3febf, L:/127.0.0.1:50180 - R:localhost/127.0.0.1:52877] for GET '/session/17b60dc985377980ce49c666d81771d8/url'
00:48:36.772 [AsyncHttpClient-1-11] DEBUG org.asynchttpclient.netty.handler.HttpHandler - 

Request DefaultFullHttpRequest(decodeResult: success, version: HTTP/1.1, content: EmptyByteBufBE)
GET /session/17b60dc985377980ce49c666d81771d8/url HTTP/1.1
User-Agent: selenium/4.1.2 (java windows)
Cache-Control: no-cache
Content-Type: application/json; charset=utf-8
host: localhost:52877
accept: */*

Response DefaultHttpResponse(decodeResult: success, version: HTTP/1.1)
HTTP/1.1 200 OK
Content-Type: application/json; charset=utf-8
cache-control: no-cache
content-length: 46

00:48:36.772 [AsyncHttpClient-1-11] DEBUG org.asynchttpclient.netty.channel.ChannelManager - Adding key: http://localhost:52877 for channel [id: 0x7bc3febf, L:/127.0.0.1:50180 - R:localhost/127.0.0.1:52877]
00:48:36.776 [Forwarding getCurrentUrl on session 17b60dc985377980ce49c666d81771d8 to remote] DEBUG org.asynchttpclient.netty.request.NettyRequestSender - Using pooled Channel '[id: 0x7bc3febf, L:/127.0.0.1:50180 - R:localhost/127.0.0.1:52877]' for 'GET' to 'http://localhost:52877/session/17b60dc985377980ce49c666d81771d8/url'
00:48:36.776 [Forwarding getCurrentUrl on session 17b60dc985377980ce49c666d81771d8 to remote] DEBUG org.asynchttpclient.netty.request.NettyRequestSender - Using open Channel [id: 0x7bc3febf, L:/127.0.0.1:50180 - R:localhost/127.0.0.1:52877] for GET '/session/17b60dc985377980ce49c666d81771d8/url'
00:48:36.794 [AsyncHttpClient-1-11] DEBUG org.asynchttpclient.netty.handler.HttpHandler - 

Request DefaultFullHttpRequest(decodeResult: success, version: HTTP/1.1, content: EmptyByteBufBE)
GET /session/17b60dc985377980ce49c666d81771d8/url HTTP/1.1
User-Agent: selenium/4.1.2 (java windows)
Cache-Control: no-cache
Content-Type: application/json; charset=utf-8
host: localhost:52877
accept: */*

Response DefaultHttpResponse(decodeResult: success, version: HTTP/1.1)
HTTP/1.1 200 OK
Content-Type: application/json; charset=utf-8
cache-control: no-cache
content-length: 46

00:48:36.795 [AsyncHttpClient-1-11] DEBUG org.asynchttpclient.netty.channel.ChannelManager - Adding key: http://localhost:52877 for channel [id: 0x7bc3febf, L:/127.0.0.1:50180 - R:localhost/127.0.0.1:52877]
00:48:36.799 [main] DEBUG net.serenitybdd.core.photography.Darkroom - Opening darkroom
00:48:36.800 [Forwarding screenshot on session 17b60dc985377980ce49c666d81771d8 to remote] DEBUG org.asynchttpclient.netty.request.NettyRequestSender - Using pooled Channel '[id: 0x7bc3febf, L:/127.0.0.1:50180 - R:localhost/127.0.0.1:52877]' for 'GET' to 'http://localhost:52877/session/17b60dc985377980ce49c666d81771d8/screenshot'
00:48:36.800 [Forwarding screenshot on session 17b60dc985377980ce49c666d81771d8 to remote] DEBUG org.asynchttpclient.netty.request.NettyRequestSender - Using open Channel [id: 0x7bc3febf, L:/127.0.0.1:50180 - R:localhost/127.0.0.1:52877] for GET '/session/17b60dc985377980ce49c666d81771d8/screenshot'
00:48:36.801 [Darkroom Processing Line] DEBUG net.serenitybdd.core.photography.DarkroomProcessingLine - Darkroom processing line starting up
00:48:37.234 [AsyncHttpClient-1-11] DEBUG org.asynchttpclient.netty.handler.HttpHandler - 

Request DefaultFullHttpRequest(decodeResult: success, version: HTTP/1.1, content: EmptyByteBufBE)
GET /session/17b60dc985377980ce49c666d81771d8/screenshot HTTP/1.1
User-Agent: selenium/4.1.2 (java windows)
Cache-Control: no-cache
Content-Type: application/json; charset=utf-8
host: localhost:52877
accept: */*

Response DefaultHttpResponse(decodeResult: success, version: HTTP/1.1)
HTTP/1.1 200 OK
Content-Type: application/json; charset=utf-8
cache-control: no-cache
content-length: 575004

00:48:37.234 [AsyncHttpClient-1-11] DEBUG org.asynchttpclient.netty.channel.ChannelManager - Adding key: http://localhost:52877 for channel [id: 0x7bc3febf, L:/127.0.0.1:50180 - R:localhost/127.0.0.1:52877]
00:48:37.244 [main] DEBUG net.serenitybdd.core.photography.Darkroom - Send negative for processing for target\site\serenity\bdfb3257a55b5f729af578dfc1dc3a5762c89839bea5dc19984e34dd6640fee1.png
00:48:37.244 [main] DEBUG net.thucydides.core.steps.StepInterceptor - STEP DONE: openPage
00:48:37.249 [main] DEBUG net.thucydides.core.steps.StepInterceptor - STARTING STEP: LoginSteps.adminOnLoginPage - validateonLoginPage
00:48:37.250 [Forwarding findElement on session 17b60dc985377980ce49c666d81771d8 to remote] DEBUG org.asynchttpclient.netty.request.NettyRequestSender - Using pooled Channel '[id: 0x7bc3febf, L:/127.0.0.1:50180 - R:localhost/127.0.0.1:52877]' for 'POST' to 'http://localhost:52877/session/17b60dc985377980ce49c666d81771d8/element'
00:48:37.250 [Forwarding findElement on session 17b60dc985377980ce49c666d81771d8 to remote] DEBUG org.asynchttpclient.netty.request.NettyRequestSender - Using open Channel [id: 0x7bc3febf, L:/127.0.0.1:50180 - R:localhost/127.0.0.1:52877] for POST '/session/17b60dc985377980ce49c666d81771d8/element'
00:48:37.262 [AsyncHttpClient-1-11] DEBUG org.asynchttpclient.netty.handler.HttpHandler - 

Request DefaultHttpRequest(decodeResult: success, version: HTTP/1.1)
POST /session/17b60dc985377980ce49c666d81771d8/element HTTP/1.1
User-Agent: selenium/4.1.2 (java windows)
Content-Length: 71
Content-Type: application/json; charset=utf-8
host: localhost:52877
accept: */*

Response DefaultHttpResponse(decodeResult: success, version: HTTP/1.1)
HTTP/1.1 200 OK
Content-Type: application/json; charset=utf-8
cache-control: no-cache
content-length: 88

00:48:37.262 [AsyncHttpClient-1-11] DEBUG org.asynchttpclient.netty.channel.ChannelManager - Adding key: http://localhost:52877 for channel [id: 0x7bc3febf, L:/127.0.0.1:50180 - R:localhost/127.0.0.1:52877]
00:48:37.265 [Forwarding isElementDisplayed on session 17b60dc985377980ce49c666d81771d8 to remote] DEBUG org.asynchttpclient.netty.request.NettyRequestSender - Using pooled Channel '[id: 0x7bc3febf, L:/127.0.0.1:50180 - R:localhost/127.0.0.1:52877]' for 'POST' to 'http://localhost:52877/session/17b60dc985377980ce49c666d81771d8/execute/sync'
00:48:37.265 [Forwarding isElementDisplayed on session 17b60dc985377980ce49c666d81771d8 to remote] DEBUG org.asynchttpclient.netty.request.NettyRequestSender - Using open Channel [id: 0x7bc3febf, L:/127.0.0.1:50180 - R:localhost/127.0.0.1:52877] for POST '/session/17b60dc985377980ce49c666d81771d8/execute/sync'
00:48:37.278 [AsyncHttpClient-1-11] DEBUG org.asynchttpclient.netty.handler.HttpHandler - 

Request DefaultHttpRequest(decodeResult: success, version: HTTP/1.1)
POST /session/17b60dc985377980ce49c666d81771d8/execute/sync HTTP/1.1
User-Agent: selenium/4.1.2 (java windows)
Content-Length: 48780
Content-Type: application/json; charset=utf-8
host: localhost:52877
accept: */*

Response DefaultHttpResponse(decodeResult: success, version: HTTP/1.1)
HTTP/1.1 200 OK
Content-Type: application/json; charset=utf-8
cache-control: no-cache
content-length: 14

00:48:37.278 [AsyncHttpClient-1-11] DEBUG org.asynchttpclient.netty.channel.ChannelManager - Adding key: http://localhost:52877 for channel [id: 0x7bc3febf, L:/127.0.0.1:50180 - R:localhost/127.0.0.1:52877]
00:48:37.281 [main] DEBUG net.thucydides.core.steps.StepInterceptor - STEP DONE: validateonLoginPage
  &amp#27;[32mGiven &amp#27;[0m&amp#27;[32madmin on login page&amp#27;[0m                                                                             &amp#27;[90m# starter.definitions.LoginSteps.adminOnLoginPage()&amp#27;[0m
00:48:37.295 [Forwarding screenshot on session 17b60dc985377980ce49c666d81771d8 to remote] DEBUG org.asynchttpclient.netty.request.NettyRequestSender - Using pooled Channel '[id: 0x7bc3febf, L:/127.0.0.1:50180 - R:localhost/127.0.0.1:52877]' for 'GET' to 'http://localhost:52877/session/17b60dc985377980ce49c666d81771d8/screenshot'
00:48:37.295 [Forwarding screenshot on session 17b60dc985377980ce49c666d81771d8 to remote] DEBUG org.asynchttpclient.netty.request.NettyRequestSender - Using open Channel [id: 0x7bc3febf, L:/127.0.0.1:50180 - R:localhost/127.0.0.1:52877] for GET '/session/17b60dc985377980ce49c666d81771d8/screenshot'
00:48:37.580 [AsyncHttpClient-1-11] DEBUG org.asynchttpclient.netty.handler.HttpHandler - 

Request DefaultFullHttpRequest(decodeResult: success, version: HTTP/1.1, content: EmptyByteBufBE)
GET /session/17b60dc985377980ce49c666d81771d8/screenshot HTTP/1.1
User-Agent: selenium/4.1.2 (java windows)
Cache-Control: no-cache
Content-Type: application/json; charset=utf-8
host: localhost:52877
accept: */*

Response DefaultHttpResponse(decodeResult: success, version: HTTP/1.1)
HTTP/1.1 200 OK
Content-Type: application/json; charset=utf-8
cache-control: no-cache
content-length: 575004

00:48:37.581 [AsyncHttpClient-1-11] DEBUG org.asynchttpclient.netty.channel.ChannelManager - Adding key: http://localhost:52877 for channel [id: 0x7bc3febf, L:/127.0.0.1:50180 - R:localhost/127.0.0.1:52877]
00:48:37.590 [main] DEBUG net.serenitybdd.core.photography.Darkroom - Send negative for processing for target\site\serenity\bdfb3257a55b5f729af578dfc1dc3a5762c89839bea5dc19984e34dd6640fee1.png
00:48:37.590 [main] DEBUG net.thucydides.core.steps.StepInterceptor - STARTING STEP: LoginSteps.adminInputValidUssername - inputusername
00:48:37.593 [Forwarding findElement on session 17b60dc985377980ce49c666d81771d8 to remote] DEBUG org.asynchttpclient.netty.request.NettyRequestSender - Using pooled Channel '[id: 0x7bc3febf, L:/127.0.0.1:50180 - R:localhost/127.0.0.1:52877]' for 'POST' to 'http://localhost:52877/session/17b60dc985377980ce49c666d81771d8/element'
00:48:37.593 [Forwarding findElement on session 17b60dc985377980ce49c666d81771d8 to remote] DEBUG org.asynchttpclient.netty.request.NettyRequestSender - Using open Channel [id: 0x7bc3febf, L:/127.0.0.1:50180 - R:localhost/127.0.0.1:52877] for POST '/session/17b60dc985377980ce49c666d81771d8/element'
00:48:37.614 [AsyncHttpClient-1-11] DEBUG org.asynchttpclient.netty.handler.HttpHandler - 

Request DefaultHttpRequest(decodeResult: success, version: HTTP/1.1)
POST /session/17b60dc985377980ce49c666d81771d8/element HTTP/1.1
User-Agent: selenium/4.1.2 (java windows)
Content-Length: 92
Content-Type: application/json; charset=utf-8
host: localhost:52877
accept: */*

Response DefaultHttpResponse(decodeResult: success, version: HTTP/1.1)
HTTP/1.1 200 OK
Content-Type: application/json; charset=utf-8
cache-control: no-cache
content-length: 88

00:48:37.614 [AsyncHttpClient-1-11] DEBUG org.asynchttpclient.netty.channel.ChannelManager - Adding key: http://localhost:52877 for channel [id: 0x7bc3febf, L:/127.0.0.1:50180 - R:localhost/127.0.0.1:52877]
00:48:37.615 [Forwarding clearElement on session 17b60dc985377980ce49c666d81771d8 to remote] DEBUG org.asynchttpclient.netty.request.NettyRequestSender - Using pooled Channel '[id: 0x7bc3febf, L:/127.0.0.1:50180 - R:localhost/127.0.0.1:52877]' for 'POST' to 'http://localhost:52877/session/17b60dc985377980ce49c666d81771d8/element/dbad0ac4-bff6-42e9-b0ca-27d3a01262ae/clear'
00:48:37.615 [Forwarding clearElement on session 17b60dc985377980ce49c666d81771d8 to remote] DEBUG org.asynchttpclient.netty.request.NettyRequestSender - Using open Channel [id: 0x7bc3febf, L:/127.0.0.1:50180 - R:localhost/127.0.0.1:52877] for POST '/session/17b60dc985377980ce49c666d81771d8/element/dbad0ac4-bff6-42e9-b0ca-27d3a01262ae/clear'
00:48:37.657 [AsyncHttpClient-1-11] DEBUG org.asynchttpclient.netty.handler.HttpHandler - 

Request DefaultHttpRequest(decodeResult: success, version: HTTP/1.1)
POST /session/17b60dc985377980ce49c666d81771d8/element/dbad0ac4-bff6-42e9-b0ca-27d3a01262ae/clear HTTP/1.1
User-Agent: selenium/4.1.2 (java windows)
Content-Length: 50
Content-Type: application/json; charset=utf-8
host: localhost:52877
accept: */*

Response DefaultHttpResponse(decodeResult: success, version: HTTP/1.1)
HTTP/1.1 200 OK
Content-Type: application/json; charset=utf-8
cache-control: no-cache
content-length: 14

00:48:37.657 [AsyncHttpClient-1-11] DEBUG org.asynchttpclient.netty.channel.ChannelManager - Adding key: http://localhost:52877 for channel [id: 0x7bc3febf, L:/127.0.0.1:50180 - R:localhost/127.0.0.1:52877]
00:48:37.659 [Forwarding sendKeysToElement on session 17b60dc985377980ce49c666d81771d8 to remote] DEBUG org.asynchttpclient.netty.request.NettyRequestSender - Using pooled Channel '[id: 0x7bc3febf, L:/127.0.0.1:50180 - R:localhost/127.0.0.1:52877]' for 'POST' to 'http://localhost:52877/session/17b60dc985377980ce49c666d81771d8/element/dbad0ac4-bff6-42e9-b0ca-27d3a01262ae/value'
00:48:37.659 [Forwarding sendKeysToElement on session 17b60dc985377980ce49c666d81771d8 to remote] DEBUG org.asynchttpclient.netty.request.NettyRequestSender - Using open Channel [id: 0x7bc3febf, L:/127.0.0.1:50180 - R:localhost/127.0.0.1:52877] for POST '/session/17b60dc985377980ce49c666d81771d8/element/dbad0ac4-bff6-42e9-b0ca-27d3a01262ae/value'
00:48:37.687 [AsyncHttpClient-1-1] DEBUG org.asynchttpclient.netty.channel.DefaultChannelPool - Entry count for : http://localhost:50181 : 1
00:48:37.736 [AsyncHttpClient-1-11] DEBUG org.asynchttpclient.netty.handler.HttpHandler - 

Request DefaultHttpRequest(decodeResult: success, version: HTTP/1.1)
POST /session/17b60dc985377980ce49c666d81771d8/element/dbad0ac4-bff6-42e9-b0ca-27d3a01262ae/value HTTP/1.1
User-Agent: selenium/4.1.2 (java windows)
Content-Length: 151
Content-Type: application/json; charset=utf-8
host: localhost:52877
accept: */*

Response DefaultHttpResponse(decodeResult: success, version: HTTP/1.1)
HTTP/1.1 200 OK
Content-Type: application/json; charset=utf-8
cache-control: no-cache
content-length: 14

00:48:37.736 [AsyncHttpClient-1-11] DEBUG org.asynchttpclient.netty.channel.ChannelManager - Adding key: http://localhost:52877 for channel [id: 0x7bc3febf, L:/127.0.0.1:50180 - R:localhost/127.0.0.1:52877]
00:48:37.741 [Forwarding screenshot on session 17b60dc985377980ce49c666d81771d8 to remote] DEBUG org.asynchttpclient.netty.request.NettyRequestSender - Using pooled Channel '[id: 0x7bc3febf, L:/127.0.0.1:50180 - R:localhost/127.0.0.1:52877]' for 'GET' to 'http://localhost:52877/session/17b60dc985377980ce49c666d81771d8/screenshot'
00:48:37.741 [Forwarding screenshot on session 17b60dc985377980ce49c666d81771d8 to remote] DEBUG org.asynchttpclient.netty.request.NettyRequestSender - Using open Channel [id: 0x7bc3febf, L:/127.0.0.1:50180 - R:localhost/127.0.0.1:52877] for GET '/session/17b60dc985377980ce49c666d81771d8/screenshot'
00:48:38.028 [AsyncHttpClient-1-11] DEBUG org.asynchttpclient.netty.handler.HttpHandler - 

Request DefaultFullHttpRequest(decodeResult: success, version: HTTP/1.1, content: EmptyByteBufBE)
GET /session/17b60dc985377980ce49c666d81771d8/screenshot HTTP/1.1
User-Agent: selenium/4.1.2 (java windows)
Cache-Control: no-cache
Content-Type: application/json; charset=utf-8
host: localhost:52877
accept: */*

Response DefaultHttpResponse(decodeResult: success, version: HTTP/1.1)
HTTP/1.1 200 OK
Content-Type: application/json; charset=utf-8
cache-control: no-cache
content-length: 573184

00:48:38.028 [AsyncHttpClient-1-11] DEBUG org.asynchttpclient.netty.channel.ChannelManager - Adding key: http://localhost:52877 for channel [id: 0x7bc3febf, L:/127.0.0.1:50180 - R:localhost/127.0.0.1:52877]
00:48:38.038 [main] DEBUG net.serenitybdd.core.photography.Darkroom - Send negative for processing for target\site\serenity\f77c054aa6a666f419ab49e776fdfb7fc10c7c59289c58aa7b77a3e2461e450a.png
00:48:38.039 [main] DEBUG net.thucydides.core.steps.StepInterceptor - STEP DONE: inputusername
  &amp#27;[32mWhen &amp#27;[0m&amp#27;[32madmin input valid ussername&amp#27;[0m                                                                      &amp#27;[90m# starter.definitions.LoginSteps.adminInputValidUssername()&amp#27;[0m
00:48:38.051 [main] DEBUG net.thucydides.core.steps.StepInterceptor - STARTING STEP: LoginSteps.adminInputValidPassword - inputPassword
00:48:38.053 [Forwarding findElement on session 17b60dc985377980ce49c666d81771d8 to remote] DEBUG org.asynchttpclient.netty.request.NettyRequestSender - Using pooled Channel '[id: 0x7bc3febf, L:/127.0.0.1:50180 - R:localhost/127.0.0.1:52877]' for 'POST' to 'http://localhost:52877/session/17b60dc985377980ce49c666d81771d8/element'
00:48:38.053 [Forwarding findElement on session 17b60dc985377980ce49c666d81771d8 to remote] DEBUG org.asynchttpclient.netty.request.NettyRequestSender - Using open Channel [id: 0x7bc3febf, L:/127.0.0.1:50180 - R:localhost/127.0.0.1:52877] for POST '/session/17b60dc985377980ce49c666d81771d8/element'
00:48:38.068 [AsyncHttpClient-1-11] DEBUG org.asynchttpclient.netty.handler.HttpHandler - 

Request DefaultHttpRequest(decodeResult: success, version: HTTP/1.1)
POST /session/17b60dc985377980ce49c666d81771d8/element HTTP/1.1
User-Agent: selenium/4.1.2 (java windows)
Content-Length: 92
Content-Type: application/json; charset=utf-8
host: localhost:52877
accept: */*

Response DefaultHttpResponse(decodeResult: success, version: HTTP/1.1)
HTTP/1.1 200 OK
Content-Type: application/json; charset=utf-8
cache-control: no-cache
content-length: 88

00:48:38.069 [AsyncHttpClient-1-11] DEBUG org.asynchttpclient.netty.channel.ChannelManager - Adding key: http://localhost:52877 for channel [id: 0x7bc3febf, L:/127.0.0.1:50180 - R:localhost/127.0.0.1:52877]
00:48:38.070 [Forwarding clearElement on session 17b60dc985377980ce49c666d81771d8 to remote] DEBUG org.asynchttpclient.netty.request.NettyRequestSender - Using pooled Channel '[id: 0x7bc3febf, L:/127.0.0.1:50180 - R:localhost/127.0.0.1:52877]' for 'POST' to 'http://localhost:52877/session/17b60dc985377980ce49c666d81771d8/element/db3be628-11d8-44ef-9a63-1bd7ea223644/clear'
00:48:38.070 [Forwarding clearElement on session 17b60dc985377980ce49c666d81771d8 to remote] DEBUG org.asynchttpclient.netty.request.NettyRequestSender - Using open Channel [id: 0x7bc3febf, L:/127.0.0.1:50180 - R:localhost/127.0.0.1:52877] for POST '/session/17b60dc985377980ce49c666d81771d8/element/db3be628-11d8-44ef-9a63-1bd7ea223644/clear'
00:48:38.114 [AsyncHttpClient-1-11] DEBUG org.asynchttpclient.netty.handler.HttpHandler - 

Request DefaultHttpRequest(decodeResult: success, version: HTTP/1.1)
POST /session/17b60dc985377980ce49c666d81771d8/element/db3be628-11d8-44ef-9a63-1bd7ea223644/clear HTTP/1.1
User-Agent: selenium/4.1.2 (java windows)
Content-Length: 50
Content-Type: application/json; charset=utf-8
host: localhost:52877
accept: */*

Response DefaultHttpResponse(decodeResult: success, version: HTTP/1.1)
HTTP/1.1 200 OK
Content-Type: application/json; charset=utf-8
cache-control: no-cache
content-length: 14

00:48:38.114 [AsyncHttpClient-1-11] DEBUG org.asynchttpclient.netty.channel.ChannelManager - Adding key: http://localhost:52877 for channel [id: 0x7bc3febf, L:/127.0.0.1:50180 - R:localhost/127.0.0.1:52877]
00:48:38.116 [Forwarding sendKeysToElement on session 17b60dc985377980ce49c666d81771d8 to remote] DEBUG org.asynchttpclient.netty.request.NettyRequestSender - Using pooled Channel '[id: 0x7bc3febf, L:/127.0.0.1:50180 - R:localhost/127.0.0.1:52877]' for 'POST' to 'http://localhost:52877/session/17b60dc985377980ce49c666d81771d8/element/db3be628-11d8-44ef-9a63-1bd7ea223644/value'
00:48:38.116 [Forwarding sendKeysToElement on session 17b60dc985377980ce49c666d81771d8 to remote] DEBUG org.asynchttpclient.netty.request.NettyRequestSender - Using open Channel [id: 0x7bc3febf, L:/127.0.0.1:50180 - R:localhost/127.0.0.1:52877] for POST '/session/17b60dc985377980ce49c666d81771d8/element/db3be628-11d8-44ef-9a63-1bd7ea223644/value'
00:48:38.229 [AsyncHttpClient-1-11] DEBUG org.asynchttpclient.netty.handler.HttpHandler - 

Request DefaultHttpRequest(decodeResult: success, version: HTTP/1.1)
POST /session/17b60dc985377980ce49c666d81771d8/element/db3be628-11d8-44ef-9a63-1bd7ea223644/value HTTP/1.1
User-Agent: selenium/4.1.2 (java windows)
Content-Length: 291
Content-Type: application/json; charset=utf-8
host: localhost:52877
accept: */*

Response DefaultHttpResponse(decodeResult: success, version: HTTP/1.1)
HTTP/1.1 200 OK
Content-Type: application/json; charset=utf-8
cache-control: no-cache
content-length: 14

00:48:38.229 [AsyncHttpClient-1-11] DEBUG org.asynchttpclient.netty.channel.ChannelManager - Adding key: http://localhost:52877 for channel [id: 0x7bc3febf, L:/127.0.0.1:50180 - R:localhost/127.0.0.1:52877]
00:48:38.234 [Forwarding screenshot on session 17b60dc985377980ce49c666d81771d8 to remote] DEBUG org.asynchttpclient.netty.request.NettyRequestSender - Using pooled Channel '[id: 0x7bc3febf, L:/127.0.0.1:50180 - R:localhost/127.0.0.1:52877]' for 'GET' to 'http://localhost:52877/session/17b60dc985377980ce49c666d81771d8/screenshot'
00:48:38.234 [Forwarding screenshot on session 17b60dc985377980ce49c666d81771d8 to remote] DEBUG org.asynchttpclient.netty.request.NettyRequestSender - Using open Channel [id: 0x7bc3febf, L:/127.0.0.1:50180 - R:localhost/127.0.0.1:52877] for GET '/session/17b60dc985377980ce49c666d81771d8/screenshot'
00:48:38.529 [AsyncHttpClient-1-11] DEBUG org.asynchttpclient.netty.handler.HttpHandler - 

Request DefaultFullHttpRequest(decodeResult: success, version: HTTP/1.1, content: EmptyByteBufBE)
GET /session/17b60dc985377980ce49c666d81771d8/screenshot HTTP/1.1
User-Agent: selenium/4.1.2 (java windows)
Cache-Control: no-cache
Content-Type: application/json; charset=utf-8
host: localhost:52877
accept: */*

Response DefaultHttpResponse(decodeResult: success, version: HTTP/1.1)
HTTP/1.1 200 OK
Content-Type: application/json; charset=utf-8
cache-control: no-cache
content-length: 569460

00:48:38.530 [AsyncHttpClient-1-11] DEBUG org.asynchttpclient.netty.channel.ChannelManager - Adding key: http://localhost:52877 for channel [id: 0x7bc3febf, L:/127.0.0.1:50180 - R:localhost/127.0.0.1:52877]
00:48:38.540 [main] DEBUG net.serenitybdd.core.photography.Darkroom - Send negative for processing for target\site\serenity\7121c7966e51ed0bee580053fa8354e56400a63fd65cbfa41529dc1e051e1e6a.png
00:48:38.540 [main] DEBUG net.thucydides.core.steps.StepInterceptor - STEP DONE: inputPassword
  &amp#27;[32mAnd &amp#27;[0m&amp#27;[32madmin input valid password&amp#27;[0m                                                                        &amp#27;[90m# starter.definitions.LoginSteps.adminInputValidPassword()&amp#27;[0m
00:48:38.556 [main] DEBUG net.thucydides.core.steps.StepInterceptor - STARTING STEP: LoginSteps.clickLoginButton - clickloginButton
00:48:38.559 [Forwarding findElement on session 17b60dc985377980ce49c666d81771d8 to remote] DEBUG org.asynchttpclient.netty.request.NettyRequestSender - Using pooled Channel '[id: 0x7bc3febf, L:/127.0.0.1:50180 - R:localhost/127.0.0.1:52877]' for 'POST' to 'http://localhost:52877/session/17b60dc985377980ce49c666d81771d8/element'
00:48:38.559 [Forwarding findElement on session 17b60dc985377980ce49c666d81771d8 to remote] DEBUG org.asynchttpclient.netty.request.NettyRequestSender - Using open Channel [id: 0x7bc3febf, L:/127.0.0.1:50180 - R:localhost/127.0.0.1:52877] for POST '/session/17b60dc985377980ce49c666d81771d8/element'
00:48:38.570 [AsyncHttpClient-1-11] DEBUG org.asynchttpclient.netty.handler.HttpHandler - 

Request DefaultHttpRequest(decodeResult: success, version: HTTP/1.1)
POST /session/17b60dc985377980ce49c666d81771d8/element HTTP/1.1
User-Agent: selenium/4.1.2 (java windows)
Content-Length: 71
Content-Type: application/json; charset=utf-8
host: localhost:52877
accept: */*

Response DefaultHttpResponse(decodeResult: success, version: HTTP/1.1)
HTTP/1.1 200 OK
Content-Type: application/json; charset=utf-8
cache-control: no-cache
content-length: 88

00:48:38.570 [AsyncHttpClient-1-11] DEBUG org.asynchttpclient.netty.channel.ChannelManager - Adding key: http://localhost:52877 for channel [id: 0x7bc3febf, L:/127.0.0.1:50180 - R:localhost/127.0.0.1:52877]
00:48:38.572 [Forwarding getElementTagName on session 17b60dc985377980ce49c666d81771d8 to remote] DEBUG org.asynchttpclient.netty.request.NettyRequestSender - Using pooled Channel '[id: 0x7bc3febf, L:/127.0.0.1:50180 - R:localhost/127.0.0.1:52877]' for 'GET' to 'http://localhost:52877/session/17b60dc985377980ce49c666d81771d8/element/a2755319-ce93-4516-b8c0-c89b89f25353/name'
00:48:38.572 [Forwarding getElementTagName on session 17b60dc985377980ce49c666d81771d8 to remote] DEBUG org.asynchttpclient.netty.request.NettyRequestSender - Using open Channel [id: 0x7bc3febf, L:/127.0.0.1:50180 - R:localhost/127.0.0.1:52877] for GET '/session/17b60dc985377980ce49c666d81771d8/element/a2755319-ce93-4516-b8c0-c89b89f25353/name'
00:48:38.584 [AsyncHttpClient-1-11] DEBUG org.asynchttpclient.netty.handler.HttpHandler - 

Request DefaultFullHttpRequest(decodeResult: success, version: HTTP/1.1, content: EmptyByteBufBE)
GET /session/17b60dc985377980ce49c666d81771d8/element/a2755319-ce93-4516-b8c0-c89b89f25353/name HTTP/1.1
User-Agent: selenium/4.1.2 (java windows)
Cache-Control: no-cache
Content-Type: application/json; charset=utf-8
host: localhost:52877
accept: */*

Response DefaultHttpResponse(decodeResult: success, version: HTTP/1.1)
HTTP/1.1 200 OK
Content-Type: application/json; charset=utf-8
cache-control: no-cache
content-length: 18

00:48:38.584 [AsyncHttpClient-1-11] DEBUG org.asynchttpclient.netty.channel.ChannelManager - Adding key: http://localhost:52877 for channel [id: 0x7bc3febf, L:/127.0.0.1:50180 - R:localhost/127.0.0.1:52877]
00:48:38.585 [Forwarding getElementTagName on session 17b60dc985377980ce49c666d81771d8 to remote] DEBUG org.asynchttpclient.netty.request.NettyRequestSender - Using pooled Channel '[id: 0x7bc3febf, L:/127.0.0.1:50180 - R:localhost/127.0.0.1:52877]' for 'GET' to 'http://localhost:52877/session/17b60dc985377980ce49c666d81771d8/element/a2755319-ce93-4516-b8c0-c89b89f25353/name'
00:48:38.585 [Forwarding getElementTagName on session 17b60dc985377980ce49c666d81771d8 to remote] DEBUG org.asynchttpclient.netty.request.NettyRequestSender - Using open Channel [id: 0x7bc3febf, L:/127.0.0.1:50180 - R:localhost/127.0.0.1:52877] for GET '/session/17b60dc985377980ce49c666d81771d8/element/a2755319-ce93-4516-b8c0-c89b89f25353/name'
00:48:38.595 [AsyncHttpClient-1-11] DEBUG org.asynchttpclient.netty.handler.HttpHandler - 

Request DefaultFullHttpRequest(decodeResult: success, version: HTTP/1.1, content: EmptyByteBufBE)
GET /session/17b60dc985377980ce49c666d81771d8/element/a2755319-ce93-4516-b8c0-c89b89f25353/name HTTP/1.1
User-Agent: selenium/4.1.2 (java windows)
Cache-Control: no-cache
Content-Type: application/json; charset=utf-8
host: localhost:52877
accept: */*

Response DefaultHttpResponse(decodeResult: success, version: HTTP/1.1)
HTTP/1.1 200 OK
Content-Type: application/json; charset=utf-8
cache-control: no-cache
content-length: 18

00:48:38.595 [AsyncHttpClient-1-11] DEBUG org.asynchttpclient.netty.channel.ChannelManager - Adding key: http://localhost:52877 for channel [id: 0x7bc3febf, L:/127.0.0.1:50180 - R:localhost/127.0.0.1:52877]
00:48:38.597 [Forwarding isElementEnabled on session 17b60dc985377980ce49c666d81771d8 to remote] DEBUG org.asynchttpclient.netty.request.NettyRequestSender - Using pooled Channel '[id: 0x7bc3febf, L:/127.0.0.1:50180 - R:localhost/127.0.0.1:52877]' for 'GET' to 'http://localhost:52877/session/17b60dc985377980ce49c666d81771d8/element/a2755319-ce93-4516-b8c0-c89b89f25353/enabled'
00:48:38.597 [Forwarding isElementEnabled on session 17b60dc985377980ce49c666d81771d8 to remote] DEBUG org.asynchttpclient.netty.request.NettyRequestSender - Using open Channel [id: 0x7bc3febf, L:/127.0.0.1:50180 - R:localhost/127.0.0.1:52877] for GET '/session/17b60dc985377980ce49c666d81771d8/element/a2755319-ce93-4516-b8c0-c89b89f25353/enabled'
00:48:38.610 [AsyncHttpClient-1-11] DEBUG org.asynchttpclient.netty.handler.HttpHandler - 

Request DefaultFullHttpRequest(decodeResult: success, version: HTTP/1.1, content: EmptyByteBufBE)
GET /session/17b60dc985377980ce49c666d81771d8/element/a2755319-ce93-4516-b8c0-c89b89f25353/enabled HTTP/1.1
User-Agent: selenium/4.1.2 (java windows)
Cache-Control: no-cache
Content-Type: application/json; charset=utf-8
host: localhost:52877
accept: */*

Response DefaultHttpResponse(decodeResult: success, version: HTTP/1.1)
HTTP/1.1 200 OK
Content-Type: application/json; charset=utf-8
cache-control: no-cache
content-length: 14

00:48:38.610 [AsyncHttpClient-1-11] DEBUG org.asynchttpclient.netty.channel.ChannelManager - Adding key: http://localhost:52877 for channel [id: 0x7bc3febf, L:/127.0.0.1:50180 - R:localhost/127.0.0.1:52877]
00:48:38.611 [Forwarding isElementEnabled on session 17b60dc985377980ce49c666d81771d8 to remote] DEBUG org.asynchttpclient.netty.request.NettyRequestSender - Using pooled Channel '[id: 0x7bc3febf, L:/127.0.0.1:50180 - R:localhost/127.0.0.1:52877]' for 'GET' to 'http://localhost:52877/session/17b60dc985377980ce49c666d81771d8/element/a2755319-ce93-4516-b8c0-c89b89f25353/enabled'
00:48:38.611 [Forwarding isElementEnabled on session 17b60dc985377980ce49c666d81771d8 to remote] DEBUG org.asynchttpclient.netty.request.NettyRequestSender - Using open Channel [id: 0x7bc3febf, L:/127.0.0.1:50180 - R:localhost/127.0.0.1:52877] for GET '/session/17b60dc985377980ce49c666d81771d8/element/a2755319-ce93-4516-b8c0-c89b89f25353/enabled'
00:48:38.627 [AsyncHttpClient-1-11] DEBUG org.asynchttpclient.netty.handler.HttpHandler - 

Request DefaultFullHttpRequest(decodeResult: success, version: HTTP/1.1, content: EmptyByteBufBE)
GET /session/17b60dc985377980ce49c666d81771d8/element/a2755319-ce93-4516-b8c0-c89b89f25353/enabled HTTP/1.1
User-Agent: selenium/4.1.2 (java windows)
Cache-Control: no-cache
Content-Type: application/json; charset=utf-8
host: localhost:52877
accept: */*

Response DefaultHttpResponse(decodeResult: success, version: HTTP/1.1)
HTTP/1.1 200 OK
Content-Type: application/json; charset=utf-8
cache-control: no-cache
content-length: 14

00:48:38.627 [AsyncHttpClient-1-11] DEBUG org.asynchttpclient.netty.channel.ChannelManager - Adding key: http://localhost:52877 for channel [id: 0x7bc3febf, L:/127.0.0.1:50180 - R:localhost/127.0.0.1:52877]
00:48:38.630 [Forwarding findElement on session 17b60dc985377980ce49c666d81771d8 to remote] DEBUG org.asynchttpclient.netty.request.NettyRequestSender - Using pooled Channel '[id: 0x7bc3febf, L:/127.0.0.1:50180 - R:localhost/127.0.0.1:52877]' for 'POST' to 'http://localhost:52877/session/17b60dc985377980ce49c666d81771d8/element'
00:48:38.630 [Forwarding findElement on session 17b60dc985377980ce49c666d81771d8 to remote] DEBUG org.asynchttpclient.netty.request.NettyRequestSender - Using open Channel [id: 0x7bc3febf, L:/127.0.0.1:50180 - R:localhost/127.0.0.1:52877] for POST '/session/17b60dc985377980ce49c666d81771d8/element'
00:48:38.644 [AsyncHttpClient-1-11] DEBUG org.asynchttpclient.netty.handler.HttpHandler - 

Request DefaultHttpRequest(decodeResult: success, version: HTTP/1.1)
POST /session/17b60dc985377980ce49c666d81771d8/element HTTP/1.1
User-Agent: selenium/4.1.2 (java windows)
Content-Length: 71
Content-Type: application/json; charset=utf-8
host: localhost:52877
accept: */*

Response DefaultHttpResponse(decodeResult: success, version: HTTP/1.1)
HTTP/1.1 200 OK
Content-Type: application/json; charset=utf-8
cache-control: no-cache
content-length: 88

00:48:38.644 [AsyncHttpClient-1-11] DEBUG org.asynchttpclient.netty.channel.ChannelManager - Adding key: http://localhost:52877 for channel [id: 0x7bc3febf, L:/127.0.0.1:50180 - R:localhost/127.0.0.1:52877]
00:48:38.645 [Forwarding clickElement on session 17b60dc985377980ce49c666d81771d8 to remote] DEBUG org.asynchttpclient.netty.request.NettyRequestSender - Using pooled Channel '[id: 0x7bc3febf, L:/127.0.0.1:50180 - R:localhost/127.0.0.1:52877]' for 'POST' to 'http://localhost:52877/session/17b60dc985377980ce49c666d81771d8/element/a2755319-ce93-4516-b8c0-c89b89f25353/click'
00:48:38.645 [Forwarding clickElement on session 17b60dc985377980ce49c666d81771d8 to remote] DEBUG org.asynchttpclient.netty.request.NettyRequestSender - Using open Channel [id: 0x7bc3febf, L:/127.0.0.1:50180 - R:localhost/127.0.0.1:52877] for POST '/session/17b60dc985377980ce49c666d81771d8/element/a2755319-ce93-4516-b8c0-c89b89f25353/click'
00:48:38.703 [AsyncHttpClient-1-11] DEBUG org.asynchttpclient.netty.handler.HttpHandler - 

Request DefaultHttpRequest(decodeResult: success, version: HTTP/1.1)
POST /session/17b60dc985377980ce49c666d81771d8/element/a2755319-ce93-4516-b8c0-c89b89f25353/click HTTP/1.1
User-Agent: selenium/4.1.2 (java windows)
Content-Length: 50
Content-Type: application/json; charset=utf-8
host: localhost:52877
accept: */*

Response DefaultHttpResponse(decodeResult: success, version: HTTP/1.1)
HTTP/1.1 200 OK
Content-Type: application/json; charset=utf-8
cache-control: no-cache
content-length: 14

00:48:38.703 [AsyncHttpClient-1-11] DEBUG org.asynchttpclient.netty.channel.ChannelManager - Adding key: http://localhost:52877 for channel [id: 0x7bc3febf, L:/127.0.0.1:50180 - R:localhost/127.0.0.1:52877]
00:48:38.709 [Forwarding screenshot on session 17b60dc985377980ce49c666d81771d8 to remote] DEBUG org.asynchttpclient.netty.request.NettyRequestSender - Using pooled Channel '[id: 0x7bc3febf, L:/127.0.0.1:50180 - R:localhost/127.0.0.1:52877]' for 'GET' to 'http://localhost:52877/session/17b60dc985377980ce49c666d81771d8/screenshot'
00:48:38.709 [Forwarding screenshot on session 17b60dc985377980ce49c666d81771d8 to remote] DEBUG org.asynchttpclient.netty.request.NettyRequestSender - Using open Channel [id: 0x7bc3febf, L:/127.0.0.1:50180 - R:localhost/127.0.0.1:52877] for GET '/session/17b60dc985377980ce49c666d81771d8/screenshot'
00:48:38.786 [AsyncHttpClient-1-1] DEBUG org.asynchttpclient.netty.channel.DefaultChannelPool - Entry count for : http://localhost:50181 : 1
00:48:39.095 [AsyncHttpClient-1-11] DEBUG org.asynchttpclient.netty.handler.HttpHandler - 

Request DefaultFullHttpRequest(decodeResult: success, version: HTTP/1.1, content: EmptyByteBufBE)
GET /session/17b60dc985377980ce49c666d81771d8/screenshot HTTP/1.1
User-Agent: selenium/4.1.2 (java windows)
Cache-Control: no-cache
Content-Type: application/json; charset=utf-8
host: localhost:52877
accept: */*

Response DefaultHttpResponse(decodeResult: success, version: HTTP/1.1)
HTTP/1.1 200 OK
Content-Type: application/json; charset=utf-8
cache-control: no-cache
content-length: 575004

00:48:39.096 [AsyncHttpClient-1-11] DEBUG org.asynchttpclient.netty.channel.ChannelManager - Adding key: http://localhost:52877 for channel [id: 0x7bc3febf, L:/127.0.0.1:50180 - R:localhost/127.0.0.1:52877]
00:48:39.106 [main] DEBUG net.serenitybdd.core.photography.Darkroom - Send negative for processing for target\site\serenity\bdfb3257a55b5f729af578dfc1dc3a5762c89839bea5dc19984e34dd6640fee1.png
00:48:39.107 [main] DEBUG net.thucydides.core.steps.StepInterceptor - STEP DONE: clickloginButton
  &amp#27;[32mAnd &amp#27;[0m&amp#27;[32mclick login button&amp#27;[0m                                                                                &amp#27;[90m# starter.definitions.LoginSteps.clickLoginButton()&amp#27;[0m
00:48:39.119 [main] DEBUG net.thucydides.core.steps.StepInterceptor - STARTING STEP: LoginSteps.clickSucsessLogin - sucseslogin
00:48:39.121 [Forwarding findElement on session 17b60dc985377980ce49c666d81771d8 to remote] DEBUG org.asynchttpclient.netty.request.NettyRequestSender - Using pooled Channel '[id: 0x7bc3febf, L:/127.0.0.1:50180 - R:localhost/127.0.0.1:52877]' for 'POST' to 'http://localhost:52877/session/17b60dc985377980ce49c666d81771d8/element'
00:48:39.121 [Forwarding findElement on session 17b60dc985377980ce49c666d81771d8 to remote] DEBUG org.asynchttpclient.netty.request.NettyRequestSender - Using open Channel [id: 0x7bc3febf, L:/127.0.0.1:50180 - R:localhost/127.0.0.1:52877] for POST '/session/17b60dc985377980ce49c666d81771d8/element'
00:48:39.191 [AsyncHttpClient-1-11] DEBUG org.asynchttpclient.netty.handler.HttpHandler - 

Request DefaultHttpRequest(decodeResult: success, version: HTTP/1.1)
POST /session/17b60dc985377980ce49c666d81771d8/element HTTP/1.1
User-Agent: selenium/4.1.2 (java windows)
Content-Length: 79
Content-Type: application/json; charset=utf-8
host: localhost:52877
accept: */*

Response DefaultHttpResponse(decodeResult: success, version: HTTP/1.1)
HTTP/1.1 200 OK
Content-Type: application/json; charset=utf-8
cache-control: no-cache
content-length: 88

00:48:39.191 [AsyncHttpClient-1-11] DEBUG org.asynchttpclient.netty.channel.ChannelManager - Adding key: http://localhost:52877 for channel [id: 0x7bc3febf, L:/127.0.0.1:50180 - R:localhost/127.0.0.1:52877]
00:48:39.193 [Forwarding getElementTagName on session 17b60dc985377980ce49c666d81771d8 to remote] DEBUG org.asynchttpclient.netty.request.NettyRequestSender - Using pooled Channel '[id: 0x7bc3febf, L:/127.0.0.1:50180 - R:localhost/127.0.0.1:52877]' for 'GET' to 'http://localhost:52877/session/17b60dc985377980ce49c666d81771d8/element/f65c73d0-14d6-45e6-8dc2-f34fde3e93cb/name'
00:48:39.193 [Forwarding getElementTagName on session 17b60dc985377980ce49c666d81771d8 to remote] DEBUG org.asynchttpclient.netty.request.NettyRequestSender - Using open Channel [id: 0x7bc3febf, L:/127.0.0.1:50180 - R:localhost/127.0.0.1:52877] for GET '/session/17b60dc985377980ce49c666d81771d8/element/f65c73d0-14d6-45e6-8dc2-f34fde3e93cb/name'
00:48:39.217 [AsyncHttpClient-1-11] DEBUG org.asynchttpclient.netty.handler.HttpHandler - 

Request DefaultFullHttpRequest(decodeResult: success, version: HTTP/1.1, content: EmptyByteBufBE)
GET /session/17b60dc985377980ce49c666d81771d8/element/f65c73d0-14d6-45e6-8dc2-f34fde3e93cb/name HTTP/1.1
User-Agent: selenium/4.1.2 (java windows)
Cache-Control: no-cache
Content-Type: application/json; charset=utf-8
host: localhost:52877
accept: */*

Response DefaultHttpResponse(decodeResult: success, version: HTTP/1.1)
HTTP/1.1 200 OK
Content-Type: application/json; charset=utf-8
cache-control: no-cache
content-length: 18

00:48:39.217 [AsyncHttpClient-1-11] DEBUG org.asynchttpclient.netty.channel.ChannelManager - Adding key: http://localhost:52877 for channel [id: 0x7bc3febf, L:/127.0.0.1:50180 - R:localhost/127.0.0.1:52877]
00:48:39.218 [Forwarding getElementTagName on session 17b60dc985377980ce49c666d81771d8 to remote] DEBUG org.asynchttpclient.netty.request.NettyRequestSender - Using pooled Channel '[id: 0x7bc3febf, L:/127.0.0.1:50180 - R:localhost/127.0.0.1:52877]' for 'GET' to 'http://localhost:52877/session/17b60dc985377980ce49c666d81771d8/element/f65c73d0-14d6-45e6-8dc2-f34fde3e93cb/name'
00:48:39.218 [Forwarding getElementTagName on session 17b60dc985377980ce49c666d81771d8 to remote] DEBUG org.asynchttpclient.netty.request.NettyRequestSender - Using open Channel [id: 0x7bc3febf, L:/127.0.0.1:50180 - R:localhost/127.0.0.1:52877] for GET '/session/17b60dc985377980ce49c666d81771d8/element/f65c73d0-14d6-45e6-8dc2-f34fde3e93cb/name'
00:48:39.229 [AsyncHttpClient-1-11] DEBUG org.asynchttpclient.netty.handler.HttpHandler - 

Request DefaultFullHttpRequest(decodeResult: success, version: HTTP/1.1, content: EmptyByteBufBE)
GET /session/17b60dc985377980ce49c666d81771d8/element/f65c73d0-14d6-45e6-8dc2-f34fde3e93cb/name HTTP/1.1
User-Agent: selenium/4.1.2 (java windows)
Cache-Control: no-cache
Content-Type: application/json; charset=utf-8
host: localhost:52877
accept: */*

Response DefaultHttpResponse(decodeResult: success, version: HTTP/1.1)
HTTP/1.1 200 OK
Content-Type: application/json; charset=utf-8
cache-control: no-cache
content-length: 18

00:48:39.229 [AsyncHttpClient-1-11] DEBUG org.asynchttpclient.netty.channel.ChannelManager - Adding key: http://localhost:52877 for channel [id: 0x7bc3febf, L:/127.0.0.1:50180 - R:localhost/127.0.0.1:52877]
00:48:39.231 [Forwarding isElementEnabled on session 17b60dc985377980ce49c666d81771d8 to remote] DEBUG org.asynchttpclient.netty.request.NettyRequestSender - Using pooled Channel '[id: 0x7bc3febf, L:/127.0.0.1:50180 - R:localhost/127.0.0.1:52877]' for 'GET' to 'http://localhost:52877/session/17b60dc985377980ce49c666d81771d8/element/f65c73d0-14d6-45e6-8dc2-f34fde3e93cb/enabled'
00:48:39.232 [Forwarding isElementEnabled on session 17b60dc985377980ce49c666d81771d8 to remote] DEBUG org.asynchttpclient.netty.request.NettyRequestSender - Using open Channel [id: 0x7bc3febf, L:/127.0.0.1:50180 - R:localhost/127.0.0.1:52877] for GET '/session/17b60dc985377980ce49c666d81771d8/element/f65c73d0-14d6-45e6-8dc2-f34fde3e93cb/enabled'
00:48:39.249 [AsyncHttpClient-1-11] DEBUG org.asynchttpclient.netty.handler.HttpHandler - 

Request DefaultFullHttpRequest(decodeResult: success, version: HTTP/1.1, content: EmptyByteBufBE)
GET /session/17b60dc985377980ce49c666d81771d8/element/f65c73d0-14d6-45e6-8dc2-f34fde3e93cb/enabled HTTP/1.1
User-Agent: selenium/4.1.2 (java windows)
Cache-Control: no-cache
Content-Type: application/json; charset=utf-8
host: localhost:52877
accept: */*

Response DefaultHttpResponse(decodeResult: success, version: HTTP/1.1)
HTTP/1.1 200 OK
Content-Type: application/json; charset=utf-8
cache-control: no-cache
content-length: 14

00:48:39.249 [AsyncHttpClient-1-11] DEBUG org.asynchttpclient.netty.channel.ChannelManager - Adding key: http://localhost:52877 for channel [id: 0x7bc3febf, L:/127.0.0.1:50180 - R:localhost/127.0.0.1:52877]
00:48:39.250 [Forwarding isElementEnabled on session 17b60dc985377980ce49c666d81771d8 to remote] DEBUG org.asynchttpclient.netty.request.NettyRequestSender - Using pooled Channel '[id: 0x7bc3febf, L:/127.0.0.1:50180 - R:localhost/127.0.0.1:52877]' for 'GET' to 'http://localhost:52877/session/17b60dc985377980ce49c666d81771d8/element/f65c73d0-14d6-45e6-8dc2-f34fde3e93cb/enabled'
00:48:39.251 [Forwarding isElementEnabled on session 17b60dc985377980ce49c666d81771d8 to remote] DEBUG org.asynchttpclient.netty.request.NettyRequestSender - Using open Channel [id: 0x7bc3febf, L:/127.0.0.1:50180 - R:localhost/127.0.0.1:52877] for GET '/session/17b60dc985377980ce49c666d81771d8/element/f65c73d0-14d6-45e6-8dc2-f34fde3e93cb/enabled'
00:48:39.277 [AsyncHttpClient-1-11] DEBUG org.asynchttpclient.netty.handler.HttpHandler - 

Request DefaultFullHttpRequest(decodeResult: success, version: HTTP/1.1, content: EmptyByteBufBE)
GET /session/17b60dc985377980ce49c666d81771d8/element/f65c73d0-14d6-45e6-8dc2-f34fde3e93cb/enabled HTTP/1.1
User-Agent: selenium/4.1.2 (java windows)
Cache-Control: no-cache
Content-Type: application/json; charset=utf-8
host: localhost:52877
accept: */*

Response DefaultHttpResponse(decodeResult: success, version: HTTP/1.1)
HTTP/1.1 200 OK
Content-Type: application/json; charset=utf-8
cache-control: no-cache
content-length: 14

00:48:39.277 [AsyncHttpClient-1-11] DEBUG org.asynchttpclient.netty.channel.ChannelManager - Adding key: http://localhost:52877 for channel [id: 0x7bc3febf, L:/127.0.0.1:50180 - R:localhost/127.0.0.1:52877]
00:48:39.279 [Forwarding findElement on session 17b60dc985377980ce49c666d81771d8 to remote] DEBUG org.asynchttpclient.netty.request.NettyRequestSender - Using pooled Channel '[id: 0x7bc3febf, L:/127.0.0.1:50180 - R:localhost/127.0.0.1:52877]' for 'POST' to 'http://localhost:52877/session/17b60dc985377980ce49c666d81771d8/element'
00:48:39.279 [Forwarding findElement on session 17b60dc985377980ce49c666d81771d8 to remote] DEBUG org.asynchttpclient.netty.request.NettyRequestSender - Using open Channel [id: 0x7bc3febf, L:/127.0.0.1:50180 - R:localhost/127.0.0.1:52877] for POST '/session/17b60dc985377980ce49c666d81771d8/element'
00:48:39.298 [AsyncHttpClient-1-11] DEBUG org.asynchttpclient.netty.handler.HttpHandler - 

Request DefaultHttpRequest(decodeResult: success, version: HTTP/1.1)
POST /session/17b60dc985377980ce49c666d81771d8/element HTTP/1.1
User-Agent: selenium/4.1.2 (java windows)
Content-Length: 79
Content-Type: application/json; charset=utf-8
host: localhost:52877
accept: */*

Response DefaultHttpResponse(decodeResult: success, version: HTTP/1.1)
HTTP/1.1 200 OK
Content-Type: application/json; charset=utf-8
cache-control: no-cache
content-length: 88

00:48:39.298 [AsyncHttpClient-1-11] DEBUG org.asynchttpclient.netty.channel.ChannelManager - Adding key: http://localhost:52877 for channel [id: 0x7bc3febf, L:/127.0.0.1:50180 - R:localhost/127.0.0.1:52877]
00:48:39.299 [Forwarding clickElement on session 17b60dc985377980ce49c666d81771d8 to remote] DEBUG org.asynchttpclient.netty.request.NettyRequestSender - Using pooled Channel '[id: 0x7bc3febf, L:/127.0.0.1:50180 - R:localhost/127.0.0.1:52877]' for 'POST' to 'http://localhost:52877/session/17b60dc985377980ce49c666d81771d8/element/f65c73d0-14d6-45e6-8dc2-f34fde3e93cb/click'
00:48:39.299 [Forwarding clickElement on session 17b60dc985377980ce49c666d81771d8 to remote] DEBUG org.asynchttpclient.netty.request.NettyRequestSender - Using open Channel [id: 0x7bc3febf, L:/127.0.0.1:50180 - R:localhost/127.0.0.1:52877] for POST '/session/17b60dc985377980ce49c666d81771d8/element/f65c73d0-14d6-45e6-8dc2-f34fde3e93cb/click'
00:48:39.413 [AsyncHttpClient-1-11] DEBUG org.asynchttpclient.netty.handler.HttpHandler - 

Request DefaultHttpRequest(decodeResult: success, version: HTTP/1.1)
POST /session/17b60dc985377980ce49c666d81771d8/element/f65c73d0-14d6-45e6-8dc2-f34fde3e93cb/click HTTP/1.1
User-Agent: selenium/4.1.2 (java windows)
Content-Length: 50
Content-Type: application/json; charset=utf-8
host: localhost:52877
accept: */*

Response DefaultHttpResponse(decodeResult: success, version: HTTP/1.1)
HTTP/1.1 200 OK
Content-Type: application/json; charset=utf-8
cache-control: no-cache
content-length: 14

00:48:39.413 [AsyncHttpClient-1-11] DEBUG org.asynchttpclient.netty.channel.ChannelManager - Adding key: http://localhost:52877 for channel [id: 0x7bc3febf, L:/127.0.0.1:50180 - R:localhost/127.0.0.1:52877]
00:48:39.420 [Forwarding screenshot on session 17b60dc985377980ce49c666d81771d8 to remote] DEBUG org.asynchttpclient.netty.request.NettyRequestSender - Using pooled Channel '[id: 0x7bc3febf, L:/127.0.0.1:50180 - R:localhost/127.0.0.1:52877]' for 'GET' to 'http://localhost:52877/session/17b60dc985377980ce49c666d81771d8/screenshot'
00:48:39.420 [Forwarding screenshot on session 17b60dc985377980ce49c666d81771d8 to remote] DEBUG org.asynchttpclient.netty.request.NettyRequestSender - Using open Channel [id: 0x7bc3febf, L:/127.0.0.1:50180 - R:localhost/127.0.0.1:52877] for GET '/session/17b60dc985377980ce49c666d81771d8/screenshot'
00:48:39.683 [AsyncHttpClient-1-11] DEBUG org.asynchttpclient.netty.handler.HttpHandler - 

Request DefaultFullHttpRequest(decodeResult: success, version: HTTP/1.1, content: EmptyByteBufBE)
GET /session/17b60dc985377980ce49c666d81771d8/screenshot HTTP/1.1
User-Agent: selenium/4.1.2 (java windows)
Cache-Control: no-cache
Content-Type: application/json; charset=utf-8
host: localhost:52877
accept: */*

Response DefaultHttpResponse(decodeResult: success, version: HTTP/1.1)
HTTP/1.1 200 OK
Content-Type: application/json; charset=utf-8
cache-control: no-cache
content-length: 117156

00:48:39.684 [AsyncHttpClient-1-11] DEBUG org.asynchttpclient.netty.channel.ChannelManager - Adding key: http://localhost:52877 for channel [id: 0x7bc3febf, L:/127.0.0.1:50180 - R:localhost/127.0.0.1:52877]
00:48:39.686 [main] DEBUG net.serenitybdd.core.photography.Darkroom - Send negative for processing for target\site\serenity\4cc280295e66587b278d09e0eb426c512072ac86d03fe3637c965351827e4c66.png
00:48:39.686 [main] DEBUG net.thucydides.core.steps.StepInterceptor - STEP DONE: sucseslogin
  &amp#27;[32mAnd &amp#27;[0m&amp#27;[32mclick sucsess login&amp#27;[0m                                                                               &amp#27;[90m# starter.definitions.LoginSteps.clickSucsessLogin()&amp#27;[0m
00:48:39.687 [Darkroom Processing Line] DEBUG net.serenitybdd.core.photography.DarkroomProcessingLine - Processing screenshot image in /var/screenshots/screenshot-2757507468833359196
00:48:39.687 [Darkroom Processing Line] DEBUG net.serenitybdd.core.photography.DarkroomProcessingLine - Saving screenshot to target\site\serenity\4cc280295e66587b278d09e0eb426c512072ac86d03fe3637c965351827e4c66.png
00:48:39.748 [Forwarding screenshot on session 17b60dc985377980ce49c666d81771d8 to remote] DEBUG org.asynchttpclient.netty.request.NettyRequestSender - Using pooled Channel '[id: 0x7bc3febf, L:/127.0.0.1:50180 - R:localhost/127.0.0.1:52877]' for 'GET' to 'http://localhost:52877/session/17b60dc985377980ce49c666d81771d8/screenshot'
00:48:39.748 [Forwarding screenshot on session 17b60dc985377980ce49c666d81771d8 to remote] DEBUG org.asynchttpclient.netty.request.NettyRequestSender - Using open Channel [id: 0x7bc3febf, L:/127.0.0.1:50180 - R:localhost/127.0.0.1:52877] for GET '/session/17b60dc985377980ce49c666d81771d8/screenshot'
00:48:39.891 [AsyncHttpClient-1-1] DEBUG org.asynchttpclient.netty.channel.DefaultChannelPool - Entry count for : http://localhost:50181 : 1
00:48:39.975 [AsyncHttpClient-1-11] DEBUG org.asynchttpclient.netty.handler.HttpHandler - 

Request DefaultFullHttpRequest(decodeResult: success, version: HTTP/1.1, content: EmptyByteBufBE)
GET /session/17b60dc985377980ce49c666d81771d8/screenshot HTTP/1.1
User-Agent: selenium/4.1.2 (java windows)
Cache-Control: no-cache
Content-Type: application/json; charset=utf-8
host: localhost:52877
accept: */*

Response DefaultHttpResponse(decodeResult: success, version: HTTP/1.1)
HTTP/1.1 200 OK
Content-Type: application/json; charset=utf-8
cache-control: no-cache
content-length: 124024

00:48:39.975 [AsyncHttpClient-1-11] DEBUG org.asynchttpclient.netty.channel.ChannelManager - Adding key: http://localhost:52877 for channel [id: 0x7bc3febf, L:/127.0.0.1:50180 - R:localhost/127.0.0.1:52877]
00:48:39.978 [main] DEBUG net.serenitybdd.core.photography.Darkroom - Send negative for processing for target\site\serenity\33a04a361d8e6506e0990a5821a84150bd46177f5b5381395921e9382e94a0d4.png
00:48:39.978 [main] DEBUG net.thucydides.core.steps.StepInterceptor - STARTING STEP: NewsletterSteps.adminOnDashboardPage - pagedashboard
00:48:39.978 [Darkroom Processing Line] DEBUG net.serenitybdd.core.photography.DarkroomProcessingLine - Processing screenshot image in /var/screenshots/screenshot-13863048794382770356
00:48:39.978 [Darkroom Processing Line] DEBUG net.serenitybdd.core.photography.DarkroomProcessingLine - Saving screenshot to target\site\serenity\33a04a361d8e6506e0990a5821a84150bd46177f5b5381395921e9382e94a0d4.png
00:48:39.979 [Forwarding findElement on session 17b60dc985377980ce49c666d81771d8 to remote] DEBUG org.asynchttpclient.netty.request.NettyRequestSender - Using pooled Channel '[id: 0x7bc3febf, L:/127.0.0.1:50180 - R:localhost/127.0.0.1:52877]' for 'POST' to 'http://localhost:52877/session/17b60dc985377980ce49c666d81771d8/element'
00:48:39.979 [Forwarding findElement on session 17b60dc985377980ce49c666d81771d8 to remote] DEBUG org.asynchttpclient.netty.request.NettyRequestSender - Using open Channel [id: 0x7bc3febf, L:/127.0.0.1:50180 - R:localhost/127.0.0.1:52877] for POST '/session/17b60dc985377980ce49c666d81771d8/element'
00:48:40.010 [AsyncHttpClient-1-11] DEBUG org.asynchttpclient.netty.handler.HttpHandler - 

Request DefaultHttpRequest(decodeResult: success, version: HTTP/1.1)
POST /session/17b60dc985377980ce49c666d81771d8/element HTTP/1.1
User-Agent: selenium/4.1.2 (java windows)
Content-Length: 82
Content-Type: application/json; charset=utf-8
host: localhost:52877
accept: */*

Response DefaultHttpResponse(decodeResult: success, version: HTTP/1.1)
HTTP/1.1 200 OK
Content-Type: application/json; charset=utf-8
cache-control: no-cache
content-length: 88

00:48:40.010 [AsyncHttpClient-1-11] DEBUG org.asynchttpclient.netty.channel.ChannelManager - Adding key: http://localhost:52877 for channel [id: 0x7bc3febf, L:/127.0.0.1:50180 - R:localhost/127.0.0.1:52877]
00:48:40.013 [Forwarding isElementDisplayed on session 17b60dc985377980ce49c666d81771d8 to remote] DEBUG org.asynchttpclient.netty.request.NettyRequestSender - Using pooled Channel '[id: 0x7bc3febf, L:/127.0.0.1:50180 - R:localhost/127.0.0.1:52877]' for 'POST' to 'http://localhost:52877/session/17b60dc985377980ce49c666d81771d8/execute/sync'
00:48:40.013 [Forwarding isElementDisplayed on session 17b60dc985377980ce49c666d81771d8 to remote] DEBUG org.asynchttpclient.netty.request.NettyRequestSender - Using open Channel [id: 0x7bc3febf, L:/127.0.0.1:50180 - R:localhost/127.0.0.1:52877] for POST '/session/17b60dc985377980ce49c666d81771d8/execute/sync'
00:48:40.037 [AsyncHttpClient-1-11] DEBUG org.asynchttpclient.netty.handler.HttpHandler - 

Request DefaultHttpRequest(decodeResult: success, version: HTTP/1.1)
POST /session/17b60dc985377980ce49c666d81771d8/execute/sync HTTP/1.1
User-Agent: selenium/4.1.2 (java windows)
Content-Length: 48780
Content-Type: application/json; charset=utf-8
host: localhost:52877
accept: */*

Response DefaultHttpResponse(decodeResult: success, version: HTTP/1.1)
HTTP/1.1 200 OK
Content-Type: application/json; charset=utf-8
cache-control: no-cache
content-length: 14

00:48:40.037 [AsyncHttpClient-1-11] DEBUG org.asynchttpclient.netty.channel.ChannelManager - Adding key: http://localhost:52877 for channel [id: 0x7bc3febf, L:/127.0.0.1:50180 - R:localhost/127.0.0.1:52877]
00:48:40.042 [Forwarding screenshot on session 17b60dc985377980ce49c666d81771d8 to remote] DEBUG org.asynchttpclient.netty.request.NettyRequestSender - Using pooled Channel '[id: 0x7bc3febf, L:/127.0.0.1:50180 - R:localhost/127.0.0.1:52877]' for 'GET' to 'http://localhost:52877/session/17b60dc985377980ce49c666d81771d8/screenshot'
00:48:40.042 [Forwarding screenshot on session 17b60dc985377980ce49c666d81771d8 to remote] DEBUG org.asynchttpclient.netty.request.NettyRequestSender - Using open Channel [id: 0x7bc3febf, L:/127.0.0.1:50180 - R:localhost/127.0.0.1:52877] for GET '/session/17b60dc985377980ce49c666d81771d8/screenshot'
00:48:40.265 [AsyncHttpClient-1-11] DEBUG org.asynchttpclient.netty.handler.HttpHandler - 

Request DefaultFullHttpRequest(decodeResult: success, version: HTTP/1.1, content: EmptyByteBufBE)
GET /session/17b60dc985377980ce49c666d81771d8/screenshot HTTP/1.1
User-Agent: selenium/4.1.2 (java windows)
Cache-Control: no-cache
Content-Type: application/json; charset=utf-8
host: localhost:52877
accept: */*

Response DefaultHttpResponse(decodeResult: success, version: HTTP/1.1)
HTTP/1.1 200 OK
Content-Type: application/json; charset=utf-8
cache-control: no-cache
content-length: 125672

00:48:40.265 [AsyncHttpClient-1-11] DEBUG org.asynchttpclient.netty.channel.ChannelManager - Adding key: http://localhost:52877 for channel [id: 0x7bc3febf, L:/127.0.0.1:50180 - R:localhost/127.0.0.1:52877]
00:48:40.267 [main] DEBUG net.serenitybdd.core.photography.Darkroom - Send negative for processing for target\site\serenity\2f49b3488bb75f41b5905fb5118199e0497a12e915e60d74809d786ec5728098.png
00:48:40.268 [main] DEBUG net.thucydides.core.steps.StepInterceptor - STEP DONE: pagedashboard
  &amp#27;[32mGiven &amp#27;[0m&amp#27;[32madmin on dashboard page&amp#27;[0m                                                                         &amp#27;[90m# starter.definitions.NewsletterSteps.adminOnDashboardPage()&amp#27;[0m
00:48:40.268 [Darkroom Processing Line] DEBUG net.serenitybdd.core.photography.DarkroomProcessingLine - Processing screenshot image in /var/screenshots/screenshot-9028868981730469920
00:48:40.268 [Darkroom Processing Line] DEBUG net.serenitybdd.core.photography.DarkroomProcessingLine - Saving screenshot to target\site\serenity\2f49b3488bb75f41b5905fb5118199e0497a12e915e60d74809d786ec5728098.png
00:48:40.281 [main] DEBUG net.thucydides.core.steps.StepInterceptor - STARTING STEP: NewsletterSteps.adminClickNewsletterPage - newsletterpage
00:48:40.282 [Forwarding findElement on session 17b60dc985377980ce49c666d81771d8 to remote] DEBUG org.asynchttpclient.netty.request.NettyRequestSender - Using pooled Channel '[id: 0x7bc3febf, L:/127.0.0.1:50180 - R:localhost/127.0.0.1:52877]' for 'POST' to 'http://localhost:52877/session/17b60dc985377980ce49c666d81771d8/element'
00:48:40.282 [Forwarding findElement on session 17b60dc985377980ce49c666d81771d8 to remote] DEBUG org.asynchttpclient.netty.request.NettyRequestSender - Using open Channel [id: 0x7bc3febf, L:/127.0.0.1:50180 - R:localhost/127.0.0.1:52877] for POST '/session/17b60dc985377980ce49c666d81771d8/element'
00:48:40.759 [AsyncHttpClient-1-11] DEBUG org.asynchttpclient.netty.handler.HttpHandler - 

Request DefaultHttpRequest(decodeResult: success, version: HTTP/1.1)
POST /session/17b60dc985377980ce49c666d81771d8/element HTTP/1.1
User-Agent: selenium/4.1.2 (java windows)
Content-Length: 76
Content-Type: application/json; charset=utf-8
host: localhost:52877
accept: */*

Response DefaultHttpResponse(decodeResult: success, version: HTTP/1.1)
HTTP/1.1 200 OK
Content-Type: application/json; charset=utf-8
cache-control: no-cache
content-length: 88

00:48:40.759 [AsyncHttpClient-1-11] DEBUG org.asynchttpclient.netty.channel.ChannelManager - Adding key: http://localhost:52877 for channel [id: 0x7bc3febf, L:/127.0.0.1:50180 - R:localhost/127.0.0.1:52877]
00:48:40.760 [Forwarding getElementTagName on session 17b60dc985377980ce49c666d81771d8 to remote] DEBUG org.asynchttpclient.netty.request.NettyRequestSender - Using pooled Channel '[id: 0x7bc3febf, L:/127.0.0.1:50180 - R:localhost/127.0.0.1:52877]' for 'GET' to 'http://localhost:52877/session/17b60dc985377980ce49c666d81771d8/element/c4dcd97e-db93-424e-95cf-2a4644000853/name'
00:48:40.760 [Forwarding getElementTagName on session 17b60dc985377980ce49c666d81771d8 to remote] DEBUG org.asynchttpclient.netty.request.NettyRequestSender - Using open Channel [id: 0x7bc3febf, L:/127.0.0.1:50180 - R:localhost/127.0.0.1:52877] for GET '/session/17b60dc985377980ce49c666d81771d8/element/c4dcd97e-db93-424e-95cf-2a4644000853/name'
00:48:40.775 [AsyncHttpClient-1-11] DEBUG org.asynchttpclient.netty.handler.HttpHandler - 

Request DefaultFullHttpRequest(decodeResult: success, version: HTTP/1.1, content: EmptyByteBufBE)
GET /session/17b60dc985377980ce49c666d81771d8/element/c4dcd97e-db93-424e-95cf-2a4644000853/name HTTP/1.1
User-Agent: selenium/4.1.2 (java windows)
Cache-Control: no-cache
Content-Type: application/json; charset=utf-8
host: localhost:52877
accept: */*

Response DefaultHttpResponse(decodeResult: success, version: HTTP/1.1)
HTTP/1.1 200 OK
Content-Type: application/json; charset=utf-8
cache-control: no-cache
content-length: 13

00:48:40.775 [AsyncHttpClient-1-11] DEBUG org.asynchttpclient.netty.channel.ChannelManager - Adding key: http://localhost:52877 for channel [id: 0x7bc3febf, L:/127.0.0.1:50180 - R:localhost/127.0.0.1:52877]
00:48:40.776 [Forwarding getElementTagName on session 17b60dc985377980ce49c666d81771d8 to remote] DEBUG org.asynchttpclient.netty.request.NettyRequestSender - Using pooled Channel '[id: 0x7bc3febf, L:/127.0.0.1:50180 - R:localhost/127.0.0.1:52877]' for 'GET' to 'http://localhost:52877/session/17b60dc985377980ce49c666d81771d8/element/c4dcd97e-db93-424e-95cf-2a4644000853/name'
00:48:40.776 [Forwarding getElementTagName on session 17b60dc985377980ce49c666d81771d8 to remote] DEBUG org.asynchttpclient.netty.request.NettyRequestSender - Using open Channel [id: 0x7bc3febf, L:/127.0.0.1:50180 - R:localhost/127.0.0.1:52877] for GET '/session/17b60dc985377980ce49c666d81771d8/element/c4dcd97e-db93-424e-95cf-2a4644000853/name'
00:48:40.794 [AsyncHttpClient-1-11] DEBUG org.asynchttpclient.netty.handler.HttpHandler - 

Request DefaultFullHttpRequest(decodeResult: success, version: HTTP/1.1, content: EmptyByteBufBE)
GET /session/17b60dc985377980ce49c666d81771d8/element/c4dcd97e-db93-424e-95cf-2a4644000853/name HTTP/1.1
User-Agent: selenium/4.1.2 (java windows)
Cache-Control: no-cache
Content-Type: application/json; charset=utf-8
host: localhost:52877
accept: */*

Response DefaultHttpResponse(decodeResult: success, version: HTTP/1.1)
HTTP/1.1 200 OK
Content-Type: application/json; charset=utf-8
cache-control: no-cache
content-length: 13

00:48:40.795 [AsyncHttpClient-1-11] DEBUG org.asynchttpclient.netty.channel.ChannelManager - Adding key: http://localhost:52877 for channel [id: 0x7bc3febf, L:/127.0.0.1:50180 - R:localhost/127.0.0.1:52877]
00:48:40.796 [Forwarding findElement on session 17b60dc985377980ce49c666d81771d8 to remote] DEBUG org.asynchttpclient.netty.request.NettyRequestSender - Using pooled Channel '[id: 0x7bc3febf, L:/127.0.0.1:50180 - R:localhost/127.0.0.1:52877]' for 'POST' to 'http://localhost:52877/session/17b60dc985377980ce49c666d81771d8/element'
00:48:40.796 [Forwarding findElement on session 17b60dc985377980ce49c666d81771d8 to remote] DEBUG org.asynchttpclient.netty.request.NettyRequestSender - Using open Channel [id: 0x7bc3febf, L:/127.0.0.1:50180 - R:localhost/127.0.0.1:52877] for POST '/session/17b60dc985377980ce49c666d81771d8/element'
00:48:40.806 [AsyncHttpClient-1-11] DEBUG org.asynchttpclient.netty.handler.HttpHandler - 

Request DefaultHttpRequest(decodeResult: success, version: HTTP/1.1)
POST /session/17b60dc985377980ce49c666d81771d8/element HTTP/1.1
User-Agent: selenium/4.1.2 (java windows)
Content-Length: 76
Content-Type: application/json; charset=utf-8
host: localhost:52877
accept: */*

Response DefaultHttpResponse(decodeResult: success, version: HTTP/1.1)
HTTP/1.1 200 OK
Content-Type: application/json; charset=utf-8
cache-control: no-cache
content-length: 88

00:48:40.806 [AsyncHttpClient-1-11] DEBUG org.asynchttpclient.netty.channel.ChannelManager - Adding key: http://localhost:52877 for channel [id: 0x7bc3febf, L:/127.0.0.1:50180 - R:localhost/127.0.0.1:52877]
00:48:40.807 [Forwarding clickElement on session 17b60dc985377980ce49c666d81771d8 to remote] DEBUG org.asynchttpclient.netty.request.NettyRequestSender - Using pooled Channel '[id: 0x7bc3febf, L:/127.0.0.1:50180 - R:localhost/127.0.0.1:52877]' for 'POST' to 'http://localhost:52877/session/17b60dc985377980ce49c666d81771d8/element/c4dcd97e-db93-424e-95cf-2a4644000853/click'
00:48:40.807 [Forwarding clickElement on session 17b60dc985377980ce49c666d81771d8 to remote] DEBUG org.asynchttpclient.netty.request.NettyRequestSender - Using open Channel [id: 0x7bc3febf, L:/127.0.0.1:50180 - R:localhost/127.0.0.1:52877] for POST '/session/17b60dc985377980ce49c666d81771d8/element/c4dcd97e-db93-424e-95cf-2a4644000853/click'
00:48:40.883 [AsyncHttpClient-1-11] DEBUG org.asynchttpclient.netty.handler.HttpHandler - 

Request DefaultHttpRequest(decodeResult: success, version: HTTP/1.1)
POST /session/17b60dc985377980ce49c666d81771d8/element/c4dcd97e-db93-424e-95cf-2a4644000853/click HTTP/1.1
User-Agent: selenium/4.1.2 (java windows)
Content-Length: 50
Content-Type: application/json; charset=utf-8
host: localhost:52877
accept: */*

Response DefaultHttpResponse(decodeResult: success, version: HTTP/1.1)
HTTP/1.1 200 OK
Content-Type: application/json; charset=utf-8
cache-control: no-cache
content-length: 14

00:48:40.883 [AsyncHttpClient-1-11] DEBUG org.asynchttpclient.netty.channel.ChannelManager - Adding key: http://localhost:52877 for channel [id: 0x7bc3febf, L:/127.0.0.1:50180 - R:localhost/127.0.0.1:52877]
00:48:40.890 [Forwarding screenshot on session 17b60dc985377980ce49c666d81771d8 to remote] DEBUG org.asynchttpclient.netty.request.NettyRequestSender - Using pooled Channel '[id: 0x7bc3febf, L:/127.0.0.1:50180 - R:localhost/127.0.0.1:52877]' for 'GET' to 'http://localhost:52877/session/17b60dc985377980ce49c666d81771d8/screenshot'
00:48:40.890 [Forwarding screenshot on session 17b60dc985377980ce49c666d81771d8 to remote] DEBUG org.asynchttpclient.netty.request.NettyRequestSender - Using open Channel [id: 0x7bc3febf, L:/127.0.0.1:50180 - R:localhost/127.0.0.1:52877] for GET '/session/17b60dc985377980ce49c666d81771d8/screenshot'
00:48:40.991 [AsyncHttpClient-1-1] DEBUG org.asynchttpclient.netty.channel.DefaultChannelPool - Entry count for : http://localhost:50181 : 1
00:48:41.254 [AsyncHttpClient-1-11] DEBUG org.asynchttpclient.netty.handler.HttpHandler - 

Request DefaultFullHttpRequest(decodeResult: success, version: HTTP/1.1, content: EmptyByteBufBE)
GET /session/17b60dc985377980ce49c666d81771d8/screenshot HTTP/1.1
User-Agent: selenium/4.1.2 (java windows)
Cache-Control: no-cache
Content-Type: application/json; charset=utf-8
host: localhost:52877
accept: */*

Response DefaultHttpResponse(decodeResult: success, version: HTTP/1.1)
HTTP/1.1 200 OK
Content-Type: application/json; charset=utf-8
cache-control: no-cache
content-length: 116628

00:48:41.254 [AsyncHttpClient-1-11] DEBUG org.asynchttpclient.netty.channel.ChannelManager - Adding key: http://localhost:52877 for channel [id: 0x7bc3febf, L:/127.0.0.1:50180 - R:localhost/127.0.0.1:52877]
00:48:41.257 [main] DEBUG net.serenitybdd.core.photography.Darkroom - Send negative for processing for target\site\serenity\6d6114df12d12a80d562c0e9db2524b2190a5b95363d9987bff3c1c04dc689fd.png
00:48:41.257 [main] DEBUG net.thucydides.core.steps.StepInterceptor - STEP DONE: newsletterpage
  &amp#27;[32mWhen &amp#27;[0m&amp#27;[32madmin click newsletter page&amp#27;[0m                                                                      &amp#27;[90m# starter.definitions.NewsletterSteps.adminClickNewsletterPage()&amp#27;[0m
00:48:41.258 [Darkroom Processing Line] DEBUG net.serenitybdd.core.photography.DarkroomProcessingLine - Processing screenshot image in /var/screenshots/screenshot-4758463718735475869
00:48:41.258 [Darkroom Processing Line] DEBUG net.serenitybdd.core.photography.DarkroomProcessingLine - Saving screenshot to target\site\serenity\6d6114df12d12a80d562c0e9db2524b2190a5b95363d9987bff3c1c04dc689fd.png
00:48:41.268 [main] DEBUG net.thucydides.core.steps.StepInterceptor - STARTING STEP: NewsletterSteps.adminFillInTheDesiredTitleAndFillInTheTextThatMatchesTheTitleAfterThatClickSend - filltitle
00:48:41.270 [Forwarding findElement on session 17b60dc985377980ce49c666d81771d8 to remote] DEBUG org.asynchttpclient.netty.request.NettyRequestSender - Using pooled Channel '[id: 0x7bc3febf, L:/127.0.0.1:50180 - R:localhost/127.0.0.1:52877]' for 'POST' to 'http://localhost:52877/session/17b60dc985377980ce49c666d81771d8/element'
00:48:41.270 [Forwarding findElement on session 17b60dc985377980ce49c666d81771d8 to remote] DEBUG org.asynchttpclient.netty.request.NettyRequestSender - Using open Channel [id: 0x7bc3febf, L:/127.0.0.1:50180 - R:localhost/127.0.0.1:52877] for POST '/session/17b60dc985377980ce49c666d81771d8/element'
00:48:41.291 [AsyncHttpClient-1-11] DEBUG org.asynchttpclient.netty.handler.HttpHandler - 

Request DefaultHttpRequest(decodeResult: success, version: HTTP/1.1)
POST /session/17b60dc985377980ce49c666d81771d8/element HTTP/1.1
User-Agent: selenium/4.1.2 (java windows)
Content-Length: 104
Content-Type: application/json; charset=utf-8
host: localhost:52877
accept: */*

Response DefaultHttpResponse(decodeResult: success, version: HTTP/1.1)
HTTP/1.1 200 OK
Content-Type: application/json; charset=utf-8
cache-control: no-cache
content-length: 88

00:48:41.291 [AsyncHttpClient-1-11] DEBUG org.asynchttpclient.netty.channel.ChannelManager - Adding key: http://localhost:52877 for channel [id: 0x7bc3febf, L:/127.0.0.1:50180 - R:localhost/127.0.0.1:52877]
00:48:41.292 [Forwarding clearElement on session 17b60dc985377980ce49c666d81771d8 to remote] DEBUG org.asynchttpclient.netty.request.NettyRequestSender - Using pooled Channel '[id: 0x7bc3febf, L:/127.0.0.1:50180 - R:localhost/127.0.0.1:52877]' for 'POST' to 'http://localhost:52877/session/17b60dc985377980ce49c666d81771d8/element/865054d5-7c40-47c7-82df-9dfee3b3f313/clear'
00:48:41.292 [Forwarding clearElement on session 17b60dc985377980ce49c666d81771d8 to remote] DEBUG org.asynchttpclient.netty.request.NettyRequestSender - Using open Channel [id: 0x7bc3febf, L:/127.0.0.1:50180 - R:localhost/127.0.0.1:52877] for POST '/session/17b60dc985377980ce49c666d81771d8/element/865054d5-7c40-47c7-82df-9dfee3b3f313/clear'
00:48:41.331 [AsyncHttpClient-1-11] DEBUG org.asynchttpclient.netty.handler.HttpHandler - 

Request DefaultHttpRequest(decodeResult: success, version: HTTP/1.1)
POST /session/17b60dc985377980ce49c666d81771d8/element/865054d5-7c40-47c7-82df-9dfee3b3f313/clear HTTP/1.1
User-Agent: selenium/4.1.2 (java windows)
Content-Length: 50
Content-Type: application/json; charset=utf-8
host: localhost:52877
accept: */*

Response DefaultHttpResponse(decodeResult: success, version: HTTP/1.1)
HTTP/1.1 200 OK
Content-Type: application/json; charset=utf-8
cache-control: no-cache
content-length: 14

00:48:41.332 [AsyncHttpClient-1-11] DEBUG org.asynchttpclient.netty.channel.ChannelManager - Adding key: http://localhost:52877 for channel [id: 0x7bc3febf, L:/127.0.0.1:50180 - R:localhost/127.0.0.1:52877]
00:48:41.333 [Forwarding sendKeysToElement on session 17b60dc985377980ce49c666d81771d8 to remote] DEBUG org.asynchttpclient.netty.request.NettyRequestSender - Using pooled Channel '[id: 0x7bc3febf, L:/127.0.0.1:50180 - R:localhost/127.0.0.1:52877]' for 'POST' to 'http://localhost:52877/session/17b60dc985377980ce49c666d81771d8/element/865054d5-7c40-47c7-82df-9dfee3b3f313/value'
00:48:41.333 [Forwarding sendKeysToElement on session 17b60dc985377980ce49c666d81771d8 to remote] DEBUG org.asynchttpclient.netty.request.NettyRequestSender - Using open Channel [id: 0x7bc3febf, L:/127.0.0.1:50180 - R:localhost/127.0.0.1:52877] for POST '/session/17b60dc985377980ce49c666d81771d8/element/865054d5-7c40-47c7-82df-9dfee3b3f313/value'
00:48:41.448 [AsyncHttpClient-1-11] DEBUG org.asynchttpclient.netty.handler.HttpHandler - 

Request DefaultHttpRequest(decodeResult: success, version: HTTP/1.1)
POST /session/17b60dc985377980ce49c666d81771d8/element/865054d5-7c40-47c7-82df-9dfee3b3f313/value HTTP/1.1
User-Agent: selenium/4.1.2 (java windows)
Content-Length: 351
Content-Type: application/json; charset=utf-8
host: localhost:52877
accept: */*

Response DefaultHttpResponse(decodeResult: success, version: HTTP/1.1)
HTTP/1.1 200 OK
Content-Type: application/json; charset=utf-8
cache-control: no-cache
content-length: 14

00:48:41.449 [AsyncHttpClient-1-11] DEBUG org.asynchttpclient.netty.channel.ChannelManager - Adding key: http://localhost:52877 for channel [id: 0x7bc3febf, L:/127.0.0.1:50180 - R:localhost/127.0.0.1:52877]
00:48:41.453 [Forwarding screenshot on session 17b60dc985377980ce49c666d81771d8 to remote] DEBUG org.asynchttpclient.netty.request.NettyRequestSender - Using pooled Channel '[id: 0x7bc3febf, L:/127.0.0.1:50180 - R:localhost/127.0.0.1:52877]' for 'GET' to 'http://localhost:52877/session/17b60dc985377980ce49c666d81771d8/screenshot'
00:48:41.453 [Forwarding screenshot on session 17b60dc985377980ce49c666d81771d8 to remote] DEBUG org.asynchttpclient.netty.request.NettyRequestSender - Using open Channel [id: 0x7bc3febf, L:/127.0.0.1:50180 - R:localhost/127.0.0.1:52877] for GET '/session/17b60dc985377980ce49c666d81771d8/screenshot'
00:48:41.588 [AsyncHttpClient-1-11] DEBUG org.asynchttpclient.netty.handler.HttpHandler - 

Request DefaultFullHttpRequest(decodeResult: success, version: HTTP/1.1, content: EmptyByteBufBE)
GET /session/17b60dc985377980ce49c666d81771d8/screenshot HTTP/1.1
User-Agent: selenium/4.1.2 (java windows)
Cache-Control: no-cache
Content-Type: application/json; charset=utf-8
host: localhost:52877
accept: */*

Response DefaultHttpResponse(decodeResult: success, version: HTTP/1.1)
HTTP/1.1 200 OK
Content-Type: application/json; charset=utf-8
cache-control: no-cache
content-length: 118712

00:48:41.588 [AsyncHttpClient-1-11] DEBUG org.asynchttpclient.netty.channel.ChannelManager - Adding key: http://localhost:52877 for channel [id: 0x7bc3febf, L:/127.0.0.1:50180 - R:localhost/127.0.0.1:52877]
00:48:41.591 [main] DEBUG net.serenitybdd.core.photography.Darkroom - Send negative for processing for target\site\serenity\35c9a4f020062251325be99a161a05dd98acfe591ca7f94969a0a2e9a6d80fca.png
00:48:41.591 [main] DEBUG net.thucydides.core.steps.StepInterceptor - STEP DONE: filltitle
00:48:41.592 [Darkroom Processing Line] DEBUG net.serenitybdd.core.photography.DarkroomProcessingLine - Processing screenshot image in /var/screenshots/screenshot-14554956680687452781
00:48:41.592 [Darkroom Processing Line] DEBUG net.serenitybdd.core.photography.DarkroomProcessingLine - Saving screenshot to target\site\serenity\35c9a4f020062251325be99a161a05dd98acfe591ca7f94969a0a2e9a6d80fca.png
00:48:41.595 [main] DEBUG net.thucydides.core.steps.StepInterceptor - STARTING STEP: NewsletterSteps.adminFillInTheDesiredTitleAndFillInTheTextThatMatchesTheTitleAfterThatClickSend - filltext
00:48:41.597 [Forwarding findElement on session 17b60dc985377980ce49c666d81771d8 to remote] DEBUG org.asynchttpclient.netty.request.NettyRequestSender - Using pooled Channel '[id: 0x7bc3febf, L:/127.0.0.1:50180 - R:localhost/127.0.0.1:52877]' for 'POST' to 'http://localhost:52877/session/17b60dc985377980ce49c666d81771d8/element'
00:48:41.597 [Forwarding findElement on session 17b60dc985377980ce49c666d81771d8 to remote] DEBUG org.asynchttpclient.netty.request.NettyRequestSender - Using open Channel [id: 0x7bc3febf, L:/127.0.0.1:50180 - R:localhost/127.0.0.1:52877] for POST '/session/17b60dc985377980ce49c666d81771d8/element'
00:48:41.617 [AsyncHttpClient-1-11] DEBUG org.asynchttpclient.netty.handler.HttpHandler - 

Request DefaultHttpRequest(decodeResult: success, version: HTTP/1.1)
POST /session/17b60dc985377980ce49c666d81771d8/element HTTP/1.1
User-Agent: selenium/4.1.2 (java windows)
Content-Length: 96
Content-Type: application/json; charset=utf-8
host: localhost:52877
accept: */*

Response DefaultHttpResponse(decodeResult: success, version: HTTP/1.1)
HTTP/1.1 200 OK
Content-Type: application/json; charset=utf-8
cache-control: no-cache
content-length: 88

00:48:41.617 [AsyncHttpClient-1-11] DEBUG org.asynchttpclient.netty.channel.ChannelManager - Adding key: http://localhost:52877 for channel [id: 0x7bc3febf, L:/127.0.0.1:50180 - R:localhost/127.0.0.1:52877]
00:48:41.618 [Forwarding clearElement on session 17b60dc985377980ce49c666d81771d8 to remote] DEBUG org.asynchttpclient.netty.request.NettyRequestSender - Using pooled Channel '[id: 0x7bc3febf, L:/127.0.0.1:50180 - R:localhost/127.0.0.1:52877]' for 'POST' to 'http://localhost:52877/session/17b60dc985377980ce49c666d81771d8/element/9daf7a0a-e33d-4993-aafa-b8832041a59d/clear'
00:48:41.618 [Forwarding clearElement on session 17b60dc985377980ce49c666d81771d8 to remote] DEBUG org.asynchttpclient.netty.request.NettyRequestSender - Using open Channel [id: 0x7bc3febf, L:/127.0.0.1:50180 - R:localhost/127.0.0.1:52877] for POST '/session/17b60dc985377980ce49c666d81771d8/element/9daf7a0a-e33d-4993-aafa-b8832041a59d/clear'
00:48:41.654 [AsyncHttpClient-1-11] DEBUG org.asynchttpclient.netty.handler.HttpHandler - 

Request DefaultHttpRequest(decodeResult: success, version: HTTP/1.1)
POST /session/17b60dc985377980ce49c666d81771d8/element/9daf7a0a-e33d-4993-aafa-b8832041a59d/clear HTTP/1.1
User-Agent: selenium/4.1.2 (java windows)
Content-Length: 50
Content-Type: application/json; charset=utf-8
host: localhost:52877
accept: */*

Response DefaultHttpResponse(decodeResult: success, version: HTTP/1.1)
HTTP/1.1 200 OK
Content-Type: application/json; charset=utf-8
cache-control: no-cache
content-length: 14

00:48:41.654 [AsyncHttpClient-1-11] DEBUG org.asynchttpclient.netty.channel.ChannelManager - Adding key: http://localhost:52877 for channel [id: 0x7bc3febf, L:/127.0.0.1:50180 - R:localhost/127.0.0.1:52877]
00:48:41.656 [Forwarding sendKeysToElement on session 17b60dc985377980ce49c666d81771d8 to remote] DEBUG org.asynchttpclient.netty.request.NettyRequestSender - Using pooled Channel '[id: 0x7bc3febf, L:/127.0.0.1:50180 - R:localhost/127.0.0.1:52877]' for 'POST' to 'http://localhost:52877/session/17b60dc985377980ce49c666d81771d8/element/9daf7a0a-e33d-4993-aafa-b8832041a59d/value'
00:48:41.656 [Forwarding sendKeysToElement on session 17b60dc985377980ce49c666d81771d8 to remote] DEBUG org.asynchttpclient.netty.request.NettyRequestSender - Using open Channel [id: 0x7bc3febf, L:/127.0.0.1:50180 - R:localhost/127.0.0.1:52877] for POST '/session/17b60dc985377980ce49c666d81771d8/element/9daf7a0a-e33d-4993-aafa-b8832041a59d/value'
00:48:41.870 [AsyncHttpClient-1-11] DEBUG org.asynchttpclient.netty.handler.HttpHandler - 

Request DefaultHttpRequest(decodeResult: success, version: HTTP/1.1)
POST /session/17b60dc985377980ce49c666d81771d8/element/9daf7a0a-e33d-4993-aafa-b8832041a59d/value HTTP/1.1
User-Agent: selenium/4.1.2 (java windows)
Content-Length: 721
Content-Type: application/json; charset=utf-8
host: localhost:52877
accept: */*

Response DefaultHttpResponse(decodeResult: success, version: HTTP/1.1)
HTTP/1.1 200 OK
Content-Type: application/json; charset=utf-8
cache-control: no-cache
content-length: 14

00:48:41.870 [AsyncHttpClient-1-11] DEBUG org.asynchttpclient.netty.channel.ChannelManager - Adding key: http://localhost:52877 for channel [id: 0x7bc3febf, L:/127.0.0.1:50180 - R:localhost/127.0.0.1:52877]
00:48:41.875 [Forwarding screenshot on session 17b60dc985377980ce49c666d81771d8 to remote] DEBUG org.asynchttpclient.netty.request.NettyRequestSender - Using pooled Channel '[id: 0x7bc3febf, L:/127.0.0.1:50180 - R:localhost/127.0.0.1:52877]' for 'GET' to 'http://localhost:52877/session/17b60dc985377980ce49c666d81771d8/screenshot'
00:48:41.875 [Forwarding screenshot on session 17b60dc985377980ce49c666d81771d8 to remote] DEBUG org.asynchttpclient.netty.request.NettyRequestSender - Using open Channel [id: 0x7bc3febf, L:/127.0.0.1:50180 - R:localhost/127.0.0.1:52877] for GET '/session/17b60dc985377980ce49c666d81771d8/screenshot'
00:48:42.016 [AsyncHttpClient-1-11] DEBUG org.asynchttpclient.netty.handler.HttpHandler - 

Request DefaultFullHttpRequest(decodeResult: success, version: HTTP/1.1, content: EmptyByteBufBE)
GET /session/17b60dc985377980ce49c666d81771d8/screenshot HTTP/1.1
User-Agent: selenium/4.1.2 (java windows)
Cache-Control: no-cache
Content-Type: application/json; charset=utf-8
host: localhost:52877
accept: */*

Response DefaultHttpResponse(decodeResult: success, version: HTTP/1.1)
HTTP/1.1 200 OK
Content-Type: application/json; charset=utf-8
cache-control: no-cache
content-length: 123684

00:48:42.016 [AsyncHttpClient-1-11] DEBUG org.asynchttpclient.netty.channel.ChannelManager - Adding key: http://localhost:52877 for channel [id: 0x7bc3febf, L:/127.0.0.1:50180 - R:localhost/127.0.0.1:52877]
00:48:42.019 [main] DEBUG net.serenitybdd.core.photography.Darkroom - Send negative for processing for target\site\serenity\080bff868b73a5950fb934b046732a89e2e7bd69c356beb0dd141266c9c1e4f3.png
00:48:42.019 [main] DEBUG net.thucydides.core.steps.StepInterceptor - STEP DONE: filltext
  &amp#27;[32mAnd &amp#27;[0m&amp#27;[32madmin fill in the desired title and fill in the text that matches the title after that click send&amp#27;[0m &amp#27;[90m# starter.definitions.NewsletterSteps.adminFillInTheDesiredTitleAndFillInTheTextThatMatchesTheTitleAfterThatClickSend()&amp#27;[0m
00:48:42.019 [Darkroom Processing Line] DEBUG net.serenitybdd.core.photography.DarkroomProcessingLine - Processing screenshot image in /var/screenshots/screenshot-6715457998885082316
00:48:42.019 [Darkroom Processing Line] DEBUG net.serenitybdd.core.photography.DarkroomProcessingLine - Saving screenshot to target\site\serenity\080bff868b73a5950fb934b046732a89e2e7bd69c356beb0dd141266c9c1e4f3.png
00:48:42.032 [main] DEBUG net.thucydides.core.steps.StepInterceptor - STARTING STEP: NewsletterSteps.adminSucsessSendTheNewsletter - newslettersend
00:48:42.034 [Forwarding findElement on session 17b60dc985377980ce49c666d81771d8 to remote] DEBUG org.asynchttpclient.netty.request.NettyRequestSender - Using pooled Channel '[id: 0x7bc3febf, L:/127.0.0.1:50180 - R:localhost/127.0.0.1:52877]' for 'POST' to 'http://localhost:52877/session/17b60dc985377980ce49c666d81771d8/element'
00:48:42.034 [Forwarding findElement on session 17b60dc985377980ce49c666d81771d8 to remote] DEBUG org.asynchttpclient.netty.request.NettyRequestSender - Using open Channel [id: 0x7bc3febf, L:/127.0.0.1:50180 - R:localhost/127.0.0.1:52877] for POST '/session/17b60dc985377980ce49c666d81771d8/element'
00:48:42.055 [AsyncHttpClient-1-11] DEBUG org.asynchttpclient.netty.handler.HttpHandler - 

Request DefaultHttpRequest(decodeResult: success, version: HTTP/1.1)
POST /session/17b60dc985377980ce49c666d81771d8/element HTTP/1.1
User-Agent: selenium/4.1.2 (java windows)
Content-Length: 71
Content-Type: application/json; charset=utf-8
host: localhost:52877
accept: */*

Response DefaultHttpResponse(decodeResult: success, version: HTTP/1.1)
HTTP/1.1 200 OK
Content-Type: application/json; charset=utf-8
cache-control: no-cache
content-length: 88

00:48:42.055 [AsyncHttpClient-1-11] DEBUG org.asynchttpclient.netty.channel.ChannelManager - Adding key: http://localhost:52877 for channel [id: 0x7bc3febf, L:/127.0.0.1:50180 - R:localhost/127.0.0.1:52877]
00:48:42.057 [Forwarding getElementTagName on session 17b60dc985377980ce49c666d81771d8 to remote] DEBUG org.asynchttpclient.netty.request.NettyRequestSender - Using pooled Channel '[id: 0x7bc3febf, L:/127.0.0.1:50180 - R:localhost/127.0.0.1:52877]' for 'GET' to 'http://localhost:52877/session/17b60dc985377980ce49c666d81771d8/element/51120a12-7c13-405f-8a85-a8ecd936bcf5/name'
00:48:42.057 [Forwarding getElementTagName on session 17b60dc985377980ce49c666d81771d8 to remote] DEBUG org.asynchttpclient.netty.request.NettyRequestSender - Using open Channel [id: 0x7bc3febf, L:/127.0.0.1:50180 - R:localhost/127.0.0.1:52877] for GET '/session/17b60dc985377980ce49c666d81771d8/element/51120a12-7c13-405f-8a85-a8ecd936bcf5/name'
00:48:42.067 [AsyncHttpClient-1-11] DEBUG org.asynchttpclient.netty.handler.HttpHandler - 

Request DefaultFullHttpRequest(decodeResult: success, version: HTTP/1.1, content: EmptyByteBufBE)
GET /session/17b60dc985377980ce49c666d81771d8/element/51120a12-7c13-405f-8a85-a8ecd936bcf5/name HTTP/1.1
User-Agent: selenium/4.1.2 (java windows)
Cache-Control: no-cache
Content-Type: application/json; charset=utf-8
host: localhost:52877
accept: */*

Response DefaultHttpResponse(decodeResult: success, version: HTTP/1.1)
HTTP/1.1 200 OK
Content-Type: application/json; charset=utf-8
cache-control: no-cache
content-length: 18

00:48:42.067 [AsyncHttpClient-1-11] DEBUG org.asynchttpclient.netty.channel.ChannelManager - Adding key: http://localhost:52877 for channel [id: 0x7bc3febf, L:/127.0.0.1:50180 - R:localhost/127.0.0.1:52877]
00:48:42.068 [Forwarding getElementTagName on session 17b60dc985377980ce49c666d81771d8 to remote] DEBUG org.asynchttpclient.netty.request.NettyRequestSender - Using pooled Channel '[id: 0x7bc3febf, L:/127.0.0.1:50180 - R:localhost/127.0.0.1:52877]' for 'GET' to 'http://localhost:52877/session/17b60dc985377980ce49c666d81771d8/element/51120a12-7c13-405f-8a85-a8ecd936bcf5/name'
00:48:42.068 [Forwarding getElementTagName on session 17b60dc985377980ce49c666d81771d8 to remote] DEBUG org.asynchttpclient.netty.request.NettyRequestSender - Using open Channel [id: 0x7bc3febf, L:/127.0.0.1:50180 - R:localhost/127.0.0.1:52877] for GET '/session/17b60dc985377980ce49c666d81771d8/element/51120a12-7c13-405f-8a85-a8ecd936bcf5/name'
00:48:42.084 [AsyncHttpClient-1-11] DEBUG org.asynchttpclient.netty.handler.HttpHandler - 

Request DefaultFullHttpRequest(decodeResult: success, version: HTTP/1.1, content: EmptyByteBufBE)
GET /session/17b60dc985377980ce49c666d81771d8/element/51120a12-7c13-405f-8a85-a8ecd936bcf5/name HTTP/1.1
User-Agent: selenium/4.1.2 (java windows)
Cache-Control: no-cache
Content-Type: application/json; charset=utf-8
host: localhost:52877
accept: */*

Response DefaultHttpResponse(decodeResult: success, version: HTTP/1.1)
HTTP/1.1 200 OK
Content-Type: application/json; charset=utf-8
cache-control: no-cache
content-length: 18

00:48:42.084 [AsyncHttpClient-1-11] DEBUG org.asynchttpclient.netty.channel.ChannelManager - Adding key: http://localhost:52877 for channel [id: 0x7bc3febf, L:/127.0.0.1:50180 - R:localhost/127.0.0.1:52877]
00:48:42.085 [AsyncHttpClient-1-1] DEBUG org.asynchttpclient.netty.channel.DefaultChannelPool - Entry count for : http://localhost:50181 : 1
00:48:42.085 [AsyncHttpClient-1-1] DEBUG org.asynchttpclient.netty.channel.DefaultChannelPool - Entry count for : http://localhost:52877 : 1
00:48:42.085 [Forwarding isElementEnabled on session 17b60dc985377980ce49c666d81771d8 to remote] DEBUG org.asynchttpclient.netty.request.NettyRequestSender - Using pooled Channel '[id: 0x7bc3febf, L:/127.0.0.1:50180 - R:localhost/127.0.0.1:52877]' for 'GET' to 'http://localhost:52877/session/17b60dc985377980ce49c666d81771d8/element/51120a12-7c13-405f-8a85-a8ecd936bcf5/enabled'
00:48:42.085 [Forwarding isElementEnabled on session 17b60dc985377980ce49c666d81771d8 to remote] DEBUG org.asynchttpclient.netty.request.NettyRequestSender - Using open Channel [id: 0x7bc3febf, L:/127.0.0.1:50180 - R:localhost/127.0.0.1:52877] for GET '/session/17b60dc985377980ce49c666d81771d8/element/51120a12-7c13-405f-8a85-a8ecd936bcf5/enabled'
00:48:42.105 [AsyncHttpClient-1-11] DEBUG org.asynchttpclient.netty.handler.HttpHandler - 

Request DefaultFullHttpRequest(decodeResult: success, version: HTTP/1.1, content: EmptyByteBufBE)
GET /session/17b60dc985377980ce49c666d81771d8/element/51120a12-7c13-405f-8a85-a8ecd936bcf5/enabled HTTP/1.1
User-Agent: selenium/4.1.2 (java windows)
Cache-Control: no-cache
Content-Type: application/json; charset=utf-8
host: localhost:52877
accept: */*

Response DefaultHttpResponse(decodeResult: success, version: HTTP/1.1)
HTTP/1.1 200 OK
Content-Type: application/json; charset=utf-8
cache-control: no-cache
content-length: 14

00:48:42.105 [AsyncHttpClient-1-11] DEBUG org.asynchttpclient.netty.channel.ChannelManager - Adding key: http://localhost:52877 for channel [id: 0x7bc3febf, L:/127.0.0.1:50180 - R:localhost/127.0.0.1:52877]
00:48:42.106 [Forwarding isElementEnabled on session 17b60dc985377980ce49c666d81771d8 to remote] DEBUG org.asynchttpclient.netty.request.NettyRequestSender - Using pooled Channel '[id: 0x7bc3febf, L:/127.0.0.1:50180 - R:localhost/127.0.0.1:52877]' for 'GET' to 'http://localhost:52877/session/17b60dc985377980ce49c666d81771d8/element/51120a12-7c13-405f-8a85-a8ecd936bcf5/enabled'
00:48:42.106 [Forwarding isElementEnabled on session 17b60dc985377980ce49c666d81771d8 to remote] DEBUG org.asynchttpclient.netty.request.NettyRequestSender - Using open Channel [id: 0x7bc3febf, L:/127.0.0.1:50180 - R:localhost/127.0.0.1:52877] for GET '/session/17b60dc985377980ce49c666d81771d8/element/51120a12-7c13-405f-8a85-a8ecd936bcf5/enabled'
00:48:42.130 [AsyncHttpClient-1-11] DEBUG org.asynchttpclient.netty.handler.HttpHandler - 

Request DefaultFullHttpRequest(decodeResult: success, version: HTTP/1.1, content: EmptyByteBufBE)
GET /session/17b60dc985377980ce49c666d81771d8/element/51120a12-7c13-405f-8a85-a8ecd936bcf5/enabled HTTP/1.1
User-Agent: selenium/4.1.2 (java windows)
Cache-Control: no-cache
Content-Type: application/json; charset=utf-8
host: localhost:52877
accept: */*

Response DefaultHttpResponse(decodeResult: success, version: HTTP/1.1)
HTTP/1.1 200 OK
Content-Type: application/json; charset=utf-8
cache-control: no-cache
content-length: 14

00:48:42.130 [AsyncHttpClient-1-11] DEBUG org.asynchttpclient.netty.channel.ChannelManager - Adding key: http://localhost:52877 for channel [id: 0x7bc3febf, L:/127.0.0.1:50180 - R:localhost/127.0.0.1:52877]
00:48:42.132 [Forwarding findElement on session 17b60dc985377980ce49c666d81771d8 to remote] DEBUG org.asynchttpclient.netty.request.NettyRequestSender - Using pooled Channel '[id: 0x7bc3febf, L:/127.0.0.1:50180 - R:localhost/127.0.0.1:52877]' for 'POST' to 'http://localhost:52877/session/17b60dc985377980ce49c666d81771d8/element'
00:48:42.132 [Forwarding findElement on session 17b60dc985377980ce49c666d81771d8 to remote] DEBUG org.asynchttpclient.netty.request.NettyRequestSender - Using open Channel [id: 0x7bc3febf, L:/127.0.0.1:50180 - R:localhost/127.0.0.1:52877] for POST '/session/17b60dc985377980ce49c666d81771d8/element'
00:48:42.145 [AsyncHttpClient-1-11] DEBUG org.asynchttpclient.netty.handler.HttpHandler - 

Request DefaultHttpRequest(decodeResult: success, version: HTTP/1.1)
POST /session/17b60dc985377980ce49c666d81771d8/element HTTP/1.1
User-Agent: selenium/4.1.2 (java windows)
Content-Length: 71
Content-Type: application/json; charset=utf-8
host: localhost:52877
accept: */*

Response DefaultHttpResponse(decodeResult: success, version: HTTP/1.1)
HTTP/1.1 200 OK
Content-Type: application/json; charset=utf-8
cache-control: no-cache
content-length: 88

00:48:42.145 [AsyncHttpClient-1-11] DEBUG org.asynchttpclient.netty.channel.ChannelManager - Adding key: http://localhost:52877 for channel [id: 0x7bc3febf, L:/127.0.0.1:50180 - R:localhost/127.0.0.1:52877]
00:48:42.146 [Forwarding clickElement on session 17b60dc985377980ce49c666d81771d8 to remote] DEBUG org.asynchttpclient.netty.request.NettyRequestSender - Using pooled Channel '[id: 0x7bc3febf, L:/127.0.0.1:50180 - R:localhost/127.0.0.1:52877]' for 'POST' to 'http://localhost:52877/session/17b60dc985377980ce49c666d81771d8/element/51120a12-7c13-405f-8a85-a8ecd936bcf5/click'
00:48:42.146 [Forwarding clickElement on session 17b60dc985377980ce49c666d81771d8 to remote] DEBUG org.asynchttpclient.netty.request.NettyRequestSender - Using open Channel [id: 0x7bc3febf, L:/127.0.0.1:50180 - R:localhost/127.0.0.1:52877] for POST '/session/17b60dc985377980ce49c666d81771d8/element/51120a12-7c13-405f-8a85-a8ecd936bcf5/click'
00:48:42.214 [AsyncHttpClient-1-11] DEBUG org.asynchttpclient.netty.handler.HttpHandler - 

Request DefaultHttpRequest(decodeResult: success, version: HTTP/1.1)
POST /session/17b60dc985377980ce49c666d81771d8/element/51120a12-7c13-405f-8a85-a8ecd936bcf5/click HTTP/1.1
User-Agent: selenium/4.1.2 (java windows)
Content-Length: 50
Content-Type: application/json; charset=utf-8
host: localhost:52877
accept: */*

Response DefaultHttpResponse(decodeResult: success, version: HTTP/1.1)
HTTP/1.1 200 OK
Content-Type: application/json; charset=utf-8
cache-control: no-cache
content-length: 14

00:48:42.214 [AsyncHttpClient-1-11] DEBUG org.asynchttpclient.netty.channel.ChannelManager - Adding key: http://localhost:52877 for channel [id: 0x7bc3febf, L:/127.0.0.1:50180 - R:localhost/127.0.0.1:52877]
00:48:42.218 [Forwarding screenshot on session 17b60dc985377980ce49c666d81771d8 to remote] DEBUG org.asynchttpclient.netty.request.NettyRequestSender - Using pooled Channel '[id: 0x7bc3febf, L:/127.0.0.1:50180 - R:localhost/127.0.0.1:52877]' for 'GET' to 'http://localhost:52877/session/17b60dc985377980ce49c666d81771d8/screenshot'
00:48:42.218 [Forwarding screenshot on session 17b60dc985377980ce49c666d81771d8 to remote] DEBUG org.asynchttpclient.netty.request.NettyRequestSender - Using open Channel [id: 0x7bc3febf, L:/127.0.0.1:50180 - R:localhost/127.0.0.1:52877] for GET '/session/17b60dc985377980ce49c666d81771d8/screenshot'
00:48:42.396 [AsyncHttpClient-1-11] DEBUG org.asynchttpclient.netty.handler.HttpHandler - 

Request DefaultFullHttpRequest(decodeResult: success, version: HTTP/1.1, content: EmptyByteBufBE)
GET /session/17b60dc985377980ce49c666d81771d8/screenshot HTTP/1.1
User-Agent: selenium/4.1.2 (java windows)
Cache-Control: no-cache
Content-Type: application/json; charset=utf-8
host: localhost:52877
accept: */*

Response DefaultHttpResponse(decodeResult: success, version: HTTP/1.1)
HTTP/1.1 200 OK
Content-Type: application/json; charset=utf-8
cache-control: no-cache
content-length: 139068

00:48:42.397 [AsyncHttpClient-1-11] DEBUG org.asynchttpclient.netty.channel.ChannelManager - Adding key: http://localhost:52877 for channel [id: 0x7bc3febf, L:/127.0.0.1:50180 - R:localhost/127.0.0.1:52877]
00:48:42.399 [main] DEBUG net.serenitybdd.core.photography.Darkroom - Send negative for processing for target\site\serenity\33eb1ed0d30af9a9e5d19394dd2264c7b713eac9422356f5f7de1710eea46289.png
00:48:42.400 [main] DEBUG net.thucydides.core.steps.StepInterceptor - STEP DONE: newslettersend
00:48:42.400 [Darkroom Processing Line] DEBUG net.serenitybdd.core.photography.DarkroomProcessingLine - Processing screenshot image in /var/screenshots/screenshot-17819207323249772838
00:48:42.400 [Darkroom Processing Line] DEBUG net.serenitybdd.core.photography.DarkroomProcessingLine - Saving screenshot to target\site\serenity\33eb1ed0d30af9a9e5d19394dd2264c7b713eac9422356f5f7de1710eea46289.png
00:48:42.404 [main] DEBUG net.thucydides.core.steps.StepInterceptor - STARTING STEP: NewsletterSteps.adminSucsessSendTheNewsletter - clickyespostit
00:48:42.406 [Forwarding findElement on session 17b60dc985377980ce49c666d81771d8 to remote] DEBUG org.asynchttpclient.netty.request.NettyRequestSender - Using pooled Channel '[id: 0x7bc3febf, L:/127.0.0.1:50180 - R:localhost/127.0.0.1:52877]' for 'POST' to 'http://localhost:52877/session/17b60dc985377980ce49c666d81771d8/element'
00:48:42.406 [Forwarding findElement on session 17b60dc985377980ce49c666d81771d8 to remote] DEBUG org.asynchttpclient.netty.request.NettyRequestSender - Using open Channel [id: 0x7bc3febf, L:/127.0.0.1:50180 - R:localhost/127.0.0.1:52877] for POST '/session/17b60dc985377980ce49c666d81771d8/element'
00:48:42.431 [AsyncHttpClient-1-11] DEBUG org.asynchttpclient.netty.handler.HttpHandler - 

Request DefaultHttpRequest(decodeResult: success, version: HTTP/1.1)
POST /session/17b60dc985377980ce49c666d81771d8/element HTTP/1.1
User-Agent: selenium/4.1.2 (java windows)
Content-Length: 90
Content-Type: application/json; charset=utf-8
host: localhost:52877
accept: */*

Response DefaultHttpResponse(decodeResult: success, version: HTTP/1.1)
HTTP/1.1 200 OK
Content-Type: application/json; charset=utf-8
cache-control: no-cache
content-length: 88

00:48:42.431 [AsyncHttpClient-1-11] DEBUG org.asynchttpclient.netty.channel.ChannelManager - Adding key: http://localhost:52877 for channel [id: 0x7bc3febf, L:/127.0.0.1:50180 - R:localhost/127.0.0.1:52877]
00:48:42.432 [Forwarding getElementTagName on session 17b60dc985377980ce49c666d81771d8 to remote] DEBUG org.asynchttpclient.netty.request.NettyRequestSender - Using pooled Channel '[id: 0x7bc3febf, L:/127.0.0.1:50180 - R:localhost/127.0.0.1:52877]' for 'GET' to 'http://localhost:52877/session/17b60dc985377980ce49c666d81771d8/element/39864a61-f61e-43ba-b075-6a454abd50f1/name'
00:48:42.432 [Forwarding getElementTagName on session 17b60dc985377980ce49c666d81771d8 to remote] DEBUG org.asynchttpclient.netty.request.NettyRequestSender - Using open Channel [id: 0x7bc3febf, L:/127.0.0.1:50180 - R:localhost/127.0.0.1:52877] for GET '/session/17b60dc985377980ce49c666d81771d8/element/39864a61-f61e-43ba-b075-6a454abd50f1/name'
00:48:42.445 [AsyncHttpClient-1-11] DEBUG org.asynchttpclient.netty.handler.HttpHandler - 

Request DefaultFullHttpRequest(decodeResult: success, version: HTTP/1.1, content: EmptyByteBufBE)
GET /session/17b60dc985377980ce49c666d81771d8/element/39864a61-f61e-43ba-b075-6a454abd50f1/name HTTP/1.1
User-Agent: selenium/4.1.2 (java windows)
Cache-Control: no-cache
Content-Type: application/json; charset=utf-8
host: localhost:52877
accept: */*

Response DefaultHttpResponse(decodeResult: success, version: HTTP/1.1)
HTTP/1.1 200 OK
Content-Type: application/json; charset=utf-8
cache-control: no-cache
content-length: 18

00:48:42.445 [AsyncHttpClient-1-11] DEBUG org.asynchttpclient.netty.channel.ChannelManager - Adding key: http://localhost:52877 for channel [id: 0x7bc3febf, L:/127.0.0.1:50180 - R:localhost/127.0.0.1:52877]
00:48:42.446 [Forwarding getElementTagName on session 17b60dc985377980ce49c666d81771d8 to remote] DEBUG org.asynchttpclient.netty.request.NettyRequestSender - Using pooled Channel '[id: 0x7bc3febf, L:/127.0.0.1:50180 - R:localhost/127.0.0.1:52877]' for 'GET' to 'http://localhost:52877/session/17b60dc985377980ce49c666d81771d8/element/39864a61-f61e-43ba-b075-6a454abd50f1/name'
00:48:42.446 [Forwarding getElementTagName on session 17b60dc985377980ce49c666d81771d8 to remote] DEBUG org.asynchttpclient.netty.request.NettyRequestSender - Using open Channel [id: 0x7bc3febf, L:/127.0.0.1:50180 - R:localhost/127.0.0.1:52877] for GET '/session/17b60dc985377980ce49c666d81771d8/element/39864a61-f61e-43ba-b075-6a454abd50f1/name'
00:48:42.454 [AsyncHttpClient-1-11] DEBUG org.asynchttpclient.netty.handler.HttpHandler - 

Request DefaultFullHttpRequest(decodeResult: success, version: HTTP/1.1, content: EmptyByteBufBE)
GET /session/17b60dc985377980ce49c666d81771d8/element/39864a61-f61e-43ba-b075-6a454abd50f1/name HTTP/1.1
User-Agent: selenium/4.1.2 (java windows)
Cache-Control: no-cache
Content-Type: application/json; charset=utf-8
host: localhost:52877
accept: */*

Response DefaultHttpResponse(decodeResult: success, version: HTTP/1.1)
HTTP/1.1 200 OK
Content-Type: application/json; charset=utf-8
cache-control: no-cache
content-length: 18

00:48:42.454 [AsyncHttpClient-1-11] DEBUG org.asynchttpclient.netty.channel.ChannelManager - Adding key: http://localhost:52877 for channel [id: 0x7bc3febf, L:/127.0.0.1:50180 - R:localhost/127.0.0.1:52877]
00:48:42.456 [Forwarding isElementEnabled on session 17b60dc985377980ce49c666d81771d8 to remote] DEBUG org.asynchttpclient.netty.request.NettyRequestSender - Using pooled Channel '[id: 0x7bc3febf, L:/127.0.0.1:50180 - R:localhost/127.0.0.1:52877]' for 'GET' to 'http://localhost:52877/session/17b60dc985377980ce49c666d81771d8/element/39864a61-f61e-43ba-b075-6a454abd50f1/enabled'
00:48:42.457 [Forwarding isElementEnabled on session 17b60dc985377980ce49c666d81771d8 to remote] DEBUG org.asynchttpclient.netty.request.NettyRequestSender - Using open Channel [id: 0x7bc3febf, L:/127.0.0.1:50180 - R:localhost/127.0.0.1:52877] for GET '/session/17b60dc985377980ce49c666d81771d8/element/39864a61-f61e-43ba-b075-6a454abd50f1/enabled'
00:48:42.480 [AsyncHttpClient-1-11] DEBUG org.asynchttpclient.netty.handler.HttpHandler - 

Request DefaultFullHttpRequest(decodeResult: success, version: HTTP/1.1, content: EmptyByteBufBE)
GET /session/17b60dc985377980ce49c666d81771d8/element/39864a61-f61e-43ba-b075-6a454abd50f1/enabled HTTP/1.1
User-Agent: selenium/4.1.2 (java windows)
Cache-Control: no-cache
Content-Type: application/json; charset=utf-8
host: localhost:52877
accept: */*

Response DefaultHttpResponse(decodeResult: success, version: HTTP/1.1)
HTTP/1.1 200 OK
Content-Type: application/json; charset=utf-8
cache-control: no-cache
content-length: 14

00:48:42.480 [AsyncHttpClient-1-11] DEBUG org.asynchttpclient.netty.channel.ChannelManager - Adding key: http://localhost:52877 for channel [id: 0x7bc3febf, L:/127.0.0.1:50180 - R:localhost/127.0.0.1:52877]
00:48:42.482 [Forwarding isElementEnabled on session 17b60dc985377980ce49c666d81771d8 to remote] DEBUG org.asynchttpclient.netty.request.NettyRequestSender - Using pooled Channel '[id: 0x7bc3febf, L:/127.0.0.1:50180 - R:localhost/127.0.0.1:52877]' for 'GET' to 'http://localhost:52877/session/17b60dc985377980ce49c666d81771d8/element/39864a61-f61e-43ba-b075-6a454abd50f1/enabled'
00:48:42.482 [Forwarding isElementEnabled on session 17b60dc985377980ce49c666d81771d8 to remote] DEBUG org.asynchttpclient.netty.request.NettyRequestSender - Using open Channel [id: 0x7bc3febf, L:/127.0.0.1:50180 - R:localhost/127.0.0.1:52877] for GET '/session/17b60dc985377980ce49c666d81771d8/element/39864a61-f61e-43ba-b075-6a454abd50f1/enabled'
00:48:42.511 [AsyncHttpClient-1-11] DEBUG org.asynchttpclient.netty.handler.HttpHandler - 

Request DefaultFullHttpRequest(decodeResult: success, version: HTTP/1.1, content: EmptyByteBufBE)
GET /session/17b60dc985377980ce49c666d81771d8/element/39864a61-f61e-43ba-b075-6a454abd50f1/enabled HTTP/1.1
User-Agent: selenium/4.1.2 (java windows)
Cache-Control: no-cache
Content-Type: application/json; charset=utf-8
host: localhost:52877
accept: */*

Response DefaultHttpResponse(decodeResult: success, version: HTTP/1.1)
HTTP/1.1 200 OK
Content-Type: application/json; charset=utf-8
cache-control: no-cache
content-length: 14

00:48:42.511 [AsyncHttpClient-1-11] DEBUG org.asynchttpclient.netty.channel.ChannelManager - Adding key: http://localhost:52877 for channel [id: 0x7bc3febf, L:/127.0.0.1:50180 - R:localhost/127.0.0.1:52877]
00:48:42.513 [Forwarding findElement on session 17b60dc985377980ce49c666d81771d8 to remote] DEBUG org.asynchttpclient.netty.request.NettyRequestSender - Using pooled Channel '[id: 0x7bc3febf, L:/127.0.0.1:50180 - R:localhost/127.0.0.1:52877]' for 'POST' to 'http://localhost:52877/session/17b60dc985377980ce49c666d81771d8/element'
00:48:42.513 [Forwarding findElement on session 17b60dc985377980ce49c666d81771d8 to remote] DEBUG org.asynchttpclient.netty.request.NettyRequestSender - Using open Channel [id: 0x7bc3febf, L:/127.0.0.1:50180 - R:localhost/127.0.0.1:52877] for POST '/session/17b60dc985377980ce49c666d81771d8/element'
00:48:42.532 [AsyncHttpClient-1-11] DEBUG org.asynchttpclient.netty.handler.HttpHandler - 

Request DefaultHttpRequest(decodeResult: success, version: HTTP/1.1)
POST /session/17b60dc985377980ce49c666d81771d8/element HTTP/1.1
User-Agent: selenium/4.1.2 (java windows)
Content-Length: 90
Content-Type: application/json; charset=utf-8
host: localhost:52877
accept: */*

Response DefaultHttpResponse(decodeResult: success, version: HTTP/1.1)
HTTP/1.1 200 OK
Content-Type: application/json; charset=utf-8
cache-control: no-cache
content-length: 88

00:48:42.532 [AsyncHttpClient-1-11] DEBUG org.asynchttpclient.netty.channel.ChannelManager - Adding key: http://localhost:52877 for channel [id: 0x7bc3febf, L:/127.0.0.1:50180 - R:localhost/127.0.0.1:52877]
00:48:42.533 [Forwarding clickElement on session 17b60dc985377980ce49c666d81771d8 to remote] DEBUG org.asynchttpclient.netty.request.NettyRequestSender - Using pooled Channel '[id: 0x7bc3febf, L:/127.0.0.1:50180 - R:localhost/127.0.0.1:52877]' for 'POST' to 'http://localhost:52877/session/17b60dc985377980ce49c666d81771d8/element/39864a61-f61e-43ba-b075-6a454abd50f1/click'
00:48:42.533 [Forwarding clickElement on session 17b60dc985377980ce49c666d81771d8 to remote] DEBUG org.asynchttpclient.netty.request.NettyRequestSender - Using open Channel [id: 0x7bc3febf, L:/127.0.0.1:50180 - R:localhost/127.0.0.1:52877] for POST '/session/17b60dc985377980ce49c666d81771d8/element/39864a61-f61e-43ba-b075-6a454abd50f1/click'
00:48:42.613 [AsyncHttpClient-1-11] DEBUG org.asynchttpclient.netty.handler.HttpHandler - 

Request DefaultHttpRequest(decodeResult: success, version: HTTP/1.1)
POST /session/17b60dc985377980ce49c666d81771d8/element/39864a61-f61e-43ba-b075-6a454abd50f1/click HTTP/1.1
User-Agent: selenium/4.1.2 (java windows)
Content-Length: 50
Content-Type: application/json; charset=utf-8
host: localhost:52877
accept: */*

Response DefaultHttpResponse(decodeResult: success, version: HTTP/1.1)
HTTP/1.1 200 OK
Content-Type: application/json; charset=utf-8
cache-control: no-cache
content-length: 14

00:48:42.613 [AsyncHttpClient-1-11] DEBUG org.asynchttpclient.netty.channel.ChannelManager - Adding key: http://localhost:52877 for channel [id: 0x7bc3febf, L:/127.0.0.1:50180 - R:localhost/127.0.0.1:52877]
00:48:42.617 [Forwarding screenshot on session 17b60dc985377980ce49c666d81771d8 to remote] DEBUG org.asynchttpclient.netty.request.NettyRequestSender - Using pooled Channel '[id: 0x7bc3febf, L:/127.0.0.1:50180 - R:localhost/127.0.0.1:52877]' for 'GET' to 'http://localhost:52877/session/17b60dc985377980ce49c666d81771d8/screenshot'
00:48:42.618 [Forwarding screenshot on session 17b60dc985377980ce49c666d81771d8 to remote] DEBUG org.asynchttpclient.netty.request.NettyRequestSender - Using open Channel [id: 0x7bc3febf, L:/127.0.0.1:50180 - R:localhost/127.0.0.1:52877] for GET '/session/17b60dc985377980ce49c666d81771d8/screenshot'
00:48:42.809 [AsyncHttpClient-1-11] DEBUG org.asynchttpclient.netty.handler.HttpHandler - 

Request DefaultFullHttpRequest(decodeResult: success, version: HTTP/1.1, content: EmptyByteBufBE)
GET /session/17b60dc985377980ce49c666d81771d8/screenshot HTTP/1.1
User-Agent: selenium/4.1.2 (java windows)
Cache-Control: no-cache
Content-Type: application/json; charset=utf-8
host: localhost:52877
accept: */*

Response DefaultHttpResponse(decodeResult: success, version: HTTP/1.1)
HTTP/1.1 200 OK
Content-Type: application/json; charset=utf-8
cache-control: no-cache
content-length: 139488

00:48:42.809 [AsyncHttpClient-1-11] DEBUG org.asynchttpclient.netty.channel.ChannelManager - Adding key: http://localhost:52877 for channel [id: 0x7bc3febf, L:/127.0.0.1:50180 - R:localhost/127.0.0.1:52877]
00:48:42.812 [main] DEBUG net.serenitybdd.core.photography.Darkroom - Send negative for processing for target\site\serenity\57b97be65eaa91bbb36dfd070f41744647af77b888e6b5f2faee1a2638087aea.png
00:48:42.812 [main] DEBUG net.thucydides.core.steps.StepInterceptor - STEP DONE: clickyespostit
  &amp#27;[32mThen &amp#27;[0m&amp#27;[32madmin sucsess send the newsletter&amp#27;[0m                                                                &amp#27;[90m# starter.definitions.NewsletterSteps.adminSucsessSendTheNewsletter()&amp#27;[0m
00:48:42.812 [Darkroom Processing Line] DEBUG net.serenitybdd.core.photography.DarkroomProcessingLine - Processing screenshot image in /var/screenshots/screenshot-18098143627984822564
00:48:42.812 [Darkroom Processing Line] DEBUG net.serenitybdd.core.photography.DarkroomProcessingLine - Saving screenshot to target\site\serenity\57b97be65eaa91bbb36dfd070f41744647af77b888e6b5f2faee1a2638087aea.png
00:48:42.816 [main] INFO  - 
  _____   ___   ___   _____     ___     _     ___   ___   ___   ___  
 |_   _| | __| / __| |_   _|   | _ \   /_\   / __| / __| | __| |   \ 
   | |   | _|  \__ \   | |     |  _/  / _ \  \__ \ \__ \ | _|  | |) |
   |_|   |___| |___/   |_|     |_|   /_/ \_\ |___/ |___/ |___| |___/ 

admin send newsletter
----------------------------------------------------------------------
00:48:42.817 [AsyncHttpClient-1-13] DEBUG org.asynchttpclient.netty.handler.WebSocketHandler - Channel Closed: [id: 0x83569cde, L:/127.0.0.1:50188 ! R:localhost/127.0.0.1:50181] with attribute NettyResponseFuture{currentRetry=5,
	isDone=1,
	isCancelled=0,
	asyncHandler=org.asynchttpclient.ws.WebSocketUpgradeHandler@4d9e8f93,
	nettyRequest=org.asynchttpclient.netty.request.NettyRequest@5be55ac9,
	future=java.util.concurrent.CompletableFuture@46e2b6d5[Completed normally],
	uri=ws://localhost:50181/devtools/browser/9561d066-3670-4cb7-8de7-ae4c258844c5,
	keepAlive=true,
	redirectCount=0,
	timeoutsHolder=null,
	inAuth=0,
	touch=1658422113991}
00:48:42.817 [AsyncHttpClient-1-13] DEBUG org.asynchttpclient.netty.channel.ChannelManager - Closing Channel [id: 0x83569cde, L:/127.0.0.1:50188 ! R:localhost/127.0.0.1:50181] 
00:48:42.820 [Driver Command Executor] DEBUG org.asynchttpclient.netty.request.NettyRequestSender - Using pooled Channel '[id: 0x7bc3febf, L:/127.0.0.1:50180 - R:localhost/127.0.0.1:52877]' for 'DELETE' to 'http://localhost:52877/session/17b60dc985377980ce49c666d81771d8'
00:48:42.820 [Driver Command Executor] DEBUG org.asynchttpclient.netty.request.NettyRequestSender - Using open Channel [id: 0x7bc3febf, L:/127.0.0.1:50180 - R:localhost/127.0.0.1:52877] for DELETE '/session/17b60dc985377980ce49c666d81771d8'
00:48:43.196 [AsyncHttpClient-1-1] DEBUG org.asynchttpclient.netty.channel.DefaultChannelPool - Entry count for : http://localhost:50181 : 1
00:48:43.282 [AsyncHttpClient-1-12] DEBUG org.asynchttpclient.netty.handler.HttpHandler - Unexpected I/O exception on channel [id: 0x04d7a466, L:/127.0.0.1:50187 - R:localhost/127.0.0.1:50181]
java.net.SocketException: Connection reset
	at java.base/sun.nio.ch.SocketChannelImpl.throwConnectionReset(SocketChannelImpl.java:394)
	at java.base/sun.nio.ch.SocketChannelImpl.read(SocketChannelImpl.java:426)
	at io.netty.buffer.PooledByteBuf.setBytes(PooledByteBuf.java:258)
	at io.netty.buffer.AbstractByteBuf.writeBytes(AbstractByteBuf.java:1132)
	at io.netty.channel.socket.nio.NioSocketChannel.doReadBytes(NioSocketChannel.java:350)
	at io.netty.channel.nio.AbstractNioByteChannel$NioByteUnsafe.read(AbstractNioByteChannel.java:151)
	at io.netty.channel.nio.NioEventLoop.processSelectedKey(NioEventLoop.java:722)
	at io.netty.channel.nio.NioEventLoop.processSelectedKeysOptimized(NioEventLoop.java:658)
	at io.netty.channel.nio.NioEventLoop.processSelectedKeys(NioEventLoop.java:584)
	at io.netty.channel.nio.NioEventLoop.run(NioEventLoop.java:496)
	at io.netty.util.concurrent.SingleThreadEventExecutor$4.run(SingleThreadEventExecutor.java:986)
	at io.netty.util.internal.ThreadExecutorMap$2.run(ThreadExecutorMap.java:74)
	at io.netty.util.concurrent.FastThreadLocalRunnable.run(FastThreadLocalRunnable.java:30)
	at java.base/java.lang.Thread.run(Thread.java:833)
00:48:43.282 [AsyncHttpClient-1-12] DEBUG org.asynchttpclient.netty.channel.ChannelManager - Closing Channel [id: 0x04d7a466, L:/127.0.0.1:50187 - R:localhost/127.0.0.1:50181] 
00:48:43.282 [AsyncHttpClient-1-12] DEBUG org.asynchttpclient.netty.handler.HttpHandler - Channel Closed: [id: 0x04d7a466, L:/127.0.0.1:50187 ! R:localhost/127.0.0.1:50181] with attribute DISCARD
00:48:43.354 [AsyncHttpClient-1-11] DEBUG org.asynchttpclient.netty.handler.HttpHandler - 

Request DefaultFullHttpRequest(decodeResult: success, version: HTTP/1.1, content: EmptyByteBufBE)
DELETE /session/17b60dc985377980ce49c666d81771d8 HTTP/1.1
User-Agent: selenium/4.1.2 (java windows)
Content-Type: application/json; charset=utf-8
host: localhost:52877
accept: */*

Response DefaultHttpResponse(decodeResult: success, version: HTTP/1.1)
HTTP/1.1 200 OK
Content-Type: application/json; charset=utf-8
cache-control: no-cache
content-length: 14

00:48:43.354 [AsyncHttpClient-1-11] DEBUG org.asynchttpclient.netty.channel.ChannelManager - Adding key: http://localhost:52877 for channel [id: 0x7bc3febf, L:/127.0.0.1:50180 - R:localhost/127.0.0.1:52877]
00:48:44.135 [AsyncHttpClient-1-11] DEBUG org.asynchttpclient.netty.handler.HttpHandler - Channel Closed: [id: 0x7bc3febf, L:/127.0.0.1:50180 ! R:localhost/127.0.0.1:52877] with attribute DISCARD
]]></system-out>
    <system-err><![CDATA[Starting ChromeDriver 103.0.5060.134 (8ec6fce403b3feb0869b0732eda8bd95011d333c-refs/branch-heads/5060@{#1262}) on port 52877
Only local connections are allowed.
Please see https://chromedriver.chromium.org/security-considerations for suggestions on keeping ChromeDriver safe.
ChromeDriver was started successfully.
Jul 22, 2022 12:48:33 AM org.openqa.selenium.remote.ProtocolHandshake createSession
INFO: Detected dialect: W3C
Jul 22, 2022 12:48:33 AM org.openqa.selenium.devtools.CdpVersionFinder findNearestMatch
WARNING: Unable to find an exact match for CDP version 103, so returning the closest version found: a no-op implementation
Jul 22, 2022 12:48:33 AM org.openqa.selenium.devtools.CdpVersionFinder findNearestMatch
INFO: Unable to find CDP implementation matching 103.
Jul 22, 2022 12:48:33 AM org.openqa.selenium.chromium.ChromiumDriver lambda$new$3
WARNING: Unable to find version of CDP to use for . You may need to include a dependency on a specific version of the CDP using something similar to `org.seleniumhq.selenium:selenium-devtools-v86:4.1.2` where the version ("v86") matches the version of the chromium-based browser you're using and the version number of the artifact is the same as Selenium's.
]]></system-err>
  </testcase>
  <testcase name="admin see newsletter page" classname="admin see detail newsletter page" time="10.588">
    <system-out><![CDATA[
@newsletter
Scenario: admin see newsletter page             &amp#27;[90m# src/test/resources/features/newsletter.feature:16&amp#27;[0m
00:48:44.238 [main] INFO io.cucumber.core.plugin.SerenityReporter - Running feature from file:///D:/capstone%20projek/web%20testing/src/test/resources/features/newsletter.feature
00:48:44.239 [main] INFO  - 
  _____   ___   ___   _____     ___   _____     _     ___   _____   ___   ___  
 |_   _| | __| / __| |_   _|   / __| |_   _|   /_\   | _ \ |_   _| | __| |   \ 
   | |   | _|  \__ \   | |     \__ \   | |    / _ \  |   /   | |   | _|  | |) |
   |_|   |___| |___/   |_|     |___/   |_|   /_/ \_\ |_|_\   |_|   |___| |___/ 

admin see newsletter page(admin-see-detail-newsletter-page;admin-see-newsletter-page)
--------------------------------------------------------------------------------
00:48:44.248 [main] DEBUG net.thucydides.core.steps.StepInterceptor - STARTING STEP: LoginSteps.adminOnLoginPage - openPage
00:48:44.250 [main] INFO net.serenitybdd.core.webdriver.driverproviders.ChromeDriverProvider - Using automatically driver download
00:48:44.290 [AsyncHttpClient-1-1] DEBUG org.asynchttpclient.netty.channel.DefaultChannelPool - Entry count for : http://localhost:50181 : 1
00:48:44.290 [AsyncHttpClient-1-1] DEBUG org.asynchttpclient.netty.channel.DefaultChannelPool - Entry count for : http://localhost:52877 : 1
00:48:44.290 [AsyncHttpClient-1-1] DEBUG org.asynchttpclient.netty.channel.DefaultChannelPool - Adding Candidate expired Channel [id: 0x04d7a466, L:/127.0.0.1:50187 ! R:localhost/127.0.0.1:50181] isIdleTimeoutExpired=false isRemotelyClosed=true isTtlExpired=false
00:48:44.290 [AsyncHttpClient-1-1] DEBUG org.asynchttpclient.netty.channel.DefaultChannelPool - Closing Idle Channel [id: 0x04d7a466, L:/127.0.0.1:50187 ! R:localhost/127.0.0.1:50181]
00:48:44.290 [AsyncHttpClient-1-1] DEBUG org.asynchttpclient.netty.channel.DefaultChannelPool - Adding Candidate expired Channel [id: 0x7bc3febf, L:/127.0.0.1:50180 ! R:localhost/127.0.0.1:52877] isIdleTimeoutExpired=false isRemotelyClosed=true isTtlExpired=false
00:48:44.290 [AsyncHttpClient-1-1] DEBUG org.asynchttpclient.netty.channel.DefaultChannelPool - Closing Idle Channel [id: 0x7bc3febf, L:/127.0.0.1:50180 ! R:localhost/127.0.0.1:52877]
00:48:44.290 [AsyncHttpClient-1-1] DEBUG org.asynchttpclient.netty.channel.DefaultChannelPool - Closed 2 connections out of 2 in 0 ms
00:48:44.365 [main] DEBUG io.github.bonigarcia.wdm.cache.ResolutionCache - Resolution chrome=103 in cache (valid until 01:32:20 22/07/2022 WITA)
00:48:44.371 [main] DEBUG io.github.bonigarcia.wdm.cache.ResolutionCache - Resolution chrome103=103.0.5060.134 in cache (valid until 21:05:58 22/07/2022 WITA)
00:48:44.372 [main] INFO io.github.bonigarcia.wdm.WebDriverManager - Using chromedriver 103.0.5060.134 (resolved driver for Chrome 103)
00:48:44.383 [main] DEBUG io.github.bonigarcia.wdm.WebDriverManager - Driver chromedriver 103.0.5060.134 found in cache
00:48:44.383 [main] INFO io.github.bonigarcia.wdm.WebDriverManager - Exporting webdriver.chrome.driver as C:\Users\Rev\.cache\selenium\chromedriver\win32\103.0.5060.134\chromedriver.exe
00:48:44.500 [main] DEBUG net.serenitybdd.core.webdriver.driverproviders.ProvideNewDriver - Instantiating driver
00:48:44.500 [main] DEBUG net.serenitybdd.core.webdriver.driverproviders.ProvideNewDriver - Driver capabilities: Capabilities {acceptInsecureCerts: false, base.url: https://sportly.rafdev.my.id/, browserName: chrome, chrome.driver: webdriver/chromedriver.exe, driver: chrome, goog:chromeOptions: {args: [], extensions: []}}
00:48:44.704 [AsyncHttpClient-1-14] DEBUG org.asynchttpclient.netty.channel.NettyConnectListener - Using new Channel '[id: 0xbde7c639, L:/127.0.0.1:50220 - R:localhost/127.0.0.1:51314]' for 'POST' to '/session'
00:48:45.364 [AsyncHttpClient-1-14] DEBUG org.asynchttpclient.netty.handler.HttpHandler - 

Request DefaultHttpRequest(decodeResult: success, version: HTTP/1.1)
POST /session HTTP/1.1
User-Agent: selenium/4.1.2 (java windows)
Content-Length: 581
Content-Type: application/json; charset=utf-8
host: localhost:51314
accept: */*

Response DefaultHttpResponse(decodeResult: success, version: HTTP/1.1)
HTTP/1.1 200 OK
Content-Type: application/json; charset=utf-8
cache-control: no-cache
content-length: 790

00:48:45.364 [AsyncHttpClient-1-14] DEBUG org.asynchttpclient.netty.channel.ChannelManager - Adding key: http://localhost:51314 for channel [id: 0xbde7c639, L:/127.0.0.1:50220 - R:localhost/127.0.0.1:51314]
00:48:45.369 [AsyncHttpClient-1-15] DEBUG org.asynchttpclient.netty.channel.NettyConnectListener - Using new Channel '[id: 0x3a4233b2, L:/127.0.0.1:50227 - R:localhost/127.0.0.1:50221]' for 'GET' to '/json/version'
00:48:45.369 [AsyncHttpClient-1-15] DEBUG org.asynchttpclient.netty.handler.HttpHandler - 

Request DefaultFullHttpRequest(decodeResult: success, version: HTTP/1.1, content: EmptyByteBufBE)
GET /json/version HTTP/1.1
User-Agent: selenium/4.1.2 (java windows)
host: localhost:50221
accept: */*

Response DefaultHttpResponse(decodeResult: success, version: HTTP/1.1)
HTTP/1.1 200 OK
Content-Type: application/json; charset=UTF-8
content-length: 429

00:48:45.369 [AsyncHttpClient-1-15] DEBUG org.asynchttpclient.netty.channel.ChannelManager - Adding key: http://localhost:50221 for channel [id: 0x3a4233b2, L:/127.0.0.1:50227 - R:localhost/127.0.0.1:50221]
00:48:45.371 [AsyncHttpClient-1-16] DEBUG org.asynchttpclient.netty.channel.NettyConnectListener - Using new Channel '[id: 0x33f88c8e, L:/127.0.0.1:50228 - R:localhost/127.0.0.1:50221]' for 'GET' to '/devtools/browser/9cd9022c-65a5-42f6-a326-1d3eaf188110'
00:48:45.371 [AsyncHttpClient-1-16] DEBUG org.asynchttpclient.netty.handler.WebSocketHandler - 

Request DefaultFullHttpRequest(decodeResult: success, version: HTTP/1.1, content: EmptyByteBufBE)
GET /devtools/browser/9cd9022c-65a5-42f6-a326-1d3eaf188110 HTTP/1.1
upgrade: websocket
connection: upgrade
sec-websocket-key: gJVewFYpNJ6Lkg/EwreZNQ==
sec-websocket-version: 13
origin: http://localhost:50221
host: localhost:50221
accept: */*
user-agent: AHC/2.1

Response DefaultHttpResponse(decodeResult: success, version: HTTP/1.1)
HTTP/1.1 101 WebSocket Protocol Handshake
Upgrade: WebSocket
Connection: Upgrade
Sec-WebSocket-Accept: FSBHIdymSp7xbyr04xWxIybzlGI=

00:48:45.375 [Forwarding setCurrentWindowSize on session 8b7683aafac75a31e610253b529b519f to remote] DEBUG org.asynchttpclient.netty.request.NettyRequestSender - Using pooled Channel '[id: 0xbde7c639, L:/127.0.0.1:50220 - R:localhost/127.0.0.1:51314]' for 'POST' to 'http://localhost:51314/session/8b7683aafac75a31e610253b529b519f/window/rect'
00:48:45.375 [Forwarding setCurrentWindowSize on session 8b7683aafac75a31e610253b529b519f to remote] DEBUG org.asynchttpclient.netty.request.NettyRequestSender - Using open Channel [id: 0xbde7c639, L:/127.0.0.1:50220 - R:localhost/127.0.0.1:51314] for POST '/session/8b7683aafac75a31e610253b529b519f/window/rect'
00:48:45.389 [AsyncHttpClient-1-1] DEBUG org.asynchttpclient.netty.channel.DefaultChannelPool - Entry count for : http://localhost:50221 : 1
00:48:45.502 [AsyncHttpClient-1-14] DEBUG org.asynchttpclient.netty.handler.HttpHandler - 

Request DefaultHttpRequest(decodeResult: success, version: HTTP/1.1)
POST /session/8b7683aafac75a31e610253b529b519f/window/rect HTTP/1.1
User-Agent: selenium/4.1.2 (java windows)
Content-Length: 37
Content-Type: application/json; charset=utf-8
host: localhost:51314
accept: */*

Response DefaultHttpResponse(decodeResult: success, version: HTTP/1.1)
HTTP/1.1 200 OK
Content-Type: application/json; charset=utf-8
cache-control: no-cache
content-length: 52

00:48:45.502 [AsyncHttpClient-1-14] DEBUG org.asynchttpclient.netty.channel.ChannelManager - Adding key: http://localhost:51314 for channel [id: 0xbde7c639, L:/127.0.0.1:50220 - R:localhost/127.0.0.1:51314]
00:48:45.503 [Forwarding setWindowPosition on session 8b7683aafac75a31e610253b529b519f to remote] DEBUG org.asynchttpclient.netty.request.NettyRequestSender - Using pooled Channel '[id: 0xbde7c639, L:/127.0.0.1:50220 - R:localhost/127.0.0.1:51314]' for 'POST' to 'http://localhost:51314/session/8b7683aafac75a31e610253b529b519f/window/rect'
00:48:45.503 [Forwarding setWindowPosition on session 8b7683aafac75a31e610253b529b519f to remote] DEBUG org.asynchttpclient.netty.request.NettyRequestSender - Using open Channel [id: 0xbde7c639, L:/127.0.0.1:50220 - R:localhost/127.0.0.1:51314] for POST '/session/8b7683aafac75a31e610253b529b519f/window/rect'
00:48:45.644 [AsyncHttpClient-1-14] DEBUG org.asynchttpclient.netty.handler.HttpHandler - 

Request DefaultHttpRequest(decodeResult: success, version: HTTP/1.1)
POST /session/8b7683aafac75a31e610253b529b519f/window/rect HTTP/1.1
User-Agent: selenium/4.1.2 (java windows)
Content-Length: 22
Content-Type: application/json; charset=utf-8
host: localhost:51314
accept: */*

Response DefaultHttpResponse(decodeResult: success, version: HTTP/1.1)
HTTP/1.1 200 OK
Content-Type: application/json; charset=utf-8
cache-control: no-cache
content-length: 50

00:48:45.644 [AsyncHttpClient-1-14] DEBUG org.asynchttpclient.netty.channel.ChannelManager - Adding key: http://localhost:51314 for channel [id: 0xbde7c639, L:/127.0.0.1:50220 - R:localhost/127.0.0.1:51314]
00:48:45.645 [Forwarding get on session 8b7683aafac75a31e610253b529b519f to remote] DEBUG org.asynchttpclient.netty.request.NettyRequestSender - Using pooled Channel '[id: 0xbde7c639, L:/127.0.0.1:50220 - R:localhost/127.0.0.1:51314]' for 'POST' to 'http://localhost:51314/session/8b7683aafac75a31e610253b529b519f/url'
00:48:45.645 [Forwarding get on session 8b7683aafac75a31e610253b529b519f to remote] DEBUG org.asynchttpclient.netty.request.NettyRequestSender - Using open Channel [id: 0xbde7c639, L:/127.0.0.1:50220 - R:localhost/127.0.0.1:51314] for POST '/session/8b7683aafac75a31e610253b529b519f/url'
00:48:46.494 [AsyncHttpClient-1-1] DEBUG org.asynchttpclient.netty.channel.DefaultChannelPool - Entry count for : http://localhost:50221 : 1
00:48:47.586 [AsyncHttpClient-1-1] DEBUG org.asynchttpclient.netty.channel.DefaultChannelPool - Entry count for : http://localhost:50221 : 1
00:48:48.141 [AsyncHttpClient-1-14] DEBUG org.asynchttpclient.netty.handler.HttpHandler - 

Request DefaultHttpRequest(decodeResult: success, version: HTTP/1.1)
POST /session/8b7683aafac75a31e610253b529b519f/url HTTP/1.1
User-Agent: selenium/4.1.2 (java windows)
Content-Length: 59
Content-Type: application/json; charset=utf-8
host: localhost:51314
accept: */*

Response DefaultHttpResponse(decodeResult: success, version: HTTP/1.1)
HTTP/1.1 200 OK
Content-Type: application/json; charset=utf-8
cache-control: no-cache
content-length: 14

00:48:48.141 [AsyncHttpClient-1-14] DEBUG org.asynchttpclient.netty.channel.ChannelManager - Adding key: http://localhost:51314 for channel [id: 0xbde7c639, L:/127.0.0.1:50220 - R:localhost/127.0.0.1:51314]
00:48:48.142 [Forwarding setTimeout on session 8b7683aafac75a31e610253b529b519f to remote] DEBUG org.asynchttpclient.netty.request.NettyRequestSender - Using pooled Channel '[id: 0xbde7c639, L:/127.0.0.1:50220 - R:localhost/127.0.0.1:51314]' for 'POST' to 'http://localhost:51314/session/8b7683aafac75a31e610253b529b519f/timeouts'
00:48:48.142 [Forwarding setTimeout on session 8b7683aafac75a31e610253b529b519f to remote] DEBUG org.asynchttpclient.netty.request.NettyRequestSender - Using open Channel [id: 0xbde7c639, L:/127.0.0.1:50220 - R:localhost/127.0.0.1:51314] for POST '/session/8b7683aafac75a31e610253b529b519f/timeouts'
00:48:48.143 [AsyncHttpClient-1-14] DEBUG org.asynchttpclient.netty.handler.HttpHandler - 

Request DefaultHttpRequest(decodeResult: success, version: HTTP/1.1)
POST /session/8b7683aafac75a31e610253b529b519f/timeouts HTTP/1.1
User-Agent: selenium/4.1.2 (java windows)
Content-Length: 22
Content-Type: application/json; charset=utf-8
host: localhost:51314
accept: */*

Response DefaultHttpResponse(decodeResult: success, version: HTTP/1.1)
HTTP/1.1 200 OK
Content-Type: application/json; charset=utf-8
cache-control: no-cache
content-length: 14

00:48:48.143 [AsyncHttpClient-1-14] DEBUG org.asynchttpclient.netty.channel.ChannelManager - Adding key: http://localhost:51314 for channel [id: 0xbde7c639, L:/127.0.0.1:50220 - R:localhost/127.0.0.1:51314]
00:48:48.145 [Forwarding getCurrentUrl on session 8b7683aafac75a31e610253b529b519f to remote] DEBUG org.asynchttpclient.netty.request.NettyRequestSender - Using pooled Channel '[id: 0xbde7c639, L:/127.0.0.1:50220 - R:localhost/127.0.0.1:51314]' for 'GET' to 'http://localhost:51314/session/8b7683aafac75a31e610253b529b519f/url'
00:48:48.146 [Forwarding getCurrentUrl on session 8b7683aafac75a31e610253b529b519f to remote] DEBUG org.asynchttpclient.netty.request.NettyRequestSender - Using open Channel [id: 0xbde7c639, L:/127.0.0.1:50220 - R:localhost/127.0.0.1:51314] for GET '/session/8b7683aafac75a31e610253b529b519f/url'
00:48:48.175 [AsyncHttpClient-1-14] DEBUG org.asynchttpclient.netty.handler.HttpHandler - 

Request DefaultFullHttpRequest(decodeResult: success, version: HTTP/1.1, content: EmptyByteBufBE)
GET /session/8b7683aafac75a31e610253b529b519f/url HTTP/1.1
User-Agent: selenium/4.1.2 (java windows)
Cache-Control: no-cache
Content-Type: application/json; charset=utf-8
host: localhost:51314
accept: */*

Response DefaultHttpResponse(decodeResult: success, version: HTTP/1.1)
HTTP/1.1 200 OK
Content-Type: application/json; charset=utf-8
cache-control: no-cache
content-length: 46

00:48:48.175 [AsyncHttpClient-1-14] DEBUG org.asynchttpclient.netty.channel.ChannelManager - Adding key: http://localhost:51314 for channel [id: 0xbde7c639, L:/127.0.0.1:50220 - R:localhost/127.0.0.1:51314]
00:48:48.177 [Forwarding getCurrentUrl on session 8b7683aafac75a31e610253b529b519f to remote] DEBUG org.asynchttpclient.netty.request.NettyRequestSender - Using pooled Channel '[id: 0xbde7c639, L:/127.0.0.1:50220 - R:localhost/127.0.0.1:51314]' for 'GET' to 'http://localhost:51314/session/8b7683aafac75a31e610253b529b519f/url'
00:48:48.177 [Forwarding getCurrentUrl on session 8b7683aafac75a31e610253b529b519f to remote] DEBUG org.asynchttpclient.netty.request.NettyRequestSender - Using open Channel [id: 0xbde7c639, L:/127.0.0.1:50220 - R:localhost/127.0.0.1:51314] for GET '/session/8b7683aafac75a31e610253b529b519f/url'
00:48:48.198 [AsyncHttpClient-1-14] DEBUG org.asynchttpclient.netty.handler.HttpHandler - 

Request DefaultFullHttpRequest(decodeResult: success, version: HTTP/1.1, content: EmptyByteBufBE)
GET /session/8b7683aafac75a31e610253b529b519f/url HTTP/1.1
User-Agent: selenium/4.1.2 (java windows)
Cache-Control: no-cache
Content-Type: application/json; charset=utf-8
host: localhost:51314
accept: */*

Response DefaultHttpResponse(decodeResult: success, version: HTTP/1.1)
HTTP/1.1 200 OK
Content-Type: application/json; charset=utf-8
cache-control: no-cache
content-length: 46

00:48:48.198 [AsyncHttpClient-1-14] DEBUG org.asynchttpclient.netty.channel.ChannelManager - Adding key: http://localhost:51314 for channel [id: 0xbde7c639, L:/127.0.0.1:50220 - R:localhost/127.0.0.1:51314]
00:48:48.202 [Forwarding screenshot on session 8b7683aafac75a31e610253b529b519f to remote] DEBUG org.asynchttpclient.netty.request.NettyRequestSender - Using pooled Channel '[id: 0xbde7c639, L:/127.0.0.1:50220 - R:localhost/127.0.0.1:51314]' for 'GET' to 'http://localhost:51314/session/8b7683aafac75a31e610253b529b519f/screenshot'
00:48:48.202 [Forwarding screenshot on session 8b7683aafac75a31e610253b529b519f to remote] DEBUG org.asynchttpclient.netty.request.NettyRequestSender - Using open Channel [id: 0xbde7c639, L:/127.0.0.1:50220 - R:localhost/127.0.0.1:51314] for GET '/session/8b7683aafac75a31e610253b529b519f/screenshot'
00:48:48.657 [AsyncHttpClient-1-14] DEBUG org.asynchttpclient.netty.handler.HttpHandler - 

Request DefaultFullHttpRequest(decodeResult: success, version: HTTP/1.1, content: EmptyByteBufBE)
GET /session/8b7683aafac75a31e610253b529b519f/screenshot HTTP/1.1
User-Agent: selenium/4.1.2 (java windows)
Cache-Control: no-cache
Content-Type: application/json; charset=utf-8
host: localhost:51314
accept: */*

Response DefaultHttpResponse(decodeResult: success, version: HTTP/1.1)
HTTP/1.1 200 OK
Content-Type: application/json; charset=utf-8
cache-control: no-cache
content-length: 575004

00:48:48.658 [AsyncHttpClient-1-14] DEBUG org.asynchttpclient.netty.channel.ChannelManager - Adding key: http://localhost:51314 for channel [id: 0xbde7c639, L:/127.0.0.1:50220 - R:localhost/127.0.0.1:51314]
00:48:48.667 [main] DEBUG net.serenitybdd.core.photography.Darkroom - Send negative for processing for target\site\serenity\bdfb3257a55b5f729af578dfc1dc3a5762c89839bea5dc19984e34dd6640fee1.png
00:48:48.668 [main] DEBUG net.thucydides.core.steps.StepInterceptor - STEP DONE: openPage
00:48:48.672 [main] DEBUG net.thucydides.core.steps.StepInterceptor - STARTING STEP: LoginSteps.adminOnLoginPage - validateonLoginPage
00:48:48.674 [Forwarding findElement on session 8b7683aafac75a31e610253b529b519f to remote] DEBUG org.asynchttpclient.netty.request.NettyRequestSender - Using pooled Channel '[id: 0xbde7c639, L:/127.0.0.1:50220 - R:localhost/127.0.0.1:51314]' for 'POST' to 'http://localhost:51314/session/8b7683aafac75a31e610253b529b519f/element'
00:48:48.674 [Forwarding findElement on session 8b7683aafac75a31e610253b529b519f to remote] DEBUG org.asynchttpclient.netty.request.NettyRequestSender - Using open Channel [id: 0xbde7c639, L:/127.0.0.1:50220 - R:localhost/127.0.0.1:51314] for POST '/session/8b7683aafac75a31e610253b529b519f/element'
00:48:48.685 [AsyncHttpClient-1-1] DEBUG org.asynchttpclient.netty.channel.DefaultChannelPool - Entry count for : http://localhost:50221 : 1
00:48:48.685 [AsyncHttpClient-1-14] DEBUG org.asynchttpclient.netty.handler.HttpHandler - 

Request DefaultHttpRequest(decodeResult: success, version: HTTP/1.1)
POST /session/8b7683aafac75a31e610253b529b519f/element HTTP/1.1
User-Agent: selenium/4.1.2 (java windows)
Content-Length: 71
Content-Type: application/json; charset=utf-8
host: localhost:51314
accept: */*

Response DefaultHttpResponse(decodeResult: success, version: HTTP/1.1)
HTTP/1.1 200 OK
Content-Type: application/json; charset=utf-8
cache-control: no-cache
content-length: 88

00:48:48.685 [AsyncHttpClient-1-14] DEBUG org.asynchttpclient.netty.channel.ChannelManager - Adding key: http://localhost:51314 for channel [id: 0xbde7c639, L:/127.0.0.1:50220 - R:localhost/127.0.0.1:51314]
00:48:48.688 [Forwarding isElementDisplayed on session 8b7683aafac75a31e610253b529b519f to remote] DEBUG org.asynchttpclient.netty.request.NettyRequestSender - Using pooled Channel '[id: 0xbde7c639, L:/127.0.0.1:50220 - R:localhost/127.0.0.1:51314]' for 'POST' to 'http://localhost:51314/session/8b7683aafac75a31e610253b529b519f/execute/sync'
00:48:48.688 [Forwarding isElementDisplayed on session 8b7683aafac75a31e610253b529b519f to remote] DEBUG org.asynchttpclient.netty.request.NettyRequestSender - Using open Channel [id: 0xbde7c639, L:/127.0.0.1:50220 - R:localhost/127.0.0.1:51314] for POST '/session/8b7683aafac75a31e610253b529b519f/execute/sync'
00:48:48.702 [AsyncHttpClient-1-14] DEBUG org.asynchttpclient.netty.handler.HttpHandler - 

Request DefaultHttpRequest(decodeResult: success, version: HTTP/1.1)
POST /session/8b7683aafac75a31e610253b529b519f/execute/sync HTTP/1.1
User-Agent: selenium/4.1.2 (java windows)
Content-Length: 48780
Content-Type: application/json; charset=utf-8
host: localhost:51314
accept: */*

Response DefaultHttpResponse(decodeResult: success, version: HTTP/1.1)
HTTP/1.1 200 OK
Content-Type: application/json; charset=utf-8
cache-control: no-cache
content-length: 14

00:48:48.702 [AsyncHttpClient-1-14] DEBUG org.asynchttpclient.netty.channel.ChannelManager - Adding key: http://localhost:51314 for channel [id: 0xbde7c639, L:/127.0.0.1:50220 - R:localhost/127.0.0.1:51314]
00:48:48.705 [main] DEBUG net.thucydides.core.steps.StepInterceptor - STEP DONE: validateonLoginPage
  &amp#27;[32mGiven &amp#27;[0m&amp#27;[32madmin on login page&amp#27;[0m                     &amp#27;[90m# starter.definitions.LoginSteps.adminOnLoginPage()&amp#27;[0m
00:48:48.719 [Forwarding screenshot on session 8b7683aafac75a31e610253b529b519f to remote] DEBUG org.asynchttpclient.netty.request.NettyRequestSender - Using pooled Channel '[id: 0xbde7c639, L:/127.0.0.1:50220 - R:localhost/127.0.0.1:51314]' for 'GET' to 'http://localhost:51314/session/8b7683aafac75a31e610253b529b519f/screenshot'
00:48:48.719 [Forwarding screenshot on session 8b7683aafac75a31e610253b529b519f to remote] DEBUG org.asynchttpclient.netty.request.NettyRequestSender - Using open Channel [id: 0xbde7c639, L:/127.0.0.1:50220 - R:localhost/127.0.0.1:51314] for GET '/session/8b7683aafac75a31e610253b529b519f/screenshot'
00:48:49.032 [AsyncHttpClient-1-14] DEBUG org.asynchttpclient.netty.handler.HttpHandler - 

Request DefaultFullHttpRequest(decodeResult: success, version: HTTP/1.1, content: EmptyByteBufBE)
GET /session/8b7683aafac75a31e610253b529b519f/screenshot HTTP/1.1
User-Agent: selenium/4.1.2 (java windows)
Cache-Control: no-cache
Content-Type: application/json; charset=utf-8
host: localhost:51314
accept: */*

Response DefaultHttpResponse(decodeResult: success, version: HTTP/1.1)
HTTP/1.1 200 OK
Content-Type: application/json; charset=utf-8
cache-control: no-cache
content-length: 575004

00:48:49.033 [AsyncHttpClient-1-14] DEBUG org.asynchttpclient.netty.channel.ChannelManager - Adding key: http://localhost:51314 for channel [id: 0xbde7c639, L:/127.0.0.1:50220 - R:localhost/127.0.0.1:51314]
00:48:49.043 [main] DEBUG net.serenitybdd.core.photography.Darkroom - Send negative for processing for target\site\serenity\bdfb3257a55b5f729af578dfc1dc3a5762c89839bea5dc19984e34dd6640fee1.png
00:48:49.043 [main] DEBUG net.thucydides.core.steps.StepInterceptor - STARTING STEP: LoginSteps.adminInputValidUssername - inputusername
00:48:49.045 [Forwarding findElement on session 8b7683aafac75a31e610253b529b519f to remote] DEBUG org.asynchttpclient.netty.request.NettyRequestSender - Using pooled Channel '[id: 0xbde7c639, L:/127.0.0.1:50220 - R:localhost/127.0.0.1:51314]' for 'POST' to 'http://localhost:51314/session/8b7683aafac75a31e610253b529b519f/element'
00:48:49.045 [Forwarding findElement on session 8b7683aafac75a31e610253b529b519f to remote] DEBUG org.asynchttpclient.netty.request.NettyRequestSender - Using open Channel [id: 0xbde7c639, L:/127.0.0.1:50220 - R:localhost/127.0.0.1:51314] for POST '/session/8b7683aafac75a31e610253b529b519f/element'
00:48:49.056 [AsyncHttpClient-1-14] DEBUG org.asynchttpclient.netty.handler.HttpHandler - 

Request DefaultHttpRequest(decodeResult: success, version: HTTP/1.1)
POST /session/8b7683aafac75a31e610253b529b519f/element HTTP/1.1
User-Agent: selenium/4.1.2 (java windows)
Content-Length: 92
Content-Type: application/json; charset=utf-8
host: localhost:51314
accept: */*

Response DefaultHttpResponse(decodeResult: success, version: HTTP/1.1)
HTTP/1.1 200 OK
Content-Type: application/json; charset=utf-8
cache-control: no-cache
content-length: 88

00:48:49.056 [AsyncHttpClient-1-14] DEBUG org.asynchttpclient.netty.channel.ChannelManager - Adding key: http://localhost:51314 for channel [id: 0xbde7c639, L:/127.0.0.1:50220 - R:localhost/127.0.0.1:51314]
00:48:49.057 [Forwarding clearElement on session 8b7683aafac75a31e610253b529b519f to remote] DEBUG org.asynchttpclient.netty.request.NettyRequestSender - Using pooled Channel '[id: 0xbde7c639, L:/127.0.0.1:50220 - R:localhost/127.0.0.1:51314]' for 'POST' to 'http://localhost:51314/session/8b7683aafac75a31e610253b529b519f/element/79338653-8052-4c7e-a34c-314e0168fbf4/clear'
00:48:49.057 [Forwarding clearElement on session 8b7683aafac75a31e610253b529b519f to remote] DEBUG org.asynchttpclient.netty.request.NettyRequestSender - Using open Channel [id: 0xbde7c639, L:/127.0.0.1:50220 - R:localhost/127.0.0.1:51314] for POST '/session/8b7683aafac75a31e610253b529b519f/element/79338653-8052-4c7e-a34c-314e0168fbf4/clear'
00:48:49.088 [AsyncHttpClient-1-14] DEBUG org.asynchttpclient.netty.handler.HttpHandler - 

Request DefaultHttpRequest(decodeResult: success, version: HTTP/1.1)
POST /session/8b7683aafac75a31e610253b529b519f/element/79338653-8052-4c7e-a34c-314e0168fbf4/clear HTTP/1.1
User-Agent: selenium/4.1.2 (java windows)
Content-Length: 50
Content-Type: application/json; charset=utf-8
host: localhost:51314
accept: */*

Response DefaultHttpResponse(decodeResult: success, version: HTTP/1.1)
HTTP/1.1 200 OK
Content-Type: application/json; charset=utf-8
cache-control: no-cache
content-length: 14

00:48:49.088 [AsyncHttpClient-1-14] DEBUG org.asynchttpclient.netty.channel.ChannelManager - Adding key: http://localhost:51314 for channel [id: 0xbde7c639, L:/127.0.0.1:50220 - R:localhost/127.0.0.1:51314]
00:48:49.090 [Forwarding sendKeysToElement on session 8b7683aafac75a31e610253b529b519f to remote] DEBUG org.asynchttpclient.netty.request.NettyRequestSender - Using pooled Channel '[id: 0xbde7c639, L:/127.0.0.1:50220 - R:localhost/127.0.0.1:51314]' for 'POST' to 'http://localhost:51314/session/8b7683aafac75a31e610253b529b519f/element/79338653-8052-4c7e-a34c-314e0168fbf4/value'
00:48:49.090 [Forwarding sendKeysToElement on session 8b7683aafac75a31e610253b529b519f to remote] DEBUG org.asynchttpclient.netty.request.NettyRequestSender - Using open Channel [id: 0xbde7c639, L:/127.0.0.1:50220 - R:localhost/127.0.0.1:51314] for POST '/session/8b7683aafac75a31e610253b529b519f/element/79338653-8052-4c7e-a34c-314e0168fbf4/value'
00:48:49.149 [AsyncHttpClient-1-14] DEBUG org.asynchttpclient.netty.handler.HttpHandler - 

Request DefaultHttpRequest(decodeResult: success, version: HTTP/1.1)
POST /session/8b7683aafac75a31e610253b529b519f/element/79338653-8052-4c7e-a34c-314e0168fbf4/value HTTP/1.1
User-Agent: selenium/4.1.2 (java windows)
Content-Length: 151
Content-Type: application/json; charset=utf-8
host: localhost:51314
accept: */*

Response DefaultHttpResponse(decodeResult: success, version: HTTP/1.1)
HTTP/1.1 200 OK
Content-Type: application/json; charset=utf-8
cache-control: no-cache
content-length: 14

00:48:49.149 [AsyncHttpClient-1-14] DEBUG org.asynchttpclient.netty.channel.ChannelManager - Adding key: http://localhost:51314 for channel [id: 0xbde7c639, L:/127.0.0.1:50220 - R:localhost/127.0.0.1:51314]
00:48:49.155 [Forwarding screenshot on session 8b7683aafac75a31e610253b529b519f to remote] DEBUG org.asynchttpclient.netty.request.NettyRequestSender - Using pooled Channel '[id: 0xbde7c639, L:/127.0.0.1:50220 - R:localhost/127.0.0.1:51314]' for 'GET' to 'http://localhost:51314/session/8b7683aafac75a31e610253b529b519f/screenshot'
00:48:49.155 [Forwarding screenshot on session 8b7683aafac75a31e610253b529b519f to remote] DEBUG org.asynchttpclient.netty.request.NettyRequestSender - Using open Channel [id: 0xbde7c639, L:/127.0.0.1:50220 - R:localhost/127.0.0.1:51314] for GET '/session/8b7683aafac75a31e610253b529b519f/screenshot'
00:48:49.458 [AsyncHttpClient-1-14] DEBUG org.asynchttpclient.netty.handler.HttpHandler - 

Request DefaultFullHttpRequest(decodeResult: success, version: HTTP/1.1, content: EmptyByteBufBE)
GET /session/8b7683aafac75a31e610253b529b519f/screenshot HTTP/1.1
User-Agent: selenium/4.1.2 (java windows)
Cache-Control: no-cache
Content-Type: application/json; charset=utf-8
host: localhost:51314
accept: */*

Response DefaultHttpResponse(decodeResult: success, version: HTTP/1.1)
HTTP/1.1 200 OK
Content-Type: application/json; charset=utf-8
cache-control: no-cache
content-length: 573184

00:48:49.459 [AsyncHttpClient-1-14] DEBUG org.asynchttpclient.netty.channel.ChannelManager - Adding key: http://localhost:51314 for channel [id: 0xbde7c639, L:/127.0.0.1:50220 - R:localhost/127.0.0.1:51314]
00:48:49.468 [main] DEBUG net.serenitybdd.core.photography.Darkroom - Send negative for processing for target\site\serenity\f77c054aa6a666f419ab49e776fdfb7fc10c7c59289c58aa7b77a3e2461e450a.png
00:48:49.468 [main] DEBUG net.thucydides.core.steps.StepInterceptor - STEP DONE: inputusername
  &amp#27;[32mWhen &amp#27;[0m&amp#27;[32madmin input valid ussername&amp#27;[0m              &amp#27;[90m# starter.definitions.LoginSteps.adminInputValidUssername()&amp#27;[0m
00:48:49.480 [main] DEBUG net.thucydides.core.steps.StepInterceptor - STARTING STEP: LoginSteps.adminInputValidPassword - inputPassword
00:48:49.482 [Forwarding findElement on session 8b7683aafac75a31e610253b529b519f to remote] DEBUG org.asynchttpclient.netty.request.NettyRequestSender - Using pooled Channel '[id: 0xbde7c639, L:/127.0.0.1:50220 - R:localhost/127.0.0.1:51314]' for 'POST' to 'http://localhost:51314/session/8b7683aafac75a31e610253b529b519f/element'
00:48:49.482 [Forwarding findElement on session 8b7683aafac75a31e610253b529b519f to remote] DEBUG org.asynchttpclient.netty.request.NettyRequestSender - Using open Channel [id: 0xbde7c639, L:/127.0.0.1:50220 - R:localhost/127.0.0.1:51314] for POST '/session/8b7683aafac75a31e610253b529b519f/element'
00:48:49.504 [AsyncHttpClient-1-14] DEBUG org.asynchttpclient.netty.handler.HttpHandler - 

Request DefaultHttpRequest(decodeResult: success, version: HTTP/1.1)
POST /session/8b7683aafac75a31e610253b529b519f/element HTTP/1.1
User-Agent: selenium/4.1.2 (java windows)
Content-Length: 92
Content-Type: application/json; charset=utf-8
host: localhost:51314
accept: */*

Response DefaultHttpResponse(decodeResult: success, version: HTTP/1.1)
HTTP/1.1 200 OK
Content-Type: application/json; charset=utf-8
cache-control: no-cache
content-length: 88

00:48:49.504 [AsyncHttpClient-1-14] DEBUG org.asynchttpclient.netty.channel.ChannelManager - Adding key: http://localhost:51314 for channel [id: 0xbde7c639, L:/127.0.0.1:50220 - R:localhost/127.0.0.1:51314]
00:48:49.505 [Forwarding clearElement on session 8b7683aafac75a31e610253b529b519f to remote] DEBUG org.asynchttpclient.netty.request.NettyRequestSender - Using pooled Channel '[id: 0xbde7c639, L:/127.0.0.1:50220 - R:localhost/127.0.0.1:51314]' for 'POST' to 'http://localhost:51314/session/8b7683aafac75a31e610253b529b519f/element/3a78a776-a234-4815-a545-6349bf257e7f/clear'
00:48:49.505 [Forwarding clearElement on session 8b7683aafac75a31e610253b529b519f to remote] DEBUG org.asynchttpclient.netty.request.NettyRequestSender - Using open Channel [id: 0xbde7c639, L:/127.0.0.1:50220 - R:localhost/127.0.0.1:51314] for POST '/session/8b7683aafac75a31e610253b529b519f/element/3a78a776-a234-4815-a545-6349bf257e7f/clear'
00:48:49.568 [AsyncHttpClient-1-14] DEBUG org.asynchttpclient.netty.handler.HttpHandler - 

Request DefaultHttpRequest(decodeResult: success, version: HTTP/1.1)
POST /session/8b7683aafac75a31e610253b529b519f/element/3a78a776-a234-4815-a545-6349bf257e7f/clear HTTP/1.1
User-Agent: selenium/4.1.2 (java windows)
Content-Length: 50
Content-Type: application/json; charset=utf-8
host: localhost:51314
accept: */*

Response DefaultHttpResponse(decodeResult: success, version: HTTP/1.1)
HTTP/1.1 200 OK
Content-Type: application/json; charset=utf-8
cache-control: no-cache
content-length: 14

00:48:49.569 [AsyncHttpClient-1-14] DEBUG org.asynchttpclient.netty.channel.ChannelManager - Adding key: http://localhost:51314 for channel [id: 0xbde7c639, L:/127.0.0.1:50220 - R:localhost/127.0.0.1:51314]
00:48:49.570 [Forwarding sendKeysToElement on session 8b7683aafac75a31e610253b529b519f to remote] DEBUG org.asynchttpclient.netty.request.NettyRequestSender - Using pooled Channel '[id: 0xbde7c639, L:/127.0.0.1:50220 - R:localhost/127.0.0.1:51314]' for 'POST' to 'http://localhost:51314/session/8b7683aafac75a31e610253b529b519f/element/3a78a776-a234-4815-a545-6349bf257e7f/value'
00:48:49.570 [Forwarding sendKeysToElement on session 8b7683aafac75a31e610253b529b519f to remote] DEBUG org.asynchttpclient.netty.request.NettyRequestSender - Using open Channel [id: 0xbde7c639, L:/127.0.0.1:50220 - R:localhost/127.0.0.1:51314] for POST '/session/8b7683aafac75a31e610253b529b519f/element/3a78a776-a234-4815-a545-6349bf257e7f/value'
00:48:49.710 [AsyncHttpClient-1-14] DEBUG org.asynchttpclient.netty.handler.HttpHandler - 

Request DefaultHttpRequest(decodeResult: success, version: HTTP/1.1)
POST /session/8b7683aafac75a31e610253b529b519f/element/3a78a776-a234-4815-a545-6349bf257e7f/value HTTP/1.1
User-Agent: selenium/4.1.2 (java windows)
Content-Length: 291
Content-Type: application/json; charset=utf-8
host: localhost:51314
accept: */*

Response DefaultHttpResponse(decodeResult: success, version: HTTP/1.1)
HTTP/1.1 200 OK
Content-Type: application/json; charset=utf-8
cache-control: no-cache
content-length: 14

00:48:49.710 [AsyncHttpClient-1-14] DEBUG org.asynchttpclient.netty.channel.ChannelManager - Adding key: http://localhost:51314 for channel [id: 0xbde7c639, L:/127.0.0.1:50220 - R:localhost/127.0.0.1:51314]
00:48:49.715 [Forwarding screenshot on session 8b7683aafac75a31e610253b529b519f to remote] DEBUG org.asynchttpclient.netty.request.NettyRequestSender - Using pooled Channel '[id: 0xbde7c639, L:/127.0.0.1:50220 - R:localhost/127.0.0.1:51314]' for 'GET' to 'http://localhost:51314/session/8b7683aafac75a31e610253b529b519f/screenshot'
00:48:49.715 [Forwarding screenshot on session 8b7683aafac75a31e610253b529b519f to remote] DEBUG org.asynchttpclient.netty.request.NettyRequestSender - Using open Channel [id: 0xbde7c639, L:/127.0.0.1:50220 - R:localhost/127.0.0.1:51314] for GET '/session/8b7683aafac75a31e610253b529b519f/screenshot'
00:48:49.785 [AsyncHttpClient-1-1] DEBUG org.asynchttpclient.netty.channel.DefaultChannelPool - Entry count for : http://localhost:50221 : 1
00:48:50.024 [AsyncHttpClient-1-14] DEBUG org.asynchttpclient.netty.handler.HttpHandler - 

Request DefaultFullHttpRequest(decodeResult: success, version: HTTP/1.1, content: EmptyByteBufBE)
GET /session/8b7683aafac75a31e610253b529b519f/screenshot HTTP/1.1
User-Agent: selenium/4.1.2 (java windows)
Cache-Control: no-cache
Content-Type: application/json; charset=utf-8
host: localhost:51314
accept: */*

Response DefaultHttpResponse(decodeResult: success, version: HTTP/1.1)
HTTP/1.1 200 OK
Content-Type: application/json; charset=utf-8
cache-control: no-cache
content-length: 569460

00:48:50.025 [AsyncHttpClient-1-14] DEBUG org.asynchttpclient.netty.channel.ChannelManager - Adding key: http://localhost:51314 for channel [id: 0xbde7c639, L:/127.0.0.1:50220 - R:localhost/127.0.0.1:51314]
00:48:50.034 [main] DEBUG net.serenitybdd.core.photography.Darkroom - Send negative for processing for target\site\serenity\7121c7966e51ed0bee580053fa8354e56400a63fd65cbfa41529dc1e051e1e6a.png
00:48:50.034 [main] DEBUG net.thucydides.core.steps.StepInterceptor - STEP DONE: inputPassword
  &amp#27;[32mAnd &amp#27;[0m&amp#27;[32madmin input valid password&amp#27;[0m                &amp#27;[90m# starter.definitions.LoginSteps.adminInputValidPassword()&amp#27;[0m
00:48:50.046 [main] DEBUG net.thucydides.core.steps.StepInterceptor - STARTING STEP: LoginSteps.clickLoginButton - clickloginButton
00:48:50.049 [Forwarding findElement on session 8b7683aafac75a31e610253b529b519f to remote] DEBUG org.asynchttpclient.netty.request.NettyRequestSender - Using pooled Channel '[id: 0xbde7c639, L:/127.0.0.1:50220 - R:localhost/127.0.0.1:51314]' for 'POST' to 'http://localhost:51314/session/8b7683aafac75a31e610253b529b519f/element'
00:48:50.049 [Forwarding findElement on session 8b7683aafac75a31e610253b529b519f to remote] DEBUG org.asynchttpclient.netty.request.NettyRequestSender - Using open Channel [id: 0xbde7c639, L:/127.0.0.1:50220 - R:localhost/127.0.0.1:51314] for POST '/session/8b7683aafac75a31e610253b529b519f/element'
00:48:50.064 [AsyncHttpClient-1-14] DEBUG org.asynchttpclient.netty.handler.HttpHandler - 

Request DefaultHttpRequest(decodeResult: success, version: HTTP/1.1)
POST /session/8b7683aafac75a31e610253b529b519f/element HTTP/1.1
User-Agent: selenium/4.1.2 (java windows)
Content-Length: 71
Content-Type: application/json; charset=utf-8
host: localhost:51314
accept: */*

Response DefaultHttpResponse(decodeResult: success, version: HTTP/1.1)
HTTP/1.1 200 OK
Content-Type: application/json; charset=utf-8
cache-control: no-cache
content-length: 88

00:48:50.064 [AsyncHttpClient-1-14] DEBUG org.asynchttpclient.netty.channel.ChannelManager - Adding key: http://localhost:51314 for channel [id: 0xbde7c639, L:/127.0.0.1:50220 - R:localhost/127.0.0.1:51314]
00:48:50.066 [Forwarding getElementTagName on session 8b7683aafac75a31e610253b529b519f to remote] DEBUG org.asynchttpclient.netty.request.NettyRequestSender - Using pooled Channel '[id: 0xbde7c639, L:/127.0.0.1:50220 - R:localhost/127.0.0.1:51314]' for 'GET' to 'http://localhost:51314/session/8b7683aafac75a31e610253b529b519f/element/130500f5-e307-4abd-8150-7425e9ca030e/name'
00:48:50.066 [Forwarding getElementTagName on session 8b7683aafac75a31e610253b529b519f to remote] DEBUG org.asynchttpclient.netty.request.NettyRequestSender - Using open Channel [id: 0xbde7c639, L:/127.0.0.1:50220 - R:localhost/127.0.0.1:51314] for GET '/session/8b7683aafac75a31e610253b529b519f/element/130500f5-e307-4abd-8150-7425e9ca030e/name'
00:48:50.080 [AsyncHttpClient-1-14] DEBUG org.asynchttpclient.netty.handler.HttpHandler - 

Request DefaultFullHttpRequest(decodeResult: success, version: HTTP/1.1, content: EmptyByteBufBE)
GET /session/8b7683aafac75a31e610253b529b519f/element/130500f5-e307-4abd-8150-7425e9ca030e/name HTTP/1.1
User-Agent: selenium/4.1.2 (java windows)
Cache-Control: no-cache
Content-Type: application/json; charset=utf-8
host: localhost:51314
accept: */*

Response DefaultHttpResponse(decodeResult: success, version: HTTP/1.1)
HTTP/1.1 200 OK
Content-Type: application/json; charset=utf-8
cache-control: no-cache
content-length: 18

00:48:50.080 [AsyncHttpClient-1-14] DEBUG org.asynchttpclient.netty.channel.ChannelManager - Adding key: http://localhost:51314 for channel [id: 0xbde7c639, L:/127.0.0.1:50220 - R:localhost/127.0.0.1:51314]
00:48:50.081 [Forwarding getElementTagName on session 8b7683aafac75a31e610253b529b519f to remote] DEBUG org.asynchttpclient.netty.request.NettyRequestSender - Using pooled Channel '[id: 0xbde7c639, L:/127.0.0.1:50220 - R:localhost/127.0.0.1:51314]' for 'GET' to 'http://localhost:51314/session/8b7683aafac75a31e610253b529b519f/element/130500f5-e307-4abd-8150-7425e9ca030e/name'
00:48:50.081 [Forwarding getElementTagName on session 8b7683aafac75a31e610253b529b519f to remote] DEBUG org.asynchttpclient.netty.request.NettyRequestSender - Using open Channel [id: 0xbde7c639, L:/127.0.0.1:50220 - R:localhost/127.0.0.1:51314] for GET '/session/8b7683aafac75a31e610253b529b519f/element/130500f5-e307-4abd-8150-7425e9ca030e/name'
00:48:50.097 [AsyncHttpClient-1-14] DEBUG org.asynchttpclient.netty.handler.HttpHandler - 

Request DefaultFullHttpRequest(decodeResult: success, version: HTTP/1.1, content: EmptyByteBufBE)
GET /session/8b7683aafac75a31e610253b529b519f/element/130500f5-e307-4abd-8150-7425e9ca030e/name HTTP/1.1
User-Agent: selenium/4.1.2 (java windows)
Cache-Control: no-cache
Content-Type: application/json; charset=utf-8
host: localhost:51314
accept: */*

Response DefaultHttpResponse(decodeResult: success, version: HTTP/1.1)
HTTP/1.1 200 OK
Content-Type: application/json; charset=utf-8
cache-control: no-cache
content-length: 18

00:48:50.097 [AsyncHttpClient-1-14] DEBUG org.asynchttpclient.netty.channel.ChannelManager - Adding key: http://localhost:51314 for channel [id: 0xbde7c639, L:/127.0.0.1:50220 - R:localhost/127.0.0.1:51314]
00:48:50.099 [Forwarding isElementEnabled on session 8b7683aafac75a31e610253b529b519f to remote] DEBUG org.asynchttpclient.netty.request.NettyRequestSender - Using pooled Channel '[id: 0xbde7c639, L:/127.0.0.1:50220 - R:localhost/127.0.0.1:51314]' for 'GET' to 'http://localhost:51314/session/8b7683aafac75a31e610253b529b519f/element/130500f5-e307-4abd-8150-7425e9ca030e/enabled'
00:48:50.099 [Forwarding isElementEnabled on session 8b7683aafac75a31e610253b529b519f to remote] DEBUG org.asynchttpclient.netty.request.NettyRequestSender - Using open Channel [id: 0xbde7c639, L:/127.0.0.1:50220 - R:localhost/127.0.0.1:51314] for GET '/session/8b7683aafac75a31e610253b529b519f/element/130500f5-e307-4abd-8150-7425e9ca030e/enabled'
00:48:50.116 [AsyncHttpClient-1-14] DEBUG org.asynchttpclient.netty.handler.HttpHandler - 

Request DefaultFullHttpRequest(decodeResult: success, version: HTTP/1.1, content: EmptyByteBufBE)
GET /session/8b7683aafac75a31e610253b529b519f/element/130500f5-e307-4abd-8150-7425e9ca030e/enabled HTTP/1.1
User-Agent: selenium/4.1.2 (java windows)
Cache-Control: no-cache
Content-Type: application/json; charset=utf-8
host: localhost:51314
accept: */*

Response DefaultHttpResponse(decodeResult: success, version: HTTP/1.1)
HTTP/1.1 200 OK
Content-Type: application/json; charset=utf-8
cache-control: no-cache
content-length: 14

00:48:50.116 [AsyncHttpClient-1-14] DEBUG org.asynchttpclient.netty.channel.ChannelManager - Adding key: http://localhost:51314 for channel [id: 0xbde7c639, L:/127.0.0.1:50220 - R:localhost/127.0.0.1:51314]
00:48:50.117 [Forwarding isElementEnabled on session 8b7683aafac75a31e610253b529b519f to remote] DEBUG org.asynchttpclient.netty.request.NettyRequestSender - Using pooled Channel '[id: 0xbde7c639, L:/127.0.0.1:50220 - R:localhost/127.0.0.1:51314]' for 'GET' to 'http://localhost:51314/session/8b7683aafac75a31e610253b529b519f/element/130500f5-e307-4abd-8150-7425e9ca030e/enabled'
00:48:50.117 [Forwarding isElementEnabled on session 8b7683aafac75a31e610253b529b519f to remote] DEBUG org.asynchttpclient.netty.request.NettyRequestSender - Using open Channel [id: 0xbde7c639, L:/127.0.0.1:50220 - R:localhost/127.0.0.1:51314] for GET '/session/8b7683aafac75a31e610253b529b519f/element/130500f5-e307-4abd-8150-7425e9ca030e/enabled'
00:48:50.130 [AsyncHttpClient-1-14] DEBUG org.asynchttpclient.netty.handler.HttpHandler - 

Request DefaultFullHttpRequest(decodeResult: success, version: HTTP/1.1, content: EmptyByteBufBE)
GET /session/8b7683aafac75a31e610253b529b519f/element/130500f5-e307-4abd-8150-7425e9ca030e/enabled HTTP/1.1
User-Agent: selenium/4.1.2 (java windows)
Cache-Control: no-cache
Content-Type: application/json; charset=utf-8
host: localhost:51314
accept: */*

Response DefaultHttpResponse(decodeResult: success, version: HTTP/1.1)
HTTP/1.1 200 OK
Content-Type: application/json; charset=utf-8
cache-control: no-cache
content-length: 14

00:48:50.130 [AsyncHttpClient-1-14] DEBUG org.asynchttpclient.netty.channel.ChannelManager - Adding key: http://localhost:51314 for channel [id: 0xbde7c639, L:/127.0.0.1:50220 - R:localhost/127.0.0.1:51314]
00:48:50.132 [Forwarding findElement on session 8b7683aafac75a31e610253b529b519f to remote] DEBUG org.asynchttpclient.netty.request.NettyRequestSender - Using pooled Channel '[id: 0xbde7c639, L:/127.0.0.1:50220 - R:localhost/127.0.0.1:51314]' for 'POST' to 'http://localhost:51314/session/8b7683aafac75a31e610253b529b519f/element'
00:48:50.132 [Forwarding findElement on session 8b7683aafac75a31e610253b529b519f to remote] DEBUG org.asynchttpclient.netty.request.NettyRequestSender - Using open Channel [id: 0xbde7c639, L:/127.0.0.1:50220 - R:localhost/127.0.0.1:51314] for POST '/session/8b7683aafac75a31e610253b529b519f/element'
00:48:50.145 [AsyncHttpClient-1-14] DEBUG org.asynchttpclient.netty.handler.HttpHandler - 

Request DefaultHttpRequest(decodeResult: success, version: HTTP/1.1)
POST /session/8b7683aafac75a31e610253b529b519f/element HTTP/1.1
User-Agent: selenium/4.1.2 (java windows)
Content-Length: 71
Content-Type: application/json; charset=utf-8
host: localhost:51314
accept: */*

Response DefaultHttpResponse(decodeResult: success, version: HTTP/1.1)
HTTP/1.1 200 OK
Content-Type: application/json; charset=utf-8
cache-control: no-cache
content-length: 88

00:48:50.145 [AsyncHttpClient-1-14] DEBUG org.asynchttpclient.netty.channel.ChannelManager - Adding key: http://localhost:51314 for channel [id: 0xbde7c639, L:/127.0.0.1:50220 - R:localhost/127.0.0.1:51314]
00:48:50.146 [Forwarding clickElement on session 8b7683aafac75a31e610253b529b519f to remote] DEBUG org.asynchttpclient.netty.request.NettyRequestSender - Using pooled Channel '[id: 0xbde7c639, L:/127.0.0.1:50220 - R:localhost/127.0.0.1:51314]' for 'POST' to 'http://localhost:51314/session/8b7683aafac75a31e610253b529b519f/element/130500f5-e307-4abd-8150-7425e9ca030e/click'
00:48:50.146 [Forwarding clickElement on session 8b7683aafac75a31e610253b529b519f to remote] DEBUG org.asynchttpclient.netty.request.NettyRequestSender - Using open Channel [id: 0xbde7c639, L:/127.0.0.1:50220 - R:localhost/127.0.0.1:51314] for POST '/session/8b7683aafac75a31e610253b529b519f/element/130500f5-e307-4abd-8150-7425e9ca030e/click'
00:48:50.222 [AsyncHttpClient-1-14] DEBUG org.asynchttpclient.netty.handler.HttpHandler - 

Request DefaultHttpRequest(decodeResult: success, version: HTTP/1.1)
POST /session/8b7683aafac75a31e610253b529b519f/element/130500f5-e307-4abd-8150-7425e9ca030e/click HTTP/1.1
User-Agent: selenium/4.1.2 (java windows)
Content-Length: 50
Content-Type: application/json; charset=utf-8
host: localhost:51314
accept: */*

Response DefaultHttpResponse(decodeResult: success, version: HTTP/1.1)
HTTP/1.1 200 OK
Content-Type: application/json; charset=utf-8
cache-control: no-cache
content-length: 14

00:48:50.222 [AsyncHttpClient-1-14] DEBUG org.asynchttpclient.netty.channel.ChannelManager - Adding key: http://localhost:51314 for channel [id: 0xbde7c639, L:/127.0.0.1:50220 - R:localhost/127.0.0.1:51314]
00:48:50.227 [Forwarding screenshot on session 8b7683aafac75a31e610253b529b519f to remote] DEBUG org.asynchttpclient.netty.request.NettyRequestSender - Using pooled Channel '[id: 0xbde7c639, L:/127.0.0.1:50220 - R:localhost/127.0.0.1:51314]' for 'GET' to 'http://localhost:51314/session/8b7683aafac75a31e610253b529b519f/screenshot'
00:48:50.227 [Forwarding screenshot on session 8b7683aafac75a31e610253b529b519f to remote] DEBUG org.asynchttpclient.netty.request.NettyRequestSender - Using open Channel [id: 0xbde7c639, L:/127.0.0.1:50220 - R:localhost/127.0.0.1:51314] for GET '/session/8b7683aafac75a31e610253b529b519f/screenshot'
00:48:50.526 [AsyncHttpClient-1-14] DEBUG org.asynchttpclient.netty.handler.HttpHandler - 

Request DefaultFullHttpRequest(decodeResult: success, version: HTTP/1.1, content: EmptyByteBufBE)
GET /session/8b7683aafac75a31e610253b529b519f/screenshot HTTP/1.1
User-Agent: selenium/4.1.2 (java windows)
Cache-Control: no-cache
Content-Type: application/json; charset=utf-8
host: localhost:51314
accept: */*

Response DefaultHttpResponse(decodeResult: success, version: HTTP/1.1)
HTTP/1.1 200 OK
Content-Type: application/json; charset=utf-8
cache-control: no-cache
content-length: 575004

00:48:50.527 [AsyncHttpClient-1-14] DEBUG org.asynchttpclient.netty.channel.ChannelManager - Adding key: http://localhost:51314 for channel [id: 0xbde7c639, L:/127.0.0.1:50220 - R:localhost/127.0.0.1:51314]
00:48:50.537 [main] DEBUG net.serenitybdd.core.photography.Darkroom - Send negative for processing for target\site\serenity\bdfb3257a55b5f729af578dfc1dc3a5762c89839bea5dc19984e34dd6640fee1.png
00:48:50.537 [main] DEBUG net.thucydides.core.steps.StepInterceptor - STEP DONE: clickloginButton
  &amp#27;[32mAnd &amp#27;[0m&amp#27;[32mclick login button&amp#27;[0m                        &amp#27;[90m# starter.definitions.LoginSteps.clickLoginButton()&amp#27;[0m
00:48:50.549 [main] DEBUG net.thucydides.core.steps.StepInterceptor - STARTING STEP: LoginSteps.clickSucsessLogin - sucseslogin
00:48:50.551 [Forwarding findElement on session 8b7683aafac75a31e610253b529b519f to remote] DEBUG org.asynchttpclient.netty.request.NettyRequestSender - Using pooled Channel '[id: 0xbde7c639, L:/127.0.0.1:50220 - R:localhost/127.0.0.1:51314]' for 'POST' to 'http://localhost:51314/session/8b7683aafac75a31e610253b529b519f/element'
00:48:50.551 [Forwarding findElement on session 8b7683aafac75a31e610253b529b519f to remote] DEBUG org.asynchttpclient.netty.request.NettyRequestSender - Using open Channel [id: 0xbde7c639, L:/127.0.0.1:50220 - R:localhost/127.0.0.1:51314] for POST '/session/8b7683aafac75a31e610253b529b519f/element'
00:48:50.892 [AsyncHttpClient-1-1] DEBUG org.asynchttpclient.netty.channel.DefaultChannelPool - Entry count for : http://localhost:50221 : 1
00:48:51.000 [AsyncHttpClient-1-14] DEBUG org.asynchttpclient.netty.handler.HttpHandler - 

Request DefaultHttpRequest(decodeResult: success, version: HTTP/1.1)
POST /session/8b7683aafac75a31e610253b529b519f/element HTTP/1.1
User-Agent: selenium/4.1.2 (java windows)
Content-Length: 79
Content-Type: application/json; charset=utf-8
host: localhost:51314
accept: */*

Response DefaultHttpResponse(decodeResult: success, version: HTTP/1.1)
HTTP/1.1 200 OK
Content-Type: application/json; charset=utf-8
cache-control: no-cache
content-length: 88

00:48:51.000 [AsyncHttpClient-1-14] DEBUG org.asynchttpclient.netty.channel.ChannelManager - Adding key: http://localhost:51314 for channel [id: 0xbde7c639, L:/127.0.0.1:50220 - R:localhost/127.0.0.1:51314]
00:48:51.001 [Forwarding getElementTagName on session 8b7683aafac75a31e610253b529b519f to remote] DEBUG org.asynchttpclient.netty.request.NettyRequestSender - Using pooled Channel '[id: 0xbde7c639, L:/127.0.0.1:50220 - R:localhost/127.0.0.1:51314]' for 'GET' to 'http://localhost:51314/session/8b7683aafac75a31e610253b529b519f/element/7f61e13c-4ad2-4d18-b929-857a61b9ef37/name'
00:48:51.001 [Forwarding getElementTagName on session 8b7683aafac75a31e610253b529b519f to remote] DEBUG org.asynchttpclient.netty.request.NettyRequestSender - Using open Channel [id: 0xbde7c639, L:/127.0.0.1:50220 - R:localhost/127.0.0.1:51314] for GET '/session/8b7683aafac75a31e610253b529b519f/element/7f61e13c-4ad2-4d18-b929-857a61b9ef37/name'
00:48:51.021 [AsyncHttpClient-1-14] DEBUG org.asynchttpclient.netty.handler.HttpHandler - 

Request DefaultFullHttpRequest(decodeResult: success, version: HTTP/1.1, content: EmptyByteBufBE)
GET /session/8b7683aafac75a31e610253b529b519f/element/7f61e13c-4ad2-4d18-b929-857a61b9ef37/name HTTP/1.1
User-Agent: selenium/4.1.2 (java windows)
Cache-Control: no-cache
Content-Type: application/json; charset=utf-8
host: localhost:51314
accept: */*

Response DefaultHttpResponse(decodeResult: success, version: HTTP/1.1)
HTTP/1.1 200 OK
Content-Type: application/json; charset=utf-8
cache-control: no-cache
content-length: 18

00:48:51.021 [AsyncHttpClient-1-14] DEBUG org.asynchttpclient.netty.channel.ChannelManager - Adding key: http://localhost:51314 for channel [id: 0xbde7c639, L:/127.0.0.1:50220 - R:localhost/127.0.0.1:51314]
00:48:51.023 [Forwarding getElementTagName on session 8b7683aafac75a31e610253b529b519f to remote] DEBUG org.asynchttpclient.netty.request.NettyRequestSender - Using pooled Channel '[id: 0xbde7c639, L:/127.0.0.1:50220 - R:localhost/127.0.0.1:51314]' for 'GET' to 'http://localhost:51314/session/8b7683aafac75a31e610253b529b519f/element/7f61e13c-4ad2-4d18-b929-857a61b9ef37/name'
00:48:51.023 [Forwarding getElementTagName on session 8b7683aafac75a31e610253b529b519f to remote] DEBUG org.asynchttpclient.netty.request.NettyRequestSender - Using open Channel [id: 0xbde7c639, L:/127.0.0.1:50220 - R:localhost/127.0.0.1:51314] for GET '/session/8b7683aafac75a31e610253b529b519f/element/7f61e13c-4ad2-4d18-b929-857a61b9ef37/name'
00:48:51.040 [AsyncHttpClient-1-14] DEBUG org.asynchttpclient.netty.handler.HttpHandler - 

Request DefaultFullHttpRequest(decodeResult: success, version: HTTP/1.1, content: EmptyByteBufBE)
GET /session/8b7683aafac75a31e610253b529b519f/element/7f61e13c-4ad2-4d18-b929-857a61b9ef37/name HTTP/1.1
User-Agent: selenium/4.1.2 (java windows)
Cache-Control: no-cache
Content-Type: application/json; charset=utf-8
host: localhost:51314
accept: */*

Response DefaultHttpResponse(decodeResult: success, version: HTTP/1.1)
HTTP/1.1 200 OK
Content-Type: application/json; charset=utf-8
cache-control: no-cache
content-length: 18

00:48:51.040 [AsyncHttpClient-1-14] DEBUG org.asynchttpclient.netty.channel.ChannelManager - Adding key: http://localhost:51314 for channel [id: 0xbde7c639, L:/127.0.0.1:50220 - R:localhost/127.0.0.1:51314]
00:48:51.043 [Forwarding isElementEnabled on session 8b7683aafac75a31e610253b529b519f to remote] DEBUG org.asynchttpclient.netty.request.NettyRequestSender - Using pooled Channel '[id: 0xbde7c639, L:/127.0.0.1:50220 - R:localhost/127.0.0.1:51314]' for 'GET' to 'http://localhost:51314/session/8b7683aafac75a31e610253b529b519f/element/7f61e13c-4ad2-4d18-b929-857a61b9ef37/enabled'
00:48:51.043 [Forwarding isElementEnabled on session 8b7683aafac75a31e610253b529b519f to remote] DEBUG org.asynchttpclient.netty.request.NettyRequestSender - Using open Channel [id: 0xbde7c639, L:/127.0.0.1:50220 - R:localhost/127.0.0.1:51314] for GET '/session/8b7683aafac75a31e610253b529b519f/element/7f61e13c-4ad2-4d18-b929-857a61b9ef37/enabled'
00:48:51.064 [AsyncHttpClient-1-14] DEBUG org.asynchttpclient.netty.handler.HttpHandler - 

Request DefaultFullHttpRequest(decodeResult: success, version: HTTP/1.1, content: EmptyByteBufBE)
GET /session/8b7683aafac75a31e610253b529b519f/element/7f61e13c-4ad2-4d18-b929-857a61b9ef37/enabled HTTP/1.1
User-Agent: selenium/4.1.2 (java windows)
Cache-Control: no-cache
Content-Type: application/json; charset=utf-8
host: localhost:51314
accept: */*

Response DefaultHttpResponse(decodeResult: success, version: HTTP/1.1)
HTTP/1.1 200 OK
Content-Type: application/json; charset=utf-8
cache-control: no-cache
content-length: 14

00:48:51.064 [AsyncHttpClient-1-14] DEBUG org.asynchttpclient.netty.channel.ChannelManager - Adding key: http://localhost:51314 for channel [id: 0xbde7c639, L:/127.0.0.1:50220 - R:localhost/127.0.0.1:51314]
00:48:51.065 [Forwarding isElementEnabled on session 8b7683aafac75a31e610253b529b519f to remote] DEBUG org.asynchttpclient.netty.request.NettyRequestSender - Using pooled Channel '[id: 0xbde7c639, L:/127.0.0.1:50220 - R:localhost/127.0.0.1:51314]' for 'GET' to 'http://localhost:51314/session/8b7683aafac75a31e610253b529b519f/element/7f61e13c-4ad2-4d18-b929-857a61b9ef37/enabled'
00:48:51.065 [Forwarding isElementEnabled on session 8b7683aafac75a31e610253b529b519f to remote] DEBUG org.asynchttpclient.netty.request.NettyRequestSender - Using open Channel [id: 0xbde7c639, L:/127.0.0.1:50220 - R:localhost/127.0.0.1:51314] for GET '/session/8b7683aafac75a31e610253b529b519f/element/7f61e13c-4ad2-4d18-b929-857a61b9ef37/enabled'
00:48:51.080 [AsyncHttpClient-1-14] DEBUG org.asynchttpclient.netty.handler.HttpHandler - 

Request DefaultFullHttpRequest(decodeResult: success, version: HTTP/1.1, content: EmptyByteBufBE)
GET /session/8b7683aafac75a31e610253b529b519f/element/7f61e13c-4ad2-4d18-b929-857a61b9ef37/enabled HTTP/1.1
User-Agent: selenium/4.1.2 (java windows)
Cache-Control: no-cache
Content-Type: application/json; charset=utf-8
host: localhost:51314
accept: */*

Response DefaultHttpResponse(decodeResult: success, version: HTTP/1.1)
HTTP/1.1 200 OK
Content-Type: application/json; charset=utf-8
cache-control: no-cache
content-length: 14

00:48:51.081 [AsyncHttpClient-1-14] DEBUG org.asynchttpclient.netty.channel.ChannelManager - Adding key: http://localhost:51314 for channel [id: 0xbde7c639, L:/127.0.0.1:50220 - R:localhost/127.0.0.1:51314]
00:48:51.082 [Forwarding findElement on session 8b7683aafac75a31e610253b529b519f to remote] DEBUG org.asynchttpclient.netty.request.NettyRequestSender - Using pooled Channel '[id: 0xbde7c639, L:/127.0.0.1:50220 - R:localhost/127.0.0.1:51314]' for 'POST' to 'http://localhost:51314/session/8b7683aafac75a31e610253b529b519f/element'
00:48:51.082 [Forwarding findElement on session 8b7683aafac75a31e610253b529b519f to remote] DEBUG org.asynchttpclient.netty.request.NettyRequestSender - Using open Channel [id: 0xbde7c639, L:/127.0.0.1:50220 - R:localhost/127.0.0.1:51314] for POST '/session/8b7683aafac75a31e610253b529b519f/element'
00:48:51.099 [AsyncHttpClient-1-14] DEBUG org.asynchttpclient.netty.handler.HttpHandler - 

Request DefaultHttpRequest(decodeResult: success, version: HTTP/1.1)
POST /session/8b7683aafac75a31e610253b529b519f/element HTTP/1.1
User-Agent: selenium/4.1.2 (java windows)
Content-Length: 79
Content-Type: application/json; charset=utf-8
host: localhost:51314
accept: */*

Response DefaultHttpResponse(decodeResult: success, version: HTTP/1.1)
HTTP/1.1 200 OK
Content-Type: application/json; charset=utf-8
cache-control: no-cache
content-length: 88

00:48:51.099 [AsyncHttpClient-1-14] DEBUG org.asynchttpclient.netty.channel.ChannelManager - Adding key: http://localhost:51314 for channel [id: 0xbde7c639, L:/127.0.0.1:50220 - R:localhost/127.0.0.1:51314]
00:48:51.100 [Forwarding clickElement on session 8b7683aafac75a31e610253b529b519f to remote] DEBUG org.asynchttpclient.netty.request.NettyRequestSender - Using pooled Channel '[id: 0xbde7c639, L:/127.0.0.1:50220 - R:localhost/127.0.0.1:51314]' for 'POST' to 'http://localhost:51314/session/8b7683aafac75a31e610253b529b519f/element/7f61e13c-4ad2-4d18-b929-857a61b9ef37/click'
00:48:51.100 [Forwarding clickElement on session 8b7683aafac75a31e610253b529b519f to remote] DEBUG org.asynchttpclient.netty.request.NettyRequestSender - Using open Channel [id: 0xbde7c639, L:/127.0.0.1:50220 - R:localhost/127.0.0.1:51314] for POST '/session/8b7683aafac75a31e610253b529b519f/element/7f61e13c-4ad2-4d18-b929-857a61b9ef37/click'
00:48:51.160 [AsyncHttpClient-1-14] DEBUG org.asynchttpclient.netty.handler.HttpHandler - 

Request DefaultHttpRequest(decodeResult: success, version: HTTP/1.1)
POST /session/8b7683aafac75a31e610253b529b519f/element/7f61e13c-4ad2-4d18-b929-857a61b9ef37/click HTTP/1.1
User-Agent: selenium/4.1.2 (java windows)
Content-Length: 50
Content-Type: application/json; charset=utf-8
host: localhost:51314
accept: */*

Response DefaultHttpResponse(decodeResult: success, version: HTTP/1.1)
HTTP/1.1 200 OK
Content-Type: application/json; charset=utf-8
cache-control: no-cache
content-length: 14

00:48:51.160 [AsyncHttpClient-1-14] DEBUG org.asynchttpclient.netty.channel.ChannelManager - Adding key: http://localhost:51314 for channel [id: 0xbde7c639, L:/127.0.0.1:50220 - R:localhost/127.0.0.1:51314]
00:48:51.165 [Forwarding screenshot on session 8b7683aafac75a31e610253b529b519f to remote] DEBUG org.asynchttpclient.netty.request.NettyRequestSender - Using pooled Channel '[id: 0xbde7c639, L:/127.0.0.1:50220 - R:localhost/127.0.0.1:51314]' for 'GET' to 'http://localhost:51314/session/8b7683aafac75a31e610253b529b519f/screenshot'
00:48:51.165 [Forwarding screenshot on session 8b7683aafac75a31e610253b529b519f to remote] DEBUG org.asynchttpclient.netty.request.NettyRequestSender - Using open Channel [id: 0xbde7c639, L:/127.0.0.1:50220 - R:localhost/127.0.0.1:51314] for GET '/session/8b7683aafac75a31e610253b529b519f/screenshot'
00:48:51.390 [AsyncHttpClient-1-14] DEBUG org.asynchttpclient.netty.handler.HttpHandler - 

Request DefaultFullHttpRequest(decodeResult: success, version: HTTP/1.1, content: EmptyByteBufBE)
GET /session/8b7683aafac75a31e610253b529b519f/screenshot HTTP/1.1
User-Agent: selenium/4.1.2 (java windows)
Cache-Control: no-cache
Content-Type: application/json; charset=utf-8
host: localhost:51314
accept: */*

Response DefaultHttpResponse(decodeResult: success, version: HTTP/1.1)
HTTP/1.1 200 OK
Content-Type: application/json; charset=utf-8
cache-control: no-cache
content-length: 107380

00:48:51.390 [AsyncHttpClient-1-14] DEBUG org.asynchttpclient.netty.channel.ChannelManager - Adding key: http://localhost:51314 for channel [id: 0xbde7c639, L:/127.0.0.1:50220 - R:localhost/127.0.0.1:51314]
00:48:51.393 [main] DEBUG net.serenitybdd.core.photography.Darkroom - Send negative for processing for target\site\serenity\655267f8d754ac0349a72a233bd68aae9d3a4dc99fc326c586232fbd84b39953.png
00:48:51.393 [main] DEBUG net.thucydides.core.steps.StepInterceptor - STEP DONE: sucseslogin
  &amp#27;[32mAnd &amp#27;[0m&amp#27;[32mclick sucsess login&amp#27;[0m                       &amp#27;[90m# starter.definitions.LoginSteps.clickSucsessLogin()&amp#27;[0m
00:48:51.393 [Darkroom Processing Line] DEBUG net.serenitybdd.core.photography.DarkroomProcessingLine - Processing screenshot image in /var/screenshots/screenshot-17683166347460417069
00:48:51.393 [Darkroom Processing Line] DEBUG net.serenitybdd.core.photography.DarkroomProcessingLine - Saving screenshot to target\site\serenity\655267f8d754ac0349a72a233bd68aae9d3a4dc99fc326c586232fbd84b39953.png
00:48:51.407 [main] DEBUG net.thucydides.core.steps.StepInterceptor - STARTING STEP: NewsletterSteps.adminOnDashboardPage - pagedashboard
00:48:51.409 [Forwarding findElement on session 8b7683aafac75a31e610253b529b519f to remote] DEBUG org.asynchttpclient.netty.request.NettyRequestSender - Using pooled Channel '[id: 0xbde7c639, L:/127.0.0.1:50220 - R:localhost/127.0.0.1:51314]' for 'POST' to 'http://localhost:51314/session/8b7683aafac75a31e610253b529b519f/element'
00:48:51.409 [Forwarding findElement on session 8b7683aafac75a31e610253b529b519f to remote] DEBUG org.asynchttpclient.netty.request.NettyRequestSender - Using open Channel [id: 0xbde7c639, L:/127.0.0.1:50220 - R:localhost/127.0.0.1:51314] for POST '/session/8b7683aafac75a31e610253b529b519f/element'
00:48:51.427 [AsyncHttpClient-1-14] DEBUG org.asynchttpclient.netty.handler.HttpHandler - 

Request DefaultHttpRequest(decodeResult: success, version: HTTP/1.1)
POST /session/8b7683aafac75a31e610253b529b519f/element HTTP/1.1
User-Agent: selenium/4.1.2 (java windows)
Content-Length: 82
Content-Type: application/json; charset=utf-8
host: localhost:51314
accept: */*

Response DefaultHttpResponse(decodeResult: success, version: HTTP/1.1)
HTTP/1.1 200 OK
Content-Type: application/json; charset=utf-8
cache-control: no-cache
content-length: 88

00:48:51.427 [AsyncHttpClient-1-14] DEBUG org.asynchttpclient.netty.channel.ChannelManager - Adding key: http://localhost:51314 for channel [id: 0xbde7c639, L:/127.0.0.1:50220 - R:localhost/127.0.0.1:51314]
00:48:51.430 [Forwarding isElementDisplayed on session 8b7683aafac75a31e610253b529b519f to remote] DEBUG org.asynchttpclient.netty.request.NettyRequestSender - Using pooled Channel '[id: 0xbde7c639, L:/127.0.0.1:50220 - R:localhost/127.0.0.1:51314]' for 'POST' to 'http://localhost:51314/session/8b7683aafac75a31e610253b529b519f/execute/sync'
00:48:51.430 [Forwarding isElementDisplayed on session 8b7683aafac75a31e610253b529b519f to remote] DEBUG org.asynchttpclient.netty.request.NettyRequestSender - Using open Channel [id: 0xbde7c639, L:/127.0.0.1:50220 - R:localhost/127.0.0.1:51314] for POST '/session/8b7683aafac75a31e610253b529b519f/execute/sync'
00:48:51.448 [AsyncHttpClient-1-14] DEBUG org.asynchttpclient.netty.handler.HttpHandler - 

Request DefaultHttpRequest(decodeResult: success, version: HTTP/1.1)
POST /session/8b7683aafac75a31e610253b529b519f/execute/sync HTTP/1.1
User-Agent: selenium/4.1.2 (java windows)
Content-Length: 48780
Content-Type: application/json; charset=utf-8
host: localhost:51314
accept: */*

Response DefaultHttpResponse(decodeResult: success, version: HTTP/1.1)
HTTP/1.1 200 OK
Content-Type: application/json; charset=utf-8
cache-control: no-cache
content-length: 14

00:48:51.448 [AsyncHttpClient-1-14] DEBUG org.asynchttpclient.netty.channel.ChannelManager - Adding key: http://localhost:51314 for channel [id: 0xbde7c639, L:/127.0.0.1:50220 - R:localhost/127.0.0.1:51314]
00:48:51.452 [Forwarding screenshot on session 8b7683aafac75a31e610253b529b519f to remote] DEBUG org.asynchttpclient.netty.request.NettyRequestSender - Using pooled Channel '[id: 0xbde7c639, L:/127.0.0.1:50220 - R:localhost/127.0.0.1:51314]' for 'GET' to 'http://localhost:51314/session/8b7683aafac75a31e610253b529b519f/screenshot'
00:48:51.452 [Forwarding screenshot on session 8b7683aafac75a31e610253b529b519f to remote] DEBUG org.asynchttpclient.netty.request.NettyRequestSender - Using open Channel [id: 0xbde7c639, L:/127.0.0.1:50220 - R:localhost/127.0.0.1:51314] for GET '/session/8b7683aafac75a31e610253b529b519f/screenshot'
00:48:51.692 [AsyncHttpClient-1-14] DEBUG org.asynchttpclient.netty.handler.HttpHandler - 

Request DefaultFullHttpRequest(decodeResult: success, version: HTTP/1.1, content: EmptyByteBufBE)
GET /session/8b7683aafac75a31e610253b529b519f/screenshot HTTP/1.1
User-Agent: selenium/4.1.2 (java windows)
Cache-Control: no-cache
Content-Type: application/json; charset=utf-8
host: localhost:51314
accept: */*

Response DefaultHttpResponse(decodeResult: success, version: HTTP/1.1)
HTTP/1.1 200 OK
Content-Type: application/json; charset=utf-8
cache-control: no-cache
content-length: 121544

00:48:51.692 [AsyncHttpClient-1-14] DEBUG org.asynchttpclient.netty.channel.ChannelManager - Adding key: http://localhost:51314 for channel [id: 0xbde7c639, L:/127.0.0.1:50220 - R:localhost/127.0.0.1:51314]
00:48:51.695 [main] DEBUG net.serenitybdd.core.photography.Darkroom - Send negative for processing for target\site\serenity\680a4583fc5359af100d7e0f5ccb692a88502056e41a54cd7708e4e15ee3316c.png
00:48:51.695 [main] DEBUG net.thucydides.core.steps.StepInterceptor - STEP DONE: pagedashboard
  &amp#27;[32mGiven &amp#27;[0m&amp#27;[32madmin on dashboard page&amp#27;[0m                 &amp#27;[90m# starter.definitions.NewsletterSteps.adminOnDashboardPage()&amp#27;[0m
00:48:51.696 [Darkroom Processing Line] DEBUG net.serenitybdd.core.photography.DarkroomProcessingLine - Processing screenshot image in /var/screenshots/screenshot-10484845300969530644
00:48:51.696 [Darkroom Processing Line] DEBUG net.serenitybdd.core.photography.DarkroomProcessingLine - Saving screenshot to target\site\serenity\680a4583fc5359af100d7e0f5ccb692a88502056e41a54cd7708e4e15ee3316c.png
00:48:51.708 [main] DEBUG net.thucydides.core.steps.StepInterceptor - STARTING STEP: NewsletterSteps.adminClickNewsletterPage - newsletterpage
00:48:51.710 [Forwarding findElement on session 8b7683aafac75a31e610253b529b519f to remote] DEBUG org.asynchttpclient.netty.request.NettyRequestSender - Using pooled Channel '[id: 0xbde7c639, L:/127.0.0.1:50220 - R:localhost/127.0.0.1:51314]' for 'POST' to 'http://localhost:51314/session/8b7683aafac75a31e610253b529b519f/element'
00:48:51.710 [Forwarding findElement on session 8b7683aafac75a31e610253b529b519f to remote] DEBUG org.asynchttpclient.netty.request.NettyRequestSender - Using open Channel [id: 0xbde7c639, L:/127.0.0.1:50220 - R:localhost/127.0.0.1:51314] for POST '/session/8b7683aafac75a31e610253b529b519f/element'
00:48:51.992 [AsyncHttpClient-1-1] DEBUG org.asynchttpclient.netty.channel.DefaultChannelPool - Entry count for : http://localhost:50221 : 1
00:48:52.651 [AsyncHttpClient-1-14] DEBUG org.asynchttpclient.netty.handler.HttpHandler - 

Request DefaultHttpRequest(decodeResult: success, version: HTTP/1.1)
POST /session/8b7683aafac75a31e610253b529b519f/element HTTP/1.1
User-Agent: selenium/4.1.2 (java windows)
Content-Length: 76
Content-Type: application/json; charset=utf-8
host: localhost:51314
accept: */*

Response DefaultHttpResponse(decodeResult: success, version: HTTP/1.1)
HTTP/1.1 200 OK
Content-Type: application/json; charset=utf-8
cache-control: no-cache
content-length: 88

00:48:52.652 [AsyncHttpClient-1-14] DEBUG org.asynchttpclient.netty.channel.ChannelManager - Adding key: http://localhost:51314 for channel [id: 0xbde7c639, L:/127.0.0.1:50220 - R:localhost/127.0.0.1:51314]
00:48:52.652 [Forwarding getElementTagName on session 8b7683aafac75a31e610253b529b519f to remote] DEBUG org.asynchttpclient.netty.request.NettyRequestSender - Using pooled Channel '[id: 0xbde7c639, L:/127.0.0.1:50220 - R:localhost/127.0.0.1:51314]' for 'GET' to 'http://localhost:51314/session/8b7683aafac75a31e610253b529b519f/element/7c7e5e5a-96d3-45e4-a7f3-f5ea1be73535/name'
00:48:52.653 [Forwarding getElementTagName on session 8b7683aafac75a31e610253b529b519f to remote] DEBUG org.asynchttpclient.netty.request.NettyRequestSender - Using open Channel [id: 0xbde7c639, L:/127.0.0.1:50220 - R:localhost/127.0.0.1:51314] for GET '/session/8b7683aafac75a31e610253b529b519f/element/7c7e5e5a-96d3-45e4-a7f3-f5ea1be73535/name'
00:48:52.663 [AsyncHttpClient-1-14] DEBUG org.asynchttpclient.netty.handler.HttpHandler - 

Request DefaultFullHttpRequest(decodeResult: success, version: HTTP/1.1, content: EmptyByteBufBE)
GET /session/8b7683aafac75a31e610253b529b519f/element/7c7e5e5a-96d3-45e4-a7f3-f5ea1be73535/name HTTP/1.1
User-Agent: selenium/4.1.2 (java windows)
Cache-Control: no-cache
Content-Type: application/json; charset=utf-8
host: localhost:51314
accept: */*

Response DefaultHttpResponse(decodeResult: success, version: HTTP/1.1)
HTTP/1.1 200 OK
Content-Type: application/json; charset=utf-8
cache-control: no-cache
content-length: 13

00:48:52.663 [AsyncHttpClient-1-14] DEBUG org.asynchttpclient.netty.channel.ChannelManager - Adding key: http://localhost:51314 for channel [id: 0xbde7c639, L:/127.0.0.1:50220 - R:localhost/127.0.0.1:51314]
00:48:52.664 [Forwarding getElementTagName on session 8b7683aafac75a31e610253b529b519f to remote] DEBUG org.asynchttpclient.netty.request.NettyRequestSender - Using pooled Channel '[id: 0xbde7c639, L:/127.0.0.1:50220 - R:localhost/127.0.0.1:51314]' for 'GET' to 'http://localhost:51314/session/8b7683aafac75a31e610253b529b519f/element/7c7e5e5a-96d3-45e4-a7f3-f5ea1be73535/name'
00:48:52.664 [Forwarding getElementTagName on session 8b7683aafac75a31e610253b529b519f to remote] DEBUG org.asynchttpclient.netty.request.NettyRequestSender - Using open Channel [id: 0xbde7c639, L:/127.0.0.1:50220 - R:localhost/127.0.0.1:51314] for GET '/session/8b7683aafac75a31e610253b529b519f/element/7c7e5e5a-96d3-45e4-a7f3-f5ea1be73535/name'
00:48:52.676 [AsyncHttpClient-1-14] DEBUG org.asynchttpclient.netty.handler.HttpHandler - 

Request DefaultFullHttpRequest(decodeResult: success, version: HTTP/1.1, content: EmptyByteBufBE)
GET /session/8b7683aafac75a31e610253b529b519f/element/7c7e5e5a-96d3-45e4-a7f3-f5ea1be73535/name HTTP/1.1
User-Agent: selenium/4.1.2 (java windows)
Cache-Control: no-cache
Content-Type: application/json; charset=utf-8
host: localhost:51314
accept: */*

Response DefaultHttpResponse(decodeResult: success, version: HTTP/1.1)
HTTP/1.1 200 OK
Content-Type: application/json; charset=utf-8
cache-control: no-cache
content-length: 13

00:48:52.676 [AsyncHttpClient-1-14] DEBUG org.asynchttpclient.netty.channel.ChannelManager - Adding key: http://localhost:51314 for channel [id: 0xbde7c639, L:/127.0.0.1:50220 - R:localhost/127.0.0.1:51314]
00:48:52.678 [Forwarding findElement on session 8b7683aafac75a31e610253b529b519f to remote] DEBUG org.asynchttpclient.netty.request.NettyRequestSender - Using pooled Channel '[id: 0xbde7c639, L:/127.0.0.1:50220 - R:localhost/127.0.0.1:51314]' for 'POST' to 'http://localhost:51314/session/8b7683aafac75a31e610253b529b519f/element'
00:48:52.678 [Forwarding findElement on session 8b7683aafac75a31e610253b529b519f to remote] DEBUG org.asynchttpclient.netty.request.NettyRequestSender - Using open Channel [id: 0xbde7c639, L:/127.0.0.1:50220 - R:localhost/127.0.0.1:51314] for POST '/session/8b7683aafac75a31e610253b529b519f/element'
00:48:52.687 [AsyncHttpClient-1-14] DEBUG org.asynchttpclient.netty.handler.HttpHandler - 

Request DefaultHttpRequest(decodeResult: success, version: HTTP/1.1)
POST /session/8b7683aafac75a31e610253b529b519f/element HTTP/1.1
User-Agent: selenium/4.1.2 (java windows)
Content-Length: 76
Content-Type: application/json; charset=utf-8
host: localhost:51314
accept: */*

Response DefaultHttpResponse(decodeResult: success, version: HTTP/1.1)
HTTP/1.1 200 OK
Content-Type: application/json; charset=utf-8
cache-control: no-cache
content-length: 88

00:48:52.687 [AsyncHttpClient-1-14] DEBUG org.asynchttpclient.netty.channel.ChannelManager - Adding key: http://localhost:51314 for channel [id: 0xbde7c639, L:/127.0.0.1:50220 - R:localhost/127.0.0.1:51314]
00:48:52.688 [Forwarding clickElement on session 8b7683aafac75a31e610253b529b519f to remote] DEBUG org.asynchttpclient.netty.request.NettyRequestSender - Using pooled Channel '[id: 0xbde7c639, L:/127.0.0.1:50220 - R:localhost/127.0.0.1:51314]' for 'POST' to 'http://localhost:51314/session/8b7683aafac75a31e610253b529b519f/element/7c7e5e5a-96d3-45e4-a7f3-f5ea1be73535/click'
00:48:52.688 [Forwarding clickElement on session 8b7683aafac75a31e610253b529b519f to remote] DEBUG org.asynchttpclient.netty.request.NettyRequestSender - Using open Channel [id: 0xbde7c639, L:/127.0.0.1:50220 - R:localhost/127.0.0.1:51314] for POST '/session/8b7683aafac75a31e610253b529b519f/element/7c7e5e5a-96d3-45e4-a7f3-f5ea1be73535/click'
00:48:52.792 [AsyncHttpClient-1-14] DEBUG org.asynchttpclient.netty.handler.HttpHandler - 

Request DefaultHttpRequest(decodeResult: success, version: HTTP/1.1)
POST /session/8b7683aafac75a31e610253b529b519f/element/7c7e5e5a-96d3-45e4-a7f3-f5ea1be73535/click HTTP/1.1
User-Agent: selenium/4.1.2 (java windows)
Content-Length: 50
Content-Type: application/json; charset=utf-8
host: localhost:51314
accept: */*

Response DefaultHttpResponse(decodeResult: success, version: HTTP/1.1)
HTTP/1.1 200 OK
Content-Type: application/json; charset=utf-8
cache-control: no-cache
content-length: 14

00:48:52.792 [AsyncHttpClient-1-14] DEBUG org.asynchttpclient.netty.channel.ChannelManager - Adding key: http://localhost:51314 for channel [id: 0xbde7c639, L:/127.0.0.1:50220 - R:localhost/127.0.0.1:51314]
00:48:52.796 [Forwarding screenshot on session 8b7683aafac75a31e610253b529b519f to remote] DEBUG org.asynchttpclient.netty.request.NettyRequestSender - Using pooled Channel '[id: 0xbde7c639, L:/127.0.0.1:50220 - R:localhost/127.0.0.1:51314]' for 'GET' to 'http://localhost:51314/session/8b7683aafac75a31e610253b529b519f/screenshot'
00:48:52.796 [Forwarding screenshot on session 8b7683aafac75a31e610253b529b519f to remote] DEBUG org.asynchttpclient.netty.request.NettyRequestSender - Using open Channel [id: 0xbde7c639, L:/127.0.0.1:50220 - R:localhost/127.0.0.1:51314] for GET '/session/8b7683aafac75a31e610253b529b519f/screenshot'
00:48:53.085 [AsyncHttpClient-1-1] DEBUG org.asynchttpclient.netty.channel.DefaultChannelPool - Entry count for : http://localhost:50221 : 1
00:48:53.158 [AsyncHttpClient-1-14] DEBUG org.asynchttpclient.netty.handler.HttpHandler - 

Request DefaultFullHttpRequest(decodeResult: success, version: HTTP/1.1, content: EmptyByteBufBE)
GET /session/8b7683aafac75a31e610253b529b519f/screenshot HTTP/1.1
User-Agent: selenium/4.1.2 (java windows)
Cache-Control: no-cache
Content-Type: application/json; charset=utf-8
host: localhost:51314
accept: */*

Response DefaultHttpResponse(decodeResult: success, version: HTTP/1.1)
HTTP/1.1 200 OK
Content-Type: application/json; charset=utf-8
cache-control: no-cache
content-length: 116628

00:48:53.158 [AsyncHttpClient-1-14] DEBUG org.asynchttpclient.netty.channel.ChannelManager - Adding key: http://localhost:51314 for channel [id: 0xbde7c639, L:/127.0.0.1:50220 - R:localhost/127.0.0.1:51314]
00:48:53.161 [main] DEBUG net.serenitybdd.core.photography.Darkroom - Send negative for processing for target\site\serenity\6d6114df12d12a80d562c0e9db2524b2190a5b95363d9987bff3c1c04dc689fd.png
00:48:53.161 [main] DEBUG net.thucydides.core.steps.StepInterceptor - STEP DONE: newsletterpage
  &amp#27;[32mWhen &amp#27;[0m&amp#27;[32madmin click newsletter page&amp#27;[0m              &amp#27;[90m# starter.definitions.NewsletterSteps.adminClickNewsletterPage()&amp#27;[0m
00:48:53.173 [main] DEBUG net.thucydides.core.steps.StepInterceptor - STARTING STEP: NewsletterSteps.adminSuccsesSeeDetailNewsletterPage - Detail
00:48:53.175 [Forwarding findElement on session 8b7683aafac75a31e610253b529b519f to remote] DEBUG org.asynchttpclient.netty.request.NettyRequestSender - Using pooled Channel '[id: 0xbde7c639, L:/127.0.0.1:50220 - R:localhost/127.0.0.1:51314]' for 'POST' to 'http://localhost:51314/session/8b7683aafac75a31e610253b529b519f/element'
00:48:53.175 [Forwarding findElement on session 8b7683aafac75a31e610253b529b519f to remote] DEBUG org.asynchttpclient.netty.request.NettyRequestSender - Using open Channel [id: 0xbde7c639, L:/127.0.0.1:50220 - R:localhost/127.0.0.1:51314] for POST '/session/8b7683aafac75a31e610253b529b519f/element'
00:48:53.191 [AsyncHttpClient-1-14] DEBUG org.asynchttpclient.netty.handler.HttpHandler - 

Request DefaultHttpRequest(decodeResult: success, version: HTTP/1.1)
POST /session/8b7683aafac75a31e610253b529b519f/element HTTP/1.1
User-Agent: selenium/4.1.2 (java windows)
Content-Length: 205
Content-Type: application/json; charset=utf-8
host: localhost:51314
accept: */*

Response DefaultHttpResponse(decodeResult: success, version: HTTP/1.1)
HTTP/1.1 200 OK
Content-Type: application/json; charset=utf-8
cache-control: no-cache
content-length: 88

00:48:53.191 [AsyncHttpClient-1-14] DEBUG org.asynchttpclient.netty.channel.ChannelManager - Adding key: http://localhost:51314 for channel [id: 0xbde7c639, L:/127.0.0.1:50220 - R:localhost/127.0.0.1:51314]
00:48:53.194 [Forwarding isElementDisplayed on session 8b7683aafac75a31e610253b529b519f to remote] DEBUG org.asynchttpclient.netty.request.NettyRequestSender - Using pooled Channel '[id: 0xbde7c639, L:/127.0.0.1:50220 - R:localhost/127.0.0.1:51314]' for 'POST' to 'http://localhost:51314/session/8b7683aafac75a31e610253b529b519f/execute/sync'
00:48:53.194 [Forwarding isElementDisplayed on session 8b7683aafac75a31e610253b529b519f to remote] DEBUG org.asynchttpclient.netty.request.NettyRequestSender - Using open Channel [id: 0xbde7c639, L:/127.0.0.1:50220 - R:localhost/127.0.0.1:51314] for POST '/session/8b7683aafac75a31e610253b529b519f/execute/sync'
00:48:53.211 [AsyncHttpClient-1-14] DEBUG org.asynchttpclient.netty.handler.HttpHandler - 

Request DefaultHttpRequest(decodeResult: success, version: HTTP/1.1)
POST /session/8b7683aafac75a31e610253b529b519f/execute/sync HTTP/1.1
User-Agent: selenium/4.1.2 (java windows)
Content-Length: 48780
Content-Type: application/json; charset=utf-8
host: localhost:51314
accept: */*

Response DefaultHttpResponse(decodeResult: success, version: HTTP/1.1)
HTTP/1.1 200 OK
Content-Type: application/json; charset=utf-8
cache-control: no-cache
content-length: 14

00:48:53.211 [AsyncHttpClient-1-14] DEBUG org.asynchttpclient.netty.channel.ChannelManager - Adding key: http://localhost:51314 for channel [id: 0xbde7c639, L:/127.0.0.1:50220 - R:localhost/127.0.0.1:51314]
00:48:53.215 [Forwarding screenshot on session 8b7683aafac75a31e610253b529b519f to remote] DEBUG org.asynchttpclient.netty.request.NettyRequestSender - Using pooled Channel '[id: 0xbde7c639, L:/127.0.0.1:50220 - R:localhost/127.0.0.1:51314]' for 'GET' to 'http://localhost:51314/session/8b7683aafac75a31e610253b529b519f/screenshot'
00:48:53.215 [Forwarding screenshot on session 8b7683aafac75a31e610253b529b519f to remote] DEBUG org.asynchttpclient.netty.request.NettyRequestSender - Using open Channel [id: 0xbde7c639, L:/127.0.0.1:50220 - R:localhost/127.0.0.1:51314] for GET '/session/8b7683aafac75a31e610253b529b519f/screenshot'
00:48:53.353 [AsyncHttpClient-1-14] DEBUG org.asynchttpclient.netty.handler.HttpHandler - 

Request DefaultFullHttpRequest(decodeResult: success, version: HTTP/1.1, content: EmptyByteBufBE)
GET /session/8b7683aafac75a31e610253b529b519f/screenshot HTTP/1.1
User-Agent: selenium/4.1.2 (java windows)
Cache-Control: no-cache
Content-Type: application/json; charset=utf-8
host: localhost:51314
accept: */*

Response DefaultHttpResponse(decodeResult: success, version: HTTP/1.1)
HTTP/1.1 200 OK
Content-Type: application/json; charset=utf-8
cache-control: no-cache
content-length: 116628

00:48:53.353 [AsyncHttpClient-1-14] DEBUG org.asynchttpclient.netty.channel.ChannelManager - Adding key: http://localhost:51314 for channel [id: 0xbde7c639, L:/127.0.0.1:50220 - R:localhost/127.0.0.1:51314]
00:48:53.356 [main] DEBUG net.serenitybdd.core.photography.Darkroom - Send negative for processing for target\site\serenity\6d6114df12d12a80d562c0e9db2524b2190a5b95363d9987bff3c1c04dc689fd.png
00:48:53.356 [main] DEBUG net.thucydides.core.steps.StepInterceptor - STEP DONE: Detail
  &amp#27;[32mThen &amp#27;[0m&amp#27;[32madmin succses see detail newsletter page&amp#27;[0m &amp#27;[90m# starter.definitions.NewsletterSteps.adminSuccsesSeeDetailNewsletterPage()&amp#27;[0m
00:48:53.361 [main] INFO  - 
  _____   ___   ___   _____     ___     _     ___   ___   ___   ___  
 |_   _| | __| / __| |_   _|   | _ \   /_\   / __| / __| | __| |   \ 
   | |   | _|  \__ \   | |     |  _/  / _ \  \__ \ \__ \ | _|  | |) |
   |_|   |___| |___/   |_|     |_|   /_/ \_\ |___/ |___/ |___| |___/ 

admin see newsletter page
----------------------------------------------------------------------
00:48:53.362 [AsyncHttpClient-1-16] DEBUG org.asynchttpclient.netty.handler.WebSocketHandler - Channel Closed: [id: 0x33f88c8e, L:/127.0.0.1:50228 ! R:localhost/127.0.0.1:50221] with attribute NettyResponseFuture{currentRetry=5,
	isDone=1,
	isCancelled=0,
	asyncHandler=org.asynchttpclient.ws.WebSocketUpgradeHandler@4cb5df9,
	nettyRequest=org.asynchttpclient.netty.request.NettyRequest@743c025b,
	future=java.util.concurrent.CompletableFuture@7c487868[Completed normally],
	uri=ws://localhost:50221/devtools/browser/9cd9022c-65a5-42f6-a326-1d3eaf188110,
	keepAlive=true,
	redirectCount=0,
	timeoutsHolder=null,
	inAuth=0,
	touch=1658422125372}
00:48:53.362 [AsyncHttpClient-1-16] DEBUG org.asynchttpclient.netty.channel.ChannelManager - Closing Channel [id: 0x33f88c8e, L:/127.0.0.1:50228 ! R:localhost/127.0.0.1:50221] 
00:48:53.366 [Driver Command Executor] DEBUG org.asynchttpclient.netty.request.NettyRequestSender - Using pooled Channel '[id: 0xbde7c639, L:/127.0.0.1:50220 - R:localhost/127.0.0.1:51314]' for 'DELETE' to 'http://localhost:51314/session/8b7683aafac75a31e610253b529b519f'
00:48:53.366 [Driver Command Executor] DEBUG org.asynchttpclient.netty.request.NettyRequestSender - Using open Channel [id: 0xbde7c639, L:/127.0.0.1:50220 - R:localhost/127.0.0.1:51314] for DELETE '/session/8b7683aafac75a31e610253b529b519f'
00:48:53.862 [AsyncHttpClient-1-15] DEBUG org.asynchttpclient.netty.handler.HttpHandler - Unexpected I/O exception on channel [id: 0x3a4233b2, L:/127.0.0.1:50227 - R:localhost/127.0.0.1:50221]
java.net.SocketException: Connection reset
	at java.base/sun.nio.ch.SocketChannelImpl.throwConnectionReset(SocketChannelImpl.java:394)
	at java.base/sun.nio.ch.SocketChannelImpl.read(SocketChannelImpl.java:426)
	at io.netty.buffer.PooledByteBuf.setBytes(PooledByteBuf.java:258)
	at io.netty.buffer.AbstractByteBuf.writeBytes(AbstractByteBuf.java:1132)
	at io.netty.channel.socket.nio.NioSocketChannel.doReadBytes(NioSocketChannel.java:350)
	at io.netty.channel.nio.AbstractNioByteChannel$NioByteUnsafe.read(AbstractNioByteChannel.java:151)
	at io.netty.channel.nio.NioEventLoop.processSelectedKey(NioEventLoop.java:722)
	at io.netty.channel.nio.NioEventLoop.processSelectedKeysOptimized(NioEventLoop.java:658)
	at io.netty.channel.nio.NioEventLoop.processSelectedKeys(NioEventLoop.java:584)
	at io.netty.channel.nio.NioEventLoop.run(NioEventLoop.java:496)
	at io.netty.util.concurrent.SingleThreadEventExecutor$4.run(SingleThreadEventExecutor.java:986)
	at io.netty.util.internal.ThreadExecutorMap$2.run(ThreadExecutorMap.java:74)
	at io.netty.util.concurrent.FastThreadLocalRunnable.run(FastThreadLocalRunnable.java:30)
	at java.base/java.lang.Thread.run(Thread.java:833)
00:48:53.862 [AsyncHttpClient-1-15] DEBUG org.asynchttpclient.netty.channel.ChannelManager - Closing Channel [id: 0x3a4233b2, L:/127.0.0.1:50227 - R:localhost/127.0.0.1:50221] 
00:48:53.862 [AsyncHttpClient-1-15] DEBUG org.asynchttpclient.netty.handler.HttpHandler - Channel Closed: [id: 0x3a4233b2, L:/127.0.0.1:50227 ! R:localhost/127.0.0.1:50221] with attribute DISCARD
00:48:53.933 [AsyncHttpClient-1-14] DEBUG org.asynchttpclient.netty.handler.HttpHandler - 

Request DefaultFullHttpRequest(decodeResult: success, version: HTTP/1.1, content: EmptyByteBufBE)
DELETE /session/8b7683aafac75a31e610253b529b519f HTTP/1.1
User-Agent: selenium/4.1.2 (java windows)
Content-Type: application/json; charset=utf-8
host: localhost:51314
accept: */*

Response DefaultHttpResponse(decodeResult: success, version: HTTP/1.1)
HTTP/1.1 200 OK
Content-Type: application/json; charset=utf-8
cache-control: no-cache
content-length: 14

00:48:53.933 [AsyncHttpClient-1-14] DEBUG org.asynchttpclient.netty.channel.ChannelManager - Adding key: http://localhost:51314 for channel [id: 0xbde7c639, L:/127.0.0.1:50220 - R:localhost/127.0.0.1:51314]
00:48:54.192 [AsyncHttpClient-1-1] DEBUG org.asynchttpclient.netty.channel.DefaultChannelPool - Entry count for : http://localhost:50221 : 1
00:48:54.192 [AsyncHttpClient-1-1] DEBUG org.asynchttpclient.netty.channel.DefaultChannelPool - Entry count for : http://localhost:51314 : 1
00:48:54.192 [AsyncHttpClient-1-1] DEBUG org.asynchttpclient.netty.channel.DefaultChannelPool - Adding Candidate expired Channel [id: 0x3a4233b2, L:/127.0.0.1:50227 ! R:localhost/127.0.0.1:50221] isIdleTimeoutExpired=false isRemotelyClosed=true isTtlExpired=false
00:48:54.192 [AsyncHttpClient-1-1] DEBUG org.asynchttpclient.netty.channel.DefaultChannelPool - Closing Idle Channel [id: 0x3a4233b2, L:/127.0.0.1:50227 ! R:localhost/127.0.0.1:50221]
00:48:54.192 [AsyncHttpClient-1-1] DEBUG org.asynchttpclient.netty.channel.DefaultChannelPool - Closed 1 connections out of 2 in 0 ms
00:48:54.738 [AsyncHttpClient-1-14] DEBUG org.asynchttpclient.netty.handler.HttpHandler - Channel Closed: [id: 0xbde7c639, L:/127.0.0.1:50220 ! R:localhost/127.0.0.1:51314] with attribute DISCARD
]]></system-out>
    <system-err><![CDATA[Starting ChromeDriver 103.0.5060.134 (8ec6fce403b3feb0869b0732eda8bd95011d333c-refs/branch-heads/5060@{#1262}) on port 51314
Only local connections are allowed.
Please see https://chromedriver.chromium.org/security-considerations for suggestions on keeping ChromeDriver safe.
ChromeDriver was started successfully.
Jul 22, 2022 12:48:45 AM org.openqa.selenium.remote.ProtocolHandshake createSession
INFO: Detected dialect: W3C
Jul 22, 2022 12:48:45 AM org.openqa.selenium.devtools.CdpVersionFinder findNearestMatch
WARNING: Unable to find an exact match for CDP version 103, so returning the closest version found: a no-op implementation
Jul 22, 2022 12:48:45 AM org.openqa.selenium.devtools.CdpVersionFinder findNearestMatch
INFO: Unable to find CDP implementation matching 103.
Jul 22, 2022 12:48:45 AM org.openqa.selenium.chromium.ChromiumDriver lambda$new$3
WARNING: Unable to find version of CDP to use for . You may need to include a dependency on a specific version of the CDP using something similar to `org.seleniumhq.selenium:selenium-devtools-v86:4.1.2` where the version ("v86") matches the version of the chromium-based browser you're using and the version number of the artifact is the same as Selenium's.
]]></system-err>
  </testcase>
  <testcase name="admin send news letter but do not fill in the title and text" classname="admin see detail newsletter page" time="13.68">
    <system-out><![CDATA[
@newsletter @email
Scenario: admin send news letter but do not fill in the title and text                                             &amp#27;[90m# src/test/resources/features/newsletter.feature:21&amp#27;[0m
00:48:54.828 [main] INFO io.cucumber.core.plugin.SerenityReporter - Running feature from file:///D:/capstone%20projek/web%20testing/src/test/resources/features/newsletter.feature
00:48:54.829 [main] INFO  - 
  _____   ___   ___   _____     ___   _____     _     ___   _____   ___   ___  
 |_   _| | __| / __| |_   _|   / __| |_   _|   /_\   | _ \ |_   _| | __| |   \ 
   | |   | _|  \__ \   | |     \__ \   | |    / _ \  |   /   | |   | _|  | |) |
   |_|   |___| |___/   |_|     |___/   |_|   /_/ \_\ |_|_\   |_|   |___| |___/ 

admin send news letter but do not fill in the title and text(admin-see-detail-newsletter-page;admin-send-news-letter-but-do-not-fill-in-the-title-and-text)
--------------------------------------------------------------------------------
00:48:54.837 [main] DEBUG net.thucydides.core.steps.StepInterceptor - STARTING STEP: LoginSteps.adminOnLoginPage - openPage
00:48:54.838 [main] INFO net.serenitybdd.core.webdriver.driverproviders.ChromeDriverProvider - Using automatically driver download
00:48:54.952 [main] DEBUG io.github.bonigarcia.wdm.cache.ResolutionCache - Resolution chrome=103 in cache (valid until 01:32:20 22/07/2022 WITA)
00:48:54.955 [main] DEBUG io.github.bonigarcia.wdm.cache.ResolutionCache - Resolution chrome103=103.0.5060.134 in cache (valid until 21:05:58 22/07/2022 WITA)
00:48:54.956 [main] INFO io.github.bonigarcia.wdm.WebDriverManager - Using chromedriver 103.0.5060.134 (resolved driver for Chrome 103)
00:48:54.964 [main] DEBUG io.github.bonigarcia.wdm.WebDriverManager - Driver chromedriver 103.0.5060.134 found in cache
00:48:54.964 [main] INFO io.github.bonigarcia.wdm.WebDriverManager - Exporting webdriver.chrome.driver as C:\Users\Rev\.cache\selenium\chromedriver\win32\103.0.5060.134\chromedriver.exe
00:48:55.072 [main] DEBUG net.serenitybdd.core.webdriver.driverproviders.ProvideNewDriver - Instantiating driver
00:48:55.072 [main] DEBUG net.serenitybdd.core.webdriver.driverproviders.ProvideNewDriver - Driver capabilities: Capabilities {acceptInsecureCerts: false, base.url: https://sportly.rafdev.my.id/, browserName: chrome, chrome.driver: webdriver/chromedriver.exe, driver: chrome, goog:chromeOptions: {args: [], extensions: []}}
00:48:55.286 [AsyncHttpClient-1-17] DEBUG org.asynchttpclient.netty.channel.NettyConnectListener - Using new Channel '[id: 0x94a96f52, L:/127.0.0.1:50258 - R:localhost/127.0.0.1:60366]' for 'POST' to '/session'
00:48:55.297 [AsyncHttpClient-1-1] DEBUG org.asynchttpclient.netty.channel.DefaultChannelPool - Entry count for : http://localhost:51314 : 1
00:48:55.297 [AsyncHttpClient-1-1] DEBUG org.asynchttpclient.netty.channel.DefaultChannelPool - Adding Candidate expired Channel [id: 0xbde7c639, L:/127.0.0.1:50220 ! R:localhost/127.0.0.1:51314] isIdleTimeoutExpired=false isRemotelyClosed=true isTtlExpired=false
00:48:55.297 [AsyncHttpClient-1-1] DEBUG org.asynchttpclient.netty.channel.DefaultChannelPool - Closing Idle Channel [id: 0xbde7c639, L:/127.0.0.1:50220 ! R:localhost/127.0.0.1:51314]
00:48:55.297 [AsyncHttpClient-1-1] DEBUG org.asynchttpclient.netty.channel.DefaultChannelPool - Closed 1 connections out of 1 in 0 ms
00:48:56.213 [AsyncHttpClient-1-17] DEBUG org.asynchttpclient.netty.handler.HttpHandler - 

Request DefaultHttpRequest(decodeResult: success, version: HTTP/1.1)
POST /session HTTP/1.1
User-Agent: selenium/4.1.2 (java windows)
Content-Length: 581
Content-Type: application/json; charset=utf-8
host: localhost:60366
accept: */*

Response DefaultHttpResponse(decodeResult: success, version: HTTP/1.1)
HTTP/1.1 200 OK
Content-Type: application/json; charset=utf-8
cache-control: no-cache
content-length: 790

00:48:56.213 [AsyncHttpClient-1-17] DEBUG org.asynchttpclient.netty.channel.ChannelManager - Adding key: http://localhost:60366 for channel [id: 0x94a96f52, L:/127.0.0.1:50258 - R:localhost/127.0.0.1:60366]
00:48:56.218 [AsyncHttpClient-1-18] DEBUG org.asynchttpclient.netty.channel.NettyConnectListener - Using new Channel '[id: 0x780a9b96, L:/127.0.0.1:50265 - R:localhost/127.0.0.1:50259]' for 'GET' to '/json/version'
00:48:56.218 [AsyncHttpClient-1-18] DEBUG org.asynchttpclient.netty.handler.HttpHandler - 

Request DefaultFullHttpRequest(decodeResult: success, version: HTTP/1.1, content: EmptyByteBufBE)
GET /json/version HTTP/1.1
User-Agent: selenium/4.1.2 (java windows)
host: localhost:50259
accept: */*

Response DefaultHttpResponse(decodeResult: success, version: HTTP/1.1)
HTTP/1.1 200 OK
Content-Type: application/json; charset=UTF-8
content-length: 429

00:48:56.218 [AsyncHttpClient-1-18] DEBUG org.asynchttpclient.netty.channel.ChannelManager - Adding key: http://localhost:50259 for channel [id: 0x780a9b96, L:/127.0.0.1:50265 - R:localhost/127.0.0.1:50259]
00:48:56.220 [AsyncHttpClient-1-19] DEBUG org.asynchttpclient.netty.channel.NettyConnectListener - Using new Channel '[id: 0x7785bc4e, L:/127.0.0.1:50266 - R:localhost/127.0.0.1:50259]' for 'GET' to '/devtools/browser/d8b20c4f-4642-42f9-9bd9-71c3989de2ab'
00:48:56.221 [AsyncHttpClient-1-19] DEBUG org.asynchttpclient.netty.handler.WebSocketHandler - 

Request DefaultFullHttpRequest(decodeResult: success, version: HTTP/1.1, content: EmptyByteBufBE)
GET /devtools/browser/d8b20c4f-4642-42f9-9bd9-71c3989de2ab HTTP/1.1
upgrade: websocket
connection: upgrade
sec-websocket-key: tsLGyL9j2sERWOZC4OZ9/w==
sec-websocket-version: 13
origin: http://localhost:50259
host: localhost:50259
accept: */*
user-agent: AHC/2.1

Response DefaultHttpResponse(decodeResult: success, version: HTTP/1.1)
HTTP/1.1 101 WebSocket Protocol Handshake
Upgrade: WebSocket
Connection: Upgrade
Sec-WebSocket-Accept: pzXHrxEo9ajgvu/rHghnmj0h1ZU=

00:48:56.224 [Forwarding setCurrentWindowSize on session bcbd25bed5fdb2e1830a40a4265ef639 to remote] DEBUG org.asynchttpclient.netty.request.NettyRequestSender - Using pooled Channel '[id: 0x94a96f52, L:/127.0.0.1:50258 - R:localhost/127.0.0.1:60366]' for 'POST' to 'http://localhost:60366/session/bcbd25bed5fdb2e1830a40a4265ef639/window/rect'
00:48:56.224 [Forwarding setCurrentWindowSize on session bcbd25bed5fdb2e1830a40a4265ef639 to remote] DEBUG org.asynchttpclient.netty.request.NettyRequestSender - Using open Channel [id: 0x94a96f52, L:/127.0.0.1:50258 - R:localhost/127.0.0.1:60366] for POST '/session/bcbd25bed5fdb2e1830a40a4265ef639/window/rect'
00:48:56.351 [AsyncHttpClient-1-17] DEBUG org.asynchttpclient.netty.handler.HttpHandler - 

Request DefaultHttpRequest(decodeResult: success, version: HTTP/1.1)
POST /session/bcbd25bed5fdb2e1830a40a4265ef639/window/rect HTTP/1.1
User-Agent: selenium/4.1.2 (java windows)
Content-Length: 37
Content-Type: application/json; charset=utf-8
host: localhost:60366
accept: */*

Response DefaultHttpResponse(decodeResult: success, version: HTTP/1.1)
HTTP/1.1 200 OK
Content-Type: application/json; charset=utf-8
cache-control: no-cache
content-length: 52

00:48:56.352 [AsyncHttpClient-1-17] DEBUG org.asynchttpclient.netty.channel.ChannelManager - Adding key: http://localhost:60366 for channel [id: 0x94a96f52, L:/127.0.0.1:50258 - R:localhost/127.0.0.1:60366]
00:48:56.352 [Forwarding setWindowPosition on session bcbd25bed5fdb2e1830a40a4265ef639 to remote] DEBUG org.asynchttpclient.netty.request.NettyRequestSender - Using pooled Channel '[id: 0x94a96f52, L:/127.0.0.1:50258 - R:localhost/127.0.0.1:60366]' for 'POST' to 'http://localhost:60366/session/bcbd25bed5fdb2e1830a40a4265ef639/window/rect'
00:48:56.352 [Forwarding setWindowPosition on session bcbd25bed5fdb2e1830a40a4265ef639 to remote] DEBUG org.asynchttpclient.netty.request.NettyRequestSender - Using open Channel [id: 0x94a96f52, L:/127.0.0.1:50258 - R:localhost/127.0.0.1:60366] for POST '/session/bcbd25bed5fdb2e1830a40a4265ef639/window/rect'
00:48:56.392 [AsyncHttpClient-1-1] DEBUG org.asynchttpclient.netty.channel.DefaultChannelPool - Entry count for : http://localhost:50259 : 1
00:48:56.477 [AsyncHttpClient-1-17] DEBUG org.asynchttpclient.netty.handler.HttpHandler - 

Request DefaultHttpRequest(decodeResult: success, version: HTTP/1.1)
POST /session/bcbd25bed5fdb2e1830a40a4265ef639/window/rect HTTP/1.1
User-Agent: selenium/4.1.2 (java windows)
Content-Length: 22
Content-Type: application/json; charset=utf-8
host: localhost:60366
accept: */*

Response DefaultHttpResponse(decodeResult: success, version: HTTP/1.1)
HTTP/1.1 200 OK
Content-Type: application/json; charset=utf-8
cache-control: no-cache
content-length: 50

00:48:56.477 [AsyncHttpClient-1-17] DEBUG org.asynchttpclient.netty.channel.ChannelManager - Adding key: http://localhost:60366 for channel [id: 0x94a96f52, L:/127.0.0.1:50258 - R:localhost/127.0.0.1:60366]
00:48:56.478 [Forwarding get on session bcbd25bed5fdb2e1830a40a4265ef639 to remote] DEBUG org.asynchttpclient.netty.request.NettyRequestSender - Using pooled Channel '[id: 0x94a96f52, L:/127.0.0.1:50258 - R:localhost/127.0.0.1:60366]' for 'POST' to 'http://localhost:60366/session/bcbd25bed5fdb2e1830a40a4265ef639/url'
00:48:56.478 [Forwarding get on session bcbd25bed5fdb2e1830a40a4265ef639 to remote] DEBUG org.asynchttpclient.netty.request.NettyRequestSender - Using open Channel [id: 0x94a96f52, L:/127.0.0.1:50258 - R:localhost/127.0.0.1:60366] for POST '/session/bcbd25bed5fdb2e1830a40a4265ef639/url'
00:48:57.487 [AsyncHttpClient-1-1] DEBUG org.asynchttpclient.netty.channel.DefaultChannelPool - Entry count for : http://localhost:50259 : 1
00:48:58.585 [AsyncHttpClient-1-1] DEBUG org.asynchttpclient.netty.channel.DefaultChannelPool - Entry count for : http://localhost:50259 : 1
00:48:58.864 [AsyncHttpClient-1-17] DEBUG org.asynchttpclient.netty.handler.HttpHandler - 

Request DefaultHttpRequest(decodeResult: success, version: HTTP/1.1)
POST /session/bcbd25bed5fdb2e1830a40a4265ef639/url HTTP/1.1
User-Agent: selenium/4.1.2 (java windows)
Content-Length: 59
Content-Type: application/json; charset=utf-8
host: localhost:60366
accept: */*

Response DefaultHttpResponse(decodeResult: success, version: HTTP/1.1)
HTTP/1.1 200 OK
Content-Type: application/json; charset=utf-8
cache-control: no-cache
content-length: 14

00:48:58.864 [AsyncHttpClient-1-17] DEBUG org.asynchttpclient.netty.channel.ChannelManager - Adding key: http://localhost:60366 for channel [id: 0x94a96f52, L:/127.0.0.1:50258 - R:localhost/127.0.0.1:60366]
00:48:58.865 [Forwarding setTimeout on session bcbd25bed5fdb2e1830a40a4265ef639 to remote] DEBUG org.asynchttpclient.netty.request.NettyRequestSender - Using pooled Channel '[id: 0x94a96f52, L:/127.0.0.1:50258 - R:localhost/127.0.0.1:60366]' for 'POST' to 'http://localhost:60366/session/bcbd25bed5fdb2e1830a40a4265ef639/timeouts'
00:48:58.865 [Forwarding setTimeout on session bcbd25bed5fdb2e1830a40a4265ef639 to remote] DEBUG org.asynchttpclient.netty.request.NettyRequestSender - Using open Channel [id: 0x94a96f52, L:/127.0.0.1:50258 - R:localhost/127.0.0.1:60366] for POST '/session/bcbd25bed5fdb2e1830a40a4265ef639/timeouts'
00:48:58.868 [AsyncHttpClient-1-17] DEBUG org.asynchttpclient.netty.handler.HttpHandler - 

Request DefaultHttpRequest(decodeResult: success, version: HTTP/1.1)
POST /session/bcbd25bed5fdb2e1830a40a4265ef639/timeouts HTTP/1.1
User-Agent: selenium/4.1.2 (java windows)
Content-Length: 22
Content-Type: application/json; charset=utf-8
host: localhost:60366
accept: */*

Response DefaultHttpResponse(decodeResult: success, version: HTTP/1.1)
HTTP/1.1 200 OK
Content-Type: application/json; charset=utf-8
cache-control: no-cache
content-length: 14

00:48:58.868 [AsyncHttpClient-1-17] DEBUG org.asynchttpclient.netty.channel.ChannelManager - Adding key: http://localhost:60366 for channel [id: 0x94a96f52, L:/127.0.0.1:50258 - R:localhost/127.0.0.1:60366]
00:48:58.871 [Forwarding getCurrentUrl on session bcbd25bed5fdb2e1830a40a4265ef639 to remote] DEBUG org.asynchttpclient.netty.request.NettyRequestSender - Using pooled Channel '[id: 0x94a96f52, L:/127.0.0.1:50258 - R:localhost/127.0.0.1:60366]' for 'GET' to 'http://localhost:60366/session/bcbd25bed5fdb2e1830a40a4265ef639/url'
00:48:58.871 [Forwarding getCurrentUrl on session bcbd25bed5fdb2e1830a40a4265ef639 to remote] DEBUG org.asynchttpclient.netty.request.NettyRequestSender - Using open Channel [id: 0x94a96f52, L:/127.0.0.1:50258 - R:localhost/127.0.0.1:60366] for GET '/session/bcbd25bed5fdb2e1830a40a4265ef639/url'
00:48:58.907 [AsyncHttpClient-1-17] DEBUG org.asynchttpclient.netty.handler.HttpHandler - 

Request DefaultFullHttpRequest(decodeResult: success, version: HTTP/1.1, content: EmptyByteBufBE)
GET /session/bcbd25bed5fdb2e1830a40a4265ef639/url HTTP/1.1
User-Agent: selenium/4.1.2 (java windows)
Cache-Control: no-cache
Content-Type: application/json; charset=utf-8
host: localhost:60366
accept: */*

Response DefaultHttpResponse(decodeResult: success, version: HTTP/1.1)
HTTP/1.1 200 OK
Content-Type: application/json; charset=utf-8
cache-control: no-cache
content-length: 46

00:48:58.907 [AsyncHttpClient-1-17] DEBUG org.asynchttpclient.netty.channel.ChannelManager - Adding key: http://localhost:60366 for channel [id: 0x94a96f52, L:/127.0.0.1:50258 - R:localhost/127.0.0.1:60366]
00:48:58.909 [Forwarding getCurrentUrl on session bcbd25bed5fdb2e1830a40a4265ef639 to remote] DEBUG org.asynchttpclient.netty.request.NettyRequestSender - Using pooled Channel '[id: 0x94a96f52, L:/127.0.0.1:50258 - R:localhost/127.0.0.1:60366]' for 'GET' to 'http://localhost:60366/session/bcbd25bed5fdb2e1830a40a4265ef639/url'
00:48:58.909 [Forwarding getCurrentUrl on session bcbd25bed5fdb2e1830a40a4265ef639 to remote] DEBUG org.asynchttpclient.netty.request.NettyRequestSender - Using open Channel [id: 0x94a96f52, L:/127.0.0.1:50258 - R:localhost/127.0.0.1:60366] for GET '/session/bcbd25bed5fdb2e1830a40a4265ef639/url'
00:48:58.924 [AsyncHttpClient-1-17] DEBUG org.asynchttpclient.netty.handler.HttpHandler - 

Request DefaultFullHttpRequest(decodeResult: success, version: HTTP/1.1, content: EmptyByteBufBE)
GET /session/bcbd25bed5fdb2e1830a40a4265ef639/url HTTP/1.1
User-Agent: selenium/4.1.2 (java windows)
Cache-Control: no-cache
Content-Type: application/json; charset=utf-8
host: localhost:60366
accept: */*

Response DefaultHttpResponse(decodeResult: success, version: HTTP/1.1)
HTTP/1.1 200 OK
Content-Type: application/json; charset=utf-8
cache-control: no-cache
content-length: 46

00:48:58.924 [AsyncHttpClient-1-17] DEBUG org.asynchttpclient.netty.channel.ChannelManager - Adding key: http://localhost:60366 for channel [id: 0x94a96f52, L:/127.0.0.1:50258 - R:localhost/127.0.0.1:60366]
00:48:58.928 [Forwarding screenshot on session bcbd25bed5fdb2e1830a40a4265ef639 to remote] DEBUG org.asynchttpclient.netty.request.NettyRequestSender - Using pooled Channel '[id: 0x94a96f52, L:/127.0.0.1:50258 - R:localhost/127.0.0.1:60366]' for 'GET' to 'http://localhost:60366/session/bcbd25bed5fdb2e1830a40a4265ef639/screenshot'
00:48:58.928 [Forwarding screenshot on session bcbd25bed5fdb2e1830a40a4265ef639 to remote] DEBUG org.asynchttpclient.netty.request.NettyRequestSender - Using open Channel [id: 0x94a96f52, L:/127.0.0.1:50258 - R:localhost/127.0.0.1:60366] for GET '/session/bcbd25bed5fdb2e1830a40a4265ef639/screenshot'
00:48:59.376 [AsyncHttpClient-1-17] DEBUG org.asynchttpclient.netty.handler.HttpHandler - 

Request DefaultFullHttpRequest(decodeResult: success, version: HTTP/1.1, content: EmptyByteBufBE)
GET /session/bcbd25bed5fdb2e1830a40a4265ef639/screenshot HTTP/1.1
User-Agent: selenium/4.1.2 (java windows)
Cache-Control: no-cache
Content-Type: application/json; charset=utf-8
host: localhost:60366
accept: */*

Response DefaultHttpResponse(decodeResult: success, version: HTTP/1.1)
HTTP/1.1 200 OK
Content-Type: application/json; charset=utf-8
cache-control: no-cache
content-length: 575004

00:48:59.377 [AsyncHttpClient-1-17] DEBUG org.asynchttpclient.netty.channel.ChannelManager - Adding key: http://localhost:60366 for channel [id: 0x94a96f52, L:/127.0.0.1:50258 - R:localhost/127.0.0.1:60366]
00:48:59.386 [main] DEBUG net.serenitybdd.core.photography.Darkroom - Send negative for processing for target\site\serenity\bdfb3257a55b5f729af578dfc1dc3a5762c89839bea5dc19984e34dd6640fee1.png
00:48:59.387 [main] DEBUG net.thucydides.core.steps.StepInterceptor - STEP DONE: openPage
00:48:59.391 [main] DEBUG net.thucydides.core.steps.StepInterceptor - STARTING STEP: LoginSteps.adminOnLoginPage - validateonLoginPage
00:48:59.393 [Forwarding findElement on session bcbd25bed5fdb2e1830a40a4265ef639 to remote] DEBUG org.asynchttpclient.netty.request.NettyRequestSender - Using pooled Channel '[id: 0x94a96f52, L:/127.0.0.1:50258 - R:localhost/127.0.0.1:60366]' for 'POST' to 'http://localhost:60366/session/bcbd25bed5fdb2e1830a40a4265ef639/element'
00:48:59.393 [Forwarding findElement on session bcbd25bed5fdb2e1830a40a4265ef639 to remote] DEBUG org.asynchttpclient.netty.request.NettyRequestSender - Using open Channel [id: 0x94a96f52, L:/127.0.0.1:50258 - R:localhost/127.0.0.1:60366] for POST '/session/bcbd25bed5fdb2e1830a40a4265ef639/element'
00:48:59.409 [AsyncHttpClient-1-17] DEBUG org.asynchttpclient.netty.handler.HttpHandler - 

Request DefaultHttpRequest(decodeResult: success, version: HTTP/1.1)
POST /session/bcbd25bed5fdb2e1830a40a4265ef639/element HTTP/1.1
User-Agent: selenium/4.1.2 (java windows)
Content-Length: 71
Content-Type: application/json; charset=utf-8
host: localhost:60366
accept: */*

Response DefaultHttpResponse(decodeResult: success, version: HTTP/1.1)
HTTP/1.1 200 OK
Content-Type: application/json; charset=utf-8
cache-control: no-cache
content-length: 88

00:48:59.409 [AsyncHttpClient-1-17] DEBUG org.asynchttpclient.netty.channel.ChannelManager - Adding key: http://localhost:60366 for channel [id: 0x94a96f52, L:/127.0.0.1:50258 - R:localhost/127.0.0.1:60366]
00:48:59.411 [Forwarding isElementDisplayed on session bcbd25bed5fdb2e1830a40a4265ef639 to remote] DEBUG org.asynchttpclient.netty.request.NettyRequestSender - Using pooled Channel '[id: 0x94a96f52, L:/127.0.0.1:50258 - R:localhost/127.0.0.1:60366]' for 'POST' to 'http://localhost:60366/session/bcbd25bed5fdb2e1830a40a4265ef639/execute/sync'
00:48:59.412 [Forwarding isElementDisplayed on session bcbd25bed5fdb2e1830a40a4265ef639 to remote] DEBUG org.asynchttpclient.netty.request.NettyRequestSender - Using open Channel [id: 0x94a96f52, L:/127.0.0.1:50258 - R:localhost/127.0.0.1:60366] for POST '/session/bcbd25bed5fdb2e1830a40a4265ef639/execute/sync'
00:48:59.433 [AsyncHttpClient-1-17] DEBUG org.asynchttpclient.netty.handler.HttpHandler - 

Request DefaultHttpRequest(decodeResult: success, version: HTTP/1.1)
POST /session/bcbd25bed5fdb2e1830a40a4265ef639/execute/sync HTTP/1.1
User-Agent: selenium/4.1.2 (java windows)
Content-Length: 48780
Content-Type: application/json; charset=utf-8
host: localhost:60366
accept: */*

Response DefaultHttpResponse(decodeResult: success, version: HTTP/1.1)
HTTP/1.1 200 OK
Content-Type: application/json; charset=utf-8
cache-control: no-cache
content-length: 14

00:48:59.433 [AsyncHttpClient-1-17] DEBUG org.asynchttpclient.netty.channel.ChannelManager - Adding key: http://localhost:60366 for channel [id: 0x94a96f52, L:/127.0.0.1:50258 - R:localhost/127.0.0.1:60366]
00:48:59.437 [Forwarding screenshot on session bcbd25bed5fdb2e1830a40a4265ef639 to remote] DEBUG org.asynchttpclient.netty.request.NettyRequestSender - Using pooled Channel '[id: 0x94a96f52, L:/127.0.0.1:50258 - R:localhost/127.0.0.1:60366]' for 'GET' to 'http://localhost:60366/session/bcbd25bed5fdb2e1830a40a4265ef639/screenshot'
00:48:59.437 [Forwarding screenshot on session bcbd25bed5fdb2e1830a40a4265ef639 to remote] DEBUG org.asynchttpclient.netty.request.NettyRequestSender - Using open Channel [id: 0x94a96f52, L:/127.0.0.1:50258 - R:localhost/127.0.0.1:60366] for GET '/session/bcbd25bed5fdb2e1830a40a4265ef639/screenshot'
00:48:59.686 [AsyncHttpClient-1-1] DEBUG org.asynchttpclient.netty.channel.DefaultChannelPool - Entry count for : http://localhost:50259 : 1
00:48:59.732 [AsyncHttpClient-1-17] DEBUG org.asynchttpclient.netty.handler.HttpHandler - 

Request DefaultFullHttpRequest(decodeResult: success, version: HTTP/1.1, content: EmptyByteBufBE)
GET /session/bcbd25bed5fdb2e1830a40a4265ef639/screenshot HTTP/1.1
User-Agent: selenium/4.1.2 (java windows)
Cache-Control: no-cache
Content-Type: application/json; charset=utf-8
host: localhost:60366
accept: */*

Response DefaultHttpResponse(decodeResult: success, version: HTTP/1.1)
HTTP/1.1 200 OK
Content-Type: application/json; charset=utf-8
cache-control: no-cache
content-length: 575004

00:48:59.733 [AsyncHttpClient-1-17] DEBUG org.asynchttpclient.netty.channel.ChannelManager - Adding key: http://localhost:60366 for channel [id: 0x94a96f52, L:/127.0.0.1:50258 - R:localhost/127.0.0.1:60366]
00:48:59.742 [main] DEBUG net.serenitybdd.core.photography.Darkroom - Send negative for processing for target\site\serenity\bdfb3257a55b5f729af578dfc1dc3a5762c89839bea5dc19984e34dd6640fee1.png
00:48:59.743 [main] DEBUG net.thucydides.core.steps.StepInterceptor - STEP DONE: validateonLoginPage
  &amp#27;[32mGiven &amp#27;[0m&amp#27;[32madmin on login page&amp#27;[0m                                                                                        &amp#27;[90m# starter.definitions.LoginSteps.adminOnLoginPage()&amp#27;[0m
00:48:59.754 [main] DEBUG net.thucydides.core.steps.StepInterceptor - STARTING STEP: LoginSteps.adminInputValidUssername - inputusername
00:48:59.758 [Forwarding findElement on session bcbd25bed5fdb2e1830a40a4265ef639 to remote] DEBUG org.asynchttpclient.netty.request.NettyRequestSender - Using pooled Channel '[id: 0x94a96f52, L:/127.0.0.1:50258 - R:localhost/127.0.0.1:60366]' for 'POST' to 'http://localhost:60366/session/bcbd25bed5fdb2e1830a40a4265ef639/element'
00:48:59.758 [Forwarding findElement on session bcbd25bed5fdb2e1830a40a4265ef639 to remote] DEBUG org.asynchttpclient.netty.request.NettyRequestSender - Using open Channel [id: 0x94a96f52, L:/127.0.0.1:50258 - R:localhost/127.0.0.1:60366] for POST '/session/bcbd25bed5fdb2e1830a40a4265ef639/element'
00:48:59.780 [AsyncHttpClient-1-17] DEBUG org.asynchttpclient.netty.handler.HttpHandler - 

Request DefaultHttpRequest(decodeResult: success, version: HTTP/1.1)
POST /session/bcbd25bed5fdb2e1830a40a4265ef639/element HTTP/1.1
User-Agent: selenium/4.1.2 (java windows)
Content-Length: 92
Content-Type: application/json; charset=utf-8
host: localhost:60366
accept: */*

Response DefaultHttpResponse(decodeResult: success, version: HTTP/1.1)
HTTP/1.1 200 OK
Content-Type: application/json; charset=utf-8
cache-control: no-cache
content-length: 88

00:48:59.780 [AsyncHttpClient-1-17] DEBUG org.asynchttpclient.netty.channel.ChannelManager - Adding key: http://localhost:60366 for channel [id: 0x94a96f52, L:/127.0.0.1:50258 - R:localhost/127.0.0.1:60366]
00:48:59.780 [Forwarding clearElement on session bcbd25bed5fdb2e1830a40a4265ef639 to remote] DEBUG org.asynchttpclient.netty.request.NettyRequestSender - Using pooled Channel '[id: 0x94a96f52, L:/127.0.0.1:50258 - R:localhost/127.0.0.1:60366]' for 'POST' to 'http://localhost:60366/session/bcbd25bed5fdb2e1830a40a4265ef639/element/8ecacc4e-890a-49ea-a9a2-7cf8d39b1447/clear'
00:48:59.781 [Forwarding clearElement on session bcbd25bed5fdb2e1830a40a4265ef639 to remote] DEBUG org.asynchttpclient.netty.request.NettyRequestSender - Using open Channel [id: 0x94a96f52, L:/127.0.0.1:50258 - R:localhost/127.0.0.1:60366] for POST '/session/bcbd25bed5fdb2e1830a40a4265ef639/element/8ecacc4e-890a-49ea-a9a2-7cf8d39b1447/clear'
00:48:59.824 [AsyncHttpClient-1-17] DEBUG org.asynchttpclient.netty.handler.HttpHandler - 

Request DefaultHttpRequest(decodeResult: success, version: HTTP/1.1)
POST /session/bcbd25bed5fdb2e1830a40a4265ef639/element/8ecacc4e-890a-49ea-a9a2-7cf8d39b1447/clear HTTP/1.1
User-Agent: selenium/4.1.2 (java windows)
Content-Length: 50
Content-Type: application/json; charset=utf-8
host: localhost:60366
accept: */*

Response DefaultHttpResponse(decodeResult: success, version: HTTP/1.1)
HTTP/1.1 200 OK
Content-Type: application/json; charset=utf-8
cache-control: no-cache
content-length: 14

00:48:59.824 [AsyncHttpClient-1-17] DEBUG org.asynchttpclient.netty.channel.ChannelManager - Adding key: http://localhost:60366 for channel [id: 0x94a96f52, L:/127.0.0.1:50258 - R:localhost/127.0.0.1:60366]
00:48:59.826 [Forwarding sendKeysToElement on session bcbd25bed5fdb2e1830a40a4265ef639 to remote] DEBUG org.asynchttpclient.netty.request.NettyRequestSender - Using pooled Channel '[id: 0x94a96f52, L:/127.0.0.1:50258 - R:localhost/127.0.0.1:60366]' for 'POST' to 'http://localhost:60366/session/bcbd25bed5fdb2e1830a40a4265ef639/element/8ecacc4e-890a-49ea-a9a2-7cf8d39b1447/value'
00:48:59.826 [Forwarding sendKeysToElement on session bcbd25bed5fdb2e1830a40a4265ef639 to remote] DEBUG org.asynchttpclient.netty.request.NettyRequestSender - Using open Channel [id: 0x94a96f52, L:/127.0.0.1:50258 - R:localhost/127.0.0.1:60366] for POST '/session/bcbd25bed5fdb2e1830a40a4265ef639/element/8ecacc4e-890a-49ea-a9a2-7cf8d39b1447/value'
00:48:59.888 [AsyncHttpClient-1-17] DEBUG org.asynchttpclient.netty.handler.HttpHandler - 

Request DefaultHttpRequest(decodeResult: success, version: HTTP/1.1)
POST /session/bcbd25bed5fdb2e1830a40a4265ef639/element/8ecacc4e-890a-49ea-a9a2-7cf8d39b1447/value HTTP/1.1
User-Agent: selenium/4.1.2 (java windows)
Content-Length: 151
Content-Type: application/json; charset=utf-8
host: localhost:60366
accept: */*

Response DefaultHttpResponse(decodeResult: success, version: HTTP/1.1)
HTTP/1.1 200 OK
Content-Type: application/json; charset=utf-8
cache-control: no-cache
content-length: 14

00:48:59.889 [AsyncHttpClient-1-17] DEBUG org.asynchttpclient.netty.channel.ChannelManager - Adding key: http://localhost:60366 for channel [id: 0x94a96f52, L:/127.0.0.1:50258 - R:localhost/127.0.0.1:60366]
00:48:59.893 [Forwarding screenshot on session bcbd25bed5fdb2e1830a40a4265ef639 to remote] DEBUG org.asynchttpclient.netty.request.NettyRequestSender - Using pooled Channel '[id: 0x94a96f52, L:/127.0.0.1:50258 - R:localhost/127.0.0.1:60366]' for 'GET' to 'http://localhost:60366/session/bcbd25bed5fdb2e1830a40a4265ef639/screenshot'
00:48:59.893 [Forwarding screenshot on session bcbd25bed5fdb2e1830a40a4265ef639 to remote] DEBUG org.asynchttpclient.netty.request.NettyRequestSender - Using open Channel [id: 0x94a96f52, L:/127.0.0.1:50258 - R:localhost/127.0.0.1:60366] for GET '/session/bcbd25bed5fdb2e1830a40a4265ef639/screenshot'
00:49:00.201 [AsyncHttpClient-1-17] DEBUG org.asynchttpclient.netty.handler.HttpHandler - 

Request DefaultFullHttpRequest(decodeResult: success, version: HTTP/1.1, content: EmptyByteBufBE)
GET /session/bcbd25bed5fdb2e1830a40a4265ef639/screenshot HTTP/1.1
User-Agent: selenium/4.1.2 (java windows)
Cache-Control: no-cache
Content-Type: application/json; charset=utf-8
host: localhost:60366
accept: */*

Response DefaultHttpResponse(decodeResult: success, version: HTTP/1.1)
HTTP/1.1 200 OK
Content-Type: application/json; charset=utf-8
cache-control: no-cache
content-length: 573184

00:49:00.201 [AsyncHttpClient-1-17] DEBUG org.asynchttpclient.netty.channel.ChannelManager - Adding key: http://localhost:60366 for channel [id: 0x94a96f52, L:/127.0.0.1:50258 - R:localhost/127.0.0.1:60366]
00:49:00.211 [main] DEBUG net.serenitybdd.core.photography.Darkroom - Send negative for processing for target\site\serenity\f77c054aa6a666f419ab49e776fdfb7fc10c7c59289c58aa7b77a3e2461e450a.png
00:49:00.211 [main] DEBUG net.thucydides.core.steps.StepInterceptor - STEP DONE: inputusername
  &amp#27;[32mWhen &amp#27;[0m&amp#27;[32madmin input valid ussername&amp#27;[0m                                                                                 &amp#27;[90m# starter.definitions.LoginSteps.adminInputValidUssername()&amp#27;[0m
00:49:00.223 [main] DEBUG net.thucydides.core.steps.StepInterceptor - STARTING STEP: LoginSteps.adminInputValidPassword - inputPassword
00:49:00.225 [Forwarding findElement on session bcbd25bed5fdb2e1830a40a4265ef639 to remote] DEBUG org.asynchttpclient.netty.request.NettyRequestSender - Using pooled Channel '[id: 0x94a96f52, L:/127.0.0.1:50258 - R:localhost/127.0.0.1:60366]' for 'POST' to 'http://localhost:60366/session/bcbd25bed5fdb2e1830a40a4265ef639/element'
00:49:00.225 [Forwarding findElement on session bcbd25bed5fdb2e1830a40a4265ef639 to remote] DEBUG org.asynchttpclient.netty.request.NettyRequestSender - Using open Channel [id: 0x94a96f52, L:/127.0.0.1:50258 - R:localhost/127.0.0.1:60366] for POST '/session/bcbd25bed5fdb2e1830a40a4265ef639/element'
00:49:00.244 [AsyncHttpClient-1-17] DEBUG org.asynchttpclient.netty.handler.HttpHandler - 

Request DefaultHttpRequest(decodeResult: success, version: HTTP/1.1)
POST /session/bcbd25bed5fdb2e1830a40a4265ef639/element HTTP/1.1
User-Agent: selenium/4.1.2 (java windows)
Content-Length: 92
Content-Type: application/json; charset=utf-8
host: localhost:60366
accept: */*

Response DefaultHttpResponse(decodeResult: success, version: HTTP/1.1)
HTTP/1.1 200 OK
Content-Type: application/json; charset=utf-8
cache-control: no-cache
content-length: 88

00:49:00.244 [AsyncHttpClient-1-17] DEBUG org.asynchttpclient.netty.channel.ChannelManager - Adding key: http://localhost:60366 for channel [id: 0x94a96f52, L:/127.0.0.1:50258 - R:localhost/127.0.0.1:60366]
00:49:00.245 [Forwarding clearElement on session bcbd25bed5fdb2e1830a40a4265ef639 to remote] DEBUG org.asynchttpclient.netty.request.NettyRequestSender - Using pooled Channel '[id: 0x94a96f52, L:/127.0.0.1:50258 - R:localhost/127.0.0.1:60366]' for 'POST' to 'http://localhost:60366/session/bcbd25bed5fdb2e1830a40a4265ef639/element/d1922dfa-d0da-41c3-8a6d-1d310b356a4c/clear'
00:49:00.245 [Forwarding clearElement on session bcbd25bed5fdb2e1830a40a4265ef639 to remote] DEBUG org.asynchttpclient.netty.request.NettyRequestSender - Using open Channel [id: 0x94a96f52, L:/127.0.0.1:50258 - R:localhost/127.0.0.1:60366] for POST '/session/bcbd25bed5fdb2e1830a40a4265ef639/element/d1922dfa-d0da-41c3-8a6d-1d310b356a4c/clear'
00:49:00.287 [AsyncHttpClient-1-17] DEBUG org.asynchttpclient.netty.handler.HttpHandler - 

Request DefaultHttpRequest(decodeResult: success, version: HTTP/1.1)
POST /session/bcbd25bed5fdb2e1830a40a4265ef639/element/d1922dfa-d0da-41c3-8a6d-1d310b356a4c/clear HTTP/1.1
User-Agent: selenium/4.1.2 (java windows)
Content-Length: 50
Content-Type: application/json; charset=utf-8
host: localhost:60366
accept: */*

Response DefaultHttpResponse(decodeResult: success, version: HTTP/1.1)
HTTP/1.1 200 OK
Content-Type: application/json; charset=utf-8
cache-control: no-cache
content-length: 14

00:49:00.287 [AsyncHttpClient-1-17] DEBUG org.asynchttpclient.netty.channel.ChannelManager - Adding key: http://localhost:60366 for channel [id: 0x94a96f52, L:/127.0.0.1:50258 - R:localhost/127.0.0.1:60366]
00:49:00.289 [Forwarding sendKeysToElement on session bcbd25bed5fdb2e1830a40a4265ef639 to remote] DEBUG org.asynchttpclient.netty.request.NettyRequestSender - Using pooled Channel '[id: 0x94a96f52, L:/127.0.0.1:50258 - R:localhost/127.0.0.1:60366]' for 'POST' to 'http://localhost:60366/session/bcbd25bed5fdb2e1830a40a4265ef639/element/d1922dfa-d0da-41c3-8a6d-1d310b356a4c/value'
00:49:00.289 [Forwarding sendKeysToElement on session bcbd25bed5fdb2e1830a40a4265ef639 to remote] DEBUG org.asynchttpclient.netty.request.NettyRequestSender - Using open Channel [id: 0x94a96f52, L:/127.0.0.1:50258 - R:localhost/127.0.0.1:60366] for POST '/session/bcbd25bed5fdb2e1830a40a4265ef639/element/d1922dfa-d0da-41c3-8a6d-1d310b356a4c/value'
00:49:00.377 [AsyncHttpClient-1-17] DEBUG org.asynchttpclient.netty.handler.HttpHandler - 

Request DefaultHttpRequest(decodeResult: success, version: HTTP/1.1)
POST /session/bcbd25bed5fdb2e1830a40a4265ef639/element/d1922dfa-d0da-41c3-8a6d-1d310b356a4c/value HTTP/1.1
User-Agent: selenium/4.1.2 (java windows)
Content-Length: 291
Content-Type: application/json; charset=utf-8
host: localhost:60366
accept: */*

Response DefaultHttpResponse(decodeResult: success, version: HTTP/1.1)
HTTP/1.1 200 OK
Content-Type: application/json; charset=utf-8
cache-control: no-cache
content-length: 14

00:49:00.377 [AsyncHttpClient-1-17] DEBUG org.asynchttpclient.netty.channel.ChannelManager - Adding key: http://localhost:60366 for channel [id: 0x94a96f52, L:/127.0.0.1:50258 - R:localhost/127.0.0.1:60366]
00:49:00.382 [Forwarding screenshot on session bcbd25bed5fdb2e1830a40a4265ef639 to remote] DEBUG org.asynchttpclient.netty.request.NettyRequestSender - Using pooled Channel '[id: 0x94a96f52, L:/127.0.0.1:50258 - R:localhost/127.0.0.1:60366]' for 'GET' to 'http://localhost:60366/session/bcbd25bed5fdb2e1830a40a4265ef639/screenshot'
00:49:00.382 [Forwarding screenshot on session bcbd25bed5fdb2e1830a40a4265ef639 to remote] DEBUG org.asynchttpclient.netty.request.NettyRequestSender - Using open Channel [id: 0x94a96f52, L:/127.0.0.1:50258 - R:localhost/127.0.0.1:60366] for GET '/session/bcbd25bed5fdb2e1830a40a4265ef639/screenshot'
00:49:00.679 [AsyncHttpClient-1-17] DEBUG org.asynchttpclient.netty.handler.HttpHandler - 

Request DefaultFullHttpRequest(decodeResult: success, version: HTTP/1.1, content: EmptyByteBufBE)
GET /session/bcbd25bed5fdb2e1830a40a4265ef639/screenshot HTTP/1.1
User-Agent: selenium/4.1.2 (java windows)
Cache-Control: no-cache
Content-Type: application/json; charset=utf-8
host: localhost:60366
accept: */*

Response DefaultHttpResponse(decodeResult: success, version: HTTP/1.1)
HTTP/1.1 200 OK
Content-Type: application/json; charset=utf-8
cache-control: no-cache
content-length: 569460

00:49:00.680 [AsyncHttpClient-1-17] DEBUG org.asynchttpclient.netty.channel.ChannelManager - Adding key: http://localhost:60366 for channel [id: 0x94a96f52, L:/127.0.0.1:50258 - R:localhost/127.0.0.1:60366]
00:49:00.689 [main] DEBUG net.serenitybdd.core.photography.Darkroom - Send negative for processing for target\site\serenity\7121c7966e51ed0bee580053fa8354e56400a63fd65cbfa41529dc1e051e1e6a.png
00:49:00.689 [main] DEBUG net.thucydides.core.steps.StepInterceptor - STEP DONE: inputPassword
  &amp#27;[32mAnd &amp#27;[0m&amp#27;[32madmin input valid password&amp#27;[0m                                                                                   &amp#27;[90m# starter.definitions.LoginSteps.adminInputValidPassword()&amp#27;[0m
00:49:00.701 [main] DEBUG net.thucydides.core.steps.StepInterceptor - STARTING STEP: LoginSteps.clickLoginButton - clickloginButton
00:49:00.704 [Forwarding findElement on session bcbd25bed5fdb2e1830a40a4265ef639 to remote] DEBUG org.asynchttpclient.netty.request.NettyRequestSender - Using pooled Channel '[id: 0x94a96f52, L:/127.0.0.1:50258 - R:localhost/127.0.0.1:60366]' for 'POST' to 'http://localhost:60366/session/bcbd25bed5fdb2e1830a40a4265ef639/element'
00:49:00.704 [Forwarding findElement on session bcbd25bed5fdb2e1830a40a4265ef639 to remote] DEBUG org.asynchttpclient.netty.request.NettyRequestSender - Using open Channel [id: 0x94a96f52, L:/127.0.0.1:50258 - R:localhost/127.0.0.1:60366] for POST '/session/bcbd25bed5fdb2e1830a40a4265ef639/element'
00:49:00.720 [AsyncHttpClient-1-17] DEBUG org.asynchttpclient.netty.handler.HttpHandler - 

Request DefaultHttpRequest(decodeResult: success, version: HTTP/1.1)
POST /session/bcbd25bed5fdb2e1830a40a4265ef639/element HTTP/1.1
User-Agent: selenium/4.1.2 (java windows)
Content-Length: 71
Content-Type: application/json; charset=utf-8
host: localhost:60366
accept: */*

Response DefaultHttpResponse(decodeResult: success, version: HTTP/1.1)
HTTP/1.1 200 OK
Content-Type: application/json; charset=utf-8
cache-control: no-cache
content-length: 88

00:49:00.721 [AsyncHttpClient-1-17] DEBUG org.asynchttpclient.netty.channel.ChannelManager - Adding key: http://localhost:60366 for channel [id: 0x94a96f52, L:/127.0.0.1:50258 - R:localhost/127.0.0.1:60366]
00:49:00.722 [Forwarding getElementTagName on session bcbd25bed5fdb2e1830a40a4265ef639 to remote] DEBUG org.asynchttpclient.netty.request.NettyRequestSender - Using pooled Channel '[id: 0x94a96f52, L:/127.0.0.1:50258 - R:localhost/127.0.0.1:60366]' for 'GET' to 'http://localhost:60366/session/bcbd25bed5fdb2e1830a40a4265ef639/element/c94568a3-6013-4fb0-b7d9-6451052c5aac/name'
00:49:00.722 [Forwarding getElementTagName on session bcbd25bed5fdb2e1830a40a4265ef639 to remote] DEBUG org.asynchttpclient.netty.request.NettyRequestSender - Using open Channel [id: 0x94a96f52, L:/127.0.0.1:50258 - R:localhost/127.0.0.1:60366] for GET '/session/bcbd25bed5fdb2e1830a40a4265ef639/element/c94568a3-6013-4fb0-b7d9-6451052c5aac/name'
00:49:00.737 [AsyncHttpClient-1-17] DEBUG org.asynchttpclient.netty.handler.HttpHandler - 

Request DefaultFullHttpRequest(decodeResult: success, version: HTTP/1.1, content: EmptyByteBufBE)
GET /session/bcbd25bed5fdb2e1830a40a4265ef639/element/c94568a3-6013-4fb0-b7d9-6451052c5aac/name HTTP/1.1
User-Agent: selenium/4.1.2 (java windows)
Cache-Control: no-cache
Content-Type: application/json; charset=utf-8
host: localhost:60366
accept: */*

Response DefaultHttpResponse(decodeResult: success, version: HTTP/1.1)
HTTP/1.1 200 OK
Content-Type: application/json; charset=utf-8
cache-control: no-cache
content-length: 18

00:49:00.737 [AsyncHttpClient-1-17] DEBUG org.asynchttpclient.netty.channel.ChannelManager - Adding key: http://localhost:60366 for channel [id: 0x94a96f52, L:/127.0.0.1:50258 - R:localhost/127.0.0.1:60366]
00:49:00.739 [Forwarding getElementTagName on session bcbd25bed5fdb2e1830a40a4265ef639 to remote] DEBUG org.asynchttpclient.netty.request.NettyRequestSender - Using pooled Channel '[id: 0x94a96f52, L:/127.0.0.1:50258 - R:localhost/127.0.0.1:60366]' for 'GET' to 'http://localhost:60366/session/bcbd25bed5fdb2e1830a40a4265ef639/element/c94568a3-6013-4fb0-b7d9-6451052c5aac/name'
00:49:00.739 [Forwarding getElementTagName on session bcbd25bed5fdb2e1830a40a4265ef639 to remote] DEBUG org.asynchttpclient.netty.request.NettyRequestSender - Using open Channel [id: 0x94a96f52, L:/127.0.0.1:50258 - R:localhost/127.0.0.1:60366] for GET '/session/bcbd25bed5fdb2e1830a40a4265ef639/element/c94568a3-6013-4fb0-b7d9-6451052c5aac/name'
00:49:00.748 [AsyncHttpClient-1-17] DEBUG org.asynchttpclient.netty.handler.HttpHandler - 

Request DefaultFullHttpRequest(decodeResult: success, version: HTTP/1.1, content: EmptyByteBufBE)
GET /session/bcbd25bed5fdb2e1830a40a4265ef639/element/c94568a3-6013-4fb0-b7d9-6451052c5aac/name HTTP/1.1
User-Agent: selenium/4.1.2 (java windows)
Cache-Control: no-cache
Content-Type: application/json; charset=utf-8
host: localhost:60366
accept: */*

Response DefaultHttpResponse(decodeResult: success, version: HTTP/1.1)
HTTP/1.1 200 OK
Content-Type: application/json; charset=utf-8
cache-control: no-cache
content-length: 18

00:49:00.748 [AsyncHttpClient-1-17] DEBUG org.asynchttpclient.netty.channel.ChannelManager - Adding key: http://localhost:60366 for channel [id: 0x94a96f52, L:/127.0.0.1:50258 - R:localhost/127.0.0.1:60366]
00:49:00.750 [Forwarding isElementEnabled on session bcbd25bed5fdb2e1830a40a4265ef639 to remote] DEBUG org.asynchttpclient.netty.request.NettyRequestSender - Using pooled Channel '[id: 0x94a96f52, L:/127.0.0.1:50258 - R:localhost/127.0.0.1:60366]' for 'GET' to 'http://localhost:60366/session/bcbd25bed5fdb2e1830a40a4265ef639/element/c94568a3-6013-4fb0-b7d9-6451052c5aac/enabled'
00:49:00.750 [Forwarding isElementEnabled on session bcbd25bed5fdb2e1830a40a4265ef639 to remote] DEBUG org.asynchttpclient.netty.request.NettyRequestSender - Using open Channel [id: 0x94a96f52, L:/127.0.0.1:50258 - R:localhost/127.0.0.1:60366] for GET '/session/bcbd25bed5fdb2e1830a40a4265ef639/element/c94568a3-6013-4fb0-b7d9-6451052c5aac/enabled'
00:49:00.767 [AsyncHttpClient-1-17] DEBUG org.asynchttpclient.netty.handler.HttpHandler - 

Request DefaultFullHttpRequest(decodeResult: success, version: HTTP/1.1, content: EmptyByteBufBE)
GET /session/bcbd25bed5fdb2e1830a40a4265ef639/element/c94568a3-6013-4fb0-b7d9-6451052c5aac/enabled HTTP/1.1
User-Agent: selenium/4.1.2 (java windows)
Cache-Control: no-cache
Content-Type: application/json; charset=utf-8
host: localhost:60366
accept: */*

Response DefaultHttpResponse(decodeResult: success, version: HTTP/1.1)
HTTP/1.1 200 OK
Content-Type: application/json; charset=utf-8
cache-control: no-cache
content-length: 14

00:49:00.768 [AsyncHttpClient-1-17] DEBUG org.asynchttpclient.netty.channel.ChannelManager - Adding key: http://localhost:60366 for channel [id: 0x94a96f52, L:/127.0.0.1:50258 - R:localhost/127.0.0.1:60366]
00:49:00.769 [Forwarding isElementEnabled on session bcbd25bed5fdb2e1830a40a4265ef639 to remote] DEBUG org.asynchttpclient.netty.request.NettyRequestSender - Using pooled Channel '[id: 0x94a96f52, L:/127.0.0.1:50258 - R:localhost/127.0.0.1:60366]' for 'GET' to 'http://localhost:60366/session/bcbd25bed5fdb2e1830a40a4265ef639/element/c94568a3-6013-4fb0-b7d9-6451052c5aac/enabled'
00:49:00.769 [Forwarding isElementEnabled on session bcbd25bed5fdb2e1830a40a4265ef639 to remote] DEBUG org.asynchttpclient.netty.request.NettyRequestSender - Using open Channel [id: 0x94a96f52, L:/127.0.0.1:50258 - R:localhost/127.0.0.1:60366] for GET '/session/bcbd25bed5fdb2e1830a40a4265ef639/element/c94568a3-6013-4fb0-b7d9-6451052c5aac/enabled'
00:49:00.783 [AsyncHttpClient-1-17] DEBUG org.asynchttpclient.netty.handler.HttpHandler - 

Request DefaultFullHttpRequest(decodeResult: success, version: HTTP/1.1, content: EmptyByteBufBE)
GET /session/bcbd25bed5fdb2e1830a40a4265ef639/element/c94568a3-6013-4fb0-b7d9-6451052c5aac/enabled HTTP/1.1
User-Agent: selenium/4.1.2 (java windows)
Cache-Control: no-cache
Content-Type: application/json; charset=utf-8
host: localhost:60366
accept: */*

Response DefaultHttpResponse(decodeResult: success, version: HTTP/1.1)
HTTP/1.1 200 OK
Content-Type: application/json; charset=utf-8
cache-control: no-cache
content-length: 14

00:49:00.783 [AsyncHttpClient-1-17] DEBUG org.asynchttpclient.netty.channel.ChannelManager - Adding key: http://localhost:60366 for channel [id: 0x94a96f52, L:/127.0.0.1:50258 - R:localhost/127.0.0.1:60366]
00:49:00.785 [AsyncHttpClient-1-1] DEBUG org.asynchttpclient.netty.channel.DefaultChannelPool - Entry count for : http://localhost:50259 : 1
00:49:00.785 [AsyncHttpClient-1-1] DEBUG org.asynchttpclient.netty.channel.DefaultChannelPool - Entry count for : http://localhost:60366 : 1
00:49:00.785 [Forwarding findElement on session bcbd25bed5fdb2e1830a40a4265ef639 to remote] DEBUG org.asynchttpclient.netty.request.NettyRequestSender - Using pooled Channel '[id: 0x94a96f52, L:/127.0.0.1:50258 - R:localhost/127.0.0.1:60366]' for 'POST' to 'http://localhost:60366/session/bcbd25bed5fdb2e1830a40a4265ef639/element'
00:49:00.785 [Forwarding findElement on session bcbd25bed5fdb2e1830a40a4265ef639 to remote] DEBUG org.asynchttpclient.netty.request.NettyRequestSender - Using open Channel [id: 0x94a96f52, L:/127.0.0.1:50258 - R:localhost/127.0.0.1:60366] for POST '/session/bcbd25bed5fdb2e1830a40a4265ef639/element'
00:49:00.796 [AsyncHttpClient-1-17] DEBUG org.asynchttpclient.netty.handler.HttpHandler - 

Request DefaultHttpRequest(decodeResult: success, version: HTTP/1.1)
POST /session/bcbd25bed5fdb2e1830a40a4265ef639/element HTTP/1.1
User-Agent: selenium/4.1.2 (java windows)
Content-Length: 71
Content-Type: application/json; charset=utf-8
host: localhost:60366
accept: */*

Response DefaultHttpResponse(decodeResult: success, version: HTTP/1.1)
HTTP/1.1 200 OK
Content-Type: application/json; charset=utf-8
cache-control: no-cache
content-length: 88

00:49:00.796 [AsyncHttpClient-1-17] DEBUG org.asynchttpclient.netty.channel.ChannelManager - Adding key: http://localhost:60366 for channel [id: 0x94a96f52, L:/127.0.0.1:50258 - R:localhost/127.0.0.1:60366]
00:49:00.798 [Forwarding clickElement on session bcbd25bed5fdb2e1830a40a4265ef639 to remote] DEBUG org.asynchttpclient.netty.request.NettyRequestSender - Using pooled Channel '[id: 0x94a96f52, L:/127.0.0.1:50258 - R:localhost/127.0.0.1:60366]' for 'POST' to 'http://localhost:60366/session/bcbd25bed5fdb2e1830a40a4265ef639/element/c94568a3-6013-4fb0-b7d9-6451052c5aac/click'
00:49:00.798 [Forwarding clickElement on session bcbd25bed5fdb2e1830a40a4265ef639 to remote] DEBUG org.asynchttpclient.netty.request.NettyRequestSender - Using open Channel [id: 0x94a96f52, L:/127.0.0.1:50258 - R:localhost/127.0.0.1:60366] for POST '/session/bcbd25bed5fdb2e1830a40a4265ef639/element/c94568a3-6013-4fb0-b7d9-6451052c5aac/click'
00:49:00.867 [AsyncHttpClient-1-17] DEBUG org.asynchttpclient.netty.handler.HttpHandler - 

Request DefaultHttpRequest(decodeResult: success, version: HTTP/1.1)
POST /session/bcbd25bed5fdb2e1830a40a4265ef639/element/c94568a3-6013-4fb0-b7d9-6451052c5aac/click HTTP/1.1
User-Agent: selenium/4.1.2 (java windows)
Content-Length: 50
Content-Type: application/json; charset=utf-8
host: localhost:60366
accept: */*

Response DefaultHttpResponse(decodeResult: success, version: HTTP/1.1)
HTTP/1.1 200 OK
Content-Type: application/json; charset=utf-8
cache-control: no-cache
content-length: 14

00:49:00.867 [AsyncHttpClient-1-17] DEBUG org.asynchttpclient.netty.channel.ChannelManager - Adding key: http://localhost:60366 for channel [id: 0x94a96f52, L:/127.0.0.1:50258 - R:localhost/127.0.0.1:60366]
00:49:00.872 [Forwarding screenshot on session bcbd25bed5fdb2e1830a40a4265ef639 to remote] DEBUG org.asynchttpclient.netty.request.NettyRequestSender - Using pooled Channel '[id: 0x94a96f52, L:/127.0.0.1:50258 - R:localhost/127.0.0.1:60366]' for 'GET' to 'http://localhost:60366/session/bcbd25bed5fdb2e1830a40a4265ef639/screenshot'
00:49:00.872 [Forwarding screenshot on session bcbd25bed5fdb2e1830a40a4265ef639 to remote] DEBUG org.asynchttpclient.netty.request.NettyRequestSender - Using open Channel [id: 0x94a96f52, L:/127.0.0.1:50258 - R:localhost/127.0.0.1:60366] for GET '/session/bcbd25bed5fdb2e1830a40a4265ef639/screenshot'
00:49:01.168 [AsyncHttpClient-1-17] DEBUG org.asynchttpclient.netty.handler.HttpHandler - 

Request DefaultFullHttpRequest(decodeResult: success, version: HTTP/1.1, content: EmptyByteBufBE)
GET /session/bcbd25bed5fdb2e1830a40a4265ef639/screenshot HTTP/1.1
User-Agent: selenium/4.1.2 (java windows)
Cache-Control: no-cache
Content-Type: application/json; charset=utf-8
host: localhost:60366
accept: */*

Response DefaultHttpResponse(decodeResult: success, version: HTTP/1.1)
HTTP/1.1 200 OK
Content-Type: application/json; charset=utf-8
cache-control: no-cache
content-length: 575004

00:49:01.168 [AsyncHttpClient-1-17] DEBUG org.asynchttpclient.netty.channel.ChannelManager - Adding key: http://localhost:60366 for channel [id: 0x94a96f52, L:/127.0.0.1:50258 - R:localhost/127.0.0.1:60366]
00:49:01.178 [main] DEBUG net.serenitybdd.core.photography.Darkroom - Send negative for processing for target\site\serenity\bdfb3257a55b5f729af578dfc1dc3a5762c89839bea5dc19984e34dd6640fee1.png
00:49:01.178 [main] DEBUG net.thucydides.core.steps.StepInterceptor - STEP DONE: clickloginButton
  &amp#27;[32mAnd &amp#27;[0m&amp#27;[32mclick login button&amp#27;[0m                                                                                           &amp#27;[90m# starter.definitions.LoginSteps.clickLoginButton()&amp#27;[0m
00:49:01.190 [main] DEBUG net.thucydides.core.steps.StepInterceptor - STARTING STEP: LoginSteps.clickSucsessLogin - sucseslogin
00:49:01.192 [Forwarding findElement on session bcbd25bed5fdb2e1830a40a4265ef639 to remote] DEBUG org.asynchttpclient.netty.request.NettyRequestSender - Using pooled Channel '[id: 0x94a96f52, L:/127.0.0.1:50258 - R:localhost/127.0.0.1:60366]' for 'POST' to 'http://localhost:60366/session/bcbd25bed5fdb2e1830a40a4265ef639/element'
00:49:01.192 [Forwarding findElement on session bcbd25bed5fdb2e1830a40a4265ef639 to remote] DEBUG org.asynchttpclient.netty.request.NettyRequestSender - Using open Channel [id: 0x94a96f52, L:/127.0.0.1:50258 - R:localhost/127.0.0.1:60366] for POST '/session/bcbd25bed5fdb2e1830a40a4265ef639/element'
00:49:01.570 [AsyncHttpClient-1-17] DEBUG org.asynchttpclient.netty.handler.HttpHandler - 

Request DefaultHttpRequest(decodeResult: success, version: HTTP/1.1)
POST /session/bcbd25bed5fdb2e1830a40a4265ef639/element HTTP/1.1
User-Agent: selenium/4.1.2 (java windows)
Content-Length: 79
Content-Type: application/json; charset=utf-8
host: localhost:60366
accept: */*

Response DefaultHttpResponse(decodeResult: success, version: HTTP/1.1)
HTTP/1.1 200 OK
Content-Type: application/json; charset=utf-8
cache-control: no-cache
content-length: 88

00:49:01.570 [AsyncHttpClient-1-17] DEBUG org.asynchttpclient.netty.channel.ChannelManager - Adding key: http://localhost:60366 for channel [id: 0x94a96f52, L:/127.0.0.1:50258 - R:localhost/127.0.0.1:60366]
00:49:01.572 [Forwarding getElementTagName on session bcbd25bed5fdb2e1830a40a4265ef639 to remote] DEBUG org.asynchttpclient.netty.request.NettyRequestSender - Using pooled Channel '[id: 0x94a96f52, L:/127.0.0.1:50258 - R:localhost/127.0.0.1:60366]' for 'GET' to 'http://localhost:60366/session/bcbd25bed5fdb2e1830a40a4265ef639/element/a56abbd4-b386-421e-a1f1-42f0888a94b2/name'
00:49:01.572 [Forwarding getElementTagName on session bcbd25bed5fdb2e1830a40a4265ef639 to remote] DEBUG org.asynchttpclient.netty.request.NettyRequestSender - Using open Channel [id: 0x94a96f52, L:/127.0.0.1:50258 - R:localhost/127.0.0.1:60366] for GET '/session/bcbd25bed5fdb2e1830a40a4265ef639/element/a56abbd4-b386-421e-a1f1-42f0888a94b2/name'
00:49:01.593 [AsyncHttpClient-1-17] DEBUG org.asynchttpclient.netty.handler.HttpHandler - 

Request DefaultFullHttpRequest(decodeResult: success, version: HTTP/1.1, content: EmptyByteBufBE)
GET /session/bcbd25bed5fdb2e1830a40a4265ef639/element/a56abbd4-b386-421e-a1f1-42f0888a94b2/name HTTP/1.1
User-Agent: selenium/4.1.2 (java windows)
Cache-Control: no-cache
Content-Type: application/json; charset=utf-8
host: localhost:60366
accept: */*

Response DefaultHttpResponse(decodeResult: success, version: HTTP/1.1)
HTTP/1.1 200 OK
Content-Type: application/json; charset=utf-8
cache-control: no-cache
content-length: 18

00:49:01.593 [AsyncHttpClient-1-17] DEBUG org.asynchttpclient.netty.channel.ChannelManager - Adding key: http://localhost:60366 for channel [id: 0x94a96f52, L:/127.0.0.1:50258 - R:localhost/127.0.0.1:60366]
00:49:01.594 [Forwarding getElementTagName on session bcbd25bed5fdb2e1830a40a4265ef639 to remote] DEBUG org.asynchttpclient.netty.request.NettyRequestSender - Using pooled Channel '[id: 0x94a96f52, L:/127.0.0.1:50258 - R:localhost/127.0.0.1:60366]' for 'GET' to 'http://localhost:60366/session/bcbd25bed5fdb2e1830a40a4265ef639/element/a56abbd4-b386-421e-a1f1-42f0888a94b2/name'
00:49:01.594 [Forwarding getElementTagName on session bcbd25bed5fdb2e1830a40a4265ef639 to remote] DEBUG org.asynchttpclient.netty.request.NettyRequestSender - Using open Channel [id: 0x94a96f52, L:/127.0.0.1:50258 - R:localhost/127.0.0.1:60366] for GET '/session/bcbd25bed5fdb2e1830a40a4265ef639/element/a56abbd4-b386-421e-a1f1-42f0888a94b2/name'
00:49:01.629 [AsyncHttpClient-1-17] DEBUG org.asynchttpclient.netty.handler.HttpHandler - 

Request DefaultFullHttpRequest(decodeResult: success, version: HTTP/1.1, content: EmptyByteBufBE)
GET /session/bcbd25bed5fdb2e1830a40a4265ef639/element/a56abbd4-b386-421e-a1f1-42f0888a94b2/name HTTP/1.1
User-Agent: selenium/4.1.2 (java windows)
Cache-Control: no-cache
Content-Type: application/json; charset=utf-8
host: localhost:60366
accept: */*

Response DefaultHttpResponse(decodeResult: success, version: HTTP/1.1)
HTTP/1.1 200 OK
Content-Type: application/json; charset=utf-8
cache-control: no-cache
content-length: 18

00:49:01.629 [AsyncHttpClient-1-17] DEBUG org.asynchttpclient.netty.channel.ChannelManager - Adding key: http://localhost:60366 for channel [id: 0x94a96f52, L:/127.0.0.1:50258 - R:localhost/127.0.0.1:60366]
00:49:01.631 [Forwarding isElementEnabled on session bcbd25bed5fdb2e1830a40a4265ef639 to remote] DEBUG org.asynchttpclient.netty.request.NettyRequestSender - Using pooled Channel '[id: 0x94a96f52, L:/127.0.0.1:50258 - R:localhost/127.0.0.1:60366]' for 'GET' to 'http://localhost:60366/session/bcbd25bed5fdb2e1830a40a4265ef639/element/a56abbd4-b386-421e-a1f1-42f0888a94b2/enabled'
00:49:01.631 [Forwarding isElementEnabled on session bcbd25bed5fdb2e1830a40a4265ef639 to remote] DEBUG org.asynchttpclient.netty.request.NettyRequestSender - Using open Channel [id: 0x94a96f52, L:/127.0.0.1:50258 - R:localhost/127.0.0.1:60366] for GET '/session/bcbd25bed5fdb2e1830a40a4265ef639/element/a56abbd4-b386-421e-a1f1-42f0888a94b2/enabled'
00:49:01.683 [AsyncHttpClient-1-17] DEBUG org.asynchttpclient.netty.handler.HttpHandler - 

Request DefaultFullHttpRequest(decodeResult: success, version: HTTP/1.1, content: EmptyByteBufBE)
GET /session/bcbd25bed5fdb2e1830a40a4265ef639/element/a56abbd4-b386-421e-a1f1-42f0888a94b2/enabled HTTP/1.1
User-Agent: selenium/4.1.2 (java windows)
Cache-Control: no-cache
Content-Type: application/json; charset=utf-8
host: localhost:60366
accept: */*

Response DefaultHttpResponse(decodeResult: success, version: HTTP/1.1)
HTTP/1.1 200 OK
Content-Type: application/json; charset=utf-8
cache-control: no-cache
content-length: 14

00:49:01.683 [AsyncHttpClient-1-17] DEBUG org.asynchttpclient.netty.channel.ChannelManager - Adding key: http://localhost:60366 for channel [id: 0x94a96f52, L:/127.0.0.1:50258 - R:localhost/127.0.0.1:60366]
00:49:01.685 [Forwarding isElementEnabled on session bcbd25bed5fdb2e1830a40a4265ef639 to remote] DEBUG org.asynchttpclient.netty.request.NettyRequestSender - Using pooled Channel '[id: 0x94a96f52, L:/127.0.0.1:50258 - R:localhost/127.0.0.1:60366]' for 'GET' to 'http://localhost:60366/session/bcbd25bed5fdb2e1830a40a4265ef639/element/a56abbd4-b386-421e-a1f1-42f0888a94b2/enabled'
00:49:01.685 [Forwarding isElementEnabled on session bcbd25bed5fdb2e1830a40a4265ef639 to remote] DEBUG org.asynchttpclient.netty.request.NettyRequestSender - Using open Channel [id: 0x94a96f52, L:/127.0.0.1:50258 - R:localhost/127.0.0.1:60366] for GET '/session/bcbd25bed5fdb2e1830a40a4265ef639/element/a56abbd4-b386-421e-a1f1-42f0888a94b2/enabled'
00:49:01.711 [AsyncHttpClient-1-17] DEBUG org.asynchttpclient.netty.handler.HttpHandler - 

Request DefaultFullHttpRequest(decodeResult: success, version: HTTP/1.1, content: EmptyByteBufBE)
GET /session/bcbd25bed5fdb2e1830a40a4265ef639/element/a56abbd4-b386-421e-a1f1-42f0888a94b2/enabled HTTP/1.1
User-Agent: selenium/4.1.2 (java windows)
Cache-Control: no-cache
Content-Type: application/json; charset=utf-8
host: localhost:60366
accept: */*

Response DefaultHttpResponse(decodeResult: success, version: HTTP/1.1)
HTTP/1.1 200 OK
Content-Type: application/json; charset=utf-8
cache-control: no-cache
content-length: 14

00:49:01.711 [AsyncHttpClient-1-17] DEBUG org.asynchttpclient.netty.channel.ChannelManager - Adding key: http://localhost:60366 for channel [id: 0x94a96f52, L:/127.0.0.1:50258 - R:localhost/127.0.0.1:60366]
00:49:01.713 [Forwarding findElement on session bcbd25bed5fdb2e1830a40a4265ef639 to remote] DEBUG org.asynchttpclient.netty.request.NettyRequestSender - Using pooled Channel '[id: 0x94a96f52, L:/127.0.0.1:50258 - R:localhost/127.0.0.1:60366]' for 'POST' to 'http://localhost:60366/session/bcbd25bed5fdb2e1830a40a4265ef639/element'
00:49:01.713 [Forwarding findElement on session bcbd25bed5fdb2e1830a40a4265ef639 to remote] DEBUG org.asynchttpclient.netty.request.NettyRequestSender - Using open Channel [id: 0x94a96f52, L:/127.0.0.1:50258 - R:localhost/127.0.0.1:60366] for POST '/session/bcbd25bed5fdb2e1830a40a4265ef639/element'
00:49:01.752 [AsyncHttpClient-1-17] DEBUG org.asynchttpclient.netty.handler.HttpHandler - 

Request DefaultHttpRequest(decodeResult: success, version: HTTP/1.1)
POST /session/bcbd25bed5fdb2e1830a40a4265ef639/element HTTP/1.1
User-Agent: selenium/4.1.2 (java windows)
Content-Length: 79
Content-Type: application/json; charset=utf-8
host: localhost:60366
accept: */*

Response DefaultHttpResponse(decodeResult: success, version: HTTP/1.1)
HTTP/1.1 200 OK
Content-Type: application/json; charset=utf-8
cache-control: no-cache
content-length: 88

00:49:01.753 [AsyncHttpClient-1-17] DEBUG org.asynchttpclient.netty.channel.ChannelManager - Adding key: http://localhost:60366 for channel [id: 0x94a96f52, L:/127.0.0.1:50258 - R:localhost/127.0.0.1:60366]
00:49:01.754 [Forwarding clickElement on session bcbd25bed5fdb2e1830a40a4265ef639 to remote] DEBUG org.asynchttpclient.netty.request.NettyRequestSender - Using pooled Channel '[id: 0x94a96f52, L:/127.0.0.1:50258 - R:localhost/127.0.0.1:60366]' for 'POST' to 'http://localhost:60366/session/bcbd25bed5fdb2e1830a40a4265ef639/element/a56abbd4-b386-421e-a1f1-42f0888a94b2/click'
00:49:01.754 [Forwarding clickElement on session bcbd25bed5fdb2e1830a40a4265ef639 to remote] DEBUG org.asynchttpclient.netty.request.NettyRequestSender - Using open Channel [id: 0x94a96f52, L:/127.0.0.1:50258 - R:localhost/127.0.0.1:60366] for POST '/session/bcbd25bed5fdb2e1830a40a4265ef639/element/a56abbd4-b386-421e-a1f1-42f0888a94b2/click'
00:49:01.886 [AsyncHttpClient-1-1] DEBUG org.asynchttpclient.netty.channel.DefaultChannelPool - Entry count for : http://localhost:50259 : 1
00:49:01.935 [AsyncHttpClient-1-17] DEBUG org.asynchttpclient.netty.handler.HttpHandler - 

Request DefaultHttpRequest(decodeResult: success, version: HTTP/1.1)
POST /session/bcbd25bed5fdb2e1830a40a4265ef639/element/a56abbd4-b386-421e-a1f1-42f0888a94b2/click HTTP/1.1
User-Agent: selenium/4.1.2 (java windows)
Content-Length: 50
Content-Type: application/json; charset=utf-8
host: localhost:60366
accept: */*

Response DefaultHttpResponse(decodeResult: success, version: HTTP/1.1)
HTTP/1.1 200 OK
Content-Type: application/json; charset=utf-8
cache-control: no-cache
content-length: 14

00:49:01.935 [AsyncHttpClient-1-17] DEBUG org.asynchttpclient.netty.channel.ChannelManager - Adding key: http://localhost:60366 for channel [id: 0x94a96f52, L:/127.0.0.1:50258 - R:localhost/127.0.0.1:60366]
00:49:01.941 [Forwarding screenshot on session bcbd25bed5fdb2e1830a40a4265ef639 to remote] DEBUG org.asynchttpclient.netty.request.NettyRequestSender - Using pooled Channel '[id: 0x94a96f52, L:/127.0.0.1:50258 - R:localhost/127.0.0.1:60366]' for 'GET' to 'http://localhost:60366/session/bcbd25bed5fdb2e1830a40a4265ef639/screenshot'
00:49:01.941 [Forwarding screenshot on session bcbd25bed5fdb2e1830a40a4265ef639 to remote] DEBUG org.asynchttpclient.netty.request.NettyRequestSender - Using open Channel [id: 0x94a96f52, L:/127.0.0.1:50258 - R:localhost/127.0.0.1:60366] for GET '/session/bcbd25bed5fdb2e1830a40a4265ef639/screenshot'
00:49:02.171 [AsyncHttpClient-1-17] DEBUG org.asynchttpclient.netty.handler.HttpHandler - 

Request DefaultFullHttpRequest(decodeResult: success, version: HTTP/1.1, content: EmptyByteBufBE)
GET /session/bcbd25bed5fdb2e1830a40a4265ef639/screenshot HTTP/1.1
User-Agent: selenium/4.1.2 (java windows)
Cache-Control: no-cache
Content-Type: application/json; charset=utf-8
host: localhost:60366
accept: */*

Response DefaultHttpResponse(decodeResult: success, version: HTTP/1.1)
HTTP/1.1 200 OK
Content-Type: application/json; charset=utf-8
cache-control: no-cache
content-length: 118128

00:49:02.171 [AsyncHttpClient-1-17] DEBUG org.asynchttpclient.netty.channel.ChannelManager - Adding key: http://localhost:60366 for channel [id: 0x94a96f52, L:/127.0.0.1:50258 - R:localhost/127.0.0.1:60366]
00:49:02.175 [main] DEBUG net.serenitybdd.core.photography.Darkroom - Send negative for processing for target\site\serenity\460c631421fbb58f664349e36c57ac74c2d80ed1ceabe1d76cc0755642d72722.png
00:49:02.175 [main] DEBUG net.thucydides.core.steps.StepInterceptor - STEP DONE: sucseslogin
  &amp#27;[32mAnd &amp#27;[0m&amp#27;[32mclick sucsess login&amp#27;[0m                                                                                          &amp#27;[90m# starter.definitions.LoginSteps.clickSucsessLogin()&amp#27;[0m
00:49:02.176 [Darkroom Processing Line] DEBUG net.serenitybdd.core.photography.DarkroomProcessingLine - Processing screenshot image in /var/screenshots/screenshot-6071499609052730216
00:49:02.176 [Darkroom Processing Line] DEBUG net.serenitybdd.core.photography.DarkroomProcessingLine - Saving screenshot to target\site\serenity\460c631421fbb58f664349e36c57ac74c2d80ed1ceabe1d76cc0755642d72722.png
00:49:02.191 [main] DEBUG net.thucydides.core.steps.StepInterceptor - STARTING STEP: NewsletterSteps.adminClickNewsletterPage - newsletterpage
00:49:02.193 [Forwarding findElement on session bcbd25bed5fdb2e1830a40a4265ef639 to remote] DEBUG org.asynchttpclient.netty.request.NettyRequestSender - Using pooled Channel '[id: 0x94a96f52, L:/127.0.0.1:50258 - R:localhost/127.0.0.1:60366]' for 'POST' to 'http://localhost:60366/session/bcbd25bed5fdb2e1830a40a4265ef639/element'
00:49:02.194 [Forwarding findElement on session bcbd25bed5fdb2e1830a40a4265ef639 to remote] DEBUG org.asynchttpclient.netty.request.NettyRequestSender - Using open Channel [id: 0x94a96f52, L:/127.0.0.1:50258 - R:localhost/127.0.0.1:60366] for POST '/session/bcbd25bed5fdb2e1830a40a4265ef639/element'
00:49:02.987 [AsyncHttpClient-1-1] DEBUG org.asynchttpclient.netty.channel.DefaultChannelPool - Entry count for : http://localhost:50259 : 1
00:49:04.097 [AsyncHttpClient-1-1] DEBUG org.asynchttpclient.netty.channel.DefaultChannelPool - Entry count for : http://localhost:50259 : 1
00:49:04.277 [AsyncHttpClient-1-17] DEBUG org.asynchttpclient.netty.handler.HttpHandler - 

Request DefaultHttpRequest(decodeResult: success, version: HTTP/1.1)
POST /session/bcbd25bed5fdb2e1830a40a4265ef639/element HTTP/1.1
User-Agent: selenium/4.1.2 (java windows)
Content-Length: 76
Content-Type: application/json; charset=utf-8
host: localhost:60366
accept: */*

Response DefaultHttpResponse(decodeResult: success, version: HTTP/1.1)
HTTP/1.1 404 Not Found
Content-Type: application/json; charset=utf-8
cache-control: no-cache
content-length: 1029

00:49:04.277 [AsyncHttpClient-1-17] DEBUG org.asynchttpclient.netty.channel.ChannelManager - Adding key: http://localhost:60366 for channel [id: 0x94a96f52, L:/127.0.0.1:50258 - R:localhost/127.0.0.1:60366]
00:49:04.384 [Forwarding findElement on session bcbd25bed5fdb2e1830a40a4265ef639 to remote] DEBUG org.asynchttpclient.netty.request.NettyRequestSender - Using pooled Channel '[id: 0x94a96f52, L:/127.0.0.1:50258 - R:localhost/127.0.0.1:60366]' for 'POST' to 'http://localhost:60366/session/bcbd25bed5fdb2e1830a40a4265ef639/element'
00:49:04.384 [Forwarding findElement on session bcbd25bed5fdb2e1830a40a4265ef639 to remote] DEBUG org.asynchttpclient.netty.request.NettyRequestSender - Using open Channel [id: 0x94a96f52, L:/127.0.0.1:50258 - R:localhost/127.0.0.1:60366] for POST '/session/bcbd25bed5fdb2e1830a40a4265ef639/element'
00:49:05.185 [AsyncHttpClient-1-1] DEBUG org.asynchttpclient.netty.channel.DefaultChannelPool - Entry count for : http://localhost:50259 : 1
00:49:05.734 [AsyncHttpClient-1-17] DEBUG org.asynchttpclient.netty.handler.HttpHandler - 

Request DefaultHttpRequest(decodeResult: success, version: HTTP/1.1)
POST /session/bcbd25bed5fdb2e1830a40a4265ef639/element HTTP/1.1
User-Agent: selenium/4.1.2 (java windows)
Content-Length: 76
Content-Type: application/json; charset=utf-8
host: localhost:60366
accept: */*

Response DefaultHttpResponse(decodeResult: success, version: HTTP/1.1)
HTTP/1.1 200 OK
Content-Type: application/json; charset=utf-8
cache-control: no-cache
content-length: 88

00:49:05.734 [AsyncHttpClient-1-17] DEBUG org.asynchttpclient.netty.channel.ChannelManager - Adding key: http://localhost:60366 for channel [id: 0x94a96f52, L:/127.0.0.1:50258 - R:localhost/127.0.0.1:60366]
00:49:05.735 [Forwarding getElementTagName on session bcbd25bed5fdb2e1830a40a4265ef639 to remote] DEBUG org.asynchttpclient.netty.request.NettyRequestSender - Using pooled Channel '[id: 0x94a96f52, L:/127.0.0.1:50258 - R:localhost/127.0.0.1:60366]' for 'GET' to 'http://localhost:60366/session/bcbd25bed5fdb2e1830a40a4265ef639/element/c23228f9-2799-405f-8bec-9b216a8ac0cc/name'
00:49:05.735 [Forwarding getElementTagName on session bcbd25bed5fdb2e1830a40a4265ef639 to remote] DEBUG org.asynchttpclient.netty.request.NettyRequestSender - Using open Channel [id: 0x94a96f52, L:/127.0.0.1:50258 - R:localhost/127.0.0.1:60366] for GET '/session/bcbd25bed5fdb2e1830a40a4265ef639/element/c23228f9-2799-405f-8bec-9b216a8ac0cc/name'
00:49:05.750 [AsyncHttpClient-1-17] DEBUG org.asynchttpclient.netty.handler.HttpHandler - 

Request DefaultFullHttpRequest(decodeResult: success, version: HTTP/1.1, content: EmptyByteBufBE)
GET /session/bcbd25bed5fdb2e1830a40a4265ef639/element/c23228f9-2799-405f-8bec-9b216a8ac0cc/name HTTP/1.1
User-Agent: selenium/4.1.2 (java windows)
Cache-Control: no-cache
Content-Type: application/json; charset=utf-8
host: localhost:60366
accept: */*

Response DefaultHttpResponse(decodeResult: success, version: HTTP/1.1)
HTTP/1.1 200 OK
Content-Type: application/json; charset=utf-8
cache-control: no-cache
content-length: 13

00:49:05.750 [AsyncHttpClient-1-17] DEBUG org.asynchttpclient.netty.channel.ChannelManager - Adding key: http://localhost:60366 for channel [id: 0x94a96f52, L:/127.0.0.1:50258 - R:localhost/127.0.0.1:60366]
00:49:05.751 [Forwarding getElementTagName on session bcbd25bed5fdb2e1830a40a4265ef639 to remote] DEBUG org.asynchttpclient.netty.request.NettyRequestSender - Using pooled Channel '[id: 0x94a96f52, L:/127.0.0.1:50258 - R:localhost/127.0.0.1:60366]' for 'GET' to 'http://localhost:60366/session/bcbd25bed5fdb2e1830a40a4265ef639/element/c23228f9-2799-405f-8bec-9b216a8ac0cc/name'
00:49:05.751 [Forwarding getElementTagName on session bcbd25bed5fdb2e1830a40a4265ef639 to remote] DEBUG org.asynchttpclient.netty.request.NettyRequestSender - Using open Channel [id: 0x94a96f52, L:/127.0.0.1:50258 - R:localhost/127.0.0.1:60366] for GET '/session/bcbd25bed5fdb2e1830a40a4265ef639/element/c23228f9-2799-405f-8bec-9b216a8ac0cc/name'
00:49:05.763 [AsyncHttpClient-1-17] DEBUG org.asynchttpclient.netty.handler.HttpHandler - 

Request DefaultFullHttpRequest(decodeResult: success, version: HTTP/1.1, content: EmptyByteBufBE)
GET /session/bcbd25bed5fdb2e1830a40a4265ef639/element/c23228f9-2799-405f-8bec-9b216a8ac0cc/name HTTP/1.1
User-Agent: selenium/4.1.2 (java windows)
Cache-Control: no-cache
Content-Type: application/json; charset=utf-8
host: localhost:60366
accept: */*

Response DefaultHttpResponse(decodeResult: success, version: HTTP/1.1)
HTTP/1.1 200 OK
Content-Type: application/json; charset=utf-8
cache-control: no-cache
content-length: 13

00:49:05.763 [AsyncHttpClient-1-17] DEBUG org.asynchttpclient.netty.channel.ChannelManager - Adding key: http://localhost:60366 for channel [id: 0x94a96f52, L:/127.0.0.1:50258 - R:localhost/127.0.0.1:60366]
00:49:05.764 [Forwarding findElement on session bcbd25bed5fdb2e1830a40a4265ef639 to remote] DEBUG org.asynchttpclient.netty.request.NettyRequestSender - Using pooled Channel '[id: 0x94a96f52, L:/127.0.0.1:50258 - R:localhost/127.0.0.1:60366]' for 'POST' to 'http://localhost:60366/session/bcbd25bed5fdb2e1830a40a4265ef639/element'
00:49:05.764 [Forwarding findElement on session bcbd25bed5fdb2e1830a40a4265ef639 to remote] DEBUG org.asynchttpclient.netty.request.NettyRequestSender - Using open Channel [id: 0x94a96f52, L:/127.0.0.1:50258 - R:localhost/127.0.0.1:60366] for POST '/session/bcbd25bed5fdb2e1830a40a4265ef639/element'
00:49:05.776 [AsyncHttpClient-1-17] DEBUG org.asynchttpclient.netty.handler.HttpHandler - 

Request DefaultHttpRequest(decodeResult: success, version: HTTP/1.1)
POST /session/bcbd25bed5fdb2e1830a40a4265ef639/element HTTP/1.1
User-Agent: selenium/4.1.2 (java windows)
Content-Length: 76
Content-Type: application/json; charset=utf-8
host: localhost:60366
accept: */*

Response DefaultHttpResponse(decodeResult: success, version: HTTP/1.1)
HTTP/1.1 200 OK
Content-Type: application/json; charset=utf-8
cache-control: no-cache
content-length: 88

00:49:05.776 [AsyncHttpClient-1-17] DEBUG org.asynchttpclient.netty.channel.ChannelManager - Adding key: http://localhost:60366 for channel [id: 0x94a96f52, L:/127.0.0.1:50258 - R:localhost/127.0.0.1:60366]
00:49:05.777 [Forwarding clickElement on session bcbd25bed5fdb2e1830a40a4265ef639 to remote] DEBUG org.asynchttpclient.netty.request.NettyRequestSender - Using pooled Channel '[id: 0x94a96f52, L:/127.0.0.1:50258 - R:localhost/127.0.0.1:60366]' for 'POST' to 'http://localhost:60366/session/bcbd25bed5fdb2e1830a40a4265ef639/element/c23228f9-2799-405f-8bec-9b216a8ac0cc/click'
00:49:05.777 [Forwarding clickElement on session bcbd25bed5fdb2e1830a40a4265ef639 to remote] DEBUG org.asynchttpclient.netty.request.NettyRequestSender - Using open Channel [id: 0x94a96f52, L:/127.0.0.1:50258 - R:localhost/127.0.0.1:60366] for POST '/session/bcbd25bed5fdb2e1830a40a4265ef639/element/c23228f9-2799-405f-8bec-9b216a8ac0cc/click'
00:49:05.836 [AsyncHttpClient-1-17] DEBUG org.asynchttpclient.netty.handler.HttpHandler - 

Request DefaultHttpRequest(decodeResult: success, version: HTTP/1.1)
POST /session/bcbd25bed5fdb2e1830a40a4265ef639/element/c23228f9-2799-405f-8bec-9b216a8ac0cc/click HTTP/1.1
User-Agent: selenium/4.1.2 (java windows)
Content-Length: 50
Content-Type: application/json; charset=utf-8
host: localhost:60366
accept: */*

Response DefaultHttpResponse(decodeResult: success, version: HTTP/1.1)
HTTP/1.1 200 OK
Content-Type: application/json; charset=utf-8
cache-control: no-cache
content-length: 14

00:49:05.836 [AsyncHttpClient-1-17] DEBUG org.asynchttpclient.netty.channel.ChannelManager - Adding key: http://localhost:60366 for channel [id: 0x94a96f52, L:/127.0.0.1:50258 - R:localhost/127.0.0.1:60366]
00:49:05.843 [Forwarding screenshot on session bcbd25bed5fdb2e1830a40a4265ef639 to remote] DEBUG org.asynchttpclient.netty.request.NettyRequestSender - Using pooled Channel '[id: 0x94a96f52, L:/127.0.0.1:50258 - R:localhost/127.0.0.1:60366]' for 'GET' to 'http://localhost:60366/session/bcbd25bed5fdb2e1830a40a4265ef639/screenshot'
00:49:05.843 [Forwarding screenshot on session bcbd25bed5fdb2e1830a40a4265ef639 to remote] DEBUG org.asynchttpclient.netty.request.NettyRequestSender - Using open Channel [id: 0x94a96f52, L:/127.0.0.1:50258 - R:localhost/127.0.0.1:60366] for GET '/session/bcbd25bed5fdb2e1830a40a4265ef639/screenshot'
00:49:06.201 [AsyncHttpClient-1-17] DEBUG org.asynchttpclient.netty.handler.HttpHandler - 

Request DefaultFullHttpRequest(decodeResult: success, version: HTTP/1.1, content: EmptyByteBufBE)
GET /session/bcbd25bed5fdb2e1830a40a4265ef639/screenshot HTTP/1.1
User-Agent: selenium/4.1.2 (java windows)
Cache-Control: no-cache
Content-Type: application/json; charset=utf-8
host: localhost:60366
accept: */*

Response DefaultHttpResponse(decodeResult: success, version: HTTP/1.1)
HTTP/1.1 200 OK
Content-Type: application/json; charset=utf-8
cache-control: no-cache
content-length: 116628

00:49:06.202 [AsyncHttpClient-1-17] DEBUG org.asynchttpclient.netty.channel.ChannelManager - Adding key: http://localhost:60366 for channel [id: 0x94a96f52, L:/127.0.0.1:50258 - R:localhost/127.0.0.1:60366]
00:49:06.204 [main] DEBUG net.serenitybdd.core.photography.Darkroom - Send negative for processing for target\site\serenity\6d6114df12d12a80d562c0e9db2524b2190a5b95363d9987bff3c1c04dc689fd.png
00:49:06.204 [main] DEBUG net.thucydides.core.steps.StepInterceptor - STEP DONE: newsletterpage
  &amp#27;[32mWhen &amp#27;[0m&amp#27;[32madmin click newsletter page&amp#27;[0m                                                                                 &amp#27;[90m# starter.definitions.NewsletterSteps.adminClickNewsletterPage()&amp#27;[0m
00:49:06.216 [main] DEBUG net.thucydides.core.steps.StepInterceptor - STARTING STEP: NewsletterSteps.andAdminDoNotFillInTheDesiredTitleAndFillInTheTextThatMatchesTheTitleAfterThatClickSend - newslettersend
00:49:06.218 [Forwarding findElement on session bcbd25bed5fdb2e1830a40a4265ef639 to remote] DEBUG org.asynchttpclient.netty.request.NettyRequestSender - Using pooled Channel '[id: 0x94a96f52, L:/127.0.0.1:50258 - R:localhost/127.0.0.1:60366]' for 'POST' to 'http://localhost:60366/session/bcbd25bed5fdb2e1830a40a4265ef639/element'
00:49:06.218 [Forwarding findElement on session bcbd25bed5fdb2e1830a40a4265ef639 to remote] DEBUG org.asynchttpclient.netty.request.NettyRequestSender - Using open Channel [id: 0x94a96f52, L:/127.0.0.1:50258 - R:localhost/127.0.0.1:60366] for POST '/session/bcbd25bed5fdb2e1830a40a4265ef639/element'
00:49:06.237 [AsyncHttpClient-1-17] DEBUG org.asynchttpclient.netty.handler.HttpHandler - 

Request DefaultHttpRequest(decodeResult: success, version: HTTP/1.1)
POST /session/bcbd25bed5fdb2e1830a40a4265ef639/element HTTP/1.1
User-Agent: selenium/4.1.2 (java windows)
Content-Length: 71
Content-Type: application/json; charset=utf-8
host: localhost:60366
accept: */*

Response DefaultHttpResponse(decodeResult: success, version: HTTP/1.1)
HTTP/1.1 200 OK
Content-Type: application/json; charset=utf-8
cache-control: no-cache
content-length: 88

00:49:06.237 [AsyncHttpClient-1-17] DEBUG org.asynchttpclient.netty.channel.ChannelManager - Adding key: http://localhost:60366 for channel [id: 0x94a96f52, L:/127.0.0.1:50258 - R:localhost/127.0.0.1:60366]
00:49:06.238 [Forwarding getElementTagName on session bcbd25bed5fdb2e1830a40a4265ef639 to remote] DEBUG org.asynchttpclient.netty.request.NettyRequestSender - Using pooled Channel '[id: 0x94a96f52, L:/127.0.0.1:50258 - R:localhost/127.0.0.1:60366]' for 'GET' to 'http://localhost:60366/session/bcbd25bed5fdb2e1830a40a4265ef639/element/9241d846-c45f-49ef-b767-039bbadd52b4/name'
00:49:06.238 [Forwarding getElementTagName on session bcbd25bed5fdb2e1830a40a4265ef639 to remote] DEBUG org.asynchttpclient.netty.request.NettyRequestSender - Using open Channel [id: 0x94a96f52, L:/127.0.0.1:50258 - R:localhost/127.0.0.1:60366] for GET '/session/bcbd25bed5fdb2e1830a40a4265ef639/element/9241d846-c45f-49ef-b767-039bbadd52b4/name'
00:49:06.257 [AsyncHttpClient-1-17] DEBUG org.asynchttpclient.netty.handler.HttpHandler - 

Request DefaultFullHttpRequest(decodeResult: success, version: HTTP/1.1, content: EmptyByteBufBE)
GET /session/bcbd25bed5fdb2e1830a40a4265ef639/element/9241d846-c45f-49ef-b767-039bbadd52b4/name HTTP/1.1
User-Agent: selenium/4.1.2 (java windows)
Cache-Control: no-cache
Content-Type: application/json; charset=utf-8
host: localhost:60366
accept: */*

Response DefaultHttpResponse(decodeResult: success, version: HTTP/1.1)
HTTP/1.1 200 OK
Content-Type: application/json; charset=utf-8
cache-control: no-cache
content-length: 18

00:49:06.257 [AsyncHttpClient-1-17] DEBUG org.asynchttpclient.netty.channel.ChannelManager - Adding key: http://localhost:60366 for channel [id: 0x94a96f52, L:/127.0.0.1:50258 - R:localhost/127.0.0.1:60366]
00:49:06.258 [Forwarding getElementTagName on session bcbd25bed5fdb2e1830a40a4265ef639 to remote] DEBUG org.asynchttpclient.netty.request.NettyRequestSender - Using pooled Channel '[id: 0x94a96f52, L:/127.0.0.1:50258 - R:localhost/127.0.0.1:60366]' for 'GET' to 'http://localhost:60366/session/bcbd25bed5fdb2e1830a40a4265ef639/element/9241d846-c45f-49ef-b767-039bbadd52b4/name'
00:49:06.258 [Forwarding getElementTagName on session bcbd25bed5fdb2e1830a40a4265ef639 to remote] DEBUG org.asynchttpclient.netty.request.NettyRequestSender - Using open Channel [id: 0x94a96f52, L:/127.0.0.1:50258 - R:localhost/127.0.0.1:60366] for GET '/session/bcbd25bed5fdb2e1830a40a4265ef639/element/9241d846-c45f-49ef-b767-039bbadd52b4/name'
00:49:06.270 [AsyncHttpClient-1-17] DEBUG org.asynchttpclient.netty.handler.HttpHandler - 

Request DefaultFullHttpRequest(decodeResult: success, version: HTTP/1.1, content: EmptyByteBufBE)
GET /session/bcbd25bed5fdb2e1830a40a4265ef639/element/9241d846-c45f-49ef-b767-039bbadd52b4/name HTTP/1.1
User-Agent: selenium/4.1.2 (java windows)
Cache-Control: no-cache
Content-Type: application/json; charset=utf-8
host: localhost:60366
accept: */*

Response DefaultHttpResponse(decodeResult: success, version: HTTP/1.1)
HTTP/1.1 200 OK
Content-Type: application/json; charset=utf-8
cache-control: no-cache
content-length: 18

00:49:06.271 [AsyncHttpClient-1-17] DEBUG org.asynchttpclient.netty.channel.ChannelManager - Adding key: http://localhost:60366 for channel [id: 0x94a96f52, L:/127.0.0.1:50258 - R:localhost/127.0.0.1:60366]
00:49:06.273 [Forwarding isElementEnabled on session bcbd25bed5fdb2e1830a40a4265ef639 to remote] DEBUG org.asynchttpclient.netty.request.NettyRequestSender - Using pooled Channel '[id: 0x94a96f52, L:/127.0.0.1:50258 - R:localhost/127.0.0.1:60366]' for 'GET' to 'http://localhost:60366/session/bcbd25bed5fdb2e1830a40a4265ef639/element/9241d846-c45f-49ef-b767-039bbadd52b4/enabled'
00:49:06.273 [Forwarding isElementEnabled on session bcbd25bed5fdb2e1830a40a4265ef639 to remote] DEBUG org.asynchttpclient.netty.request.NettyRequestSender - Using open Channel [id: 0x94a96f52, L:/127.0.0.1:50258 - R:localhost/127.0.0.1:60366] for GET '/session/bcbd25bed5fdb2e1830a40a4265ef639/element/9241d846-c45f-49ef-b767-039bbadd52b4/enabled'
00:49:06.288 [AsyncHttpClient-1-17] DEBUG org.asynchttpclient.netty.handler.HttpHandler - 

Request DefaultFullHttpRequest(decodeResult: success, version: HTTP/1.1, content: EmptyByteBufBE)
GET /session/bcbd25bed5fdb2e1830a40a4265ef639/element/9241d846-c45f-49ef-b767-039bbadd52b4/enabled HTTP/1.1
User-Agent: selenium/4.1.2 (java windows)
Cache-Control: no-cache
Content-Type: application/json; charset=utf-8
host: localhost:60366
accept: */*

Response DefaultHttpResponse(decodeResult: success, version: HTTP/1.1)
HTTP/1.1 200 OK
Content-Type: application/json; charset=utf-8
cache-control: no-cache
content-length: 14

00:49:06.288 [AsyncHttpClient-1-17] DEBUG org.asynchttpclient.netty.channel.ChannelManager - Adding key: http://localhost:60366 for channel [id: 0x94a96f52, L:/127.0.0.1:50258 - R:localhost/127.0.0.1:60366]
00:49:06.290 [Forwarding isElementEnabled on session bcbd25bed5fdb2e1830a40a4265ef639 to remote] DEBUG org.asynchttpclient.netty.request.NettyRequestSender - Using pooled Channel '[id: 0x94a96f52, L:/127.0.0.1:50258 - R:localhost/127.0.0.1:60366]' for 'GET' to 'http://localhost:60366/session/bcbd25bed5fdb2e1830a40a4265ef639/element/9241d846-c45f-49ef-b767-039bbadd52b4/enabled'
00:49:06.290 [Forwarding isElementEnabled on session bcbd25bed5fdb2e1830a40a4265ef639 to remote] DEBUG org.asynchttpclient.netty.request.NettyRequestSender - Using open Channel [id: 0x94a96f52, L:/127.0.0.1:50258 - R:localhost/127.0.0.1:60366] for GET '/session/bcbd25bed5fdb2e1830a40a4265ef639/element/9241d846-c45f-49ef-b767-039bbadd52b4/enabled'
00:49:06.293 [AsyncHttpClient-1-1] DEBUG org.asynchttpclient.netty.channel.DefaultChannelPool - Entry count for : http://localhost:50259 : 1
00:49:06.307 [AsyncHttpClient-1-17] DEBUG org.asynchttpclient.netty.handler.HttpHandler - 

Request DefaultFullHttpRequest(decodeResult: success, version: HTTP/1.1, content: EmptyByteBufBE)
GET /session/bcbd25bed5fdb2e1830a40a4265ef639/element/9241d846-c45f-49ef-b767-039bbadd52b4/enabled HTTP/1.1
User-Agent: selenium/4.1.2 (java windows)
Cache-Control: no-cache
Content-Type: application/json; charset=utf-8
host: localhost:60366
accept: */*

Response DefaultHttpResponse(decodeResult: success, version: HTTP/1.1)
HTTP/1.1 200 OK
Content-Type: application/json; charset=utf-8
cache-control: no-cache
content-length: 14

00:49:06.307 [AsyncHttpClient-1-17] DEBUG org.asynchttpclient.netty.channel.ChannelManager - Adding key: http://localhost:60366 for channel [id: 0x94a96f52, L:/127.0.0.1:50258 - R:localhost/127.0.0.1:60366]
00:49:06.309 [Forwarding findElement on session bcbd25bed5fdb2e1830a40a4265ef639 to remote] DEBUG org.asynchttpclient.netty.request.NettyRequestSender - Using pooled Channel '[id: 0x94a96f52, L:/127.0.0.1:50258 - R:localhost/127.0.0.1:60366]' for 'POST' to 'http://localhost:60366/session/bcbd25bed5fdb2e1830a40a4265ef639/element'
00:49:06.309 [Forwarding findElement on session bcbd25bed5fdb2e1830a40a4265ef639 to remote] DEBUG org.asynchttpclient.netty.request.NettyRequestSender - Using open Channel [id: 0x94a96f52, L:/127.0.0.1:50258 - R:localhost/127.0.0.1:60366] for POST '/session/bcbd25bed5fdb2e1830a40a4265ef639/element'
00:49:06.320 [AsyncHttpClient-1-17] DEBUG org.asynchttpclient.netty.handler.HttpHandler - 

Request DefaultHttpRequest(decodeResult: success, version: HTTP/1.1)
POST /session/bcbd25bed5fdb2e1830a40a4265ef639/element HTTP/1.1
User-Agent: selenium/4.1.2 (java windows)
Content-Length: 71
Content-Type: application/json; charset=utf-8
host: localhost:60366
accept: */*

Response DefaultHttpResponse(decodeResult: success, version: HTTP/1.1)
HTTP/1.1 200 OK
Content-Type: application/json; charset=utf-8
cache-control: no-cache
content-length: 88

00:49:06.320 [AsyncHttpClient-1-17] DEBUG org.asynchttpclient.netty.channel.ChannelManager - Adding key: http://localhost:60366 for channel [id: 0x94a96f52, L:/127.0.0.1:50258 - R:localhost/127.0.0.1:60366]
00:49:06.321 [Forwarding clickElement on session bcbd25bed5fdb2e1830a40a4265ef639 to remote] DEBUG org.asynchttpclient.netty.request.NettyRequestSender - Using pooled Channel '[id: 0x94a96f52, L:/127.0.0.1:50258 - R:localhost/127.0.0.1:60366]' for 'POST' to 'http://localhost:60366/session/bcbd25bed5fdb2e1830a40a4265ef639/element/9241d846-c45f-49ef-b767-039bbadd52b4/click'
00:49:06.321 [Forwarding clickElement on session bcbd25bed5fdb2e1830a40a4265ef639 to remote] DEBUG org.asynchttpclient.netty.request.NettyRequestSender - Using open Channel [id: 0x94a96f52, L:/127.0.0.1:50258 - R:localhost/127.0.0.1:60366] for POST '/session/bcbd25bed5fdb2e1830a40a4265ef639/element/9241d846-c45f-49ef-b767-039bbadd52b4/click'
00:49:06.389 [AsyncHttpClient-1-17] DEBUG org.asynchttpclient.netty.handler.HttpHandler - 

Request DefaultHttpRequest(decodeResult: success, version: HTTP/1.1)
POST /session/bcbd25bed5fdb2e1830a40a4265ef639/element/9241d846-c45f-49ef-b767-039bbadd52b4/click HTTP/1.1
User-Agent: selenium/4.1.2 (java windows)
Content-Length: 50
Content-Type: application/json; charset=utf-8
host: localhost:60366
accept: */*

Response DefaultHttpResponse(decodeResult: success, version: HTTP/1.1)
HTTP/1.1 200 OK
Content-Type: application/json; charset=utf-8
cache-control: no-cache
content-length: 14

00:49:06.389 [AsyncHttpClient-1-17] DEBUG org.asynchttpclient.netty.channel.ChannelManager - Adding key: http://localhost:60366 for channel [id: 0x94a96f52, L:/127.0.0.1:50258 - R:localhost/127.0.0.1:60366]
00:49:06.394 [Forwarding screenshot on session bcbd25bed5fdb2e1830a40a4265ef639 to remote] DEBUG org.asynchttpclient.netty.request.NettyRequestSender - Using pooled Channel '[id: 0x94a96f52, L:/127.0.0.1:50258 - R:localhost/127.0.0.1:60366]' for 'GET' to 'http://localhost:60366/session/bcbd25bed5fdb2e1830a40a4265ef639/screenshot'
00:49:06.394 [Forwarding screenshot on session bcbd25bed5fdb2e1830a40a4265ef639 to remote] DEBUG org.asynchttpclient.netty.request.NettyRequestSender - Using open Channel [id: 0x94a96f52, L:/127.0.0.1:50258 - R:localhost/127.0.0.1:60366] for GET '/session/bcbd25bed5fdb2e1830a40a4265ef639/screenshot'
00:49:06.567 [AsyncHttpClient-1-17] DEBUG org.asynchttpclient.netty.handler.HttpHandler - 

Request DefaultFullHttpRequest(decodeResult: success, version: HTTP/1.1, content: EmptyByteBufBE)
GET /session/bcbd25bed5fdb2e1830a40a4265ef639/screenshot HTTP/1.1
User-Agent: selenium/4.1.2 (java windows)
Cache-Control: no-cache
Content-Type: application/json; charset=utf-8
host: localhost:60366
accept: */*

Response DefaultHttpResponse(decodeResult: success, version: HTTP/1.1)
HTTP/1.1 200 OK
Content-Type: application/json; charset=utf-8
cache-control: no-cache
content-length: 126008

00:49:06.567 [AsyncHttpClient-1-17] DEBUG org.asynchttpclient.netty.channel.ChannelManager - Adding key: http://localhost:60366 for channel [id: 0x94a96f52, L:/127.0.0.1:50258 - R:localhost/127.0.0.1:60366]
00:49:06.570 [main] DEBUG net.serenitybdd.core.photography.Darkroom - Send negative for processing for target\site\serenity\c18213c7a88b731d0c1772f02971dd738a557a3cda7209e5bead38b9e20ababd.png
00:49:06.570 [main] DEBUG net.thucydides.core.steps.StepInterceptor - STEP DONE: newslettersend
00:49:06.570 [Darkroom Processing Line] DEBUG net.serenitybdd.core.photography.DarkroomProcessingLine - Processing screenshot image in /var/screenshots/screenshot-3054401036764974917
00:49:06.570 [Darkroom Processing Line] DEBUG net.serenitybdd.core.photography.DarkroomProcessingLine - Saving screenshot to target\site\serenity\c18213c7a88b731d0c1772f02971dd738a557a3cda7209e5bead38b9e20ababd.png
00:49:06.574 [main] DEBUG net.thucydides.core.steps.StepInterceptor - STARTING STEP: NewsletterSteps.andAdminDoNotFillInTheDesiredTitleAndFillInTheTextThatMatchesTheTitleAfterThatClickSend - okerror
00:49:06.576 [Forwarding findElement on session bcbd25bed5fdb2e1830a40a4265ef639 to remote] DEBUG org.asynchttpclient.netty.request.NettyRequestSender - Using pooled Channel '[id: 0x94a96f52, L:/127.0.0.1:50258 - R:localhost/127.0.0.1:60366]' for 'POST' to 'http://localhost:60366/session/bcbd25bed5fdb2e1830a40a4265ef639/element'
00:49:06.576 [Forwarding findElement on session bcbd25bed5fdb2e1830a40a4265ef639 to remote] DEBUG org.asynchttpclient.netty.request.NettyRequestSender - Using open Channel [id: 0x94a96f52, L:/127.0.0.1:50258 - R:localhost/127.0.0.1:60366] for POST '/session/bcbd25bed5fdb2e1830a40a4265ef639/element'
00:49:06.595 [AsyncHttpClient-1-17] DEBUG org.asynchttpclient.netty.handler.HttpHandler - 

Request DefaultHttpRequest(decodeResult: success, version: HTTP/1.1)
POST /session/bcbd25bed5fdb2e1830a40a4265ef639/element HTTP/1.1
User-Agent: selenium/4.1.2 (java windows)
Content-Length: 68
Content-Type: application/json; charset=utf-8
host: localhost:60366
accept: */*

Response DefaultHttpResponse(decodeResult: success, version: HTTP/1.1)
HTTP/1.1 200 OK
Content-Type: application/json; charset=utf-8
cache-control: no-cache
content-length: 88

00:49:06.595 [AsyncHttpClient-1-17] DEBUG org.asynchttpclient.netty.channel.ChannelManager - Adding key: http://localhost:60366 for channel [id: 0x94a96f52, L:/127.0.0.1:50258 - R:localhost/127.0.0.1:60366]
00:49:06.596 [Forwarding getElementTagName on session bcbd25bed5fdb2e1830a40a4265ef639 to remote] DEBUG org.asynchttpclient.netty.request.NettyRequestSender - Using pooled Channel '[id: 0x94a96f52, L:/127.0.0.1:50258 - R:localhost/127.0.0.1:60366]' for 'GET' to 'http://localhost:60366/session/bcbd25bed5fdb2e1830a40a4265ef639/element/d30b42aa-c1b3-4e07-8ecd-655c26955d3e/name'
00:49:06.596 [Forwarding getElementTagName on session bcbd25bed5fdb2e1830a40a4265ef639 to remote] DEBUG org.asynchttpclient.netty.request.NettyRequestSender - Using open Channel [id: 0x94a96f52, L:/127.0.0.1:50258 - R:localhost/127.0.0.1:60366] for GET '/session/bcbd25bed5fdb2e1830a40a4265ef639/element/d30b42aa-c1b3-4e07-8ecd-655c26955d3e/name'
00:49:06.610 [AsyncHttpClient-1-17] DEBUG org.asynchttpclient.netty.handler.HttpHandler - 

Request DefaultFullHttpRequest(decodeResult: success, version: HTTP/1.1, content: EmptyByteBufBE)
GET /session/bcbd25bed5fdb2e1830a40a4265ef639/element/d30b42aa-c1b3-4e07-8ecd-655c26955d3e/name HTTP/1.1
User-Agent: selenium/4.1.2 (java windows)
Cache-Control: no-cache
Content-Type: application/json; charset=utf-8
host: localhost:60366
accept: */*

Response DefaultHttpResponse(decodeResult: success, version: HTTP/1.1)
HTTP/1.1 200 OK
Content-Type: application/json; charset=utf-8
cache-control: no-cache
content-length: 18

00:49:06.610 [AsyncHttpClient-1-17] DEBUG org.asynchttpclient.netty.channel.ChannelManager - Adding key: http://localhost:60366 for channel [id: 0x94a96f52, L:/127.0.0.1:50258 - R:localhost/127.0.0.1:60366]
00:49:06.611 [Forwarding getElementTagName on session bcbd25bed5fdb2e1830a40a4265ef639 to remote] DEBUG org.asynchttpclient.netty.request.NettyRequestSender - Using pooled Channel '[id: 0x94a96f52, L:/127.0.0.1:50258 - R:localhost/127.0.0.1:60366]' for 'GET' to 'http://localhost:60366/session/bcbd25bed5fdb2e1830a40a4265ef639/element/d30b42aa-c1b3-4e07-8ecd-655c26955d3e/name'
00:49:06.611 [Forwarding getElementTagName on session bcbd25bed5fdb2e1830a40a4265ef639 to remote] DEBUG org.asynchttpclient.netty.request.NettyRequestSender - Using open Channel [id: 0x94a96f52, L:/127.0.0.1:50258 - R:localhost/127.0.0.1:60366] for GET '/session/bcbd25bed5fdb2e1830a40a4265ef639/element/d30b42aa-c1b3-4e07-8ecd-655c26955d3e/name'
00:49:06.619 [AsyncHttpClient-1-17] DEBUG org.asynchttpclient.netty.handler.HttpHandler - 

Request DefaultFullHttpRequest(decodeResult: success, version: HTTP/1.1, content: EmptyByteBufBE)
GET /session/bcbd25bed5fdb2e1830a40a4265ef639/element/d30b42aa-c1b3-4e07-8ecd-655c26955d3e/name HTTP/1.1
User-Agent: selenium/4.1.2 (java windows)
Cache-Control: no-cache
Content-Type: application/json; charset=utf-8
host: localhost:60366
accept: */*

Response DefaultHttpResponse(decodeResult: success, version: HTTP/1.1)
HTTP/1.1 200 OK
Content-Type: application/json; charset=utf-8
cache-control: no-cache
content-length: 18

00:49:06.619 [AsyncHttpClient-1-17] DEBUG org.asynchttpclient.netty.channel.ChannelManager - Adding key: http://localhost:60366 for channel [id: 0x94a96f52, L:/127.0.0.1:50258 - R:localhost/127.0.0.1:60366]
00:49:06.620 [Forwarding isElementEnabled on session bcbd25bed5fdb2e1830a40a4265ef639 to remote] DEBUG org.asynchttpclient.netty.request.NettyRequestSender - Using pooled Channel '[id: 0x94a96f52, L:/127.0.0.1:50258 - R:localhost/127.0.0.1:60366]' for 'GET' to 'http://localhost:60366/session/bcbd25bed5fdb2e1830a40a4265ef639/element/d30b42aa-c1b3-4e07-8ecd-655c26955d3e/enabled'
00:49:06.620 [Forwarding isElementEnabled on session bcbd25bed5fdb2e1830a40a4265ef639 to remote] DEBUG org.asynchttpclient.netty.request.NettyRequestSender - Using open Channel [id: 0x94a96f52, L:/127.0.0.1:50258 - R:localhost/127.0.0.1:60366] for GET '/session/bcbd25bed5fdb2e1830a40a4265ef639/element/d30b42aa-c1b3-4e07-8ecd-655c26955d3e/enabled'
00:49:06.637 [AsyncHttpClient-1-17] DEBUG org.asynchttpclient.netty.handler.HttpHandler - 

Request DefaultFullHttpRequest(decodeResult: success, version: HTTP/1.1, content: EmptyByteBufBE)
GET /session/bcbd25bed5fdb2e1830a40a4265ef639/element/d30b42aa-c1b3-4e07-8ecd-655c26955d3e/enabled HTTP/1.1
User-Agent: selenium/4.1.2 (java windows)
Cache-Control: no-cache
Content-Type: application/json; charset=utf-8
host: localhost:60366
accept: */*

Response DefaultHttpResponse(decodeResult: success, version: HTTP/1.1)
HTTP/1.1 200 OK
Content-Type: application/json; charset=utf-8
cache-control: no-cache
content-length: 14

00:49:06.637 [AsyncHttpClient-1-17] DEBUG org.asynchttpclient.netty.channel.ChannelManager - Adding key: http://localhost:60366 for channel [id: 0x94a96f52, L:/127.0.0.1:50258 - R:localhost/127.0.0.1:60366]
00:49:06.638 [Forwarding isElementEnabled on session bcbd25bed5fdb2e1830a40a4265ef639 to remote] DEBUG org.asynchttpclient.netty.request.NettyRequestSender - Using pooled Channel '[id: 0x94a96f52, L:/127.0.0.1:50258 - R:localhost/127.0.0.1:60366]' for 'GET' to 'http://localhost:60366/session/bcbd25bed5fdb2e1830a40a4265ef639/element/d30b42aa-c1b3-4e07-8ecd-655c26955d3e/enabled'
00:49:06.638 [Forwarding isElementEnabled on session bcbd25bed5fdb2e1830a40a4265ef639 to remote] DEBUG org.asynchttpclient.netty.request.NettyRequestSender - Using open Channel [id: 0x94a96f52, L:/127.0.0.1:50258 - R:localhost/127.0.0.1:60366] for GET '/session/bcbd25bed5fdb2e1830a40a4265ef639/element/d30b42aa-c1b3-4e07-8ecd-655c26955d3e/enabled'
00:49:06.652 [AsyncHttpClient-1-17] DEBUG org.asynchttpclient.netty.handler.HttpHandler - 

Request DefaultFullHttpRequest(decodeResult: success, version: HTTP/1.1, content: EmptyByteBufBE)
GET /session/bcbd25bed5fdb2e1830a40a4265ef639/element/d30b42aa-c1b3-4e07-8ecd-655c26955d3e/enabled HTTP/1.1
User-Agent: selenium/4.1.2 (java windows)
Cache-Control: no-cache
Content-Type: application/json; charset=utf-8
host: localhost:60366
accept: */*

Response DefaultHttpResponse(decodeResult: success, version: HTTP/1.1)
HTTP/1.1 200 OK
Content-Type: application/json; charset=utf-8
cache-control: no-cache
content-length: 14

00:49:06.652 [AsyncHttpClient-1-17] DEBUG org.asynchttpclient.netty.channel.ChannelManager - Adding key: http://localhost:60366 for channel [id: 0x94a96f52, L:/127.0.0.1:50258 - R:localhost/127.0.0.1:60366]
00:49:06.654 [Forwarding findElement on session bcbd25bed5fdb2e1830a40a4265ef639 to remote] DEBUG org.asynchttpclient.netty.request.NettyRequestSender - Using pooled Channel '[id: 0x94a96f52, L:/127.0.0.1:50258 - R:localhost/127.0.0.1:60366]' for 'POST' to 'http://localhost:60366/session/bcbd25bed5fdb2e1830a40a4265ef639/element'
00:49:06.654 [Forwarding findElement on session bcbd25bed5fdb2e1830a40a4265ef639 to remote] DEBUG org.asynchttpclient.netty.request.NettyRequestSender - Using open Channel [id: 0x94a96f52, L:/127.0.0.1:50258 - R:localhost/127.0.0.1:60366] for POST '/session/bcbd25bed5fdb2e1830a40a4265ef639/element'
00:49:06.669 [AsyncHttpClient-1-17] DEBUG org.asynchttpclient.netty.handler.HttpHandler - 

Request DefaultHttpRequest(decodeResult: success, version: HTTP/1.1)
POST /session/bcbd25bed5fdb2e1830a40a4265ef639/element HTTP/1.1
User-Agent: selenium/4.1.2 (java windows)
Content-Length: 68
Content-Type: application/json; charset=utf-8
host: localhost:60366
accept: */*

Response DefaultHttpResponse(decodeResult: success, version: HTTP/1.1)
HTTP/1.1 200 OK
Content-Type: application/json; charset=utf-8
cache-control: no-cache
content-length: 88

00:49:06.669 [AsyncHttpClient-1-17] DEBUG org.asynchttpclient.netty.channel.ChannelManager - Adding key: http://localhost:60366 for channel [id: 0x94a96f52, L:/127.0.0.1:50258 - R:localhost/127.0.0.1:60366]
00:49:06.670 [Forwarding clickElement on session bcbd25bed5fdb2e1830a40a4265ef639 to remote] DEBUG org.asynchttpclient.netty.request.NettyRequestSender - Using pooled Channel '[id: 0x94a96f52, L:/127.0.0.1:50258 - R:localhost/127.0.0.1:60366]' for 'POST' to 'http://localhost:60366/session/bcbd25bed5fdb2e1830a40a4265ef639/element/d30b42aa-c1b3-4e07-8ecd-655c26955d3e/click'
00:49:06.670 [Forwarding clickElement on session bcbd25bed5fdb2e1830a40a4265ef639 to remote] DEBUG org.asynchttpclient.netty.request.NettyRequestSender - Using open Channel [id: 0x94a96f52, L:/127.0.0.1:50258 - R:localhost/127.0.0.1:60366] for POST '/session/bcbd25bed5fdb2e1830a40a4265ef639/element/d30b42aa-c1b3-4e07-8ecd-655c26955d3e/click'
00:49:06.718 [AsyncHttpClient-1-17] DEBUG org.asynchttpclient.netty.handler.HttpHandler - 

Request DefaultHttpRequest(decodeResult: success, version: HTTP/1.1)
POST /session/bcbd25bed5fdb2e1830a40a4265ef639/element/d30b42aa-c1b3-4e07-8ecd-655c26955d3e/click HTTP/1.1
User-Agent: selenium/4.1.2 (java windows)
Content-Length: 50
Content-Type: application/json; charset=utf-8
host: localhost:60366
accept: */*

Response DefaultHttpResponse(decodeResult: success, version: HTTP/1.1)
HTTP/1.1 200 OK
Content-Type: application/json; charset=utf-8
cache-control: no-cache
content-length: 14

00:49:06.718 [AsyncHttpClient-1-17] DEBUG org.asynchttpclient.netty.channel.ChannelManager - Adding key: http://localhost:60366 for channel [id: 0x94a96f52, L:/127.0.0.1:50258 - R:localhost/127.0.0.1:60366]
00:49:06.723 [Forwarding screenshot on session bcbd25bed5fdb2e1830a40a4265ef639 to remote] DEBUG org.asynchttpclient.netty.request.NettyRequestSender - Using pooled Channel '[id: 0x94a96f52, L:/127.0.0.1:50258 - R:localhost/127.0.0.1:60366]' for 'GET' to 'http://localhost:60366/session/bcbd25bed5fdb2e1830a40a4265ef639/screenshot'
00:49:06.723 [Forwarding screenshot on session bcbd25bed5fdb2e1830a40a4265ef639 to remote] DEBUG org.asynchttpclient.netty.request.NettyRequestSender - Using open Channel [id: 0x94a96f52, L:/127.0.0.1:50258 - R:localhost/127.0.0.1:60366] for GET '/session/bcbd25bed5fdb2e1830a40a4265ef639/screenshot'
00:49:06.888 [AsyncHttpClient-1-17] DEBUG org.asynchttpclient.netty.handler.HttpHandler - 

Request DefaultFullHttpRequest(decodeResult: success, version: HTTP/1.1, content: EmptyByteBufBE)
GET /session/bcbd25bed5fdb2e1830a40a4265ef639/screenshot HTTP/1.1
User-Agent: selenium/4.1.2 (java windows)
Cache-Control: no-cache
Content-Type: application/json; charset=utf-8
host: localhost:60366
accept: */*

Response DefaultHttpResponse(decodeResult: success, version: HTTP/1.1)
HTTP/1.1 200 OK
Content-Type: application/json; charset=utf-8
cache-control: no-cache
content-length: 124832

00:49:06.888 [AsyncHttpClient-1-17] DEBUG org.asynchttpclient.netty.channel.ChannelManager - Adding key: http://localhost:60366 for channel [id: 0x94a96f52, L:/127.0.0.1:50258 - R:localhost/127.0.0.1:60366]
00:49:06.891 [main] DEBUG net.serenitybdd.core.photography.Darkroom - Send negative for processing for target\site\serenity\d091ef3d5de8dd84a55a952e2588b3c28914b7dcd87d371741298241c844c1ce.png
00:49:06.891 [main] DEBUG net.thucydides.core.steps.StepInterceptor - STEP DONE: okerror
  &amp#27;[32mAnd &amp#27;[0m&amp#27;[32mAnd admin do not fill in the desired title and fill in the text that matches the title after that click send&amp#27;[0m &amp#27;[90m# starter.definitions.NewsletterSteps.andAdminDoNotFillInTheDesiredTitleAndFillInTheTextThatMatchesTheTitleAfterThatClickSend()&amp#27;[0m
00:49:06.892 [Darkroom Processing Line] DEBUG net.serenitybdd.core.photography.DarkroomProcessingLine - Processing screenshot image in /var/screenshots/screenshot-14689760929624714651
00:49:06.892 [Darkroom Processing Line] DEBUG net.serenitybdd.core.photography.DarkroomProcessingLine - Saving screenshot to target\site\serenity\d091ef3d5de8dd84a55a952e2588b3c28914b7dcd87d371741298241c844c1ce.png
00:49:06.903 [main] DEBUG net.thucydides.core.steps.StepInterceptor - STARTING STEP: NewsletterSteps.adminDonTSucsessSendTheNewsletter - newsletterpage
00:49:06.905 [Forwarding findElement on session bcbd25bed5fdb2e1830a40a4265ef639 to remote] DEBUG org.asynchttpclient.netty.request.NettyRequestSender - Using pooled Channel '[id: 0x94a96f52, L:/127.0.0.1:50258 - R:localhost/127.0.0.1:60366]' for 'POST' to 'http://localhost:60366/session/bcbd25bed5fdb2e1830a40a4265ef639/element'
00:49:06.905 [Forwarding findElement on session bcbd25bed5fdb2e1830a40a4265ef639 to remote] DEBUG org.asynchttpclient.netty.request.NettyRequestSender - Using open Channel [id: 0x94a96f52, L:/127.0.0.1:50258 - R:localhost/127.0.0.1:60366] for POST '/session/bcbd25bed5fdb2e1830a40a4265ef639/element'
00:49:06.916 [AsyncHttpClient-1-17] DEBUG org.asynchttpclient.netty.handler.HttpHandler - 

Request DefaultHttpRequest(decodeResult: success, version: HTTP/1.1)
POST /session/bcbd25bed5fdb2e1830a40a4265ef639/element HTTP/1.1
User-Agent: selenium/4.1.2 (java windows)
Content-Length: 76
Content-Type: application/json; charset=utf-8
host: localhost:60366
accept: */*

Response DefaultHttpResponse(decodeResult: success, version: HTTP/1.1)
HTTP/1.1 200 OK
Content-Type: application/json; charset=utf-8
cache-control: no-cache
content-length: 88

00:49:06.916 [AsyncHttpClient-1-17] DEBUG org.asynchttpclient.netty.channel.ChannelManager - Adding key: http://localhost:60366 for channel [id: 0x94a96f52, L:/127.0.0.1:50258 - R:localhost/127.0.0.1:60366]
00:49:06.917 [Forwarding getElementTagName on session bcbd25bed5fdb2e1830a40a4265ef639 to remote] DEBUG org.asynchttpclient.netty.request.NettyRequestSender - Using pooled Channel '[id: 0x94a96f52, L:/127.0.0.1:50258 - R:localhost/127.0.0.1:60366]' for 'GET' to 'http://localhost:60366/session/bcbd25bed5fdb2e1830a40a4265ef639/element/c23228f9-2799-405f-8bec-9b216a8ac0cc/name'
00:49:06.917 [Forwarding getElementTagName on session bcbd25bed5fdb2e1830a40a4265ef639 to remote] DEBUG org.asynchttpclient.netty.request.NettyRequestSender - Using open Channel [id: 0x94a96f52, L:/127.0.0.1:50258 - R:localhost/127.0.0.1:60366] for GET '/session/bcbd25bed5fdb2e1830a40a4265ef639/element/c23228f9-2799-405f-8bec-9b216a8ac0cc/name'
00:49:06.927 [AsyncHttpClient-1-17] DEBUG org.asynchttpclient.netty.handler.HttpHandler - 

Request DefaultFullHttpRequest(decodeResult: success, version: HTTP/1.1, content: EmptyByteBufBE)
GET /session/bcbd25bed5fdb2e1830a40a4265ef639/element/c23228f9-2799-405f-8bec-9b216a8ac0cc/name HTTP/1.1
User-Agent: selenium/4.1.2 (java windows)
Cache-Control: no-cache
Content-Type: application/json; charset=utf-8
host: localhost:60366
accept: */*

Response DefaultHttpResponse(decodeResult: success, version: HTTP/1.1)
HTTP/1.1 200 OK
Content-Type: application/json; charset=utf-8
cache-control: no-cache
content-length: 13

00:49:06.927 [AsyncHttpClient-1-17] DEBUG org.asynchttpclient.netty.channel.ChannelManager - Adding key: http://localhost:60366 for channel [id: 0x94a96f52, L:/127.0.0.1:50258 - R:localhost/127.0.0.1:60366]
00:49:06.928 [Forwarding getElementTagName on session bcbd25bed5fdb2e1830a40a4265ef639 to remote] DEBUG org.asynchttpclient.netty.request.NettyRequestSender - Using pooled Channel '[id: 0x94a96f52, L:/127.0.0.1:50258 - R:localhost/127.0.0.1:60366]' for 'GET' to 'http://localhost:60366/session/bcbd25bed5fdb2e1830a40a4265ef639/element/c23228f9-2799-405f-8bec-9b216a8ac0cc/name'
00:49:06.928 [Forwarding getElementTagName on session bcbd25bed5fdb2e1830a40a4265ef639 to remote] DEBUG org.asynchttpclient.netty.request.NettyRequestSender - Using open Channel [id: 0x94a96f52, L:/127.0.0.1:50258 - R:localhost/127.0.0.1:60366] for GET '/session/bcbd25bed5fdb2e1830a40a4265ef639/element/c23228f9-2799-405f-8bec-9b216a8ac0cc/name'
00:49:06.938 [AsyncHttpClient-1-17] DEBUG org.asynchttpclient.netty.handler.HttpHandler - 

Request DefaultFullHttpRequest(decodeResult: success, version: HTTP/1.1, content: EmptyByteBufBE)
GET /session/bcbd25bed5fdb2e1830a40a4265ef639/element/c23228f9-2799-405f-8bec-9b216a8ac0cc/name HTTP/1.1
User-Agent: selenium/4.1.2 (java windows)
Cache-Control: no-cache
Content-Type: application/json; charset=utf-8
host: localhost:60366
accept: */*

Response DefaultHttpResponse(decodeResult: success, version: HTTP/1.1)
HTTP/1.1 200 OK
Content-Type: application/json; charset=utf-8
cache-control: no-cache
content-length: 13

00:49:06.938 [AsyncHttpClient-1-17] DEBUG org.asynchttpclient.netty.channel.ChannelManager - Adding key: http://localhost:60366 for channel [id: 0x94a96f52, L:/127.0.0.1:50258 - R:localhost/127.0.0.1:60366]
00:49:06.941 [Forwarding findElement on session bcbd25bed5fdb2e1830a40a4265ef639 to remote] DEBUG org.asynchttpclient.netty.request.NettyRequestSender - Using pooled Channel '[id: 0x94a96f52, L:/127.0.0.1:50258 - R:localhost/127.0.0.1:60366]' for 'POST' to 'http://localhost:60366/session/bcbd25bed5fdb2e1830a40a4265ef639/element'
00:49:06.941 [Forwarding findElement on session bcbd25bed5fdb2e1830a40a4265ef639 to remote] DEBUG org.asynchttpclient.netty.request.NettyRequestSender - Using open Channel [id: 0x94a96f52, L:/127.0.0.1:50258 - R:localhost/127.0.0.1:60366] for POST '/session/bcbd25bed5fdb2e1830a40a4265ef639/element'
00:49:06.958 [AsyncHttpClient-1-17] DEBUG org.asynchttpclient.netty.handler.HttpHandler - 

Request DefaultHttpRequest(decodeResult: success, version: HTTP/1.1)
POST /session/bcbd25bed5fdb2e1830a40a4265ef639/element HTTP/1.1
User-Agent: selenium/4.1.2 (java windows)
Content-Length: 76
Content-Type: application/json; charset=utf-8
host: localhost:60366
accept: */*

Response DefaultHttpResponse(decodeResult: success, version: HTTP/1.1)
HTTP/1.1 200 OK
Content-Type: application/json; charset=utf-8
cache-control: no-cache
content-length: 88

00:49:06.958 [AsyncHttpClient-1-17] DEBUG org.asynchttpclient.netty.channel.ChannelManager - Adding key: http://localhost:60366 for channel [id: 0x94a96f52, L:/127.0.0.1:50258 - R:localhost/127.0.0.1:60366]
00:49:06.959 [Forwarding clickElement on session bcbd25bed5fdb2e1830a40a4265ef639 to remote] DEBUG org.asynchttpclient.netty.request.NettyRequestSender - Using pooled Channel '[id: 0x94a96f52, L:/127.0.0.1:50258 - R:localhost/127.0.0.1:60366]' for 'POST' to 'http://localhost:60366/session/bcbd25bed5fdb2e1830a40a4265ef639/element/c23228f9-2799-405f-8bec-9b216a8ac0cc/click'
00:49:06.959 [Forwarding clickElement on session bcbd25bed5fdb2e1830a40a4265ef639 to remote] DEBUG org.asynchttpclient.netty.request.NettyRequestSender - Using open Channel [id: 0x94a96f52, L:/127.0.0.1:50258 - R:localhost/127.0.0.1:60366] for POST '/session/bcbd25bed5fdb2e1830a40a4265ef639/element/c23228f9-2799-405f-8bec-9b216a8ac0cc/click'
00:49:07.012 [AsyncHttpClient-1-17] DEBUG org.asynchttpclient.netty.handler.HttpHandler - 

Request DefaultHttpRequest(decodeResult: success, version: HTTP/1.1)
POST /session/bcbd25bed5fdb2e1830a40a4265ef639/element/c23228f9-2799-405f-8bec-9b216a8ac0cc/click HTTP/1.1
User-Agent: selenium/4.1.2 (java windows)
Content-Length: 50
Content-Type: application/json; charset=utf-8
host: localhost:60366
accept: */*

Response DefaultHttpResponse(decodeResult: success, version: HTTP/1.1)
HTTP/1.1 200 OK
Content-Type: application/json; charset=utf-8
cache-control: no-cache
content-length: 14

00:49:07.012 [AsyncHttpClient-1-17] DEBUG org.asynchttpclient.netty.channel.ChannelManager - Adding key: http://localhost:60366 for channel [id: 0x94a96f52, L:/127.0.0.1:50258 - R:localhost/127.0.0.1:60366]
00:49:07.016 [Forwarding screenshot on session bcbd25bed5fdb2e1830a40a4265ef639 to remote] DEBUG org.asynchttpclient.netty.request.NettyRequestSender - Using pooled Channel '[id: 0x94a96f52, L:/127.0.0.1:50258 - R:localhost/127.0.0.1:60366]' for 'GET' to 'http://localhost:60366/session/bcbd25bed5fdb2e1830a40a4265ef639/screenshot'
00:49:07.016 [Forwarding screenshot on session bcbd25bed5fdb2e1830a40a4265ef639 to remote] DEBUG org.asynchttpclient.netty.request.NettyRequestSender - Using open Channel [id: 0x94a96f52, L:/127.0.0.1:50258 - R:localhost/127.0.0.1:60366] for GET '/session/bcbd25bed5fdb2e1830a40a4265ef639/screenshot'
00:49:07.150 [AsyncHttpClient-1-17] DEBUG org.asynchttpclient.netty.handler.HttpHandler - 

Request DefaultFullHttpRequest(decodeResult: success, version: HTTP/1.1, content: EmptyByteBufBE)
GET /session/bcbd25bed5fdb2e1830a40a4265ef639/screenshot HTTP/1.1
User-Agent: selenium/4.1.2 (java windows)
Cache-Control: no-cache
Content-Type: application/json; charset=utf-8
host: localhost:60366
accept: */*

Response DefaultHttpResponse(decodeResult: success, version: HTTP/1.1)
HTTP/1.1 200 OK
Content-Type: application/json; charset=utf-8
cache-control: no-cache
content-length: 116628

00:49:07.151 [AsyncHttpClient-1-17] DEBUG org.asynchttpclient.netty.channel.ChannelManager - Adding key: http://localhost:60366 for channel [id: 0x94a96f52, L:/127.0.0.1:50258 - R:localhost/127.0.0.1:60366]
00:49:07.153 [main] DEBUG net.serenitybdd.core.photography.Darkroom - Send negative for processing for target\site\serenity\6d6114df12d12a80d562c0e9db2524b2190a5b95363d9987bff3c1c04dc689fd.png
00:49:07.153 [main] DEBUG net.thucydides.core.steps.StepInterceptor - STEP DONE: newsletterpage
  &amp#27;[32mThen &amp#27;[0m&amp#27;[32madmin don't sucsess send the newsletter&amp#27;[0m                                                                     &amp#27;[90m# starter.definitions.NewsletterSteps.adminDonTSucsessSendTheNewsletter()&amp#27;[0m
00:49:07.158 [main] INFO  - 
  _____   ___   ___   _____     ___     _     ___   ___   ___   ___  
 |_   _| | __| / __| |_   _|   | _ \   /_\   / __| / __| | __| |   \ 
   | |   | _|  \__ \   | |     |  _/  / _ \  \__ \ \__ \ | _|  | |) |
   |_|   |___| |___/   |_|     |_|   /_/ \_\ |___/ |___/ |___| |___/ 

admin send news letter but do not fill in the title and text
----------------------------------------------------------------------
00:49:07.159 [AsyncHttpClient-1-19] DEBUG org.asynchttpclient.netty.handler.WebSocketHandler - Channel Closed: [id: 0x7785bc4e, L:/127.0.0.1:50266 ! R:localhost/127.0.0.1:50259] with attribute NettyResponseFuture{currentRetry=5,
	isDone=1,
	isCancelled=0,
	asyncHandler=org.asynchttpclient.ws.WebSocketUpgradeHandler@57081665,
	nettyRequest=org.asynchttpclient.netty.request.NettyRequest@1524b5fd,
	future=java.util.concurrent.CompletableFuture@2952d1b8[Completed normally],
	uri=ws://localhost:50259/devtools/browser/d8b20c4f-4642-42f9-9bd9-71c3989de2ab,
	keepAlive=true,
	redirectCount=0,
	timeoutsHolder=null,
	inAuth=0,
	touch=1658422136221}
00:49:07.159 [AsyncHttpClient-1-19] DEBUG org.asynchttpclient.netty.channel.ChannelManager - Closing Channel [id: 0x7785bc4e, L:/127.0.0.1:50266 ! R:localhost/127.0.0.1:50259] 
00:49:07.163 [Driver Command Executor] DEBUG org.asynchttpclient.netty.request.NettyRequestSender - Using pooled Channel '[id: 0x94a96f52, L:/127.0.0.1:50258 - R:localhost/127.0.0.1:60366]' for 'DELETE' to 'http://localhost:60366/session/bcbd25bed5fdb2e1830a40a4265ef639'
00:49:07.163 [Driver Command Executor] DEBUG org.asynchttpclient.netty.request.NettyRequestSender - Using open Channel [id: 0x94a96f52, L:/127.0.0.1:50258 - R:localhost/127.0.0.1:60366] for DELETE '/session/bcbd25bed5fdb2e1830a40a4265ef639'
00:49:07.366 [AsyncHttpClient-1-18] DEBUG org.asynchttpclient.netty.handler.HttpHandler - Unexpected I/O exception on channel [id: 0x780a9b96, L:/127.0.0.1:50265 - R:localhost/127.0.0.1:50259]
java.net.SocketException: Connection reset
	at java.base/sun.nio.ch.SocketChannelImpl.throwConnectionReset(SocketChannelImpl.java:394)
	at java.base/sun.nio.ch.SocketChannelImpl.read(SocketChannelImpl.java:426)
	at io.netty.buffer.PooledByteBuf.setBytes(PooledByteBuf.java:258)
	at io.netty.buffer.AbstractByteBuf.writeBytes(AbstractByteBuf.java:1132)
	at io.netty.channel.socket.nio.NioSocketChannel.doReadBytes(NioSocketChannel.java:350)
	at io.netty.channel.nio.AbstractNioByteChannel$NioByteUnsafe.read(AbstractNioByteChannel.java:151)
	at io.netty.channel.nio.NioEventLoop.processSelectedKey(NioEventLoop.java:722)
	at io.netty.channel.nio.NioEventLoop.processSelectedKeysOptimized(NioEventLoop.java:658)
	at io.netty.channel.nio.NioEventLoop.processSelectedKeys(NioEventLoop.java:584)
	at io.netty.channel.nio.NioEventLoop.run(NioEventLoop.java:496)
	at io.netty.util.concurrent.SingleThreadEventExecutor$4.run(SingleThreadEventExecutor.java:986)
	at io.netty.util.internal.ThreadExecutorMap$2.run(ThreadExecutorMap.java:74)
	at io.netty.util.concurrent.FastThreadLocalRunnable.run(FastThreadLocalRunnable.java:30)
	at java.base/java.lang.Thread.run(Thread.java:833)
00:49:07.366 [AsyncHttpClient-1-18] DEBUG org.asynchttpclient.netty.channel.ChannelManager - Closing Channel [id: 0x780a9b96, L:/127.0.0.1:50265 - R:localhost/127.0.0.1:50259] 
00:49:07.366 [AsyncHttpClient-1-18] DEBUG org.asynchttpclient.netty.handler.HttpHandler - Channel Closed: [id: 0x780a9b96, L:/127.0.0.1:50265 ! R:localhost/127.0.0.1:50259] with attribute DISCARD
00:49:07.384 [AsyncHttpClient-1-1] DEBUG org.asynchttpclient.netty.channel.DefaultChannelPool - Entry count for : http://localhost:50259 : 1
00:49:07.384 [AsyncHttpClient-1-1] DEBUG org.asynchttpclient.netty.channel.DefaultChannelPool - Adding Candidate expired Channel [id: 0x780a9b96, L:/127.0.0.1:50265 ! R:localhost/127.0.0.1:50259] isIdleTimeoutExpired=false isRemotelyClosed=true isTtlExpired=false
00:49:07.384 [AsyncHttpClient-1-1] DEBUG org.asynchttpclient.netty.channel.DefaultChannelPool - Closing Idle Channel [id: 0x780a9b96, L:/127.0.0.1:50265 ! R:localhost/127.0.0.1:50259]
00:49:07.384 [AsyncHttpClient-1-1] DEBUG org.asynchttpclient.netty.channel.DefaultChannelPool - Closed 1 connections out of 1 in 0 ms
00:49:07.427 [AsyncHttpClient-1-17] DEBUG org.asynchttpclient.netty.handler.HttpHandler - 

Request DefaultFullHttpRequest(decodeResult: success, version: HTTP/1.1, content: EmptyByteBufBE)
DELETE /session/bcbd25bed5fdb2e1830a40a4265ef639 HTTP/1.1
User-Agent: selenium/4.1.2 (java windows)
Content-Type: application/json; charset=utf-8
host: localhost:60366
accept: */*

Response DefaultHttpResponse(decodeResult: success, version: HTTP/1.1)
HTTP/1.1 200 OK
Content-Type: application/json; charset=utf-8
cache-control: no-cache
content-length: 14

00:49:07.427 [AsyncHttpClient-1-17] DEBUG org.asynchttpclient.netty.channel.ChannelManager - Adding key: http://localhost:60366 for channel [id: 0x94a96f52, L:/127.0.0.1:50258 - R:localhost/127.0.0.1:60366]
00:49:08.451 [AsyncHttpClient-1-17] DEBUG org.asynchttpclient.netty.handler.HttpHandler - Unexpected I/O exception on channel [id: 0x94a96f52, L:/127.0.0.1:50258 - R:localhost/127.0.0.1:60366]
java.net.SocketException: Connection reset
	at java.base/sun.nio.ch.SocketChannelImpl.throwConnectionReset(SocketChannelImpl.java:394)
	at java.base/sun.nio.ch.SocketChannelImpl.read(SocketChannelImpl.java:426)
	at io.netty.buffer.PooledByteBuf.setBytes(PooledByteBuf.java:258)
	at io.netty.buffer.AbstractByteBuf.writeBytes(AbstractByteBuf.java:1132)
	at io.netty.channel.socket.nio.NioSocketChannel.doReadBytes(NioSocketChannel.java:350)
	at io.netty.channel.nio.AbstractNioByteChannel$NioByteUnsafe.read(AbstractNioByteChannel.java:151)
	at io.netty.channel.nio.NioEventLoop.processSelectedKey(NioEventLoop.java:722)
	at io.netty.channel.nio.NioEventLoop.processSelectedKeysOptimized(NioEventLoop.java:658)
	at io.netty.channel.nio.NioEventLoop.processSelectedKeys(NioEventLoop.java:584)
	at io.netty.channel.nio.NioEventLoop.run(NioEventLoop.java:496)
	at io.netty.util.concurrent.SingleThreadEventExecutor$4.run(SingleThreadEventExecutor.java:986)
	at io.netty.util.internal.ThreadExecutorMap$2.run(ThreadExecutorMap.java:74)
	at io.netty.util.concurrent.FastThreadLocalRunnable.run(FastThreadLocalRunnable.java:30)
	at java.base/java.lang.Thread.run(Thread.java:833)
00:49:08.451 [AsyncHttpClient-1-17] DEBUG org.asynchttpclient.netty.channel.ChannelManager - Closing Channel [id: 0x94a96f52, L:/127.0.0.1:50258 - R:localhost/127.0.0.1:60366] 
00:49:08.452 [AsyncHttpClient-1-17] DEBUG org.asynchttpclient.netty.handler.HttpHandler - Channel Closed: [id: 0x94a96f52, L:/127.0.0.1:50258 ! R:localhost/127.0.0.1:60366] with attribute DISCARD
00:49:08.485 [AsyncHttpClient-1-1] DEBUG org.asynchttpclient.netty.channel.DefaultChannelPool - Entry count for : http://localhost:60366 : 1
00:49:08.486 [AsyncHttpClient-1-1] DEBUG org.asynchttpclient.netty.channel.DefaultChannelPool - Adding Candidate expired Channel [id: 0x94a96f52, L:/127.0.0.1:50258 ! R:localhost/127.0.0.1:60366] isIdleTimeoutExpired=false isRemotelyClosed=true isTtlExpired=false
00:49:08.486 [AsyncHttpClient-1-1] DEBUG org.asynchttpclient.netty.channel.DefaultChannelPool - Closing Idle Channel [id: 0x94a96f52, L:/127.0.0.1:50258 ! R:localhost/127.0.0.1:60366]
00:49:08.486 [AsyncHttpClient-1-1] DEBUG org.asynchttpclient.netty.channel.DefaultChannelPool - Closed 1 connections out of 1 in 1 ms
]]></system-out>
    <system-err><![CDATA[Starting ChromeDriver 103.0.5060.134 (8ec6fce403b3feb0869b0732eda8bd95011d333c-refs/branch-heads/5060@{#1262}) on port 60366
Only local connections are allowed.
Please see https://chromedriver.chromium.org/security-considerations for suggestions on keeping ChromeDriver safe.
ChromeDriver was started successfully.
Jul 22, 2022 12:48:56 AM org.openqa.selenium.remote.ProtocolHandshake createSession
INFO: Detected dialect: W3C
Jul 22, 2022 12:48:56 AM org.openqa.selenium.devtools.CdpVersionFinder findNearestMatch
WARNING: Unable to find an exact match for CDP version 103, so returning the closest version found: a no-op implementation
Jul 22, 2022 12:48:56 AM org.openqa.selenium.devtools.CdpVersionFinder findNearestMatch
INFO: Unable to find CDP implementation matching 103.
Jul 22, 2022 12:48:56 AM org.openqa.selenium.chromium.ChromiumDriver lambda$new$3
WARNING: Unable to find version of CDP to use for . You may need to include a dependency on a specific version of the CDP using something similar to `org.seleniumhq.selenium:selenium-devtools-v86:4.1.2` where the version ("v86") matches the version of the chromium-based browser you're using and the version number of the artifact is the same as Selenium's.
]]></system-err>
  </testcase>
  <testcase name="admin choose user" classname="admin see detail user page" time="10.914">
    <system-out><![CDATA[00:49:08.502 [main] INFO io.cucumber.core.plugin.SerenityReporter - Running feature from file:///D:/capstone%20projek/web%20testing/src/test/resources/features/user.feature
00:49:08.504 [main] DEBUG net.thucydides.core.steps.StepEventBus - Test suite started for story net.thucydides.core.model.Story@c294d6a6
00:49:08.504 [main] INFO  - Test Suite Started: admin see detail user page

@user
Scenario: admin choose user                        &amp#27;[90m# src/test/resources/features/user.feature:10&amp#27;[0m
00:49:08.511 [main] INFO io.cucumber.core.plugin.SerenityReporter - Running feature from file:///D:/capstone%20projek/web%20testing/src/test/resources/features/user.feature
00:49:08.512 [main] INFO  - 
  _____   ___   ___   _____     ___   _____     _     ___   _____   ___   ___  
 |_   _| | __| / __| |_   _|   / __| |_   _|   /_\   | _ \ |_   _| | __| |   \ 
   | |   | _|  \__ \   | |     \__ \   | |    / _ \  |   /   | |   | _|  | |) |
   |_|   |___| |___/   |_|     |___/   |_|   /_/ \_\ |_|_\   |_|   |___| |___/ 

admin choose user(admin-see-detail-user-page;admin-choose-user)
--------------------------------------------------------------------------------
00:49:08.521 [main] DEBUG net.thucydides.core.steps.StepInterceptor - STARTING STEP: LoginSteps.adminOnLoginPage - openPage
00:49:08.522 [main] INFO net.serenitybdd.core.webdriver.driverproviders.ChromeDriverProvider - Using automatically driver download
00:49:08.659 [main] DEBUG io.github.bonigarcia.wdm.cache.ResolutionCache - Resolution chrome=103 in cache (valid until 01:32:20 22/07/2022 WITA)
00:49:08.663 [main] DEBUG io.github.bonigarcia.wdm.cache.ResolutionCache - Resolution chrome103=103.0.5060.134 in cache (valid until 21:05:58 22/07/2022 WITA)
00:49:08.665 [main] INFO io.github.bonigarcia.wdm.WebDriverManager - Using chromedriver 103.0.5060.134 (resolved driver for Chrome 103)
00:49:08.675 [main] DEBUG io.github.bonigarcia.wdm.WebDriverManager - Driver chromedriver 103.0.5060.134 found in cache
00:49:08.675 [main] INFO io.github.bonigarcia.wdm.WebDriverManager - Exporting webdriver.chrome.driver as C:\Users\Rev\.cache\selenium\chromedriver\win32\103.0.5060.134\chromedriver.exe
00:49:08.790 [main] DEBUG net.serenitybdd.core.webdriver.driverproviders.ProvideNewDriver - Instantiating driver
00:49:08.790 [main] DEBUG net.serenitybdd.core.webdriver.driverproviders.ProvideNewDriver - Driver capabilities: Capabilities {acceptInsecureCerts: false, base.url: https://sportly.rafdev.my.id/, browserName: chrome, chrome.driver: webdriver/chromedriver.exe, driver: chrome, goog:chromeOptions: {args: [], extensions: []}}
00:49:09.000 [AsyncHttpClient-1-20] DEBUG org.asynchttpclient.netty.channel.NettyConnectListener - Using new Channel '[id: 0xda42fa97, L:/127.0.0.1:50301 - R:localhost/127.0.0.1:54852]' for 'POST' to '/session'
00:49:09.749 [AsyncHttpClient-1-20] DEBUG org.asynchttpclient.netty.handler.HttpHandler - 

Request DefaultHttpRequest(decodeResult: success, version: HTTP/1.1)
POST /session HTTP/1.1
User-Agent: selenium/4.1.2 (java windows)
Content-Length: 581
Content-Type: application/json; charset=utf-8
host: localhost:54852
accept: */*

Response DefaultHttpResponse(decodeResult: success, version: HTTP/1.1)
HTTP/1.1 200 OK
Content-Type: application/json; charset=utf-8
cache-control: no-cache
content-length: 790

00:49:09.749 [AsyncHttpClient-1-20] DEBUG org.asynchttpclient.netty.channel.ChannelManager - Adding key: http://localhost:54852 for channel [id: 0xda42fa97, L:/127.0.0.1:50301 - R:localhost/127.0.0.1:54852]
00:49:09.754 [AsyncHttpClient-1-21] DEBUG org.asynchttpclient.netty.channel.NettyConnectListener - Using new Channel '[id: 0xb3d87006, L:/127.0.0.1:50308 - R:localhost/127.0.0.1:50302]' for 'GET' to '/json/version'
00:49:09.758 [AsyncHttpClient-1-21] DEBUG org.asynchttpclient.netty.handler.HttpHandler - 

Request DefaultFullHttpRequest(decodeResult: success, version: HTTP/1.1, content: EmptyByteBufBE)
GET /json/version HTTP/1.1
User-Agent: selenium/4.1.2 (java windows)
host: localhost:50302
accept: */*

Response DefaultHttpResponse(decodeResult: success, version: HTTP/1.1)
HTTP/1.1 200 OK
Content-Type: application/json; charset=UTF-8
content-length: 429

00:49:09.758 [AsyncHttpClient-1-21] DEBUG org.asynchttpclient.netty.channel.ChannelManager - Adding key: http://localhost:50302 for channel [id: 0xb3d87006, L:/127.0.0.1:50308 - R:localhost/127.0.0.1:50302]
00:49:09.760 [AsyncHttpClient-1-22] DEBUG org.asynchttpclient.netty.channel.NettyConnectListener - Using new Channel '[id: 0x586642e2, L:/127.0.0.1:50309 - R:localhost/127.0.0.1:50302]' for 'GET' to '/devtools/browser/86d1e1c6-7e15-4fec-8b75-f165cd27b3b8'
00:49:09.760 [AsyncHttpClient-1-22] DEBUG org.asynchttpclient.netty.handler.WebSocketHandler - 

Request DefaultFullHttpRequest(decodeResult: success, version: HTTP/1.1, content: EmptyByteBufBE)
GET /devtools/browser/86d1e1c6-7e15-4fec-8b75-f165cd27b3b8 HTTP/1.1
upgrade: websocket
connection: upgrade
sec-websocket-key: uwEV7wLiKDu3o/zHzPajPA==
sec-websocket-version: 13
origin: http://localhost:50302
host: localhost:50302
accept: */*
user-agent: AHC/2.1

Response DefaultHttpResponse(decodeResult: success, version: HTTP/1.1)
HTTP/1.1 101 WebSocket Protocol Handshake
Upgrade: WebSocket
Connection: Upgrade
Sec-WebSocket-Accept: 5qA0iewURk2Bw0KfypiFj8jKg2c=

00:49:09.763 [Forwarding setCurrentWindowSize on session 8388a082955a45af0223204e390c0615 to remote] DEBUG org.asynchttpclient.netty.request.NettyRequestSender - Using pooled Channel '[id: 0xda42fa97, L:/127.0.0.1:50301 - R:localhost/127.0.0.1:54852]' for 'POST' to 'http://localhost:54852/session/8388a082955a45af0223204e390c0615/window/rect'
00:49:09.763 [Forwarding setCurrentWindowSize on session 8388a082955a45af0223204e390c0615 to remote] DEBUG org.asynchttpclient.netty.request.NettyRequestSender - Using open Channel [id: 0xda42fa97, L:/127.0.0.1:50301 - R:localhost/127.0.0.1:54852] for POST '/session/8388a082955a45af0223204e390c0615/window/rect'
00:49:09.902 [AsyncHttpClient-1-20] DEBUG org.asynchttpclient.netty.handler.HttpHandler - 

Request DefaultHttpRequest(decodeResult: success, version: HTTP/1.1)
POST /session/8388a082955a45af0223204e390c0615/window/rect HTTP/1.1
User-Agent: selenium/4.1.2 (java windows)
Content-Length: 37
Content-Type: application/json; charset=utf-8
host: localhost:54852
accept: */*

Response DefaultHttpResponse(decodeResult: success, version: HTTP/1.1)
HTTP/1.1 200 OK
Content-Type: application/json; charset=utf-8
cache-control: no-cache
content-length: 52

00:49:09.902 [AsyncHttpClient-1-20] DEBUG org.asynchttpclient.netty.channel.ChannelManager - Adding key: http://localhost:54852 for channel [id: 0xda42fa97, L:/127.0.0.1:50301 - R:localhost/127.0.0.1:54852]
00:49:09.903 [Forwarding setWindowPosition on session 8388a082955a45af0223204e390c0615 to remote] DEBUG org.asynchttpclient.netty.request.NettyRequestSender - Using pooled Channel '[id: 0xda42fa97, L:/127.0.0.1:50301 - R:localhost/127.0.0.1:54852]' for 'POST' to 'http://localhost:54852/session/8388a082955a45af0223204e390c0615/window/rect'
00:49:09.903 [Forwarding setWindowPosition on session 8388a082955a45af0223204e390c0615 to remote] DEBUG org.asynchttpclient.netty.request.NettyRequestSender - Using open Channel [id: 0xda42fa97, L:/127.0.0.1:50301 - R:localhost/127.0.0.1:54852] for POST '/session/8388a082955a45af0223204e390c0615/window/rect'
00:49:10.150 [AsyncHttpClient-1-20] DEBUG org.asynchttpclient.netty.handler.HttpHandler - 

Request DefaultHttpRequest(decodeResult: success, version: HTTP/1.1)
POST /session/8388a082955a45af0223204e390c0615/window/rect HTTP/1.1
User-Agent: selenium/4.1.2 (java windows)
Content-Length: 22
Content-Type: application/json; charset=utf-8
host: localhost:54852
accept: */*

Response DefaultHttpResponse(decodeResult: success, version: HTTP/1.1)
HTTP/1.1 200 OK
Content-Type: application/json; charset=utf-8
cache-control: no-cache
content-length: 50

00:49:10.151 [AsyncHttpClient-1-20] DEBUG org.asynchttpclient.netty.channel.ChannelManager - Adding key: http://localhost:54852 for channel [id: 0xda42fa97, L:/127.0.0.1:50301 - R:localhost/127.0.0.1:54852]
00:49:10.152 [Forwarding get on session 8388a082955a45af0223204e390c0615 to remote] DEBUG org.asynchttpclient.netty.request.NettyRequestSender - Using pooled Channel '[id: 0xda42fa97, L:/127.0.0.1:50301 - R:localhost/127.0.0.1:54852]' for 'POST' to 'http://localhost:54852/session/8388a082955a45af0223204e390c0615/url'
00:49:10.152 [Forwarding get on session 8388a082955a45af0223204e390c0615 to remote] DEBUG org.asynchttpclient.netty.request.NettyRequestSender - Using open Channel [id: 0xda42fa97, L:/127.0.0.1:50301 - R:localhost/127.0.0.1:54852] for POST '/session/8388a082955a45af0223204e390c0615/url'
00:49:10.694 [AsyncHttpClient-1-1] DEBUG org.asynchttpclient.netty.channel.DefaultChannelPool - Entry count for : http://localhost:50302 : 1
00:49:11.790 [AsyncHttpClient-1-1] DEBUG org.asynchttpclient.netty.channel.DefaultChannelPool - Entry count for : http://localhost:50302 : 1
00:49:12.633 [AsyncHttpClient-1-20] DEBUG org.asynchttpclient.netty.handler.HttpHandler - 

Request DefaultHttpRequest(decodeResult: success, version: HTTP/1.1)
POST /session/8388a082955a45af0223204e390c0615/url HTTP/1.1
User-Agent: selenium/4.1.2 (java windows)
Content-Length: 59
Content-Type: application/json; charset=utf-8
host: localhost:54852
accept: */*

Response DefaultHttpResponse(decodeResult: success, version: HTTP/1.1)
HTTP/1.1 200 OK
Content-Type: application/json; charset=utf-8
cache-control: no-cache
content-length: 14

00:49:12.633 [AsyncHttpClient-1-20] DEBUG org.asynchttpclient.netty.channel.ChannelManager - Adding key: http://localhost:54852 for channel [id: 0xda42fa97, L:/127.0.0.1:50301 - R:localhost/127.0.0.1:54852]
00:49:12.634 [Forwarding setTimeout on session 8388a082955a45af0223204e390c0615 to remote] DEBUG org.asynchttpclient.netty.request.NettyRequestSender - Using pooled Channel '[id: 0xda42fa97, L:/127.0.0.1:50301 - R:localhost/127.0.0.1:54852]' for 'POST' to 'http://localhost:54852/session/8388a082955a45af0223204e390c0615/timeouts'
00:49:12.634 [Forwarding setTimeout on session 8388a082955a45af0223204e390c0615 to remote] DEBUG org.asynchttpclient.netty.request.NettyRequestSender - Using open Channel [id: 0xda42fa97, L:/127.0.0.1:50301 - R:localhost/127.0.0.1:54852] for POST '/session/8388a082955a45af0223204e390c0615/timeouts'
00:49:12.635 [AsyncHttpClient-1-20] DEBUG org.asynchttpclient.netty.handler.HttpHandler - 

Request DefaultHttpRequest(decodeResult: success, version: HTTP/1.1)
POST /session/8388a082955a45af0223204e390c0615/timeouts HTTP/1.1
User-Agent: selenium/4.1.2 (java windows)
Content-Length: 22
Content-Type: application/json; charset=utf-8
host: localhost:54852
accept: */*

Response DefaultHttpResponse(decodeResult: success, version: HTTP/1.1)
HTTP/1.1 200 OK
Content-Type: application/json; charset=utf-8
cache-control: no-cache
content-length: 14

00:49:12.635 [AsyncHttpClient-1-20] DEBUG org.asynchttpclient.netty.channel.ChannelManager - Adding key: http://localhost:54852 for channel [id: 0xda42fa97, L:/127.0.0.1:50301 - R:localhost/127.0.0.1:54852]
00:49:12.637 [Forwarding getCurrentUrl on session 8388a082955a45af0223204e390c0615 to remote] DEBUG org.asynchttpclient.netty.request.NettyRequestSender - Using pooled Channel '[id: 0xda42fa97, L:/127.0.0.1:50301 - R:localhost/127.0.0.1:54852]' for 'GET' to 'http://localhost:54852/session/8388a082955a45af0223204e390c0615/url'
00:49:12.637 [Forwarding getCurrentUrl on session 8388a082955a45af0223204e390c0615 to remote] DEBUG org.asynchttpclient.netty.request.NettyRequestSender - Using open Channel [id: 0xda42fa97, L:/127.0.0.1:50301 - R:localhost/127.0.0.1:54852] for GET '/session/8388a082955a45af0223204e390c0615/url'
00:49:12.675 [AsyncHttpClient-1-20] DEBUG org.asynchttpclient.netty.handler.HttpHandler - 

Request DefaultFullHttpRequest(decodeResult: success, version: HTTP/1.1, content: EmptyByteBufBE)
GET /session/8388a082955a45af0223204e390c0615/url HTTP/1.1
User-Agent: selenium/4.1.2 (java windows)
Cache-Control: no-cache
Content-Type: application/json; charset=utf-8
host: localhost:54852
accept: */*

Response DefaultHttpResponse(decodeResult: success, version: HTTP/1.1)
HTTP/1.1 200 OK
Content-Type: application/json; charset=utf-8
cache-control: no-cache
content-length: 46

00:49:12.675 [AsyncHttpClient-1-20] DEBUG org.asynchttpclient.netty.channel.ChannelManager - Adding key: http://localhost:54852 for channel [id: 0xda42fa97, L:/127.0.0.1:50301 - R:localhost/127.0.0.1:54852]
00:49:12.677 [Forwarding getCurrentUrl on session 8388a082955a45af0223204e390c0615 to remote] DEBUG org.asynchttpclient.netty.request.NettyRequestSender - Using pooled Channel '[id: 0xda42fa97, L:/127.0.0.1:50301 - R:localhost/127.0.0.1:54852]' for 'GET' to 'http://localhost:54852/session/8388a082955a45af0223204e390c0615/url'
00:49:12.677 [Forwarding getCurrentUrl on session 8388a082955a45af0223204e390c0615 to remote] DEBUG org.asynchttpclient.netty.request.NettyRequestSender - Using open Channel [id: 0xda42fa97, L:/127.0.0.1:50301 - R:localhost/127.0.0.1:54852] for GET '/session/8388a082955a45af0223204e390c0615/url'
00:49:12.686 [AsyncHttpClient-1-20] DEBUG org.asynchttpclient.netty.handler.HttpHandler - 

Request DefaultFullHttpRequest(decodeResult: success, version: HTTP/1.1, content: EmptyByteBufBE)
GET /session/8388a082955a45af0223204e390c0615/url HTTP/1.1
User-Agent: selenium/4.1.2 (java windows)
Cache-Control: no-cache
Content-Type: application/json; charset=utf-8
host: localhost:54852
accept: */*

Response DefaultHttpResponse(decodeResult: success, version: HTTP/1.1)
HTTP/1.1 200 OK
Content-Type: application/json; charset=utf-8
cache-control: no-cache
content-length: 46

00:49:12.686 [AsyncHttpClient-1-20] DEBUG org.asynchttpclient.netty.channel.ChannelManager - Adding key: http://localhost:54852 for channel [id: 0xda42fa97, L:/127.0.0.1:50301 - R:localhost/127.0.0.1:54852]
00:49:12.691 [main] DEBUG net.serenitybdd.core.photography.Darkroom - Opening darkroom
00:49:12.691 [Forwarding screenshot on session 8388a082955a45af0223204e390c0615 to remote] DEBUG org.asynchttpclient.netty.request.NettyRequestSender - Using pooled Channel '[id: 0xda42fa97, L:/127.0.0.1:50301 - R:localhost/127.0.0.1:54852]' for 'GET' to 'http://localhost:54852/session/8388a082955a45af0223204e390c0615/screenshot'
00:49:12.691 [Forwarding screenshot on session 8388a082955a45af0223204e390c0615 to remote] DEBUG org.asynchttpclient.netty.request.NettyRequestSender - Using open Channel [id: 0xda42fa97, L:/127.0.0.1:50301 - R:localhost/127.0.0.1:54852] for GET '/session/8388a082955a45af0223204e390c0615/screenshot'
00:49:12.693 [Darkroom Processing Line] DEBUG net.serenitybdd.core.photography.DarkroomProcessingLine - Darkroom processing line starting up
00:49:12.887 [AsyncHttpClient-1-1] DEBUG org.asynchttpclient.netty.channel.DefaultChannelPool - Entry count for : http://localhost:50302 : 1
00:49:13.151 [AsyncHttpClient-1-20] DEBUG org.asynchttpclient.netty.handler.HttpHandler - 

Request DefaultFullHttpRequest(decodeResult: success, version: HTTP/1.1, content: EmptyByteBufBE)
GET /session/8388a082955a45af0223204e390c0615/screenshot HTTP/1.1
User-Agent: selenium/4.1.2 (java windows)
Cache-Control: no-cache
Content-Type: application/json; charset=utf-8
host: localhost:54852
accept: */*

Response DefaultHttpResponse(decodeResult: success, version: HTTP/1.1)
HTTP/1.1 200 OK
Content-Type: application/json; charset=utf-8
cache-control: no-cache
content-length: 575004

00:49:13.152 [AsyncHttpClient-1-20] DEBUG org.asynchttpclient.netty.channel.ChannelManager - Adding key: http://localhost:54852 for channel [id: 0xda42fa97, L:/127.0.0.1:50301 - R:localhost/127.0.0.1:54852]
00:49:13.161 [main] DEBUG net.serenitybdd.core.photography.Darkroom - Send negative for processing for target\site\serenity\bdfb3257a55b5f729af578dfc1dc3a5762c89839bea5dc19984e34dd6640fee1.png
00:49:13.162 [main] DEBUG net.thucydides.core.steps.StepInterceptor - STEP DONE: openPage
00:49:13.166 [main] DEBUG net.thucydides.core.steps.StepInterceptor - STARTING STEP: LoginSteps.adminOnLoginPage - validateonLoginPage
00:49:13.168 [Forwarding findElement on session 8388a082955a45af0223204e390c0615 to remote] DEBUG org.asynchttpclient.netty.request.NettyRequestSender - Using pooled Channel '[id: 0xda42fa97, L:/127.0.0.1:50301 - R:localhost/127.0.0.1:54852]' for 'POST' to 'http://localhost:54852/session/8388a082955a45af0223204e390c0615/element'
00:49:13.168 [Forwarding findElement on session 8388a082955a45af0223204e390c0615 to remote] DEBUG org.asynchttpclient.netty.request.NettyRequestSender - Using open Channel [id: 0xda42fa97, L:/127.0.0.1:50301 - R:localhost/127.0.0.1:54852] for POST '/session/8388a082955a45af0223204e390c0615/element'
00:49:13.179 [AsyncHttpClient-1-20] DEBUG org.asynchttpclient.netty.handler.HttpHandler - 

Request DefaultHttpRequest(decodeResult: success, version: HTTP/1.1)
POST /session/8388a082955a45af0223204e390c0615/element HTTP/1.1
User-Agent: selenium/4.1.2 (java windows)
Content-Length: 71
Content-Type: application/json; charset=utf-8
host: localhost:54852
accept: */*

Response DefaultHttpResponse(decodeResult: success, version: HTTP/1.1)
HTTP/1.1 200 OK
Content-Type: application/json; charset=utf-8
cache-control: no-cache
content-length: 88

00:49:13.179 [AsyncHttpClient-1-20] DEBUG org.asynchttpclient.netty.channel.ChannelManager - Adding key: http://localhost:54852 for channel [id: 0xda42fa97, L:/127.0.0.1:50301 - R:localhost/127.0.0.1:54852]
00:49:13.182 [Forwarding isElementDisplayed on session 8388a082955a45af0223204e390c0615 to remote] DEBUG org.asynchttpclient.netty.request.NettyRequestSender - Using pooled Channel '[id: 0xda42fa97, L:/127.0.0.1:50301 - R:localhost/127.0.0.1:54852]' for 'POST' to 'http://localhost:54852/session/8388a082955a45af0223204e390c0615/execute/sync'
00:49:13.182 [Forwarding isElementDisplayed on session 8388a082955a45af0223204e390c0615 to remote] DEBUG org.asynchttpclient.netty.request.NettyRequestSender - Using open Channel [id: 0xda42fa97, L:/127.0.0.1:50301 - R:localhost/127.0.0.1:54852] for POST '/session/8388a082955a45af0223204e390c0615/execute/sync'
00:49:13.195 [AsyncHttpClient-1-20] DEBUG org.asynchttpclient.netty.handler.HttpHandler - 

Request DefaultHttpRequest(decodeResult: success, version: HTTP/1.1)
POST /session/8388a082955a45af0223204e390c0615/execute/sync HTTP/1.1
User-Agent: selenium/4.1.2 (java windows)
Content-Length: 48780
Content-Type: application/json; charset=utf-8
host: localhost:54852
accept: */*

Response DefaultHttpResponse(decodeResult: success, version: HTTP/1.1)
HTTP/1.1 200 OK
Content-Type: application/json; charset=utf-8
cache-control: no-cache
content-length: 14

00:49:13.195 [AsyncHttpClient-1-20] DEBUG org.asynchttpclient.netty.channel.ChannelManager - Adding key: http://localhost:54852 for channel [id: 0xda42fa97, L:/127.0.0.1:50301 - R:localhost/127.0.0.1:54852]
00:49:13.199 [main] DEBUG net.thucydides.core.steps.StepInterceptor - STEP DONE: validateonLoginPage
  &amp#27;[32mGiven &amp#27;[0m&amp#27;[32madmin on login page&amp#27;[0m                        &amp#27;[90m# starter.definitions.LoginSteps.adminOnLoginPage()&amp#27;[0m
00:49:13.212 [Forwarding screenshot on session 8388a082955a45af0223204e390c0615 to remote] DEBUG org.asynchttpclient.netty.request.NettyRequestSender - Using pooled Channel '[id: 0xda42fa97, L:/127.0.0.1:50301 - R:localhost/127.0.0.1:54852]' for 'GET' to 'http://localhost:54852/session/8388a082955a45af0223204e390c0615/screenshot'
00:49:13.212 [Forwarding screenshot on session 8388a082955a45af0223204e390c0615 to remote] DEBUG org.asynchttpclient.netty.request.NettyRequestSender - Using open Channel [id: 0xda42fa97, L:/127.0.0.1:50301 - R:localhost/127.0.0.1:54852] for GET '/session/8388a082955a45af0223204e390c0615/screenshot'
00:49:13.504 [AsyncHttpClient-1-20] DEBUG org.asynchttpclient.netty.handler.HttpHandler - 

Request DefaultFullHttpRequest(decodeResult: success, version: HTTP/1.1, content: EmptyByteBufBE)
GET /session/8388a082955a45af0223204e390c0615/screenshot HTTP/1.1
User-Agent: selenium/4.1.2 (java windows)
Cache-Control: no-cache
Content-Type: application/json; charset=utf-8
host: localhost:54852
accept: */*

Response DefaultHttpResponse(decodeResult: success, version: HTTP/1.1)
HTTP/1.1 200 OK
Content-Type: application/json; charset=utf-8
cache-control: no-cache
content-length: 575004

00:49:13.505 [AsyncHttpClient-1-20] DEBUG org.asynchttpclient.netty.channel.ChannelManager - Adding key: http://localhost:54852 for channel [id: 0xda42fa97, L:/127.0.0.1:50301 - R:localhost/127.0.0.1:54852]
00:49:13.516 [main] DEBUG net.serenitybdd.core.photography.Darkroom - Send negative for processing for target\site\serenity\bdfb3257a55b5f729af578dfc1dc3a5762c89839bea5dc19984e34dd6640fee1.png
00:49:13.516 [main] DEBUG net.thucydides.core.steps.StepInterceptor - STARTING STEP: LoginSteps.adminInputValidUssername - inputusername
00:49:13.518 [Forwarding findElement on session 8388a082955a45af0223204e390c0615 to remote] DEBUG org.asynchttpclient.netty.request.NettyRequestSender - Using pooled Channel '[id: 0xda42fa97, L:/127.0.0.1:50301 - R:localhost/127.0.0.1:54852]' for 'POST' to 'http://localhost:54852/session/8388a082955a45af0223204e390c0615/element'
00:49:13.518 [Forwarding findElement on session 8388a082955a45af0223204e390c0615 to remote] DEBUG org.asynchttpclient.netty.request.NettyRequestSender - Using open Channel [id: 0xda42fa97, L:/127.0.0.1:50301 - R:localhost/127.0.0.1:54852] for POST '/session/8388a082955a45af0223204e390c0615/element'
00:49:13.529 [AsyncHttpClient-1-20] DEBUG org.asynchttpclient.netty.handler.HttpHandler - 

Request DefaultHttpRequest(decodeResult: success, version: HTTP/1.1)
POST /session/8388a082955a45af0223204e390c0615/element HTTP/1.1
User-Agent: selenium/4.1.2 (java windows)
Content-Length: 92
Content-Type: application/json; charset=utf-8
host: localhost:54852
accept: */*

Response DefaultHttpResponse(decodeResult: success, version: HTTP/1.1)
HTTP/1.1 200 OK
Content-Type: application/json; charset=utf-8
cache-control: no-cache
content-length: 88

00:49:13.529 [AsyncHttpClient-1-20] DEBUG org.asynchttpclient.netty.channel.ChannelManager - Adding key: http://localhost:54852 for channel [id: 0xda42fa97, L:/127.0.0.1:50301 - R:localhost/127.0.0.1:54852]
00:49:13.530 [Forwarding clearElement on session 8388a082955a45af0223204e390c0615 to remote] DEBUG org.asynchttpclient.netty.request.NettyRequestSender - Using pooled Channel '[id: 0xda42fa97, L:/127.0.0.1:50301 - R:localhost/127.0.0.1:54852]' for 'POST' to 'http://localhost:54852/session/8388a082955a45af0223204e390c0615/element/59cd539b-4f3f-4945-9048-d12ad7069cb7/clear'
00:49:13.530 [Forwarding clearElement on session 8388a082955a45af0223204e390c0615 to remote] DEBUG org.asynchttpclient.netty.request.NettyRequestSender - Using open Channel [id: 0xda42fa97, L:/127.0.0.1:50301 - R:localhost/127.0.0.1:54852] for POST '/session/8388a082955a45af0223204e390c0615/element/59cd539b-4f3f-4945-9048-d12ad7069cb7/clear'
00:49:13.561 [AsyncHttpClient-1-20] DEBUG org.asynchttpclient.netty.handler.HttpHandler - 

Request DefaultHttpRequest(decodeResult: success, version: HTTP/1.1)
POST /session/8388a082955a45af0223204e390c0615/element/59cd539b-4f3f-4945-9048-d12ad7069cb7/clear HTTP/1.1
User-Agent: selenium/4.1.2 (java windows)
Content-Length: 50
Content-Type: application/json; charset=utf-8
host: localhost:54852
accept: */*

Response DefaultHttpResponse(decodeResult: success, version: HTTP/1.1)
HTTP/1.1 200 OK
Content-Type: application/json; charset=utf-8
cache-control: no-cache
content-length: 14

00:49:13.561 [AsyncHttpClient-1-20] DEBUG org.asynchttpclient.netty.channel.ChannelManager - Adding key: http://localhost:54852 for channel [id: 0xda42fa97, L:/127.0.0.1:50301 - R:localhost/127.0.0.1:54852]
00:49:13.563 [Forwarding sendKeysToElement on session 8388a082955a45af0223204e390c0615 to remote] DEBUG org.asynchttpclient.netty.request.NettyRequestSender - Using pooled Channel '[id: 0xda42fa97, L:/127.0.0.1:50301 - R:localhost/127.0.0.1:54852]' for 'POST' to 'http://localhost:54852/session/8388a082955a45af0223204e390c0615/element/59cd539b-4f3f-4945-9048-d12ad7069cb7/value'
00:49:13.563 [Forwarding sendKeysToElement on session 8388a082955a45af0223204e390c0615 to remote] DEBUG org.asynchttpclient.netty.request.NettyRequestSender - Using open Channel [id: 0xda42fa97, L:/127.0.0.1:50301 - R:localhost/127.0.0.1:54852] for POST '/session/8388a082955a45af0223204e390c0615/element/59cd539b-4f3f-4945-9048-d12ad7069cb7/value'
00:49:13.624 [AsyncHttpClient-1-20] DEBUG org.asynchttpclient.netty.handler.HttpHandler - 

Request DefaultHttpRequest(decodeResult: success, version: HTTP/1.1)
POST /session/8388a082955a45af0223204e390c0615/element/59cd539b-4f3f-4945-9048-d12ad7069cb7/value HTTP/1.1
User-Agent: selenium/4.1.2 (java windows)
Content-Length: 151
Content-Type: application/json; charset=utf-8
host: localhost:54852
accept: */*

Response DefaultHttpResponse(decodeResult: success, version: HTTP/1.1)
HTTP/1.1 200 OK
Content-Type: application/json; charset=utf-8
cache-control: no-cache
content-length: 14

00:49:13.624 [AsyncHttpClient-1-20] DEBUG org.asynchttpclient.netty.channel.ChannelManager - Adding key: http://localhost:54852 for channel [id: 0xda42fa97, L:/127.0.0.1:50301 - R:localhost/127.0.0.1:54852]
00:49:13.629 [Forwarding screenshot on session 8388a082955a45af0223204e390c0615 to remote] DEBUG org.asynchttpclient.netty.request.NettyRequestSender - Using pooled Channel '[id: 0xda42fa97, L:/127.0.0.1:50301 - R:localhost/127.0.0.1:54852]' for 'GET' to 'http://localhost:54852/session/8388a082955a45af0223204e390c0615/screenshot'
00:49:13.629 [Forwarding screenshot on session 8388a082955a45af0223204e390c0615 to remote] DEBUG org.asynchttpclient.netty.request.NettyRequestSender - Using open Channel [id: 0xda42fa97, L:/127.0.0.1:50301 - R:localhost/127.0.0.1:54852] for GET '/session/8388a082955a45af0223204e390c0615/screenshot'
00:49:13.946 [AsyncHttpClient-1-20] DEBUG org.asynchttpclient.netty.handler.HttpHandler - 

Request DefaultFullHttpRequest(decodeResult: success, version: HTTP/1.1, content: EmptyByteBufBE)
GET /session/8388a082955a45af0223204e390c0615/screenshot HTTP/1.1
User-Agent: selenium/4.1.2 (java windows)
Cache-Control: no-cache
Content-Type: application/json; charset=utf-8
host: localhost:54852
accept: */*

Response DefaultHttpResponse(decodeResult: success, version: HTTP/1.1)
HTTP/1.1 200 OK
Content-Type: application/json; charset=utf-8
cache-control: no-cache
content-length: 573184

00:49:13.947 [AsyncHttpClient-1-20] DEBUG org.asynchttpclient.netty.channel.ChannelManager - Adding key: http://localhost:54852 for channel [id: 0xda42fa97, L:/127.0.0.1:50301 - R:localhost/127.0.0.1:54852]
00:49:13.956 [main] DEBUG net.serenitybdd.core.photography.Darkroom - Send negative for processing for target\site\serenity\f77c054aa6a666f419ab49e776fdfb7fc10c7c59289c58aa7b77a3e2461e450a.png
00:49:13.957 [main] DEBUG net.thucydides.core.steps.StepInterceptor - STEP DONE: inputusername
  &amp#27;[32mWhen &amp#27;[0m&amp#27;[32madmin input valid ussername&amp#27;[0m                 &amp#27;[90m# starter.definitions.LoginSteps.adminInputValidUssername()&amp#27;[0m
00:49:13.968 [main] DEBUG net.thucydides.core.steps.StepInterceptor - STARTING STEP: LoginSteps.adminInputValidPassword - inputPassword
00:49:13.970 [Forwarding findElement on session 8388a082955a45af0223204e390c0615 to remote] DEBUG org.asynchttpclient.netty.request.NettyRequestSender - Using pooled Channel '[id: 0xda42fa97, L:/127.0.0.1:50301 - R:localhost/127.0.0.1:54852]' for 'POST' to 'http://localhost:54852/session/8388a082955a45af0223204e390c0615/element'
00:49:13.970 [Forwarding findElement on session 8388a082955a45af0223204e390c0615 to remote] DEBUG org.asynchttpclient.netty.request.NettyRequestSender - Using open Channel [id: 0xda42fa97, L:/127.0.0.1:50301 - R:localhost/127.0.0.1:54852] for POST '/session/8388a082955a45af0223204e390c0615/element'
00:49:13.992 [AsyncHttpClient-1-1] DEBUG org.asynchttpclient.netty.channel.DefaultChannelPool - Entry count for : http://localhost:50302 : 1
00:49:13.995 [AsyncHttpClient-1-20] DEBUG org.asynchttpclient.netty.handler.HttpHandler - 

Request DefaultHttpRequest(decodeResult: success, version: HTTP/1.1)
POST /session/8388a082955a45af0223204e390c0615/element HTTP/1.1
User-Agent: selenium/4.1.2 (java windows)
Content-Length: 92
Content-Type: application/json; charset=utf-8
host: localhost:54852
accept: */*

Response DefaultHttpResponse(decodeResult: success, version: HTTP/1.1)
HTTP/1.1 200 OK
Content-Type: application/json; charset=utf-8
cache-control: no-cache
content-length: 88

00:49:13.995 [AsyncHttpClient-1-20] DEBUG org.asynchttpclient.netty.channel.ChannelManager - Adding key: http://localhost:54852 for channel [id: 0xda42fa97, L:/127.0.0.1:50301 - R:localhost/127.0.0.1:54852]
00:49:13.996 [Forwarding clearElement on session 8388a082955a45af0223204e390c0615 to remote] DEBUG org.asynchttpclient.netty.request.NettyRequestSender - Using pooled Channel '[id: 0xda42fa97, L:/127.0.0.1:50301 - R:localhost/127.0.0.1:54852]' for 'POST' to 'http://localhost:54852/session/8388a082955a45af0223204e390c0615/element/5ccf6708-5a31-42d9-b4b6-9e0c56dd60a8/clear'
00:49:13.996 [Forwarding clearElement on session 8388a082955a45af0223204e390c0615 to remote] DEBUG org.asynchttpclient.netty.request.NettyRequestSender - Using open Channel [id: 0xda42fa97, L:/127.0.0.1:50301 - R:localhost/127.0.0.1:54852] for POST '/session/8388a082955a45af0223204e390c0615/element/5ccf6708-5a31-42d9-b4b6-9e0c56dd60a8/clear'
00:49:14.059 [AsyncHttpClient-1-20] DEBUG org.asynchttpclient.netty.handler.HttpHandler - 

Request DefaultHttpRequest(decodeResult: success, version: HTTP/1.1)
POST /session/8388a082955a45af0223204e390c0615/element/5ccf6708-5a31-42d9-b4b6-9e0c56dd60a8/clear HTTP/1.1
User-Agent: selenium/4.1.2 (java windows)
Content-Length: 50
Content-Type: application/json; charset=utf-8
host: localhost:54852
accept: */*

Response DefaultHttpResponse(decodeResult: success, version: HTTP/1.1)
HTTP/1.1 200 OK
Content-Type: application/json; charset=utf-8
cache-control: no-cache
content-length: 14

00:49:14.059 [AsyncHttpClient-1-20] DEBUG org.asynchttpclient.netty.channel.ChannelManager - Adding key: http://localhost:54852 for channel [id: 0xda42fa97, L:/127.0.0.1:50301 - R:localhost/127.0.0.1:54852]
00:49:14.060 [Forwarding sendKeysToElement on session 8388a082955a45af0223204e390c0615 to remote] DEBUG org.asynchttpclient.netty.request.NettyRequestSender - Using pooled Channel '[id: 0xda42fa97, L:/127.0.0.1:50301 - R:localhost/127.0.0.1:54852]' for 'POST' to 'http://localhost:54852/session/8388a082955a45af0223204e390c0615/element/5ccf6708-5a31-42d9-b4b6-9e0c56dd60a8/value'
00:49:14.061 [Forwarding sendKeysToElement on session 8388a082955a45af0223204e390c0615 to remote] DEBUG org.asynchttpclient.netty.request.NettyRequestSender - Using open Channel [id: 0xda42fa97, L:/127.0.0.1:50301 - R:localhost/127.0.0.1:54852] for POST '/session/8388a082955a45af0223204e390c0615/element/5ccf6708-5a31-42d9-b4b6-9e0c56dd60a8/value'
00:49:14.197 [AsyncHttpClient-1-20] DEBUG org.asynchttpclient.netty.handler.HttpHandler - 

Request DefaultHttpRequest(decodeResult: success, version: HTTP/1.1)
POST /session/8388a082955a45af0223204e390c0615/element/5ccf6708-5a31-42d9-b4b6-9e0c56dd60a8/value HTTP/1.1
User-Agent: selenium/4.1.2 (java windows)
Content-Length: 291
Content-Type: application/json; charset=utf-8
host: localhost:54852
accept: */*

Response DefaultHttpResponse(decodeResult: success, version: HTTP/1.1)
HTTP/1.1 200 OK
Content-Type: application/json; charset=utf-8
cache-control: no-cache
content-length: 14

00:49:14.197 [AsyncHttpClient-1-20] DEBUG org.asynchttpclient.netty.channel.ChannelManager - Adding key: http://localhost:54852 for channel [id: 0xda42fa97, L:/127.0.0.1:50301 - R:localhost/127.0.0.1:54852]
00:49:14.201 [Forwarding screenshot on session 8388a082955a45af0223204e390c0615 to remote] DEBUG org.asynchttpclient.netty.request.NettyRequestSender - Using pooled Channel '[id: 0xda42fa97, L:/127.0.0.1:50301 - R:localhost/127.0.0.1:54852]' for 'GET' to 'http://localhost:54852/session/8388a082955a45af0223204e390c0615/screenshot'
00:49:14.201 [Forwarding screenshot on session 8388a082955a45af0223204e390c0615 to remote] DEBUG org.asynchttpclient.netty.request.NettyRequestSender - Using open Channel [id: 0xda42fa97, L:/127.0.0.1:50301 - R:localhost/127.0.0.1:54852] for GET '/session/8388a082955a45af0223204e390c0615/screenshot'
00:49:14.505 [AsyncHttpClient-1-20] DEBUG org.asynchttpclient.netty.handler.HttpHandler - 

Request DefaultFullHttpRequest(decodeResult: success, version: HTTP/1.1, content: EmptyByteBufBE)
GET /session/8388a082955a45af0223204e390c0615/screenshot HTTP/1.1
User-Agent: selenium/4.1.2 (java windows)
Cache-Control: no-cache
Content-Type: application/json; charset=utf-8
host: localhost:54852
accept: */*

Response DefaultHttpResponse(decodeResult: success, version: HTTP/1.1)
HTTP/1.1 200 OK
Content-Type: application/json; charset=utf-8
cache-control: no-cache
content-length: 569460

00:49:14.506 [AsyncHttpClient-1-20] DEBUG org.asynchttpclient.netty.channel.ChannelManager - Adding key: http://localhost:54852 for channel [id: 0xda42fa97, L:/127.0.0.1:50301 - R:localhost/127.0.0.1:54852]
00:49:14.516 [main] DEBUG net.serenitybdd.core.photography.Darkroom - Send negative for processing for target\site\serenity\7121c7966e51ed0bee580053fa8354e56400a63fd65cbfa41529dc1e051e1e6a.png
00:49:14.516 [main] DEBUG net.thucydides.core.steps.StepInterceptor - STEP DONE: inputPassword
  &amp#27;[32mAnd &amp#27;[0m&amp#27;[32madmin input valid password&amp#27;[0m                   &amp#27;[90m# starter.definitions.LoginSteps.adminInputValidPassword()&amp#27;[0m
00:49:14.529 [main] DEBUG net.thucydides.core.steps.StepInterceptor - STARTING STEP: LoginSteps.clickLoginButton - clickloginButton
00:49:14.531 [Forwarding findElement on session 8388a082955a45af0223204e390c0615 to remote] DEBUG org.asynchttpclient.netty.request.NettyRequestSender - Using pooled Channel '[id: 0xda42fa97, L:/127.0.0.1:50301 - R:localhost/127.0.0.1:54852]' for 'POST' to 'http://localhost:54852/session/8388a082955a45af0223204e390c0615/element'
00:49:14.531 [Forwarding findElement on session 8388a082955a45af0223204e390c0615 to remote] DEBUG org.asynchttpclient.netty.request.NettyRequestSender - Using open Channel [id: 0xda42fa97, L:/127.0.0.1:50301 - R:localhost/127.0.0.1:54852] for POST '/session/8388a082955a45af0223204e390c0615/element'
00:49:14.537 [AsyncHttpClient-1-20] DEBUG org.asynchttpclient.netty.handler.HttpHandler - 

Request DefaultHttpRequest(decodeResult: success, version: HTTP/1.1)
POST /session/8388a082955a45af0223204e390c0615/element HTTP/1.1
User-Agent: selenium/4.1.2 (java windows)
Content-Length: 71
Content-Type: application/json; charset=utf-8
host: localhost:54852
accept: */*

Response DefaultHttpResponse(decodeResult: success, version: HTTP/1.1)
HTTP/1.1 200 OK
Content-Type: application/json; charset=utf-8
cache-control: no-cache
content-length: 88

00:49:14.538 [AsyncHttpClient-1-20] DEBUG org.asynchttpclient.netty.channel.ChannelManager - Adding key: http://localhost:54852 for channel [id: 0xda42fa97, L:/127.0.0.1:50301 - R:localhost/127.0.0.1:54852]
00:49:14.539 [Forwarding getElementTagName on session 8388a082955a45af0223204e390c0615 to remote] DEBUG org.asynchttpclient.netty.request.NettyRequestSender - Using pooled Channel '[id: 0xda42fa97, L:/127.0.0.1:50301 - R:localhost/127.0.0.1:54852]' for 'GET' to 'http://localhost:54852/session/8388a082955a45af0223204e390c0615/element/5900b921-afe7-4eb5-b67b-2456864c2792/name'
00:49:14.539 [Forwarding getElementTagName on session 8388a082955a45af0223204e390c0615 to remote] DEBUG org.asynchttpclient.netty.request.NettyRequestSender - Using open Channel [id: 0xda42fa97, L:/127.0.0.1:50301 - R:localhost/127.0.0.1:54852] for GET '/session/8388a082955a45af0223204e390c0615/element/5900b921-afe7-4eb5-b67b-2456864c2792/name'
00:49:14.543 [AsyncHttpClient-1-20] DEBUG org.asynchttpclient.netty.handler.HttpHandler - 

Request DefaultFullHttpRequest(decodeResult: success, version: HTTP/1.1, content: EmptyByteBufBE)
GET /session/8388a082955a45af0223204e390c0615/element/5900b921-afe7-4eb5-b67b-2456864c2792/name HTTP/1.1
User-Agent: selenium/4.1.2 (java windows)
Cache-Control: no-cache
Content-Type: application/json; charset=utf-8
host: localhost:54852
accept: */*

Response DefaultHttpResponse(decodeResult: success, version: HTTP/1.1)
HTTP/1.1 200 OK
Content-Type: application/json; charset=utf-8
cache-control: no-cache
content-length: 18

00:49:14.544 [AsyncHttpClient-1-20] DEBUG org.asynchttpclient.netty.channel.ChannelManager - Adding key: http://localhost:54852 for channel [id: 0xda42fa97, L:/127.0.0.1:50301 - R:localhost/127.0.0.1:54852]
00:49:14.545 [Forwarding getElementTagName on session 8388a082955a45af0223204e390c0615 to remote] DEBUG org.asynchttpclient.netty.request.NettyRequestSender - Using pooled Channel '[id: 0xda42fa97, L:/127.0.0.1:50301 - R:localhost/127.0.0.1:54852]' for 'GET' to 'http://localhost:54852/session/8388a082955a45af0223204e390c0615/element/5900b921-afe7-4eb5-b67b-2456864c2792/name'
00:49:14.545 [Forwarding getElementTagName on session 8388a082955a45af0223204e390c0615 to remote] DEBUG org.asynchttpclient.netty.request.NettyRequestSender - Using open Channel [id: 0xda42fa97, L:/127.0.0.1:50301 - R:localhost/127.0.0.1:54852] for GET '/session/8388a082955a45af0223204e390c0615/element/5900b921-afe7-4eb5-b67b-2456864c2792/name'
00:49:14.547 [AsyncHttpClient-1-20] DEBUG org.asynchttpclient.netty.handler.HttpHandler - 

Request DefaultFullHttpRequest(decodeResult: success, version: HTTP/1.1, content: EmptyByteBufBE)
GET /session/8388a082955a45af0223204e390c0615/element/5900b921-afe7-4eb5-b67b-2456864c2792/name HTTP/1.1
User-Agent: selenium/4.1.2 (java windows)
Cache-Control: no-cache
Content-Type: application/json; charset=utf-8
host: localhost:54852
accept: */*

Response DefaultHttpResponse(decodeResult: success, version: HTTP/1.1)
HTTP/1.1 200 OK
Content-Type: application/json; charset=utf-8
cache-control: no-cache
content-length: 18

00:49:14.547 [AsyncHttpClient-1-20] DEBUG org.asynchttpclient.netty.channel.ChannelManager - Adding key: http://localhost:54852 for channel [id: 0xda42fa97, L:/127.0.0.1:50301 - R:localhost/127.0.0.1:54852]
00:49:14.549 [Forwarding isElementEnabled on session 8388a082955a45af0223204e390c0615 to remote] DEBUG org.asynchttpclient.netty.request.NettyRequestSender - Using pooled Channel '[id: 0xda42fa97, L:/127.0.0.1:50301 - R:localhost/127.0.0.1:54852]' for 'GET' to 'http://localhost:54852/session/8388a082955a45af0223204e390c0615/element/5900b921-afe7-4eb5-b67b-2456864c2792/enabled'
00:49:14.549 [Forwarding isElementEnabled on session 8388a082955a45af0223204e390c0615 to remote] DEBUG org.asynchttpclient.netty.request.NettyRequestSender - Using open Channel [id: 0xda42fa97, L:/127.0.0.1:50301 - R:localhost/127.0.0.1:54852] for GET '/session/8388a082955a45af0223204e390c0615/element/5900b921-afe7-4eb5-b67b-2456864c2792/enabled'
00:49:14.557 [AsyncHttpClient-1-20] DEBUG org.asynchttpclient.netty.handler.HttpHandler - 

Request DefaultFullHttpRequest(decodeResult: success, version: HTTP/1.1, content: EmptyByteBufBE)
GET /session/8388a082955a45af0223204e390c0615/element/5900b921-afe7-4eb5-b67b-2456864c2792/enabled HTTP/1.1
User-Agent: selenium/4.1.2 (java windows)
Cache-Control: no-cache
Content-Type: application/json; charset=utf-8
host: localhost:54852
accept: */*

Response DefaultHttpResponse(decodeResult: success, version: HTTP/1.1)
HTTP/1.1 200 OK
Content-Type: application/json; charset=utf-8
cache-control: no-cache
content-length: 14

00:49:14.557 [AsyncHttpClient-1-20] DEBUG org.asynchttpclient.netty.channel.ChannelManager - Adding key: http://localhost:54852 for channel [id: 0xda42fa97, L:/127.0.0.1:50301 - R:localhost/127.0.0.1:54852]
00:49:14.558 [Forwarding isElementEnabled on session 8388a082955a45af0223204e390c0615 to remote] DEBUG org.asynchttpclient.netty.request.NettyRequestSender - Using pooled Channel '[id: 0xda42fa97, L:/127.0.0.1:50301 - R:localhost/127.0.0.1:54852]' for 'GET' to 'http://localhost:54852/session/8388a082955a45af0223204e390c0615/element/5900b921-afe7-4eb5-b67b-2456864c2792/enabled'
00:49:14.558 [Forwarding isElementEnabled on session 8388a082955a45af0223204e390c0615 to remote] DEBUG org.asynchttpclient.netty.request.NettyRequestSender - Using open Channel [id: 0xda42fa97, L:/127.0.0.1:50301 - R:localhost/127.0.0.1:54852] for GET '/session/8388a082955a45af0223204e390c0615/element/5900b921-afe7-4eb5-b67b-2456864c2792/enabled'
00:49:14.563 [AsyncHttpClient-1-20] DEBUG org.asynchttpclient.netty.handler.HttpHandler - 

Request DefaultFullHttpRequest(decodeResult: success, version: HTTP/1.1, content: EmptyByteBufBE)
GET /session/8388a082955a45af0223204e390c0615/element/5900b921-afe7-4eb5-b67b-2456864c2792/enabled HTTP/1.1
User-Agent: selenium/4.1.2 (java windows)
Cache-Control: no-cache
Content-Type: application/json; charset=utf-8
host: localhost:54852
accept: */*

Response DefaultHttpResponse(decodeResult: success, version: HTTP/1.1)
HTTP/1.1 200 OK
Content-Type: application/json; charset=utf-8
cache-control: no-cache
content-length: 14

00:49:14.563 [AsyncHttpClient-1-20] DEBUG org.asynchttpclient.netty.channel.ChannelManager - Adding key: http://localhost:54852 for channel [id: 0xda42fa97, L:/127.0.0.1:50301 - R:localhost/127.0.0.1:54852]
00:49:14.566 [Forwarding findElement on session 8388a082955a45af0223204e390c0615 to remote] DEBUG org.asynchttpclient.netty.request.NettyRequestSender - Using pooled Channel '[id: 0xda42fa97, L:/127.0.0.1:50301 - R:localhost/127.0.0.1:54852]' for 'POST' to 'http://localhost:54852/session/8388a082955a45af0223204e390c0615/element'
00:49:14.566 [Forwarding findElement on session 8388a082955a45af0223204e390c0615 to remote] DEBUG org.asynchttpclient.netty.request.NettyRequestSender - Using open Channel [id: 0xda42fa97, L:/127.0.0.1:50301 - R:localhost/127.0.0.1:54852] for POST '/session/8388a082955a45af0223204e390c0615/element'
00:49:14.572 [AsyncHttpClient-1-20] DEBUG org.asynchttpclient.netty.handler.HttpHandler - 

Request DefaultHttpRequest(decodeResult: success, version: HTTP/1.1)
POST /session/8388a082955a45af0223204e390c0615/element HTTP/1.1
User-Agent: selenium/4.1.2 (java windows)
Content-Length: 71
Content-Type: application/json; charset=utf-8
host: localhost:54852
accept: */*

Response DefaultHttpResponse(decodeResult: success, version: HTTP/1.1)
HTTP/1.1 200 OK
Content-Type: application/json; charset=utf-8
cache-control: no-cache
content-length: 88

00:49:14.572 [AsyncHttpClient-1-20] DEBUG org.asynchttpclient.netty.channel.ChannelManager - Adding key: http://localhost:54852 for channel [id: 0xda42fa97, L:/127.0.0.1:50301 - R:localhost/127.0.0.1:54852]
00:49:14.573 [Forwarding clickElement on session 8388a082955a45af0223204e390c0615 to remote] DEBUG org.asynchttpclient.netty.request.NettyRequestSender - Using pooled Channel '[id: 0xda42fa97, L:/127.0.0.1:50301 - R:localhost/127.0.0.1:54852]' for 'POST' to 'http://localhost:54852/session/8388a082955a45af0223204e390c0615/element/5900b921-afe7-4eb5-b67b-2456864c2792/click'
00:49:14.573 [Forwarding clickElement on session 8388a082955a45af0223204e390c0615 to remote] DEBUG org.asynchttpclient.netty.request.NettyRequestSender - Using open Channel [id: 0xda42fa97, L:/127.0.0.1:50301 - R:localhost/127.0.0.1:54852] for POST '/session/8388a082955a45af0223204e390c0615/element/5900b921-afe7-4eb5-b67b-2456864c2792/click'
00:49:14.618 [AsyncHttpClient-1-20] DEBUG org.asynchttpclient.netty.handler.HttpHandler - 

Request DefaultHttpRequest(decodeResult: success, version: HTTP/1.1)
POST /session/8388a082955a45af0223204e390c0615/element/5900b921-afe7-4eb5-b67b-2456864c2792/click HTTP/1.1
User-Agent: selenium/4.1.2 (java windows)
Content-Length: 50
Content-Type: application/json; charset=utf-8
host: localhost:54852
accept: */*

Response DefaultHttpResponse(decodeResult: success, version: HTTP/1.1)
HTTP/1.1 200 OK
Content-Type: application/json; charset=utf-8
cache-control: no-cache
content-length: 14

00:49:14.618 [AsyncHttpClient-1-20] DEBUG org.asynchttpclient.netty.channel.ChannelManager - Adding key: http://localhost:54852 for channel [id: 0xda42fa97, L:/127.0.0.1:50301 - R:localhost/127.0.0.1:54852]
00:49:14.624 [Forwarding screenshot on session 8388a082955a45af0223204e390c0615 to remote] DEBUG org.asynchttpclient.netty.request.NettyRequestSender - Using pooled Channel '[id: 0xda42fa97, L:/127.0.0.1:50301 - R:localhost/127.0.0.1:54852]' for 'GET' to 'http://localhost:54852/session/8388a082955a45af0223204e390c0615/screenshot'
00:49:14.624 [Forwarding screenshot on session 8388a082955a45af0223204e390c0615 to remote] DEBUG org.asynchttpclient.netty.request.NettyRequestSender - Using open Channel [id: 0xda42fa97, L:/127.0.0.1:50301 - R:localhost/127.0.0.1:54852] for GET '/session/8388a082955a45af0223204e390c0615/screenshot'
00:49:14.980 [AsyncHttpClient-1-20] DEBUG org.asynchttpclient.netty.handler.HttpHandler - 

Request DefaultFullHttpRequest(decodeResult: success, version: HTTP/1.1, content: EmptyByteBufBE)
GET /session/8388a082955a45af0223204e390c0615/screenshot HTTP/1.1
User-Agent: selenium/4.1.2 (java windows)
Cache-Control: no-cache
Content-Type: application/json; charset=utf-8
host: localhost:54852
accept: */*

Response DefaultHttpResponse(decodeResult: success, version: HTTP/1.1)
HTTP/1.1 200 OK
Content-Type: application/json; charset=utf-8
cache-control: no-cache
content-length: 575004

00:49:14.981 [AsyncHttpClient-1-20] DEBUG org.asynchttpclient.netty.channel.ChannelManager - Adding key: http://localhost:54852 for channel [id: 0xda42fa97, L:/127.0.0.1:50301 - R:localhost/127.0.0.1:54852]
00:49:14.991 [main] DEBUG net.serenitybdd.core.photography.Darkroom - Send negative for processing for target\site\serenity\bdfb3257a55b5f729af578dfc1dc3a5762c89839bea5dc19984e34dd6640fee1.png
00:49:14.991 [main] DEBUG net.thucydides.core.steps.StepInterceptor - STEP DONE: clickloginButton
  &amp#27;[32mAnd &amp#27;[0m&amp#27;[32mclick login button&amp#27;[0m                           &amp#27;[90m# starter.definitions.LoginSteps.clickLoginButton()&amp#27;[0m
00:49:15.003 [main] DEBUG net.thucydides.core.steps.StepInterceptor - STARTING STEP: LoginSteps.clickSucsessLogin - sucseslogin
00:49:15.007 [Forwarding findElement on session 8388a082955a45af0223204e390c0615 to remote] DEBUG org.asynchttpclient.netty.request.NettyRequestSender - Using pooled Channel '[id: 0xda42fa97, L:/127.0.0.1:50301 - R:localhost/127.0.0.1:54852]' for 'POST' to 'http://localhost:54852/session/8388a082955a45af0223204e390c0615/element'
00:49:15.007 [Forwarding findElement on session 8388a082955a45af0223204e390c0615 to remote] DEBUG org.asynchttpclient.netty.request.NettyRequestSender - Using open Channel [id: 0xda42fa97, L:/127.0.0.1:50301 - R:localhost/127.0.0.1:54852] for POST '/session/8388a082955a45af0223204e390c0615/element'
00:49:15.072 [AsyncHttpClient-1-20] DEBUG org.asynchttpclient.netty.handler.HttpHandler - 

Request DefaultHttpRequest(decodeResult: success, version: HTTP/1.1)
POST /session/8388a082955a45af0223204e390c0615/element HTTP/1.1
User-Agent: selenium/4.1.2 (java windows)
Content-Length: 79
Content-Type: application/json; charset=utf-8
host: localhost:54852
accept: */*

Response DefaultHttpResponse(decodeResult: success, version: HTTP/1.1)
HTTP/1.1 200 OK
Content-Type: application/json; charset=utf-8
cache-control: no-cache
content-length: 88

00:49:15.072 [AsyncHttpClient-1-20] DEBUG org.asynchttpclient.netty.channel.ChannelManager - Adding key: http://localhost:54852 for channel [id: 0xda42fa97, L:/127.0.0.1:50301 - R:localhost/127.0.0.1:54852]
00:49:15.074 [Forwarding getElementTagName on session 8388a082955a45af0223204e390c0615 to remote] DEBUG org.asynchttpclient.netty.request.NettyRequestSender - Using pooled Channel '[id: 0xda42fa97, L:/127.0.0.1:50301 - R:localhost/127.0.0.1:54852]' for 'GET' to 'http://localhost:54852/session/8388a082955a45af0223204e390c0615/element/565d5bf8-418c-4dba-af11-5a84b18f91d8/name'
00:49:15.074 [Forwarding getElementTagName on session 8388a082955a45af0223204e390c0615 to remote] DEBUG org.asynchttpclient.netty.request.NettyRequestSender - Using open Channel [id: 0xda42fa97, L:/127.0.0.1:50301 - R:localhost/127.0.0.1:54852] for GET '/session/8388a082955a45af0223204e390c0615/element/565d5bf8-418c-4dba-af11-5a84b18f91d8/name'
00:49:15.088 [AsyncHttpClient-1-20] DEBUG org.asynchttpclient.netty.handler.HttpHandler - 

Request DefaultFullHttpRequest(decodeResult: success, version: HTTP/1.1, content: EmptyByteBufBE)
GET /session/8388a082955a45af0223204e390c0615/element/565d5bf8-418c-4dba-af11-5a84b18f91d8/name HTTP/1.1
User-Agent: selenium/4.1.2 (java windows)
Cache-Control: no-cache
Content-Type: application/json; charset=utf-8
host: localhost:54852
accept: */*

Response DefaultHttpResponse(decodeResult: success, version: HTTP/1.1)
HTTP/1.1 200 OK
Content-Type: application/json; charset=utf-8
cache-control: no-cache
content-length: 18

00:49:15.088 [AsyncHttpClient-1-20] DEBUG org.asynchttpclient.netty.channel.ChannelManager - Adding key: http://localhost:54852 for channel [id: 0xda42fa97, L:/127.0.0.1:50301 - R:localhost/127.0.0.1:54852]
00:49:15.089 [Forwarding getElementTagName on session 8388a082955a45af0223204e390c0615 to remote] DEBUG org.asynchttpclient.netty.request.NettyRequestSender - Using pooled Channel '[id: 0xda42fa97, L:/127.0.0.1:50301 - R:localhost/127.0.0.1:54852]' for 'GET' to 'http://localhost:54852/session/8388a082955a45af0223204e390c0615/element/565d5bf8-418c-4dba-af11-5a84b18f91d8/name'
00:49:15.089 [Forwarding getElementTagName on session 8388a082955a45af0223204e390c0615 to remote] DEBUG org.asynchttpclient.netty.request.NettyRequestSender - Using open Channel [id: 0xda42fa97, L:/127.0.0.1:50301 - R:localhost/127.0.0.1:54852] for GET '/session/8388a082955a45af0223204e390c0615/element/565d5bf8-418c-4dba-af11-5a84b18f91d8/name'
00:49:15.094 [AsyncHttpClient-1-1] DEBUG org.asynchttpclient.netty.channel.DefaultChannelPool - Entry count for : http://localhost:50302 : 1
00:49:15.101 [AsyncHttpClient-1-20] DEBUG org.asynchttpclient.netty.handler.HttpHandler - 

Request DefaultFullHttpRequest(decodeResult: success, version: HTTP/1.1, content: EmptyByteBufBE)
GET /session/8388a082955a45af0223204e390c0615/element/565d5bf8-418c-4dba-af11-5a84b18f91d8/name HTTP/1.1
User-Agent: selenium/4.1.2 (java windows)
Cache-Control: no-cache
Content-Type: application/json; charset=utf-8
host: localhost:54852
accept: */*

Response DefaultHttpResponse(decodeResult: success, version: HTTP/1.1)
HTTP/1.1 200 OK
Content-Type: application/json; charset=utf-8
cache-control: no-cache
content-length: 18

00:49:15.101 [AsyncHttpClient-1-20] DEBUG org.asynchttpclient.netty.channel.ChannelManager - Adding key: http://localhost:54852 for channel [id: 0xda42fa97, L:/127.0.0.1:50301 - R:localhost/127.0.0.1:54852]
00:49:15.103 [Forwarding isElementEnabled on session 8388a082955a45af0223204e390c0615 to remote] DEBUG org.asynchttpclient.netty.request.NettyRequestSender - Using pooled Channel '[id: 0xda42fa97, L:/127.0.0.1:50301 - R:localhost/127.0.0.1:54852]' for 'GET' to 'http://localhost:54852/session/8388a082955a45af0223204e390c0615/element/565d5bf8-418c-4dba-af11-5a84b18f91d8/enabled'
00:49:15.103 [Forwarding isElementEnabled on session 8388a082955a45af0223204e390c0615 to remote] DEBUG org.asynchttpclient.netty.request.NettyRequestSender - Using open Channel [id: 0xda42fa97, L:/127.0.0.1:50301 - R:localhost/127.0.0.1:54852] for GET '/session/8388a082955a45af0223204e390c0615/element/565d5bf8-418c-4dba-af11-5a84b18f91d8/enabled'
00:49:15.121 [AsyncHttpClient-1-20] DEBUG org.asynchttpclient.netty.handler.HttpHandler - 

Request DefaultFullHttpRequest(decodeResult: success, version: HTTP/1.1, content: EmptyByteBufBE)
GET /session/8388a082955a45af0223204e390c0615/element/565d5bf8-418c-4dba-af11-5a84b18f91d8/enabled HTTP/1.1
User-Agent: selenium/4.1.2 (java windows)
Cache-Control: no-cache
Content-Type: application/json; charset=utf-8
host: localhost:54852
accept: */*

Response DefaultHttpResponse(decodeResult: success, version: HTTP/1.1)
HTTP/1.1 200 OK
Content-Type: application/json; charset=utf-8
cache-control: no-cache
content-length: 14

00:49:15.121 [AsyncHttpClient-1-20] DEBUG org.asynchttpclient.netty.channel.ChannelManager - Adding key: http://localhost:54852 for channel [id: 0xda42fa97, L:/127.0.0.1:50301 - R:localhost/127.0.0.1:54852]
00:49:15.122 [Forwarding isElementEnabled on session 8388a082955a45af0223204e390c0615 to remote] DEBUG org.asynchttpclient.netty.request.NettyRequestSender - Using pooled Channel '[id: 0xda42fa97, L:/127.0.0.1:50301 - R:localhost/127.0.0.1:54852]' for 'GET' to 'http://localhost:54852/session/8388a082955a45af0223204e390c0615/element/565d5bf8-418c-4dba-af11-5a84b18f91d8/enabled'
00:49:15.122 [Forwarding isElementEnabled on session 8388a082955a45af0223204e390c0615 to remote] DEBUG org.asynchttpclient.netty.request.NettyRequestSender - Using open Channel [id: 0xda42fa97, L:/127.0.0.1:50301 - R:localhost/127.0.0.1:54852] for GET '/session/8388a082955a45af0223204e390c0615/element/565d5bf8-418c-4dba-af11-5a84b18f91d8/enabled'
00:49:15.139 [AsyncHttpClient-1-20] DEBUG org.asynchttpclient.netty.handler.HttpHandler - 

Request DefaultFullHttpRequest(decodeResult: success, version: HTTP/1.1, content: EmptyByteBufBE)
GET /session/8388a082955a45af0223204e390c0615/element/565d5bf8-418c-4dba-af11-5a84b18f91d8/enabled HTTP/1.1
User-Agent: selenium/4.1.2 (java windows)
Cache-Control: no-cache
Content-Type: application/json; charset=utf-8
host: localhost:54852
accept: */*

Response DefaultHttpResponse(decodeResult: success, version: HTTP/1.1)
HTTP/1.1 200 OK
Content-Type: application/json; charset=utf-8
cache-control: no-cache
content-length: 14

00:49:15.140 [AsyncHttpClient-1-20] DEBUG org.asynchttpclient.netty.channel.ChannelManager - Adding key: http://localhost:54852 for channel [id: 0xda42fa97, L:/127.0.0.1:50301 - R:localhost/127.0.0.1:54852]
00:49:15.142 [Forwarding findElement on session 8388a082955a45af0223204e390c0615 to remote] DEBUG org.asynchttpclient.netty.request.NettyRequestSender - Using pooled Channel '[id: 0xda42fa97, L:/127.0.0.1:50301 - R:localhost/127.0.0.1:54852]' for 'POST' to 'http://localhost:54852/session/8388a082955a45af0223204e390c0615/element'
00:49:15.142 [Forwarding findElement on session 8388a082955a45af0223204e390c0615 to remote] DEBUG org.asynchttpclient.netty.request.NettyRequestSender - Using open Channel [id: 0xda42fa97, L:/127.0.0.1:50301 - R:localhost/127.0.0.1:54852] for POST '/session/8388a082955a45af0223204e390c0615/element'
00:49:15.156 [AsyncHttpClient-1-20] DEBUG org.asynchttpclient.netty.handler.HttpHandler - 

Request DefaultHttpRequest(decodeResult: success, version: HTTP/1.1)
POST /session/8388a082955a45af0223204e390c0615/element HTTP/1.1
User-Agent: selenium/4.1.2 (java windows)
Content-Length: 79
Content-Type: application/json; charset=utf-8
host: localhost:54852
accept: */*

Response DefaultHttpResponse(decodeResult: success, version: HTTP/1.1)
HTTP/1.1 200 OK
Content-Type: application/json; charset=utf-8
cache-control: no-cache
content-length: 88

00:49:15.156 [AsyncHttpClient-1-20] DEBUG org.asynchttpclient.netty.channel.ChannelManager - Adding key: http://localhost:54852 for channel [id: 0xda42fa97, L:/127.0.0.1:50301 - R:localhost/127.0.0.1:54852]
00:49:15.158 [Forwarding clickElement on session 8388a082955a45af0223204e390c0615 to remote] DEBUG org.asynchttpclient.netty.request.NettyRequestSender - Using pooled Channel '[id: 0xda42fa97, L:/127.0.0.1:50301 - R:localhost/127.0.0.1:54852]' for 'POST' to 'http://localhost:54852/session/8388a082955a45af0223204e390c0615/element/565d5bf8-418c-4dba-af11-5a84b18f91d8/click'
00:49:15.158 [Forwarding clickElement on session 8388a082955a45af0223204e390c0615 to remote] DEBUG org.asynchttpclient.netty.request.NettyRequestSender - Using open Channel [id: 0xda42fa97, L:/127.0.0.1:50301 - R:localhost/127.0.0.1:54852] for POST '/session/8388a082955a45af0223204e390c0615/element/565d5bf8-418c-4dba-af11-5a84b18f91d8/click'
00:49:15.217 [AsyncHttpClient-1-20] DEBUG org.asynchttpclient.netty.handler.HttpHandler - 

Request DefaultHttpRequest(decodeResult: success, version: HTTP/1.1)
POST /session/8388a082955a45af0223204e390c0615/element/565d5bf8-418c-4dba-af11-5a84b18f91d8/click HTTP/1.1
User-Agent: selenium/4.1.2 (java windows)
Content-Length: 50
Content-Type: application/json; charset=utf-8
host: localhost:54852
accept: */*

Response DefaultHttpResponse(decodeResult: success, version: HTTP/1.1)
HTTP/1.1 200 OK
Content-Type: application/json; charset=utf-8
cache-control: no-cache
content-length: 14

00:49:15.217 [AsyncHttpClient-1-20] DEBUG org.asynchttpclient.netty.channel.ChannelManager - Adding key: http://localhost:54852 for channel [id: 0xda42fa97, L:/127.0.0.1:50301 - R:localhost/127.0.0.1:54852]
00:49:15.222 [Forwarding screenshot on session 8388a082955a45af0223204e390c0615 to remote] DEBUG org.asynchttpclient.netty.request.NettyRequestSender - Using pooled Channel '[id: 0xda42fa97, L:/127.0.0.1:50301 - R:localhost/127.0.0.1:54852]' for 'GET' to 'http://localhost:54852/session/8388a082955a45af0223204e390c0615/screenshot'
00:49:15.222 [Forwarding screenshot on session 8388a082955a45af0223204e390c0615 to remote] DEBUG org.asynchttpclient.netty.request.NettyRequestSender - Using open Channel [id: 0xda42fa97, L:/127.0.0.1:50301 - R:localhost/127.0.0.1:54852] for GET '/session/8388a082955a45af0223204e390c0615/screenshot'
00:49:15.458 [AsyncHttpClient-1-20] DEBUG org.asynchttpclient.netty.handler.HttpHandler - 

Request DefaultFullHttpRequest(decodeResult: success, version: HTTP/1.1, content: EmptyByteBufBE)
GET /session/8388a082955a45af0223204e390c0615/screenshot HTTP/1.1
User-Agent: selenium/4.1.2 (java windows)
Cache-Control: no-cache
Content-Type: application/json; charset=utf-8
host: localhost:54852
accept: */*

Response DefaultHttpResponse(decodeResult: success, version: HTTP/1.1)
HTTP/1.1 200 OK
Content-Type: application/json; charset=utf-8
cache-control: no-cache
content-length: 109224

00:49:15.459 [AsyncHttpClient-1-20] DEBUG org.asynchttpclient.netty.channel.ChannelManager - Adding key: http://localhost:54852 for channel [id: 0xda42fa97, L:/127.0.0.1:50301 - R:localhost/127.0.0.1:54852]
00:49:15.461 [main] DEBUG net.serenitybdd.core.photography.Darkroom - Send negative for processing for target\site\serenity\7e9412cccf3f7603ca47b2beaee827104329033c23ff34da57a317e375a8542c.png
00:49:15.461 [main] DEBUG net.thucydides.core.steps.StepInterceptor - STEP DONE: sucseslogin
  &amp#27;[32mAnd &amp#27;[0m&amp#27;[32mclick sucsess login&amp#27;[0m                          &amp#27;[90m# starter.definitions.LoginSteps.clickSucsessLogin()&amp#27;[0m
00:49:15.462 [Darkroom Processing Line] DEBUG net.serenitybdd.core.photography.DarkroomProcessingLine - Processing screenshot image in /var/screenshots/screenshot-6707735231804217300
00:49:15.462 [Darkroom Processing Line] DEBUG net.serenitybdd.core.photography.DarkroomProcessingLine - Saving screenshot to target\site\serenity\7e9412cccf3f7603ca47b2beaee827104329033c23ff34da57a317e375a8542c.png
00:49:15.536 [Forwarding screenshot on session 8388a082955a45af0223204e390c0615 to remote] DEBUG org.asynchttpclient.netty.request.NettyRequestSender - Using pooled Channel '[id: 0xda42fa97, L:/127.0.0.1:50301 - R:localhost/127.0.0.1:54852]' for 'GET' to 'http://localhost:54852/session/8388a082955a45af0223204e390c0615/screenshot'
00:49:15.536 [Forwarding screenshot on session 8388a082955a45af0223204e390c0615 to remote] DEBUG org.asynchttpclient.netty.request.NettyRequestSender - Using open Channel [id: 0xda42fa97, L:/127.0.0.1:50301 - R:localhost/127.0.0.1:54852] for GET '/session/8388a082955a45af0223204e390c0615/screenshot'
00:49:15.766 [AsyncHttpClient-1-20] DEBUG org.asynchttpclient.netty.handler.HttpHandler - 

Request DefaultFullHttpRequest(decodeResult: success, version: HTTP/1.1, content: EmptyByteBufBE)
GET /session/8388a082955a45af0223204e390c0615/screenshot HTTP/1.1
User-Agent: selenium/4.1.2 (java windows)
Cache-Control: no-cache
Content-Type: application/json; charset=utf-8
host: localhost:54852
accept: */*

Response DefaultHttpResponse(decodeResult: success, version: HTTP/1.1)
HTTP/1.1 200 OK
Content-Type: application/json; charset=utf-8
cache-control: no-cache
content-length: 122628

00:49:15.766 [AsyncHttpClient-1-20] DEBUG org.asynchttpclient.netty.channel.ChannelManager - Adding key: http://localhost:54852 for channel [id: 0xda42fa97, L:/127.0.0.1:50301 - R:localhost/127.0.0.1:54852]
00:49:15.769 [main] DEBUG net.serenitybdd.core.photography.Darkroom - Send negative for processing for target\site\serenity\58e10d83e577f2cbac68b5ecd370427e9e29c782e1e6500728481b0dc2bb2017.png
00:49:15.769 [main] DEBUG net.thucydides.core.steps.StepInterceptor - STARTING STEP: UserSteps.Admindashboardpage - Dashboardpage
00:49:15.769 [Darkroom Processing Line] DEBUG net.serenitybdd.core.photography.DarkroomProcessingLine - Processing screenshot image in /var/screenshots/screenshot-3929466532604576194
00:49:15.769 [Darkroom Processing Line] DEBUG net.serenitybdd.core.photography.DarkroomProcessingLine - Saving screenshot to target\site\serenity\58e10d83e577f2cbac68b5ecd370427e9e29c782e1e6500728481b0dc2bb2017.png
00:49:15.771 [Forwarding findElement on session 8388a082955a45af0223204e390c0615 to remote] DEBUG org.asynchttpclient.netty.request.NettyRequestSender - Using pooled Channel '[id: 0xda42fa97, L:/127.0.0.1:50301 - R:localhost/127.0.0.1:54852]' for 'POST' to 'http://localhost:54852/session/8388a082955a45af0223204e390c0615/element'
00:49:15.771 [Forwarding findElement on session 8388a082955a45af0223204e390c0615 to remote] DEBUG org.asynchttpclient.netty.request.NettyRequestSender - Using open Channel [id: 0xda42fa97, L:/127.0.0.1:50301 - R:localhost/127.0.0.1:54852] for POST '/session/8388a082955a45af0223204e390c0615/element'
00:49:15.799 [AsyncHttpClient-1-20] DEBUG org.asynchttpclient.netty.handler.HttpHandler - 

Request DefaultHttpRequest(decodeResult: success, version: HTTP/1.1)
POST /session/8388a082955a45af0223204e390c0615/element HTTP/1.1
User-Agent: selenium/4.1.2 (java windows)
Content-Length: 82
Content-Type: application/json; charset=utf-8
host: localhost:54852
accept: */*

Response DefaultHttpResponse(decodeResult: success, version: HTTP/1.1)
HTTP/1.1 200 OK
Content-Type: application/json; charset=utf-8
cache-control: no-cache
content-length: 88

00:49:15.799 [AsyncHttpClient-1-20] DEBUG org.asynchttpclient.netty.channel.ChannelManager - Adding key: http://localhost:54852 for channel [id: 0xda42fa97, L:/127.0.0.1:50301 - R:localhost/127.0.0.1:54852]
00:49:15.802 [Forwarding isElementDisplayed on session 8388a082955a45af0223204e390c0615 to remote] DEBUG org.asynchttpclient.netty.request.NettyRequestSender - Using pooled Channel '[id: 0xda42fa97, L:/127.0.0.1:50301 - R:localhost/127.0.0.1:54852]' for 'POST' to 'http://localhost:54852/session/8388a082955a45af0223204e390c0615/execute/sync'
00:49:15.802 [Forwarding isElementDisplayed on session 8388a082955a45af0223204e390c0615 to remote] DEBUG org.asynchttpclient.netty.request.NettyRequestSender - Using open Channel [id: 0xda42fa97, L:/127.0.0.1:50301 - R:localhost/127.0.0.1:54852] for POST '/session/8388a082955a45af0223204e390c0615/execute/sync'
00:49:15.824 [AsyncHttpClient-1-20] DEBUG org.asynchttpclient.netty.handler.HttpHandler - 

Request DefaultHttpRequest(decodeResult: success, version: HTTP/1.1)
POST /session/8388a082955a45af0223204e390c0615/execute/sync HTTP/1.1
User-Agent: selenium/4.1.2 (java windows)
Content-Length: 48780
Content-Type: application/json; charset=utf-8
host: localhost:54852
accept: */*

Response DefaultHttpResponse(decodeResult: success, version: HTTP/1.1)
HTTP/1.1 200 OK
Content-Type: application/json; charset=utf-8
cache-control: no-cache
content-length: 14

00:49:15.824 [AsyncHttpClient-1-20] DEBUG org.asynchttpclient.netty.channel.ChannelManager - Adding key: http://localhost:54852 for channel [id: 0xda42fa97, L:/127.0.0.1:50301 - R:localhost/127.0.0.1:54852]
00:49:15.828 [Forwarding screenshot on session 8388a082955a45af0223204e390c0615 to remote] DEBUG org.asynchttpclient.netty.request.NettyRequestSender - Using pooled Channel '[id: 0xda42fa97, L:/127.0.0.1:50301 - R:localhost/127.0.0.1:54852]' for 'GET' to 'http://localhost:54852/session/8388a082955a45af0223204e390c0615/screenshot'
00:49:15.828 [Forwarding screenshot on session 8388a082955a45af0223204e390c0615 to remote] DEBUG org.asynchttpclient.netty.request.NettyRequestSender - Using open Channel [id: 0xda42fa97, L:/127.0.0.1:50301 - R:localhost/127.0.0.1:54852] for GET '/session/8388a082955a45af0223204e390c0615/screenshot'
00:49:16.062 [AsyncHttpClient-1-20] DEBUG org.asynchttpclient.netty.handler.HttpHandler - 

Request DefaultFullHttpRequest(decodeResult: success, version: HTTP/1.1, content: EmptyByteBufBE)
GET /session/8388a082955a45af0223204e390c0615/screenshot HTTP/1.1
User-Agent: selenium/4.1.2 (java windows)
Cache-Control: no-cache
Content-Type: application/json; charset=utf-8
host: localhost:54852
accept: */*

Response DefaultHttpResponse(decodeResult: success, version: HTTP/1.1)
HTTP/1.1 200 OK
Content-Type: application/json; charset=utf-8
cache-control: no-cache
content-length: 125440

00:49:16.062 [AsyncHttpClient-1-20] DEBUG org.asynchttpclient.netty.channel.ChannelManager - Adding key: http://localhost:54852 for channel [id: 0xda42fa97, L:/127.0.0.1:50301 - R:localhost/127.0.0.1:54852]
00:49:16.065 [main] DEBUG net.serenitybdd.core.photography.Darkroom - Send negative for processing for target\site\serenity\2a0bcf70ee650969b03103e73bdd2d574036e2dbbf07e01607aaf29d48d2aeb7.png
00:49:16.065 [main] DEBUG net.thucydides.core.steps.StepInterceptor - STEP DONE: Dashboardpage
  &amp#27;[32mGiven &amp#27;[0m&amp#27;[32mAdmin dashboard page&amp#27;[0m                       &amp#27;[90m# starter.definitions.UserSteps.Admindashboardpage()&amp#27;[0m
00:49:16.065 [Darkroom Processing Line] DEBUG net.serenitybdd.core.photography.DarkroomProcessingLine - Processing screenshot image in /var/screenshots/screenshot-6723955828977388136
00:49:16.065 [Darkroom Processing Line] DEBUG net.serenitybdd.core.photography.DarkroomProcessingLine - Saving screenshot to target\site\serenity\2a0bcf70ee650969b03103e73bdd2d574036e2dbbf07e01607aaf29d48d2aeb7.png
00:49:16.077 [main] DEBUG net.thucydides.core.steps.StepInterceptor - STARTING STEP: UserSteps.adminClickUserPage - userpage
00:49:16.079 [Forwarding findElement on session 8388a082955a45af0223204e390c0615 to remote] DEBUG org.asynchttpclient.netty.request.NettyRequestSender - Using pooled Channel '[id: 0xda42fa97, L:/127.0.0.1:50301 - R:localhost/127.0.0.1:54852]' for 'POST' to 'http://localhost:54852/session/8388a082955a45af0223204e390c0615/element'
00:49:16.079 [Forwarding findElement on session 8388a082955a45af0223204e390c0615 to remote] DEBUG org.asynchttpclient.netty.request.NettyRequestSender - Using open Channel [id: 0xda42fa97, L:/127.0.0.1:50301 - R:localhost/127.0.0.1:54852] for POST '/session/8388a082955a45af0223204e390c0615/element'
00:49:16.192 [AsyncHttpClient-1-1] DEBUG org.asynchttpclient.netty.channel.DefaultChannelPool - Entry count for : http://localhost:50302 : 1
00:49:16.687 [AsyncHttpClient-1-20] DEBUG org.asynchttpclient.netty.handler.HttpHandler - 

Request DefaultHttpRequest(decodeResult: success, version: HTTP/1.1)
POST /session/8388a082955a45af0223204e390c0615/element HTTP/1.1
User-Agent: selenium/4.1.2 (java windows)
Content-Length: 72
Content-Type: application/json; charset=utf-8
host: localhost:54852
accept: */*

Response DefaultHttpResponse(decodeResult: success, version: HTTP/1.1)
HTTP/1.1 200 OK
Content-Type: application/json; charset=utf-8
cache-control: no-cache
content-length: 88

00:49:16.687 [AsyncHttpClient-1-20] DEBUG org.asynchttpclient.netty.channel.ChannelManager - Adding key: http://localhost:54852 for channel [id: 0xda42fa97, L:/127.0.0.1:50301 - R:localhost/127.0.0.1:54852]
00:49:16.688 [Forwarding getElementTagName on session 8388a082955a45af0223204e390c0615 to remote] DEBUG org.asynchttpclient.netty.request.NettyRequestSender - Using pooled Channel '[id: 0xda42fa97, L:/127.0.0.1:50301 - R:localhost/127.0.0.1:54852]' for 'GET' to 'http://localhost:54852/session/8388a082955a45af0223204e390c0615/element/5b7e9cfb-0d51-418c-8179-595639d3cf20/name'
00:49:16.688 [Forwarding getElementTagName on session 8388a082955a45af0223204e390c0615 to remote] DEBUG org.asynchttpclient.netty.request.NettyRequestSender - Using open Channel [id: 0xda42fa97, L:/127.0.0.1:50301 - R:localhost/127.0.0.1:54852] for GET '/session/8388a082955a45af0223204e390c0615/element/5b7e9cfb-0d51-418c-8179-595639d3cf20/name'
00:49:16.703 [AsyncHttpClient-1-20] DEBUG org.asynchttpclient.netty.handler.HttpHandler - 

Request DefaultFullHttpRequest(decodeResult: success, version: HTTP/1.1, content: EmptyByteBufBE)
GET /session/8388a082955a45af0223204e390c0615/element/5b7e9cfb-0d51-418c-8179-595639d3cf20/name HTTP/1.1
User-Agent: selenium/4.1.2 (java windows)
Cache-Control: no-cache
Content-Type: application/json; charset=utf-8
host: localhost:54852
accept: */*

Response DefaultHttpResponse(decodeResult: success, version: HTTP/1.1)
HTTP/1.1 200 OK
Content-Type: application/json; charset=utf-8
cache-control: no-cache
content-length: 15

00:49:16.703 [AsyncHttpClient-1-20] DEBUG org.asynchttpclient.netty.channel.ChannelManager - Adding key: http://localhost:54852 for channel [id: 0xda42fa97, L:/127.0.0.1:50301 - R:localhost/127.0.0.1:54852]
00:49:16.704 [Forwarding getElementTagName on session 8388a082955a45af0223204e390c0615 to remote] DEBUG org.asynchttpclient.netty.request.NettyRequestSender - Using pooled Channel '[id: 0xda42fa97, L:/127.0.0.1:50301 - R:localhost/127.0.0.1:54852]' for 'GET' to 'http://localhost:54852/session/8388a082955a45af0223204e390c0615/element/5b7e9cfb-0d51-418c-8179-595639d3cf20/name'
00:49:16.704 [Forwarding getElementTagName on session 8388a082955a45af0223204e390c0615 to remote] DEBUG org.asynchttpclient.netty.request.NettyRequestSender - Using open Channel [id: 0xda42fa97, L:/127.0.0.1:50301 - R:localhost/127.0.0.1:54852] for GET '/session/8388a082955a45af0223204e390c0615/element/5b7e9cfb-0d51-418c-8179-595639d3cf20/name'
00:49:16.712 [AsyncHttpClient-1-20] DEBUG org.asynchttpclient.netty.handler.HttpHandler - 

Request DefaultFullHttpRequest(decodeResult: success, version: HTTP/1.1, content: EmptyByteBufBE)
GET /session/8388a082955a45af0223204e390c0615/element/5b7e9cfb-0d51-418c-8179-595639d3cf20/name HTTP/1.1
User-Agent: selenium/4.1.2 (java windows)
Cache-Control: no-cache
Content-Type: application/json; charset=utf-8
host: localhost:54852
accept: */*

Response DefaultHttpResponse(decodeResult: success, version: HTTP/1.1)
HTTP/1.1 200 OK
Content-Type: application/json; charset=utf-8
cache-control: no-cache
content-length: 15

00:49:16.712 [AsyncHttpClient-1-20] DEBUG org.asynchttpclient.netty.channel.ChannelManager - Adding key: http://localhost:54852 for channel [id: 0xda42fa97, L:/127.0.0.1:50301 - R:localhost/127.0.0.1:54852]
00:49:16.713 [Forwarding findElement on session 8388a082955a45af0223204e390c0615 to remote] DEBUG org.asynchttpclient.netty.request.NettyRequestSender - Using pooled Channel '[id: 0xda42fa97, L:/127.0.0.1:50301 - R:localhost/127.0.0.1:54852]' for 'POST' to 'http://localhost:54852/session/8388a082955a45af0223204e390c0615/element'
00:49:16.713 [Forwarding findElement on session 8388a082955a45af0223204e390c0615 to remote] DEBUG org.asynchttpclient.netty.request.NettyRequestSender - Using open Channel [id: 0xda42fa97, L:/127.0.0.1:50301 - R:localhost/127.0.0.1:54852] for POST '/session/8388a082955a45af0223204e390c0615/element'
00:49:16.727 [AsyncHttpClient-1-20] DEBUG org.asynchttpclient.netty.handler.HttpHandler - 

Request DefaultHttpRequest(decodeResult: success, version: HTTP/1.1)
POST /session/8388a082955a45af0223204e390c0615/element HTTP/1.1
User-Agent: selenium/4.1.2 (java windows)
Content-Length: 72
Content-Type: application/json; charset=utf-8
host: localhost:54852
accept: */*

Response DefaultHttpResponse(decodeResult: success, version: HTTP/1.1)
HTTP/1.1 200 OK
Content-Type: application/json; charset=utf-8
cache-control: no-cache
content-length: 88

00:49:16.727 [AsyncHttpClient-1-20] DEBUG org.asynchttpclient.netty.channel.ChannelManager - Adding key: http://localhost:54852 for channel [id: 0xda42fa97, L:/127.0.0.1:50301 - R:localhost/127.0.0.1:54852]
00:49:16.728 [Forwarding clickElement on session 8388a082955a45af0223204e390c0615 to remote] DEBUG org.asynchttpclient.netty.request.NettyRequestSender - Using pooled Channel '[id: 0xda42fa97, L:/127.0.0.1:50301 - R:localhost/127.0.0.1:54852]' for 'POST' to 'http://localhost:54852/session/8388a082955a45af0223204e390c0615/element/5b7e9cfb-0d51-418c-8179-595639d3cf20/click'
00:49:16.728 [Forwarding clickElement on session 8388a082955a45af0223204e390c0615 to remote] DEBUG org.asynchttpclient.netty.request.NettyRequestSender - Using open Channel [id: 0xda42fa97, L:/127.0.0.1:50301 - R:localhost/127.0.0.1:54852] for POST '/session/8388a082955a45af0223204e390c0615/element/5b7e9cfb-0d51-418c-8179-595639d3cf20/click'
00:49:16.849 [AsyncHttpClient-1-20] DEBUG org.asynchttpclient.netty.handler.HttpHandler - 

Request DefaultHttpRequest(decodeResult: success, version: HTTP/1.1)
POST /session/8388a082955a45af0223204e390c0615/element/5b7e9cfb-0d51-418c-8179-595639d3cf20/click HTTP/1.1
User-Agent: selenium/4.1.2 (java windows)
Content-Length: 50
Content-Type: application/json; charset=utf-8
host: localhost:54852
accept: */*

Response DefaultHttpResponse(decodeResult: success, version: HTTP/1.1)
HTTP/1.1 200 OK
Content-Type: application/json; charset=utf-8
cache-control: no-cache
content-length: 14

00:49:16.849 [AsyncHttpClient-1-20] DEBUG org.asynchttpclient.netty.channel.ChannelManager - Adding key: http://localhost:54852 for channel [id: 0xda42fa97, L:/127.0.0.1:50301 - R:localhost/127.0.0.1:54852]
00:49:16.854 [Forwarding screenshot on session 8388a082955a45af0223204e390c0615 to remote] DEBUG org.asynchttpclient.netty.request.NettyRequestSender - Using pooled Channel '[id: 0xda42fa97, L:/127.0.0.1:50301 - R:localhost/127.0.0.1:54852]' for 'GET' to 'http://localhost:54852/session/8388a082955a45af0223204e390c0615/screenshot'
00:49:16.854 [Forwarding screenshot on session 8388a082955a45af0223204e390c0615 to remote] DEBUG org.asynchttpclient.netty.request.NettyRequestSender - Using open Channel [id: 0xda42fa97, L:/127.0.0.1:50301 - R:localhost/127.0.0.1:54852] for GET '/session/8388a082955a45af0223204e390c0615/screenshot'
00:49:17.011 [AsyncHttpClient-1-20] DEBUG org.asynchttpclient.netty.handler.HttpHandler - 

Request DefaultFullHttpRequest(decodeResult: success, version: HTTP/1.1, content: EmptyByteBufBE)
GET /session/8388a082955a45af0223204e390c0615/screenshot HTTP/1.1
User-Agent: selenium/4.1.2 (java windows)
Cache-Control: no-cache
Content-Type: application/json; charset=utf-8
host: localhost:54852
accept: */*

Response DefaultHttpResponse(decodeResult: success, version: HTTP/1.1)
HTTP/1.1 200 OK
Content-Type: application/json; charset=utf-8
cache-control: no-cache
content-length: 73560

00:49:17.012 [AsyncHttpClient-1-20] DEBUG org.asynchttpclient.netty.channel.ChannelManager - Adding key: http://localhost:54852 for channel [id: 0xda42fa97, L:/127.0.0.1:50301 - R:localhost/127.0.0.1:54852]
00:49:17.014 [main] DEBUG net.serenitybdd.core.photography.Darkroom - Send negative for processing for target\site\serenity\0c166d7a3bf0f23b5cc1ec6d3b664138375e4d71976003edafc57d29669cfa31.png
00:49:17.014 [main] DEBUG net.thucydides.core.steps.StepInterceptor - STEP DONE: userpage
  &amp#27;[32mWhen &amp#27;[0m&amp#27;[32madmin click user page&amp#27;[0m                       &amp#27;[90m# starter.definitions.UserSteps.adminClickUserPage()&amp#27;[0m
00:49:17.014 [Darkroom Processing Line] DEBUG net.serenitybdd.core.photography.DarkroomProcessingLine - Processing screenshot image in /var/screenshots/screenshot-17983315009412279204
00:49:17.014 [Darkroom Processing Line] DEBUG net.serenitybdd.core.photography.DarkroomProcessingLine - Saving screenshot to target\site\serenity\0c166d7a3bf0f23b5cc1ec6d3b664138375e4d71976003edafc57d29669cfa31.png
00:49:17.031 [main] DEBUG net.thucydides.core.steps.StepInterceptor - STARTING STEP: UserSteps.adminClickSelectUserAndBehindUserPost - selectuser
00:49:17.033 [Forwarding findElement on session 8388a082955a45af0223204e390c0615 to remote] DEBUG org.asynchttpclient.netty.request.NettyRequestSender - Using pooled Channel '[id: 0xda42fa97, L:/127.0.0.1:50301 - R:localhost/127.0.0.1:54852]' for 'POST' to 'http://localhost:54852/session/8388a082955a45af0223204e390c0615/element'
00:49:17.033 [Forwarding findElement on session 8388a082955a45af0223204e390c0615 to remote] DEBUG org.asynchttpclient.netty.request.NettyRequestSender - Using open Channel [id: 0xda42fa97, L:/127.0.0.1:50301 - R:localhost/127.0.0.1:54852] for POST '/session/8388a082955a45af0223204e390c0615/element'
00:49:17.050 [AsyncHttpClient-1-20] DEBUG org.asynchttpclient.netty.handler.HttpHandler - 

Request DefaultHttpRequest(decodeResult: success, version: HTTP/1.1)
POST /session/8388a082955a45af0223204e390c0615/element HTTP/1.1
User-Agent: selenium/4.1.2 (java windows)
Content-Length: 91
Content-Type: application/json; charset=utf-8
host: localhost:54852
accept: */*

Response DefaultHttpResponse(decodeResult: success, version: HTTP/1.1)
HTTP/1.1 200 OK
Content-Type: application/json; charset=utf-8
cache-control: no-cache
content-length: 88

00:49:17.050 [AsyncHttpClient-1-20] DEBUG org.asynchttpclient.netty.channel.ChannelManager - Adding key: http://localhost:54852 for channel [id: 0xda42fa97, L:/127.0.0.1:50301 - R:localhost/127.0.0.1:54852]
00:49:17.051 [Forwarding getElementTagName on session 8388a082955a45af0223204e390c0615 to remote] DEBUG org.asynchttpclient.netty.request.NettyRequestSender - Using pooled Channel '[id: 0xda42fa97, L:/127.0.0.1:50301 - R:localhost/127.0.0.1:54852]' for 'GET' to 'http://localhost:54852/session/8388a082955a45af0223204e390c0615/element/041a6290-dbeb-4dfe-b1e3-9c931cfed36a/name'
00:49:17.051 [Forwarding getElementTagName on session 8388a082955a45af0223204e390c0615 to remote] DEBUG org.asynchttpclient.netty.request.NettyRequestSender - Using open Channel [id: 0xda42fa97, L:/127.0.0.1:50301 - R:localhost/127.0.0.1:54852] for GET '/session/8388a082955a45af0223204e390c0615/element/041a6290-dbeb-4dfe-b1e3-9c931cfed36a/name'
00:49:17.062 [AsyncHttpClient-1-20] DEBUG org.asynchttpclient.netty.handler.HttpHandler - 

Request DefaultFullHttpRequest(decodeResult: success, version: HTTP/1.1, content: EmptyByteBufBE)
GET /session/8388a082955a45af0223204e390c0615/element/041a6290-dbeb-4dfe-b1e3-9c931cfed36a/name HTTP/1.1
User-Agent: selenium/4.1.2 (java windows)
Cache-Control: no-cache
Content-Type: application/json; charset=utf-8
host: localhost:54852
accept: */*

Response DefaultHttpResponse(decodeResult: success, version: HTTP/1.1)
HTTP/1.1 200 OK
Content-Type: application/json; charset=utf-8
cache-control: no-cache
content-length: 15

00:49:17.062 [AsyncHttpClient-1-20] DEBUG org.asynchttpclient.netty.channel.ChannelManager - Adding key: http://localhost:54852 for channel [id: 0xda42fa97, L:/127.0.0.1:50301 - R:localhost/127.0.0.1:54852]
00:49:17.063 [Forwarding getElementTagName on session 8388a082955a45af0223204e390c0615 to remote] DEBUG org.asynchttpclient.netty.request.NettyRequestSender - Using pooled Channel '[id: 0xda42fa97, L:/127.0.0.1:50301 - R:localhost/127.0.0.1:54852]' for 'GET' to 'http://localhost:54852/session/8388a082955a45af0223204e390c0615/element/041a6290-dbeb-4dfe-b1e3-9c931cfed36a/name'
00:49:17.063 [Forwarding getElementTagName on session 8388a082955a45af0223204e390c0615 to remote] DEBUG org.asynchttpclient.netty.request.NettyRequestSender - Using open Channel [id: 0xda42fa97, L:/127.0.0.1:50301 - R:localhost/127.0.0.1:54852] for GET '/session/8388a082955a45af0223204e390c0615/element/041a6290-dbeb-4dfe-b1e3-9c931cfed36a/name'
00:49:17.075 [AsyncHttpClient-1-20] DEBUG org.asynchttpclient.netty.handler.HttpHandler - 

Request DefaultFullHttpRequest(decodeResult: success, version: HTTP/1.1, content: EmptyByteBufBE)
GET /session/8388a082955a45af0223204e390c0615/element/041a6290-dbeb-4dfe-b1e3-9c931cfed36a/name HTTP/1.1
User-Agent: selenium/4.1.2 (java windows)
Cache-Control: no-cache
Content-Type: application/json; charset=utf-8
host: localhost:54852
accept: */*

Response DefaultHttpResponse(decodeResult: success, version: HTTP/1.1)
HTTP/1.1 200 OK
Content-Type: application/json; charset=utf-8
cache-control: no-cache
content-length: 15

00:49:17.075 [AsyncHttpClient-1-20] DEBUG org.asynchttpclient.netty.channel.ChannelManager - Adding key: http://localhost:54852 for channel [id: 0xda42fa97, L:/127.0.0.1:50301 - R:localhost/127.0.0.1:54852]
00:49:17.077 [Forwarding findElement on session 8388a082955a45af0223204e390c0615 to remote] DEBUG org.asynchttpclient.netty.request.NettyRequestSender - Using pooled Channel '[id: 0xda42fa97, L:/127.0.0.1:50301 - R:localhost/127.0.0.1:54852]' for 'POST' to 'http://localhost:54852/session/8388a082955a45af0223204e390c0615/element'
00:49:17.077 [Forwarding findElement on session 8388a082955a45af0223204e390c0615 to remote] DEBUG org.asynchttpclient.netty.request.NettyRequestSender - Using open Channel [id: 0xda42fa97, L:/127.0.0.1:50301 - R:localhost/127.0.0.1:54852] for POST '/session/8388a082955a45af0223204e390c0615/element'
00:49:17.090 [AsyncHttpClient-1-20] DEBUG org.asynchttpclient.netty.handler.HttpHandler - 

Request DefaultHttpRequest(decodeResult: success, version: HTTP/1.1)
POST /session/8388a082955a45af0223204e390c0615/element HTTP/1.1
User-Agent: selenium/4.1.2 (java windows)
Content-Length: 91
Content-Type: application/json; charset=utf-8
host: localhost:54852
accept: */*

Response DefaultHttpResponse(decodeResult: success, version: HTTP/1.1)
HTTP/1.1 200 OK
Content-Type: application/json; charset=utf-8
cache-control: no-cache
content-length: 88

00:49:17.090 [AsyncHttpClient-1-20] DEBUG org.asynchttpclient.netty.channel.ChannelManager - Adding key: http://localhost:54852 for channel [id: 0xda42fa97, L:/127.0.0.1:50301 - R:localhost/127.0.0.1:54852]
00:49:17.091 [Forwarding clickElement on session 8388a082955a45af0223204e390c0615 to remote] DEBUG org.asynchttpclient.netty.request.NettyRequestSender - Using pooled Channel '[id: 0xda42fa97, L:/127.0.0.1:50301 - R:localhost/127.0.0.1:54852]' for 'POST' to 'http://localhost:54852/session/8388a082955a45af0223204e390c0615/element/041a6290-dbeb-4dfe-b1e3-9c931cfed36a/click'
00:49:17.091 [Forwarding clickElement on session 8388a082955a45af0223204e390c0615 to remote] DEBUG org.asynchttpclient.netty.request.NettyRequestSender - Using open Channel [id: 0xda42fa97, L:/127.0.0.1:50301 - R:localhost/127.0.0.1:54852] for POST '/session/8388a082955a45af0223204e390c0615/element/041a6290-dbeb-4dfe-b1e3-9c931cfed36a/click'
00:49:17.182 [AsyncHttpClient-1-20] DEBUG org.asynchttpclient.netty.handler.HttpHandler - 

Request DefaultHttpRequest(decodeResult: success, version: HTTP/1.1)
POST /session/8388a082955a45af0223204e390c0615/element/041a6290-dbeb-4dfe-b1e3-9c931cfed36a/click HTTP/1.1
User-Agent: selenium/4.1.2 (java windows)
Content-Length: 50
Content-Type: application/json; charset=utf-8
host: localhost:54852
accept: */*

Response DefaultHttpResponse(decodeResult: success, version: HTTP/1.1)
HTTP/1.1 200 OK
Content-Type: application/json; charset=utf-8
cache-control: no-cache
content-length: 14

00:49:17.182 [AsyncHttpClient-1-20] DEBUG org.asynchttpclient.netty.channel.ChannelManager - Adding key: http://localhost:54852 for channel [id: 0xda42fa97, L:/127.0.0.1:50301 - R:localhost/127.0.0.1:54852]
00:49:17.186 [Forwarding screenshot on session 8388a082955a45af0223204e390c0615 to remote] DEBUG org.asynchttpclient.netty.request.NettyRequestSender - Using pooled Channel '[id: 0xda42fa97, L:/127.0.0.1:50301 - R:localhost/127.0.0.1:54852]' for 'GET' to 'http://localhost:54852/session/8388a082955a45af0223204e390c0615/screenshot'
00:49:17.187 [Forwarding screenshot on session 8388a082955a45af0223204e390c0615 to remote] DEBUG org.asynchttpclient.netty.request.NettyRequestSender - Using open Channel [id: 0xda42fa97, L:/127.0.0.1:50301 - R:localhost/127.0.0.1:54852] for GET '/session/8388a082955a45af0223204e390c0615/screenshot'
00:49:17.284 [AsyncHttpClient-1-1] DEBUG org.asynchttpclient.netty.channel.DefaultChannelPool - Entry count for : http://localhost:50302 : 1
00:49:17.577 [AsyncHttpClient-1-20] DEBUG org.asynchttpclient.netty.handler.HttpHandler - 

Request DefaultFullHttpRequest(decodeResult: success, version: HTTP/1.1, content: EmptyByteBufBE)
GET /session/8388a082955a45af0223204e390c0615/screenshot HTTP/1.1
User-Agent: selenium/4.1.2 (java windows)
Cache-Control: no-cache
Content-Type: application/json; charset=utf-8
host: localhost:54852
accept: */*

Response DefaultHttpResponse(decodeResult: success, version: HTTP/1.1)
HTTP/1.1 200 OK
Content-Type: application/json; charset=utf-8
cache-control: no-cache
content-length: 178504

00:49:17.577 [AsyncHttpClient-1-20] DEBUG org.asynchttpclient.netty.channel.ChannelManager - Adding key: http://localhost:54852 for channel [id: 0xda42fa97, L:/127.0.0.1:50301 - R:localhost/127.0.0.1:54852]
00:49:17.581 [main] DEBUG net.serenitybdd.core.photography.Darkroom - Send negative for processing for target\site\serenity\1463c70b13fa8f906d706d56d2f1b0935221d39ebe9702788cfac4f11537aaf5.png
00:49:17.581 [main] DEBUG net.thucydides.core.steps.StepInterceptor - STEP DONE: selectuser
00:49:17.581 [Darkroom Processing Line] DEBUG net.serenitybdd.core.photography.DarkroomProcessingLine - Processing screenshot image in /var/screenshots/screenshot-9369144214351442700
00:49:17.581 [Darkroom Processing Line] DEBUG net.serenitybdd.core.photography.DarkroomProcessingLine - Saving screenshot to target\site\serenity\1463c70b13fa8f906d706d56d2f1b0935221d39ebe9702788cfac4f11537aaf5.png
00:49:17.585 [main] DEBUG net.thucydides.core.steps.StepInterceptor - STARTING STEP: UserSteps.adminClickSelectUserAndBehindUserPost - userchooser
00:49:17.587 [Forwarding findElement on session 8388a082955a45af0223204e390c0615 to remote] DEBUG org.asynchttpclient.netty.request.NettyRequestSender - Using pooled Channel '[id: 0xda42fa97, L:/127.0.0.1:50301 - R:localhost/127.0.0.1:54852]' for 'POST' to 'http://localhost:54852/session/8388a082955a45af0223204e390c0615/element'
00:49:17.587 [Forwarding findElement on session 8388a082955a45af0223204e390c0615 to remote] DEBUG org.asynchttpclient.netty.request.NettyRequestSender - Using open Channel [id: 0xda42fa97, L:/127.0.0.1:50301 - R:localhost/127.0.0.1:54852] for POST '/session/8388a082955a45af0223204e390c0615/element'
00:49:17.598 [AsyncHttpClient-1-20] DEBUG org.asynchttpclient.netty.handler.HttpHandler - 

Request DefaultHttpRequest(decodeResult: success, version: HTTP/1.1)
POST /session/8388a082955a45af0223204e390c0615/element HTTP/1.1
User-Agent: selenium/4.1.2 (java windows)
Content-Length: 74
Content-Type: application/json; charset=utf-8
host: localhost:54852
accept: */*

Response DefaultHttpResponse(decodeResult: success, version: HTTP/1.1)
HTTP/1.1 200 OK
Content-Type: application/json; charset=utf-8
cache-control: no-cache
content-length: 88

00:49:17.598 [AsyncHttpClient-1-20] DEBUG org.asynchttpclient.netty.channel.ChannelManager - Adding key: http://localhost:54852 for channel [id: 0xda42fa97, L:/127.0.0.1:50301 - R:localhost/127.0.0.1:54852]
00:49:17.599 [Forwarding getElementTagName on session 8388a082955a45af0223204e390c0615 to remote] DEBUG org.asynchttpclient.netty.request.NettyRequestSender - Using pooled Channel '[id: 0xda42fa97, L:/127.0.0.1:50301 - R:localhost/127.0.0.1:54852]' for 'GET' to 'http://localhost:54852/session/8388a082955a45af0223204e390c0615/element/9beadda8-f78e-4348-9e79-1305cbb71977/name'
00:49:17.599 [Forwarding getElementTagName on session 8388a082955a45af0223204e390c0615 to remote] DEBUG org.asynchttpclient.netty.request.NettyRequestSender - Using open Channel [id: 0xda42fa97, L:/127.0.0.1:50301 - R:localhost/127.0.0.1:54852] for GET '/session/8388a082955a45af0223204e390c0615/element/9beadda8-f78e-4348-9e79-1305cbb71977/name'
00:49:17.602 [AsyncHttpClient-1-20] DEBUG org.asynchttpclient.netty.handler.HttpHandler - 

Request DefaultFullHttpRequest(decodeResult: success, version: HTTP/1.1, content: EmptyByteBufBE)
GET /session/8388a082955a45af0223204e390c0615/element/9beadda8-f78e-4348-9e79-1305cbb71977/name HTTP/1.1
User-Agent: selenium/4.1.2 (java windows)
Cache-Control: no-cache
Content-Type: application/json; charset=utf-8
host: localhost:54852
accept: */*

Response DefaultHttpResponse(decodeResult: success, version: HTTP/1.1)
HTTP/1.1 200 OK
Content-Type: application/json; charset=utf-8
cache-control: no-cache
content-length: 15

00:49:17.603 [AsyncHttpClient-1-20] DEBUG org.asynchttpclient.netty.channel.ChannelManager - Adding key: http://localhost:54852 for channel [id: 0xda42fa97, L:/127.0.0.1:50301 - R:localhost/127.0.0.1:54852]
00:49:17.604 [Forwarding getElementTagName on session 8388a082955a45af0223204e390c0615 to remote] DEBUG org.asynchttpclient.netty.request.NettyRequestSender - Using pooled Channel '[id: 0xda42fa97, L:/127.0.0.1:50301 - R:localhost/127.0.0.1:54852]' for 'GET' to 'http://localhost:54852/session/8388a082955a45af0223204e390c0615/element/9beadda8-f78e-4348-9e79-1305cbb71977/name'
00:49:17.604 [Forwarding getElementTagName on session 8388a082955a45af0223204e390c0615 to remote] DEBUG org.asynchttpclient.netty.request.NettyRequestSender - Using open Channel [id: 0xda42fa97, L:/127.0.0.1:50301 - R:localhost/127.0.0.1:54852] for GET '/session/8388a082955a45af0223204e390c0615/element/9beadda8-f78e-4348-9e79-1305cbb71977/name'
00:49:17.607 [AsyncHttpClient-1-20] DEBUG org.asynchttpclient.netty.handler.HttpHandler - 

Request DefaultFullHttpRequest(decodeResult: success, version: HTTP/1.1, content: EmptyByteBufBE)
GET /session/8388a082955a45af0223204e390c0615/element/9beadda8-f78e-4348-9e79-1305cbb71977/name HTTP/1.1
User-Agent: selenium/4.1.2 (java windows)
Cache-Control: no-cache
Content-Type: application/json; charset=utf-8
host: localhost:54852
accept: */*

Response DefaultHttpResponse(decodeResult: success, version: HTTP/1.1)
HTTP/1.1 200 OK
Content-Type: application/json; charset=utf-8
cache-control: no-cache
content-length: 15

00:49:17.607 [AsyncHttpClient-1-20] DEBUG org.asynchttpclient.netty.channel.ChannelManager - Adding key: http://localhost:54852 for channel [id: 0xda42fa97, L:/127.0.0.1:50301 - R:localhost/127.0.0.1:54852]
00:49:17.609 [Forwarding findElement on session 8388a082955a45af0223204e390c0615 to remote] DEBUG org.asynchttpclient.netty.request.NettyRequestSender - Using pooled Channel '[id: 0xda42fa97, L:/127.0.0.1:50301 - R:localhost/127.0.0.1:54852]' for 'POST' to 'http://localhost:54852/session/8388a082955a45af0223204e390c0615/element'
00:49:17.609 [Forwarding findElement on session 8388a082955a45af0223204e390c0615 to remote] DEBUG org.asynchttpclient.netty.request.NettyRequestSender - Using open Channel [id: 0xda42fa97, L:/127.0.0.1:50301 - R:localhost/127.0.0.1:54852] for POST '/session/8388a082955a45af0223204e390c0615/element'
00:49:17.615 [AsyncHttpClient-1-20] DEBUG org.asynchttpclient.netty.handler.HttpHandler - 

Request DefaultHttpRequest(decodeResult: success, version: HTTP/1.1)
POST /session/8388a082955a45af0223204e390c0615/element HTTP/1.1
User-Agent: selenium/4.1.2 (java windows)
Content-Length: 74
Content-Type: application/json; charset=utf-8
host: localhost:54852
accept: */*

Response DefaultHttpResponse(decodeResult: success, version: HTTP/1.1)
HTTP/1.1 200 OK
Content-Type: application/json; charset=utf-8
cache-control: no-cache
content-length: 88

00:49:17.615 [AsyncHttpClient-1-20] DEBUG org.asynchttpclient.netty.channel.ChannelManager - Adding key: http://localhost:54852 for channel [id: 0xda42fa97, L:/127.0.0.1:50301 - R:localhost/127.0.0.1:54852]
00:49:17.616 [Forwarding clickElement on session 8388a082955a45af0223204e390c0615 to remote] DEBUG org.asynchttpclient.netty.request.NettyRequestSender - Using pooled Channel '[id: 0xda42fa97, L:/127.0.0.1:50301 - R:localhost/127.0.0.1:54852]' for 'POST' to 'http://localhost:54852/session/8388a082955a45af0223204e390c0615/element/9beadda8-f78e-4348-9e79-1305cbb71977/click'
00:49:17.616 [Forwarding clickElement on session 8388a082955a45af0223204e390c0615 to remote] DEBUG org.asynchttpclient.netty.request.NettyRequestSender - Using open Channel [id: 0xda42fa97, L:/127.0.0.1:50301 - R:localhost/127.0.0.1:54852] for POST '/session/8388a082955a45af0223204e390c0615/element/9beadda8-f78e-4348-9e79-1305cbb71977/click'
00:49:17.666 [AsyncHttpClient-1-20] DEBUG org.asynchttpclient.netty.handler.HttpHandler - 

Request DefaultHttpRequest(decodeResult: success, version: HTTP/1.1)
POST /session/8388a082955a45af0223204e390c0615/element/9beadda8-f78e-4348-9e79-1305cbb71977/click HTTP/1.1
User-Agent: selenium/4.1.2 (java windows)
Content-Length: 50
Content-Type: application/json; charset=utf-8
host: localhost:54852
accept: */*

Response DefaultHttpResponse(decodeResult: success, version: HTTP/1.1)
HTTP/1.1 200 OK
Content-Type: application/json; charset=utf-8
cache-control: no-cache
content-length: 14

00:49:17.666 [AsyncHttpClient-1-20] DEBUG org.asynchttpclient.netty.channel.ChannelManager - Adding key: http://localhost:54852 for channel [id: 0xda42fa97, L:/127.0.0.1:50301 - R:localhost/127.0.0.1:54852]
00:49:17.670 [Forwarding screenshot on session 8388a082955a45af0223204e390c0615 to remote] DEBUG org.asynchttpclient.netty.request.NettyRequestSender - Using pooled Channel '[id: 0xda42fa97, L:/127.0.0.1:50301 - R:localhost/127.0.0.1:54852]' for 'GET' to 'http://localhost:54852/session/8388a082955a45af0223204e390c0615/screenshot'
00:49:17.671 [Forwarding screenshot on session 8388a082955a45af0223204e390c0615 to remote] DEBUG org.asynchttpclient.netty.request.NettyRequestSender - Using open Channel [id: 0xda42fa97, L:/127.0.0.1:50301 - R:localhost/127.0.0.1:54852] for GET '/session/8388a082955a45af0223204e390c0615/screenshot'
00:49:17.835 [AsyncHttpClient-1-20] DEBUG org.asynchttpclient.netty.handler.HttpHandler - 

Request DefaultFullHttpRequest(decodeResult: success, version: HTTP/1.1, content: EmptyByteBufBE)
GET /session/8388a082955a45af0223204e390c0615/screenshot HTTP/1.1
User-Agent: selenium/4.1.2 (java windows)
Cache-Control: no-cache
Content-Type: application/json; charset=utf-8
host: localhost:54852
accept: */*

Response DefaultHttpResponse(decodeResult: success, version: HTTP/1.1)
HTTP/1.1 200 OK
Content-Type: application/json; charset=utf-8
cache-control: no-cache
content-length: 165596

00:49:17.835 [AsyncHttpClient-1-20] DEBUG org.asynchttpclient.netty.channel.ChannelManager - Adding key: http://localhost:54852 for channel [id: 0xda42fa97, L:/127.0.0.1:50301 - R:localhost/127.0.0.1:54852]
00:49:17.839 [main] DEBUG net.serenitybdd.core.photography.Darkroom - Send negative for processing for target\site\serenity\2891b00450dccb1a938e397d2b9cea11a3b5268e52fbde66da8e8054849f6728.png
00:49:17.839 [main] DEBUG net.thucydides.core.steps.StepInterceptor - STEP DONE: userchooser
  &amp#27;[32mAnd &amp#27;[0m&amp#27;[32madmin click select user and behind user post&amp#27;[0m &amp#27;[90m# starter.definitions.UserSteps.adminClickSelectUserAndBehindUserPost()&amp#27;[0m
00:49:17.839 [Darkroom Processing Line] DEBUG net.serenitybdd.core.photography.DarkroomProcessingLine - Processing screenshot image in /var/screenshots/screenshot-9254188478612684321
00:49:17.839 [Darkroom Processing Line] DEBUG net.serenitybdd.core.photography.DarkroomProcessingLine - Saving screenshot to target\site\serenity\2891b00450dccb1a938e397d2b9cea11a3b5268e52fbde66da8e8054849f6728.png
00:49:17.851 [main] DEBUG net.thucydides.core.steps.StepInterceptor - STARTING STEP: UserSteps.adminSucseesChooseUserSelect - userdetaul
00:49:17.852 [Forwarding findElement on session 8388a082955a45af0223204e390c0615 to remote] DEBUG org.asynchttpclient.netty.request.NettyRequestSender - Using pooled Channel '[id: 0xda42fa97, L:/127.0.0.1:50301 - R:localhost/127.0.0.1:54852]' for 'POST' to 'http://localhost:54852/session/8388a082955a45af0223204e390c0615/element'
00:49:17.852 [Forwarding findElement on session 8388a082955a45af0223204e390c0615 to remote] DEBUG org.asynchttpclient.netty.request.NettyRequestSender - Using open Channel [id: 0xda42fa97, L:/127.0.0.1:50301 - R:localhost/127.0.0.1:54852] for POST '/session/8388a082955a45af0223204e390c0615/element'
00:49:17.870 [AsyncHttpClient-1-20] DEBUG org.asynchttpclient.netty.handler.HttpHandler - 

Request DefaultHttpRequest(decodeResult: success, version: HTTP/1.1)
POST /session/8388a082955a45af0223204e390c0615/element HTTP/1.1
User-Agent: selenium/4.1.2 (java windows)
Content-Length: 75
Content-Type: application/json; charset=utf-8
host: localhost:54852
accept: */*

Response DefaultHttpResponse(decodeResult: success, version: HTTP/1.1)
HTTP/1.1 200 OK
Content-Type: application/json; charset=utf-8
cache-control: no-cache
content-length: 88

00:49:17.870 [AsyncHttpClient-1-20] DEBUG org.asynchttpclient.netty.channel.ChannelManager - Adding key: http://localhost:54852 for channel [id: 0xda42fa97, L:/127.0.0.1:50301 - R:localhost/127.0.0.1:54852]
00:49:17.874 [Forwarding isElementDisplayed on session 8388a082955a45af0223204e390c0615 to remote] DEBUG org.asynchttpclient.netty.request.NettyRequestSender - Using pooled Channel '[id: 0xda42fa97, L:/127.0.0.1:50301 - R:localhost/127.0.0.1:54852]' for 'POST' to 'http://localhost:54852/session/8388a082955a45af0223204e390c0615/execute/sync'
00:49:17.874 [Forwarding isElementDisplayed on session 8388a082955a45af0223204e390c0615 to remote] DEBUG org.asynchttpclient.netty.request.NettyRequestSender - Using open Channel [id: 0xda42fa97, L:/127.0.0.1:50301 - R:localhost/127.0.0.1:54852] for POST '/session/8388a082955a45af0223204e390c0615/execute/sync'
00:49:17.889 [AsyncHttpClient-1-20] DEBUG org.asynchttpclient.netty.handler.HttpHandler - 

Request DefaultHttpRequest(decodeResult: success, version: HTTP/1.1)
POST /session/8388a082955a45af0223204e390c0615/execute/sync HTTP/1.1
User-Agent: selenium/4.1.2 (java windows)
Content-Length: 48780
Content-Type: application/json; charset=utf-8
host: localhost:54852
accept: */*

Response DefaultHttpResponse(decodeResult: success, version: HTTP/1.1)
HTTP/1.1 200 OK
Content-Type: application/json; charset=utf-8
cache-control: no-cache
content-length: 14

00:49:17.889 [AsyncHttpClient-1-20] DEBUG org.asynchttpclient.netty.channel.ChannelManager - Adding key: http://localhost:54852 for channel [id: 0xda42fa97, L:/127.0.0.1:50301 - R:localhost/127.0.0.1:54852]
00:49:17.893 [Forwarding screenshot on session 8388a082955a45af0223204e390c0615 to remote] DEBUG org.asynchttpclient.netty.request.NettyRequestSender - Using pooled Channel '[id: 0xda42fa97, L:/127.0.0.1:50301 - R:localhost/127.0.0.1:54852]' for 'GET' to 'http://localhost:54852/session/8388a082955a45af0223204e390c0615/screenshot'
00:49:17.893 [Forwarding screenshot on session 8388a082955a45af0223204e390c0615 to remote] DEBUG org.asynchttpclient.netty.request.NettyRequestSender - Using open Channel [id: 0xda42fa97, L:/127.0.0.1:50301 - R:localhost/127.0.0.1:54852] for GET '/session/8388a082955a45af0223204e390c0615/screenshot'
00:49:18.044 [AsyncHttpClient-1-20] DEBUG org.asynchttpclient.netty.handler.HttpHandler - 

Request DefaultFullHttpRequest(decodeResult: success, version: HTTP/1.1, content: EmptyByteBufBE)
GET /session/8388a082955a45af0223204e390c0615/screenshot HTTP/1.1
User-Agent: selenium/4.1.2 (java windows)
Cache-Control: no-cache
Content-Type: application/json; charset=utf-8
host: localhost:54852
accept: */*

Response DefaultHttpResponse(decodeResult: success, version: HTTP/1.1)
HTTP/1.1 200 OK
Content-Type: application/json; charset=utf-8
cache-control: no-cache
content-length: 84476

00:49:18.044 [AsyncHttpClient-1-20] DEBUG org.asynchttpclient.netty.channel.ChannelManager - Adding key: http://localhost:54852 for channel [id: 0xda42fa97, L:/127.0.0.1:50301 - R:localhost/127.0.0.1:54852]
00:49:18.046 [main] DEBUG net.serenitybdd.core.photography.Darkroom - Send negative for processing for target\site\serenity\7a846676ca95f15481568f2ae57febdb2929c16d32d6235fff88bfd66fffa017.png
00:49:18.046 [main] DEBUG net.thucydides.core.steps.StepInterceptor - STEP DONE: userdetaul
  &amp#27;[32mThen &amp#27;[0m&amp#27;[32madmin sucsees choose user select&amp#27;[0m            &amp#27;[90m# starter.definitions.UserSteps.adminSucseesChooseUserSelect()&amp#27;[0m
00:49:18.047 [Darkroom Processing Line] DEBUG net.serenitybdd.core.photography.DarkroomProcessingLine - Processing screenshot image in /var/screenshots/screenshot-6992003736668111833
00:49:18.047 [Darkroom Processing Line] DEBUG net.serenitybdd.core.photography.DarkroomProcessingLine - Saving screenshot to target\site\serenity\7a846676ca95f15481568f2ae57febdb2929c16d32d6235fff88bfd66fffa017.png
00:49:18.051 [main] INFO  - 
  _____   ___   ___   _____     ___     _     ___   ___   ___   ___  
 |_   _| | __| / __| |_   _|   | _ \   /_\   / __| / __| | __| |   \ 
   | |   | _|  \__ \   | |     |  _/  / _ \  \__ \ \__ \ | _|  | |) |
   |_|   |___| |___/   |_|     |_|   /_/ \_\ |___/ |___/ |___| |___/ 

admin choose user
----------------------------------------------------------------------
00:49:18.052 [AsyncHttpClient-1-22] DEBUG org.asynchttpclient.netty.handler.WebSocketHandler - Channel Closed: [id: 0x586642e2, L:/127.0.0.1:50309 ! R:localhost/127.0.0.1:50302] with attribute NettyResponseFuture{currentRetry=5,
	isDone=1,
	isCancelled=0,
	asyncHandler=org.asynchttpclient.ws.WebSocketUpgradeHandler@60e47e74,
	nettyRequest=org.asynchttpclient.netty.request.NettyRequest@5689c63a,
	future=java.util.concurrent.CompletableFuture@44aee925[Completed normally],
	uri=ws://localhost:50302/devtools/browser/86d1e1c6-7e15-4fec-8b75-f165cd27b3b8,
	keepAlive=true,
	redirectCount=0,
	timeoutsHolder=null,
	inAuth=0,
	touch=1658422149760}
00:49:18.052 [AsyncHttpClient-1-22] DEBUG org.asynchttpclient.netty.channel.ChannelManager - Closing Channel [id: 0x586642e2, L:/127.0.0.1:50309 ! R:localhost/127.0.0.1:50302] 
00:49:18.056 [Driver Command Executor] DEBUG org.asynchttpclient.netty.request.NettyRequestSender - Using pooled Channel '[id: 0xda42fa97, L:/127.0.0.1:50301 - R:localhost/127.0.0.1:54852]' for 'DELETE' to 'http://localhost:54852/session/8388a082955a45af0223204e390c0615'
00:49:18.056 [Driver Command Executor] DEBUG org.asynchttpclient.netty.request.NettyRequestSender - Using open Channel [id: 0xda42fa97, L:/127.0.0.1:50301 - R:localhost/127.0.0.1:54852] for DELETE '/session/8388a082955a45af0223204e390c0615'
00:49:18.364 [AsyncHttpClient-1-21] DEBUG org.asynchttpclient.netty.handler.HttpHandler - Unexpected I/O exception on channel [id: 0xb3d87006, L:/127.0.0.1:50308 - R:localhost/127.0.0.1:50302]
java.net.SocketException: Connection reset
	at java.base/sun.nio.ch.SocketChannelImpl.throwConnectionReset(SocketChannelImpl.java:394)
	at java.base/sun.nio.ch.SocketChannelImpl.read(SocketChannelImpl.java:426)
	at io.netty.buffer.PooledByteBuf.setBytes(PooledByteBuf.java:258)
	at io.netty.buffer.AbstractByteBuf.writeBytes(AbstractByteBuf.java:1132)
	at io.netty.channel.socket.nio.NioSocketChannel.doReadBytes(NioSocketChannel.java:350)
	at io.netty.channel.nio.AbstractNioByteChannel$NioByteUnsafe.read(AbstractNioByteChannel.java:151)
	at io.netty.channel.nio.NioEventLoop.processSelectedKey(NioEventLoop.java:722)
	at io.netty.channel.nio.NioEventLoop.processSelectedKeysOptimized(NioEventLoop.java:658)
	at io.netty.channel.nio.NioEventLoop.processSelectedKeys(NioEventLoop.java:584)
	at io.netty.channel.nio.NioEventLoop.run(NioEventLoop.java:496)
	at io.netty.util.concurrent.SingleThreadEventExecutor$4.run(SingleThreadEventExecutor.java:986)
	at io.netty.util.internal.ThreadExecutorMap$2.run(ThreadExecutorMap.java:74)
	at io.netty.util.concurrent.FastThreadLocalRunnable.run(FastThreadLocalRunnable.java:30)
	at java.base/java.lang.Thread.run(Thread.java:833)
00:49:18.364 [AsyncHttpClient-1-21] DEBUG org.asynchttpclient.netty.channel.ChannelManager - Closing Channel [id: 0xb3d87006, L:/127.0.0.1:50308 - R:localhost/127.0.0.1:50302] 
00:49:18.364 [AsyncHttpClient-1-21] DEBUG org.asynchttpclient.netty.handler.HttpHandler - Channel Closed: [id: 0xb3d87006, L:/127.0.0.1:50308 ! R:localhost/127.0.0.1:50302] with attribute DISCARD
00:49:18.389 [AsyncHttpClient-1-1] DEBUG org.asynchttpclient.netty.channel.DefaultChannelPool - Entry count for : http://localhost:50302 : 1
00:49:18.389 [AsyncHttpClient-1-1] DEBUG org.asynchttpclient.netty.channel.DefaultChannelPool - Adding Candidate expired Channel [id: 0xb3d87006, L:/127.0.0.1:50308 ! R:localhost/127.0.0.1:50302] isIdleTimeoutExpired=false isRemotelyClosed=true isTtlExpired=false
00:49:18.389 [AsyncHttpClient-1-1] DEBUG org.asynchttpclient.netty.channel.DefaultChannelPool - Closing Idle Channel [id: 0xb3d87006, L:/127.0.0.1:50308 ! R:localhost/127.0.0.1:50302]
00:49:18.389 [AsyncHttpClient-1-1] DEBUG org.asynchttpclient.netty.channel.DefaultChannelPool - Closed 1 connections out of 1 in 0 ms
00:49:18.408 [AsyncHttpClient-1-20] DEBUG org.asynchttpclient.netty.handler.HttpHandler - 

Request DefaultFullHttpRequest(decodeResult: success, version: HTTP/1.1, content: EmptyByteBufBE)
DELETE /session/8388a082955a45af0223204e390c0615 HTTP/1.1
User-Agent: selenium/4.1.2 (java windows)
Content-Type: application/json; charset=utf-8
host: localhost:54852
accept: */*

Response DefaultHttpResponse(decodeResult: success, version: HTTP/1.1)
HTTP/1.1 200 OK
Content-Type: application/json; charset=utf-8
cache-control: no-cache
content-length: 14

00:49:18.408 [AsyncHttpClient-1-20] DEBUG org.asynchttpclient.netty.channel.ChannelManager - Adding key: http://localhost:54852 for channel [id: 0xda42fa97, L:/127.0.0.1:50301 - R:localhost/127.0.0.1:54852]
00:49:19.339 [AsyncHttpClient-1-20] DEBUG org.asynchttpclient.netty.handler.HttpHandler - Channel Closed: [id: 0xda42fa97, L:/127.0.0.1:50301 ! R:localhost/127.0.0.1:54852] with attribute DISCARD
]]></system-out>
    <system-err><![CDATA[Starting ChromeDriver 103.0.5060.134 (8ec6fce403b3feb0869b0732eda8bd95011d333c-refs/branch-heads/5060@{#1262}) on port 54852
Only local connections are allowed.
Please see https://chromedriver.chromium.org/security-considerations for suggestions on keeping ChromeDriver safe.
ChromeDriver was started successfully.
Jul 22, 2022 12:49:09 AM org.openqa.selenium.remote.ProtocolHandshake createSession
INFO: Detected dialect: W3C
Jul 22, 2022 12:49:09 AM org.openqa.selenium.devtools.CdpVersionFinder findNearestMatch
WARNING: Unable to find an exact match for CDP version 103, so returning the closest version found: a no-op implementation
Jul 22, 2022 12:49:09 AM org.openqa.selenium.devtools.CdpVersionFinder findNearestMatch
INFO: Unable to find CDP implementation matching 103.
Jul 22, 2022 12:49:09 AM org.openqa.selenium.chromium.ChromiumDriver lambda$new$3
WARNING: Unable to find version of CDP to use for . You may need to include a dependency on a specific version of the CDP using something similar to `org.seleniumhq.selenium:selenium-devtools-v86:4.1.2` where the version ("v86") matches the version of the chromium-based browser you're using and the version number of the artifact is the same as Selenium's.
]]></system-err>
  </testcase>
  <testcase name="admin choose delete user" classname="admin see detail user page" time="10.327">
    <system-out><![CDATA[
@user
Scenario: admin choose delete user                  &amp#27;[90m# src/test/resources/features/user.feature:16&amp#27;[0m
00:49:19.435 [main] INFO io.cucumber.core.plugin.SerenityReporter - Running feature from file:///D:/capstone%20projek/web%20testing/src/test/resources/features/user.feature
00:49:19.436 [main] INFO  - 
  _____   ___   ___   _____     ___   _____     _     ___   _____   ___   ___  
 |_   _| | __| / __| |_   _|   / __| |_   _|   /_\   | _ \ |_   _| | __| |   \ 
   | |   | _|  \__ \   | |     \__ \   | |    / _ \  |   /   | |   | _|  | |) |
   |_|   |___| |___/   |_|     |___/   |_|   /_/ \_\ |_|_\   |_|   |___| |___/ 

admin choose delete user(admin-see-detail-user-page;admin-choose-delete-user)
--------------------------------------------------------------------------------
00:49:19.448 [main] DEBUG net.thucydides.core.steps.StepInterceptor - STARTING STEP: LoginSteps.adminOnLoginPage - openPage
00:49:19.450 [main] INFO net.serenitybdd.core.webdriver.driverproviders.ChromeDriverProvider - Using automatically driver download
00:49:19.484 [AsyncHttpClient-1-1] DEBUG org.asynchttpclient.netty.channel.DefaultChannelPool - Entry count for : http://localhost:54852 : 1
00:49:19.484 [AsyncHttpClient-1-1] DEBUG org.asynchttpclient.netty.channel.DefaultChannelPool - Adding Candidate expired Channel [id: 0xda42fa97, L:/127.0.0.1:50301 ! R:localhost/127.0.0.1:54852] isIdleTimeoutExpired=false isRemotelyClosed=true isTtlExpired=false
00:49:19.484 [AsyncHttpClient-1-1] DEBUG org.asynchttpclient.netty.channel.DefaultChannelPool - Closing Idle Channel [id: 0xda42fa97, L:/127.0.0.1:50301 ! R:localhost/127.0.0.1:54852]
00:49:19.484 [AsyncHttpClient-1-1] DEBUG org.asynchttpclient.netty.channel.DefaultChannelPool - Closed 1 connections out of 1 in 0 ms
00:49:19.576 [main] DEBUG io.github.bonigarcia.wdm.cache.ResolutionCache - Resolution chrome=103 in cache (valid until 01:32:20 22/07/2022 WITA)
00:49:19.579 [main] DEBUG io.github.bonigarcia.wdm.cache.ResolutionCache - Resolution chrome103=103.0.5060.134 in cache (valid until 21:05:58 22/07/2022 WITA)
00:49:19.580 [main] INFO io.github.bonigarcia.wdm.WebDriverManager - Using chromedriver 103.0.5060.134 (resolved driver for Chrome 103)
00:49:19.589 [main] DEBUG io.github.bonigarcia.wdm.WebDriverManager - Driver chromedriver 103.0.5060.134 found in cache
00:49:19.590 [main] INFO io.github.bonigarcia.wdm.WebDriverManager - Exporting webdriver.chrome.driver as C:\Users\Rev\.cache\selenium\chromedriver\win32\103.0.5060.134\chromedriver.exe
00:49:19.704 [main] DEBUG net.serenitybdd.core.webdriver.driverproviders.ProvideNewDriver - Instantiating driver
00:49:19.704 [main] DEBUG net.serenitybdd.core.webdriver.driverproviders.ProvideNewDriver - Driver capabilities: Capabilities {acceptInsecureCerts: false, base.url: https://sportly.rafdev.my.id/, browserName: chrome, chrome.driver: webdriver/chromedriver.exe, driver: chrome, goog:chromeOptions: {args: [], extensions: []}}
00:49:19.920 [AsyncHttpClient-1-23] DEBUG org.asynchttpclient.netty.channel.NettyConnectListener - Using new Channel '[id: 0xb7c08279, L:/127.0.0.1:50342 - R:localhost/127.0.0.1:64914]' for 'POST' to '/session'
00:49:20.762 [AsyncHttpClient-1-23] DEBUG org.asynchttpclient.netty.handler.HttpHandler - 

Request DefaultHttpRequest(decodeResult: success, version: HTTP/1.1)
POST /session HTTP/1.1
User-Agent: selenium/4.1.2 (java windows)
Content-Length: 581
Content-Type: application/json; charset=utf-8
host: localhost:64914
accept: */*

Response DefaultHttpResponse(decodeResult: success, version: HTTP/1.1)
HTTP/1.1 200 OK
Content-Type: application/json; charset=utf-8
cache-control: no-cache
content-length: 790

00:49:20.762 [AsyncHttpClient-1-23] DEBUG org.asynchttpclient.netty.channel.ChannelManager - Adding key: http://localhost:64914 for channel [id: 0xb7c08279, L:/127.0.0.1:50342 - R:localhost/127.0.0.1:64914]
00:49:20.769 [AsyncHttpClient-1-24] DEBUG org.asynchttpclient.netty.channel.NettyConnectListener - Using new Channel '[id: 0x971399bc, L:/127.0.0.1:50349 - R:localhost/127.0.0.1:50343]' for 'GET' to '/json/version'
00:49:20.769 [AsyncHttpClient-1-24] DEBUG org.asynchttpclient.netty.handler.HttpHandler - 

Request DefaultFullHttpRequest(decodeResult: success, version: HTTP/1.1, content: EmptyByteBufBE)
GET /json/version HTTP/1.1
User-Agent: selenium/4.1.2 (java windows)
host: localhost:50343
accept: */*

Response DefaultHttpResponse(decodeResult: success, version: HTTP/1.1)
HTTP/1.1 200 OK
Content-Type: application/json; charset=UTF-8
content-length: 429

00:49:20.769 [AsyncHttpClient-1-24] DEBUG org.asynchttpclient.netty.channel.ChannelManager - Adding key: http://localhost:50343 for channel [id: 0x971399bc, L:/127.0.0.1:50349 - R:localhost/127.0.0.1:50343]
00:49:20.771 [AsyncHttpClient-1-25] DEBUG org.asynchttpclient.netty.channel.NettyConnectListener - Using new Channel '[id: 0x91a7ac71, L:/127.0.0.1:50350 - R:localhost/127.0.0.1:50343]' for 'GET' to '/devtools/browser/1961f088-1638-4267-b844-dc708e5a3d77'
00:49:20.773 [AsyncHttpClient-1-25] DEBUG org.asynchttpclient.netty.handler.WebSocketHandler - 

Request DefaultFullHttpRequest(decodeResult: success, version: HTTP/1.1, content: EmptyByteBufBE)
GET /devtools/browser/1961f088-1638-4267-b844-dc708e5a3d77 HTTP/1.1
upgrade: websocket
connection: upgrade
sec-websocket-key: SN1uJI4UKSRcKcIlAdfcXA==
sec-websocket-version: 13
origin: http://localhost:50343
host: localhost:50343
accept: */*
user-agent: AHC/2.1

Response DefaultHttpResponse(decodeResult: success, version: HTTP/1.1)
HTTP/1.1 101 WebSocket Protocol Handshake
Upgrade: WebSocket
Connection: Upgrade
Sec-WebSocket-Accept: dFDT1EkS/UWnXe/VQV0msqJYoms=

00:49:20.776 [Forwarding setCurrentWindowSize on session 33556a31acdf2b8e409b88503b6913df to remote] DEBUG org.asynchttpclient.netty.request.NettyRequestSender - Using pooled Channel '[id: 0xb7c08279, L:/127.0.0.1:50342 - R:localhost/127.0.0.1:64914]' for 'POST' to 'http://localhost:64914/session/33556a31acdf2b8e409b88503b6913df/window/rect'
00:49:20.776 [Forwarding setCurrentWindowSize on session 33556a31acdf2b8e409b88503b6913df to remote] DEBUG org.asynchttpclient.netty.request.NettyRequestSender - Using open Channel [id: 0xb7c08279, L:/127.0.0.1:50342 - R:localhost/127.0.0.1:64914] for POST '/session/33556a31acdf2b8e409b88503b6913df/window/rect'
00:49:20.894 [AsyncHttpClient-1-23] DEBUG org.asynchttpclient.netty.handler.HttpHandler - 

Request DefaultHttpRequest(decodeResult: success, version: HTTP/1.1)
POST /session/33556a31acdf2b8e409b88503b6913df/window/rect HTTP/1.1
User-Agent: selenium/4.1.2 (java windows)
Content-Length: 37
Content-Type: application/json; charset=utf-8
host: localhost:64914
accept: */*

Response DefaultHttpResponse(decodeResult: success, version: HTTP/1.1)
HTTP/1.1 200 OK
Content-Type: application/json; charset=utf-8
cache-control: no-cache
content-length: 52

00:49:20.894 [AsyncHttpClient-1-23] DEBUG org.asynchttpclient.netty.channel.ChannelManager - Adding key: http://localhost:64914 for channel [id: 0xb7c08279, L:/127.0.0.1:50342 - R:localhost/127.0.0.1:64914]
00:49:20.895 [Forwarding setWindowPosition on session 33556a31acdf2b8e409b88503b6913df to remote] DEBUG org.asynchttpclient.netty.request.NettyRequestSender - Using pooled Channel '[id: 0xb7c08279, L:/127.0.0.1:50342 - R:localhost/127.0.0.1:64914]' for 'POST' to 'http://localhost:64914/session/33556a31acdf2b8e409b88503b6913df/window/rect'
00:49:20.895 [Forwarding setWindowPosition on session 33556a31acdf2b8e409b88503b6913df to remote] DEBUG org.asynchttpclient.netty.request.NettyRequestSender - Using open Channel [id: 0xb7c08279, L:/127.0.0.1:50342 - R:localhost/127.0.0.1:64914] for POST '/session/33556a31acdf2b8e409b88503b6913df/window/rect'
00:49:21.028 [AsyncHttpClient-1-23] DEBUG org.asynchttpclient.netty.handler.HttpHandler - 

Request DefaultHttpRequest(decodeResult: success, version: HTTP/1.1)
POST /session/33556a31acdf2b8e409b88503b6913df/window/rect HTTP/1.1
User-Agent: selenium/4.1.2 (java windows)
Content-Length: 22
Content-Type: application/json; charset=utf-8
host: localhost:64914
accept: */*

Response DefaultHttpResponse(decodeResult: success, version: HTTP/1.1)
HTTP/1.1 200 OK
Content-Type: application/json; charset=utf-8
cache-control: no-cache
content-length: 50

00:49:21.028 [AsyncHttpClient-1-23] DEBUG org.asynchttpclient.netty.channel.ChannelManager - Adding key: http://localhost:64914 for channel [id: 0xb7c08279, L:/127.0.0.1:50342 - R:localhost/127.0.0.1:64914]
00:49:21.029 [Forwarding get on session 33556a31acdf2b8e409b88503b6913df to remote] DEBUG org.asynchttpclient.netty.request.NettyRequestSender - Using pooled Channel '[id: 0xb7c08279, L:/127.0.0.1:50342 - R:localhost/127.0.0.1:64914]' for 'POST' to 'http://localhost:64914/session/33556a31acdf2b8e409b88503b6913df/url'
00:49:21.029 [Forwarding get on session 33556a31acdf2b8e409b88503b6913df to remote] DEBUG org.asynchttpclient.netty.request.NettyRequestSender - Using open Channel [id: 0xb7c08279, L:/127.0.0.1:50342 - R:localhost/127.0.0.1:64914] for POST '/session/33556a31acdf2b8e409b88503b6913df/url'
00:49:21.695 [AsyncHttpClient-1-1] DEBUG org.asynchttpclient.netty.channel.DefaultChannelPool - Entry count for : http://localhost:50343 : 1
00:49:22.790 [AsyncHttpClient-1-1] DEBUG org.asynchttpclient.netty.channel.DefaultChannelPool - Entry count for : http://localhost:50343 : 1
00:49:23.345 [AsyncHttpClient-1-23] DEBUG org.asynchttpclient.netty.handler.HttpHandler - 

Request DefaultHttpRequest(decodeResult: success, version: HTTP/1.1)
POST /session/33556a31acdf2b8e409b88503b6913df/url HTTP/1.1
User-Agent: selenium/4.1.2 (java windows)
Content-Length: 59
Content-Type: application/json; charset=utf-8
host: localhost:64914
accept: */*

Response DefaultHttpResponse(decodeResult: success, version: HTTP/1.1)
HTTP/1.1 200 OK
Content-Type: application/json; charset=utf-8
cache-control: no-cache
content-length: 14

00:49:23.345 [AsyncHttpClient-1-23] DEBUG org.asynchttpclient.netty.channel.ChannelManager - Adding key: http://localhost:64914 for channel [id: 0xb7c08279, L:/127.0.0.1:50342 - R:localhost/127.0.0.1:64914]
00:49:23.346 [Forwarding setTimeout on session 33556a31acdf2b8e409b88503b6913df to remote] DEBUG org.asynchttpclient.netty.request.NettyRequestSender - Using pooled Channel '[id: 0xb7c08279, L:/127.0.0.1:50342 - R:localhost/127.0.0.1:64914]' for 'POST' to 'http://localhost:64914/session/33556a31acdf2b8e409b88503b6913df/timeouts'
00:49:23.346 [Forwarding setTimeout on session 33556a31acdf2b8e409b88503b6913df to remote] DEBUG org.asynchttpclient.netty.request.NettyRequestSender - Using open Channel [id: 0xb7c08279, L:/127.0.0.1:50342 - R:localhost/127.0.0.1:64914] for POST '/session/33556a31acdf2b8e409b88503b6913df/timeouts'
00:49:23.348 [AsyncHttpClient-1-23] DEBUG org.asynchttpclient.netty.handler.HttpHandler - 

Request DefaultHttpRequest(decodeResult: success, version: HTTP/1.1)
POST /session/33556a31acdf2b8e409b88503b6913df/timeouts HTTP/1.1
User-Agent: selenium/4.1.2 (java windows)
Content-Length: 22
Content-Type: application/json; charset=utf-8
host: localhost:64914
accept: */*

Response DefaultHttpResponse(decodeResult: success, version: HTTP/1.1)
HTTP/1.1 200 OK
Content-Type: application/json; charset=utf-8
cache-control: no-cache
content-length: 14

00:49:23.348 [AsyncHttpClient-1-23] DEBUG org.asynchttpclient.netty.channel.ChannelManager - Adding key: http://localhost:64914 for channel [id: 0xb7c08279, L:/127.0.0.1:50342 - R:localhost/127.0.0.1:64914]
00:49:23.351 [Forwarding getCurrentUrl on session 33556a31acdf2b8e409b88503b6913df to remote] DEBUG org.asynchttpclient.netty.request.NettyRequestSender - Using pooled Channel '[id: 0xb7c08279, L:/127.0.0.1:50342 - R:localhost/127.0.0.1:64914]' for 'GET' to 'http://localhost:64914/session/33556a31acdf2b8e409b88503b6913df/url'
00:49:23.351 [Forwarding getCurrentUrl on session 33556a31acdf2b8e409b88503b6913df to remote] DEBUG org.asynchttpclient.netty.request.NettyRequestSender - Using open Channel [id: 0xb7c08279, L:/127.0.0.1:50342 - R:localhost/127.0.0.1:64914] for GET '/session/33556a31acdf2b8e409b88503b6913df/url'
00:49:23.395 [AsyncHttpClient-1-23] DEBUG org.asynchttpclient.netty.handler.HttpHandler - 

Request DefaultFullHttpRequest(decodeResult: success, version: HTTP/1.1, content: EmptyByteBufBE)
GET /session/33556a31acdf2b8e409b88503b6913df/url HTTP/1.1
User-Agent: selenium/4.1.2 (java windows)
Cache-Control: no-cache
Content-Type: application/json; charset=utf-8
host: localhost:64914
accept: */*

Response DefaultHttpResponse(decodeResult: success, version: HTTP/1.1)
HTTP/1.1 200 OK
Content-Type: application/json; charset=utf-8
cache-control: no-cache
content-length: 46

00:49:23.395 [AsyncHttpClient-1-23] DEBUG org.asynchttpclient.netty.channel.ChannelManager - Adding key: http://localhost:64914 for channel [id: 0xb7c08279, L:/127.0.0.1:50342 - R:localhost/127.0.0.1:64914]
00:49:23.397 [Forwarding getCurrentUrl on session 33556a31acdf2b8e409b88503b6913df to remote] DEBUG org.asynchttpclient.netty.request.NettyRequestSender - Using pooled Channel '[id: 0xb7c08279, L:/127.0.0.1:50342 - R:localhost/127.0.0.1:64914]' for 'GET' to 'http://localhost:64914/session/33556a31acdf2b8e409b88503b6913df/url'
00:49:23.397 [Forwarding getCurrentUrl on session 33556a31acdf2b8e409b88503b6913df to remote] DEBUG org.asynchttpclient.netty.request.NettyRequestSender - Using open Channel [id: 0xb7c08279, L:/127.0.0.1:50342 - R:localhost/127.0.0.1:64914] for GET '/session/33556a31acdf2b8e409b88503b6913df/url'
00:49:23.411 [AsyncHttpClient-1-23] DEBUG org.asynchttpclient.netty.handler.HttpHandler - 

Request DefaultFullHttpRequest(decodeResult: success, version: HTTP/1.1, content: EmptyByteBufBE)
GET /session/33556a31acdf2b8e409b88503b6913df/url HTTP/1.1
User-Agent: selenium/4.1.2 (java windows)
Cache-Control: no-cache
Content-Type: application/json; charset=utf-8
host: localhost:64914
accept: */*

Response DefaultHttpResponse(decodeResult: success, version: HTTP/1.1)
HTTP/1.1 200 OK
Content-Type: application/json; charset=utf-8
cache-control: no-cache
content-length: 46

00:49:23.411 [AsyncHttpClient-1-23] DEBUG org.asynchttpclient.netty.channel.ChannelManager - Adding key: http://localhost:64914 for channel [id: 0xb7c08279, L:/127.0.0.1:50342 - R:localhost/127.0.0.1:64914]
00:49:23.415 [Forwarding screenshot on session 33556a31acdf2b8e409b88503b6913df to remote] DEBUG org.asynchttpclient.netty.request.NettyRequestSender - Using pooled Channel '[id: 0xb7c08279, L:/127.0.0.1:50342 - R:localhost/127.0.0.1:64914]' for 'GET' to 'http://localhost:64914/session/33556a31acdf2b8e409b88503b6913df/screenshot'
00:49:23.415 [Forwarding screenshot on session 33556a31acdf2b8e409b88503b6913df to remote] DEBUG org.asynchttpclient.netty.request.NettyRequestSender - Using open Channel [id: 0xb7c08279, L:/127.0.0.1:50342 - R:localhost/127.0.0.1:64914] for GET '/session/33556a31acdf2b8e409b88503b6913df/screenshot'
00:49:23.846 [AsyncHttpClient-1-23] DEBUG org.asynchttpclient.netty.handler.HttpHandler - 

Request DefaultFullHttpRequest(decodeResult: success, version: HTTP/1.1, content: EmptyByteBufBE)
GET /session/33556a31acdf2b8e409b88503b6913df/screenshot HTTP/1.1
User-Agent: selenium/4.1.2 (java windows)
Cache-Control: no-cache
Content-Type: application/json; charset=utf-8
host: localhost:64914
accept: */*

Response DefaultHttpResponse(decodeResult: success, version: HTTP/1.1)
HTTP/1.1 200 OK
Content-Type: application/json; charset=utf-8
cache-control: no-cache
content-length: 575004

00:49:23.847 [AsyncHttpClient-1-23] DEBUG org.asynchttpclient.netty.channel.ChannelManager - Adding key: http://localhost:64914 for channel [id: 0xb7c08279, L:/127.0.0.1:50342 - R:localhost/127.0.0.1:64914]
00:49:23.856 [main] DEBUG net.serenitybdd.core.photography.Darkroom - Send negative for processing for target\site\serenity\bdfb3257a55b5f729af578dfc1dc3a5762c89839bea5dc19984e34dd6640fee1.png
00:49:23.856 [main] DEBUG net.thucydides.core.steps.StepInterceptor - STEP DONE: openPage
00:49:23.861 [main] DEBUG net.thucydides.core.steps.StepInterceptor - STARTING STEP: LoginSteps.adminOnLoginPage - validateonLoginPage
00:49:23.862 [Forwarding findElement on session 33556a31acdf2b8e409b88503b6913df to remote] DEBUG org.asynchttpclient.netty.request.NettyRequestSender - Using pooled Channel '[id: 0xb7c08279, L:/127.0.0.1:50342 - R:localhost/127.0.0.1:64914]' for 'POST' to 'http://localhost:64914/session/33556a31acdf2b8e409b88503b6913df/element'
00:49:23.862 [Forwarding findElement on session 33556a31acdf2b8e409b88503b6913df to remote] DEBUG org.asynchttpclient.netty.request.NettyRequestSender - Using open Channel [id: 0xb7c08279, L:/127.0.0.1:50342 - R:localhost/127.0.0.1:64914] for POST '/session/33556a31acdf2b8e409b88503b6913df/element'
00:49:23.879 [AsyncHttpClient-1-23] DEBUG org.asynchttpclient.netty.handler.HttpHandler - 

Request DefaultHttpRequest(decodeResult: success, version: HTTP/1.1)
POST /session/33556a31acdf2b8e409b88503b6913df/element HTTP/1.1
User-Agent: selenium/4.1.2 (java windows)
Content-Length: 71
Content-Type: application/json; charset=utf-8
host: localhost:64914
accept: */*

Response DefaultHttpResponse(decodeResult: success, version: HTTP/1.1)
HTTP/1.1 200 OK
Content-Type: application/json; charset=utf-8
cache-control: no-cache
content-length: 88

00:49:23.879 [AsyncHttpClient-1-23] DEBUG org.asynchttpclient.netty.channel.ChannelManager - Adding key: http://localhost:64914 for channel [id: 0xb7c08279, L:/127.0.0.1:50342 - R:localhost/127.0.0.1:64914]
00:49:23.882 [Forwarding isElementDisplayed on session 33556a31acdf2b8e409b88503b6913df to remote] DEBUG org.asynchttpclient.netty.request.NettyRequestSender - Using pooled Channel '[id: 0xb7c08279, L:/127.0.0.1:50342 - R:localhost/127.0.0.1:64914]' for 'POST' to 'http://localhost:64914/session/33556a31acdf2b8e409b88503b6913df/execute/sync'
00:49:23.882 [Forwarding isElementDisplayed on session 33556a31acdf2b8e409b88503b6913df to remote] DEBUG org.asynchttpclient.netty.request.NettyRequestSender - Using open Channel [id: 0xb7c08279, L:/127.0.0.1:50342 - R:localhost/127.0.0.1:64914] for POST '/session/33556a31acdf2b8e409b88503b6913df/execute/sync'
00:49:23.885 [AsyncHttpClient-1-1] DEBUG org.asynchttpclient.netty.channel.DefaultChannelPool - Entry count for : http://localhost:50343 : 1
00:49:23.903 [AsyncHttpClient-1-23] DEBUG org.asynchttpclient.netty.handler.HttpHandler - 

Request DefaultHttpRequest(decodeResult: success, version: HTTP/1.1)
POST /session/33556a31acdf2b8e409b88503b6913df/execute/sync HTTP/1.1
User-Agent: selenium/4.1.2 (java windows)
Content-Length: 48780
Content-Type: application/json; charset=utf-8
host: localhost:64914
accept: */*

Response DefaultHttpResponse(decodeResult: success, version: HTTP/1.1)
HTTP/1.1 200 OK
Content-Type: application/json; charset=utf-8
cache-control: no-cache
content-length: 14

00:49:23.903 [AsyncHttpClient-1-23] DEBUG org.asynchttpclient.netty.channel.ChannelManager - Adding key: http://localhost:64914 for channel [id: 0xb7c08279, L:/127.0.0.1:50342 - R:localhost/127.0.0.1:64914]
00:49:23.906 [Forwarding screenshot on session 33556a31acdf2b8e409b88503b6913df to remote] DEBUG org.asynchttpclient.netty.request.NettyRequestSender - Using pooled Channel '[id: 0xb7c08279, L:/127.0.0.1:50342 - R:localhost/127.0.0.1:64914]' for 'GET' to 'http://localhost:64914/session/33556a31acdf2b8e409b88503b6913df/screenshot'
00:49:23.906 [Forwarding screenshot on session 33556a31acdf2b8e409b88503b6913df to remote] DEBUG org.asynchttpclient.netty.request.NettyRequestSender - Using open Channel [id: 0xb7c08279, L:/127.0.0.1:50342 - R:localhost/127.0.0.1:64914] for GET '/session/33556a31acdf2b8e409b88503b6913df/screenshot'
00:49:24.198 [AsyncHttpClient-1-23] DEBUG org.asynchttpclient.netty.handler.HttpHandler - 

Request DefaultFullHttpRequest(decodeResult: success, version: HTTP/1.1, content: EmptyByteBufBE)
GET /session/33556a31acdf2b8e409b88503b6913df/screenshot HTTP/1.1
User-Agent: selenium/4.1.2 (java windows)
Cache-Control: no-cache
Content-Type: application/json; charset=utf-8
host: localhost:64914
accept: */*

Response DefaultHttpResponse(decodeResult: success, version: HTTP/1.1)
HTTP/1.1 200 OK
Content-Type: application/json; charset=utf-8
cache-control: no-cache
content-length: 575004

00:49:24.198 [AsyncHttpClient-1-23] DEBUG org.asynchttpclient.netty.channel.ChannelManager - Adding key: http://localhost:64914 for channel [id: 0xb7c08279, L:/127.0.0.1:50342 - R:localhost/127.0.0.1:64914]
00:49:24.208 [main] DEBUG net.serenitybdd.core.photography.Darkroom - Send negative for processing for target\site\serenity\bdfb3257a55b5f729af578dfc1dc3a5762c89839bea5dc19984e34dd6640fee1.png
00:49:24.208 [main] DEBUG net.thucydides.core.steps.StepInterceptor - STEP DONE: validateonLoginPage
  &amp#27;[32mGiven &amp#27;[0m&amp#27;[32madmin on login page&amp#27;[0m                         &amp#27;[90m# starter.definitions.LoginSteps.adminOnLoginPage()&amp#27;[0m
00:49:24.220 [main] DEBUG net.thucydides.core.steps.StepInterceptor - STARTING STEP: LoginSteps.adminInputValidUssername - inputusername
00:49:24.222 [Forwarding findElement on session 33556a31acdf2b8e409b88503b6913df to remote] DEBUG org.asynchttpclient.netty.request.NettyRequestSender - Using pooled Channel '[id: 0xb7c08279, L:/127.0.0.1:50342 - R:localhost/127.0.0.1:64914]' for 'POST' to 'http://localhost:64914/session/33556a31acdf2b8e409b88503b6913df/element'
00:49:24.222 [Forwarding findElement on session 33556a31acdf2b8e409b88503b6913df to remote] DEBUG org.asynchttpclient.netty.request.NettyRequestSender - Using open Channel [id: 0xb7c08279, L:/127.0.0.1:50342 - R:localhost/127.0.0.1:64914] for POST '/session/33556a31acdf2b8e409b88503b6913df/element'
00:49:24.245 [AsyncHttpClient-1-23] DEBUG org.asynchttpclient.netty.handler.HttpHandler - 

Request DefaultHttpRequest(decodeResult: success, version: HTTP/1.1)
POST /session/33556a31acdf2b8e409b88503b6913df/element HTTP/1.1
User-Agent: selenium/4.1.2 (java windows)
Content-Length: 92
Content-Type: application/json; charset=utf-8
host: localhost:64914
accept: */*

Response DefaultHttpResponse(decodeResult: success, version: HTTP/1.1)
HTTP/1.1 200 OK
Content-Type: application/json; charset=utf-8
cache-control: no-cache
content-length: 88

00:49:24.245 [AsyncHttpClient-1-23] DEBUG org.asynchttpclient.netty.channel.ChannelManager - Adding key: http://localhost:64914 for channel [id: 0xb7c08279, L:/127.0.0.1:50342 - R:localhost/127.0.0.1:64914]
00:49:24.246 [Forwarding clearElement on session 33556a31acdf2b8e409b88503b6913df to remote] DEBUG org.asynchttpclient.netty.request.NettyRequestSender - Using pooled Channel '[id: 0xb7c08279, L:/127.0.0.1:50342 - R:localhost/127.0.0.1:64914]' for 'POST' to 'http://localhost:64914/session/33556a31acdf2b8e409b88503b6913df/element/c1ef883a-9f0c-4a84-b692-26ec29a3f583/clear'
00:49:24.246 [Forwarding clearElement on session 33556a31acdf2b8e409b88503b6913df to remote] DEBUG org.asynchttpclient.netty.request.NettyRequestSender - Using open Channel [id: 0xb7c08279, L:/127.0.0.1:50342 - R:localhost/127.0.0.1:64914] for POST '/session/33556a31acdf2b8e409b88503b6913df/element/c1ef883a-9f0c-4a84-b692-26ec29a3f583/clear'
00:49:24.293 [AsyncHttpClient-1-23] DEBUG org.asynchttpclient.netty.handler.HttpHandler - 

Request DefaultHttpRequest(decodeResult: success, version: HTTP/1.1)
POST /session/33556a31acdf2b8e409b88503b6913df/element/c1ef883a-9f0c-4a84-b692-26ec29a3f583/clear HTTP/1.1
User-Agent: selenium/4.1.2 (java windows)
Content-Length: 50
Content-Type: application/json; charset=utf-8
host: localhost:64914
accept: */*

Response DefaultHttpResponse(decodeResult: success, version: HTTP/1.1)
HTTP/1.1 200 OK
Content-Type: application/json; charset=utf-8
cache-control: no-cache
content-length: 14

00:49:24.293 [AsyncHttpClient-1-23] DEBUG org.asynchttpclient.netty.channel.ChannelManager - Adding key: http://localhost:64914 for channel [id: 0xb7c08279, L:/127.0.0.1:50342 - R:localhost/127.0.0.1:64914]
00:49:24.295 [Forwarding sendKeysToElement on session 33556a31acdf2b8e409b88503b6913df to remote] DEBUG org.asynchttpclient.netty.request.NettyRequestSender - Using pooled Channel '[id: 0xb7c08279, L:/127.0.0.1:50342 - R:localhost/127.0.0.1:64914]' for 'POST' to 'http://localhost:64914/session/33556a31acdf2b8e409b88503b6913df/element/c1ef883a-9f0c-4a84-b692-26ec29a3f583/value'
00:49:24.295 [Forwarding sendKeysToElement on session 33556a31acdf2b8e409b88503b6913df to remote] DEBUG org.asynchttpclient.netty.request.NettyRequestSender - Using open Channel [id: 0xb7c08279, L:/127.0.0.1:50342 - R:localhost/127.0.0.1:64914] for POST '/session/33556a31acdf2b8e409b88503b6913df/element/c1ef883a-9f0c-4a84-b692-26ec29a3f583/value'
00:49:24.382 [AsyncHttpClient-1-23] DEBUG org.asynchttpclient.netty.handler.HttpHandler - 

Request DefaultHttpRequest(decodeResult: success, version: HTTP/1.1)
POST /session/33556a31acdf2b8e409b88503b6913df/element/c1ef883a-9f0c-4a84-b692-26ec29a3f583/value HTTP/1.1
User-Agent: selenium/4.1.2 (java windows)
Content-Length: 151
Content-Type: application/json; charset=utf-8
host: localhost:64914
accept: */*

Response DefaultHttpResponse(decodeResult: success, version: HTTP/1.1)
HTTP/1.1 200 OK
Content-Type: application/json; charset=utf-8
cache-control: no-cache
content-length: 14

00:49:24.382 [AsyncHttpClient-1-23] DEBUG org.asynchttpclient.netty.channel.ChannelManager - Adding key: http://localhost:64914 for channel [id: 0xb7c08279, L:/127.0.0.1:50342 - R:localhost/127.0.0.1:64914]
00:49:24.386 [Forwarding screenshot on session 33556a31acdf2b8e409b88503b6913df to remote] DEBUG org.asynchttpclient.netty.request.NettyRequestSender - Using pooled Channel '[id: 0xb7c08279, L:/127.0.0.1:50342 - R:localhost/127.0.0.1:64914]' for 'GET' to 'http://localhost:64914/session/33556a31acdf2b8e409b88503b6913df/screenshot'
00:49:24.386 [Forwarding screenshot on session 33556a31acdf2b8e409b88503b6913df to remote] DEBUG org.asynchttpclient.netty.request.NettyRequestSender - Using open Channel [id: 0xb7c08279, L:/127.0.0.1:50342 - R:localhost/127.0.0.1:64914] for GET '/session/33556a31acdf2b8e409b88503b6913df/screenshot'
00:49:24.681 [AsyncHttpClient-1-23] DEBUG org.asynchttpclient.netty.handler.HttpHandler - 

Request DefaultFullHttpRequest(decodeResult: success, version: HTTP/1.1, content: EmptyByteBufBE)
GET /session/33556a31acdf2b8e409b88503b6913df/screenshot HTTP/1.1
User-Agent: selenium/4.1.2 (java windows)
Cache-Control: no-cache
Content-Type: application/json; charset=utf-8
host: localhost:64914
accept: */*

Response DefaultHttpResponse(decodeResult: success, version: HTTP/1.1)
HTTP/1.1 200 OK
Content-Type: application/json; charset=utf-8
cache-control: no-cache
content-length: 573184

00:49:24.682 [AsyncHttpClient-1-23] DEBUG org.asynchttpclient.netty.channel.ChannelManager - Adding key: http://localhost:64914 for channel [id: 0xb7c08279, L:/127.0.0.1:50342 - R:localhost/127.0.0.1:64914]
00:49:24.691 [main] DEBUG net.serenitybdd.core.photography.Darkroom - Send negative for processing for target\site\serenity\f77c054aa6a666f419ab49e776fdfb7fc10c7c59289c58aa7b77a3e2461e450a.png
00:49:24.692 [main] DEBUG net.thucydides.core.steps.StepInterceptor - STEP DONE: inputusername
  &amp#27;[32mWhen &amp#27;[0m&amp#27;[32madmin input valid ussername&amp#27;[0m                  &amp#27;[90m# starter.definitions.LoginSteps.adminInputValidUssername()&amp#27;[0m
00:49:24.704 [main] DEBUG net.thucydides.core.steps.StepInterceptor - STARTING STEP: LoginSteps.adminInputValidPassword - inputPassword
00:49:24.706 [Forwarding findElement on session 33556a31acdf2b8e409b88503b6913df to remote] DEBUG org.asynchttpclient.netty.request.NettyRequestSender - Using pooled Channel '[id: 0xb7c08279, L:/127.0.0.1:50342 - R:localhost/127.0.0.1:64914]' for 'POST' to 'http://localhost:64914/session/33556a31acdf2b8e409b88503b6913df/element'
00:49:24.706 [Forwarding findElement on session 33556a31acdf2b8e409b88503b6913df to remote] DEBUG org.asynchttpclient.netty.request.NettyRequestSender - Using open Channel [id: 0xb7c08279, L:/127.0.0.1:50342 - R:localhost/127.0.0.1:64914] for POST '/session/33556a31acdf2b8e409b88503b6913df/element'
00:49:24.720 [AsyncHttpClient-1-23] DEBUG org.asynchttpclient.netty.handler.HttpHandler - 

Request DefaultHttpRequest(decodeResult: success, version: HTTP/1.1)
POST /session/33556a31acdf2b8e409b88503b6913df/element HTTP/1.1
User-Agent: selenium/4.1.2 (java windows)
Content-Length: 92
Content-Type: application/json; charset=utf-8
host: localhost:64914
accept: */*

Response DefaultHttpResponse(decodeResult: success, version: HTTP/1.1)
HTTP/1.1 200 OK
Content-Type: application/json; charset=utf-8
cache-control: no-cache
content-length: 88

00:49:24.720 [AsyncHttpClient-1-23] DEBUG org.asynchttpclient.netty.channel.ChannelManager - Adding key: http://localhost:64914 for channel [id: 0xb7c08279, L:/127.0.0.1:50342 - R:localhost/127.0.0.1:64914]
00:49:24.721 [Forwarding clearElement on session 33556a31acdf2b8e409b88503b6913df to remote] DEBUG org.asynchttpclient.netty.request.NettyRequestSender - Using pooled Channel '[id: 0xb7c08279, L:/127.0.0.1:50342 - R:localhost/127.0.0.1:64914]' for 'POST' to 'http://localhost:64914/session/33556a31acdf2b8e409b88503b6913df/element/ff454638-425b-45cf-aa84-ab8f841fcab3/clear'
00:49:24.721 [Forwarding clearElement on session 33556a31acdf2b8e409b88503b6913df to remote] DEBUG org.asynchttpclient.netty.request.NettyRequestSender - Using open Channel [id: 0xb7c08279, L:/127.0.0.1:50342 - R:localhost/127.0.0.1:64914] for POST '/session/33556a31acdf2b8e409b88503b6913df/element/ff454638-425b-45cf-aa84-ab8f841fcab3/clear'
00:49:24.750 [AsyncHttpClient-1-23] DEBUG org.asynchttpclient.netty.handler.HttpHandler - 

Request DefaultHttpRequest(decodeResult: success, version: HTTP/1.1)
POST /session/33556a31acdf2b8e409b88503b6913df/element/ff454638-425b-45cf-aa84-ab8f841fcab3/clear HTTP/1.1
User-Agent: selenium/4.1.2 (java windows)
Content-Length: 50
Content-Type: application/json; charset=utf-8
host: localhost:64914
accept: */*

Response DefaultHttpResponse(decodeResult: success, version: HTTP/1.1)
HTTP/1.1 200 OK
Content-Type: application/json; charset=utf-8
cache-control: no-cache
content-length: 14

00:49:24.750 [AsyncHttpClient-1-23] DEBUG org.asynchttpclient.netty.channel.ChannelManager - Adding key: http://localhost:64914 for channel [id: 0xb7c08279, L:/127.0.0.1:50342 - R:localhost/127.0.0.1:64914]
00:49:24.752 [Forwarding sendKeysToElement on session 33556a31acdf2b8e409b88503b6913df to remote] DEBUG org.asynchttpclient.netty.request.NettyRequestSender - Using pooled Channel '[id: 0xb7c08279, L:/127.0.0.1:50342 - R:localhost/127.0.0.1:64914]' for 'POST' to 'http://localhost:64914/session/33556a31acdf2b8e409b88503b6913df/element/ff454638-425b-45cf-aa84-ab8f841fcab3/value'
00:49:24.752 [Forwarding sendKeysToElement on session 33556a31acdf2b8e409b88503b6913df to remote] DEBUG org.asynchttpclient.netty.request.NettyRequestSender - Using open Channel [id: 0xb7c08279, L:/127.0.0.1:50342 - R:localhost/127.0.0.1:64914] for POST '/session/33556a31acdf2b8e409b88503b6913df/element/ff454638-425b-45cf-aa84-ab8f841fcab3/value'
00:49:24.840 [AsyncHttpClient-1-23] DEBUG org.asynchttpclient.netty.handler.HttpHandler - 

Request DefaultHttpRequest(decodeResult: success, version: HTTP/1.1)
POST /session/33556a31acdf2b8e409b88503b6913df/element/ff454638-425b-45cf-aa84-ab8f841fcab3/value HTTP/1.1
User-Agent: selenium/4.1.2 (java windows)
Content-Length: 291
Content-Type: application/json; charset=utf-8
host: localhost:64914
accept: */*

Response DefaultHttpResponse(decodeResult: success, version: HTTP/1.1)
HTTP/1.1 200 OK
Content-Type: application/json; charset=utf-8
cache-control: no-cache
content-length: 14

00:49:24.840 [AsyncHttpClient-1-23] DEBUG org.asynchttpclient.netty.channel.ChannelManager - Adding key: http://localhost:64914 for channel [id: 0xb7c08279, L:/127.0.0.1:50342 - R:localhost/127.0.0.1:64914]
00:49:24.845 [Forwarding screenshot on session 33556a31acdf2b8e409b88503b6913df to remote] DEBUG org.asynchttpclient.netty.request.NettyRequestSender - Using pooled Channel '[id: 0xb7c08279, L:/127.0.0.1:50342 - R:localhost/127.0.0.1:64914]' for 'GET' to 'http://localhost:64914/session/33556a31acdf2b8e409b88503b6913df/screenshot'
00:49:24.845 [Forwarding screenshot on session 33556a31acdf2b8e409b88503b6913df to remote] DEBUG org.asynchttpclient.netty.request.NettyRequestSender - Using open Channel [id: 0xb7c08279, L:/127.0.0.1:50342 - R:localhost/127.0.0.1:64914] for GET '/session/33556a31acdf2b8e409b88503b6913df/screenshot'
00:49:24.985 [AsyncHttpClient-1-1] DEBUG org.asynchttpclient.netty.channel.DefaultChannelPool - Entry count for : http://localhost:50343 : 1
00:49:25.150 [AsyncHttpClient-1-23] DEBUG org.asynchttpclient.netty.handler.HttpHandler - 

Request DefaultFullHttpRequest(decodeResult: success, version: HTTP/1.1, content: EmptyByteBufBE)
GET /session/33556a31acdf2b8e409b88503b6913df/screenshot HTTP/1.1
User-Agent: selenium/4.1.2 (java windows)
Cache-Control: no-cache
Content-Type: application/json; charset=utf-8
host: localhost:64914
accept: */*

Response DefaultHttpResponse(decodeResult: success, version: HTTP/1.1)
HTTP/1.1 200 OK
Content-Type: application/json; charset=utf-8
cache-control: no-cache
content-length: 569460

00:49:25.150 [AsyncHttpClient-1-23] DEBUG org.asynchttpclient.netty.channel.ChannelManager - Adding key: http://localhost:64914 for channel [id: 0xb7c08279, L:/127.0.0.1:50342 - R:localhost/127.0.0.1:64914]
00:49:25.159 [main] DEBUG net.serenitybdd.core.photography.Darkroom - Send negative for processing for target\site\serenity\7121c7966e51ed0bee580053fa8354e56400a63fd65cbfa41529dc1e051e1e6a.png
00:49:25.160 [main] DEBUG net.thucydides.core.steps.StepInterceptor - STEP DONE: inputPassword
  &amp#27;[32mAnd &amp#27;[0m&amp#27;[32madmin input valid password&amp#27;[0m                    &amp#27;[90m# starter.definitions.LoginSteps.adminInputValidPassword()&amp#27;[0m
00:49:25.171 [main] DEBUG net.thucydides.core.steps.StepInterceptor - STARTING STEP: LoginSteps.clickLoginButton - clickloginButton
00:49:25.174 [Forwarding findElement on session 33556a31acdf2b8e409b88503b6913df to remote] DEBUG org.asynchttpclient.netty.request.NettyRequestSender - Using pooled Channel '[id: 0xb7c08279, L:/127.0.0.1:50342 - R:localhost/127.0.0.1:64914]' for 'POST' to 'http://localhost:64914/session/33556a31acdf2b8e409b88503b6913df/element'
00:49:25.174 [Forwarding findElement on session 33556a31acdf2b8e409b88503b6913df to remote] DEBUG org.asynchttpclient.netty.request.NettyRequestSender - Using open Channel [id: 0xb7c08279, L:/127.0.0.1:50342 - R:localhost/127.0.0.1:64914] for POST '/session/33556a31acdf2b8e409b88503b6913df/element'
00:49:25.198 [AsyncHttpClient-1-23] DEBUG org.asynchttpclient.netty.handler.HttpHandler - 

Request DefaultHttpRequest(decodeResult: success, version: HTTP/1.1)
POST /session/33556a31acdf2b8e409b88503b6913df/element HTTP/1.1
User-Agent: selenium/4.1.2 (java windows)
Content-Length: 71
Content-Type: application/json; charset=utf-8
host: localhost:64914
accept: */*

Response DefaultHttpResponse(decodeResult: success, version: HTTP/1.1)
HTTP/1.1 200 OK
Content-Type: application/json; charset=utf-8
cache-control: no-cache
content-length: 88

00:49:25.198 [AsyncHttpClient-1-23] DEBUG org.asynchttpclient.netty.channel.ChannelManager - Adding key: http://localhost:64914 for channel [id: 0xb7c08279, L:/127.0.0.1:50342 - R:localhost/127.0.0.1:64914]
00:49:25.199 [Forwarding getElementTagName on session 33556a31acdf2b8e409b88503b6913df to remote] DEBUG org.asynchttpclient.netty.request.NettyRequestSender - Using pooled Channel '[id: 0xb7c08279, L:/127.0.0.1:50342 - R:localhost/127.0.0.1:64914]' for 'GET' to 'http://localhost:64914/session/33556a31acdf2b8e409b88503b6913df/element/7098acba-7e4f-4e44-9ec2-d331d3241984/name'
00:49:25.199 [Forwarding getElementTagName on session 33556a31acdf2b8e409b88503b6913df to remote] DEBUG org.asynchttpclient.netty.request.NettyRequestSender - Using open Channel [id: 0xb7c08279, L:/127.0.0.1:50342 - R:localhost/127.0.0.1:64914] for GET '/session/33556a31acdf2b8e409b88503b6913df/element/7098acba-7e4f-4e44-9ec2-d331d3241984/name'
00:49:25.211 [AsyncHttpClient-1-23] DEBUG org.asynchttpclient.netty.handler.HttpHandler - 

Request DefaultFullHttpRequest(decodeResult: success, version: HTTP/1.1, content: EmptyByteBufBE)
GET /session/33556a31acdf2b8e409b88503b6913df/element/7098acba-7e4f-4e44-9ec2-d331d3241984/name HTTP/1.1
User-Agent: selenium/4.1.2 (java windows)
Cache-Control: no-cache
Content-Type: application/json; charset=utf-8
host: localhost:64914
accept: */*

Response DefaultHttpResponse(decodeResult: success, version: HTTP/1.1)
HTTP/1.1 200 OK
Content-Type: application/json; charset=utf-8
cache-control: no-cache
content-length: 18

00:49:25.211 [AsyncHttpClient-1-23] DEBUG org.asynchttpclient.netty.channel.ChannelManager - Adding key: http://localhost:64914 for channel [id: 0xb7c08279, L:/127.0.0.1:50342 - R:localhost/127.0.0.1:64914]
00:49:25.212 [Forwarding getElementTagName on session 33556a31acdf2b8e409b88503b6913df to remote] DEBUG org.asynchttpclient.netty.request.NettyRequestSender - Using pooled Channel '[id: 0xb7c08279, L:/127.0.0.1:50342 - R:localhost/127.0.0.1:64914]' for 'GET' to 'http://localhost:64914/session/33556a31acdf2b8e409b88503b6913df/element/7098acba-7e4f-4e44-9ec2-d331d3241984/name'
00:49:25.212 [Forwarding getElementTagName on session 33556a31acdf2b8e409b88503b6913df to remote] DEBUG org.asynchttpclient.netty.request.NettyRequestSender - Using open Channel [id: 0xb7c08279, L:/127.0.0.1:50342 - R:localhost/127.0.0.1:64914] for GET '/session/33556a31acdf2b8e409b88503b6913df/element/7098acba-7e4f-4e44-9ec2-d331d3241984/name'
00:49:25.220 [AsyncHttpClient-1-23] DEBUG org.asynchttpclient.netty.handler.HttpHandler - 

Request DefaultFullHttpRequest(decodeResult: success, version: HTTP/1.1, content: EmptyByteBufBE)
GET /session/33556a31acdf2b8e409b88503b6913df/element/7098acba-7e4f-4e44-9ec2-d331d3241984/name HTTP/1.1
User-Agent: selenium/4.1.2 (java windows)
Cache-Control: no-cache
Content-Type: application/json; charset=utf-8
host: localhost:64914
accept: */*

Response DefaultHttpResponse(decodeResult: success, version: HTTP/1.1)
HTTP/1.1 200 OK
Content-Type: application/json; charset=utf-8
cache-control: no-cache
content-length: 18

00:49:25.220 [AsyncHttpClient-1-23] DEBUG org.asynchttpclient.netty.channel.ChannelManager - Adding key: http://localhost:64914 for channel [id: 0xb7c08279, L:/127.0.0.1:50342 - R:localhost/127.0.0.1:64914]
00:49:25.222 [Forwarding isElementEnabled on session 33556a31acdf2b8e409b88503b6913df to remote] DEBUG org.asynchttpclient.netty.request.NettyRequestSender - Using pooled Channel '[id: 0xb7c08279, L:/127.0.0.1:50342 - R:localhost/127.0.0.1:64914]' for 'GET' to 'http://localhost:64914/session/33556a31acdf2b8e409b88503b6913df/element/7098acba-7e4f-4e44-9ec2-d331d3241984/enabled'
00:49:25.222 [Forwarding isElementEnabled on session 33556a31acdf2b8e409b88503b6913df to remote] DEBUG org.asynchttpclient.netty.request.NettyRequestSender - Using open Channel [id: 0xb7c08279, L:/127.0.0.1:50342 - R:localhost/127.0.0.1:64914] for GET '/session/33556a31acdf2b8e409b88503b6913df/element/7098acba-7e4f-4e44-9ec2-d331d3241984/enabled'
00:49:25.237 [AsyncHttpClient-1-23] DEBUG org.asynchttpclient.netty.handler.HttpHandler - 

Request DefaultFullHttpRequest(decodeResult: success, version: HTTP/1.1, content: EmptyByteBufBE)
GET /session/33556a31acdf2b8e409b88503b6913df/element/7098acba-7e4f-4e44-9ec2-d331d3241984/enabled HTTP/1.1
User-Agent: selenium/4.1.2 (java windows)
Cache-Control: no-cache
Content-Type: application/json; charset=utf-8
host: localhost:64914
accept: */*

Response DefaultHttpResponse(decodeResult: success, version: HTTP/1.1)
HTTP/1.1 200 OK
Content-Type: application/json; charset=utf-8
cache-control: no-cache
content-length: 14

00:49:25.238 [AsyncHttpClient-1-23] DEBUG org.asynchttpclient.netty.channel.ChannelManager - Adding key: http://localhost:64914 for channel [id: 0xb7c08279, L:/127.0.0.1:50342 - R:localhost/127.0.0.1:64914]
00:49:25.239 [Forwarding isElementEnabled on session 33556a31acdf2b8e409b88503b6913df to remote] DEBUG org.asynchttpclient.netty.request.NettyRequestSender - Using pooled Channel '[id: 0xb7c08279, L:/127.0.0.1:50342 - R:localhost/127.0.0.1:64914]' for 'GET' to 'http://localhost:64914/session/33556a31acdf2b8e409b88503b6913df/element/7098acba-7e4f-4e44-9ec2-d331d3241984/enabled'
00:49:25.239 [Forwarding isElementEnabled on session 33556a31acdf2b8e409b88503b6913df to remote] DEBUG org.asynchttpclient.netty.request.NettyRequestSender - Using open Channel [id: 0xb7c08279, L:/127.0.0.1:50342 - R:localhost/127.0.0.1:64914] for GET '/session/33556a31acdf2b8e409b88503b6913df/element/7098acba-7e4f-4e44-9ec2-d331d3241984/enabled'
00:49:25.251 [AsyncHttpClient-1-23] DEBUG org.asynchttpclient.netty.handler.HttpHandler - 

Request DefaultFullHttpRequest(decodeResult: success, version: HTTP/1.1, content: EmptyByteBufBE)
GET /session/33556a31acdf2b8e409b88503b6913df/element/7098acba-7e4f-4e44-9ec2-d331d3241984/enabled HTTP/1.1
User-Agent: selenium/4.1.2 (java windows)
Cache-Control: no-cache
Content-Type: application/json; charset=utf-8
host: localhost:64914
accept: */*

Response DefaultHttpResponse(decodeResult: success, version: HTTP/1.1)
HTTP/1.1 200 OK
Content-Type: application/json; charset=utf-8
cache-control: no-cache
content-length: 14

00:49:25.251 [AsyncHttpClient-1-23] DEBUG org.asynchttpclient.netty.channel.ChannelManager - Adding key: http://localhost:64914 for channel [id: 0xb7c08279, L:/127.0.0.1:50342 - R:localhost/127.0.0.1:64914]
00:49:25.252 [Forwarding findElement on session 33556a31acdf2b8e409b88503b6913df to remote] DEBUG org.asynchttpclient.netty.request.NettyRequestSender - Using pooled Channel '[id: 0xb7c08279, L:/127.0.0.1:50342 - R:localhost/127.0.0.1:64914]' for 'POST' to 'http://localhost:64914/session/33556a31acdf2b8e409b88503b6913df/element'
00:49:25.253 [Forwarding findElement on session 33556a31acdf2b8e409b88503b6913df to remote] DEBUG org.asynchttpclient.netty.request.NettyRequestSender - Using open Channel [id: 0xb7c08279, L:/127.0.0.1:50342 - R:localhost/127.0.0.1:64914] for POST '/session/33556a31acdf2b8e409b88503b6913df/element'
00:49:25.267 [AsyncHttpClient-1-23] DEBUG org.asynchttpclient.netty.handler.HttpHandler - 

Request DefaultHttpRequest(decodeResult: success, version: HTTP/1.1)
POST /session/33556a31acdf2b8e409b88503b6913df/element HTTP/1.1
User-Agent: selenium/4.1.2 (java windows)
Content-Length: 71
Content-Type: application/json; charset=utf-8
host: localhost:64914
accept: */*

Response DefaultHttpResponse(decodeResult: success, version: HTTP/1.1)
HTTP/1.1 200 OK
Content-Type: application/json; charset=utf-8
cache-control: no-cache
content-length: 88

00:49:25.267 [AsyncHttpClient-1-23] DEBUG org.asynchttpclient.netty.channel.ChannelManager - Adding key: http://localhost:64914 for channel [id: 0xb7c08279, L:/127.0.0.1:50342 - R:localhost/127.0.0.1:64914]
00:49:25.268 [Forwarding clickElement on session 33556a31acdf2b8e409b88503b6913df to remote] DEBUG org.asynchttpclient.netty.request.NettyRequestSender - Using pooled Channel '[id: 0xb7c08279, L:/127.0.0.1:50342 - R:localhost/127.0.0.1:64914]' for 'POST' to 'http://localhost:64914/session/33556a31acdf2b8e409b88503b6913df/element/7098acba-7e4f-4e44-9ec2-d331d3241984/click'
00:49:25.268 [Forwarding clickElement on session 33556a31acdf2b8e409b88503b6913df to remote] DEBUG org.asynchttpclient.netty.request.NettyRequestSender - Using open Channel [id: 0xb7c08279, L:/127.0.0.1:50342 - R:localhost/127.0.0.1:64914] for POST '/session/33556a31acdf2b8e409b88503b6913df/element/7098acba-7e4f-4e44-9ec2-d331d3241984/click'
00:49:25.337 [AsyncHttpClient-1-23] DEBUG org.asynchttpclient.netty.handler.HttpHandler - 

Request DefaultHttpRequest(decodeResult: success, version: HTTP/1.1)
POST /session/33556a31acdf2b8e409b88503b6913df/element/7098acba-7e4f-4e44-9ec2-d331d3241984/click HTTP/1.1
User-Agent: selenium/4.1.2 (java windows)
Content-Length: 50
Content-Type: application/json; charset=utf-8
host: localhost:64914
accept: */*

Response DefaultHttpResponse(decodeResult: success, version: HTTP/1.1)
HTTP/1.1 200 OK
Content-Type: application/json; charset=utf-8
cache-control: no-cache
content-length: 14

00:49:25.337 [AsyncHttpClient-1-23] DEBUG org.asynchttpclient.netty.channel.ChannelManager - Adding key: http://localhost:64914 for channel [id: 0xb7c08279, L:/127.0.0.1:50342 - R:localhost/127.0.0.1:64914]
00:49:25.342 [Forwarding screenshot on session 33556a31acdf2b8e409b88503b6913df to remote] DEBUG org.asynchttpclient.netty.request.NettyRequestSender - Using pooled Channel '[id: 0xb7c08279, L:/127.0.0.1:50342 - R:localhost/127.0.0.1:64914]' for 'GET' to 'http://localhost:64914/session/33556a31acdf2b8e409b88503b6913df/screenshot'
00:49:25.342 [Forwarding screenshot on session 33556a31acdf2b8e409b88503b6913df to remote] DEBUG org.asynchttpclient.netty.request.NettyRequestSender - Using open Channel [id: 0xb7c08279, L:/127.0.0.1:50342 - R:localhost/127.0.0.1:64914] for GET '/session/33556a31acdf2b8e409b88503b6913df/screenshot'
00:49:25.721 [AsyncHttpClient-1-23] DEBUG org.asynchttpclient.netty.handler.HttpHandler - 

Request DefaultFullHttpRequest(decodeResult: success, version: HTTP/1.1, content: EmptyByteBufBE)
GET /session/33556a31acdf2b8e409b88503b6913df/screenshot HTTP/1.1
User-Agent: selenium/4.1.2 (java windows)
Cache-Control: no-cache
Content-Type: application/json; charset=utf-8
host: localhost:64914
accept: */*

Response DefaultHttpResponse(decodeResult: success, version: HTTP/1.1)
HTTP/1.1 200 OK
Content-Type: application/json; charset=utf-8
cache-control: no-cache
content-length: 575004

00:49:25.721 [AsyncHttpClient-1-23] DEBUG org.asynchttpclient.netty.channel.ChannelManager - Adding key: http://localhost:64914 for channel [id: 0xb7c08279, L:/127.0.0.1:50342 - R:localhost/127.0.0.1:64914]
00:49:25.732 [main] DEBUG net.serenitybdd.core.photography.Darkroom - Send negative for processing for target\site\serenity\bdfb3257a55b5f729af578dfc1dc3a5762c89839bea5dc19984e34dd6640fee1.png
00:49:25.732 [main] DEBUG net.thucydides.core.steps.StepInterceptor - STEP DONE: clickloginButton
  &amp#27;[32mAnd &amp#27;[0m&amp#27;[32mclick login button&amp#27;[0m                            &amp#27;[90m# starter.definitions.LoginSteps.clickLoginButton()&amp#27;[0m
00:49:25.745 [main] DEBUG net.thucydides.core.steps.StepInterceptor - STARTING STEP: LoginSteps.clickSucsessLogin - sucseslogin
00:49:25.747 [Forwarding findElement on session 33556a31acdf2b8e409b88503b6913df to remote] DEBUG org.asynchttpclient.netty.request.NettyRequestSender - Using pooled Channel '[id: 0xb7c08279, L:/127.0.0.1:50342 - R:localhost/127.0.0.1:64914]' for 'POST' to 'http://localhost:64914/session/33556a31acdf2b8e409b88503b6913df/element'
00:49:25.747 [Forwarding findElement on session 33556a31acdf2b8e409b88503b6913df to remote] DEBUG org.asynchttpclient.netty.request.NettyRequestSender - Using open Channel [id: 0xb7c08279, L:/127.0.0.1:50342 - R:localhost/127.0.0.1:64914] for POST '/session/33556a31acdf2b8e409b88503b6913df/element'
00:49:25.804 [AsyncHttpClient-1-23] DEBUG org.asynchttpclient.netty.handler.HttpHandler - 

Request DefaultHttpRequest(decodeResult: success, version: HTTP/1.1)
POST /session/33556a31acdf2b8e409b88503b6913df/element HTTP/1.1
User-Agent: selenium/4.1.2 (java windows)
Content-Length: 79
Content-Type: application/json; charset=utf-8
host: localhost:64914
accept: */*

Response DefaultHttpResponse(decodeResult: success, version: HTTP/1.1)
HTTP/1.1 200 OK
Content-Type: application/json; charset=utf-8
cache-control: no-cache
content-length: 88

00:49:25.804 [AsyncHttpClient-1-23] DEBUG org.asynchttpclient.netty.channel.ChannelManager - Adding key: http://localhost:64914 for channel [id: 0xb7c08279, L:/127.0.0.1:50342 - R:localhost/127.0.0.1:64914]
00:49:25.805 [Forwarding getElementTagName on session 33556a31acdf2b8e409b88503b6913df to remote] DEBUG org.asynchttpclient.netty.request.NettyRequestSender - Using pooled Channel '[id: 0xb7c08279, L:/127.0.0.1:50342 - R:localhost/127.0.0.1:64914]' for 'GET' to 'http://localhost:64914/session/33556a31acdf2b8e409b88503b6913df/element/70d4048a-5dc4-496e-abcf-1d8cac317ddb/name'
00:49:25.805 [Forwarding getElementTagName on session 33556a31acdf2b8e409b88503b6913df to remote] DEBUG org.asynchttpclient.netty.request.NettyRequestSender - Using open Channel [id: 0xb7c08279, L:/127.0.0.1:50342 - R:localhost/127.0.0.1:64914] for GET '/session/33556a31acdf2b8e409b88503b6913df/element/70d4048a-5dc4-496e-abcf-1d8cac317ddb/name'
00:49:25.820 [AsyncHttpClient-1-23] DEBUG org.asynchttpclient.netty.handler.HttpHandler - 

Request DefaultFullHttpRequest(decodeResult: success, version: HTTP/1.1, content: EmptyByteBufBE)
GET /session/33556a31acdf2b8e409b88503b6913df/element/70d4048a-5dc4-496e-abcf-1d8cac317ddb/name HTTP/1.1
User-Agent: selenium/4.1.2 (java windows)
Cache-Control: no-cache
Content-Type: application/json; charset=utf-8
host: localhost:64914
accept: */*

Response DefaultHttpResponse(decodeResult: success, version: HTTP/1.1)
HTTP/1.1 200 OK
Content-Type: application/json; charset=utf-8
cache-control: no-cache
content-length: 18

00:49:25.820 [AsyncHttpClient-1-23] DEBUG org.asynchttpclient.netty.channel.ChannelManager - Adding key: http://localhost:64914 for channel [id: 0xb7c08279, L:/127.0.0.1:50342 - R:localhost/127.0.0.1:64914]
00:49:25.821 [Forwarding getElementTagName on session 33556a31acdf2b8e409b88503b6913df to remote] DEBUG org.asynchttpclient.netty.request.NettyRequestSender - Using pooled Channel '[id: 0xb7c08279, L:/127.0.0.1:50342 - R:localhost/127.0.0.1:64914]' for 'GET' to 'http://localhost:64914/session/33556a31acdf2b8e409b88503b6913df/element/70d4048a-5dc4-496e-abcf-1d8cac317ddb/name'
00:49:25.821 [Forwarding getElementTagName on session 33556a31acdf2b8e409b88503b6913df to remote] DEBUG org.asynchttpclient.netty.request.NettyRequestSender - Using open Channel [id: 0xb7c08279, L:/127.0.0.1:50342 - R:localhost/127.0.0.1:64914] for GET '/session/33556a31acdf2b8e409b88503b6913df/element/70d4048a-5dc4-496e-abcf-1d8cac317ddb/name'
00:49:25.832 [AsyncHttpClient-1-23] DEBUG org.asynchttpclient.netty.handler.HttpHandler - 

Request DefaultFullHttpRequest(decodeResult: success, version: HTTP/1.1, content: EmptyByteBufBE)
GET /session/33556a31acdf2b8e409b88503b6913df/element/70d4048a-5dc4-496e-abcf-1d8cac317ddb/name HTTP/1.1
User-Agent: selenium/4.1.2 (java windows)
Cache-Control: no-cache
Content-Type: application/json; charset=utf-8
host: localhost:64914
accept: */*

Response DefaultHttpResponse(decodeResult: success, version: HTTP/1.1)
HTTP/1.1 200 OK
Content-Type: application/json; charset=utf-8
cache-control: no-cache
content-length: 18

00:49:25.832 [AsyncHttpClient-1-23] DEBUG org.asynchttpclient.netty.channel.ChannelManager - Adding key: http://localhost:64914 for channel [id: 0xb7c08279, L:/127.0.0.1:50342 - R:localhost/127.0.0.1:64914]
00:49:25.834 [Forwarding isElementEnabled on session 33556a31acdf2b8e409b88503b6913df to remote] DEBUG org.asynchttpclient.netty.request.NettyRequestSender - Using pooled Channel '[id: 0xb7c08279, L:/127.0.0.1:50342 - R:localhost/127.0.0.1:64914]' for 'GET' to 'http://localhost:64914/session/33556a31acdf2b8e409b88503b6913df/element/70d4048a-5dc4-496e-abcf-1d8cac317ddb/enabled'
00:49:25.834 [Forwarding isElementEnabled on session 33556a31acdf2b8e409b88503b6913df to remote] DEBUG org.asynchttpclient.netty.request.NettyRequestSender - Using open Channel [id: 0xb7c08279, L:/127.0.0.1:50342 - R:localhost/127.0.0.1:64914] for GET '/session/33556a31acdf2b8e409b88503b6913df/element/70d4048a-5dc4-496e-abcf-1d8cac317ddb/enabled'
00:49:25.849 [AsyncHttpClient-1-23] DEBUG org.asynchttpclient.netty.handler.HttpHandler - 

Request DefaultFullHttpRequest(decodeResult: success, version: HTTP/1.1, content: EmptyByteBufBE)
GET /session/33556a31acdf2b8e409b88503b6913df/element/70d4048a-5dc4-496e-abcf-1d8cac317ddb/enabled HTTP/1.1
User-Agent: selenium/4.1.2 (java windows)
Cache-Control: no-cache
Content-Type: application/json; charset=utf-8
host: localhost:64914
accept: */*

Response DefaultHttpResponse(decodeResult: success, version: HTTP/1.1)
HTTP/1.1 200 OK
Content-Type: application/json; charset=utf-8
cache-control: no-cache
content-length: 14

00:49:25.849 [AsyncHttpClient-1-23] DEBUG org.asynchttpclient.netty.channel.ChannelManager - Adding key: http://localhost:64914 for channel [id: 0xb7c08279, L:/127.0.0.1:50342 - R:localhost/127.0.0.1:64914]
00:49:25.850 [Forwarding isElementEnabled on session 33556a31acdf2b8e409b88503b6913df to remote] DEBUG org.asynchttpclient.netty.request.NettyRequestSender - Using pooled Channel '[id: 0xb7c08279, L:/127.0.0.1:50342 - R:localhost/127.0.0.1:64914]' for 'GET' to 'http://localhost:64914/session/33556a31acdf2b8e409b88503b6913df/element/70d4048a-5dc4-496e-abcf-1d8cac317ddb/enabled'
00:49:25.850 [Forwarding isElementEnabled on session 33556a31acdf2b8e409b88503b6913df to remote] DEBUG org.asynchttpclient.netty.request.NettyRequestSender - Using open Channel [id: 0xb7c08279, L:/127.0.0.1:50342 - R:localhost/127.0.0.1:64914] for GET '/session/33556a31acdf2b8e409b88503b6913df/element/70d4048a-5dc4-496e-abcf-1d8cac317ddb/enabled'
00:49:25.876 [AsyncHttpClient-1-23] DEBUG org.asynchttpclient.netty.handler.HttpHandler - 

Request DefaultFullHttpRequest(decodeResult: success, version: HTTP/1.1, content: EmptyByteBufBE)
GET /session/33556a31acdf2b8e409b88503b6913df/element/70d4048a-5dc4-496e-abcf-1d8cac317ddb/enabled HTTP/1.1
User-Agent: selenium/4.1.2 (java windows)
Cache-Control: no-cache
Content-Type: application/json; charset=utf-8
host: localhost:64914
accept: */*

Response DefaultHttpResponse(decodeResult: success, version: HTTP/1.1)
HTTP/1.1 200 OK
Content-Type: application/json; charset=utf-8
cache-control: no-cache
content-length: 14

00:49:25.876 [AsyncHttpClient-1-23] DEBUG org.asynchttpclient.netty.channel.ChannelManager - Adding key: http://localhost:64914 for channel [id: 0xb7c08279, L:/127.0.0.1:50342 - R:localhost/127.0.0.1:64914]
00:49:25.878 [Forwarding findElement on session 33556a31acdf2b8e409b88503b6913df to remote] DEBUG org.asynchttpclient.netty.request.NettyRequestSender - Using pooled Channel '[id: 0xb7c08279, L:/127.0.0.1:50342 - R:localhost/127.0.0.1:64914]' for 'POST' to 'http://localhost:64914/session/33556a31acdf2b8e409b88503b6913df/element'
00:49:25.878 [Forwarding findElement on session 33556a31acdf2b8e409b88503b6913df to remote] DEBUG org.asynchttpclient.netty.request.NettyRequestSender - Using open Channel [id: 0xb7c08279, L:/127.0.0.1:50342 - R:localhost/127.0.0.1:64914] for POST '/session/33556a31acdf2b8e409b88503b6913df/element'
00:49:25.897 [AsyncHttpClient-1-23] DEBUG org.asynchttpclient.netty.handler.HttpHandler - 

Request DefaultHttpRequest(decodeResult: success, version: HTTP/1.1)
POST /session/33556a31acdf2b8e409b88503b6913df/element HTTP/1.1
User-Agent: selenium/4.1.2 (java windows)
Content-Length: 79
Content-Type: application/json; charset=utf-8
host: localhost:64914
accept: */*

Response DefaultHttpResponse(decodeResult: success, version: HTTP/1.1)
HTTP/1.1 200 OK
Content-Type: application/json; charset=utf-8
cache-control: no-cache
content-length: 88

00:49:25.897 [AsyncHttpClient-1-23] DEBUG org.asynchttpclient.netty.channel.ChannelManager - Adding key: http://localhost:64914 for channel [id: 0xb7c08279, L:/127.0.0.1:50342 - R:localhost/127.0.0.1:64914]
00:49:25.899 [Forwarding clickElement on session 33556a31acdf2b8e409b88503b6913df to remote] DEBUG org.asynchttpclient.netty.request.NettyRequestSender - Using pooled Channel '[id: 0xb7c08279, L:/127.0.0.1:50342 - R:localhost/127.0.0.1:64914]' for 'POST' to 'http://localhost:64914/session/33556a31acdf2b8e409b88503b6913df/element/70d4048a-5dc4-496e-abcf-1d8cac317ddb/click'
00:49:25.899 [Forwarding clickElement on session 33556a31acdf2b8e409b88503b6913df to remote] DEBUG org.asynchttpclient.netty.request.NettyRequestSender - Using open Channel [id: 0xb7c08279, L:/127.0.0.1:50342 - R:localhost/127.0.0.1:64914] for POST '/session/33556a31acdf2b8e409b88503b6913df/element/70d4048a-5dc4-496e-abcf-1d8cac317ddb/click'
00:49:25.938 [AsyncHttpClient-1-23] DEBUG org.asynchttpclient.netty.handler.HttpHandler - 

Request DefaultHttpRequest(decodeResult: success, version: HTTP/1.1)
POST /session/33556a31acdf2b8e409b88503b6913df/element/70d4048a-5dc4-496e-abcf-1d8cac317ddb/click HTTP/1.1
User-Agent: selenium/4.1.2 (java windows)
Content-Length: 50
Content-Type: application/json; charset=utf-8
host: localhost:64914
accept: */*

Response DefaultHttpResponse(decodeResult: success, version: HTTP/1.1)
HTTP/1.1 200 OK
Content-Type: application/json; charset=utf-8
cache-control: no-cache
content-length: 14

00:49:25.938 [AsyncHttpClient-1-23] DEBUG org.asynchttpclient.netty.channel.ChannelManager - Adding key: http://localhost:64914 for channel [id: 0xb7c08279, L:/127.0.0.1:50342 - R:localhost/127.0.0.1:64914]
00:49:25.943 [Forwarding screenshot on session 33556a31acdf2b8e409b88503b6913df to remote] DEBUG org.asynchttpclient.netty.request.NettyRequestSender - Using pooled Channel '[id: 0xb7c08279, L:/127.0.0.1:50342 - R:localhost/127.0.0.1:64914]' for 'GET' to 'http://localhost:64914/session/33556a31acdf2b8e409b88503b6913df/screenshot'
00:49:25.943 [Forwarding screenshot on session 33556a31acdf2b8e409b88503b6913df to remote] DEBUG org.asynchttpclient.netty.request.NettyRequestSender - Using open Channel [id: 0xb7c08279, L:/127.0.0.1:50342 - R:localhost/127.0.0.1:64914] for GET '/session/33556a31acdf2b8e409b88503b6913df/screenshot'
00:49:26.092 [AsyncHttpClient-1-1] DEBUG org.asynchttpclient.netty.channel.DefaultChannelPool - Entry count for : http://localhost:50343 : 1
00:49:26.185 [AsyncHttpClient-1-23] DEBUG org.asynchttpclient.netty.handler.HttpHandler - 

Request DefaultFullHttpRequest(decodeResult: success, version: HTTP/1.1, content: EmptyByteBufBE)
GET /session/33556a31acdf2b8e409b88503b6913df/screenshot HTTP/1.1
User-Agent: selenium/4.1.2 (java windows)
Cache-Control: no-cache
Content-Type: application/json; charset=utf-8
host: localhost:64914
accept: */*

Response DefaultHttpResponse(decodeResult: success, version: HTTP/1.1)
HTTP/1.1 200 OK
Content-Type: application/json; charset=utf-8
cache-control: no-cache
content-length: 110396

00:49:26.185 [AsyncHttpClient-1-23] DEBUG org.asynchttpclient.netty.channel.ChannelManager - Adding key: http://localhost:64914 for channel [id: 0xb7c08279, L:/127.0.0.1:50342 - R:localhost/127.0.0.1:64914]
00:49:26.188 [main] DEBUG net.serenitybdd.core.photography.Darkroom - Send negative for processing for target\site\serenity\2d39a1d4e2abd256e18558a3d617cf8f731651f9ac5cf101c4d493b4d0b52e58.png
00:49:26.188 [main] DEBUG net.thucydides.core.steps.StepInterceptor - STEP DONE: sucseslogin
  &amp#27;[32mAnd &amp#27;[0m&amp#27;[32mclick sucsess login&amp#27;[0m                           &amp#27;[90m# starter.definitions.LoginSteps.clickSucsessLogin()&amp#27;[0m
00:49:26.188 [Darkroom Processing Line] DEBUG net.serenitybdd.core.photography.DarkroomProcessingLine - Processing screenshot image in /var/screenshots/screenshot-2365985978782299592
00:49:26.188 [Darkroom Processing Line] DEBUG net.serenitybdd.core.photography.DarkroomProcessingLine - Saving screenshot to target\site\serenity\2d39a1d4e2abd256e18558a3d617cf8f731651f9ac5cf101c4d493b4d0b52e58.png
00:49:26.207 [main] DEBUG net.thucydides.core.steps.StepInterceptor - STARTING STEP: UserSteps.Admindashboardpage - Dashboardpage
00:49:26.209 [Forwarding findElement on session 33556a31acdf2b8e409b88503b6913df to remote] DEBUG org.asynchttpclient.netty.request.NettyRequestSender - Using pooled Channel '[id: 0xb7c08279, L:/127.0.0.1:50342 - R:localhost/127.0.0.1:64914]' for 'POST' to 'http://localhost:64914/session/33556a31acdf2b8e409b88503b6913df/element'
00:49:26.209 [Forwarding findElement on session 33556a31acdf2b8e409b88503b6913df to remote] DEBUG org.asynchttpclient.netty.request.NettyRequestSender - Using open Channel [id: 0xb7c08279, L:/127.0.0.1:50342 - R:localhost/127.0.0.1:64914] for POST '/session/33556a31acdf2b8e409b88503b6913df/element'
00:49:26.225 [AsyncHttpClient-1-23] DEBUG org.asynchttpclient.netty.handler.HttpHandler - 

Request DefaultHttpRequest(decodeResult: success, version: HTTP/1.1)
POST /session/33556a31acdf2b8e409b88503b6913df/element HTTP/1.1
User-Agent: selenium/4.1.2 (java windows)
Content-Length: 82
Content-Type: application/json; charset=utf-8
host: localhost:64914
accept: */*

Response DefaultHttpResponse(decodeResult: success, version: HTTP/1.1)
HTTP/1.1 200 OK
Content-Type: application/json; charset=utf-8
cache-control: no-cache
content-length: 88

00:49:26.225 [AsyncHttpClient-1-23] DEBUG org.asynchttpclient.netty.channel.ChannelManager - Adding key: http://localhost:64914 for channel [id: 0xb7c08279, L:/127.0.0.1:50342 - R:localhost/127.0.0.1:64914]
00:49:26.228 [Forwarding isElementDisplayed on session 33556a31acdf2b8e409b88503b6913df to remote] DEBUG org.asynchttpclient.netty.request.NettyRequestSender - Using pooled Channel '[id: 0xb7c08279, L:/127.0.0.1:50342 - R:localhost/127.0.0.1:64914]' for 'POST' to 'http://localhost:64914/session/33556a31acdf2b8e409b88503b6913df/execute/sync'
00:49:26.228 [Forwarding isElementDisplayed on session 33556a31acdf2b8e409b88503b6913df to remote] DEBUG org.asynchttpclient.netty.request.NettyRequestSender - Using open Channel [id: 0xb7c08279, L:/127.0.0.1:50342 - R:localhost/127.0.0.1:64914] for POST '/session/33556a31acdf2b8e409b88503b6913df/execute/sync'
00:49:26.246 [AsyncHttpClient-1-23] DEBUG org.asynchttpclient.netty.handler.HttpHandler - 

Request DefaultHttpRequest(decodeResult: success, version: HTTP/1.1)
POST /session/33556a31acdf2b8e409b88503b6913df/execute/sync HTTP/1.1
User-Agent: selenium/4.1.2 (java windows)
Content-Length: 48780
Content-Type: application/json; charset=utf-8
host: localhost:64914
accept: */*

Response DefaultHttpResponse(decodeResult: success, version: HTTP/1.1)
HTTP/1.1 200 OK
Content-Type: application/json; charset=utf-8
cache-control: no-cache
content-length: 14

00:49:26.246 [AsyncHttpClient-1-23] DEBUG org.asynchttpclient.netty.channel.ChannelManager - Adding key: http://localhost:64914 for channel [id: 0xb7c08279, L:/127.0.0.1:50342 - R:localhost/127.0.0.1:64914]
00:49:26.250 [Forwarding screenshot on session 33556a31acdf2b8e409b88503b6913df to remote] DEBUG org.asynchttpclient.netty.request.NettyRequestSender - Using pooled Channel '[id: 0xb7c08279, L:/127.0.0.1:50342 - R:localhost/127.0.0.1:64914]' for 'GET' to 'http://localhost:64914/session/33556a31acdf2b8e409b88503b6913df/screenshot'
00:49:26.250 [Forwarding screenshot on session 33556a31acdf2b8e409b88503b6913df to remote] DEBUG org.asynchttpclient.netty.request.NettyRequestSender - Using open Channel [id: 0xb7c08279, L:/127.0.0.1:50342 - R:localhost/127.0.0.1:64914] for GET '/session/33556a31acdf2b8e409b88503b6913df/screenshot'
00:49:26.478 [AsyncHttpClient-1-23] DEBUG org.asynchttpclient.netty.handler.HttpHandler - 

Request DefaultFullHttpRequest(decodeResult: success, version: HTTP/1.1, content: EmptyByteBufBE)
GET /session/33556a31acdf2b8e409b88503b6913df/screenshot HTTP/1.1
User-Agent: selenium/4.1.2 (java windows)
Cache-Control: no-cache
Content-Type: application/json; charset=utf-8
host: localhost:64914
accept: */*

Response DefaultHttpResponse(decodeResult: success, version: HTTP/1.1)
HTTP/1.1 200 OK
Content-Type: application/json; charset=utf-8
cache-control: no-cache
content-length: 122804

00:49:26.478 [AsyncHttpClient-1-23] DEBUG org.asynchttpclient.netty.channel.ChannelManager - Adding key: http://localhost:64914 for channel [id: 0xb7c08279, L:/127.0.0.1:50342 - R:localhost/127.0.0.1:64914]
00:49:26.481 [main] DEBUG net.serenitybdd.core.photography.Darkroom - Send negative for processing for target\site\serenity\1e1991d6273b41ce0c2708793b9e8657fe54588cc40dc10fd49810cea9691264.png
00:49:26.481 [main] DEBUG net.thucydides.core.steps.StepInterceptor - STEP DONE: Dashboardpage
  &amp#27;[32mGiven &amp#27;[0m&amp#27;[32mAdmin dashboard page&amp#27;[0m                        &amp#27;[90m# starter.definitions.UserSteps.Admindashboardpage()&amp#27;[0m
00:49:26.482 [Darkroom Processing Line] DEBUG net.serenitybdd.core.photography.DarkroomProcessingLine - Processing screenshot image in /var/screenshots/screenshot-12228351487049625580
00:49:26.482 [Darkroom Processing Line] DEBUG net.serenitybdd.core.photography.DarkroomProcessingLine - Saving screenshot to target\site\serenity\1e1991d6273b41ce0c2708793b9e8657fe54588cc40dc10fd49810cea9691264.png
00:49:26.494 [main] DEBUG net.thucydides.core.steps.StepInterceptor - STARTING STEP: UserSteps.adminClickUserPage - userpage
00:49:26.496 [Forwarding findElement on session 33556a31acdf2b8e409b88503b6913df to remote] DEBUG org.asynchttpclient.netty.request.NettyRequestSender - Using pooled Channel '[id: 0xb7c08279, L:/127.0.0.1:50342 - R:localhost/127.0.0.1:64914]' for 'POST' to 'http://localhost:64914/session/33556a31acdf2b8e409b88503b6913df/element'
00:49:26.496 [Forwarding findElement on session 33556a31acdf2b8e409b88503b6913df to remote] DEBUG org.asynchttpclient.netty.request.NettyRequestSender - Using open Channel [id: 0xb7c08279, L:/127.0.0.1:50342 - R:localhost/127.0.0.1:64914] for POST '/session/33556a31acdf2b8e409b88503b6913df/element'
00:49:26.829 [AsyncHttpClient-1-23] DEBUG org.asynchttpclient.netty.handler.HttpHandler - 

Request DefaultHttpRequest(decodeResult: success, version: HTTP/1.1)
POST /session/33556a31acdf2b8e409b88503b6913df/element HTTP/1.1
User-Agent: selenium/4.1.2 (java windows)
Content-Length: 72
Content-Type: application/json; charset=utf-8
host: localhost:64914
accept: */*

Response DefaultHttpResponse(decodeResult: success, version: HTTP/1.1)
HTTP/1.1 200 OK
Content-Type: application/json; charset=utf-8
cache-control: no-cache
content-length: 88

00:49:26.829 [AsyncHttpClient-1-23] DEBUG org.asynchttpclient.netty.channel.ChannelManager - Adding key: http://localhost:64914 for channel [id: 0xb7c08279, L:/127.0.0.1:50342 - R:localhost/127.0.0.1:64914]
00:49:26.830 [Forwarding getElementTagName on session 33556a31acdf2b8e409b88503b6913df to remote] DEBUG org.asynchttpclient.netty.request.NettyRequestSender - Using pooled Channel '[id: 0xb7c08279, L:/127.0.0.1:50342 - R:localhost/127.0.0.1:64914]' for 'GET' to 'http://localhost:64914/session/33556a31acdf2b8e409b88503b6913df/element/85943e80-6861-495a-bca3-afbe63045695/name'
00:49:26.830 [Forwarding getElementTagName on session 33556a31acdf2b8e409b88503b6913df to remote] DEBUG org.asynchttpclient.netty.request.NettyRequestSender - Using open Channel [id: 0xb7c08279, L:/127.0.0.1:50342 - R:localhost/127.0.0.1:64914] for GET '/session/33556a31acdf2b8e409b88503b6913df/element/85943e80-6861-495a-bca3-afbe63045695/name'
00:49:26.840 [AsyncHttpClient-1-23] DEBUG org.asynchttpclient.netty.handler.HttpHandler - 

Request DefaultFullHttpRequest(decodeResult: success, version: HTTP/1.1, content: EmptyByteBufBE)
GET /session/33556a31acdf2b8e409b88503b6913df/element/85943e80-6861-495a-bca3-afbe63045695/name HTTP/1.1
User-Agent: selenium/4.1.2 (java windows)
Cache-Control: no-cache
Content-Type: application/json; charset=utf-8
host: localhost:64914
accept: */*

Response DefaultHttpResponse(decodeResult: success, version: HTTP/1.1)
HTTP/1.1 200 OK
Content-Type: application/json; charset=utf-8
cache-control: no-cache
content-length: 15

00:49:26.840 [AsyncHttpClient-1-23] DEBUG org.asynchttpclient.netty.channel.ChannelManager - Adding key: http://localhost:64914 for channel [id: 0xb7c08279, L:/127.0.0.1:50342 - R:localhost/127.0.0.1:64914]
00:49:26.842 [Forwarding getElementTagName on session 33556a31acdf2b8e409b88503b6913df to remote] DEBUG org.asynchttpclient.netty.request.NettyRequestSender - Using pooled Channel '[id: 0xb7c08279, L:/127.0.0.1:50342 - R:localhost/127.0.0.1:64914]' for 'GET' to 'http://localhost:64914/session/33556a31acdf2b8e409b88503b6913df/element/85943e80-6861-495a-bca3-afbe63045695/name'
00:49:26.842 [Forwarding getElementTagName on session 33556a31acdf2b8e409b88503b6913df to remote] DEBUG org.asynchttpclient.netty.request.NettyRequestSender - Using open Channel [id: 0xb7c08279, L:/127.0.0.1:50342 - R:localhost/127.0.0.1:64914] for GET '/session/33556a31acdf2b8e409b88503b6913df/element/85943e80-6861-495a-bca3-afbe63045695/name'
00:49:26.851 [AsyncHttpClient-1-23] DEBUG org.asynchttpclient.netty.handler.HttpHandler - 

Request DefaultFullHttpRequest(decodeResult: success, version: HTTP/1.1, content: EmptyByteBufBE)
GET /session/33556a31acdf2b8e409b88503b6913df/element/85943e80-6861-495a-bca3-afbe63045695/name HTTP/1.1
User-Agent: selenium/4.1.2 (java windows)
Cache-Control: no-cache
Content-Type: application/json; charset=utf-8
host: localhost:64914
accept: */*

Response DefaultHttpResponse(decodeResult: success, version: HTTP/1.1)
HTTP/1.1 200 OK
Content-Type: application/json; charset=utf-8
cache-control: no-cache
content-length: 15

00:49:26.851 [AsyncHttpClient-1-23] DEBUG org.asynchttpclient.netty.channel.ChannelManager - Adding key: http://localhost:64914 for channel [id: 0xb7c08279, L:/127.0.0.1:50342 - R:localhost/127.0.0.1:64914]
00:49:26.853 [Forwarding findElement on session 33556a31acdf2b8e409b88503b6913df to remote] DEBUG org.asynchttpclient.netty.request.NettyRequestSender - Using pooled Channel '[id: 0xb7c08279, L:/127.0.0.1:50342 - R:localhost/127.0.0.1:64914]' for 'POST' to 'http://localhost:64914/session/33556a31acdf2b8e409b88503b6913df/element'
00:49:26.853 [Forwarding findElement on session 33556a31acdf2b8e409b88503b6913df to remote] DEBUG org.asynchttpclient.netty.request.NettyRequestSender - Using open Channel [id: 0xb7c08279, L:/127.0.0.1:50342 - R:localhost/127.0.0.1:64914] for POST '/session/33556a31acdf2b8e409b88503b6913df/element'
00:49:26.868 [AsyncHttpClient-1-23] DEBUG org.asynchttpclient.netty.handler.HttpHandler - 

Request DefaultHttpRequest(decodeResult: success, version: HTTP/1.1)
POST /session/33556a31acdf2b8e409b88503b6913df/element HTTP/1.1
User-Agent: selenium/4.1.2 (java windows)
Content-Length: 72
Content-Type: application/json; charset=utf-8
host: localhost:64914
accept: */*

Response DefaultHttpResponse(decodeResult: success, version: HTTP/1.1)
HTTP/1.1 200 OK
Content-Type: application/json; charset=utf-8
cache-control: no-cache
content-length: 88

00:49:26.868 [AsyncHttpClient-1-23] DEBUG org.asynchttpclient.netty.channel.ChannelManager - Adding key: http://localhost:64914 for channel [id: 0xb7c08279, L:/127.0.0.1:50342 - R:localhost/127.0.0.1:64914]
00:49:26.869 [Forwarding clickElement on session 33556a31acdf2b8e409b88503b6913df to remote] DEBUG org.asynchttpclient.netty.request.NettyRequestSender - Using pooled Channel '[id: 0xb7c08279, L:/127.0.0.1:50342 - R:localhost/127.0.0.1:64914]' for 'POST' to 'http://localhost:64914/session/33556a31acdf2b8e409b88503b6913df/element/85943e80-6861-495a-bca3-afbe63045695/click'
00:49:26.869 [Forwarding clickElement on session 33556a31acdf2b8e409b88503b6913df to remote] DEBUG org.asynchttpclient.netty.request.NettyRequestSender - Using open Channel [id: 0xb7c08279, L:/127.0.0.1:50342 - R:localhost/127.0.0.1:64914] for POST '/session/33556a31acdf2b8e409b88503b6913df/element/85943e80-6861-495a-bca3-afbe63045695/click'
00:49:26.965 [AsyncHttpClient-1-23] DEBUG org.asynchttpclient.netty.handler.HttpHandler - 

Request DefaultHttpRequest(decodeResult: success, version: HTTP/1.1)
POST /session/33556a31acdf2b8e409b88503b6913df/element/85943e80-6861-495a-bca3-afbe63045695/click HTTP/1.1
User-Agent: selenium/4.1.2 (java windows)
Content-Length: 50
Content-Type: application/json; charset=utf-8
host: localhost:64914
accept: */*

Response DefaultHttpResponse(decodeResult: success, version: HTTP/1.1)
HTTP/1.1 200 OK
Content-Type: application/json; charset=utf-8
cache-control: no-cache
content-length: 14

00:49:26.965 [AsyncHttpClient-1-23] DEBUG org.asynchttpclient.netty.channel.ChannelManager - Adding key: http://localhost:64914 for channel [id: 0xb7c08279, L:/127.0.0.1:50342 - R:localhost/127.0.0.1:64914]
00:49:26.970 [Forwarding screenshot on session 33556a31acdf2b8e409b88503b6913df to remote] DEBUG org.asynchttpclient.netty.request.NettyRequestSender - Using pooled Channel '[id: 0xb7c08279, L:/127.0.0.1:50342 - R:localhost/127.0.0.1:64914]' for 'GET' to 'http://localhost:64914/session/33556a31acdf2b8e409b88503b6913df/screenshot'
00:49:26.970 [Forwarding screenshot on session 33556a31acdf2b8e409b88503b6913df to remote] DEBUG org.asynchttpclient.netty.request.NettyRequestSender - Using open Channel [id: 0xb7c08279, L:/127.0.0.1:50342 - R:localhost/127.0.0.1:64914] for GET '/session/33556a31acdf2b8e409b88503b6913df/screenshot'
00:49:27.110 [AsyncHttpClient-1-23] DEBUG org.asynchttpclient.netty.handler.HttpHandler - 

Request DefaultFullHttpRequest(decodeResult: success, version: HTTP/1.1, content: EmptyByteBufBE)
GET /session/33556a31acdf2b8e409b88503b6913df/screenshot HTTP/1.1
User-Agent: selenium/4.1.2 (java windows)
Cache-Control: no-cache
Content-Type: application/json; charset=utf-8
host: localhost:64914
accept: */*

Response DefaultHttpResponse(decodeResult: success, version: HTTP/1.1)
HTTP/1.1 200 OK
Content-Type: application/json; charset=utf-8
cache-control: no-cache
content-length: 73560

00:49:27.110 [AsyncHttpClient-1-23] DEBUG org.asynchttpclient.netty.channel.ChannelManager - Adding key: http://localhost:64914 for channel [id: 0xb7c08279, L:/127.0.0.1:50342 - R:localhost/127.0.0.1:64914]
00:49:27.112 [main] DEBUG net.serenitybdd.core.photography.Darkroom - Send negative for processing for target\site\serenity\0c166d7a3bf0f23b5cc1ec6d3b664138375e4d71976003edafc57d29669cfa31.png
00:49:27.112 [main] DEBUG net.thucydides.core.steps.StepInterceptor - STEP DONE: userpage
  &amp#27;[32mWhen &amp#27;[0m&amp#27;[32madmin click user page&amp#27;[0m                        &amp#27;[90m# starter.definitions.UserSteps.adminClickUserPage()&amp#27;[0m
00:49:27.125 [main] DEBUG net.thucydides.core.steps.StepInterceptor - STARTING STEP: UserSteps.adminClickTheRedImageNextToTheAddress - deleteuser
00:49:27.127 [Forwarding findElement on session 33556a31acdf2b8e409b88503b6913df to remote] DEBUG org.asynchttpclient.netty.request.NettyRequestSender - Using pooled Channel '[id: 0xb7c08279, L:/127.0.0.1:50342 - R:localhost/127.0.0.1:64914]' for 'POST' to 'http://localhost:64914/session/33556a31acdf2b8e409b88503b6913df/element'
00:49:27.127 [Forwarding findElement on session 33556a31acdf2b8e409b88503b6913df to remote] DEBUG org.asynchttpclient.netty.request.NettyRequestSender - Using open Channel [id: 0xb7c08279, L:/127.0.0.1:50342 - R:localhost/127.0.0.1:64914] for POST '/session/33556a31acdf2b8e409b88503b6913df/element'
00:49:27.179 [AsyncHttpClient-1-23] DEBUG org.asynchttpclient.netty.handler.HttpHandler - 

Request DefaultHttpRequest(decodeResult: success, version: HTTP/1.1)
POST /session/33556a31acdf2b8e409b88503b6913df/element HTTP/1.1
User-Agent: selenium/4.1.2 (java windows)
Content-Length: 103
Content-Type: application/json; charset=utf-8
host: localhost:64914
accept: */*

Response DefaultHttpResponse(decodeResult: success, version: HTTP/1.1)
HTTP/1.1 200 OK
Content-Type: application/json; charset=utf-8
cache-control: no-cache
content-length: 88

00:49:27.179 [AsyncHttpClient-1-23] DEBUG org.asynchttpclient.netty.channel.ChannelManager - Adding key: http://localhost:64914 for channel [id: 0xb7c08279, L:/127.0.0.1:50342 - R:localhost/127.0.0.1:64914]
00:49:27.180 [Forwarding getElementTagName on session 33556a31acdf2b8e409b88503b6913df to remote] DEBUG org.asynchttpclient.netty.request.NettyRequestSender - Using pooled Channel '[id: 0xb7c08279, L:/127.0.0.1:50342 - R:localhost/127.0.0.1:64914]' for 'GET' to 'http://localhost:64914/session/33556a31acdf2b8e409b88503b6913df/element/224fa51d-b628-45eb-9dfd-ec1470b8f794/name'
00:49:27.180 [Forwarding getElementTagName on session 33556a31acdf2b8e409b88503b6913df to remote] DEBUG org.asynchttpclient.netty.request.NettyRequestSender - Using open Channel [id: 0xb7c08279, L:/127.0.0.1:50342 - R:localhost/127.0.0.1:64914] for GET '/session/33556a31acdf2b8e409b88503b6913df/element/224fa51d-b628-45eb-9dfd-ec1470b8f794/name'
00:49:27.194 [AsyncHttpClient-1-1] DEBUG org.asynchttpclient.netty.channel.DefaultChannelPool - Entry count for : http://localhost:50343 : 1
00:49:27.194 [AsyncHttpClient-1-23] DEBUG org.asynchttpclient.netty.handler.HttpHandler - 

Request DefaultFullHttpRequest(decodeResult: success, version: HTTP/1.1, content: EmptyByteBufBE)
GET /session/33556a31acdf2b8e409b88503b6913df/element/224fa51d-b628-45eb-9dfd-ec1470b8f794/name HTTP/1.1
User-Agent: selenium/4.1.2 (java windows)
Cache-Control: no-cache
Content-Type: application/json; charset=utf-8
host: localhost:64914
accept: */*

Response DefaultHttpResponse(decodeResult: success, version: HTTP/1.1)
HTTP/1.1 200 OK
Content-Type: application/json; charset=utf-8
cache-control: no-cache
content-length: 15

00:49:27.194 [AsyncHttpClient-1-23] DEBUG org.asynchttpclient.netty.channel.ChannelManager - Adding key: http://localhost:64914 for channel [id: 0xb7c08279, L:/127.0.0.1:50342 - R:localhost/127.0.0.1:64914]
00:49:27.195 [Forwarding getElementTagName on session 33556a31acdf2b8e409b88503b6913df to remote] DEBUG org.asynchttpclient.netty.request.NettyRequestSender - Using pooled Channel '[id: 0xb7c08279, L:/127.0.0.1:50342 - R:localhost/127.0.0.1:64914]' for 'GET' to 'http://localhost:64914/session/33556a31acdf2b8e409b88503b6913df/element/224fa51d-b628-45eb-9dfd-ec1470b8f794/name'
00:49:27.195 [Forwarding getElementTagName on session 33556a31acdf2b8e409b88503b6913df to remote] DEBUG org.asynchttpclient.netty.request.NettyRequestSender - Using open Channel [id: 0xb7c08279, L:/127.0.0.1:50342 - R:localhost/127.0.0.1:64914] for GET '/session/33556a31acdf2b8e409b88503b6913df/element/224fa51d-b628-45eb-9dfd-ec1470b8f794/name'
00:49:27.202 [AsyncHttpClient-1-23] DEBUG org.asynchttpclient.netty.handler.HttpHandler - 

Request DefaultFullHttpRequest(decodeResult: success, version: HTTP/1.1, content: EmptyByteBufBE)
GET /session/33556a31acdf2b8e409b88503b6913df/element/224fa51d-b628-45eb-9dfd-ec1470b8f794/name HTTP/1.1
User-Agent: selenium/4.1.2 (java windows)
Cache-Control: no-cache
Content-Type: application/json; charset=utf-8
host: localhost:64914
accept: */*

Response DefaultHttpResponse(decodeResult: success, version: HTTP/1.1)
HTTP/1.1 200 OK
Content-Type: application/json; charset=utf-8
cache-control: no-cache
content-length: 15

00:49:27.202 [AsyncHttpClient-1-23] DEBUG org.asynchttpclient.netty.channel.ChannelManager - Adding key: http://localhost:64914 for channel [id: 0xb7c08279, L:/127.0.0.1:50342 - R:localhost/127.0.0.1:64914]
00:49:27.204 [Forwarding findElement on session 33556a31acdf2b8e409b88503b6913df to remote] DEBUG org.asynchttpclient.netty.request.NettyRequestSender - Using pooled Channel '[id: 0xb7c08279, L:/127.0.0.1:50342 - R:localhost/127.0.0.1:64914]' for 'POST' to 'http://localhost:64914/session/33556a31acdf2b8e409b88503b6913df/element'
00:49:27.204 [Forwarding findElement on session 33556a31acdf2b8e409b88503b6913df to remote] DEBUG org.asynchttpclient.netty.request.NettyRequestSender - Using open Channel [id: 0xb7c08279, L:/127.0.0.1:50342 - R:localhost/127.0.0.1:64914] for POST '/session/33556a31acdf2b8e409b88503b6913df/element'
00:49:27.217 [AsyncHttpClient-1-23] DEBUG org.asynchttpclient.netty.handler.HttpHandler - 

Request DefaultHttpRequest(decodeResult: success, version: HTTP/1.1)
POST /session/33556a31acdf2b8e409b88503b6913df/element HTTP/1.1
User-Agent: selenium/4.1.2 (java windows)
Content-Length: 103
Content-Type: application/json; charset=utf-8
host: localhost:64914
accept: */*

Response DefaultHttpResponse(decodeResult: success, version: HTTP/1.1)
HTTP/1.1 200 OK
Content-Type: application/json; charset=utf-8
cache-control: no-cache
content-length: 88

00:49:27.217 [AsyncHttpClient-1-23] DEBUG org.asynchttpclient.netty.channel.ChannelManager - Adding key: http://localhost:64914 for channel [id: 0xb7c08279, L:/127.0.0.1:50342 - R:localhost/127.0.0.1:64914]
00:49:27.218 [Forwarding clickElement on session 33556a31acdf2b8e409b88503b6913df to remote] DEBUG org.asynchttpclient.netty.request.NettyRequestSender - Using pooled Channel '[id: 0xb7c08279, L:/127.0.0.1:50342 - R:localhost/127.0.0.1:64914]' for 'POST' to 'http://localhost:64914/session/33556a31acdf2b8e409b88503b6913df/element/224fa51d-b628-45eb-9dfd-ec1470b8f794/click'
00:49:27.218 [Forwarding clickElement on session 33556a31acdf2b8e409b88503b6913df to remote] DEBUG org.asynchttpclient.netty.request.NettyRequestSender - Using open Channel [id: 0xb7c08279, L:/127.0.0.1:50342 - R:localhost/127.0.0.1:64914] for POST '/session/33556a31acdf2b8e409b88503b6913df/element/224fa51d-b628-45eb-9dfd-ec1470b8f794/click'
00:49:27.290 [AsyncHttpClient-1-23] DEBUG org.asynchttpclient.netty.handler.HttpHandler - 

Request DefaultHttpRequest(decodeResult: success, version: HTTP/1.1)
POST /session/33556a31acdf2b8e409b88503b6913df/element/224fa51d-b628-45eb-9dfd-ec1470b8f794/click HTTP/1.1
User-Agent: selenium/4.1.2 (java windows)
Content-Length: 50
Content-Type: application/json; charset=utf-8
host: localhost:64914
accept: */*

Response DefaultHttpResponse(decodeResult: success, version: HTTP/1.1)
HTTP/1.1 200 OK
Content-Type: application/json; charset=utf-8
cache-control: no-cache
content-length: 14

00:49:27.290 [AsyncHttpClient-1-23] DEBUG org.asynchttpclient.netty.channel.ChannelManager - Adding key: http://localhost:64914 for channel [id: 0xb7c08279, L:/127.0.0.1:50342 - R:localhost/127.0.0.1:64914]
00:49:27.295 [Forwarding screenshot on session 33556a31acdf2b8e409b88503b6913df to remote] DEBUG org.asynchttpclient.netty.request.NettyRequestSender - Using pooled Channel '[id: 0xb7c08279, L:/127.0.0.1:50342 - R:localhost/127.0.0.1:64914]' for 'GET' to 'http://localhost:64914/session/33556a31acdf2b8e409b88503b6913df/screenshot'
00:49:27.295 [Forwarding screenshot on session 33556a31acdf2b8e409b88503b6913df to remote] DEBUG org.asynchttpclient.netty.request.NettyRequestSender - Using open Channel [id: 0xb7c08279, L:/127.0.0.1:50342 - R:localhost/127.0.0.1:64914] for GET '/session/33556a31acdf2b8e409b88503b6913df/screenshot'
00:49:27.475 [AsyncHttpClient-1-23] DEBUG org.asynchttpclient.netty.handler.HttpHandler - 

Request DefaultFullHttpRequest(decodeResult: success, version: HTTP/1.1, content: EmptyByteBufBE)
GET /session/33556a31acdf2b8e409b88503b6913df/screenshot HTTP/1.1
User-Agent: selenium/4.1.2 (java windows)
Cache-Control: no-cache
Content-Type: application/json; charset=utf-8
host: localhost:64914
accept: */*

Response DefaultHttpResponse(decodeResult: success, version: HTTP/1.1)
HTTP/1.1 200 OK
Content-Type: application/json; charset=utf-8
cache-control: no-cache
content-length: 167420

00:49:27.475 [AsyncHttpClient-1-23] DEBUG org.asynchttpclient.netty.channel.ChannelManager - Adding key: http://localhost:64914 for channel [id: 0xb7c08279, L:/127.0.0.1:50342 - R:localhost/127.0.0.1:64914]
00:49:27.478 [main] DEBUG net.serenitybdd.core.photography.Darkroom - Send negative for processing for target\site\serenity\96353e8ad6bf6853c2ac63ab5699d74ba759649dc3c74729d7a214e3417a45bb.png
00:49:27.478 [main] DEBUG net.thucydides.core.steps.StepInterceptor - STEP DONE: deleteuser
00:49:27.479 [Darkroom Processing Line] DEBUG net.serenitybdd.core.photography.DarkroomProcessingLine - Processing screenshot image in /var/screenshots/screenshot-6159644285476082500
00:49:27.479 [Darkroom Processing Line] DEBUG net.serenitybdd.core.photography.DarkroomProcessingLine - Saving screenshot to target\site\serenity\96353e8ad6bf6853c2ac63ab5699d74ba759649dc3c74729d7a214e3417a45bb.png
00:49:27.482 [main] DEBUG net.thucydides.core.steps.StepInterceptor - STARTING STEP: UserSteps.adminClickTheRedImageNextToTheAddress - deleteyes
00:49:27.484 [Forwarding findElement on session 33556a31acdf2b8e409b88503b6913df to remote] DEBUG org.asynchttpclient.netty.request.NettyRequestSender - Using pooled Channel '[id: 0xb7c08279, L:/127.0.0.1:50342 - R:localhost/127.0.0.1:64914]' for 'POST' to 'http://localhost:64914/session/33556a31acdf2b8e409b88503b6913df/element'
00:49:27.485 [Forwarding findElement on session 33556a31acdf2b8e409b88503b6913df to remote] DEBUG org.asynchttpclient.netty.request.NettyRequestSender - Using open Channel [id: 0xb7c08279, L:/127.0.0.1:50342 - R:localhost/127.0.0.1:64914] for POST '/session/33556a31acdf2b8e409b88503b6913df/element'
00:49:27.498 [AsyncHttpClient-1-23] DEBUG org.asynchttpclient.netty.handler.HttpHandler - 

Request DefaultHttpRequest(decodeResult: success, version: HTTP/1.1)
POST /session/33556a31acdf2b8e409b88503b6913df/element HTTP/1.1
User-Agent: selenium/4.1.2 (java windows)
Content-Length: 92
Content-Type: application/json; charset=utf-8
host: localhost:64914
accept: */*

Response DefaultHttpResponse(decodeResult: success, version: HTTP/1.1)
HTTP/1.1 200 OK
Content-Type: application/json; charset=utf-8
cache-control: no-cache
content-length: 88

00:49:27.499 [AsyncHttpClient-1-23] DEBUG org.asynchttpclient.netty.channel.ChannelManager - Adding key: http://localhost:64914 for channel [id: 0xb7c08279, L:/127.0.0.1:50342 - R:localhost/127.0.0.1:64914]
00:49:27.500 [Forwarding getElementTagName on session 33556a31acdf2b8e409b88503b6913df to remote] DEBUG org.asynchttpclient.netty.request.NettyRequestSender - Using pooled Channel '[id: 0xb7c08279, L:/127.0.0.1:50342 - R:localhost/127.0.0.1:64914]' for 'GET' to 'http://localhost:64914/session/33556a31acdf2b8e409b88503b6913df/element/75bdfdcc-6eed-40ec-b5aa-1df446822c43/name'
00:49:27.500 [Forwarding getElementTagName on session 33556a31acdf2b8e409b88503b6913df to remote] DEBUG org.asynchttpclient.netty.request.NettyRequestSender - Using open Channel [id: 0xb7c08279, L:/127.0.0.1:50342 - R:localhost/127.0.0.1:64914] for GET '/session/33556a31acdf2b8e409b88503b6913df/element/75bdfdcc-6eed-40ec-b5aa-1df446822c43/name'
00:49:27.511 [AsyncHttpClient-1-23] DEBUG org.asynchttpclient.netty.handler.HttpHandler - 

Request DefaultFullHttpRequest(decodeResult: success, version: HTTP/1.1, content: EmptyByteBufBE)
GET /session/33556a31acdf2b8e409b88503b6913df/element/75bdfdcc-6eed-40ec-b5aa-1df446822c43/name HTTP/1.1
User-Agent: selenium/4.1.2 (java windows)
Cache-Control: no-cache
Content-Type: application/json; charset=utf-8
host: localhost:64914
accept: */*

Response DefaultHttpResponse(decodeResult: success, version: HTTP/1.1)
HTTP/1.1 200 OK
Content-Type: application/json; charset=utf-8
cache-control: no-cache
content-length: 18

00:49:27.511 [AsyncHttpClient-1-23] DEBUG org.asynchttpclient.netty.channel.ChannelManager - Adding key: http://localhost:64914 for channel [id: 0xb7c08279, L:/127.0.0.1:50342 - R:localhost/127.0.0.1:64914]
00:49:27.512 [Forwarding getElementTagName on session 33556a31acdf2b8e409b88503b6913df to remote] DEBUG org.asynchttpclient.netty.request.NettyRequestSender - Using pooled Channel '[id: 0xb7c08279, L:/127.0.0.1:50342 - R:localhost/127.0.0.1:64914]' for 'GET' to 'http://localhost:64914/session/33556a31acdf2b8e409b88503b6913df/element/75bdfdcc-6eed-40ec-b5aa-1df446822c43/name'
00:49:27.512 [Forwarding getElementTagName on session 33556a31acdf2b8e409b88503b6913df to remote] DEBUG org.asynchttpclient.netty.request.NettyRequestSender - Using open Channel [id: 0xb7c08279, L:/127.0.0.1:50342 - R:localhost/127.0.0.1:64914] for GET '/session/33556a31acdf2b8e409b88503b6913df/element/75bdfdcc-6eed-40ec-b5aa-1df446822c43/name'
00:49:27.519 [AsyncHttpClient-1-23] DEBUG org.asynchttpclient.netty.handler.HttpHandler - 

Request DefaultFullHttpRequest(decodeResult: success, version: HTTP/1.1, content: EmptyByteBufBE)
GET /session/33556a31acdf2b8e409b88503b6913df/element/75bdfdcc-6eed-40ec-b5aa-1df446822c43/name HTTP/1.1
User-Agent: selenium/4.1.2 (java windows)
Cache-Control: no-cache
Content-Type: application/json; charset=utf-8
host: localhost:64914
accept: */*

Response DefaultHttpResponse(decodeResult: success, version: HTTP/1.1)
HTTP/1.1 200 OK
Content-Type: application/json; charset=utf-8
cache-control: no-cache
content-length: 18

00:49:27.520 [AsyncHttpClient-1-23] DEBUG org.asynchttpclient.netty.channel.ChannelManager - Adding key: http://localhost:64914 for channel [id: 0xb7c08279, L:/127.0.0.1:50342 - R:localhost/127.0.0.1:64914]
00:49:27.521 [Forwarding isElementEnabled on session 33556a31acdf2b8e409b88503b6913df to remote] DEBUG org.asynchttpclient.netty.request.NettyRequestSender - Using pooled Channel '[id: 0xb7c08279, L:/127.0.0.1:50342 - R:localhost/127.0.0.1:64914]' for 'GET' to 'http://localhost:64914/session/33556a31acdf2b8e409b88503b6913df/element/75bdfdcc-6eed-40ec-b5aa-1df446822c43/enabled'
00:49:27.521 [Forwarding isElementEnabled on session 33556a31acdf2b8e409b88503b6913df to remote] DEBUG org.asynchttpclient.netty.request.NettyRequestSender - Using open Channel [id: 0xb7c08279, L:/127.0.0.1:50342 - R:localhost/127.0.0.1:64914] for GET '/session/33556a31acdf2b8e409b88503b6913df/element/75bdfdcc-6eed-40ec-b5aa-1df446822c43/enabled'
00:49:27.537 [AsyncHttpClient-1-23] DEBUG org.asynchttpclient.netty.handler.HttpHandler - 

Request DefaultFullHttpRequest(decodeResult: success, version: HTTP/1.1, content: EmptyByteBufBE)
GET /session/33556a31acdf2b8e409b88503b6913df/element/75bdfdcc-6eed-40ec-b5aa-1df446822c43/enabled HTTP/1.1
User-Agent: selenium/4.1.2 (java windows)
Cache-Control: no-cache
Content-Type: application/json; charset=utf-8
host: localhost:64914
accept: */*

Response DefaultHttpResponse(decodeResult: success, version: HTTP/1.1)
HTTP/1.1 200 OK
Content-Type: application/json; charset=utf-8
cache-control: no-cache
content-length: 14

00:49:27.537 [AsyncHttpClient-1-23] DEBUG org.asynchttpclient.netty.channel.ChannelManager - Adding key: http://localhost:64914 for channel [id: 0xb7c08279, L:/127.0.0.1:50342 - R:localhost/127.0.0.1:64914]
00:49:27.539 [Forwarding isElementEnabled on session 33556a31acdf2b8e409b88503b6913df to remote] DEBUG org.asynchttpclient.netty.request.NettyRequestSender - Using pooled Channel '[id: 0xb7c08279, L:/127.0.0.1:50342 - R:localhost/127.0.0.1:64914]' for 'GET' to 'http://localhost:64914/session/33556a31acdf2b8e409b88503b6913df/element/75bdfdcc-6eed-40ec-b5aa-1df446822c43/enabled'
00:49:27.539 [Forwarding isElementEnabled on session 33556a31acdf2b8e409b88503b6913df to remote] DEBUG org.asynchttpclient.netty.request.NettyRequestSender - Using open Channel [id: 0xb7c08279, L:/127.0.0.1:50342 - R:localhost/127.0.0.1:64914] for GET '/session/33556a31acdf2b8e409b88503b6913df/element/75bdfdcc-6eed-40ec-b5aa-1df446822c43/enabled'
00:49:27.552 [AsyncHttpClient-1-23] DEBUG org.asynchttpclient.netty.handler.HttpHandler - 

Request DefaultFullHttpRequest(decodeResult: success, version: HTTP/1.1, content: EmptyByteBufBE)
GET /session/33556a31acdf2b8e409b88503b6913df/element/75bdfdcc-6eed-40ec-b5aa-1df446822c43/enabled HTTP/1.1
User-Agent: selenium/4.1.2 (java windows)
Cache-Control: no-cache
Content-Type: application/json; charset=utf-8
host: localhost:64914
accept: */*

Response DefaultHttpResponse(decodeResult: success, version: HTTP/1.1)
HTTP/1.1 200 OK
Content-Type: application/json; charset=utf-8
cache-control: no-cache
content-length: 14

00:49:27.552 [AsyncHttpClient-1-23] DEBUG org.asynchttpclient.netty.channel.ChannelManager - Adding key: http://localhost:64914 for channel [id: 0xb7c08279, L:/127.0.0.1:50342 - R:localhost/127.0.0.1:64914]
00:49:27.553 [Forwarding findElement on session 33556a31acdf2b8e409b88503b6913df to remote] DEBUG org.asynchttpclient.netty.request.NettyRequestSender - Using pooled Channel '[id: 0xb7c08279, L:/127.0.0.1:50342 - R:localhost/127.0.0.1:64914]' for 'POST' to 'http://localhost:64914/session/33556a31acdf2b8e409b88503b6913df/element'
00:49:27.553 [Forwarding findElement on session 33556a31acdf2b8e409b88503b6913df to remote] DEBUG org.asynchttpclient.netty.request.NettyRequestSender - Using open Channel [id: 0xb7c08279, L:/127.0.0.1:50342 - R:localhost/127.0.0.1:64914] for POST '/session/33556a31acdf2b8e409b88503b6913df/element'
00:49:27.567 [AsyncHttpClient-1-23] DEBUG org.asynchttpclient.netty.handler.HttpHandler - 

Request DefaultHttpRequest(decodeResult: success, version: HTTP/1.1)
POST /session/33556a31acdf2b8e409b88503b6913df/element HTTP/1.1
User-Agent: selenium/4.1.2 (java windows)
Content-Length: 92
Content-Type: application/json; charset=utf-8
host: localhost:64914
accept: */*

Response DefaultHttpResponse(decodeResult: success, version: HTTP/1.1)
HTTP/1.1 200 OK
Content-Type: application/json; charset=utf-8
cache-control: no-cache
content-length: 88

00:49:27.567 [AsyncHttpClient-1-23] DEBUG org.asynchttpclient.netty.channel.ChannelManager - Adding key: http://localhost:64914 for channel [id: 0xb7c08279, L:/127.0.0.1:50342 - R:localhost/127.0.0.1:64914]
00:49:27.568 [Forwarding clickElement on session 33556a31acdf2b8e409b88503b6913df to remote] DEBUG org.asynchttpclient.netty.request.NettyRequestSender - Using pooled Channel '[id: 0xb7c08279, L:/127.0.0.1:50342 - R:localhost/127.0.0.1:64914]' for 'POST' to 'http://localhost:64914/session/33556a31acdf2b8e409b88503b6913df/element/75bdfdcc-6eed-40ec-b5aa-1df446822c43/click'
00:49:27.569 [Forwarding clickElement on session 33556a31acdf2b8e409b88503b6913df to remote] DEBUG org.asynchttpclient.netty.request.NettyRequestSender - Using open Channel [id: 0xb7c08279, L:/127.0.0.1:50342 - R:localhost/127.0.0.1:64914] for POST '/session/33556a31acdf2b8e409b88503b6913df/element/75bdfdcc-6eed-40ec-b5aa-1df446822c43/click'
00:49:27.657 [AsyncHttpClient-1-23] DEBUG org.asynchttpclient.netty.handler.HttpHandler - 

Request DefaultHttpRequest(decodeResult: success, version: HTTP/1.1)
POST /session/33556a31acdf2b8e409b88503b6913df/element/75bdfdcc-6eed-40ec-b5aa-1df446822c43/click HTTP/1.1
User-Agent: selenium/4.1.2 (java windows)
Content-Length: 50
Content-Type: application/json; charset=utf-8
host: localhost:64914
accept: */*

Response DefaultHttpResponse(decodeResult: success, version: HTTP/1.1)
HTTP/1.1 200 OK
Content-Type: application/json; charset=utf-8
cache-control: no-cache
content-length: 14

00:49:27.657 [AsyncHttpClient-1-23] DEBUG org.asynchttpclient.netty.channel.ChannelManager - Adding key: http://localhost:64914 for channel [id: 0xb7c08279, L:/127.0.0.1:50342 - R:localhost/127.0.0.1:64914]
00:49:27.662 [Forwarding screenshot on session 33556a31acdf2b8e409b88503b6913df to remote] DEBUG org.asynchttpclient.netty.request.NettyRequestSender - Using pooled Channel '[id: 0xb7c08279, L:/127.0.0.1:50342 - R:localhost/127.0.0.1:64914]' for 'GET' to 'http://localhost:64914/session/33556a31acdf2b8e409b88503b6913df/screenshot'
00:49:27.662 [Forwarding screenshot on session 33556a31acdf2b8e409b88503b6913df to remote] DEBUG org.asynchttpclient.netty.request.NettyRequestSender - Using open Channel [id: 0xb7c08279, L:/127.0.0.1:50342 - R:localhost/127.0.0.1:64914] for GET '/session/33556a31acdf2b8e409b88503b6913df/screenshot'
00:49:27.837 [AsyncHttpClient-1-23] DEBUG org.asynchttpclient.netty.handler.HttpHandler - 

Request DefaultFullHttpRequest(decodeResult: success, version: HTTP/1.1, content: EmptyByteBufBE)
GET /session/33556a31acdf2b8e409b88503b6913df/screenshot HTTP/1.1
User-Agent: selenium/4.1.2 (java windows)
Cache-Control: no-cache
Content-Type: application/json; charset=utf-8
host: localhost:64914
accept: */*

Response DefaultHttpResponse(decodeResult: success, version: HTTP/1.1)
HTTP/1.1 200 OK
Content-Type: application/json; charset=utf-8
cache-control: no-cache
content-length: 159092

00:49:27.837 [AsyncHttpClient-1-23] DEBUG org.asynchttpclient.netty.channel.ChannelManager - Adding key: http://localhost:64914 for channel [id: 0xb7c08279, L:/127.0.0.1:50342 - R:localhost/127.0.0.1:64914]
00:49:27.841 [main] DEBUG net.serenitybdd.core.photography.Darkroom - Send negative for processing for target\site\serenity\a4b6a1e298ac5c0ef16e1af4c758619004c78bc6617296a4d07691df1639cd3d.png
00:49:27.841 [main] DEBUG net.thucydides.core.steps.StepInterceptor - STEP DONE: deleteyes
  &amp#27;[32mAnd &amp#27;[0m&amp#27;[32mAdmin click the red image next to the address&amp#27;[0m &amp#27;[90m# starter.definitions.UserSteps.adminClickTheRedImageNextToTheAddress()&amp#27;[0m
00:49:27.842 [Darkroom Processing Line] DEBUG net.serenitybdd.core.photography.DarkroomProcessingLine - Processing screenshot image in /var/screenshots/screenshot-16085583620306405214
00:49:27.842 [Darkroom Processing Line] DEBUG net.serenitybdd.core.photography.DarkroomProcessingLine - Saving screenshot to target\site\serenity\a4b6a1e298ac5c0ef16e1af4c758619004c78bc6617296a4d07691df1639cd3d.png
00:49:27.853 [main] DEBUG net.thucydides.core.steps.StepInterceptor - STARTING STEP: UserSteps.adminSucseesDeleteUser - deleteok
00:49:27.855 [Forwarding findElement on session 33556a31acdf2b8e409b88503b6913df to remote] DEBUG org.asynchttpclient.netty.request.NettyRequestSender - Using pooled Channel '[id: 0xb7c08279, L:/127.0.0.1:50342 - R:localhost/127.0.0.1:64914]' for 'POST' to 'http://localhost:64914/session/33556a31acdf2b8e409b88503b6913df/element'
00:49:27.856 [Forwarding findElement on session 33556a31acdf2b8e409b88503b6913df to remote] DEBUG org.asynchttpclient.netty.request.NettyRequestSender - Using open Channel [id: 0xb7c08279, L:/127.0.0.1:50342 - R:localhost/127.0.0.1:64914] for POST '/session/33556a31acdf2b8e409b88503b6913df/element'
00:49:27.878 [AsyncHttpClient-1-23] DEBUG org.asynchttpclient.netty.handler.HttpHandler - 

Request DefaultHttpRequest(decodeResult: success, version: HTTP/1.1)
POST /session/33556a31acdf2b8e409b88503b6913df/element HTTP/1.1
User-Agent: selenium/4.1.2 (java windows)
Content-Length: 79
Content-Type: application/json; charset=utf-8
host: localhost:64914
accept: */*

Response DefaultHttpResponse(decodeResult: success, version: HTTP/1.1)
HTTP/1.1 200 OK
Content-Type: application/json; charset=utf-8
cache-control: no-cache
content-length: 88

00:49:27.878 [AsyncHttpClient-1-23] DEBUG org.asynchttpclient.netty.channel.ChannelManager - Adding key: http://localhost:64914 for channel [id: 0xb7c08279, L:/127.0.0.1:50342 - R:localhost/127.0.0.1:64914]
00:49:27.879 [Forwarding getElementTagName on session 33556a31acdf2b8e409b88503b6913df to remote] DEBUG org.asynchttpclient.netty.request.NettyRequestSender - Using pooled Channel '[id: 0xb7c08279, L:/127.0.0.1:50342 - R:localhost/127.0.0.1:64914]' for 'GET' to 'http://localhost:64914/session/33556a31acdf2b8e409b88503b6913df/element/3495c61b-2bac-46a8-9203-3a625e3ef1d6/name'
00:49:27.879 [Forwarding getElementTagName on session 33556a31acdf2b8e409b88503b6913df to remote] DEBUG org.asynchttpclient.netty.request.NettyRequestSender - Using open Channel [id: 0xb7c08279, L:/127.0.0.1:50342 - R:localhost/127.0.0.1:64914] for GET '/session/33556a31acdf2b8e409b88503b6913df/element/3495c61b-2bac-46a8-9203-3a625e3ef1d6/name'
00:49:27.889 [AsyncHttpClient-1-23] DEBUG org.asynchttpclient.netty.handler.HttpHandler - 

Request DefaultFullHttpRequest(decodeResult: success, version: HTTP/1.1, content: EmptyByteBufBE)
GET /session/33556a31acdf2b8e409b88503b6913df/element/3495c61b-2bac-46a8-9203-3a625e3ef1d6/name HTTP/1.1
User-Agent: selenium/4.1.2 (java windows)
Cache-Control: no-cache
Content-Type: application/json; charset=utf-8
host: localhost:64914
accept: */*

Response DefaultHttpResponse(decodeResult: success, version: HTTP/1.1)
HTTP/1.1 200 OK
Content-Type: application/json; charset=utf-8
cache-control: no-cache
content-length: 18

00:49:27.890 [AsyncHttpClient-1-23] DEBUG org.asynchttpclient.netty.channel.ChannelManager - Adding key: http://localhost:64914 for channel [id: 0xb7c08279, L:/127.0.0.1:50342 - R:localhost/127.0.0.1:64914]
00:49:27.891 [Forwarding getElementTagName on session 33556a31acdf2b8e409b88503b6913df to remote] DEBUG org.asynchttpclient.netty.request.NettyRequestSender - Using pooled Channel '[id: 0xb7c08279, L:/127.0.0.1:50342 - R:localhost/127.0.0.1:64914]' for 'GET' to 'http://localhost:64914/session/33556a31acdf2b8e409b88503b6913df/element/3495c61b-2bac-46a8-9203-3a625e3ef1d6/name'
00:49:27.891 [Forwarding getElementTagName on session 33556a31acdf2b8e409b88503b6913df to remote] DEBUG org.asynchttpclient.netty.request.NettyRequestSender - Using open Channel [id: 0xb7c08279, L:/127.0.0.1:50342 - R:localhost/127.0.0.1:64914] for GET '/session/33556a31acdf2b8e409b88503b6913df/element/3495c61b-2bac-46a8-9203-3a625e3ef1d6/name'
00:49:27.894 [AsyncHttpClient-1-23] DEBUG org.asynchttpclient.netty.handler.HttpHandler - 

Request DefaultFullHttpRequest(decodeResult: success, version: HTTP/1.1, content: EmptyByteBufBE)
GET /session/33556a31acdf2b8e409b88503b6913df/element/3495c61b-2bac-46a8-9203-3a625e3ef1d6/name HTTP/1.1
User-Agent: selenium/4.1.2 (java windows)
Cache-Control: no-cache
Content-Type: application/json; charset=utf-8
host: localhost:64914
accept: */*

Response DefaultHttpResponse(decodeResult: success, version: HTTP/1.1)
HTTP/1.1 200 OK
Content-Type: application/json; charset=utf-8
cache-control: no-cache
content-length: 18

00:49:27.894 [AsyncHttpClient-1-23] DEBUG org.asynchttpclient.netty.channel.ChannelManager - Adding key: http://localhost:64914 for channel [id: 0xb7c08279, L:/127.0.0.1:50342 - R:localhost/127.0.0.1:64914]
00:49:27.896 [Forwarding isElementEnabled on session 33556a31acdf2b8e409b88503b6913df to remote] DEBUG org.asynchttpclient.netty.request.NettyRequestSender - Using pooled Channel '[id: 0xb7c08279, L:/127.0.0.1:50342 - R:localhost/127.0.0.1:64914]' for 'GET' to 'http://localhost:64914/session/33556a31acdf2b8e409b88503b6913df/element/3495c61b-2bac-46a8-9203-3a625e3ef1d6/enabled'
00:49:27.896 [Forwarding isElementEnabled on session 33556a31acdf2b8e409b88503b6913df to remote] DEBUG org.asynchttpclient.netty.request.NettyRequestSender - Using open Channel [id: 0xb7c08279, L:/127.0.0.1:50342 - R:localhost/127.0.0.1:64914] for GET '/session/33556a31acdf2b8e409b88503b6913df/element/3495c61b-2bac-46a8-9203-3a625e3ef1d6/enabled'
00:49:27.903 [AsyncHttpClient-1-23] DEBUG org.asynchttpclient.netty.handler.HttpHandler - 

Request DefaultFullHttpRequest(decodeResult: success, version: HTTP/1.1, content: EmptyByteBufBE)
GET /session/33556a31acdf2b8e409b88503b6913df/element/3495c61b-2bac-46a8-9203-3a625e3ef1d6/enabled HTTP/1.1
User-Agent: selenium/4.1.2 (java windows)
Cache-Control: no-cache
Content-Type: application/json; charset=utf-8
host: localhost:64914
accept: */*

Response DefaultHttpResponse(decodeResult: success, version: HTTP/1.1)
HTTP/1.1 200 OK
Content-Type: application/json; charset=utf-8
cache-control: no-cache
content-length: 14

00:49:27.903 [AsyncHttpClient-1-23] DEBUG org.asynchttpclient.netty.channel.ChannelManager - Adding key: http://localhost:64914 for channel [id: 0xb7c08279, L:/127.0.0.1:50342 - R:localhost/127.0.0.1:64914]
00:49:27.904 [Forwarding isElementEnabled on session 33556a31acdf2b8e409b88503b6913df to remote] DEBUG org.asynchttpclient.netty.request.NettyRequestSender - Using pooled Channel '[id: 0xb7c08279, L:/127.0.0.1:50342 - R:localhost/127.0.0.1:64914]' for 'GET' to 'http://localhost:64914/session/33556a31acdf2b8e409b88503b6913df/element/3495c61b-2bac-46a8-9203-3a625e3ef1d6/enabled'
00:49:27.904 [Forwarding isElementEnabled on session 33556a31acdf2b8e409b88503b6913df to remote] DEBUG org.asynchttpclient.netty.request.NettyRequestSender - Using open Channel [id: 0xb7c08279, L:/127.0.0.1:50342 - R:localhost/127.0.0.1:64914] for GET '/session/33556a31acdf2b8e409b88503b6913df/element/3495c61b-2bac-46a8-9203-3a625e3ef1d6/enabled'
00:49:27.910 [AsyncHttpClient-1-23] DEBUG org.asynchttpclient.netty.handler.HttpHandler - 

Request DefaultFullHttpRequest(decodeResult: success, version: HTTP/1.1, content: EmptyByteBufBE)
GET /session/33556a31acdf2b8e409b88503b6913df/element/3495c61b-2bac-46a8-9203-3a625e3ef1d6/enabled HTTP/1.1
User-Agent: selenium/4.1.2 (java windows)
Cache-Control: no-cache
Content-Type: application/json; charset=utf-8
host: localhost:64914
accept: */*

Response DefaultHttpResponse(decodeResult: success, version: HTTP/1.1)
HTTP/1.1 200 OK
Content-Type: application/json; charset=utf-8
cache-control: no-cache
content-length: 14

00:49:27.910 [AsyncHttpClient-1-23] DEBUG org.asynchttpclient.netty.channel.ChannelManager - Adding key: http://localhost:64914 for channel [id: 0xb7c08279, L:/127.0.0.1:50342 - R:localhost/127.0.0.1:64914]
00:49:27.912 [Forwarding findElement on session 33556a31acdf2b8e409b88503b6913df to remote] DEBUG org.asynchttpclient.netty.request.NettyRequestSender - Using pooled Channel '[id: 0xb7c08279, L:/127.0.0.1:50342 - R:localhost/127.0.0.1:64914]' for 'POST' to 'http://localhost:64914/session/33556a31acdf2b8e409b88503b6913df/element'
00:49:27.912 [Forwarding findElement on session 33556a31acdf2b8e409b88503b6913df to remote] DEBUG org.asynchttpclient.netty.request.NettyRequestSender - Using open Channel [id: 0xb7c08279, L:/127.0.0.1:50342 - R:localhost/127.0.0.1:64914] for POST '/session/33556a31acdf2b8e409b88503b6913df/element'
00:49:27.918 [AsyncHttpClient-1-23] DEBUG org.asynchttpclient.netty.handler.HttpHandler - 

Request DefaultHttpRequest(decodeResult: success, version: HTTP/1.1)
POST /session/33556a31acdf2b8e409b88503b6913df/element HTTP/1.1
User-Agent: selenium/4.1.2 (java windows)
Content-Length: 79
Content-Type: application/json; charset=utf-8
host: localhost:64914
accept: */*

Response DefaultHttpResponse(decodeResult: success, version: HTTP/1.1)
HTTP/1.1 200 OK
Content-Type: application/json; charset=utf-8
cache-control: no-cache
content-length: 88

00:49:27.918 [AsyncHttpClient-1-23] DEBUG org.asynchttpclient.netty.channel.ChannelManager - Adding key: http://localhost:64914 for channel [id: 0xb7c08279, L:/127.0.0.1:50342 - R:localhost/127.0.0.1:64914]
00:49:27.919 [Forwarding clickElement on session 33556a31acdf2b8e409b88503b6913df to remote] DEBUG org.asynchttpclient.netty.request.NettyRequestSender - Using pooled Channel '[id: 0xb7c08279, L:/127.0.0.1:50342 - R:localhost/127.0.0.1:64914]' for 'POST' to 'http://localhost:64914/session/33556a31acdf2b8e409b88503b6913df/element/3495c61b-2bac-46a8-9203-3a625e3ef1d6/click'
00:49:27.919 [Forwarding clickElement on session 33556a31acdf2b8e409b88503b6913df to remote] DEBUG org.asynchttpclient.netty.request.NettyRequestSender - Using open Channel [id: 0xb7c08279, L:/127.0.0.1:50342 - R:localhost/127.0.0.1:64914] for POST '/session/33556a31acdf2b8e409b88503b6913df/element/3495c61b-2bac-46a8-9203-3a625e3ef1d6/click'
00:49:27.951 [AsyncHttpClient-1-23] DEBUG org.asynchttpclient.netty.handler.HttpHandler - 

Request DefaultHttpRequest(decodeResult: success, version: HTTP/1.1)
POST /session/33556a31acdf2b8e409b88503b6913df/element/3495c61b-2bac-46a8-9203-3a625e3ef1d6/click HTTP/1.1
User-Agent: selenium/4.1.2 (java windows)
Content-Length: 50
Content-Type: application/json; charset=utf-8
host: localhost:64914
accept: */*

Response DefaultHttpResponse(decodeResult: success, version: HTTP/1.1)
HTTP/1.1 200 OK
Content-Type: application/json; charset=utf-8
cache-control: no-cache
content-length: 14

00:49:27.951 [AsyncHttpClient-1-23] DEBUG org.asynchttpclient.netty.channel.ChannelManager - Adding key: http://localhost:64914 for channel [id: 0xb7c08279, L:/127.0.0.1:50342 - R:localhost/127.0.0.1:64914]
00:49:27.956 [Forwarding screenshot on session 33556a31acdf2b8e409b88503b6913df to remote] DEBUG org.asynchttpclient.netty.request.NettyRequestSender - Using pooled Channel '[id: 0xb7c08279, L:/127.0.0.1:50342 - R:localhost/127.0.0.1:64914]' for 'GET' to 'http://localhost:64914/session/33556a31acdf2b8e409b88503b6913df/screenshot'
00:49:27.956 [Forwarding screenshot on session 33556a31acdf2b8e409b88503b6913df to remote] DEBUG org.asynchttpclient.netty.request.NettyRequestSender - Using open Channel [id: 0xb7c08279, L:/127.0.0.1:50342 - R:localhost/127.0.0.1:64914] for GET '/session/33556a31acdf2b8e409b88503b6913df/screenshot'
00:49:28.141 [AsyncHttpClient-1-23] DEBUG org.asynchttpclient.netty.handler.HttpHandler - 

Request DefaultFullHttpRequest(decodeResult: success, version: HTTP/1.1, content: EmptyByteBufBE)
GET /session/33556a31acdf2b8e409b88503b6913df/screenshot HTTP/1.1
User-Agent: selenium/4.1.2 (java windows)
Cache-Control: no-cache
Content-Type: application/json; charset=utf-8
host: localhost:64914
accept: */*

Response DefaultHttpResponse(decodeResult: success, version: HTTP/1.1)
HTTP/1.1 200 OK
Content-Type: application/json; charset=utf-8
cache-control: no-cache
content-length: 177076

00:49:28.142 [AsyncHttpClient-1-23] DEBUG org.asynchttpclient.netty.channel.ChannelManager - Adding key: http://localhost:64914 for channel [id: 0xb7c08279, L:/127.0.0.1:50342 - R:localhost/127.0.0.1:64914]
00:49:28.145 [main] DEBUG net.serenitybdd.core.photography.Darkroom - Send negative for processing for target\site\serenity\e47bc4aee20515c611370e9601e0862d36f8ecf766925dad367a5be5dfa6ecae.png
00:49:28.145 [main] DEBUG net.thucydides.core.steps.StepInterceptor - STEP DONE: deleteok
  &amp#27;[32mThen &amp#27;[0m&amp#27;[32madmin sucsees delete user&amp#27;[0m                    &amp#27;[90m# starter.definitions.UserSteps.adminSucseesDeleteUser()&amp#27;[0m
00:49:28.146 [Darkroom Processing Line] DEBUG net.serenitybdd.core.photography.DarkroomProcessingLine - Processing screenshot image in /var/screenshots/screenshot-2685862594886088836
00:49:28.146 [Darkroom Processing Line] DEBUG net.serenitybdd.core.photography.DarkroomProcessingLine - Saving screenshot to target\site\serenity\e47bc4aee20515c611370e9601e0862d36f8ecf766925dad367a5be5dfa6ecae.png
00:49:28.150 [main] INFO  - 
  _____   ___   ___   _____     ___     _     ___   ___   ___   ___  
 |_   _| | __| / __| |_   _|   | _ \   /_\   / __| / __| | __| |   \ 
   | |   | _|  \__ \   | |     |  _/  / _ \  \__ \ \__ \ | _|  | |) |
   |_|   |___| |___/   |_|     |_|   /_/ \_\ |___/ |___/ |___| |___/ 

admin choose delete user
----------------------------------------------------------------------
00:49:28.151 [AsyncHttpClient-1-25] DEBUG org.asynchttpclient.netty.handler.WebSocketHandler - Channel Closed: [id: 0x91a7ac71, L:/127.0.0.1:50350 ! R:localhost/127.0.0.1:50343] with attribute NettyResponseFuture{currentRetry=5,
	isDone=1,
	isCancelled=0,
	asyncHandler=org.asynchttpclient.ws.WebSocketUpgradeHandler@d2c862f,
	nettyRequest=org.asynchttpclient.netty.request.NettyRequest@71b3a26c,
	future=java.util.concurrent.CompletableFuture@76d41542[Completed normally],
	uri=ws://localhost:50343/devtools/browser/1961f088-1638-4267-b844-dc708e5a3d77,
	keepAlive=true,
	redirectCount=0,
	timeoutsHolder=null,
	inAuth=0,
	touch=1658422160773}
00:49:28.151 [AsyncHttpClient-1-25] DEBUG org.asynchttpclient.netty.channel.ChannelManager - Closing Channel [id: 0x91a7ac71, L:/127.0.0.1:50350 ! R:localhost/127.0.0.1:50343] 
00:49:28.154 [Driver Command Executor] DEBUG org.asynchttpclient.netty.request.NettyRequestSender - Using pooled Channel '[id: 0xb7c08279, L:/127.0.0.1:50342 - R:localhost/127.0.0.1:64914]' for 'DELETE' to 'http://localhost:64914/session/33556a31acdf2b8e409b88503b6913df'
00:49:28.154 [Driver Command Executor] DEBUG org.asynchttpclient.netty.request.NettyRequestSender - Using open Channel [id: 0xb7c08279, L:/127.0.0.1:50342 - R:localhost/127.0.0.1:64914] for DELETE '/session/33556a31acdf2b8e409b88503b6913df'
00:49:28.287 [AsyncHttpClient-1-1] DEBUG org.asynchttpclient.netty.channel.DefaultChannelPool - Entry count for : http://localhost:50343 : 1
00:49:28.645 [AsyncHttpClient-1-24] DEBUG org.asynchttpclient.netty.handler.HttpHandler - Unexpected I/O exception on channel [id: 0x971399bc, L:/127.0.0.1:50349 - R:localhost/127.0.0.1:50343]
java.net.SocketException: Connection reset
	at java.base/sun.nio.ch.SocketChannelImpl.throwConnectionReset(SocketChannelImpl.java:394)
	at java.base/sun.nio.ch.SocketChannelImpl.read(SocketChannelImpl.java:426)
	at io.netty.buffer.PooledByteBuf.setBytes(PooledByteBuf.java:258)
	at io.netty.buffer.AbstractByteBuf.writeBytes(AbstractByteBuf.java:1132)
	at io.netty.channel.socket.nio.NioSocketChannel.doReadBytes(NioSocketChannel.java:350)
	at io.netty.channel.nio.AbstractNioByteChannel$NioByteUnsafe.read(AbstractNioByteChannel.java:151)
	at io.netty.channel.nio.NioEventLoop.processSelectedKey(NioEventLoop.java:722)
	at io.netty.channel.nio.NioEventLoop.processSelectedKeysOptimized(NioEventLoop.java:658)
	at io.netty.channel.nio.NioEventLoop.processSelectedKeys(NioEventLoop.java:584)
	at io.netty.channel.nio.NioEventLoop.run(NioEventLoop.java:496)
	at io.netty.util.concurrent.SingleThreadEventExecutor$4.run(SingleThreadEventExecutor.java:986)
	at io.netty.util.internal.ThreadExecutorMap$2.run(ThreadExecutorMap.java:74)
	at io.netty.util.concurrent.FastThreadLocalRunnable.run(FastThreadLocalRunnable.java:30)
	at java.base/java.lang.Thread.run(Thread.java:833)
00:49:28.645 [AsyncHttpClient-1-24] DEBUG org.asynchttpclient.netty.channel.ChannelManager - Closing Channel [id: 0x971399bc, L:/127.0.0.1:50349 - R:localhost/127.0.0.1:50343] 
00:49:28.645 [AsyncHttpClient-1-24] DEBUG org.asynchttpclient.netty.handler.HttpHandler - Channel Closed: [id: 0x971399bc, L:/127.0.0.1:50349 ! R:localhost/127.0.0.1:50343] with attribute DISCARD
00:49:28.675 [AsyncHttpClient-1-23] DEBUG org.asynchttpclient.netty.handler.HttpHandler - 

Request DefaultFullHttpRequest(decodeResult: success, version: HTTP/1.1, content: EmptyByteBufBE)
DELETE /session/33556a31acdf2b8e409b88503b6913df HTTP/1.1
User-Agent: selenium/4.1.2 (java windows)
Content-Type: application/json; charset=utf-8
host: localhost:64914
accept: */*

Response DefaultHttpResponse(decodeResult: success, version: HTTP/1.1)
HTTP/1.1 200 OK
Content-Type: application/json; charset=utf-8
cache-control: no-cache
content-length: 14

00:49:28.675 [AsyncHttpClient-1-23] DEBUG org.asynchttpclient.netty.channel.ChannelManager - Adding key: http://localhost:64914 for channel [id: 0xb7c08279, L:/127.0.0.1:50342 - R:localhost/127.0.0.1:64914]
00:49:29.385 [AsyncHttpClient-1-1] DEBUG org.asynchttpclient.netty.channel.DefaultChannelPool - Entry count for : http://localhost:50343 : 1
00:49:29.385 [AsyncHttpClient-1-1] DEBUG org.asynchttpclient.netty.channel.DefaultChannelPool - Entry count for : http://localhost:64914 : 1
00:49:29.385 [AsyncHttpClient-1-1] DEBUG org.asynchttpclient.netty.channel.DefaultChannelPool - Adding Candidate expired Channel [id: 0x971399bc, L:/127.0.0.1:50349 ! R:localhost/127.0.0.1:50343] isIdleTimeoutExpired=false isRemotelyClosed=true isTtlExpired=false
00:49:29.385 [AsyncHttpClient-1-1] DEBUG org.asynchttpclient.netty.channel.DefaultChannelPool - Closing Idle Channel [id: 0x971399bc, L:/127.0.0.1:50349 ! R:localhost/127.0.0.1:50343]
00:49:29.385 [AsyncHttpClient-1-1] DEBUG org.asynchttpclient.netty.channel.DefaultChannelPool - Closed 1 connections out of 2 in 0 ms
00:49:29.689 [AsyncHttpClient-1-23] DEBUG org.asynchttpclient.netty.handler.HttpHandler - Unexpected I/O exception on channel [id: 0xb7c08279, L:/127.0.0.1:50342 - R:localhost/127.0.0.1:64914]
java.net.SocketException: Connection reset
	at java.base/sun.nio.ch.SocketChannelImpl.throwConnectionReset(SocketChannelImpl.java:394)
	at java.base/sun.nio.ch.SocketChannelImpl.read(SocketChannelImpl.java:426)
	at io.netty.buffer.PooledByteBuf.setBytes(PooledByteBuf.java:258)
	at io.netty.buffer.AbstractByteBuf.writeBytes(AbstractByteBuf.java:1132)
	at io.netty.channel.socket.nio.NioSocketChannel.doReadBytes(NioSocketChannel.java:350)
	at io.netty.channel.nio.AbstractNioByteChannel$NioByteUnsafe.read(AbstractNioByteChannel.java:151)
	at io.netty.channel.nio.NioEventLoop.processSelectedKey(NioEventLoop.java:722)
	at io.netty.channel.nio.NioEventLoop.processSelectedKeysOptimized(NioEventLoop.java:658)
	at io.netty.channel.nio.NioEventLoop.processSelectedKeys(NioEventLoop.java:584)
	at io.netty.channel.nio.NioEventLoop.run(NioEventLoop.java:496)
	at io.netty.util.concurrent.SingleThreadEventExecutor$4.run(SingleThreadEventExecutor.java:986)
	at io.netty.util.internal.ThreadExecutorMap$2.run(ThreadExecutorMap.java:74)
	at io.netty.util.concurrent.FastThreadLocalRunnable.run(FastThreadLocalRunnable.java:30)
	at java.base/java.lang.Thread.run(Thread.java:833)
00:49:29.689 [AsyncHttpClient-1-23] DEBUG org.asynchttpclient.netty.channel.ChannelManager - Closing Channel [id: 0xb7c08279, L:/127.0.0.1:50342 - R:localhost/127.0.0.1:64914] 
00:49:29.689 [AsyncHttpClient-1-23] DEBUG org.asynchttpclient.netty.handler.HttpHandler - Channel Closed: [id: 0xb7c08279, L:/127.0.0.1:50342 ! R:localhost/127.0.0.1:64914] with attribute DISCARD
]]></system-out>
    <system-err><![CDATA[Starting ChromeDriver 103.0.5060.134 (8ec6fce403b3feb0869b0732eda8bd95011d333c-refs/branch-heads/5060@{#1262}) on port 64914
Only local connections are allowed.
Please see https://chromedriver.chromium.org/security-considerations for suggestions on keeping ChromeDriver safe.
ChromeDriver was started successfully.
Jul 22, 2022 12:49:20 AM org.openqa.selenium.remote.ProtocolHandshake createSession
INFO: Detected dialect: W3C
Jul 22, 2022 12:49:20 AM org.openqa.selenium.devtools.CdpVersionFinder findNearestMatch
WARNING: Unable to find an exact match for CDP version 103, so returning the closest version found: a no-op implementation
Jul 22, 2022 12:49:20 AM org.openqa.selenium.devtools.CdpVersionFinder findNearestMatch
INFO: Unable to find CDP implementation matching 103.
Jul 22, 2022 12:49:20 AM org.openqa.selenium.chromium.ChromiumDriver lambda$new$3
WARNING: Unable to find version of CDP to use for . You may need to include a dependency on a specific version of the CDP using something similar to `org.seleniumhq.selenium:selenium-devtools-v86:4.1.2` where the version ("v86") matches the version of the chromium-based browser you're using and the version number of the artifact is the same as Selenium's.
]]></system-err>
  </testcase>
</testsuite>